<?xml version="1.0" encoding="UTF-8"?>
<testsuite xmlns:xsi="http://www.w3.org/2001/XMLSchema-instance" xsi:noNamespaceSchemaLocation="https://maven.apache.org/surefire/maven-surefire-plugin/xsd/surefire-test-report.xsd" name="feature.TestRunner" time="16.207" tests="1" errors="0" skipped="0" failures="1">
  <properties>
    <property name="java.specification.version" value="20"/>
    <property name="sun.cpu.isalist" value="amd64"/>
    <property name="sun.jnu.encoding" value="Cp1252"/>
    <property name="java.class.path" value="C:\Users\t949697\eclipse-workspace\TempStorageid_API\target\test-classes;C:\Users\t949697\eclipse-workspace\TempStorageid_API\target\classes;C:\Users\t949697\.m2\repository\com\intuit\karate\karate-junit5\1.1.0\karate-junit5-1.1.0.jar;C:\Users\t949697\.m2\repository\com\intuit\karate\karate-core\1.1.0\karate-core-1.1.0.jar;C:\Users\t949697\.m2\repository\org\graalvm\js\js-scriptengine\21.2.0\js-scriptengine-21.2.0.jar;C:\Users\t949697\.m2\repository\org\graalvm\sdk\graal-sdk\21.2.0\graal-sdk-21.2.0.jar;C:\Users\t949697\.m2\repository\org\graalvm\js\js\21.2.0\js-21.2.0.jar;C:\Users\t949697\.m2\repository\org\graalvm\regex\regex\21.2.0\regex-21.2.0.jar;C:\Users\t949697\.m2\repository\org\graalvm\truffle\truffle-api\21.2.0\truffle-api-21.2.0.jar;C:\Users\t949697\.m2\repository\com\ibm\icu\icu4j\69.1\icu4j-69.1.jar;C:\Users\t949697\.m2\repository\ch\qos\logback\logback-classic\1.2.3\logback-classic-1.2.3.jar;C:\Users\t949697\.m2\repository\ch\qos\logback\logback-core\1.2.3\logback-core-1.2.3.jar;C:\Users\t949697\.m2\repository\org\slf4j\jcl-over-slf4j\1.7.25\jcl-over-slf4j-1.7.25.jar;C:\Users\t949697\.m2\repository\com\jayway\jsonpath\json-path\2.6.0\json-path-2.6.0.jar;C:\Users\t949697\.m2\repository\net\minidev\json-smart\2.4.7\json-smart-2.4.7.jar;C:\Users\t949697\.m2\repository\net\minidev\accessors-smart\2.4.7\accessors-smart-2.4.7.jar;C:\Users\t949697\.m2\repository\org\ow2\asm\asm\9.1\asm-9.1.jar;C:\Users\t949697\.m2\repository\info\cukes\cucumber-java\1.2.5\cucumber-java-1.2.5.jar;C:\Users\t949697\.m2\repository\info\cukes\cucumber-core\1.2.5\cucumber-core-1.2.5.jar;C:\Users\t949697\.m2\repository\org\yaml\snakeyaml\1.29\snakeyaml-1.29.jar;C:\Users\t949697\.m2\repository\de\siegmar\fastcsv\2.0.0\fastcsv-2.0.0.jar;C:\Users\t949697\.m2\repository\info\picocli\picocli\4.6.1\picocli-4.6.1.jar;C:\Users\t949697\.m2\repository\org\junit\jupiter\junit-jupiter-api\5.7.2\junit-jupiter-api-5.7.2.jar;C:\Users\t949697\.m2\repository\org\apiguardian\apiguardian-api\1.1.0\apiguardian-api-1.1.0.jar;C:\Users\t949697\.m2\repository\org\opentest4j\opentest4j\1.2.0\opentest4j-1.2.0.jar;C:\Users\t949697\.m2\repository\org\junit\platform\junit-platform-commons\1.7.2\junit-platform-commons-1.7.2.jar;C:\Users\t949697\.m2\repository\org\junit\jupiter\junit-jupiter-engine\5.7.2\junit-jupiter-engine-5.7.2.jar;C:\Users\t949697\.m2\repository\org\junit\platform\junit-platform-engine\1.7.2\junit-platform-engine-1.7.2.jar;C:\Users\t949697\.m2\repository\com\intuit\karate\karate-gatling\1.1.0\karate-gatling-1.1.0.jar;C:\Users\t949697\.m2\repository\io\gatling\highcharts\gatling-charts-highcharts\3.6.0\gatling-charts-highcharts-3.6.0.jar;C:\Users\t949697\.m2\repository\org\scala-lang\scala-library\2.13.6\scala-library-2.13.6.jar;C:\Users\t949697\.m2\repository\io\gatling\gatling-app\3.6.0\gatling-app-3.6.0.jar;C:\Users\t949697\.m2\repository\io\gatling\gatling-core\3.6.0\gatling-core-3.6.0.jar;C:\Users\t949697\.m2\repository\io\gatling\gatling-commons\3.6.0\gatling-commons-3.6.0.jar;C:\Users\t949697\.m2\repository\io\gatling\gatling-commons-shared\3.6.0\gatling-commons-shared-3.6.0.jar;C:\Users\t949697\.m2\repository\org\scala-lang\scala-reflect\2.13.6\scala-reflect-2.13.6.jar;C:\Users\t949697\.m2\repository\io\suzaku\boopickle_2.13\1.3.3\boopickle_2.13-1.3.3.jar;C:\Users\t949697\.m2\repository\io\gatling\gatling-commons-shared-unstable\3.6.0\gatling-commons-shared-unstable-3.6.0.jar;C:\Users\t949697\.m2\repository\org\typelevel\spire-macros_2.13\0.17.0\spire-macros_2.13-0.17.0.jar;C:\Users\t949697\.m2\repository\com\typesafe\scala-logging\scala-logging_2.13\3.9.3\scala-logging_2.13-3.9.3.jar;C:\Users\t949697\.m2\repository\io\gatling\gatling-jsonpath\3.6.0\gatling-jsonpath-3.6.0.jar;C:\Users\t949697\.m2\repository\com\typesafe\akka\akka-slf4j_2.13\2.6.14\akka-slf4j_2.13-2.6.14.jar;C:\Users\t949697\.m2\repository\org\simpleflatmapper\lightning-csv\8.2.3\lightning-csv-8.2.3.jar;C:\Users\t949697\.m2\repository\org\simpleflatmapper\sfm-util\8.2.3\sfm-util-8.2.3.jar;C:\Users\t949697\.m2\repository\com\github\ben-manes\caffeine\caffeine\2.9.1\caffeine-2.9.1.jar;C:\Users\t949697\.m2\repository\io\pebbletemplates\pebble\3.1.5\pebble-3.1.5.jar;C:\Users\t949697\.m2\repository\org\unbescape\unbescape\1.1.6.RELEASE\unbescape-1.1.6.RELEASE.jar;C:\Users\t949697\.m2\repository\org\scala-lang\modules\scala-parser-combinators_2.13\2.0.0\scala-parser-combinators_2.13-2.0.0.jar;C:\Users\t949697\.m2\repository\com\github\scopt\scopt_2.13\3.7.1\scopt_2.13-3.7.1.jar;C:\Users\t949697\.m2\repository\io\netty\netty-handler\4.1.64.Final\netty-handler-4.1.64.Final.jar;C:\Users\t949697\.m2\repository\io\netty\netty-common\4.1.64.Final\netty-common-4.1.64.Final.jar;C:\Users\t949697\.m2\repository\io\netty\netty-resolver\4.1.64.Final\netty-resolver-4.1.64.Final.jar;C:\Users\t949697\.m2\repository\io\netty\netty-buffer\4.1.64.Final\netty-buffer-4.1.64.Final.jar;C:\Users\t949697\.m2\repository\io\netty\netty-transport\4.1.64.Final\netty-transport-4.1.64.Final.jar;C:\Users\t949697\.m2\repository\io\netty\netty-codec\4.1.64.Final\netty-codec-4.1.64.Final.jar;C:\Users\t949697\.m2\repository\com\softwaremill\quicklens\quicklens_2.13\1.7.2\quicklens_2.13-1.7.2.jar;C:\Users\t949697\.m2\repository\net\sf\saxon\Saxon-HE\10.5\Saxon-HE-10.5.jar;C:\Users\t949697\.m2\repository\org\jodd\jodd-lagarto\6.0.5\jodd-lagarto-6.0.5.jar;C:\Users\t949697\.m2\repository\org\jodd\jodd-util\6.0.1\jodd-util-6.0.1.jar;C:\Users\t949697\.m2\repository\io\burt\jmespath-jackson\0.5.0\jmespath-jackson-0.5.0.jar;C:\Users\t949697\.m2\repository\io\burt\jmespath-core\0.5.0\jmespath-core-0.5.0.jar;C:\Users\t949697\.m2\repository\io\gatling\gatling-http\3.6.0\gatling-http-3.6.0.jar;C:\Users\t949697\.m2\repository\io\gatling\gatling-http-client\3.6.0\gatling-http-client-3.6.0.jar;C:\Users\t949697\.m2\repository\io\gatling\gatling-netty-util\3.6.0\gatling-netty-util-3.6.0.jar;C:\Users\t949697\.m2\repository\io\netty\netty-handler-proxy\4.1.64.Final\netty-handler-proxy-4.1.64.Final.jar;C:\Users\t949697\.m2\repository\io\netty\netty-codec-socks\4.1.64.Final\netty-codec-socks-4.1.64.Final.jar;C:\Users\t949697\.m2\repository\io\netty\netty-resolver-dns\4.1.64.Final\netty-resolver-dns-4.1.64.Final.jar;C:\Users\t949697\.m2\repository\io\netty\netty-codec-dns\4.1.64.Final\netty-codec-dns-4.1.64.Final.jar;C:\Users\t949697\.m2\repository\io\netty\netty-transport-native-epoll\4.1.64.Final\netty-transport-native-epoll-4.1.64.Final-linux-x86_64.jar;C:\Users\t949697\.m2\repository\io\netty\netty-transport-native-unix-common\4.1.64.Final\netty-transport-native-unix-common-4.1.64.Final.jar;C:\Users\t949697\.m2\repository\io\netty\netty-codec-http2\4.1.64.Final\netty-codec-http2-4.1.64.Final.jar;C:\Users\t949697\.m2\repository\io\netty\netty-tcnative-boringssl-static\2.0.39.Final\netty-tcnative-boringssl-static-2.0.39.Final.jar;C:\Users\t949697\.m2\repository\com\aayushatharva\brotli4j\brotli4j\1.4.2\brotli4j-1.4.2.jar;C:\Users\t949697\.m2\repository\com\aayushatharva\brotli4j\native-linux-x86_64\1.4.2\native-linux-x86_64-1.4.2.jar;C:\Users\t949697\.m2\repository\com\aayushatharva\brotli4j\native-linux-aarch64\1.4.2\native-linux-aarch64-1.4.2.jar;C:\Users\t949697\.m2\repository\com\aayushatharva\brotli4j\native-osx-x86_64\1.4.2\native-osx-x86_64-1.4.2.jar;C:\Users\t949697\.m2\repository\com\aayushatharva\brotli4j\native-windows-x86_64\1.4.2\native-windows-x86_64-1.4.2.jar;C:\Users\t949697\.m2\repository\io\gatling\gatling-jms\3.6.0\gatling-jms-3.6.0.jar;C:\Users\t949697\.m2\repository\javax\jms\javax.jms-api\2.0.1\javax.jms-api-2.0.1.jar;C:\Users\t949697\.m2\repository\com\eatthepath\fast-uuid\0.1\fast-uuid-0.1.jar;C:\Users\t949697\.m2\repository\io\gatling\gatling-jdbc\3.6.0\gatling-jdbc-3.6.0.jar;C:\Users\t949697\.m2\repository\io\gatling\gatling-redis\3.6.0\gatling-redis-3.6.0.jar;C:\Users\t949697\.m2\repository\net\debasishg\redisclient_2.13\3.30\redisclient_2.13-3.30.jar;C:\Users\t949697\.m2\repository\org\apache\commons\commons-pool2\2.8.0\commons-pool2-2.8.0.jar;C:\Users\t949697\.m2\repository\io\gatling\gatling-graphite\3.6.0\gatling-graphite-3.6.0.jar;C:\Users\t949697\.m2\repository\org\hdrhistogram\HdrHistogram\2.1.12\HdrHistogram-2.1.12.jar;C:\Users\t949697\.m2\repository\io\gatling\gatling-charts\3.6.0\gatling-charts-3.6.0.jar;C:\Users\t949697\.m2\repository\com\tdunning\t-digest\3.1\t-digest-3.1.jar;C:\Users\t949697\.m2\repository\io\gatling\gatling-recorder\3.6.0\gatling-recorder-3.6.0.jar;C:\Users\t949697\.m2\repository\org\scala-lang\modules\scala-swing_2.13\3.0.0\scala-swing_2.13-3.0.0.jar;C:\Users\t949697\.m2\repository\org\bouncycastle\bcpkix-jdk15on\1.68\bcpkix-jdk15on-1.68.jar;C:\Users\t949697\.m2\repository\org\bouncycastle\bcprov-jdk15on\1.68\bcprov-jdk15on-1.68.jar;C:\Users\t949697\.m2\repository\com\typesafe\akka\akka-actor_2.13\2.6.14\akka-actor_2.13-2.6.14.jar;C:\Users\t949697\.m2\repository\com\typesafe\config\1.4.0\config-1.4.0.jar;C:\Users\t949697\.m2\repository\org\scala-lang\modules\scala-java8-compat_2.13\0.9.0\scala-java8-compat_2.13-0.9.0.jar;C:\Users\t949697\.m2\repository\net\masterthought\cucumber-reporting\5.6.0\cucumber-reporting-5.6.0.jar;C:\Users\t949697\.m2\repository\com\fasterxml\jackson\core\jackson-databind\2.12.1\jackson-databind-2.12.1.jar;C:\Users\t949697\.m2\repository\com\fasterxml\jackson\core\jackson-annotations\2.12.1\jackson-annotations-2.12.1.jar;C:\Users\t949697\.m2\repository\com\fasterxml\jackson\core\jackson-core\2.12.1\jackson-core-2.12.1.jar;C:\Users\t949697\.m2\repository\com\fasterxml\jackson\datatype\jackson-datatype-jsr310\2.12.1\jackson-datatype-jsr310-2.12.1.jar;C:\Users\t949697\.m2\repository\org\apache\velocity\velocity-engine-core\2.3\velocity-engine-core-2.3.jar;C:\Users\t949697\.m2\repository\org\slf4j\slf4j-api\1.7.30\slf4j-api-1.7.30.jar;C:\Users\t949697\.m2\repository\commons-collections\commons-collections\3.2.2\commons-collections-3.2.2.jar;C:\Users\t949697\.m2\repository\joda-time\joda-time\2.10.10\joda-time-2.10.10.jar;C:\Users\t949697\.m2\repository\org\apache\commons\commons-lang3\3.12.0\commons-lang3-3.12.0.jar;C:\Users\t949697\.m2\repository\commons-io\commons-io\2.7\commons-io-2.7.jar;C:\Users\t949697\.m2\repository\org\codehaus\plexus\plexus-utils\3.3.0\plexus-utils-3.3.0.jar;C:\Users\t949697\.m2\repository\org\jsoup\jsoup\1.14.2\jsoup-1.14.2.jar;C:\Users\t949697\.m2\repository\com\google\guava\guava\30.1.1-jre\guava-30.1.1-jre.jar;C:\Users\t949697\.m2\repository\com\google\guava\failureaccess\1.0.1\failureaccess-1.0.1.jar;C:\Users\t949697\.m2\repository\com\google\guava\listenablefuture\9999.0-empty-to-avoid-conflict-with-guava\listenablefuture-9999.0-empty-to-avoid-conflict-with-guava.jar;C:\Users\t949697\.m2\repository\com\google\code\findbugs\jsr305\3.0.2\jsr305-3.0.2.jar;C:\Users\t949697\.m2\repository\org\checkerframework\checker-qual\3.8.0\checker-qual-3.8.0.jar;C:\Users\t949697\.m2\repository\com\google\errorprone\error_prone_annotations\2.5.1\error_prone_annotations-2.5.1.jar;C:\Users\t949697\.m2\repository\com\google\j2objc\j2objc-annotations\1.3\j2objc-annotations-1.3.jar;C:\Users\t949697\.m2\repository\com\googlecode\owasp-java-html-sanitizer\owasp-java-html-sanitizer\20200713.1\owasp-java-html-sanitizer-20200713.1.jar;C:\Users\t949697\.m2\repository\commons-configuration\commons-configuration\1.10\commons-configuration-1.10.jar;C:\Users\t949697\.m2\repository\commons-lang\commons-lang\2.6\commons-lang-2.6.jar;C:\Users\t949697\.m2\repository\commons-logging\commons-logging\1.1.1\commons-logging-1.1.1.jar;"/>
    <property name="java.vm.vendor" value="Oracle Corporation"/>
    <property name="sun.arch.data.model" value="64"/>
    <property name="karate.env" value="it01"/>
    <property name="user.variant" value=""/>
    <property name="java.vendor.url" value="https://java.oracle.com/"/>
    <property name="user.timezone" value="America/Toronto"/>
    <property name="os.name" value="Windows 10"/>
    <property name="java.vm.specification.version" value="20"/>
    <property name="clientSecret" value="3ad8873a-4723-46ba-9989-afaec288f5d104c2d7ff-9d6b-48c1-a9ff-6502d4808fee"/>
    <property name="sun.java.launcher" value="SUN_STANDARD"/>
    <property name="user.country" value="US"/>
    <property name="sun.boot.library.path" value="C:\Program Files\Java\jdk-20\bin"/>
    <property name="sun.java.command" value="C:\Users\t949697\AppData\Local\Temp\surefire3518765644020333957\surefirebooter54194440509670636.jar C:\Users\t949697\AppData\Local\Temp\surefire3518765644020333957 2024-08-09T13-04-44_109-jvmRun1 surefire2188669873726990199tmp surefire_013711083941126407501tmp"/>
    <property name="jdk.debug" value="release"/>
    <property name="surefire.test.class.path" value="C:\Users\t949697\eclipse-workspace\TempStorageid_API\target\test-classes;C:\Users\t949697\eclipse-workspace\TempStorageid_API\target\classes;C:\Users\t949697\.m2\repository\com\intuit\karate\karate-junit5\1.1.0\karate-junit5-1.1.0.jar;C:\Users\t949697\.m2\repository\com\intuit\karate\karate-core\1.1.0\karate-core-1.1.0.jar;C:\Users\t949697\.m2\repository\org\graalvm\js\js-scriptengine\21.2.0\js-scriptengine-21.2.0.jar;C:\Users\t949697\.m2\repository\org\graalvm\sdk\graal-sdk\21.2.0\graal-sdk-21.2.0.jar;C:\Users\t949697\.m2\repository\org\graalvm\js\js\21.2.0\js-21.2.0.jar;C:\Users\t949697\.m2\repository\org\graalvm\regex\regex\21.2.0\regex-21.2.0.jar;C:\Users\t949697\.m2\repository\org\graalvm\truffle\truffle-api\21.2.0\truffle-api-21.2.0.jar;C:\Users\t949697\.m2\repository\com\ibm\icu\icu4j\69.1\icu4j-69.1.jar;C:\Users\t949697\.m2\repository\ch\qos\logback\logback-classic\1.2.3\logback-classic-1.2.3.jar;C:\Users\t949697\.m2\repository\ch\qos\logback\logback-core\1.2.3\logback-core-1.2.3.jar;C:\Users\t949697\.m2\repository\org\slf4j\jcl-over-slf4j\1.7.25\jcl-over-slf4j-1.7.25.jar;C:\Users\t949697\.m2\repository\com\jayway\jsonpath\json-path\2.6.0\json-path-2.6.0.jar;C:\Users\t949697\.m2\repository\net\minidev\json-smart\2.4.7\json-smart-2.4.7.jar;C:\Users\t949697\.m2\repository\net\minidev\accessors-smart\2.4.7\accessors-smart-2.4.7.jar;C:\Users\t949697\.m2\repository\org\ow2\asm\asm\9.1\asm-9.1.jar;C:\Users\t949697\.m2\repository\info\cukes\cucumber-java\1.2.5\cucumber-java-1.2.5.jar;C:\Users\t949697\.m2\repository\info\cukes\cucumber-core\1.2.5\cucumber-core-1.2.5.jar;C:\Users\t949697\.m2\repository\org\yaml\snakeyaml\1.29\snakeyaml-1.29.jar;C:\Users\t949697\.m2\repository\de\siegmar\fastcsv\2.0.0\fastcsv-2.0.0.jar;C:\Users\t949697\.m2\repository\info\picocli\picocli\4.6.1\picocli-4.6.1.jar;C:\Users\t949697\.m2\repository\org\junit\jupiter\junit-jupiter-api\5.7.2\junit-jupiter-api-5.7.2.jar;C:\Users\t949697\.m2\repository\org\apiguardian\apiguardian-api\1.1.0\apiguardian-api-1.1.0.jar;C:\Users\t949697\.m2\repository\org\opentest4j\opentest4j\1.2.0\opentest4j-1.2.0.jar;C:\Users\t949697\.m2\repository\org\junit\platform\junit-platform-commons\1.7.2\junit-platform-commons-1.7.2.jar;C:\Users\t949697\.m2\repository\org\junit\jupiter\junit-jupiter-engine\5.7.2\junit-jupiter-engine-5.7.2.jar;C:\Users\t949697\.m2\repository\org\junit\platform\junit-platform-engine\1.7.2\junit-platform-engine-1.7.2.jar;C:\Users\t949697\.m2\repository\com\intuit\karate\karate-gatling\1.1.0\karate-gatling-1.1.0.jar;C:\Users\t949697\.m2\repository\io\gatling\highcharts\gatling-charts-highcharts\3.6.0\gatling-charts-highcharts-3.6.0.jar;C:\Users\t949697\.m2\repository\org\scala-lang\scala-library\2.13.6\scala-library-2.13.6.jar;C:\Users\t949697\.m2\repository\io\gatling\gatling-app\3.6.0\gatling-app-3.6.0.jar;C:\Users\t949697\.m2\repository\io\gatling\gatling-core\3.6.0\gatling-core-3.6.0.jar;C:\Users\t949697\.m2\repository\io\gatling\gatling-commons\3.6.0\gatling-commons-3.6.0.jar;C:\Users\t949697\.m2\repository\io\gatling\gatling-commons-shared\3.6.0\gatling-commons-shared-3.6.0.jar;C:\Users\t949697\.m2\repository\org\scala-lang\scala-reflect\2.13.6\scala-reflect-2.13.6.jar;C:\Users\t949697\.m2\repository\io\suzaku\boopickle_2.13\1.3.3\boopickle_2.13-1.3.3.jar;C:\Users\t949697\.m2\repository\io\gatling\gatling-commons-shared-unstable\3.6.0\gatling-commons-shared-unstable-3.6.0.jar;C:\Users\t949697\.m2\repository\org\typelevel\spire-macros_2.13\0.17.0\spire-macros_2.13-0.17.0.jar;C:\Users\t949697\.m2\repository\com\typesafe\scala-logging\scala-logging_2.13\3.9.3\scala-logging_2.13-3.9.3.jar;C:\Users\t949697\.m2\repository\io\gatling\gatling-jsonpath\3.6.0\gatling-jsonpath-3.6.0.jar;C:\Users\t949697\.m2\repository\com\typesafe\akka\akka-slf4j_2.13\2.6.14\akka-slf4j_2.13-2.6.14.jar;C:\Users\t949697\.m2\repository\org\simpleflatmapper\lightning-csv\8.2.3\lightning-csv-8.2.3.jar;C:\Users\t949697\.m2\repository\org\simpleflatmapper\sfm-util\8.2.3\sfm-util-8.2.3.jar;C:\Users\t949697\.m2\repository\com\github\ben-manes\caffeine\caffeine\2.9.1\caffeine-2.9.1.jar;C:\Users\t949697\.m2\repository\io\pebbletemplates\pebble\3.1.5\pebble-3.1.5.jar;C:\Users\t949697\.m2\repository\org\unbescape\unbescape\1.1.6.RELEASE\unbescape-1.1.6.RELEASE.jar;C:\Users\t949697\.m2\repository\org\scala-lang\modules\scala-parser-combinators_2.13\2.0.0\scala-parser-combinators_2.13-2.0.0.jar;C:\Users\t949697\.m2\repository\com\github\scopt\scopt_2.13\3.7.1\scopt_2.13-3.7.1.jar;C:\Users\t949697\.m2\repository\io\netty\netty-handler\4.1.64.Final\netty-handler-4.1.64.Final.jar;C:\Users\t949697\.m2\repository\io\netty\netty-common\4.1.64.Final\netty-common-4.1.64.Final.jar;C:\Users\t949697\.m2\repository\io\netty\netty-resolver\4.1.64.Final\netty-resolver-4.1.64.Final.jar;C:\Users\t949697\.m2\repository\io\netty\netty-buffer\4.1.64.Final\netty-buffer-4.1.64.Final.jar;C:\Users\t949697\.m2\repository\io\netty\netty-transport\4.1.64.Final\netty-transport-4.1.64.Final.jar;C:\Users\t949697\.m2\repository\io\netty\netty-codec\4.1.64.Final\netty-codec-4.1.64.Final.jar;C:\Users\t949697\.m2\repository\com\softwaremill\quicklens\quicklens_2.13\1.7.2\quicklens_2.13-1.7.2.jar;C:\Users\t949697\.m2\repository\net\sf\saxon\Saxon-HE\10.5\Saxon-HE-10.5.jar;C:\Users\t949697\.m2\repository\org\jodd\jodd-lagarto\6.0.5\jodd-lagarto-6.0.5.jar;C:\Users\t949697\.m2\repository\org\jodd\jodd-util\6.0.1\jodd-util-6.0.1.jar;C:\Users\t949697\.m2\repository\io\burt\jmespath-jackson\0.5.0\jmespath-jackson-0.5.0.jar;C:\Users\t949697\.m2\repository\io\burt\jmespath-core\0.5.0\jmespath-core-0.5.0.jar;C:\Users\t949697\.m2\repository\io\gatling\gatling-http\3.6.0\gatling-http-3.6.0.jar;C:\Users\t949697\.m2\repository\io\gatling\gatling-http-client\3.6.0\gatling-http-client-3.6.0.jar;C:\Users\t949697\.m2\repository\io\gatling\gatling-netty-util\3.6.0\gatling-netty-util-3.6.0.jar;C:\Users\t949697\.m2\repository\io\netty\netty-handler-proxy\4.1.64.Final\netty-handler-proxy-4.1.64.Final.jar;C:\Users\t949697\.m2\repository\io\netty\netty-codec-socks\4.1.64.Final\netty-codec-socks-4.1.64.Final.jar;C:\Users\t949697\.m2\repository\io\netty\netty-resolver-dns\4.1.64.Final\netty-resolver-dns-4.1.64.Final.jar;C:\Users\t949697\.m2\repository\io\netty\netty-codec-dns\4.1.64.Final\netty-codec-dns-4.1.64.Final.jar;C:\Users\t949697\.m2\repository\io\netty\netty-transport-native-epoll\4.1.64.Final\netty-transport-native-epoll-4.1.64.Final-linux-x86_64.jar;C:\Users\t949697\.m2\repository\io\netty\netty-transport-native-unix-common\4.1.64.Final\netty-transport-native-unix-common-4.1.64.Final.jar;C:\Users\t949697\.m2\repository\io\netty\netty-codec-http2\4.1.64.Final\netty-codec-http2-4.1.64.Final.jar;C:\Users\t949697\.m2\repository\io\netty\netty-tcnative-boringssl-static\2.0.39.Final\netty-tcnative-boringssl-static-2.0.39.Final.jar;C:\Users\t949697\.m2\repository\com\aayushatharva\brotli4j\brotli4j\1.4.2\brotli4j-1.4.2.jar;C:\Users\t949697\.m2\repository\com\aayushatharva\brotli4j\native-linux-x86_64\1.4.2\native-linux-x86_64-1.4.2.jar;C:\Users\t949697\.m2\repository\com\aayushatharva\brotli4j\native-linux-aarch64\1.4.2\native-linux-aarch64-1.4.2.jar;C:\Users\t949697\.m2\repository\com\aayushatharva\brotli4j\native-osx-x86_64\1.4.2\native-osx-x86_64-1.4.2.jar;C:\Users\t949697\.m2\repository\com\aayushatharva\brotli4j\native-windows-x86_64\1.4.2\native-windows-x86_64-1.4.2.jar;C:\Users\t949697\.m2\repository\io\gatling\gatling-jms\3.6.0\gatling-jms-3.6.0.jar;C:\Users\t949697\.m2\repository\javax\jms\javax.jms-api\2.0.1\javax.jms-api-2.0.1.jar;C:\Users\t949697\.m2\repository\com\eatthepath\fast-uuid\0.1\fast-uuid-0.1.jar;C:\Users\t949697\.m2\repository\io\gatling\gatling-jdbc\3.6.0\gatling-jdbc-3.6.0.jar;C:\Users\t949697\.m2\repository\io\gatling\gatling-redis\3.6.0\gatling-redis-3.6.0.jar;C:\Users\t949697\.m2\repository\net\debasishg\redisclient_2.13\3.30\redisclient_2.13-3.30.jar;C:\Users\t949697\.m2\repository\org\apache\commons\commons-pool2\2.8.0\commons-pool2-2.8.0.jar;C:\Users\t949697\.m2\repository\io\gatling\gatling-graphite\3.6.0\gatling-graphite-3.6.0.jar;C:\Users\t949697\.m2\repository\org\hdrhistogram\HdrHistogram\2.1.12\HdrHistogram-2.1.12.jar;C:\Users\t949697\.m2\repository\io\gatling\gatling-charts\3.6.0\gatling-charts-3.6.0.jar;C:\Users\t949697\.m2\repository\com\tdunning\t-digest\3.1\t-digest-3.1.jar;C:\Users\t949697\.m2\repository\io\gatling\gatling-recorder\3.6.0\gatling-recorder-3.6.0.jar;C:\Users\t949697\.m2\repository\org\scala-lang\modules\scala-swing_2.13\3.0.0\scala-swing_2.13-3.0.0.jar;C:\Users\t949697\.m2\repository\org\bouncycastle\bcpkix-jdk15on\1.68\bcpkix-jdk15on-1.68.jar;C:\Users\t949697\.m2\repository\org\bouncycastle\bcprov-jdk15on\1.68\bcprov-jdk15on-1.68.jar;C:\Users\t949697\.m2\repository\com\typesafe\akka\akka-actor_2.13\2.6.14\akka-actor_2.13-2.6.14.jar;C:\Users\t949697\.m2\repository\com\typesafe\config\1.4.0\config-1.4.0.jar;C:\Users\t949697\.m2\repository\org\scala-lang\modules\scala-java8-compat_2.13\0.9.0\scala-java8-compat_2.13-0.9.0.jar;C:\Users\t949697\.m2\repository\net\masterthought\cucumber-reporting\5.6.0\cucumber-reporting-5.6.0.jar;C:\Users\t949697\.m2\repository\com\fasterxml\jackson\core\jackson-databind\2.12.1\jackson-databind-2.12.1.jar;C:\Users\t949697\.m2\repository\com\fasterxml\jackson\core\jackson-annotations\2.12.1\jackson-annotations-2.12.1.jar;C:\Users\t949697\.m2\repository\com\fasterxml\jackson\core\jackson-core\2.12.1\jackson-core-2.12.1.jar;C:\Users\t949697\.m2\repository\com\fasterxml\jackson\datatype\jackson-datatype-jsr310\2.12.1\jackson-datatype-jsr310-2.12.1.jar;C:\Users\t949697\.m2\repository\org\apache\velocity\velocity-engine-core\2.3\velocity-engine-core-2.3.jar;C:\Users\t949697\.m2\repository\org\slf4j\slf4j-api\1.7.30\slf4j-api-1.7.30.jar;C:\Users\t949697\.m2\repository\commons-collections\commons-collections\3.2.2\commons-collections-3.2.2.jar;C:\Users\t949697\.m2\repository\joda-time\joda-time\2.10.10\joda-time-2.10.10.jar;C:\Users\t949697\.m2\repository\org\apache\commons\commons-lang3\3.12.0\commons-lang3-3.12.0.jar;C:\Users\t949697\.m2\repository\commons-io\commons-io\2.7\commons-io-2.7.jar;C:\Users\t949697\.m2\repository\org\codehaus\plexus\plexus-utils\3.3.0\plexus-utils-3.3.0.jar;C:\Users\t949697\.m2\repository\org\jsoup\jsoup\1.14.2\jsoup-1.14.2.jar;C:\Users\t949697\.m2\repository\com\google\guava\guava\30.1.1-jre\guava-30.1.1-jre.jar;C:\Users\t949697\.m2\repository\com\google\guava\failureaccess\1.0.1\failureaccess-1.0.1.jar;C:\Users\t949697\.m2\repository\com\google\guava\listenablefuture\9999.0-empty-to-avoid-conflict-with-guava\listenablefuture-9999.0-empty-to-avoid-conflict-with-guava.jar;C:\Users\t949697\.m2\repository\com\google\code\findbugs\jsr305\3.0.2\jsr305-3.0.2.jar;C:\Users\t949697\.m2\repository\org\checkerframework\checker-qual\3.8.0\checker-qual-3.8.0.jar;C:\Users\t949697\.m2\repository\com\google\errorprone\error_prone_annotations\2.5.1\error_prone_annotations-2.5.1.jar;C:\Users\t949697\.m2\repository\com\google\j2objc\j2objc-annotations\1.3\j2objc-annotations-1.3.jar;C:\Users\t949697\.m2\repository\com\googlecode\owasp-java-html-sanitizer\owasp-java-html-sanitizer\20200713.1\owasp-java-html-sanitizer-20200713.1.jar;C:\Users\t949697\.m2\repository\commons-configuration\commons-configuration\1.10\commons-configuration-1.10.jar;C:\Users\t949697\.m2\repository\commons-lang\commons-lang\2.6\commons-lang-2.6.jar;C:\Users\t949697\.m2\repository\commons-logging\commons-logging\1.1.1\commons-logging-1.1.1.jar;"/>
    <property name="sun.cpu.endian" value="little"/>
    <property name="user.home" value="C:\Users\t949697"/>
    <property name="user.language" value="en"/>
    <property name="java.specification.vendor" value="Oracle Corporation"/>
    <property name="java.version.date" value="2023-07-18"/>
    <property name="java.home" value="C:\Program Files\Java\jdk-20"/>
    <property name="file.separator" value="\"/>
    <property name="basedir" value="C:\Users\t949697\eclipse-workspace\TempStorageid_API"/>
    <property name="java.vm.compressedOopsMode" value="Zero based"/>
    <property name="line.separator" value="&#10;"/>
    <property name="java.vm.specification.vendor" value="Oracle Corporation"/>
    <property name="java.specification.name" value="Java Platform API Specification"/>
    <property name="surefire.real.class.path" value="C:\Users\t949697\AppData\Local\Temp\surefire3518765644020333957\surefirebooter54194440509670636.jar"/>
    <property name="user.script" value=""/>
    <property name="sun.management.compiler" value="HotSpot 64-Bit Tiered Compilers"/>
    <property name="java.runtime.version" value="20.0.2+9-78"/>
    <property name="user.name" value="T949697"/>
    <property name="stdout.encoding" value="Cp1252"/>
    <property name="path.separator" value=";"/>
    <property name="os.version" value="10.0"/>
    <property name="java.runtime.name" value="Java(TM) SE Runtime Environment"/>
    <property name="file.encoding" value="UTF-8"/>
    <property name="java.vm.name" value="Java HotSpot(TM) 64-Bit Server VM"/>
    <property name="localRepository" value="C:\Users\t949697\.m2\repository"/>
    <property name="java.vendor.url.bug" value="https://bugreport.java.com/bugreport/"/>
    <property name="java.io.tmpdir" value="C:\Users\t949697\AppData\Local\Temp\"/>
    <property name="clientId" value="52e80bfa-b42c-47d7-98b5-8bb87c926209"/>
    <property name="java.version" value="20.0.2"/>
    <property name="user.dir" value="C:\Users\t949697\eclipse-workspace\TempStorageid_API"/>
    <property name="os.arch" value="amd64"/>
    <property name="java.vm.specification.name" value="Java Virtual Machine Specification"/>
    <property name="sun.os.patch.level" value=""/>
    <property name="native.encoding" value="Cp1252"/>
    <property name="java.library.path" value="C:\Program Files\Java\jdk-20\bin;C:\WINDOWS\Sun\Java\bin;C:\WINDOWS\system32;C:\WINDOWS;C:\Program Files\Common Files\Oracle\Java\javapath;C:\WINDOWS\system32;C:\WINDOWS;C:\WINDOWS\System32\Wbem;C:\WINDOWS\System32\WindowsPowerShell\v1.0\;C:\WINDOWS\System32\OpenSSH\;C:\Program Files\dotnet\;C:\Program Files (x86)\dotnet\;C:\Program Files (x86)\Common Files\Hitachi ID\;C:\Program Files\Common Files\Hitachi ID\;C:\Program Files (x86)\Microsoft SQL Server\150\DTS\Binn\;C:\Program Files\Azure Data Studio\bin;C:\Program Files\Java\jdk-20\bin;C:\Users\t949697\AppData\Local\Programs\Python\Python312\Scripts\;C:\Users\t949697\AppData\Local\Programs\Python\Python312\;C:\Users\t949697\AppData\Local\Microsoft\WindowsApps;C:\Users\t949697\AppData\Local\GitHubDesktop\bin;C:\Users\t949697\Downloads\apache-maven-3.9.6-bin\apache-maven-3.9.6\bin;C:\Program Files\Java\jdk-20\bin;C:\Users\t949697\AppData\Local\Google\Cloud SDK\google-cloud-sdk\bin;;."/>
    <property name="java.vm.info" value="mixed mode, sharing"/>
    <property name="stderr.encoding" value="Cp1252"/>
    <property name="java.vendor" value="Oracle Corporation"/>
    <property name="java.vm.version" value="20.0.2+9-78"/>
    <property name="sun.io.unicode.encoding" value="UnicodeLittle"/>
    <property name="java.class.version" value="64.0"/>
    <property name="argLine" value="-DclientId=52e80bfa-b42c-47d7-98b5-8bb87c926209 -DclientSecret=3ad8873a-4723-46ba-9989-afaec288f5d104c2d7ff-9d6b-48c1-a9ff-6502d4808fee -Dkarate.env=it01"/>
  </properties>
  <testcase name="testParallel" classname="feature.TestRunner" time="16.2">
    <failure message="result is neither list nor function: [type: MAP, value: {message=Forbidden}]&#10;classpath:feature/CCE_TNandBAN.feature:31&#10;result is neither list nor function: [type: MAP, value: {message=Forbidden}]&#10;classpath:feature/CCE_TNandBAN.feature:43&#10;result is neither list nor function: [type: MAP, value: {message=Forbidden}]&#10;classpath:feature/CCE_TNandBAN.feature:54&#10;result is neither list nor function: [type: MAP, value: {message=Forbidden}]&#10;classpath:feature/CCE_TNandBAN.feature:65&#10;result is neither list nor function: [type: MAP, value: {message=Forbidden}]&#10;classpath:feature/CCE_TNandBAN.feature:79&#10;result is neither list nor function: [type: MAP, value: {message=Forbidden}]&#10;classpath:feature/CCE_TNandBAN.feature:93&#10;result is neither list nor function: [type: MAP, value: {message=Forbidden}]&#10;classpath:feature/CCE_TNandBAN.feature:105&#10;result is neither list nor function: [type: MAP, value: {message=Forbidden}]&#10;classpath:feature/CCE_TNandBAN.feature:117&#10;result is neither list nor function: [type: MAP, value: {message=Forbidden}]&#10;classpath:feature/CCE_TNandBAN.feature:129&#10;js failed:&#10;&gt;&gt;&gt;&gt;&#10;01: karate.callSingle(&apos;classpath:feature/TempStorage_a_POST.feature&apos;)&#10;&lt;&lt;&lt;&lt;&#10;org.graalvm.polyglot.PolyglotException: status code was: 403, expected: 201, response time in milliseconds: 172, url: https://apigw-st.telus.com/customer/contactCenterTempStorage/v1/storage/1/create?ttl=10000&amp;group=a, response: &#10;{&quot;code&quot;:&quot;403&quot;,&quot;reason&quot;:&quot;you are not allowed for the request&quot;,&quot;message&quot;:&quot;you are not allowed for the request: /customer/TempStorage/v1/storage/1/create&quot;,&quot;status&quot;:&quot;FORBIDDEN&quot;,&quot;referenceError&quot;:&quot;java.lang.Exception: you are not allowed for the request&quot;,&quot;createTs&quot;:null}&#10;classpath:feature/TempStorage_a_POST.feature:33&#10;status code was: 403, expected: 201, response time in milliseconds: 188, url: https://apigw-st.telus.com/customer/contactCenterTempStorage/v1/storage/2/create?ttl=10000&amp;group=a, response: &#10;{&quot;code&quot;:&quot;403&quot;,&quot;reason&quot;:&quot;you are not allowed for the request&quot;,&quot;message&quot;:&quot;you are not allowed for the request: /customer/TempStorage/v1/storage/2/create&quot;,&quot;status&quot;:&quot;FORBIDDEN&quot;,&quot;referenceError&quot;:&quot;java.lang.Exception: you are not allowed for the request&quot;,&quot;createTs&quot;:null}&#10;classpath:feature/TempStorage_a_POST.feature:43&#10;status code was: 403, expected: 201, response time in milliseconds: 206, url: https://apigw-st.telus.com/customer/contactCenterTempStorage/v1/storage/2/create?ttl=10000&amp;group=b, response: &#10;{&quot;code&quot;:&quot;403&quot;,&quot;reason&quot;:&quot;you are not allowed for the request&quot;,&quot;message&quot;:&quot;you are not allowed for the request: /customer/TempStorage/v1/storage/2/create&quot;,&quot;status&quot;:&quot;FORBIDDEN&quot;,&quot;referenceError&quot;:&quot;java.lang.Exception: you are not allowed for the request&quot;,&quot;createTs&quot;:null}&#10;classpath:feature/TempStorage_a_POST.feature:53&#10;- com.intuit.karate.core.ScenarioBridge.callSingle(ScenarioBridge.java:234)&#10;- com.intuit.karate.core.ScenarioBridge.callSingle(ScenarioBridge.java:179)&#10;- &lt;js&gt;.:program(Unnamed:1)&#10;&#10;classpath:feature/TempStorage_b_GET.feature:12&#10;js failed:&#10;&gt;&gt;&gt;&gt;&#10;01: karate.callSingle(&apos;classpath:feature/TempStorage_a_POST.feature&apos;)&#10;&lt;&lt;&lt;&lt;&#10;org.graalvm.polyglot.PolyglotException: status code was: 403, expected: 201, response time in milliseconds: 172, url: https://apigw-st.telus.com/customer/contactCenterTempStorage/v1/storage/1/create?ttl=10000&amp;group=a, response: &#10;{&quot;code&quot;:&quot;403&quot;,&quot;reason&quot;:&quot;you are not allowed for the request&quot;,&quot;message&quot;:&quot;you are not allowed for the request: /customer/TempStorage/v1/storage/1/create&quot;,&quot;status&quot;:&quot;FORBIDDEN&quot;,&quot;referenceError&quot;:&quot;java.lang.Exception: you are not allowed for the request&quot;,&quot;createTs&quot;:null}&#10;classpath:feature/TempStorage_a_POST.feature:33&#10;status code was: 403, expected: 201, response time in milliseconds: 188, url: https://apigw-st.telus.com/customer/contactCenterTempStorage/v1/storage/2/create?ttl=10000&amp;group=a, response: &#10;{&quot;code&quot;:&quot;403&quot;,&quot;reason&quot;:&quot;you are not allowed for the request&quot;,&quot;message&quot;:&quot;you are not allowed for the request: /customer/TempStorage/v1/storage/2/create&quot;,&quot;status&quot;:&quot;FORBIDDEN&quot;,&quot;referenceError&quot;:&quot;java.lang.Exception: you are not allowed for the request&quot;,&quot;createTs&quot;:null}&#10;classpath:feature/TempStorage_a_POST.feature:43&#10;status code was: 403, expected: 201, response time in milliseconds: 206, url: https://apigw-st.telus.com/customer/contactCenterTempStorage/v1/storage/2/create?ttl=10000&amp;group=b, response: &#10;{&quot;code&quot;:&quot;403&quot;,&quot;reason&quot;:&quot;you are not allowed for the request&quot;,&quot;message&quot;:&quot;you are not allowed for the request: /customer/TempStorage/v1/storage/2/create&quot;,&quot;status&quot;:&quot;FORBIDDEN&quot;,&quot;referenceError&quot;:&quot;java.lang.Exception: you are not allowed for the request&quot;,&quot;createTs&quot;:null}&#10;classpath:feature/TempStorage_a_POST.feature:53&#10;- com.intuit.karate.core.ScenarioBridge.callSingle(ScenarioBridge.java:234)&#10;- com.intuit.karate.core.ScenarioBridge.callSingle(ScenarioBridge.java:179)&#10;- &lt;js&gt;.:program(Unnamed:1)&#10;&#10;classpath:feature/TempStorage_b_GET.feature:12&#10;js failed:&#10;&gt;&gt;&gt;&gt;&#10;01: karate.callSingle(&apos;classpath:feature/TempStorage_a_POST.feature&apos;)&#10;&lt;&lt;&lt;&lt;&#10;org.graalvm.polyglot.PolyglotException: status code was: 403, expected: 201, response time in milliseconds: 172, url: https://apigw-st.telus.com/customer/contactCenterTempStorage/v1/storage/1/create?ttl=10000&amp;group=a, response: &#10;{&quot;code&quot;:&quot;403&quot;,&quot;reason&quot;:&quot;you are not allowed for the request&quot;,&quot;message&quot;:&quot;you are not allowed for the request: /customer/TempStorage/v1/storage/1/create&quot;,&quot;status&quot;:&quot;FORBIDDEN&quot;,&quot;referenceError&quot;:&quot;java.lang.Exception: you are not allowed for the request&quot;,&quot;createTs&quot;:null}&#10;classpath:feature/TempStorage_a_POST.feature:33&#10;status code was: 403, expected: 201, response time in milliseconds: 188, url: https://apigw-st.telus.com/customer/contactCenterTempStorage/v1/storage/2/create?ttl=10000&amp;group=a, response: &#10;{&quot;code&quot;:&quot;403&quot;,&quot;reason&quot;:&quot;you are not allowed for the request&quot;,&quot;message&quot;:&quot;you are not allowed for the request: /customer/TempStorage/v1/storage/2/create&quot;,&quot;status&quot;:&quot;FORBIDDEN&quot;,&quot;referenceError&quot;:&quot;java.lang.Exception: you are not allowed for the request&quot;,&quot;createTs&quot;:null}&#10;classpath:feature/TempStorage_a_POST.feature:43&#10;status code was: 403, expected: 201, response time in milliseconds: 206, url: https://apigw-st.telus.com/customer/contactCenterTempStorage/v1/storage/2/create?ttl=10000&amp;group=b, response: &#10;{&quot;code&quot;:&quot;403&quot;,&quot;reason&quot;:&quot;you are not allowed for the request&quot;,&quot;message&quot;:&quot;you are not allowed for the request: /customer/TempStorage/v1/storage/2/create&quot;,&quot;status&quot;:&quot;FORBIDDEN&quot;,&quot;referenceError&quot;:&quot;java.lang.Exception: you are not allowed for the request&quot;,&quot;createTs&quot;:null}&#10;classpath:feature/TempStorage_a_POST.feature:53&#10;- com.intuit.karate.core.ScenarioBridge.callSingle(ScenarioBridge.java:234)&#10;- com.intuit.karate.core.ScenarioBridge.callSingle(ScenarioBridge.java:179)&#10;- &lt;js&gt;.:program(Unnamed:1)&#10;&#10;classpath:feature/TempStorage_b_GET.feature:12&#10;js failed:&#10;&gt;&gt;&gt;&gt;&#10;01: karate.callSingle(&apos;classpath:feature/TempStorage_a_POST.feature&apos;)&#10;&lt;&lt;&lt;&lt;&#10;org.graalvm.polyglot.PolyglotException: status code was: 403, expected: 201, response time in milliseconds: 172, url: https://apigw-st.telus.com/customer/contactCenterTempStorage/v1/storage/1/create?ttl=10000&amp;group=a, response: &#10;{&quot;code&quot;:&quot;403&quot;,&quot;reason&quot;:&quot;you are not allowed for the request&quot;,&quot;message&quot;:&quot;you are not allowed for the request: /customer/TempStorage/v1/storage/1/create&quot;,&quot;status&quot;:&quot;FORBIDDEN&quot;,&quot;referenceError&quot;:&quot;java.lang.Exception: you are not allowed for the request&quot;,&quot;createTs&quot;:null}&#10;classpath:feature/TempStorage_a_POST.feature:33&#10;status code was: 403, expected: 201, response time in milliseconds: 188, url: https://apigw-st.telus.com/customer/contactCenterTempStorage/v1/storage/2/create?ttl=10000&amp;group=a, response: &#10;{&quot;code&quot;:&quot;403&quot;,&quot;reason&quot;:&quot;you are not allowed for the request&quot;,&quot;message&quot;:&quot;you are not allowed for the request: /customer/TempStorage/v1/storage/2/create&quot;,&quot;status&quot;:&quot;FORBIDDEN&quot;,&quot;referenceError&quot;:&quot;java.lang.Exception: you are not allowed for the request&quot;,&quot;createTs&quot;:null}&#10;classpath:feature/TempStorage_a_POST.feature:43&#10;status code was: 403, expected: 201, response time in milliseconds: 206, url: https://apigw-st.telus.com/customer/contactCenterTempStorage/v1/storage/2/create?ttl=10000&amp;group=b, response: &#10;{&quot;code&quot;:&quot;403&quot;,&quot;reason&quot;:&quot;you are not allowed for the request&quot;,&quot;message&quot;:&quot;you are not allowed for the request: /customer/TempStorage/v1/storage/2/create&quot;,&quot;status&quot;:&quot;FORBIDDEN&quot;,&quot;referenceError&quot;:&quot;java.lang.Exception: you are not allowed for the request&quot;,&quot;createTs&quot;:null}&#10;classpath:feature/TempStorage_a_POST.feature:53&#10;- com.intuit.karate.core.ScenarioBridge.callSingle(ScenarioBridge.java:234)&#10;- com.intuit.karate.core.ScenarioBridge.callSingle(ScenarioBridge.java:179)&#10;- &lt;js&gt;.:program(Unnamed:1)&#10;&#10;classpath:feature/TempStorage_b_GET.feature:12&#10;status code was: 403, expected: 404, response time in milliseconds: 156, url: https://apigw-st.telus.com/customer/contactCenterCustomerInfo/v1/account?ban=70970024, response: &#10;{&quot;message&quot;:&quot;Forbidden&quot;}&#10;classpath:feature/API_Negative_Response_Test.feature:19&#10;status code was: 403, expected: 404, response time in milliseconds: 168, url: https://apigw-st.telus.com/customer/contactCenterCustomerInfo/v1/account?tn=4161404453, response: &#10;{&quot;message&quot;:&quot;Forbidden&quot;}&#10;classpath:feature/API_Negative_Response_Test.feature:26&#10;status code was: 403, expected: 404, response time in milliseconds: 153, url: https://apigw-st.telus.com/customer/contactCenterCustomerInfo/v1/account?tn=4161404453&amp;ban=70970024, response: &#10;{&quot;message&quot;:&quot;Forbidden&quot;}&#10;classpath:feature/API_Negative_Response_Test.feature:34&#10;status code was: 403, expected: 400, response time in milliseconds: 151, url: https://apigw-st.telus.com/customer/contactCenterCustomerInfo/v1/account?ban=4r5t6y6y, response: &#10;{&quot;message&quot;:&quot;Forbidden&quot;}&#10;classpath:feature/API_Negative_Response_Test.feature:41&#10;status code was: 403, expected: 400, response time in milliseconds: 161, url: https://apigw-st.telus.com/customer/contactCenterCustomerInfo/v1/account?tn=7801234567, response: &#10;{&quot;message&quot;:&quot;Forbidden&quot;}&#10;classpath:feature/API_Negative_Response_Test.feature:48&#10;status code was: 403, expected: 400, response time in milliseconds: 148, url: https://apigw-st.telus.com/customer/contactCenterCustomerInfo/v1/account?tn=7801234567&amp;ban=4r5t6y6y, response: &#10;{&quot;message&quot;:&quot;Forbidden&quot;}&#10;classpath:feature/API_Negative_Response_Test.feature:56&#10;status code was: 403, expected: 200, response time in milliseconds: 201, url: https://apigw-st.telus.com/customer/contactCenterCustomerInfo/v1/account?tn=2507166032, response: &#10;{&quot;message&quot;:&quot;Forbidden&quot;}&#10;classpath:feature/AccountAccuracy.feature:22&#10;status code was: 403, expected: 200, response time in milliseconds: 153, url: https://apigw-st.telus.com/customer/contactCenterCustomerInfo/v1/account?tn=6040522394, response: &#10;{&quot;message&quot;:&quot;Forbidden&quot;}&#10;classpath:feature/AccountAccuracy.feature:48&#10;status code was: 403, expected: 404, response time in milliseconds: 156, url: https://apigw-st.telus.com/customer/contactCenterCustomerInfo/v1/account?tn=6040585973, response: &#10;{&quot;message&quot;:&quot;Forbidden&quot;}&#10;classpath:feature/AccountAccuracy.feature:61&#10;result is neither list nor function: [type: MAP, value: {message=Forbidden}]&#10;classpath:feature/CCE_BAN.feature:30&#10;result is neither list nor function: [type: MAP, value: {message=Forbidden}]&#10;classpath:feature/CCE_BAN.feature:41&#10;result is neither list nor function: [type: MAP, value: {message=Forbidden}]&#10;classpath:feature/CCE_BAN.feature:54&#10;result is neither list nor function: [type: MAP, value: {message=Forbidden}]&#10;classpath:feature/CCE_BAN.feature:64&#10;result is neither list nor function: [type: MAP, value: {message=Forbidden}]&#10;classpath:feature/CCE_BAN.feature:75&#10;result is neither list nor function: [type: MAP, value: {message=Forbidden}]&#10;classpath:feature/CCE_BAN.feature:87&#10;status code was: 403, expected: 201, response time in milliseconds: 730, url: https://apigw-st.telus.com/customer/contactCenterTempStorage/v1/storage/1/create?ttl=10000&amp;group=a, response: &#10;{&quot;code&quot;:&quot;403&quot;,&quot;reason&quot;:&quot;you are not allowed for the request&quot;,&quot;message&quot;:&quot;you are not allowed for the request: /customer/TempStorage/v1/storage/1/create&quot;,&quot;status&quot;:&quot;FORBIDDEN&quot;,&quot;referenceError&quot;:&quot;java.lang.Exception: you are not allowed for the request&quot;,&quot;createTs&quot;:null}&#10;classpath:feature/TempStorage_a_POST.feature:33&#10;status code was: 403, expected: 201, response time in milliseconds: 231, url: https://apigw-st.telus.com/customer/contactCenterTempStorage/v1/storage/2/create?ttl=10000&amp;group=a, response: &#10;{&quot;code&quot;:&quot;403&quot;,&quot;reason&quot;:&quot;you are not allowed for the request&quot;,&quot;message&quot;:&quot;you are not allowed for the request: /customer/TempStorage/v1/storage/2/create&quot;,&quot;status&quot;:&quot;FORBIDDEN&quot;,&quot;referenceError&quot;:&quot;java.lang.Exception: you are not allowed for the request&quot;,&quot;createTs&quot;:null}&#10;classpath:feature/TempStorage_a_POST.feature:43&#10;status code was: 403, expected: 201, response time in milliseconds: 204, url: https://apigw-st.telus.com/customer/contactCenterTempStorage/v1/storage/2/create?ttl=10000&amp;group=b, response: &#10;{&quot;code&quot;:&quot;403&quot;,&quot;reason&quot;:&quot;you are not allowed for the request&quot;,&quot;message&quot;:&quot;you are not allowed for the request: /customer/TempStorage/v1/storage/2/create&quot;,&quot;status&quot;:&quot;FORBIDDEN&quot;,&quot;referenceError&quot;:&quot;java.lang.Exception: you are not allowed for the request&quot;,&quot;createTs&quot;:null}&#10;classpath:feature/TempStorage_a_POST.feature:53&#10;status code was: 403, expected: 200, response time in milliseconds: 176, url: https://apigw-st.telus.com/customer/contactCenterTempStorage/v1/storage/1/update?ttl=10000&amp;group=a, response: &#10;{&quot;code&quot;:&quot;403&quot;,&quot;reason&quot;:&quot;you are not allowed for the request&quot;,&quot;message&quot;:&quot;you are not allowed for the request: /customer/TempStorage/v1/storage/1/update&quot;,&quot;status&quot;:&quot;FORBIDDEN&quot;,&quot;referenceError&quot;:&quot;java.lang.Exception: you are not allowed for the request&quot;,&quot;createTs&quot;:null}&#10;classpath:feature/TempStorage_c_PUT.feature:32&#10;status code was: 403, expected: 200, response time in milliseconds: 189, url: https://apigw-st.telus.com/customer/contactCenterTempStorage/v1/storage/1/retrieve?group=a, response: &#10;{&quot;code&quot;:&quot;403&quot;,&quot;reason&quot;:&quot;you are not allowed for the request&quot;,&quot;message&quot;:&quot;you are not allowed for the request: /customer/TempStorage/v1/storage/1/retrieve&quot;,&quot;status&quot;:&quot;FORBIDDEN&quot;,&quot;referenceError&quot;:&quot;java.lang.Exception: you are not allowed for the request&quot;,&quot;createTs&quot;:null}&#10;classpath:feature/TempStorage_c_PUT.feature:39&#10;status code was: 403, expected: 200, response time in milliseconds: 234, url: https://apigw-st.telus.com/customer/contactCenterTempStorage/v1/storage/2/update?group=b, response: &#10;{&quot;code&quot;:&quot;403&quot;,&quot;reason&quot;:&quot;you are not allowed for the request&quot;,&quot;message&quot;:&quot;you are not allowed for the request: /customer/TempStorage/v1/storage/2/update&quot;,&quot;status&quot;:&quot;FORBIDDEN&quot;,&quot;referenceError&quot;:&quot;java.lang.Exception: you are not allowed for the request&quot;,&quot;createTs&quot;:null}&#10;classpath:feature/TempStorage_c_PUT.feature:51&#10;status code was: 403, expected: 200, response time in milliseconds: 174, url: https://apigw-st.telus.com/customer/contactCenterTempStorage/v1/storage/2/retrieve?group=b, response: &#10;{&quot;code&quot;:&quot;403&quot;,&quot;reason&quot;:&quot;you are not allowed for the request&quot;,&quot;message&quot;:&quot;you are not allowed for the request: /customer/TempStorage/v1/storage/2/retrieve&quot;,&quot;status&quot;:&quot;FORBIDDEN&quot;,&quot;referenceError&quot;:&quot;java.lang.Exception: you are not allowed for the request&quot;,&quot;createTs&quot;:null}&#10;classpath:feature/TempStorage_c_PUT.feature:58&#10;status code was: 403, expected: 200, response time in milliseconds: 149, url: https://apigw-st.telus.com/customer/contactCenterCustomerInfo/v1/account?ban=700102278, response: &#10;{&quot;message&quot;:&quot;Forbidden&quot;}&#10;classpath:feature/AccountTag.feature:20&#10;status code was: 403, expected: 200, response time in milliseconds: 168, url: https://apigw-st.telus.com/customer/contactCenterCustomerInfo/v1/account?ban=603958444, response: &#10;{&quot;message&quot;:&quot;Forbidden&quot;}&#10;classpath:feature/AccountTag.feature:32&#10;status code was: 403, expected: 200, response time in milliseconds: 135, url: https://apigw-st.telus.com/customer/contactCenterCustomerInfo/v1/account?tn=7788882617, response: &#10;{&quot;message&quot;:&quot;Forbidden&quot;}&#10;classpath:feature/CCE_TN.feature:25&#10;status code was: 403, expected: 200, response time in milliseconds: 149, url: https://apigw-st.telus.com/customer/contactCenterCustomerInfo/v1/account?tn=9059091706, response: &#10;{&quot;message&quot;:&quot;Forbidden&quot;}&#10;classpath:feature/CCE_TN.feature:25&#10;status code was: 403, expected: 200, response time in milliseconds: 144, url: https://apigw-st.telus.com/customer/contactCenterCustomerInfo/v1/account?tn=4161543587, response: &#10;{&quot;message&quot;:&quot;Forbidden&quot;}&#10;classpath:feature/CCE_TN.feature:25&#10;status code was: 403, expected: 200, response time in milliseconds: 146, url: https://apigw-st.telus.com/customer/contactCenterCustomerInfo/v1/account?tn=4031726038, response: &#10;{&quot;message&quot;:&quot;Forbidden&quot;}&#10;classpath:feature/CCE_TN.feature:25&#10;status code was: 403, expected: 200, response time in milliseconds: 148, url: https://apigw-st.telus.com/customer/contactCenterCustomerInfo/v1/account?tn=4373488823, response: &#10;{&quot;message&quot;:&quot;Forbidden&quot;}&#10;classpath:feature/CCE_TN.feature:25&#10;status code was: 403, expected: 200, response time in milliseconds: 164, url: https://apigw-st.telus.com/customer/contactCenterCustomerInfo/v1/account?tn=5141612475, response: &#10;{&quot;message&quot;:&quot;Forbidden&quot;}&#10;classpath:feature/CCE_TN.feature:35&#10;result is neither list nor function: [type: MAP, value: {message=Forbidden}]&#10;classpath:feature/CCE_TN.feature:53&#10;result is neither list nor function: [type: MAP, value: {message=Forbidden}]&#10;classpath:feature/CCE_TN.feature:63&#10;result is neither list nor function: [type: MAP, value: {message=Forbidden}]&#10;classpath:feature/CCE_TN.feature:75&#10;result is neither list nor function: [type: MAP, value: {message=Forbidden}]&#10;classpath:feature/CCE_TN.feature:86&#10;result is neither list nor function: [type: MAP, value: {message=Forbidden}]&#10;classpath:feature/CCE_TN.feature:99&#10;status code was: 403, expected: 200, response time in milliseconds: 152, url: https://apigw-st.telus.com/customer/contactCenterCustomerInfo/v1/account?tn=4161542580, response: &#10;{&quot;message&quot;:&quot;Forbidden&quot;}&#10;classpath:feature/CCE_TN.feature:106&#10;result is neither list nor function: [type: MAP, value: {message=Forbidden}]&#10;classpath:feature/CCE_TN.feature:123 ==&gt; expected: &lt;true&gt; but was: &lt;false&gt;" type="org.opentest4j.AssertionFailedError"><![CDATA[org.opentest4j.AssertionFailedError: 
result is neither list nor function: [type: MAP, value: {message=Forbidden}]
classpath:feature/CCE_TNandBAN.feature:31
result is neither list nor function: [type: MAP, value: {message=Forbidden}]
classpath:feature/CCE_TNandBAN.feature:43
result is neither list nor function: [type: MAP, value: {message=Forbidden}]
classpath:feature/CCE_TNandBAN.feature:54
result is neither list nor function: [type: MAP, value: {message=Forbidden}]
classpath:feature/CCE_TNandBAN.feature:65
result is neither list nor function: [type: MAP, value: {message=Forbidden}]
classpath:feature/CCE_TNandBAN.feature:79
result is neither list nor function: [type: MAP, value: {message=Forbidden}]
classpath:feature/CCE_TNandBAN.feature:93
result is neither list nor function: [type: MAP, value: {message=Forbidden}]
classpath:feature/CCE_TNandBAN.feature:105
result is neither list nor function: [type: MAP, value: {message=Forbidden}]
classpath:feature/CCE_TNandBAN.feature:117
result is neither list nor function: [type: MAP, value: {message=Forbidden}]
classpath:feature/CCE_TNandBAN.feature:129
js failed:
>>>>
01: karate.callSingle('classpath:feature/TempStorage_a_POST.feature')
<<<<
org.graalvm.polyglot.PolyglotException: status code was: 403, expected: 201, response time in milliseconds: 172, url: https://apigw-st.telus.com/customer/contactCenterTempStorage/v1/storage/1/create?ttl=10000&group=a, response: 
{"code":"403","reason":"you are not allowed for the request","message":"you are not allowed for the request: /customer/TempStorage/v1/storage/1/create","status":"FORBIDDEN","referenceError":"java.lang.Exception: you are not allowed for the request","createTs":null}
classpath:feature/TempStorage_a_POST.feature:33
status code was: 403, expected: 201, response time in milliseconds: 188, url: https://apigw-st.telus.com/customer/contactCenterTempStorage/v1/storage/2/create?ttl=10000&group=a, response: 
{"code":"403","reason":"you are not allowed for the request","message":"you are not allowed for the request: /customer/TempStorage/v1/storage/2/create","status":"FORBIDDEN","referenceError":"java.lang.Exception: you are not allowed for the request","createTs":null}
classpath:feature/TempStorage_a_POST.feature:43
status code was: 403, expected: 201, response time in milliseconds: 206, url: https://apigw-st.telus.com/customer/contactCenterTempStorage/v1/storage/2/create?ttl=10000&group=b, response: 
{"code":"403","reason":"you are not allowed for the request","message":"you are not allowed for the request: /customer/TempStorage/v1/storage/2/create","status":"FORBIDDEN","referenceError":"java.lang.Exception: you are not allowed for the request","createTs":null}
classpath:feature/TempStorage_a_POST.feature:53
- com.intuit.karate.core.ScenarioBridge.callSingle(ScenarioBridge.java:234)
- com.intuit.karate.core.ScenarioBridge.callSingle(ScenarioBridge.java:179)
- <js>.:program(Unnamed:1)

classpath:feature/TempStorage_b_GET.feature:12
js failed:
>>>>
01: karate.callSingle('classpath:feature/TempStorage_a_POST.feature')
<<<<
org.graalvm.polyglot.PolyglotException: status code was: 403, expected: 201, response time in milliseconds: 172, url: https://apigw-st.telus.com/customer/contactCenterTempStorage/v1/storage/1/create?ttl=10000&group=a, response: 
{"code":"403","reason":"you are not allowed for the request","message":"you are not allowed for the request: /customer/TempStorage/v1/storage/1/create","status":"FORBIDDEN","referenceError":"java.lang.Exception: you are not allowed for the request","createTs":null}
classpath:feature/TempStorage_a_POST.feature:33
status code was: 403, expected: 201, response time in milliseconds: 188, url: https://apigw-st.telus.com/customer/contactCenterTempStorage/v1/storage/2/create?ttl=10000&group=a, response: 
{"code":"403","reason":"you are not allowed for the request","message":"you are not allowed for the request: /customer/TempStorage/v1/storage/2/create","status":"FORBIDDEN","referenceError":"java.lang.Exception: you are not allowed for the request","createTs":null}
classpath:feature/TempStorage_a_POST.feature:43
status code was: 403, expected: 201, response time in milliseconds: 206, url: https://apigw-st.telus.com/customer/contactCenterTempStorage/v1/storage/2/create?ttl=10000&group=b, response: 
{"code":"403","reason":"you are not allowed for the request","message":"you are not allowed for the request: /customer/TempStorage/v1/storage/2/create","status":"FORBIDDEN","referenceError":"java.lang.Exception: you are not allowed for the request","createTs":null}
classpath:feature/TempStorage_a_POST.feature:53
- com.intuit.karate.core.ScenarioBridge.callSingle(ScenarioBridge.java:234)
- com.intuit.karate.core.ScenarioBridge.callSingle(ScenarioBridge.java:179)
- <js>.:program(Unnamed:1)

classpath:feature/TempStorage_b_GET.feature:12
js failed:
>>>>
01: karate.callSingle('classpath:feature/TempStorage_a_POST.feature')
<<<<
org.graalvm.polyglot.PolyglotException: status code was: 403, expected: 201, response time in milliseconds: 172, url: https://apigw-st.telus.com/customer/contactCenterTempStorage/v1/storage/1/create?ttl=10000&group=a, response: 
{"code":"403","reason":"you are not allowed for the request","message":"you are not allowed for the request: /customer/TempStorage/v1/storage/1/create","status":"FORBIDDEN","referenceError":"java.lang.Exception: you are not allowed for the request","createTs":null}
classpath:feature/TempStorage_a_POST.feature:33
status code was: 403, expected: 201, response time in milliseconds: 188, url: https://apigw-st.telus.com/customer/contactCenterTempStorage/v1/storage/2/create?ttl=10000&group=a, response: 
{"code":"403","reason":"you are not allowed for the request","message":"you are not allowed for the request: /customer/TempStorage/v1/storage/2/create","status":"FORBIDDEN","referenceError":"java.lang.Exception: you are not allowed for the request","createTs":null}
classpath:feature/TempStorage_a_POST.feature:43
status code was: 403, expected: 201, response time in milliseconds: 206, url: https://apigw-st.telus.com/customer/contactCenterTempStorage/v1/storage/2/create?ttl=10000&group=b, response: 
{"code":"403","reason":"you are not allowed for the request","message":"you are not allowed for the request: /customer/TempStorage/v1/storage/2/create","status":"FORBIDDEN","referenceError":"java.lang.Exception: you are not allowed for the request","createTs":null}
classpath:feature/TempStorage_a_POST.feature:53
- com.intuit.karate.core.ScenarioBridge.callSingle(ScenarioBridge.java:234)
- com.intuit.karate.core.ScenarioBridge.callSingle(ScenarioBridge.java:179)
- <js>.:program(Unnamed:1)

classpath:feature/TempStorage_b_GET.feature:12
js failed:
>>>>
01: karate.callSingle('classpath:feature/TempStorage_a_POST.feature')
<<<<
org.graalvm.polyglot.PolyglotException: status code was: 403, expected: 201, response time in milliseconds: 172, url: https://apigw-st.telus.com/customer/contactCenterTempStorage/v1/storage/1/create?ttl=10000&group=a, response: 
{"code":"403","reason":"you are not allowed for the request","message":"you are not allowed for the request: /customer/TempStorage/v1/storage/1/create","status":"FORBIDDEN","referenceError":"java.lang.Exception: you are not allowed for the request","createTs":null}
classpath:feature/TempStorage_a_POST.feature:33
status code was: 403, expected: 201, response time in milliseconds: 188, url: https://apigw-st.telus.com/customer/contactCenterTempStorage/v1/storage/2/create?ttl=10000&group=a, response: 
{"code":"403","reason":"you are not allowed for the request","message":"you are not allowed for the request: /customer/TempStorage/v1/storage/2/create","status":"FORBIDDEN","referenceError":"java.lang.Exception: you are not allowed for the request","createTs":null}
classpath:feature/TempStorage_a_POST.feature:43
status code was: 403, expected: 201, response time in milliseconds: 206, url: https://apigw-st.telus.com/customer/contactCenterTempStorage/v1/storage/2/create?ttl=10000&group=b, response: 
{"code":"403","reason":"you are not allowed for the request","message":"you are not allowed for the request: /customer/TempStorage/v1/storage/2/create","status":"FORBIDDEN","referenceError":"java.lang.Exception: you are not allowed for the request","createTs":null}
classpath:feature/TempStorage_a_POST.feature:53
- com.intuit.karate.core.ScenarioBridge.callSingle(ScenarioBridge.java:234)
- com.intuit.karate.core.ScenarioBridge.callSingle(ScenarioBridge.java:179)
- <js>.:program(Unnamed:1)

classpath:feature/TempStorage_b_GET.feature:12
status code was: 403, expected: 404, response time in milliseconds: 156, url: https://apigw-st.telus.com/customer/contactCenterCustomerInfo/v1/account?ban=70970024, response: 
{"message":"Forbidden"}
classpath:feature/API_Negative_Response_Test.feature:19
status code was: 403, expected: 404, response time in milliseconds: 168, url: https://apigw-st.telus.com/customer/contactCenterCustomerInfo/v1/account?tn=4161404453, response: 
{"message":"Forbidden"}
classpath:feature/API_Negative_Response_Test.feature:26
status code was: 403, expected: 404, response time in milliseconds: 153, url: https://apigw-st.telus.com/customer/contactCenterCustomerInfo/v1/account?tn=4161404453&ban=70970024, response: 
{"message":"Forbidden"}
classpath:feature/API_Negative_Response_Test.feature:34
status code was: 403, expected: 400, response time in milliseconds: 151, url: https://apigw-st.telus.com/customer/contactCenterCustomerInfo/v1/account?ban=4r5t6y6y, response: 
{"message":"Forbidden"}
classpath:feature/API_Negative_Response_Test.feature:41
status code was: 403, expected: 400, response time in milliseconds: 161, url: https://apigw-st.telus.com/customer/contactCenterCustomerInfo/v1/account?tn=7801234567, response: 
{"message":"Forbidden"}
classpath:feature/API_Negative_Response_Test.feature:48
status code was: 403, expected: 400, response time in milliseconds: 148, url: https://apigw-st.telus.com/customer/contactCenterCustomerInfo/v1/account?tn=7801234567&ban=4r5t6y6y, response: 
{"message":"Forbidden"}
classpath:feature/API_Negative_Response_Test.feature:56
status code was: 403, expected: 200, response time in milliseconds: 201, url: https://apigw-st.telus.com/customer/contactCenterCustomerInfo/v1/account?tn=2507166032, response: 
{"message":"Forbidden"}
classpath:feature/AccountAccuracy.feature:22
status code was: 403, expected: 200, response time in milliseconds: 153, url: https://apigw-st.telus.com/customer/contactCenterCustomerInfo/v1/account?tn=6040522394, response: 
{"message":"Forbidden"}
classpath:feature/AccountAccuracy.feature:48
status code was: 403, expected: 404, response time in milliseconds: 156, url: https://apigw-st.telus.com/customer/contactCenterCustomerInfo/v1/account?tn=6040585973, response: 
{"message":"Forbidden"}
classpath:feature/AccountAccuracy.feature:61
result is neither list nor function: [type: MAP, value: {message=Forbidden}]
classpath:feature/CCE_BAN.feature:30
result is neither list nor function: [type: MAP, value: {message=Forbidden}]
classpath:feature/CCE_BAN.feature:41
result is neither list nor function: [type: MAP, value: {message=Forbidden}]
classpath:feature/CCE_BAN.feature:54
result is neither list nor function: [type: MAP, value: {message=Forbidden}]
classpath:feature/CCE_BAN.feature:64
result is neither list nor function: [type: MAP, value: {message=Forbidden}]
classpath:feature/CCE_BAN.feature:75
result is neither list nor function: [type: MAP, value: {message=Forbidden}]
classpath:feature/CCE_BAN.feature:87
status code was: 403, expected: 201, response time in milliseconds: 730, url: https://apigw-st.telus.com/customer/contactCenterTempStorage/v1/storage/1/create?ttl=10000&group=a, response: 
{"code":"403","reason":"you are not allowed for the request","message":"you are not allowed for the request: /customer/TempStorage/v1/storage/1/create","status":"FORBIDDEN","referenceError":"java.lang.Exception: you are not allowed for the request","createTs":null}
classpath:feature/TempStorage_a_POST.feature:33
status code was: 403, expected: 201, response time in milliseconds: 231, url: https://apigw-st.telus.com/customer/contactCenterTempStorage/v1/storage/2/create?ttl=10000&group=a, response: 
{"code":"403","reason":"you are not allowed for the request","message":"you are not allowed for the request: /customer/TempStorage/v1/storage/2/create","status":"FORBIDDEN","referenceError":"java.lang.Exception: you are not allowed for the request","createTs":null}
classpath:feature/TempStorage_a_POST.feature:43
status code was: 403, expected: 201, response time in milliseconds: 204, url: https://apigw-st.telus.com/customer/contactCenterTempStorage/v1/storage/2/create?ttl=10000&group=b, response: 
{"code":"403","reason":"you are not allowed for the request","message":"you are not allowed for the request: /customer/TempStorage/v1/storage/2/create","status":"FORBIDDEN","referenceError":"java.lang.Exception: you are not allowed for the request","createTs":null}
classpath:feature/TempStorage_a_POST.feature:53
status code was: 403, expected: 200, response time in milliseconds: 176, url: https://apigw-st.telus.com/customer/contactCenterTempStorage/v1/storage/1/update?ttl=10000&group=a, response: 
{"code":"403","reason":"you are not allowed for the request","message":"you are not allowed for the request: /customer/TempStorage/v1/storage/1/update","status":"FORBIDDEN","referenceError":"java.lang.Exception: you are not allowed for the request","createTs":null}
classpath:feature/TempStorage_c_PUT.feature:32
status code was: 403, expected: 200, response time in milliseconds: 189, url: https://apigw-st.telus.com/customer/contactCenterTempStorage/v1/storage/1/retrieve?group=a, response: 
{"code":"403","reason":"you are not allowed for the request","message":"you are not allowed for the request: /customer/TempStorage/v1/storage/1/retrieve","status":"FORBIDDEN","referenceError":"java.lang.Exception: you are not allowed for the request","createTs":null}
classpath:feature/TempStorage_c_PUT.feature:39
status code was: 403, expected: 200, response time in milliseconds: 234, url: https://apigw-st.telus.com/customer/contactCenterTempStorage/v1/storage/2/update?group=b, response: 
{"code":"403","reason":"you are not allowed for the request","message":"you are not allowed for the request: /customer/TempStorage/v1/storage/2/update","status":"FORBIDDEN","referenceError":"java.lang.Exception: you are not allowed for the request","createTs":null}
classpath:feature/TempStorage_c_PUT.feature:51
status code was: 403, expected: 200, response time in milliseconds: 174, url: https://apigw-st.telus.com/customer/contactCenterTempStorage/v1/storage/2/retrieve?group=b, response: 
{"code":"403","reason":"you are not allowed for the request","message":"you are not allowed for the request: /customer/TempStorage/v1/storage/2/retrieve","status":"FORBIDDEN","referenceError":"java.lang.Exception: you are not allowed for the request","createTs":null}
classpath:feature/TempStorage_c_PUT.feature:58
status code was: 403, expected: 200, response time in milliseconds: 149, url: https://apigw-st.telus.com/customer/contactCenterCustomerInfo/v1/account?ban=700102278, response: 
{"message":"Forbidden"}
classpath:feature/AccountTag.feature:20
status code was: 403, expected: 200, response time in milliseconds: 168, url: https://apigw-st.telus.com/customer/contactCenterCustomerInfo/v1/account?ban=603958444, response: 
{"message":"Forbidden"}
classpath:feature/AccountTag.feature:32
status code was: 403, expected: 200, response time in milliseconds: 135, url: https://apigw-st.telus.com/customer/contactCenterCustomerInfo/v1/account?tn=7788882617, response: 
{"message":"Forbidden"}
classpath:feature/CCE_TN.feature:25
status code was: 403, expected: 200, response time in milliseconds: 149, url: https://apigw-st.telus.com/customer/contactCenterCustomerInfo/v1/account?tn=9059091706, response: 
{"message":"Forbidden"}
classpath:feature/CCE_TN.feature:25
status code was: 403, expected: 200, response time in milliseconds: 144, url: https://apigw-st.telus.com/customer/contactCenterCustomerInfo/v1/account?tn=4161543587, response: 
{"message":"Forbidden"}
classpath:feature/CCE_TN.feature:25
status code was: 403, expected: 200, response time in milliseconds: 146, url: https://apigw-st.telus.com/customer/contactCenterCustomerInfo/v1/account?tn=4031726038, response: 
{"message":"Forbidden"}
classpath:feature/CCE_TN.feature:25
status code was: 403, expected: 200, response time in milliseconds: 148, url: https://apigw-st.telus.com/customer/contactCenterCustomerInfo/v1/account?tn=4373488823, response: 
{"message":"Forbidden"}
classpath:feature/CCE_TN.feature:25
status code was: 403, expected: 200, response time in milliseconds: 164, url: https://apigw-st.telus.com/customer/contactCenterCustomerInfo/v1/account?tn=5141612475, response: 
{"message":"Forbidden"}
classpath:feature/CCE_TN.feature:35
result is neither list nor function: [type: MAP, value: {message=Forbidden}]
classpath:feature/CCE_TN.feature:53
result is neither list nor function: [type: MAP, value: {message=Forbidden}]
classpath:feature/CCE_TN.feature:63
result is neither list nor function: [type: MAP, value: {message=Forbidden}]
classpath:feature/CCE_TN.feature:75
result is neither list nor function: [type: MAP, value: {message=Forbidden}]
classpath:feature/CCE_TN.feature:86
result is neither list nor function: [type: MAP, value: {message=Forbidden}]
classpath:feature/CCE_TN.feature:99
status code was: 403, expected: 200, response time in milliseconds: 152, url: https://apigw-st.telus.com/customer/contactCenterCustomerInfo/v1/account?tn=4161542580, response: 
{"message":"Forbidden"}
classpath:feature/CCE_TN.feature:106
result is neither list nor function: [type: MAP, value: {message=Forbidden}]
classpath:feature/CCE_TN.feature:123 ==> expected: <true> but was: <false>
	at feature.TestRunner.testParallel(TestRunner.java:24)
]]></failure>
    <system-out><![CDATA[13:04:45.607 [main] INFO com.intuit.karate.Runner - using system property 'karate.env': it01
13:04:46.853 [main] DEBUG com.intuit.karate.Suite - [config] karate-config.js
13:04:47.731 [main] INFO com.intuit.karate - karate.env system property was: it01 
13:04:47.735 [main] INFO com.intuit.karate - clientId:52e80bfa-b42c-47d7-98b5-8bb87c926209 
13:04:47.744 [main] INFO com.intuit.karate - >> lock acquired, begin callSingle: classpath:feature/accessToken.feature
13:04:48.067 [main] DEBUG karate.io.netty.util.internal.logging.InternalLoggerFactory - Using SLF4J as the default logging framework
13:04:48.068 [main] DEBUG karate.io.netty.util.internal.PlatformDependent - Platform: Windows
13:04:48.069 [main] DEBUG karate.io.netty.util.internal.PlatformDependent0 - -Dio.netty.noUnsafe: false
13:04:48.069 [main] DEBUG karate.io.netty.util.internal.PlatformDependent0 - Java version: 20
13:04:48.070 [main] DEBUG karate.io.netty.util.internal.PlatformDependent0 - sun.misc.Unsafe.theUnsafe: available
13:04:48.071 [main] DEBUG karate.io.netty.util.internal.PlatformDependent0 - sun.misc.Unsafe.copyMemory: available
13:04:48.072 [main] DEBUG karate.io.netty.util.internal.PlatformDependent0 - java.nio.Buffer.address: available
13:04:48.075 [main] DEBUG karate.io.netty.util.internal.PlatformDependent0 - direct buffer constructor: unavailable
java.lang.UnsupportedOperationException: Reflective setAccessible(true) disabled
	at karate.io.netty.util.internal.ReflectionUtil.trySetAccessible(ReflectionUtil.java:31)
	at karate.io.netty.util.internal.PlatformDependent0$4.run(PlatformDependent0.java:239)
	at java.base/java.security.AccessController.doPrivileged(AccessController.java:319)
	at karate.io.netty.util.internal.PlatformDependent0.<clinit>(PlatformDependent0.java:233)
	at karate.io.netty.util.internal.PlatformDependent.isAndroid(PlatformDependent.java:294)
	at karate.io.netty.util.internal.PlatformDependent.<clinit>(PlatformDependent.java:93)
	at karate.io.netty.util.AsciiString.<init>(AsciiString.java:223)
	at karate.io.netty.util.AsciiString.<init>(AsciiString.java:210)
	at karate.io.netty.util.AsciiString.cached(AsciiString.java:1401)
	at karate.io.netty.util.AsciiString.<clinit>(AsciiString.java:48)
	at karate.io.netty.handler.codec.http.HttpMethod.<init>(HttpMethod.java:135)
	at karate.io.netty.handler.codec.http.HttpMethod.<clinit>(HttpMethod.java:36)
	at com.intuit.karate.http.MultiPartBuilder.<init>(MultiPartBuilder.java:89)
	at com.intuit.karate.http.HttpRequestBuilder.formField(HttpRequestBuilder.java:432)
	at com.intuit.karate.core.ScenarioEngine.formField(ScenarioEngine.java:438)
	at com.intuit.karate.ScenarioActions.formField(ScenarioActions.java:130)
	at java.base/jdk.internal.reflect.DirectMethodHandleAccessor.invoke(DirectMethodHandleAccessor.java:104)
	at java.base/java.lang.reflect.Method.invoke(Method.java:578)
	at com.intuit.karate.core.StepRuntime.execute(StepRuntime.java:280)
	at com.intuit.karate.core.ScenarioRuntime.execute(ScenarioRuntime.java:459)
	at com.intuit.karate.core.ScenarioRuntime.run(ScenarioRuntime.java:402)
	at com.intuit.karate.core.FeatureRuntime.processScenario(FeatureRuntime.java:181)
	at java.base/java.util.stream.ReferencePipeline$2$1.accept(ReferencePipeline.java:179)
	at com.intuit.karate.core.ScenarioIterator.tryAdvance(ScenarioIterator.java:156)
	at java.base/java.util.Spliterator.forEachRemaining(Spliterator.java:332)
	at java.base/java.util.stream.AbstractPipeline.copyInto(AbstractPipeline.java:509)
	at java.base/java.util.stream.AbstractPipeline.wrapAndCopyInto(AbstractPipeline.java:499)
	at java.base/java.util.stream.StreamSpliterators$WrappingSpliterator.forEachRemaining(StreamSpliterators.java:310)
	at java.base/java.util.Spliterators$1Adapter.forEachRemaining(Spliterators.java:706)
	at com.intuit.karate.core.FeatureRuntime.run(FeatureRuntime.java:164)
	at com.intuit.karate.core.ScenarioEngine.callFeature(ScenarioEngine.java:2007)
	at com.intuit.karate.core.ScenarioEngine.call(ScenarioEngine.java:1909)
	at com.intuit.karate.core.ScenarioBridge.callSingle(ScenarioBridge.java:231)
	at com.oracle.truffle.host.HostMethodDesc$SingleMethod$MHBase.invokeHandle(HostMethodDesc.java:284)
	at com.oracle.truffle.host.GuestToHostCodeCache$1.executeImpl(GuestToHostCodeCache.java:98)
	at com.oracle.truffle.host.GuestToHostRootNode.execute(GuestToHostRootNode.java:81)
	at com.oracle.truffle.api.impl.DefaultCallTarget.callDirectOrIndirect(DefaultCallTarget.java:85)
	at com.oracle.truffle.api.impl.DefaultRuntimeAccessor$DefaultRuntimeSupport.callInlined(DefaultRuntimeAccessor.java:119)
	at com.oracle.truffle.host.GuestToHostRootNode.guestToHostCall(GuestToHostRootNode.java:107)
	at com.oracle.truffle.host.HostMethodDesc$SingleMethod$MHBase.invokeGuestToHost(HostMethodDesc.java:315)
	at com.oracle.truffle.host.HostExecuteNode.doInvoke(HostExecuteNode.java:828)
	at com.oracle.truffle.host.HostExecuteNode.doOverloadedCached(HostExecuteNode.java:256)
	at com.oracle.truffle.host.HostExecuteNodeGen.executeAndSpecialize(HostExecuteNodeGen.java:233)
	at com.oracle.truffle.host.HostExecuteNodeGen.execute(HostExecuteNodeGen.java:95)
	at com.oracle.truffle.host.HostObject.invokeMember(HostObject.java:441)
	at com.oracle.truffle.host.HostObjectGen$InteropLibraryExports$Cached.invokeMemberNode_AndSpecialize(HostObjectGen.java:2695)
	at com.oracle.truffle.host.HostObjectGen$InteropLibraryExports$Cached.invokeMember(HostObjectGen.java:2677)
	at com.oracle.truffle.api.interop.InteropLibrary$Asserts.invokeMember(InteropLibrary.java:3378)
	at com.oracle.truffle.api.interop.InteropLibraryGen$CachedDispatch.invokeMember(InteropLibraryGen.java:8138)
	at com.oracle.truffle.js.nodes.function.JSFunctionCallNode$ForeignInvokeNode.executeCall(JSFunctionCallNode.java:1478)
	at com.oracle.truffle.js.nodes.function.JSFunctionCallNode.executeAndSpecialize(JSFunctionCallNode.java:305)
	at com.oracle.truffle.js.nodes.function.JSFunctionCallNode.executeCall(JSFunctionCallNode.java:251)
	at com.oracle.truffle.js.nodes.function.JSFunctionCallNode$InvokeNode.execute(JSFunctionCallNode.java:724)
	at com.oracle.truffle.js.nodes.access.JSWriteCurrentFrameSlotNodeGen.execute_generic4(JSWriteCurrentFrameSlotNodeGen.java:163)
	at com.oracle.truffle.js.nodes.access.JSWriteCurrentFrameSlotNodeGen.execute(JSWriteCurrentFrameSlotNodeGen.java:86)
	at com.oracle.truffle.js.nodes.access.JSWriteCurrentFrameSlotNodeGen.executeVoid(JSWriteCurrentFrameSlotNodeGen.java:317)
	at com.oracle.truffle.js.nodes.control.AbstractBlockNode.executeVoid(AbstractBlockNode.java:80)
	at com.oracle.truffle.js.nodes.control.AbstractBlockNode.executeVoid(AbstractBlockNode.java:55)
	at com.oracle.truffle.api.impl.DefaultBlockNode.executeGeneric(DefaultBlockNode.java:63)
	at com.oracle.truffle.js.nodes.control.AbstractBlockNode.execute(AbstractBlockNode.java:75)
	at com.oracle.truffle.js.nodes.function.FunctionBodyNode.execute(FunctionBodyNode.java:73)
	at com.oracle.truffle.js.nodes.function.FunctionRootNode.executeInRealm(FunctionRootNode.java:150)
	at com.oracle.truffle.js.runtime.JavaScriptRealmBoundaryRootNode.execute(JavaScriptRealmBoundaryRootNode.java:93)
	at com.oracle.truffle.api.impl.DefaultCallTarget.callDirectOrIndirect(DefaultCallTarget.java:85)
	at com.oracle.truffle.api.impl.DefaultDirectCallNode.call(DefaultDirectCallNode.java:59)
	at com.oracle.truffle.js.nodes.function.JSFunctionCallNode$UnboundJSFunctionCacheNode.executeCall(JSFunctionCallNode.java:1258)
	at com.oracle.truffle.js.nodes.function.JSFunctionCallNode.executeAndSpecialize(JSFunctionCallNode.java:305)
	at com.oracle.truffle.js.nodes.function.JSFunctionCallNode.executeCall(JSFunctionCallNode.java:251)
	at com.oracle.truffle.js.nodes.interop.JSInteropExecuteNode.doDefault(JSInteropExecuteNode.java:68)
	at com.oracle.truffle.js.nodes.interop.JSInteropExecuteNodeGen.executeAndSpecialize(JSInteropExecuteNodeGen.java:61)
	at com.oracle.truffle.js.nodes.interop.JSInteropExecuteNodeGen.execute(JSInteropExecuteNodeGen.java:43)
	at com.oracle.truffle.js.runtime.builtins.JSFunctionObject.execute(JSFunctionObject.java:140)
	at com.oracle.truffle.js.runtime.builtins.JSFunctionObjectGen$InteropLibraryExports$Cached.executeNode_AndSpecialize(JSFunctionObjectGen.java:151)
	at com.oracle.truffle.js.runtime.builtins.JSFunctionObjectGen$InteropLibraryExports$Cached.execute(JSFunctionObjectGen.java:130)
	at com.oracle.truffle.api.interop.InteropLibrary$Asserts.execute(InteropLibrary.java:2990)
	at com.oracle.truffle.api.interop.InteropLibraryGen$CachedDispatch.execute(InteropLibraryGen.java:7592)
	at com.oracle.truffle.polyglot.PolyglotValueDispatch$InteropValue$AbstractExecuteNode.executeShared(PolyglotValueDispatch.java:4207)
	at com.oracle.truffle.polyglot.PolyglotValueDispatch$InteropValue$ExecuteNoArgsNode.executeImpl(PolyglotValueDispatch.java:4314)
	at com.oracle.truffle.polyglot.HostToGuestRootNode.execute(HostToGuestRootNode.java:125)
	at com.oracle.truffle.api.impl.DefaultCallTarget.callDirectOrIndirect(DefaultCallTarget.java:85)
	at com.oracle.truffle.api.impl.DefaultCallTarget.call(DefaultCallTarget.java:102)
	at com.oracle.truffle.api.impl.DefaultRuntimeAccessor$DefaultRuntimeSupport.callProfiled(DefaultRuntimeAccessor.java:124)
	at com.oracle.truffle.polyglot.PolyglotValueDispatch$InteropValue.execute(PolyglotValueDispatch.java:2350)
	at org.graalvm.polyglot.Value.execute(Value.java:828)
	at com.intuit.karate.graal.JsEngine.execute(JsEngine.java:180)
	at com.intuit.karate.core.ScenarioEngine.executeJsValue(ScenarioEngine.java:1241)
	at com.intuit.karate.core.ScenarioEngine.executeFunction(ScenarioEngine.java:1227)
	at com.intuit.karate.core.ScenarioEngine.getOrEvalAsMap(ScenarioEngine.java:1216)
	at com.intuit.karate.core.ScenarioRuntime.evalConfigJs(ScenarioRuntime.java:291)
	at com.intuit.karate.core.ScenarioRuntime.beforeRun(ScenarioRuntime.java:369)
	at com.intuit.karate.core.ScenarioRuntime.run(ScenarioRuntime.java:395)
	at com.intuit.karate.core.FeatureRuntime.processScenario(FeatureRuntime.java:181)
	at java.base/java.util.stream.ReferencePipeline$2$1.accept(ReferencePipeline.java:179)
	at com.intuit.karate.core.ScenarioIterator.tryAdvance(ScenarioIterator.java:156)
	at java.base/java.util.Spliterator.forEachRemaining(Spliterator.java:332)
	at java.base/java.util.stream.AbstractPipeline.copyInto(AbstractPipeline.java:509)
	at java.base/java.util.stream.AbstractPipeline.wrapAndCopyInto(AbstractPipeline.java:499)
	at java.base/java.util.stream.StreamSpliterators$WrappingSpliterator.forEachRemaining(StreamSpliterators.java:310)
	at java.base/java.util.Spliterators$1Adapter.forEachRemaining(Spliterators.java:706)
	at com.intuit.karate.core.FeatureRuntime.run(FeatureRuntime.java:164)
	at java.base/java.util.concurrent.Executors$RunnableAdapter.call(Executors.java:577)
	at java.base/java.util.concurrent.FutureTask.run(FutureTask.java:317)
	at com.intuit.karate.core.SyncExecutorService.execute(SyncExecutorService.java:70)
	at java.base/java.util.concurrent.AbstractExecutorService.submit(AbstractExecutorService.java:123)
	at com.intuit.karate.Suite.run(Suite.java:235)
	at com.intuit.karate.Runner$Builder.parallel(Runner.java:575)
	at feature.TestRunner.testParallel(TestRunner.java:23)
	at java.base/jdk.internal.reflect.DirectMethodHandleAccessor.invoke(DirectMethodHandleAccessor.java:104)
	at java.base/java.lang.reflect.Method.invoke(Method.java:578)
	at org.junit.platform.commons.util.ReflectionUtils.invokeMethod(ReflectionUtils.java:688)
	at org.junit.jupiter.engine.execution.MethodInvocation.proceed(MethodInvocation.java:60)
	at org.junit.jupiter.engine.execution.InvocationInterceptorChain$ValidatingInvocation.proceed(InvocationInterceptorChain.java:131)
	at org.junit.jupiter.engine.extension.TimeoutExtension.intercept(TimeoutExtension.java:149)
	at org.junit.jupiter.engine.extension.TimeoutExtension.interceptTestableMethod(TimeoutExtension.java:140)
	at org.junit.jupiter.engine.extension.TimeoutExtension.interceptTestMethod(TimeoutExtension.java:84)
	at org.junit.jupiter.engine.execution.ExecutableInvoker$ReflectiveInterceptorCall.lambda$ofVoidMethod$0(ExecutableInvoker.java:115)
	at org.junit.jupiter.engine.execution.ExecutableInvoker.lambda$invoke$0(ExecutableInvoker.java:105)
	at org.junit.jupiter.engine.execution.InvocationInterceptorChain$InterceptedInvocation.proceed(InvocationInterceptorChain.java:106)
	at org.junit.jupiter.engine.execution.InvocationInterceptorChain.proceed(InvocationInterceptorChain.java:64)
	at org.junit.jupiter.engine.execution.InvocationInterceptorChain.chainAndInvoke(InvocationInterceptorChain.java:45)
	at org.junit.jupiter.engine.execution.InvocationInterceptorChain.invoke(InvocationInterceptorChain.java:37)
	at org.junit.jupiter.engine.execution.ExecutableInvoker.invoke(ExecutableInvoker.java:104)
	at org.junit.jupiter.engine.execution.ExecutableInvoker.invoke(ExecutableInvoker.java:98)
	at org.junit.jupiter.engine.descriptor.TestMethodTestDescriptor.lambda$invokeTestMethod$6(TestMethodTestDescriptor.java:210)
	at org.junit.platform.engine.support.hierarchical.ThrowableCollector.execute(ThrowableCollector.java:73)
	at org.junit.jupiter.engine.descriptor.TestMethodTestDescriptor.invokeTestMethod(TestMethodTestDescriptor.java:206)
	at org.junit.jupiter.engine.descriptor.TestMethodTestDescriptor.execute(TestMethodTestDescriptor.java:131)
	at org.junit.jupiter.engine.descriptor.TestMethodTestDescriptor.execute(TestMethodTestDescriptor.java:65)
	at org.junit.platform.engine.support.hierarchical.NodeTestTask.lambda$executeRecursively$5(NodeTestTask.java:139)
	at org.junit.platform.engine.support.hierarchical.ThrowableCollector.execute(ThrowableCollector.java:73)
	at org.junit.platform.engine.support.hierarchical.NodeTestTask.lambda$executeRecursively$7(NodeTestTask.java:129)
	at org.junit.platform.engine.support.hierarchical.Node.around(Node.java:137)
	at org.junit.platform.engine.support.hierarchical.NodeTestTask.lambda$executeRecursively$8(NodeTestTask.java:127)
	at org.junit.platform.engine.support.hierarchical.ThrowableCollector.execute(ThrowableCollector.java:73)
	at org.junit.platform.engine.support.hierarchical.NodeTestTask.executeRecursively(NodeTestTask.java:126)
	at org.junit.platform.engine.support.hierarchical.NodeTestTask.execute(NodeTestTask.java:84)
	at java.base/java.util.ArrayList.forEach(ArrayList.java:1511)
	at org.junit.platform.engine.support.hierarchical.SameThreadHierarchicalTestExecutorService.invokeAll(SameThreadHierarchicalTestExecutorService.java:38)
	at org.junit.platform.engine.support.hierarchical.NodeTestTask.lambda$executeRecursively$5(NodeTestTask.java:143)
	at org.junit.platform.engine.support.hierarchical.ThrowableCollector.execute(ThrowableCollector.java:73)
	at org.junit.platform.engine.support.hierarchical.NodeTestTask.lambda$executeRecursively$7(NodeTestTask.java:129)
	at org.junit.platform.engine.support.hierarchical.Node.around(Node.java:137)
	at org.junit.platform.engine.support.hierarchical.NodeTestTask.lambda$executeRecursively$8(NodeTestTask.java:127)
	at org.junit.platform.engine.support.hierarchical.ThrowableCollector.execute(ThrowableCollector.java:73)
	at org.junit.platform.engine.support.hierarchical.NodeTestTask.executeRecursively(NodeTestTask.java:126)
	at org.junit.platform.engine.support.hierarchical.NodeTestTask.execute(NodeTestTask.java:84)
	at java.base/java.util.ArrayList.forEach(ArrayList.java:1511)
	at org.junit.platform.engine.support.hierarchical.SameThreadHierarchicalTestExecutorService.invokeAll(SameThreadHierarchicalTestExecutorService.java:38)
	at org.junit.platform.engine.support.hierarchical.NodeTestTask.lambda$executeRecursively$5(NodeTestTask.java:143)
	at org.junit.platform.engine.support.hierarchical.ThrowableCollector.execute(ThrowableCollector.java:73)
	at org.junit.platform.engine.support.hierarchical.NodeTestTask.lambda$executeRecursively$7(NodeTestTask.java:129)
	at org.junit.platform.engine.support.hierarchical.Node.around(Node.java:137)
	at org.junit.platform.engine.support.hierarchical.NodeTestTask.lambda$executeRecursively$8(NodeTestTask.java:127)
	at org.junit.platform.engine.support.hierarchical.ThrowableCollector.execute(ThrowableCollector.java:73)
	at org.junit.platform.engine.support.hierarchical.NodeTestTask.executeRecursively(NodeTestTask.java:126)
	at org.junit.platform.engine.support.hierarchical.NodeTestTask.execute(NodeTestTask.java:84)
	at org.junit.platform.engine.support.hierarchical.SameThreadHierarchicalTestExecutorService.submit(SameThreadHierarchicalTestExecutorService.java:32)
	at org.junit.platform.engine.support.hierarchical.HierarchicalTestExecutor.execute(HierarchicalTestExecutor.java:57)
	at org.junit.platform.engine.support.hierarchical.HierarchicalTestEngine.execute(HierarchicalTestEngine.java:51)
	at org.junit.platform.launcher.core.DefaultLauncher.execute(DefaultLauncher.java:220)
	at org.junit.platform.launcher.core.DefaultLauncher.lambda$execute$6(DefaultLauncher.java:188)
	at org.junit.platform.launcher.core.DefaultLauncher.withInterceptedStreams(DefaultLauncher.java:202)
	at org.junit.platform.launcher.core.DefaultLauncher.execute(DefaultLauncher.java:181)
	at org.junit.platform.launcher.core.DefaultLauncher.execute(DefaultLauncher.java:128)
	at org.apache.maven.surefire.junitplatform.JUnitPlatformProvider.invokeAllTests(JUnitPlatformProvider.java:150)
	at org.apache.maven.surefire.junitplatform.JUnitPlatformProvider.invoke(JUnitPlatformProvider.java:124)
	at org.apache.maven.surefire.booter.ForkedBooter.invokeProviderInSameClassLoader(ForkedBooter.java:384)
	at org.apache.maven.surefire.booter.ForkedBooter.runSuitesInProcess(ForkedBooter.java:345)
	at org.apache.maven.surefire.booter.ForkedBooter.execute(ForkedBooter.java:126)
	at org.apache.maven.surefire.booter.ForkedBooter.main(ForkedBooter.java:418)
13:04:48.077 [main] DEBUG karate.io.netty.util.internal.PlatformDependent0 - java.nio.Bits.unaligned: available, true
13:04:48.078 [main] DEBUG karate.io.netty.util.internal.PlatformDependent0 - jdk.internal.misc.Unsafe.allocateUninitializedArray(int): unavailable
java.lang.IllegalAccessException: class karate.io.netty.util.internal.PlatformDependent0$6 cannot access class jdk.internal.misc.Unsafe (in module java.base) because module java.base does not export jdk.internal.misc to unnamed module @536aaa8d
	at java.base/jdk.internal.reflect.Reflection.newIllegalAccessException(Reflection.java:394)
	at java.base/java.lang.reflect.AccessibleObject.checkAccess(AccessibleObject.java:709)
	at java.base/java.lang.reflect.Method.invoke(Method.java:569)
	at karate.io.netty.util.internal.PlatformDependent0$6.run(PlatformDependent0.java:353)
	at java.base/java.security.AccessController.doPrivileged(AccessController.java:319)
	at karate.io.netty.util.internal.PlatformDependent0.<clinit>(PlatformDependent0.java:344)
	at karate.io.netty.util.internal.PlatformDependent.isAndroid(PlatformDependent.java:294)
	at karate.io.netty.util.internal.PlatformDependent.<clinit>(PlatformDependent.java:93)
	at karate.io.netty.util.AsciiString.<init>(AsciiString.java:223)
	at karate.io.netty.util.AsciiString.<init>(AsciiString.java:210)
	at karate.io.netty.util.AsciiString.cached(AsciiString.java:1401)
	at karate.io.netty.util.AsciiString.<clinit>(AsciiString.java:48)
	at karate.io.netty.handler.codec.http.HttpMethod.<init>(HttpMethod.java:135)
	at karate.io.netty.handler.codec.http.HttpMethod.<clinit>(HttpMethod.java:36)
	at com.intuit.karate.http.MultiPartBuilder.<init>(MultiPartBuilder.java:89)
	at com.intuit.karate.http.HttpRequestBuilder.formField(HttpRequestBuilder.java:432)
	at com.intuit.karate.core.ScenarioEngine.formField(ScenarioEngine.java:438)
	at com.intuit.karate.ScenarioActions.formField(ScenarioActions.java:130)
	at java.base/jdk.internal.reflect.DirectMethodHandleAccessor.invoke(DirectMethodHandleAccessor.java:104)
	at java.base/java.lang.reflect.Method.invoke(Method.java:578)
	at com.intuit.karate.core.StepRuntime.execute(StepRuntime.java:280)
	at com.intuit.karate.core.ScenarioRuntime.execute(ScenarioRuntime.java:459)
	at com.intuit.karate.core.ScenarioRuntime.run(ScenarioRuntime.java:402)
	at com.intuit.karate.core.FeatureRuntime.processScenario(FeatureRuntime.java:181)
	at java.base/java.util.stream.ReferencePipeline$2$1.accept(ReferencePipeline.java:179)
	at com.intuit.karate.core.ScenarioIterator.tryAdvance(ScenarioIterator.java:156)
	at java.base/java.util.Spliterator.forEachRemaining(Spliterator.java:332)
	at java.base/java.util.stream.AbstractPipeline.copyInto(AbstractPipeline.java:509)
	at java.base/java.util.stream.AbstractPipeline.wrapAndCopyInto(AbstractPipeline.java:499)
	at java.base/java.util.stream.StreamSpliterators$WrappingSpliterator.forEachRemaining(StreamSpliterators.java:310)
	at java.base/java.util.Spliterators$1Adapter.forEachRemaining(Spliterators.java:706)
	at com.intuit.karate.core.FeatureRuntime.run(FeatureRuntime.java:164)
	at com.intuit.karate.core.ScenarioEngine.callFeature(ScenarioEngine.java:2007)
	at com.intuit.karate.core.ScenarioEngine.call(ScenarioEngine.java:1909)
	at com.intuit.karate.core.ScenarioBridge.callSingle(ScenarioBridge.java:231)
	at com.oracle.truffle.host.HostMethodDesc$SingleMethod$MHBase.invokeHandle(HostMethodDesc.java:284)
	at com.oracle.truffle.host.GuestToHostCodeCache$1.executeImpl(GuestToHostCodeCache.java:98)
	at com.oracle.truffle.host.GuestToHostRootNode.execute(GuestToHostRootNode.java:81)
	at com.oracle.truffle.api.impl.DefaultCallTarget.callDirectOrIndirect(DefaultCallTarget.java:85)
	at com.oracle.truffle.api.impl.DefaultRuntimeAccessor$DefaultRuntimeSupport.callInlined(DefaultRuntimeAccessor.java:119)
	at com.oracle.truffle.host.GuestToHostRootNode.guestToHostCall(GuestToHostRootNode.java:107)
	at com.oracle.truffle.host.HostMethodDesc$SingleMethod$MHBase.invokeGuestToHost(HostMethodDesc.java:315)
	at com.oracle.truffle.host.HostExecuteNode.doInvoke(HostExecuteNode.java:828)
	at com.oracle.truffle.host.HostExecuteNode.doOverloadedCached(HostExecuteNode.java:256)
	at com.oracle.truffle.host.HostExecuteNodeGen.executeAndSpecialize(HostExecuteNodeGen.java:233)
	at com.oracle.truffle.host.HostExecuteNodeGen.execute(HostExecuteNodeGen.java:95)
	at com.oracle.truffle.host.HostObject.invokeMember(HostObject.java:441)
	at com.oracle.truffle.host.HostObjectGen$InteropLibraryExports$Cached.invokeMemberNode_AndSpecialize(HostObjectGen.java:2695)
	at com.oracle.truffle.host.HostObjectGen$InteropLibraryExports$Cached.invokeMember(HostObjectGen.java:2677)
	at com.oracle.truffle.api.interop.InteropLibrary$Asserts.invokeMember(InteropLibrary.java:3378)
	at com.oracle.truffle.api.interop.InteropLibraryGen$CachedDispatch.invokeMember(InteropLibraryGen.java:8138)
	at com.oracle.truffle.js.nodes.function.JSFunctionCallNode$ForeignInvokeNode.executeCall(JSFunctionCallNode.java:1478)
	at com.oracle.truffle.js.nodes.function.JSFunctionCallNode.executeAndSpecialize(JSFunctionCallNode.java:305)
	at com.oracle.truffle.js.nodes.function.JSFunctionCallNode.executeCall(JSFunctionCallNode.java:251)
	at com.oracle.truffle.js.nodes.function.JSFunctionCallNode$InvokeNode.execute(JSFunctionCallNode.java:724)
	at com.oracle.truffle.js.nodes.access.JSWriteCurrentFrameSlotNodeGen.execute_generic4(JSWriteCurrentFrameSlotNodeGen.java:163)
	at com.oracle.truffle.js.nodes.access.JSWriteCurrentFrameSlotNodeGen.execute(JSWriteCurrentFrameSlotNodeGen.java:86)
	at com.oracle.truffle.js.nodes.access.JSWriteCurrentFrameSlotNodeGen.executeVoid(JSWriteCurrentFrameSlotNodeGen.java:317)
	at com.oracle.truffle.js.nodes.control.AbstractBlockNode.executeVoid(AbstractBlockNode.java:80)
	at com.oracle.truffle.js.nodes.control.AbstractBlockNode.executeVoid(AbstractBlockNode.java:55)
	at com.oracle.truffle.api.impl.DefaultBlockNode.executeGeneric(DefaultBlockNode.java:63)
	at com.oracle.truffle.js.nodes.control.AbstractBlockNode.execute(AbstractBlockNode.java:75)
	at com.oracle.truffle.js.nodes.function.FunctionBodyNode.execute(FunctionBodyNode.java:73)
	at com.oracle.truffle.js.nodes.function.FunctionRootNode.executeInRealm(FunctionRootNode.java:150)
	at com.oracle.truffle.js.runtime.JavaScriptRealmBoundaryRootNode.execute(JavaScriptRealmBoundaryRootNode.java:93)
	at com.oracle.truffle.api.impl.DefaultCallTarget.callDirectOrIndirect(DefaultCallTarget.java:85)
	at com.oracle.truffle.api.impl.DefaultDirectCallNode.call(DefaultDirectCallNode.java:59)
	at com.oracle.truffle.js.nodes.function.JSFunctionCallNode$UnboundJSFunctionCacheNode.executeCall(JSFunctionCallNode.java:1258)
	at com.oracle.truffle.js.nodes.function.JSFunctionCallNode.executeAndSpecialize(JSFunctionCallNode.java:305)
	at com.oracle.truffle.js.nodes.function.JSFunctionCallNode.executeCall(JSFunctionCallNode.java:251)
	at com.oracle.truffle.js.nodes.interop.JSInteropExecuteNode.doDefault(JSInteropExecuteNode.java:68)
	at com.oracle.truffle.js.nodes.interop.JSInteropExecuteNodeGen.executeAndSpecialize(JSInteropExecuteNodeGen.java:61)
	at com.oracle.truffle.js.nodes.interop.JSInteropExecuteNodeGen.execute(JSInteropExecuteNodeGen.java:43)
	at com.oracle.truffle.js.runtime.builtins.JSFunctionObject.execute(JSFunctionObject.java:140)
	at com.oracle.truffle.js.runtime.builtins.JSFunctionObjectGen$InteropLibraryExports$Cached.executeNode_AndSpecialize(JSFunctionObjectGen.java:151)
	at com.oracle.truffle.js.runtime.builtins.JSFunctionObjectGen$InteropLibraryExports$Cached.execute(JSFunctionObjectGen.java:130)
	at com.oracle.truffle.api.interop.InteropLibrary$Asserts.execute(InteropLibrary.java:2990)
	at com.oracle.truffle.api.interop.InteropLibraryGen$CachedDispatch.execute(InteropLibraryGen.java:7592)
	at com.oracle.truffle.polyglot.PolyglotValueDispatch$InteropValue$AbstractExecuteNode.executeShared(PolyglotValueDispatch.java:4207)
	at com.oracle.truffle.polyglot.PolyglotValueDispatch$InteropValue$ExecuteNoArgsNode.executeImpl(PolyglotValueDispatch.java:4314)
	at com.oracle.truffle.polyglot.HostToGuestRootNode.execute(HostToGuestRootNode.java:125)
	at com.oracle.truffle.api.impl.DefaultCallTarget.callDirectOrIndirect(DefaultCallTarget.java:85)
	at com.oracle.truffle.api.impl.DefaultCallTarget.call(DefaultCallTarget.java:102)
	at com.oracle.truffle.api.impl.DefaultRuntimeAccessor$DefaultRuntimeSupport.callProfiled(DefaultRuntimeAccessor.java:124)
	at com.oracle.truffle.polyglot.PolyglotValueDispatch$InteropValue.execute(PolyglotValueDispatch.java:2350)
	at org.graalvm.polyglot.Value.execute(Value.java:828)
	at com.intuit.karate.graal.JsEngine.execute(JsEngine.java:180)
	at com.intuit.karate.core.ScenarioEngine.executeJsValue(ScenarioEngine.java:1241)
	at com.intuit.karate.core.ScenarioEngine.executeFunction(ScenarioEngine.java:1227)
	at com.intuit.karate.core.ScenarioEngine.getOrEvalAsMap(ScenarioEngine.java:1216)
	at com.intuit.karate.core.ScenarioRuntime.evalConfigJs(ScenarioRuntime.java:291)
	at com.intuit.karate.core.ScenarioRuntime.beforeRun(ScenarioRuntime.java:369)
	at com.intuit.karate.core.ScenarioRuntime.run(ScenarioRuntime.java:395)
	at com.intuit.karate.core.FeatureRuntime.processScenario(FeatureRuntime.java:181)
	at java.base/java.util.stream.ReferencePipeline$2$1.accept(ReferencePipeline.java:179)
	at com.intuit.karate.core.ScenarioIterator.tryAdvance(ScenarioIterator.java:156)
	at java.base/java.util.Spliterator.forEachRemaining(Spliterator.java:332)
	at java.base/java.util.stream.AbstractPipeline.copyInto(AbstractPipeline.java:509)
	at java.base/java.util.stream.AbstractPipeline.wrapAndCopyInto(AbstractPipeline.java:499)
	at java.base/java.util.stream.StreamSpliterators$WrappingSpliterator.forEachRemaining(StreamSpliterators.java:310)
	at java.base/java.util.Spliterators$1Adapter.forEachRemaining(Spliterators.java:706)
	at com.intuit.karate.core.FeatureRuntime.run(FeatureRuntime.java:164)
	at java.base/java.util.concurrent.Executors$RunnableAdapter.call(Executors.java:577)
	at java.base/java.util.concurrent.FutureTask.run(FutureTask.java:317)
	at com.intuit.karate.core.SyncExecutorService.execute(SyncExecutorService.java:70)
	at java.base/java.util.concurrent.AbstractExecutorService.submit(AbstractExecutorService.java:123)
	at com.intuit.karate.Suite.run(Suite.java:235)
	at com.intuit.karate.Runner$Builder.parallel(Runner.java:575)
	at feature.TestRunner.testParallel(TestRunner.java:23)
	at java.base/jdk.internal.reflect.DirectMethodHandleAccessor.invoke(DirectMethodHandleAccessor.java:104)
	at java.base/java.lang.reflect.Method.invoke(Method.java:578)
	at org.junit.platform.commons.util.ReflectionUtils.invokeMethod(ReflectionUtils.java:688)
	at org.junit.jupiter.engine.execution.MethodInvocation.proceed(MethodInvocation.java:60)
	at org.junit.jupiter.engine.execution.InvocationInterceptorChain$ValidatingInvocation.proceed(InvocationInterceptorChain.java:131)
	at org.junit.jupiter.engine.extension.TimeoutExtension.intercept(TimeoutExtension.java:149)
	at org.junit.jupiter.engine.extension.TimeoutExtension.interceptTestableMethod(TimeoutExtension.java:140)
	at org.junit.jupiter.engine.extension.TimeoutExtension.interceptTestMethod(TimeoutExtension.java:84)
	at org.junit.jupiter.engine.execution.ExecutableInvoker$ReflectiveInterceptorCall.lambda$ofVoidMethod$0(ExecutableInvoker.java:115)
	at org.junit.jupiter.engine.execution.ExecutableInvoker.lambda$invoke$0(ExecutableInvoker.java:105)
	at org.junit.jupiter.engine.execution.InvocationInterceptorChain$InterceptedInvocation.proceed(InvocationInterceptorChain.java:106)
	at org.junit.jupiter.engine.execution.InvocationInterceptorChain.proceed(InvocationInterceptorChain.java:64)
	at org.junit.jupiter.engine.execution.InvocationInterceptorChain.chainAndInvoke(InvocationInterceptorChain.java:45)
	at org.junit.jupiter.engine.execution.InvocationInterceptorChain.invoke(InvocationInterceptorChain.java:37)
	at org.junit.jupiter.engine.execution.ExecutableInvoker.invoke(ExecutableInvoker.java:104)
	at org.junit.jupiter.engine.execution.ExecutableInvoker.invoke(ExecutableInvoker.java:98)
	at org.junit.jupiter.engine.descriptor.TestMethodTestDescriptor.lambda$invokeTestMethod$6(TestMethodTestDescriptor.java:210)
	at org.junit.platform.engine.support.hierarchical.ThrowableCollector.execute(ThrowableCollector.java:73)
	at org.junit.jupiter.engine.descriptor.TestMethodTestDescriptor.invokeTestMethod(TestMethodTestDescriptor.java:206)
	at org.junit.jupiter.engine.descriptor.TestMethodTestDescriptor.execute(TestMethodTestDescriptor.java:131)
	at org.junit.jupiter.engine.descriptor.TestMethodTestDescriptor.execute(TestMethodTestDescriptor.java:65)
	at org.junit.platform.engine.support.hierarchical.NodeTestTask.lambda$executeRecursively$5(NodeTestTask.java:139)
	at org.junit.platform.engine.support.hierarchical.ThrowableCollector.execute(ThrowableCollector.java:73)
	at org.junit.platform.engine.support.hierarchical.NodeTestTask.lambda$executeRecursively$7(NodeTestTask.java:129)
	at org.junit.platform.engine.support.hierarchical.Node.around(Node.java:137)
	at org.junit.platform.engine.support.hierarchical.NodeTestTask.lambda$executeRecursively$8(NodeTestTask.java:127)
	at org.junit.platform.engine.support.hierarchical.ThrowableCollector.execute(ThrowableCollector.java:73)
	at org.junit.platform.engine.support.hierarchical.NodeTestTask.executeRecursively(NodeTestTask.java:126)
	at org.junit.platform.engine.support.hierarchical.NodeTestTask.execute(NodeTestTask.java:84)
	at java.base/java.util.ArrayList.forEach(ArrayList.java:1511)
	at org.junit.platform.engine.support.hierarchical.SameThreadHierarchicalTestExecutorService.invokeAll(SameThreadHierarchicalTestExecutorService.java:38)
	at org.junit.platform.engine.support.hierarchical.NodeTestTask.lambda$executeRecursively$5(NodeTestTask.java:143)
	at org.junit.platform.engine.support.hierarchical.ThrowableCollector.execute(ThrowableCollector.java:73)
	at org.junit.platform.engine.support.hierarchical.NodeTestTask.lambda$executeRecursively$7(NodeTestTask.java:129)
	at org.junit.platform.engine.support.hierarchical.Node.around(Node.java:137)
	at org.junit.platform.engine.support.hierarchical.NodeTestTask.lambda$executeRecursively$8(NodeTestTask.java:127)
	at org.junit.platform.engine.support.hierarchical.ThrowableCollector.execute(ThrowableCollector.java:73)
	at org.junit.platform.engine.support.hierarchical.NodeTestTask.executeRecursively(NodeTestTask.java:126)
	at org.junit.platform.engine.support.hierarchical.NodeTestTask.execute(NodeTestTask.java:84)
	at java.base/java.util.ArrayList.forEach(ArrayList.java:1511)
	at org.junit.platform.engine.support.hierarchical.SameThreadHierarchicalTestExecutorService.invokeAll(SameThreadHierarchicalTestExecutorService.java:38)
	at org.junit.platform.engine.support.hierarchical.NodeTestTask.lambda$executeRecursively$5(NodeTestTask.java:143)
	at org.junit.platform.engine.support.hierarchical.ThrowableCollector.execute(ThrowableCollector.java:73)
	at org.junit.platform.engine.support.hierarchical.NodeTestTask.lambda$executeRecursively$7(NodeTestTask.java:129)
	at org.junit.platform.engine.support.hierarchical.Node.around(Node.java:137)
	at org.junit.platform.engine.support.hierarchical.NodeTestTask.lambda$executeRecursively$8(NodeTestTask.java:127)
	at org.junit.platform.engine.support.hierarchical.ThrowableCollector.execute(ThrowableCollector.java:73)
	at org.junit.platform.engine.support.hierarchical.NodeTestTask.executeRecursively(NodeTestTask.java:126)
	at org.junit.platform.engine.support.hierarchical.NodeTestTask.execute(NodeTestTask.java:84)
	at org.junit.platform.engine.support.hierarchical.SameThreadHierarchicalTestExecutorService.submit(SameThreadHierarchicalTestExecutorService.java:32)
	at org.junit.platform.engine.support.hierarchical.HierarchicalTestExecutor.execute(HierarchicalTestExecutor.java:57)
	at org.junit.platform.engine.support.hierarchical.HierarchicalTestEngine.execute(HierarchicalTestEngine.java:51)
	at org.junit.platform.launcher.core.DefaultLauncher.execute(DefaultLauncher.java:220)
	at org.junit.platform.launcher.core.DefaultLauncher.lambda$execute$6(DefaultLauncher.java:188)
	at org.junit.platform.launcher.core.DefaultLauncher.withInterceptedStreams(DefaultLauncher.java:202)
	at org.junit.platform.launcher.core.DefaultLauncher.execute(DefaultLauncher.java:181)
	at org.junit.platform.launcher.core.DefaultLauncher.execute(DefaultLauncher.java:128)
	at org.apache.maven.surefire.junitplatform.JUnitPlatformProvider.invokeAllTests(JUnitPlatformProvider.java:150)
	at org.apache.maven.surefire.junitplatform.JUnitPlatformProvider.invoke(JUnitPlatformProvider.java:124)
	at org.apache.maven.surefire.booter.ForkedBooter.invokeProviderInSameClassLoader(ForkedBooter.java:384)
	at org.apache.maven.surefire.booter.ForkedBooter.runSuitesInProcess(ForkedBooter.java:345)
	at org.apache.maven.surefire.booter.ForkedBooter.execute(ForkedBooter.java:126)
	at org.apache.maven.surefire.booter.ForkedBooter.main(ForkedBooter.java:418)
13:04:48.082 [main] DEBUG karate.io.netty.util.internal.PlatformDependent0 - java.nio.DirectByteBuffer.<init>(long, int): unavailable
13:04:48.082 [main] DEBUG karate.io.netty.util.internal.PlatformDependent - sun.misc.Unsafe: available
13:04:48.083 [main] DEBUG karate.io.netty.util.internal.PlatformDependent - maxDirectMemory: 3980394496 bytes (maybe)
13:04:48.083 [main] DEBUG karate.io.netty.util.internal.PlatformDependent - -Dio.netty.tmpdir: C:\Users\t949697\AppData\Local\Temp (java.io.tmpdir)
13:04:48.083 [main] DEBUG karate.io.netty.util.internal.PlatformDependent - -Dio.netty.bitMode: 64 (sun.arch.data.model)
13:04:48.084 [main] DEBUG karate.io.netty.util.internal.PlatformDependent - -Dio.netty.maxDirectMemory: -1 bytes
13:04:48.084 [main] DEBUG karate.io.netty.util.internal.PlatformDependent - -Dio.netty.uninitializedArrayAllocationThreshold: -1
13:04:48.085 [main] DEBUG karate.io.netty.util.internal.CleanerJava9 - java.nio.ByteBuffer.cleaner(): available
13:04:48.086 [main] DEBUG karate.io.netty.util.internal.PlatformDependent - -Dio.netty.noPreferDirect: false
13:04:48.104 [main] DEBUG karate.io.netty.util.ResourceLeakDetector - -Dkarate.io.netty.leakDetection.level: simple
13:04:48.105 [main] DEBUG karate.io.netty.util.ResourceLeakDetector - -Dkarate.io.netty.leakDetection.targetRecords: 4
13:04:48.113 [main] DEBUG karate.io.netty.buffer.AbstractByteBuf - -Dkarate.io.netty.buffer.checkAccessible: true
13:04:48.113 [main] DEBUG karate.io.netty.buffer.AbstractByteBuf - -Dkarate.io.netty.buffer.checkBounds: true
13:04:48.114 [main] DEBUG karate.io.netty.util.ResourceLeakDetectorFactory - Loaded default ResourceLeakDetector: karate.io.netty.util.ResourceLeakDetector@3fc05ea2
13:04:48.134 [main] DEBUG karate.io.netty.util.internal.InternalThreadLocalMap - -Dio.netty.threadLocalMap.stringBuilder.initialSize: 1024
13:04:48.134 [main] DEBUG karate.io.netty.util.internal.InternalThreadLocalMap - -Dio.netty.threadLocalMap.stringBuilder.maxSize: 4096
13:04:48.136 [main] DEBUG karate.io.netty.buffer.PooledByteBufAllocator - -Dio.netty.allocator.numHeapArenas: 32
13:04:48.136 [main] DEBUG karate.io.netty.buffer.PooledByteBufAllocator - -Dio.netty.allocator.numDirectArenas: 32
13:04:48.136 [main] DEBUG karate.io.netty.buffer.PooledByteBufAllocator - -Dio.netty.allocator.pageSize: 8192
13:04:48.136 [main] DEBUG karate.io.netty.buffer.PooledByteBufAllocator - -Dio.netty.allocator.maxOrder: 11
13:04:48.136 [main] DEBUG karate.io.netty.buffer.PooledByteBufAllocator - -Dio.netty.allocator.chunkSize: 16777216
13:04:48.136 [main] DEBUG karate.io.netty.buffer.PooledByteBufAllocator - -Dio.netty.allocator.smallCacheSize: 256
13:04:48.136 [main] DEBUG karate.io.netty.buffer.PooledByteBufAllocator - -Dio.netty.allocator.normalCacheSize: 64
13:04:48.136 [main] DEBUG karate.io.netty.buffer.PooledByteBufAllocator - -Dio.netty.allocator.maxCachedBufferCapacity: 32768
13:04:48.137 [main] DEBUG karate.io.netty.buffer.PooledByteBufAllocator - -Dio.netty.allocator.cacheTrimInterval: 8192
13:04:48.137 [main] DEBUG karate.io.netty.buffer.PooledByteBufAllocator - -Dio.netty.allocator.cacheTrimIntervalMillis: 0
13:04:48.137 [main] DEBUG karate.io.netty.buffer.PooledByteBufAllocator - -Dio.netty.allocator.useCacheForAllThreads: true
13:04:48.137 [main] DEBUG karate.io.netty.buffer.PooledByteBufAllocator - -Dio.netty.allocator.maxCachedByteBuffersPerChunk: 1023
13:04:48.148 [main] DEBUG karate.io.netty.buffer.ByteBufUtil - -Dio.netty.allocator.type: pooled
13:04:48.148 [main] DEBUG karate.io.netty.buffer.ByteBufUtil - -Dio.netty.threadLocalDirectBufferSize: 0
13:04:48.148 [main] DEBUG karate.io.netty.buffer.ByteBufUtil - -Dio.netty.maxThreadLocalCharBufferSize: 16384
13:04:48.236 [main] DEBUG karate.org.apache.http.client.protocol.RequestAddCookies - CookieSpec selected: karate
13:04:48.243 [main] DEBUG karate.org.apache.http.client.protocol.RequestAuthCache - Auth cache not set in the context
13:04:48.247 [main] DEBUG com.intuit.karate - request:
1 > POST https://apigw-st.telus.com/st/token
1 > accept: application/json
1 > Content-Type: application/x-www-form-urlencoded
1 > Content-Length: 174
1 > Host: apigw-st.telus.com
1 > Connection: Keep-Alive
1 > User-Agent: Apache-HttpClient/4.5.13 (Java/20.0.2)
1 > Accept-Encoding: gzip,deflate
grant_type=client_credentials&client_id=52e80bfa-b42c-47d7-98b5-8bb87c926209&client_secret=3ad8873a-4723-46ba-9989-afaec288f5d104c2d7ff-9d6b-48c1-a9ff-6502d4808fee&scope=4720

13:04:48.248 [main] DEBUG karate.org.apache.http.impl.conn.PoolingHttpClientConnectionManager - Connection request: [route: {s}->https://apigw-st.telus.com:443][total available: 0; route allocated: 0 of 5; total allocated: 0 of 10]
13:04:48.258 [main] DEBUG karate.org.apache.http.impl.conn.PoolingHttpClientConnectionManager - Connection leased: [id: 0][route: {s}->https://apigw-st.telus.com:443][total available: 0; route allocated: 1 of 5; total allocated: 1 of 10]
13:04:48.259 [main] DEBUG karate.org.apache.http.impl.execchain.MainClientExec - Opening connection {s}->https://apigw-st.telus.com:443
13:04:48.374 [main] DEBUG karate.org.apache.http.impl.conn.DefaultHttpClientConnectionOperator - Connecting to apigw-st.telus.com/207.219.84.31:443
13:04:48.374 [main] DEBUG karate.org.apache.http.conn.ssl.LenientSslConnectionSocketFactory - Connecting socket to apigw-st.telus.com/207.219.84.31:443 with timeout 10000
13:04:48.473 [main] DEBUG karate.org.apache.http.conn.ssl.LenientSslConnectionSocketFactory - Enabled protocols: [TLSv1.3, TLSv1.2]
13:04:48.473 [main] DEBUG karate.org.apache.http.conn.ssl.LenientSslConnectionSocketFactory - Enabled cipher suites:[TLS_AES_256_GCM_SHA384, TLS_AES_128_GCM_SHA256, TLS_CHACHA20_POLY1305_SHA256, TLS_ECDHE_ECDSA_WITH_AES_256_GCM_SHA384, TLS_ECDHE_ECDSA_WITH_AES_128_GCM_SHA256, TLS_ECDHE_ECDSA_WITH_CHACHA20_POLY1305_SHA256, TLS_ECDHE_RSA_WITH_AES_256_GCM_SHA384, TLS_ECDHE_RSA_WITH_CHACHA20_POLY1305_SHA256, TLS_ECDHE_RSA_WITH_AES_128_GCM_SHA256, TLS_DHE_RSA_WITH_AES_256_GCM_SHA384, TLS_DHE_RSA_WITH_CHACHA20_POLY1305_SHA256, TLS_DHE_DSS_WITH_AES_256_GCM_SHA384, TLS_DHE_RSA_WITH_AES_128_GCM_SHA256, TLS_DHE_DSS_WITH_AES_128_GCM_SHA256, TLS_ECDHE_ECDSA_WITH_AES_256_CBC_SHA384, TLS_ECDHE_RSA_WITH_AES_256_CBC_SHA384, TLS_ECDHE_ECDSA_WITH_AES_128_CBC_SHA256, TLS_ECDHE_RSA_WITH_AES_128_CBC_SHA256, TLS_DHE_RSA_WITH_AES_256_CBC_SHA256, TLS_DHE_DSS_WITH_AES_256_CBC_SHA256, TLS_DHE_RSA_WITH_AES_128_CBC_SHA256, TLS_DHE_DSS_WITH_AES_128_CBC_SHA256, TLS_ECDHE_ECDSA_WITH_AES_256_CBC_SHA, TLS_ECDHE_RSA_WITH_AES_256_CBC_SHA, TLS_ECDHE_ECDSA_WITH_AES_128_CBC_SHA, TLS_ECDHE_RSA_WITH_AES_128_CBC_SHA, TLS_DHE_RSA_WITH_AES_256_CBC_SHA, TLS_DHE_DSS_WITH_AES_256_CBC_SHA, TLS_DHE_RSA_WITH_AES_128_CBC_SHA, TLS_DHE_DSS_WITH_AES_128_CBC_SHA, TLS_RSA_WITH_AES_256_GCM_SHA384, TLS_RSA_WITH_AES_128_GCM_SHA256, TLS_RSA_WITH_AES_256_CBC_SHA256, TLS_RSA_WITH_AES_128_CBC_SHA256, TLS_RSA_WITH_AES_256_CBC_SHA, TLS_RSA_WITH_AES_128_CBC_SHA, TLS_EMPTY_RENEGOTIATION_INFO_SCSV]
13:04:48.473 [main] DEBUG karate.org.apache.http.conn.ssl.LenientSslConnectionSocketFactory - Starting handshake
13:04:48.660 [main] DEBUG karate.org.apache.http.conn.ssl.LenientSslConnectionSocketFactory - Secure session established
13:04:48.660 [main] DEBUG karate.org.apache.http.conn.ssl.LenientSslConnectionSocketFactory -  negotiated protocol: TLSv1.3
13:04:48.660 [main] DEBUG karate.org.apache.http.conn.ssl.LenientSslConnectionSocketFactory -  negotiated cipher suite: TLS_AES_128_GCM_SHA256
13:04:48.662 [main] DEBUG karate.org.apache.http.conn.ssl.LenientSslConnectionSocketFactory -  peer principal: CN=apigw-soap-st.telus.com, O=TELUS Corp., L=Vancouver, ST=British Columbia, C=CA
13:04:48.662 [main] DEBUG karate.org.apache.http.conn.ssl.LenientSslConnectionSocketFactory -  peer alternative names: [apigw-soap-st.telus.com, apigw-st.telus.com, apigw-qidc-st.telus.com, apigw-kidc-st.telus.com, apigw-soap-qidc-st.telus.com, apigw-soap-kidc-st.telus.com]
13:04:48.662 [main] DEBUG karate.org.apache.http.conn.ssl.LenientSslConnectionSocketFactory -  issuer principal: CN=DigiCert Global G2 TLS RSA SHA256 2020 CA1, O=DigiCert Inc, C=US
13:04:48.663 [main] DEBUG karate.org.apache.http.impl.conn.DefaultHttpClientConnectionOperator - Connection established 192.168.1.65:54934<->207.219.84.31:443
13:04:48.664 [main] DEBUG karate.org.apache.http.impl.conn.DefaultManagedHttpClientConnection - http-outgoing-0: set socket timeout to 10000
13:04:48.664 [main] DEBUG karate.org.apache.http.impl.execchain.MainClientExec - Executing request POST /st/token HTTP/1.1
13:04:48.664 [main] DEBUG karate.org.apache.http.impl.execchain.MainClientExec - Target auth state: UNCHALLENGED
13:04:48.664 [main] DEBUG karate.org.apache.http.impl.execchain.MainClientExec - Proxy auth state: UNCHALLENGED
13:04:48.665 [main] DEBUG karate.org.apache.http.headers - http-outgoing-0 >> POST /st/token HTTP/1.1
13:04:48.666 [main] DEBUG karate.org.apache.http.headers - http-outgoing-0 >> accept: application/json
13:04:48.666 [main] DEBUG karate.org.apache.http.headers - http-outgoing-0 >> Content-Type: application/x-www-form-urlencoded
13:04:48.666 [main] DEBUG karate.org.apache.http.headers - http-outgoing-0 >> Content-Length: 174
13:04:48.666 [main] DEBUG karate.org.apache.http.headers - http-outgoing-0 >> Host: apigw-st.telus.com
13:04:48.666 [main] DEBUG karate.org.apache.http.headers - http-outgoing-0 >> Connection: Keep-Alive
13:04:48.666 [main] DEBUG karate.org.apache.http.headers - http-outgoing-0 >> User-Agent: Apache-HttpClient/4.5.13 (Java/20.0.2)
13:04:48.666 [main] DEBUG karate.org.apache.http.headers - http-outgoing-0 >> Accept-Encoding: gzip,deflate
13:04:48.666 [main] DEBUG karate.org.apache.http.wire - http-outgoing-0 >> "POST /st/token HTTP/1.1[\r][\n]"
13:04:48.666 [main] DEBUG karate.org.apache.http.wire - http-outgoing-0 >> "accept: application/json[\r][\n]"
13:04:48.666 [main] DEBUG karate.org.apache.http.wire - http-outgoing-0 >> "Content-Type: application/x-www-form-urlencoded[\r][\n]"
13:04:48.666 [main] DEBUG karate.org.apache.http.wire - http-outgoing-0 >> "Content-Length: 174[\r][\n]"
13:04:48.666 [main] DEBUG karate.org.apache.http.wire - http-outgoing-0 >> "Host: apigw-st.telus.com[\r][\n]"
13:04:48.666 [main] DEBUG karate.org.apache.http.wire - http-outgoing-0 >> "Connection: Keep-Alive[\r][\n]"
13:04:48.666 [main] DEBUG karate.org.apache.http.wire - http-outgoing-0 >> "User-Agent: Apache-HttpClient/4.5.13 (Java/20.0.2)[\r][\n]"
13:04:48.666 [main] DEBUG karate.org.apache.http.wire - http-outgoing-0 >> "Accept-Encoding: gzip,deflate[\r][\n]"
13:04:48.666 [main] DEBUG karate.org.apache.http.wire - http-outgoing-0 >> "[\r][\n]"
13:04:48.666 [main] DEBUG karate.org.apache.http.wire - http-outgoing-0 >> "grant_type=client_credentials&client_id=52e80bfa-b42c-47d7-98b5-8bb87c926209&client_secret=3ad8873a-4723-46ba-9989-afaec288f5d104c2d7ff-9d6b-48c1-a9ff-6502d4808fee&scope=4720"
13:04:48.723 [main] DEBUG karate.org.apache.http.wire - http-outgoing-0 << "HTTP/1.1 200 OK[\r][\n]"
13:04:48.723 [main] DEBUG karate.org.apache.http.wire - http-outgoing-0 << "Content-Type: application/json;charset=utf-8[\r][\n]"
13:04:48.723 [main] DEBUG karate.org.apache.http.wire - http-outgoing-0 << "Transfer-Encoding: chunked[\r][\n]"
13:04:48.723 [main] DEBUG karate.org.apache.http.wire - http-outgoing-0 << "Connection: keep-alive[\r][\n]"
13:04:48.723 [main] DEBUG karate.org.apache.http.wire - http-outgoing-0 << "Date: Fri, 09 Aug 2024 17:04:49 GMT[\r][\n]"
13:04:48.723 [main] DEBUG karate.org.apache.http.wire - http-outgoing-0 << "X-Frame-Options: SAMEORIGIN[\r][\n]"
13:04:48.723 [main] DEBUG karate.org.apache.http.wire - http-outgoing-0 << "Referrer-Policy: origin[\r][\n]"
13:04:48.723 [main] DEBUG karate.org.apache.http.wire - http-outgoing-0 << "Cache-Control: no-cache, no-store[\r][\n]"
13:04:48.723 [main] DEBUG karate.org.apache.http.wire - http-outgoing-0 << "Pragma: no-cache[\r][\n]"
13:04:48.723 [main] DEBUG karate.org.apache.http.wire - http-outgoing-0 << "Expires: Thu, 01 Jan 1970 00:00:00 GMT[\r][\n]"
13:04:48.723 [main] DEBUG karate.org.apache.http.wire - http-outgoing-0 << "Set-Cookie: PF=qKe9DYt2UZbOUe2J9rT1gp; Path=/; Secure; HttpOnly; SameSite=None[\r][\n]"
13:04:48.723 [main] DEBUG karate.org.apache.http.wire - http-outgoing-0 << "vary: Origin[\r][\n]"
13:04:48.723 [main] DEBUG karate.org.apache.http.wire - http-outgoing-0 << "X-Kong-Upstream-Latency: 17[\r][\n]"
13:04:48.724 [main] DEBUG karate.org.apache.http.wire - http-outgoing-0 << "X-Kong-Proxy-Latency: 1[\r][\n]"
13:04:48.724 [main] DEBUG karate.org.apache.http.wire - http-outgoing-0 << "Via: kong/3.4.3.11-enterprise-edition[\r][\n]"
13:04:48.724 [main] DEBUG karate.org.apache.http.wire - http-outgoing-0 << "X-Kong-Request-Id: 912d2c14fc04b534ce79cb3078050d10[\r][\n]"
13:04:48.724 [main] DEBUG karate.org.apache.http.wire - http-outgoing-0 << "[\r][\n]"
13:04:48.724 [main] DEBUG karate.org.apache.http.wire - http-outgoing-0 << "2e8[\r][\n]"
13:04:48.724 [main] DEBUG karate.org.apache.http.wire - http-outgoing-0 << "{"access_token":"eyJhbGciOiJSUzI1NiIsImtpZCI6ImNhZGZhMTYyLTU2YzEtNGRiOS1hNjNmLTYwZTM3NzIwMWJkZiIsInBpLmF0bSI6IjMifQ.eyJzY29wZSI6WyI0NzIwIl0sImF1dGhvcml6YXRpb25fZGV0YWlscyI6W10sImNsaWVudF9pZCI6IjUyZTgwYmZhLWI0MmMtNDdkNy05OGI1LThiYjg3YzkyNjIwOSIsImlzcyI6Imh0dHBzOi8vdGVhbXNzby1pdHMwNC50ZWx1cy5jb20iLCJhdWQiOiJrb25nIiwiaWF0IjoxNzIzMjIzMDg5LCJleHAiOjE3MjMyMjMzODl9.flESEmYyI_eCkBmzn54OkGfP2lAIxnyqs2XbjtABUAmEnkCOQe8uoiUdROg_nBCNsbluJLTMIyv2VQYcEFeVpzwJIN4AH00KC-3px8L7DRMcbbbRqgIOGamUVRjytKBt3cFR1XVCW32bLo_XlS6M0CPdsCtowSRRwenf6htGC3loiXiWZ8pxuYaJNnmQfuSN9rWpZNHc8y-eYDl0xm6EoEXQSfatP3EAxDBw6tgqlb5patcu_afyMqKiHha9IdISwDeMrqyfvgoAR4Sqhdy3Uxp_k_xzmM-XWElgzY0YfiUnRnIl01fsIz1UO7xaed3xVyVlwsYrq6nB9I57SYDk-A","token_type":"Bearer","expires_in":299}[\r][\n]"
13:04:48.724 [main] DEBUG karate.org.apache.http.wire - http-outgoing-0 << "0[\r][\n]"
13:04:48.724 [main] DEBUG karate.org.apache.http.wire - http-outgoing-0 << "[\r][\n]"
13:04:48.726 [main] DEBUG karate.org.apache.http.headers - http-outgoing-0 << HTTP/1.1 200 OK
13:04:48.727 [main] DEBUG karate.org.apache.http.headers - http-outgoing-0 << Content-Type: application/json;charset=utf-8
13:04:48.727 [main] DEBUG karate.org.apache.http.headers - http-outgoing-0 << Transfer-Encoding: chunked
13:04:48.727 [main] DEBUG karate.org.apache.http.headers - http-outgoing-0 << Connection: keep-alive
13:04:48.727 [main] DEBUG karate.org.apache.http.headers - http-outgoing-0 << Date: Fri, 09 Aug 2024 17:04:49 GMT
13:04:48.727 [main] DEBUG karate.org.apache.http.headers - http-outgoing-0 << X-Frame-Options: SAMEORIGIN
13:04:48.727 [main] DEBUG karate.org.apache.http.headers - http-outgoing-0 << Referrer-Policy: origin
13:04:48.727 [main] DEBUG karate.org.apache.http.headers - http-outgoing-0 << Cache-Control: no-cache, no-store
13:04:48.727 [main] DEBUG karate.org.apache.http.headers - http-outgoing-0 << Pragma: no-cache
13:04:48.727 [main] DEBUG karate.org.apache.http.headers - http-outgoing-0 << Expires: Thu, 01 Jan 1970 00:00:00 GMT
13:04:48.727 [main] DEBUG karate.org.apache.http.headers - http-outgoing-0 << Set-Cookie: PF=qKe9DYt2UZbOUe2J9rT1gp; Path=/; Secure; HttpOnly; SameSite=None
13:04:48.727 [main] DEBUG karate.org.apache.http.headers - http-outgoing-0 << vary: Origin
13:04:48.727 [main] DEBUG karate.org.apache.http.headers - http-outgoing-0 << X-Kong-Upstream-Latency: 17
13:04:48.727 [main] DEBUG karate.org.apache.http.headers - http-outgoing-0 << X-Kong-Proxy-Latency: 1
13:04:48.727 [main] DEBUG karate.org.apache.http.headers - http-outgoing-0 << Via: kong/3.4.3.11-enterprise-edition
13:04:48.727 [main] DEBUG karate.org.apache.http.headers - http-outgoing-0 << X-Kong-Request-Id: 912d2c14fc04b534ce79cb3078050d10
13:04:48.730 [main] DEBUG karate.org.apache.http.impl.execchain.MainClientExec - Connection can be kept alive indefinitely
13:04:48.733 [main] DEBUG karate.org.apache.http.client.protocol.ResponseProcessCookies - Cookie accepted [PF="qKe9DYt2UZbOUe2J9rT1gp", version:0, domain:apigw-st.telus.com, path:/, expiry:null]
13:04:48.733 [main] DEBUG karate.org.apache.http.impl.conn.PoolingHttpClientConnectionManager - Connection [id: 0][route: {s}->https://apigw-st.telus.com:443] can be kept alive indefinitely
13:04:48.733 [main] DEBUG karate.org.apache.http.impl.conn.DefaultManagedHttpClientConnection - http-outgoing-0: set socket timeout to 0
13:04:48.734 [main] DEBUG karate.org.apache.http.impl.conn.PoolingHttpClientConnectionManager - Connection released: [id: 0][route: {s}->https://apigw-st.telus.com:443][total available: 1; route allocated: 1 of 5; total allocated: 1 of 10]
13:04:48.738 [main] DEBUG com.intuit.karate - response time in milliseconds: 487
1 < 200
1 < Content-Type: application/json;charset=utf-8
1 < Transfer-Encoding: chunked
1 < Connection: keep-alive
1 < Date: Fri, 09 Aug 2024 17:04:49 GMT
1 < X-Frame-Options: SAMEORIGIN
1 < Referrer-Policy: origin
1 < Cache-Control: no-cache, no-store
1 < Pragma: no-cache
1 < Expires: Thu, 01 Jan 1970 00:00:00 GMT
1 < vary: Origin
1 < X-Kong-Upstream-Latency: 17
1 < X-Kong-Proxy-Latency: 1
1 < Via: kong/3.4.3.11-enterprise-edition
1 < X-Kong-Request-Id: 912d2c14fc04b534ce79cb3078050d10
1 < Set-Cookie: PF=qKe9DYt2UZbOUe2J9rT1gp; Domain=apigw-st.telus.com; Secure
{"access_token":"eyJhbGciOiJSUzI1NiIsImtpZCI6ImNhZGZhMTYyLTU2YzEtNGRiOS1hNjNmLTYwZTM3NzIwMWJkZiIsInBpLmF0bSI6IjMifQ.eyJzY29wZSI6WyI0NzIwIl0sImF1dGhvcml6YXRpb25fZGV0YWlscyI6W10sImNsaWVudF9pZCI6IjUyZTgwYmZhLWI0MmMtNDdkNy05OGI1LThiYjg3YzkyNjIwOSIsImlzcyI6Imh0dHBzOi8vdGVhbXNzby1pdHMwNC50ZWx1cy5jb20iLCJhdWQiOiJrb25nIiwiaWF0IjoxNzIzMjIzMDg5LCJleHAiOjE3MjMyMjMzODl9.flESEmYyI_eCkBmzn54OkGfP2lAIxnyqs2XbjtABUAmEnkCOQe8uoiUdROg_nBCNsbluJLTMIyv2VQYcEFeVpzwJIN4AH00KC-3px8L7DRMcbbbRqgIOGamUVRjytKBt3cFR1XVCW32bLo_XlS6M0CPdsCtowSRRwenf6htGC3loiXiWZ8pxuYaJNnmQfuSN9rWpZNHc8y-eYDl0xm6EoEXQSfatP3EAxDBw6tgqlb5patcu_afyMqKiHha9IdISwDeMrqyfvgoAR4Sqhdy3Uxp_k_xzmM-XWElgzY0YfiUnRnIl01fsIz1UO7xaed3xVyVlwsYrq6nB9I57SYDk-A","token_type":"Bearer","expires_in":299}
13:04:48.771 [main] INFO com.intuit.karate - [print] {
  "access_token": "eyJhbGciOiJSUzI1NiIsImtpZCI6ImNhZGZhMTYyLTU2YzEtNGRiOS1hNjNmLTYwZTM3NzIwMWJkZiIsInBpLmF0bSI6IjMifQ.eyJzY29wZSI6WyI0NzIwIl0sImF1dGhvcml6YXRpb25fZGV0YWlscyI6W10sImNsaWVudF9pZCI6IjUyZTgwYmZhLWI0MmMtNDdkNy05OGI1LThiYjg3YzkyNjIwOSIsImlzcyI6Imh0dHBzOi8vdGVhbXNzby1pdHMwNC50ZWx1cy5jb20iLCJhdWQiOiJrb25nIiwiaWF0IjoxNzIzMjIzMDg5LCJleHAiOjE3MjMyMjMzODl9.flESEmYyI_eCkBmzn54OkGfP2lAIxnyqs2XbjtABUAmEnkCOQe8uoiUdROg_nBCNsbluJLTMIyv2VQYcEFeVpzwJIN4AH00KC-3px8L7DRMcbbbRqgIOGamUVRjytKBt3cFR1XVCW32bLo_XlS6M0CPdsCtowSRRwenf6htGC3loiXiWZ8pxuYaJNnmQfuSN9rWpZNHc8y-eYDl0xm6EoEXQSfatP3EAxDBw6tgqlb5patcu_afyMqKiHha9IdISwDeMrqyfvgoAR4Sqhdy3Uxp_k_xzmM-XWElgzY0YfiUnRnIl01fsIz1UO7xaed3xVyVlwsYrq6nB9I57SYDk-A",
  "token_type": "Bearer",
  "expires_in": 299
}
 
13:04:48.775 [main] INFO com.intuit.karate - << lock released, cached callSingle: classpath:feature/accessToken.feature
13:04:48.776 [main] INFO com.intuit.karate - Current URL is : https://apigw-st.telus.com 
13:04:48.777 [main] INFO com.intuit.karate - Current Env is : it01 
13:04:48.788 [main] DEBUG karate.org.apache.http.client.protocol.RequestAddCookies - CookieSpec selected: karate
13:04:48.788 [main] DEBUG karate.org.apache.http.client.protocol.RequestAuthCache - Auth cache not set in the context
13:04:48.788 [main] DEBUG com.intuit.karate - request:
1 > POST https://apigw-st.telus.com/st/token
1 > accept: application/json
1 > Content-Type: application/x-www-form-urlencoded
1 > Content-Length: 174
1 > Host: apigw-st.telus.com
1 > Connection: Keep-Alive
1 > User-Agent: Apache-HttpClient/4.5.13 (Java/20.0.2)
1 > Accept-Encoding: gzip,deflate
grant_type=client_credentials&client_id=52e80bfa-b42c-47d7-98b5-8bb87c926209&client_secret=3ad8873a-4723-46ba-9989-afaec288f5d104c2d7ff-9d6b-48c1-a9ff-6502d4808fee&scope=4720

13:04:48.788 [main] DEBUG karate.org.apache.http.impl.conn.PoolingHttpClientConnectionManager - Connection request: [route: {s}->https://apigw-st.telus.com:443][total available: 0; route allocated: 0 of 5; total allocated: 0 of 10]
13:04:48.788 [main] DEBUG karate.org.apache.http.impl.conn.PoolingHttpClientConnectionManager - Connection leased: [id: 1][route: {s}->https://apigw-st.telus.com:443][total available: 0; route allocated: 1 of 5; total allocated: 1 of 10]
13:04:48.789 [main] DEBUG karate.org.apache.http.impl.execchain.MainClientExec - Opening connection {s}->https://apigw-st.telus.com:443
13:04:48.789 [main] DEBUG karate.org.apache.http.impl.conn.DefaultHttpClientConnectionOperator - Connecting to apigw-st.telus.com/207.219.84.31:443
13:04:48.789 [main] DEBUG karate.org.apache.http.conn.ssl.LenientSslConnectionSocketFactory - Connecting socket to apigw-st.telus.com/207.219.84.31:443 with timeout 10000
13:04:48.829 [main] DEBUG karate.org.apache.http.conn.ssl.LenientSslConnectionSocketFactory - Enabled protocols: [TLSv1.3, TLSv1.2]
13:04:48.829 [main] DEBUG karate.org.apache.http.conn.ssl.LenientSslConnectionSocketFactory - Enabled cipher suites:[TLS_AES_256_GCM_SHA384, TLS_AES_128_GCM_SHA256, TLS_CHACHA20_POLY1305_SHA256, TLS_ECDHE_ECDSA_WITH_AES_256_GCM_SHA384, TLS_ECDHE_ECDSA_WITH_AES_128_GCM_SHA256, TLS_ECDHE_ECDSA_WITH_CHACHA20_POLY1305_SHA256, TLS_ECDHE_RSA_WITH_AES_256_GCM_SHA384, TLS_ECDHE_RSA_WITH_CHACHA20_POLY1305_SHA256, TLS_ECDHE_RSA_WITH_AES_128_GCM_SHA256, TLS_DHE_RSA_WITH_AES_256_GCM_SHA384, TLS_DHE_RSA_WITH_CHACHA20_POLY1305_SHA256, TLS_DHE_DSS_WITH_AES_256_GCM_SHA384, TLS_DHE_RSA_WITH_AES_128_GCM_SHA256, TLS_DHE_DSS_WITH_AES_128_GCM_SHA256, TLS_ECDHE_ECDSA_WITH_AES_256_CBC_SHA384, TLS_ECDHE_RSA_WITH_AES_256_CBC_SHA384, TLS_ECDHE_ECDSA_WITH_AES_128_CBC_SHA256, TLS_ECDHE_RSA_WITH_AES_128_CBC_SHA256, TLS_DHE_RSA_WITH_AES_256_CBC_SHA256, TLS_DHE_DSS_WITH_AES_256_CBC_SHA256, TLS_DHE_RSA_WITH_AES_128_CBC_SHA256, TLS_DHE_DSS_WITH_AES_128_CBC_SHA256, TLS_ECDHE_ECDSA_WITH_AES_256_CBC_SHA, TLS_ECDHE_RSA_WITH_AES_256_CBC_SHA, TLS_ECDHE_ECDSA_WITH_AES_128_CBC_SHA, TLS_ECDHE_RSA_WITH_AES_128_CBC_SHA, TLS_DHE_RSA_WITH_AES_256_CBC_SHA, TLS_DHE_DSS_WITH_AES_256_CBC_SHA, TLS_DHE_RSA_WITH_AES_128_CBC_SHA, TLS_DHE_DSS_WITH_AES_128_CBC_SHA, TLS_RSA_WITH_AES_256_GCM_SHA384, TLS_RSA_WITH_AES_128_GCM_SHA256, TLS_RSA_WITH_AES_256_CBC_SHA256, TLS_RSA_WITH_AES_128_CBC_SHA256, TLS_RSA_WITH_AES_256_CBC_SHA, TLS_RSA_WITH_AES_128_CBC_SHA, TLS_EMPTY_RENEGOTIATION_INFO_SCSV]
13:04:48.829 [main] DEBUG karate.org.apache.http.conn.ssl.LenientSslConnectionSocketFactory - Starting handshake
13:04:48.890 [main] DEBUG karate.org.apache.http.conn.ssl.LenientSslConnectionSocketFactory - Secure session established
13:04:48.890 [main] DEBUG karate.org.apache.http.conn.ssl.LenientSslConnectionSocketFactory -  negotiated protocol: TLSv1.3
13:04:48.890 [main] DEBUG karate.org.apache.http.conn.ssl.LenientSslConnectionSocketFactory -  negotiated cipher suite: TLS_AES_128_GCM_SHA256
13:04:48.890 [main] DEBUG karate.org.apache.http.conn.ssl.LenientSslConnectionSocketFactory -  peer principal: CN=apigw-soap-st.telus.com, O=TELUS Corp., L=Vancouver, ST=British Columbia, C=CA
13:04:48.890 [main] DEBUG karate.org.apache.http.conn.ssl.LenientSslConnectionSocketFactory -  peer alternative names: [apigw-soap-st.telus.com, apigw-st.telus.com, apigw-qidc-st.telus.com, apigw-kidc-st.telus.com, apigw-soap-qidc-st.telus.com, apigw-soap-kidc-st.telus.com]
13:04:48.890 [main] DEBUG karate.org.apache.http.conn.ssl.LenientSslConnectionSocketFactory -  issuer principal: CN=DigiCert Global G2 TLS RSA SHA256 2020 CA1, O=DigiCert Inc, C=US
13:04:48.890 [main] DEBUG karate.org.apache.http.impl.conn.DefaultHttpClientConnectionOperator - Connection established 192.168.1.65:54935<->207.219.84.31:443
13:04:48.891 [main] DEBUG karate.org.apache.http.impl.conn.DefaultManagedHttpClientConnection - http-outgoing-1: set socket timeout to 10000
13:04:48.891 [main] DEBUG karate.org.apache.http.impl.execchain.MainClientExec - Executing request POST /st/token HTTP/1.1
13:04:48.891 [main] DEBUG karate.org.apache.http.impl.execchain.MainClientExec - Target auth state: UNCHALLENGED
13:04:48.891 [main] DEBUG karate.org.apache.http.impl.execchain.MainClientExec - Proxy auth state: UNCHALLENGED
13:04:48.891 [main] DEBUG karate.org.apache.http.headers - http-outgoing-1 >> POST /st/token HTTP/1.1
13:04:48.891 [main] DEBUG karate.org.apache.http.headers - http-outgoing-1 >> accept: application/json
13:04:48.891 [main] DEBUG karate.org.apache.http.headers - http-outgoing-1 >> Content-Type: application/x-www-form-urlencoded
13:04:48.891 [main] DEBUG karate.org.apache.http.headers - http-outgoing-1 >> Content-Length: 174
13:04:48.891 [main] DEBUG karate.org.apache.http.headers - http-outgoing-1 >> Host: apigw-st.telus.com
13:04:48.891 [main] DEBUG karate.org.apache.http.headers - http-outgoing-1 >> Connection: Keep-Alive
13:04:48.891 [main] DEBUG karate.org.apache.http.headers - http-outgoing-1 >> User-Agent: Apache-HttpClient/4.5.13 (Java/20.0.2)
13:04:48.891 [main] DEBUG karate.org.apache.http.headers - http-outgoing-1 >> Accept-Encoding: gzip,deflate
13:04:48.891 [main] DEBUG karate.org.apache.http.wire - http-outgoing-1 >> "POST /st/token HTTP/1.1[\r][\n]"
13:04:48.891 [main] DEBUG karate.org.apache.http.wire - http-outgoing-1 >> "accept: application/json[\r][\n]"
13:04:48.891 [main] DEBUG karate.org.apache.http.wire - http-outgoing-1 >> "Content-Type: application/x-www-form-urlencoded[\r][\n]"
13:04:48.891 [main] DEBUG karate.org.apache.http.wire - http-outgoing-1 >> "Content-Length: 174[\r][\n]"
13:04:48.891 [main] DEBUG karate.org.apache.http.wire - http-outgoing-1 >> "Host: apigw-st.telus.com[\r][\n]"
13:04:48.891 [main] DEBUG karate.org.apache.http.wire - http-outgoing-1 >> "Connection: Keep-Alive[\r][\n]"
13:04:48.891 [main] DEBUG karate.org.apache.http.wire - http-outgoing-1 >> "User-Agent: Apache-HttpClient/4.5.13 (Java/20.0.2)[\r][\n]"
13:04:48.891 [main] DEBUG karate.org.apache.http.wire - http-outgoing-1 >> "Accept-Encoding: gzip,deflate[\r][\n]"
13:04:48.891 [main] DEBUG karate.org.apache.http.wire - http-outgoing-1 >> "[\r][\n]"
13:04:48.891 [main] DEBUG karate.org.apache.http.wire - http-outgoing-1 >> "grant_type=client_credentials&client_id=52e80bfa-b42c-47d7-98b5-8bb87c926209&client_secret=3ad8873a-4723-46ba-9989-afaec288f5d104c2d7ff-9d6b-48c1-a9ff-6502d4808fee&scope=4720"
13:04:48.945 [main] DEBUG karate.org.apache.http.wire - http-outgoing-1 << "HTTP/1.1 200 OK[\r][\n]"
13:04:48.945 [main] DEBUG karate.org.apache.http.wire - http-outgoing-1 << "Content-Type: application/json;charset=utf-8[\r][\n]"
13:04:48.945 [main] DEBUG karate.org.apache.http.wire - http-outgoing-1 << "Transfer-Encoding: chunked[\r][\n]"
13:04:48.946 [main] DEBUG karate.org.apache.http.wire - http-outgoing-1 << "Connection: keep-alive[\r][\n]"
13:04:48.946 [main] DEBUG karate.org.apache.http.wire - http-outgoing-1 << "Date: Fri, 09 Aug 2024 17:04:49 GMT[\r][\n]"
13:04:48.946 [main] DEBUG karate.org.apache.http.wire - http-outgoing-1 << "X-Frame-Options: SAMEORIGIN[\r][\n]"
13:04:48.946 [main] DEBUG karate.org.apache.http.wire - http-outgoing-1 << "Referrer-Policy: origin[\r][\n]"
13:04:48.946 [main] DEBUG karate.org.apache.http.wire - http-outgoing-1 << "Cache-Control: no-cache, no-store[\r][\n]"
13:04:48.946 [main] DEBUG karate.org.apache.http.wire - http-outgoing-1 << "Pragma: no-cache[\r][\n]"
13:04:48.946 [main] DEBUG karate.org.apache.http.wire - http-outgoing-1 << "Expires: Thu, 01 Jan 1970 00:00:00 GMT[\r][\n]"
13:04:48.946 [main] DEBUG karate.org.apache.http.wire - http-outgoing-1 << "Set-Cookie: PF=jrUDi0b7kySD5PKWve3LVw; Path=/; Secure; HttpOnly; SameSite=None[\r][\n]"
13:04:48.946 [main] DEBUG karate.org.apache.http.wire - http-outgoing-1 << "vary: Origin[\r][\n]"
13:04:48.946 [main] DEBUG karate.org.apache.http.wire - http-outgoing-1 << "X-Kong-Upstream-Latency: 10[\r][\n]"
13:04:48.946 [main] DEBUG karate.org.apache.http.wire - http-outgoing-1 << "X-Kong-Proxy-Latency: 1[\r][\n]"
13:04:48.946 [main] DEBUG karate.org.apache.http.wire - http-outgoing-1 << "Via: kong/3.4.3.11-enterprise-edition[\r][\n]"
13:04:48.946 [main] DEBUG karate.org.apache.http.wire - http-outgoing-1 << "X-Kong-Request-Id: a98ad147d6f6f87a12cc545eb86c9457[\r][\n]"
13:04:48.946 [main] DEBUG karate.org.apache.http.wire - http-outgoing-1 << "[\r][\n]"
13:04:48.946 [main] DEBUG karate.org.apache.http.wire - http-outgoing-1 << "2e8[\r][\n]"
13:04:48.946 [main] DEBUG karate.org.apache.http.wire - http-outgoing-1 << "{"access_token":"eyJhbGciOiJSUzI1NiIsImtpZCI6ImNhZGZhMTYyLTU2YzEtNGRiOS1hNjNmLTYwZTM3NzIwMWJkZiIsInBpLmF0bSI6IjMifQ.eyJzY29wZSI6WyI0NzIwIl0sImF1dGhvcml6YXRpb25fZGV0YWlscyI6W10sImNsaWVudF9pZCI6IjUyZTgwYmZhLWI0MmMtNDdkNy05OGI1LThiYjg3YzkyNjIwOSIsImlzcyI6Imh0dHBzOi8vdGVhbXNzby1pdHMwNC50ZWx1cy5jb20iLCJhdWQiOiJrb25nIiwiaWF0IjoxNzIzMjIzMDg5LCJleHAiOjE3MjMyMjMzODl9.flESEmYyI_eCkBmzn54OkGfP2lAIxnyqs2XbjtABUAmEnkCOQe8uoiUdROg_nBCNsbluJLTMIyv2VQYcEFeVpzwJIN4AH00KC-3px8L7DRMcbbbRqgIOGamUVRjytKBt3cFR1XVCW32bLo_XlS6M0CPdsCtowSRRwenf6htGC3loiXiWZ8pxuYaJNnmQfuSN9rWpZNHc8y-eYDl0xm6EoEXQSfatP3EAxDBw6tgqlb5patcu_afyMqKiHha9IdISwDeMrqyfvgoAR4Sqhdy3Uxp_k_xzmM-XWElgzY0YfiUnRnIl01fsIz1UO7xaed3xVyVlwsYrq6nB9I57SYDk-A","token_type":"Bearer","expires_in":299}[\r][\n]"
13:04:48.946 [main] DEBUG karate.org.apache.http.wire - http-outgoing-1 << "0[\r][\n]"
13:04:48.946 [main] DEBUG karate.org.apache.http.wire - http-outgoing-1 << "[\r][\n]"
13:04:48.947 [main] DEBUG karate.org.apache.http.headers - http-outgoing-1 << HTTP/1.1 200 OK
13:04:48.947 [main] DEBUG karate.org.apache.http.headers - http-outgoing-1 << Content-Type: application/json;charset=utf-8
13:04:48.947 [main] DEBUG karate.org.apache.http.headers - http-outgoing-1 << Transfer-Encoding: chunked
13:04:48.947 [main] DEBUG karate.org.apache.http.headers - http-outgoing-1 << Connection: keep-alive
13:04:48.947 [main] DEBUG karate.org.apache.http.headers - http-outgoing-1 << Date: Fri, 09 Aug 2024 17:04:49 GMT
13:04:48.947 [main] DEBUG karate.org.apache.http.headers - http-outgoing-1 << X-Frame-Options: SAMEORIGIN
13:04:48.947 [main] DEBUG karate.org.apache.http.headers - http-outgoing-1 << Referrer-Policy: origin
13:04:48.947 [main] DEBUG karate.org.apache.http.headers - http-outgoing-1 << Cache-Control: no-cache, no-store
13:04:48.947 [main] DEBUG karate.org.apache.http.headers - http-outgoing-1 << Pragma: no-cache
13:04:48.947 [main] DEBUG karate.org.apache.http.headers - http-outgoing-1 << Expires: Thu, 01 Jan 1970 00:00:00 GMT
13:04:48.947 [main] DEBUG karate.org.apache.http.headers - http-outgoing-1 << Set-Cookie: PF=jrUDi0b7kySD5PKWve3LVw; Path=/; Secure; HttpOnly; SameSite=None
13:04:48.947 [main] DEBUG karate.org.apache.http.headers - http-outgoing-1 << vary: Origin
13:04:48.947 [main] DEBUG karate.org.apache.http.headers - http-outgoing-1 << X-Kong-Upstream-Latency: 10
13:04:48.947 [main] DEBUG karate.org.apache.http.headers - http-outgoing-1 << X-Kong-Proxy-Latency: 1
13:04:48.947 [main] DEBUG karate.org.apache.http.headers - http-outgoing-1 << Via: kong/3.4.3.11-enterprise-edition
13:04:48.947 [main] DEBUG karate.org.apache.http.headers - http-outgoing-1 << X-Kong-Request-Id: a98ad147d6f6f87a12cc545eb86c9457
13:04:48.947 [main] DEBUG karate.org.apache.http.impl.execchain.MainClientExec - Connection can be kept alive indefinitely
13:04:48.947 [main] DEBUG karate.org.apache.http.client.protocol.ResponseProcessCookies - Cookie accepted [PF="jrUDi0b7kySD5PKWve3LVw", version:0, domain:apigw-st.telus.com, path:/, expiry:null]
13:04:48.948 [main] DEBUG karate.org.apache.http.impl.conn.PoolingHttpClientConnectionManager - Connection [id: 1][route: {s}->https://apigw-st.telus.com:443] can be kept alive indefinitely
13:04:48.948 [main] DEBUG karate.org.apache.http.impl.conn.DefaultManagedHttpClientConnection - http-outgoing-1: set socket timeout to 0
13:04:48.948 [main] DEBUG karate.org.apache.http.impl.conn.PoolingHttpClientConnectionManager - Connection released: [id: 1][route: {s}->https://apigw-st.telus.com:443][total available: 1; route allocated: 1 of 5; total allocated: 1 of 10]
13:04:48.948 [main] DEBUG com.intuit.karate - response time in milliseconds: 160
1 < 200
1 < Content-Type: application/json;charset=utf-8
1 < Transfer-Encoding: chunked
1 < Connection: keep-alive
1 < Date: Fri, 09 Aug 2024 17:04:49 GMT
1 < X-Frame-Options: SAMEORIGIN
1 < Referrer-Policy: origin
1 < Cache-Control: no-cache, no-store
1 < Pragma: no-cache
1 < Expires: Thu, 01 Jan 1970 00:00:00 GMT
1 < vary: Origin
1 < X-Kong-Upstream-Latency: 10
1 < X-Kong-Proxy-Latency: 1
1 < Via: kong/3.4.3.11-enterprise-edition
1 < X-Kong-Request-Id: a98ad147d6f6f87a12cc545eb86c9457
1 < Set-Cookie: PF=jrUDi0b7kySD5PKWve3LVw; Domain=apigw-st.telus.com; Secure
{"access_token":"eyJhbGciOiJSUzI1NiIsImtpZCI6ImNhZGZhMTYyLTU2YzEtNGRiOS1hNjNmLTYwZTM3NzIwMWJkZiIsInBpLmF0bSI6IjMifQ.eyJzY29wZSI6WyI0NzIwIl0sImF1dGhvcml6YXRpb25fZGV0YWlscyI6W10sImNsaWVudF9pZCI6IjUyZTgwYmZhLWI0MmMtNDdkNy05OGI1LThiYjg3YzkyNjIwOSIsImlzcyI6Imh0dHBzOi8vdGVhbXNzby1pdHMwNC50ZWx1cy5jb20iLCJhdWQiOiJrb25nIiwiaWF0IjoxNzIzMjIzMDg5LCJleHAiOjE3MjMyMjMzODl9.flESEmYyI_eCkBmzn54OkGfP2lAIxnyqs2XbjtABUAmEnkCOQe8uoiUdROg_nBCNsbluJLTMIyv2VQYcEFeVpzwJIN4AH00KC-3px8L7DRMcbbbRqgIOGamUVRjytKBt3cFR1XVCW32bLo_XlS6M0CPdsCtowSRRwenf6htGC3loiXiWZ8pxuYaJNnmQfuSN9rWpZNHc8y-eYDl0xm6EoEXQSfatP3EAxDBw6tgqlb5patcu_afyMqKiHha9IdISwDeMrqyfvgoAR4Sqhdy3Uxp_k_xzmM-XWElgzY0YfiUnRnIl01fsIz1UO7xaed3xVyVlwsYrq6nB9I57SYDk-A","token_type":"Bearer","expires_in":299}
13:04:48.952 [main] INFO com.intuit.karate - [print] {
  "access_token": "eyJhbGciOiJSUzI1NiIsImtpZCI6ImNhZGZhMTYyLTU2YzEtNGRiOS1hNjNmLTYwZTM3NzIwMWJkZiIsInBpLmF0bSI6IjMifQ.eyJzY29wZSI6WyI0NzIwIl0sImF1dGhvcml6YXRpb25fZGV0YWlscyI6W10sImNsaWVudF9pZCI6IjUyZTgwYmZhLWI0MmMtNDdkNy05OGI1LThiYjg3YzkyNjIwOSIsImlzcyI6Imh0dHBzOi8vdGVhbXNzby1pdHMwNC50ZWx1cy5jb20iLCJhdWQiOiJrb25nIiwiaWF0IjoxNzIzMjIzMDg5LCJleHAiOjE3MjMyMjMzODl9.flESEmYyI_eCkBmzn54OkGfP2lAIxnyqs2XbjtABUAmEnkCOQe8uoiUdROg_nBCNsbluJLTMIyv2VQYcEFeVpzwJIN4AH00KC-3px8L7DRMcbbbRqgIOGamUVRjytKBt3cFR1XVCW32bLo_XlS6M0CPdsCtowSRRwenf6htGC3loiXiWZ8pxuYaJNnmQfuSN9rWpZNHc8y-eYDl0xm6EoEXQSfatP3EAxDBw6tgqlb5patcu_afyMqKiHha9IdISwDeMrqyfvgoAR4Sqhdy3Uxp_k_xzmM-XWElgzY0YfiUnRnIl01fsIz1UO7xaed3xVyVlwsYrq6nB9I57SYDk-A",
  "token_type": "Bearer",
  "expires_in": 299
}
 
13:04:48.970 [main] DEBUG com.jayway.jsonpath.internal.path.CompiledPath - Evaluating path: $
13:04:49.007 [main] DEBUG com.jayway.jsonpath.internal.path.CompiledPath - Evaluating path: $
13:04:49.038 [main] DEBUG karate.org.thymeleaf.TemplateEngine - [THYMELEAF] INITIALIZING TEMPLATE ENGINE
13:04:49.154 [Finalizer] DEBUG karate.org.apache.http.impl.conn.PoolingHttpClientConnectionManager - Connection manager is shutting down
13:04:49.155 [Finalizer] DEBUG karate.org.apache.http.impl.conn.DefaultManagedHttpClientConnection - http-outgoing-0: Close connection
13:04:49.157 [Finalizer] DEBUG karate.org.apache.http.impl.conn.PoolingHttpClientConnectionManager - Connection manager shut down
13:04:49.157 [Finalizer] DEBUG karate.org.apache.http.impl.conn.PoolingHttpClientConnectionManager - Connection manager is shutting down
13:04:49.157 [Finalizer] DEBUG karate.org.apache.http.impl.conn.DefaultManagedHttpClientConnection - http-outgoing-1: Close connection
13:04:49.158 [Finalizer] DEBUG karate.org.apache.http.impl.conn.PoolingHttpClientConnectionManager - Connection manager shut down
13:04:49.342 [main] DEBUG karate.org.thymeleaf.TemplateEngine.CONFIG - Initializing Thymeleaf Template engine configuration...
[THYMELEAF] TEMPLATE ENGINE CONFIGURATION:
[THYMELEAF] * Thymeleaf version: 3.0.12.RELEASE (built 2020-12-21T00:26:28+0000)
[THYMELEAF] * Cache Manager implementation: karate.org.thymeleaf.cache.StandardCacheManager
[THYMELEAF] * Template resolvers:
[THYMELEAF]     * [1] com.intuit.karate.template.ResourceHtmlTemplateResolver
[THYMELEAF] * Message resolvers:
[THYMELEAF]     * karate.org.thymeleaf.messageresolver.StandardMessageResolver
[THYMELEAF] * Link builders:
[THYMELEAF]     * karate.org.thymeleaf.linkbuilder.StandardLinkBuilder
[THYMELEAF] * Dialect [1 of 2]: Standard (com.intuit.karate.template.KarateStandardDialect)
[THYMELEAF]     * Prefix: "th"
[THYMELEAF]     * Processors for Template Mode: HTML
[THYMELEAF]         * Element Tag Processors by [matching element and attribute name] [precedence]:
[THYMELEAF]             * [* {th:include,data-th-include}] [100]: karate.org.thymeleaf.standard.processor.StandardIncludeTagProcessor
[THYMELEAF]             * [* {th:insert,data-th-insert}] [100]: karate.org.thymeleaf.standard.processor.StandardInsertTagProcessor
[THYMELEAF]             * [* {th:replace,data-th-replace}] [100]: karate.org.thymeleaf.standard.processor.StandardReplaceTagProcessor
[THYMELEAF]             * [* {th:substituteby,data-th-substituteby}] [100]: karate.org.thymeleaf.standard.processor.StandardSubstituteByTagProcessor
[THYMELEAF]             * [* {th:each,data-th-each}] [200]: com.intuit.karate.template.KarateEachTagProcessor
[THYMELEAF]             * [* {th:switch,data-th-switch}] [250]: karate.org.thymeleaf.standard.processor.StandardSwitchTagProcessor
[THYMELEAF]             * [* {th:case,data-th-case}] [275]: karate.org.thymeleaf.standard.processor.StandardCaseTagProcessor
[THYMELEAF]             * [* {th:if,data-th-if}] [300]: karate.org.thymeleaf.standard.processor.StandardIfTagProcessor
[THYMELEAF]             * [* {th:unless,data-th-unless}] [400]: karate.org.thymeleaf.standard.processor.StandardUnlessTagProcessor
[THYMELEAF]             * [* {th:object,data-th-object}] [500]: karate.org.thymeleaf.standard.processor.StandardObjectTagProcessor
[THYMELEAF]             * [* {th:with,data-th-with}] [600]: com.intuit.karate.template.KarateWithTagProcessor
[THYMELEAF]             * [* {th:attr,data-th-attr}] [700]: com.intuit.karate.template.KarateAttributeTagProcessor.KarateAttrTagProcessor
[THYMELEAF]             * [* {th:attrappend,data-th-attrappend}] [900]: com.intuit.karate.template.KarateAttributeTagProcessor.KarateAttrappendTagProcessor
[THYMELEAF]             * [* {th:attrprepend,data-th-attrprepend}] [900]: com.intuit.karate.template.KarateAttributeTagProcessor.KarateAttrprependTagProcessor
[THYMELEAF]             * [* {th:alt-title,data-th-alt-title}] [990]: karate.org.thymeleaf.standard.processor.StandardAltTitleTagProcessor
[THYMELEAF]             * [* {th:lang-xmllang,data-th-lang-xmllang}] [990]: karate.org.thymeleaf.standard.processor.StandardLangXmlLangTagProcessor
[THYMELEAF]             * [* {th:action,data-th-action}] [1000]: karate.org.thymeleaf.standard.processor.StandardActionTagProcessor
[THYMELEAF]             * [* {th:selected,data-th-selected}] [1000]: karate.org.thymeleaf.standard.processor.StandardConditionalFixedValueTagProcessor
[THYMELEAF]             * [* {th:scoped,data-th-scoped}] [1000]: karate.org.thymeleaf.standard.processor.StandardConditionalFixedValueTagProcessor
[THYMELEAF]             * [* {th:declare,data-th-declare}] [1000]: karate.org.thymeleaf.standard.processor.StandardConditionalFixedValueTagProcessor
[THYMELEAF]             * [* {th:open,data-th-open}] [1000]: karate.org.thymeleaf.standard.processor.StandardConditionalFixedValueTagProcessor
[THYMELEAF]             * [* {th:async,data-th-async}] [1000]: karate.org.thymeleaf.standard.processor.StandardConditionalFixedValueTagProcessor
[THYMELEAF]             * [* {th:controls,data-th-controls}] [1000]: karate.org.thymeleaf.standard.processor.StandardConditionalFixedValueTagProcessor
[THYMELEAF]             * [* {th:ismap,data-th-ismap}] [1000]: karate.org.thymeleaf.standard.processor.StandardConditionalFixedValueTagProcessor
[THYMELEAF]             * [* {th:checked,data-th-checked}] [1000]: karate.org.thymeleaf.standard.processor.StandardConditionalFixedValueTagProcessor
[THYMELEAF]             * [* {th:autoplay,data-th-autoplay}] [1000]: karate.org.thymeleaf.standard.processor.StandardConditionalFixedValueTagProcessor
[THYMELEAF]             * [* {th:required,data-th-required}] [1000]: karate.org.thymeleaf.standard.processor.StandardConditionalFixedValueTagProcessor
[THYMELEAF]             * [* {th:multiple,data-th-multiple}] [1000]: karate.org.thymeleaf.standard.processor.StandardConditionalFixedValueTagProcessor
[THYMELEAF]             * [* {th:loop,data-th-loop}] [1000]: karate.org.thymeleaf.standard.processor.StandardConditionalFixedValueTagProcessor
[THYMELEAF]             * [* {th:hidden,data-th-hidden}] [1000]: karate.org.thymeleaf.standard.processor.StandardConditionalFixedValueTagProcessor
[THYMELEAF]             * [* {th:disabled,data-th-disabled}] [1000]: karate.org.thymeleaf.standard.processor.StandardConditionalFixedValueTagProcessor
[THYMELEAF]             * [* {th:seamless,data-th-seamless}] [1000]: karate.org.thymeleaf.standard.processor.StandardConditionalFixedValueTagProcessor
[THYMELEAF]             * [* {th:readonly,data-th-readonly}] [1000]: karate.org.thymeleaf.standard.processor.StandardConditionalFixedValueTagProcessor
[THYMELEAF]             * [* {th:defer,data-th-defer}] [1000]: karate.org.thymeleaf.standard.processor.StandardConditionalFixedValueTagProcessor
[THYMELEAF]             * [* {th:reversed,data-th-reversed}] [1000]: karate.org.thymeleaf.standard.processor.StandardConditionalFixedValueTagProcessor
[THYMELEAF]             * [* {th:nowrap,data-th-nowrap}] [1000]: karate.org.thymeleaf.standard.processor.StandardConditionalFixedValueTagProcessor
[THYMELEAF]             * [* {th:pubdate,data-th-pubdate}] [1000]: karate.org.thymeleaf.standard.processor.StandardConditionalFixedValueTagProcessor
[THYMELEAF]             * [* {th:novalidate,data-th-novalidate}] [1000]: karate.org.thymeleaf.standard.processor.StandardConditionalFixedValueTagProcessor
[THYMELEAF]             * [* {th:default,data-th-default}] [1000]: karate.org.thymeleaf.standard.processor.StandardConditionalFixedValueTagProcessor
[THYMELEAF]             * [* {th:formnovalidate,data-th-formnovalidate}] [1000]: karate.org.thymeleaf.standard.processor.StandardConditionalFixedValueTagProcessor
[THYMELEAF]             * [* {th:autofocus,data-th-autofocus}] [1000]: karate.org.thymeleaf.standard.processor.StandardConditionalFixedValueTagProcessor
[THYMELEAF]             * [* {th:onunload,data-th-onunload}] [1000]: karate.org.thymeleaf.standard.processor.StandardDOMEventAttributeTagProcessor
[THYMELEAF]             * [* {th:onload,data-th-onload}] [1000]: karate.org.thymeleaf.standard.processor.StandardDOMEventAttributeTagProcessor
[THYMELEAF]             * [* {th:onplay,data-th-onplay}] [1000]: karate.org.thymeleaf.standard.processor.StandardDOMEventAttributeTagProcessor
[THYMELEAF]             * [* {th:onredo,data-th-onredo}] [1000]: karate.org.thymeleaf.standard.processor.StandardDOMEventAttributeTagProcessor
[THYMELEAF]             * [* {th:onstalled,data-th-onstalled}] [1000]: karate.org.thymeleaf.standard.processor.StandardDOMEventAttributeTagProcessor
[THYMELEAF]             * [* {th:onmouseout,data-th-onmouseout}] [1000]: karate.org.thymeleaf.standard.processor.StandardDOMEventAttributeTagProcessor
[THYMELEAF]             * [* {th:onkeypress,data-th-onkeypress}] [1000]: karate.org.thymeleaf.standard.processor.StandardDOMEventAttributeTagProcessor
[THYMELEAF]             * [* {th:ondragleave,data-th-ondragleave}] [1000]: karate.org.thymeleaf.standard.processor.StandardDOMEventAttributeTagProcessor
[THYMELEAF]             * [* {th:oncanplay,data-th-oncanplay}] [1000]: karate.org.thymeleaf.standard.processor.StandardDOMEventAttributeTagProcessor
[THYMELEAF]             * [* {th:onmouseup,data-th-onmouseup}] [1000]: karate.org.thymeleaf.standard.processor.StandardDOMEventAttributeTagProcessor
[THYMELEAF]             * [* {th:onfocus,data-th-onfocus}] [1000]: karate.org.thymeleaf.standard.processor.StandardDOMEventAttributeTagProcessor
[THYMELEAF]             * [* {th:onseeking,data-th-onseeking}] [1000]: karate.org.thymeleaf.standard.processor.StandardDOMEventAttributeTagProcessor
[THYMELEAF]             * [* {th:onemptied,data-th-onemptied}] [1000]: karate.org.thymeleaf.standard.processor.StandardDOMEventAttributeTagProcessor
[THYMELEAF]             * [* {th:onratechange,data-th-onratechange}] [1000]: karate.org.thymeleaf.standard.processor.StandardDOMEventAttributeTagProcessor
[THYMELEAF]             * [* {th:ontimeupdate,data-th-ontimeupdate}] [1000]: karate.org.thymeleaf.standard.processor.StandardDOMEventAttributeTagProcessor
[THYMELEAF]             * [* {th:onsubmit,data-th-onsubmit}] [1000]: karate.org.thymeleaf.standard.processor.StandardDOMEventAttributeTagProcessor
[THYMELEAF]             * [* {th:onvolumechange,data-th-onvolumechange}] [1000]: karate.org.thymeleaf.standard.processor.StandardDOMEventAttributeTagProcessor
[THYMELEAF]             * [* {th:onbeforeunload,data-th-onbeforeunload}] [1000]: karate.org.thymeleaf.standard.processor.StandardDOMEventAttributeTagProcessor
[THYMELEAF]             * [* {th:onafterprint,data-th-onafterprint}] [1000]: karate.org.thymeleaf.standard.processor.StandardDOMEventAttributeTagProcessor
[THYMELEAF]             * [* {th:onstorage,data-th-onstorage}] [1000]: karate.org.thymeleaf.standard.processor.StandardDOMEventAttributeTagProcessor
[THYMELEAF]             * [* {th:ondrop,data-th-ondrop}] [1000]: karate.org.thymeleaf.standard.processor.StandardDOMEventAttributeTagProcessor
[THYMELEAF]             * [* {th:onformchange,data-th-onformchange}] [1000]: karate.org.thymeleaf.standard.processor.StandardDOMEventAttributeTagProcessor
[THYMELEAF]             * [* {th:onundo,data-th-onundo}] [1000]: karate.org.thymeleaf.standard.processor.StandardDOMEventAttributeTagProcessor
[THYMELEAF]             * [* {th:onkeydown,data-th-onkeydown}] [1000]: karate.org.thymeleaf.standard.processor.StandardDOMEventAttributeTagProcessor
[THYMELEAF]             * [* {th:ononline,data-th-ononline}] [1000]: karate.org.thymeleaf.standard.processor.StandardDOMEventAttributeTagProcessor
[THYMELEAF]             * [* {th:onmousemove,data-th-onmousemove}] [1000]: karate.org.thymeleaf.standard.processor.StandardDOMEventAttributeTagProcessor
[THYMELEAF]             * [* {th:onended,data-th-onended}] [1000]: karate.org.thymeleaf.standard.processor.StandardDOMEventAttributeTagProcessor
[THYMELEAF]             * [* {th:onblur,data-th-onblur}] [1000]: karate.org.thymeleaf.standard.processor.StandardDOMEventAttributeTagProcessor
[THYMELEAF]             * [* {th:onprogress,data-th-onprogress}] [1000]: karate.org.thymeleaf.standard.processor.StandardDOMEventAttributeTagProcessor
[THYMELEAF]             * [* {th:onmousewheel,data-th-onmousewheel}] [1000]: karate.org.thymeleaf.standard.processor.StandardDOMEventAttributeTagProcessor
[THYMELEAF]             * [* {th:ondrag,data-th-ondrag}] [1000]: karate.org.thymeleaf.standard.processor.StandardDOMEventAttributeTagProcessor
[THYMELEAF]             * [* {th:ondblclick,data-th-ondblclick}] [1000]: karate.org.thymeleaf.standard.processor.StandardDOMEventAttributeTagProcessor
[THYMELEAF]             * [* {th:onseeked,data-th-onseeked}] [1000]: karate.org.thymeleaf.standard.processor.StandardDOMEventAttributeTagProcessor
[THYMELEAF]             * [* {th:ondragend,data-th-ondragend}] [1000]: karate.org.thymeleaf.standard.processor.StandardDOMEventAttributeTagProcessor
[THYMELEAF]             * [* {th:oninput,data-th-oninput}] [1000]: karate.org.thymeleaf.standard.processor.StandardDOMEventAttributeTagProcessor
[THYMELEAF]             * [* {th:oninvalid,data-th-oninvalid}] [1000]: karate.org.thymeleaf.standard.processor.StandardDOMEventAttributeTagProcessor
[THYMELEAF]             * [* {th:onshow,data-th-onshow}] [1000]: karate.org.thymeleaf.standard.processor.StandardDOMEventAttributeTagProcessor
[THYMELEAF]             * [* {th:onwaiting,data-th-onwaiting}] [1000]: karate.org.thymeleaf.standard.processor.StandardDOMEventAttributeTagProcessor
[THYMELEAF]             * [* {th:onbeforeprint,data-th-onbeforeprint}] [1000]: karate.org.thymeleaf.standard.processor.StandardDOMEventAttributeTagProcessor
[THYMELEAF]             * [* {th:ondragstart,data-th-ondragstart}] [1000]: karate.org.thymeleaf.standard.processor.StandardDOMEventAttributeTagProcessor
[THYMELEAF]             * [* {th:onpopstate,data-th-onpopstate}] [1000]: karate.org.thymeleaf.standard.processor.StandardDOMEventAttributeTagProcessor
[THYMELEAF]             * [* {th:onpause,data-th-onpause}] [1000]: karate.org.thymeleaf.standard.processor.StandardDOMEventAttributeTagProcessor
[THYMELEAF]             * [* {th:onmousedown,data-th-onmousedown}] [1000]: karate.org.thymeleaf.standard.processor.StandardDOMEventAttributeTagProcessor
[THYMELEAF]             * [* {th:onmessage,data-th-onmessage}] [1000]: karate.org.thymeleaf.standard.processor.StandardDOMEventAttributeTagProcessor
[THYMELEAF]             * [* {th:onscroll,data-th-onscroll}] [1000]: karate.org.thymeleaf.standard.processor.StandardDOMEventAttributeTagProcessor
[THYMELEAF]             * [* {th:ondurationchange,data-th-ondurationchange}] [1000]: karate.org.thymeleaf.standard.processor.StandardDOMEventAttributeTagProcessor
[THYMELEAF]             * [* {th:oncanplaythrough,data-th-oncanplaythrough}] [1000]: karate.org.thymeleaf.standard.processor.StandardDOMEventAttributeTagProcessor
[THYMELEAF]             * [* {th:onresize,data-th-onresize}] [1000]: karate.org.thymeleaf.standard.processor.StandardDOMEventAttributeTagProcessor
[THYMELEAF]             * [* {th:onoffline,data-th-onoffline}] [1000]: karate.org.thymeleaf.standard.processor.StandardDOMEventAttributeTagProcessor
[THYMELEAF]             * [* {th:onsuspend,data-th-onsuspend}] [1000]: karate.org.thymeleaf.standard.processor.StandardDOMEventAttributeTagProcessor
[THYMELEAF]             * [* {th:oncontextmenu,data-th-oncontextmenu}] [1000]: karate.org.thymeleaf.standard.processor.StandardDOMEventAttributeTagProcessor
[THYMELEAF]             * [* {th:onselect,data-th-onselect}] [1000]: karate.org.thymeleaf.standard.processor.StandardDOMEventAttributeTagProcessor
[THYMELEAF]             * [* {th:onreset,data-th-onreset}] [1000]: karate.org.thymeleaf.standard.processor.StandardDOMEventAttributeTagProcessor
[THYMELEAF]             * [* {th:onerror,data-th-onerror}] [1000]: karate.org.thymeleaf.standard.processor.StandardDOMEventAttributeTagProcessor
[THYMELEAF]             * [* {th:onforminput,data-th-onforminput}] [1000]: karate.org.thymeleaf.standard.processor.StandardDOMEventAttributeTagProcessor
[THYMELEAF]             * [* {th:onreadystatechange,data-th-onreadystatechange}] [1000]: karate.org.thymeleaf.standard.processor.StandardDOMEventAttributeTagProcessor
[THYMELEAF]             * [* {th:onhashchange,data-th-onhashchange}] [1000]: karate.org.thymeleaf.standard.processor.StandardDOMEventAttributeTagProcessor
[THYMELEAF]             * [* {th:onclick,data-th-onclick}] [1000]: karate.org.thymeleaf.standard.processor.StandardDOMEventAttributeTagProcessor
[THYMELEAF]             * [* {th:onplaying,data-th-onplaying}] [1000]: karate.org.thymeleaf.standard.processor.StandardDOMEventAttributeTagProcessor
[THYMELEAF]             * [* {th:ondragover,data-th-ondragover}] [1000]: karate.org.thymeleaf.standard.processor.StandardDOMEventAttributeTagProcessor
[THYMELEAF]             * [* {th:onloadeddata,data-th-onloadeddata}] [1000]: karate.org.thymeleaf.standard.processor.StandardDOMEventAttributeTagProcessor
[THYMELEAF]             * [* {th:onkeyup,data-th-onkeyup}] [1000]: karate.org.thymeleaf.standard.processor.StandardDOMEventAttributeTagProcessor
[THYMELEAF]             * [* {th:onloadstart,data-th-onloadstart}] [1000]: karate.org.thymeleaf.standard.processor.StandardDOMEventAttributeTagProcessor
[THYMELEAF]             * [* {th:ondragenter,data-th-ondragenter}] [1000]: karate.org.thymeleaf.standard.processor.StandardDOMEventAttributeTagProcessor
[THYMELEAF]             * [* {th:onchange,data-th-onchange}] [1000]: karate.org.thymeleaf.standard.processor.StandardDOMEventAttributeTagProcessor
[THYMELEAF]             * [* {th:onmouseover,data-th-onmouseover}] [1000]: karate.org.thymeleaf.standard.processor.StandardDOMEventAttributeTagProcessor
[THYMELEAF]             * [* {th:onabort,data-th-onabort}] [1000]: karate.org.thymeleaf.standard.processor.StandardDOMEventAttributeTagProcessor
[THYMELEAF]             * [* {th:onloadedmetadata,data-th-onloadedmetadata}] [1000]: karate.org.thymeleaf.standard.processor.StandardDOMEventAttributeTagProcessor
[THYMELEAF]             * [* {th:href,data-th-href}] [1000]: karate.org.thymeleaf.standard.processor.StandardHrefTagProcessor
[THYMELEAF]             * [* {th:inline,data-th-inline}] [1000]: karate.org.thymeleaf.standard.processor.StandardInlineHTMLTagProcessor
[THYMELEAF]             * [* {th:method,data-th-method}] [1000]: karate.org.thymeleaf.standard.processor.StandardMethodTagProcessor
[THYMELEAF]             * [* {th:name,data-th-name}] [1000]: karate.org.thymeleaf.standard.processor.StandardNonRemovableAttributeTagProcessor
[THYMELEAF]             * [* {th:type,data-th-type}] [1000]: karate.org.thymeleaf.standard.processor.StandardNonRemovableAttributeTagProcessor
[THYMELEAF]             * [* {th:max,data-th-max}] [1000]: karate.org.thymeleaf.standard.processor.StandardRemovableAttributeTagProcessor
[THYMELEAF]             * [* {th:step,data-th-step}] [1000]: karate.org.thymeleaf.standard.processor.StandardRemovableAttributeTagProcessor
[THYMELEAF]             * [* {th:content,data-th-content}] [1000]: karate.org.thymeleaf.standard.processor.StandardRemovableAttributeTagProcessor
[THYMELEAF]             * [* {th:for,data-th-for}] [1000]: karate.org.thymeleaf.standard.processor.StandardRemovableAttributeTagProcessor
[THYMELEAF]             * [* {th:enctype,data-th-enctype}] [1000]: karate.org.thymeleaf.standard.processor.StandardRemovableAttributeTagProcessor
[THYMELEAF]             * [* {th:abbr,data-th-abbr}] [1000]: karate.org.thymeleaf.standard.processor.StandardRemovableAttributeTagProcessor
[THYMELEAF]             * [* {th:alt,data-th-alt}] [1000]: karate.org.thymeleaf.standard.processor.StandardRemovableAttributeTagProcessor
[THYMELEAF]             * [* {th:sizes,data-th-sizes}] [1000]: karate.org.thymeleaf.standard.processor.StandardRemovableAttributeTagProcessor
[THYMELEAF]             * [* {th:pattern,data-th-pattern}] [1000]: karate.org.thymeleaf.standard.processor.StandardRemovableAttributeTagProcessor
[THYMELEAF]             * [* {th:high,data-th-high}] [1000]: karate.org.thymeleaf.standard.processor.StandardRemovableAttributeTagProcessor
[THYMELEAF]             * [* {th:class,data-th-class}] [1000]: karate.org.thymeleaf.standard.processor.StandardRemovableAttributeTagProcessor
[THYMELEAF]             * [* {th:rows,data-th-rows}] [1000]: karate.org.thymeleaf.standard.processor.StandardRemovableAttributeTagProcessor
[THYMELEAF]             * [* {th:contenteditable,data-th-contenteditable}] [1000]: karate.org.thymeleaf.standard.processor.StandardRemovableAttributeTagProcessor
[THYMELEAF]             * [* {th:start,data-th-start}] [1000]: karate.org.thymeleaf.standard.processor.StandardRemovableAttributeTagProcessor
[THYMELEAF]             * [* {th:datetime,data-th-datetime}] [1000]: karate.org.thymeleaf.standard.processor.StandardRemovableAttributeTagProcessor
[THYMELEAF]             * [* {th:placeholder,data-th-placeholder}] [1000]: karate.org.thymeleaf.standard.processor.StandardRemovableAttributeTagProcessor
[THYMELEAF]             * [* {th:headers,data-th-headers}] [1000]: karate.org.thymeleaf.standard.processor.StandardRemovableAttributeTagProcessor
[THYMELEAF]             * [* {th:wrap,data-th-wrap}] [1000]: karate.org.thymeleaf.standard.processor.StandardRemovableAttributeTagProcessor
[THYMELEAF]             * [* {th:label,data-th-label}] [1000]: karate.org.thymeleaf.standard.processor.StandardRemovableAttributeTagProcessor
[THYMELEAF]             * [* {th:audio,data-th-audio}] [1000]: karate.org.thymeleaf.standard.processor.StandardRemovableAttributeTagProcessor
[THYMELEAF]             * [* {th:srclang,data-th-srclang}] [1000]: karate.org.thymeleaf.standard.processor.StandardRemovableAttributeTagProcessor
[THYMELEAF]             * [* {th:maxlength,data-th-maxlength}] [1000]: karate.org.thymeleaf.standard.processor.StandardRemovableAttributeTagProcessor
[THYMELEAF]             * [* {th:vspace,data-th-vspace}] [1000]: karate.org.thymeleaf.standard.processor.StandardRemovableAttributeTagProcessor
[THYMELEAF]             * [* {th:formmethod,data-th-formmethod}] [1000]: karate.org.thymeleaf.standard.processor.StandardRemovableAttributeTagProcessor
[THYMELEAF]             * [* {th:form,data-th-form}] [1000]: karate.org.thymeleaf.standard.processor.StandardRemovableAttributeTagProcessor
[THYMELEAF]             * [* {th:poster,data-th-poster}] [1000]: karate.org.thymeleaf.standard.processor.StandardRemovableAttributeTagProcessor
[THYMELEAF]             * [* {th:draggable,data-th-draggable}] [1000]: karate.org.thymeleaf.standard.processor.StandardRemovableAttributeTagProcessor
[THYMELEAF]             * [* {th:contextmenu,data-th-contextmenu}] [1000]: karate.org.thymeleaf.standard.processor.StandardRemovableAttributeTagProcessor
[THYMELEAF]             * [* {th:span,data-th-span}] [1000]: karate.org.thymeleaf.standard.processor.StandardRemovableAttributeTagProcessor
[THYMELEAF]             * [* {th:accept-charset,data-th-accept-charset}] [1000]: karate.org.thymeleaf.standard.processor.StandardRemovableAttributeTagProcessor
[THYMELEAF]             * [* {th:formtarget,data-th-formtarget}] [1000]: karate.org.thymeleaf.standard.processor.StandardRemovableAttributeTagProcessor
[THYMELEAF]             * [* {th:http-equiv,data-th-http-equiv}] [1000]: karate.org.thymeleaf.standard.processor.StandardRemovableAttributeTagProcessor
[THYMELEAF]             * [* {th:archive,data-th-archive}] [1000]: karate.org.thymeleaf.standard.processor.StandardRemovableAttributeTagProcessor
[THYMELEAF]             * [* {th:radiogroup,data-th-radiogroup}] [1000]: karate.org.thymeleaf.standard.processor.StandardRemovableAttributeTagProcessor
[THYMELEAF]             * [* {th:standby,data-th-standby}] [1000]: karate.org.thymeleaf.standard.processor.StandardRemovableAttributeTagProcessor
[THYMELEAF]             * [* {th:rev,data-th-rev}] [1000]: karate.org.thymeleaf.standard.processor.StandardRemovableAttributeTagProcessor
[THYMELEAF]             * [* {th:summary,data-th-summary}] [1000]: karate.org.thymeleaf.standard.processor.StandardRemovableAttributeTagProcessor
[THYMELEAF]             * [* {th:list,data-th-list}] [1000]: karate.org.thymeleaf.standard.processor.StandardRemovableAttributeTagProcessor
[THYMELEAF]             * [* {th:size,data-th-size}] [1000]: karate.org.thymeleaf.standard.processor.StandardRemovableAttributeTagProcessor
[THYMELEAF]             * [* {th:rel,data-th-rel}] [1000]: karate.org.thymeleaf.standard.processor.StandardRemovableAttributeTagProcessor
[THYMELEAF]             * [* {th:scheme,data-th-scheme}] [1000]: karate.org.thymeleaf.standard.processor.StandardRemovableAttributeTagProcessor
[THYMELEAF]             * [* {th:keytype,data-th-keytype}] [1000]: karate.org.thymeleaf.standard.processor.StandardRemovableAttributeTagProcessor
[THYMELEAF]             * [* {th:formaction,data-th-formaction}] [1000]: karate.org.thymeleaf.standard.processor.StandardRemovableAttributeTagProcessor
[THYMELEAF]             * [* {th:hspace,data-th-hspace}] [1000]: karate.org.thymeleaf.standard.processor.StandardRemovableAttributeTagProcessor
[THYMELEAF]             * [* {th:usemap,data-th-usemap}] [1000]: karate.org.thymeleaf.standard.processor.StandardRemovableAttributeTagProcessor
[THYMELEAF]             * [* {th:preload,data-th-preload}] [1000]: karate.org.thymeleaf.standard.processor.StandardRemovableAttributeTagProcessor
[THYMELEAF]             * [* {th:height,data-th-height}] [1000]: karate.org.thymeleaf.standard.processor.StandardRemovableAttributeTagProcessor
[THYMELEAF]             * [* {th:min,data-th-min}] [1000]: karate.org.thymeleaf.standard.processor.StandardRemovableAttributeTagProcessor
[THYMELEAF]             * [* {th:manifest,data-th-manifest}] [1000]: karate.org.thymeleaf.standard.processor.StandardRemovableAttributeTagProcessor
[THYMELEAF]             * [* {th:icon,data-th-icon}] [1000]: karate.org.thymeleaf.standard.processor.StandardRemovableAttributeTagProcessor
[THYMELEAF]             * [* {th:spellcheck,data-th-spellcheck}] [1000]: karate.org.thymeleaf.standard.processor.StandardRemovableAttributeTagProcessor
[THYMELEAF]             * [* {th:hreflang,data-th-hreflang}] [1000]: karate.org.thymeleaf.standard.processor.StandardRemovableAttributeTagProcessor
[THYMELEAF]             * [* {th:id,data-th-id}] [1000]: karate.org.thymeleaf.standard.processor.StandardRemovableAttributeTagProcessor
[THYMELEAF]             * [* {th:low,data-th-low}] [1000]: karate.org.thymeleaf.standard.processor.StandardRemovableAttributeTagProcessor
[THYMELEAF]             * [* {th:cellpadding,data-th-cellpadding}] [1000]: karate.org.thymeleaf.standard.processor.StandardRemovableAttributeTagProcessor
[THYMELEAF]             * [* {th:style,data-th-style}] [1000]: karate.org.thymeleaf.standard.processor.StandardRemovableAttributeTagProcessor
[THYMELEAF]             * [* {th:autocomplete,data-th-autocomplete}] [1000]: karate.org.thymeleaf.standard.processor.StandardRemovableAttributeTagProcessor
[THYMELEAF]             * [* {th:accept,data-th-accept}] [1000]: karate.org.thymeleaf.standard.processor.StandardRemovableAttributeTagProcessor
[THYMELEAF]             * [* {th:valuetype,data-th-valuetype}] [1000]: karate.org.thymeleaf.standard.processor.StandardRemovableAttributeTagProcessor
[THYMELEAF]             * [* {th:kind,data-th-kind}] [1000]: karate.org.thymeleaf.standard.processor.StandardRemovableAttributeTagProcessor
[THYMELEAF]             * [* {th:axis,data-th-axis}] [1000]: karate.org.thymeleaf.standard.processor.StandardRemovableAttributeTagProcessor
[THYMELEAF]             * [* {th:optimum,data-th-optimum}] [1000]: karate.org.thymeleaf.standard.processor.StandardRemovableAttributeTagProcessor
[THYMELEAF]             * [* {th:codebase,data-th-codebase}] [1000]: karate.org.thymeleaf.standard.processor.StandardRemovableAttributeTagProcessor
[THYMELEAF]             * [* {th:formenctype,data-th-formenctype}] [1000]: karate.org.thymeleaf.standard.processor.StandardRemovableAttributeTagProcessor
[THYMELEAF]             * [* {th:marginwidth,data-th-marginwidth}] [1000]: karate.org.thymeleaf.standard.processor.StandardRemovableAttributeTagProcessor
[THYMELEAF]             * [* {th:dropzone,data-th-dropzone}] [1000]: karate.org.thymeleaf.standard.processor.StandardRemovableAttributeTagProcessor
[THYMELEAF]             * [* {th:challenge,data-th-challenge}] [1000]: karate.org.thymeleaf.standard.processor.StandardRemovableAttributeTagProcessor
[THYMELEAF]             * [* {th:accesskey,data-th-accesskey}] [1000]: karate.org.thymeleaf.standard.processor.StandardRemovableAttributeTagProcessor
[THYMELEAF]             * [* {th:scope,data-th-scope}] [1000]: karate.org.thymeleaf.standard.processor.StandardRemovableAttributeTagProcessor
[THYMELEAF]             * [* {th:cols,data-th-cols}] [1000]: karate.org.thymeleaf.standard.processor.StandardRemovableAttributeTagProcessor
[THYMELEAF]             * [* {th:frameborder,data-th-frameborder}] [1000]: karate.org.thymeleaf.standard.processor.StandardRemovableAttributeTagProcessor
[THYMELEAF]             * [* {th:frame,data-th-frame}] [1000]: karate.org.thymeleaf.standard.processor.StandardRemovableAttributeTagProcessor
[THYMELEAF]             * [* {th:marginheight,data-th-marginheight}] [1000]: karate.org.thymeleaf.standard.processor.StandardRemovableAttributeTagProcessor
[THYMELEAF]             * [* {th:cellspacing,data-th-cellspacing}] [1000]: karate.org.thymeleaf.standard.processor.StandardRemovableAttributeTagProcessor
[THYMELEAF]             * [* {th:data,data-th-data}] [1000]: karate.org.thymeleaf.standard.processor.StandardRemovableAttributeTagProcessor
[THYMELEAF]             * [* {th:compact,data-th-compact}] [1000]: karate.org.thymeleaf.standard.processor.StandardRemovableAttributeTagProcessor
[THYMELEAF]             * [* {th:background,data-th-background}] [1000]: karate.org.thymeleaf.standard.processor.StandardRemovableAttributeTagProcessor
[THYMELEAF]             * [* {th:media,data-th-media}] [1000]: karate.org.thymeleaf.standard.processor.StandardRemovableAttributeTagProcessor
[THYMELEAF]             * [* {th:lang,data-th-lang}] [1000]: karate.org.thymeleaf.standard.processor.StandardRemovableAttributeTagProcessor
[THYMELEAF]             * [* {th:bgcolor,data-th-bgcolor}] [1000]: karate.org.thymeleaf.standard.processor.StandardRemovableAttributeTagProcessor
[THYMELEAF]             * [* {th:colspan,data-th-colspan}] [1000]: karate.org.thymeleaf.standard.processor.StandardRemovableAttributeTagProcessor
[THYMELEAF]             * [* {th:scrolling,data-th-scrolling}] [1000]: karate.org.thymeleaf.standard.processor.StandardRemovableAttributeTagProcessor
[THYMELEAF]             * [* {th:classid,data-th-classid}] [1000]: karate.org.thymeleaf.standard.processor.StandardRemovableAttributeTagProcessor
[THYMELEAF]             * [* {th:sandbox,data-th-sandbox}] [1000]: karate.org.thymeleaf.standard.processor.StandardRemovableAttributeTagProcessor
[THYMELEAF]             * [* {th:longdesc,data-th-longdesc}] [1000]: karate.org.thymeleaf.standard.processor.StandardRemovableAttributeTagProcessor
[THYMELEAF]             * [* {th:rowspan,data-th-rowspan}] [1000]: karate.org.thymeleaf.standard.processor.StandardRemovableAttributeTagProcessor
[THYMELEAF]             * [* {th:tabindex,data-th-tabindex}] [1000]: karate.org.thymeleaf.standard.processor.StandardRemovableAttributeTagProcessor
[THYMELEAF]             * [* {th:codetype,data-th-codetype}] [1000]: karate.org.thymeleaf.standard.processor.StandardRemovableAttributeTagProcessor
[THYMELEAF]             * [* {th:dir,data-th-dir}] [1000]: karate.org.thymeleaf.standard.processor.StandardRemovableAttributeTagProcessor
[THYMELEAF]             * [* {th:border,data-th-border}] [1000]: karate.org.thymeleaf.standard.processor.StandardRemovableAttributeTagProcessor
[THYMELEAF]             * [* {th:align,data-th-align}] [1000]: karate.org.thymeleaf.standard.processor.StandardRemovableAttributeTagProcessor
[THYMELEAF]             * [* {th:charset,data-th-charset}] [1000]: karate.org.thymeleaf.standard.processor.StandardRemovableAttributeTagProcessor
[THYMELEAF]             * [* {th:target,data-th-target}] [1000]: karate.org.thymeleaf.standard.processor.StandardRemovableAttributeTagProcessor
[THYMELEAF]             * [* {th:rules,data-th-rules}] [1000]: karate.org.thymeleaf.standard.processor.StandardRemovableAttributeTagProcessor
[THYMELEAF]             * [* {th:title,data-th-title}] [1000]: karate.org.thymeleaf.standard.processor.StandardRemovableAttributeTagProcessor
[THYMELEAF]             * [* {th:width,data-th-width}] [1000]: karate.org.thymeleaf.standard.processor.StandardRemovableAttributeTagProcessor
[THYMELEAF]             * [* {th:cite,data-th-cite}] [1000]: karate.org.thymeleaf.standard.processor.StandardRemovableAttributeTagProcessor
[THYMELEAF]             * [* {th:src,data-th-src}] [1000]: karate.org.thymeleaf.standard.processor.StandardSrcTagProcessor
[THYMELEAF]             * [* {th:value,data-th-value}] [1000]: karate.org.thymeleaf.standard.processor.StandardValueTagProcessor
[THYMELEAF]             * [* {th:xmlbase,data-th-xmlbase}] [1000]: karate.org.thymeleaf.standard.processor.StandardXmlBaseTagProcessor
[THYMELEAF]             * [* {th:xmllang,data-th-xmllang}] [1000]: karate.org.thymeleaf.standard.processor.StandardXmlLangTagProcessor
[THYMELEAF]             * [* {xmlns:th}] [1000]: karate.org.thymeleaf.standard.processor.StandardXmlNsTagProcessor
[THYMELEAF]             * [* {th:xmlspace,data-th-xmlspace}] [1000]: karate.org.thymeleaf.standard.processor.StandardXmlSpaceTagProcessor
[THYMELEAF]             * [* {th:classappend,data-th-classappend}] [1100]: karate.org.thymeleaf.standard.processor.StandardClassappendTagProcessor
[THYMELEAF]             * [* {th:styleappend,data-th-styleappend}] [1100]: karate.org.thymeleaf.standard.processor.StandardStyleappendTagProcessor
[THYMELEAF]             * [* {th:text,data-th-text}] [1300]: karate.org.thymeleaf.standard.processor.StandardTextTagProcessor
[THYMELEAF]             * [* {th:utext,data-th-utext}] [1400]: karate.org.thymeleaf.standard.processor.StandardUtextTagProcessor
[THYMELEAF]             * [* {th:fragment,data-th-fragment}] [1500]: karate.org.thymeleaf.standard.processor.StandardFragmentTagProcessor
[THYMELEAF]             * [* {th:assert,data-th-assert}] [1550]: karate.org.thymeleaf.standard.processor.StandardAssertTagProcessor
[THYMELEAF]             * [* {th:remove,data-th-remove}] [1600]: karate.org.thymeleaf.standard.processor.StandardRemoveTagProcessor
[THYMELEAF]             * [* {th:ref,data-th-ref}] [10000]: karate.org.thymeleaf.standard.processor.StandardRefAttributeTagProcessor
[THYMELEAF]             * [{th:block,th-block} *] [100000]: karate.org.thymeleaf.standard.processor.StandardBlockTagProcessor
[THYMELEAF]             * [* th:*] [2147483647]: karate.org.thymeleaf.standard.processor.StandardDefaultAttributesTagProcessor
[THYMELEAF]         * Text Processors by [precedence]:
[THYMELEAF]             * [1000]: karate.org.thymeleaf.standard.processor.StandardInliningTextProcessor
[THYMELEAF]         * DOCTYPE Processors by [precedence]:
[THYMELEAF]             * [1000]: karate.org.thymeleaf.standard.processor.StandardTranslationDocTypeProcessor
[THYMELEAF]         * CDATA Section Processors by [precedence]:
[THYMELEAF]             * [1000]: karate.org.thymeleaf.standard.processor.StandardInliningCDATASectionProcessor
[THYMELEAF]         * Comment Processors by [precedence]:
[THYMELEAF]             * [1000]: karate.org.thymeleaf.standard.processor.StandardInliningCommentProcessor
[THYMELEAF]             * [1100]: karate.org.thymeleaf.standard.processor.StandardConditionalCommentProcessor
[THYMELEAF]     * Processors for Template Mode: XML
[THYMELEAF]         * Element Tag Processors by [matching element and attribute name] [precedence]:
[THYMELEAF]             * [* {th:include}] [100]: karate.org.thymeleaf.standard.processor.StandardIncludeTagProcessor
[THYMELEAF]             * [* {th:insert}] [100]: karate.org.thymeleaf.standard.processor.StandardInsertTagProcessor
[THYMELEAF]             * [* {th:replace}] [100]: karate.org.thymeleaf.standard.processor.StandardReplaceTagProcessor
[THYMELEAF]             * [* {th:substituteby}] [100]: karate.org.thymeleaf.standard.processor.StandardSubstituteByTagProcessor
[THYMELEAF]             * [* {th:each}] [200]: com.intuit.karate.template.KarateEachTagProcessor
[THYMELEAF]             * [* {th:switch}] [250]: karate.org.thymeleaf.standard.processor.StandardSwitchTagProcessor
[THYMELEAF]             * [* {th:case}] [275]: karate.org.thymeleaf.standard.processor.StandardCaseTagProcessor
[THYMELEAF]             * [* {th:if}] [300]: karate.org.thymeleaf.standard.processor.StandardIfTagProcessor
[THYMELEAF]             * [* {th:unless}] [400]: karate.org.thymeleaf.standard.processor.StandardUnlessTagProcessor
[THYMELEAF]             * [* {th:object}] [500]: karate.org.thymeleaf.standard.processor.StandardObjectTagProcessor
[THYMELEAF]             * [* {th:with}] [600]: com.intuit.karate.template.KarateWithTagProcessor
[THYMELEAF]             * [* {th:attr}] [700]: com.intuit.karate.template.KarateAttributeTagProcessor.KarateAttrTagProcessor
[THYMELEAF]             * [* {th:attrappend}] [900]: com.intuit.karate.template.KarateAttributeTagProcessor.KarateAttrappendTagProcessor
[THYMELEAF]             * [* {th:attrprepend}] [900]: com.intuit.karate.template.KarateAttributeTagProcessor.KarateAttrprependTagProcessor
[THYMELEAF]             * [* {th:inline}] [1000]: karate.org.thymeleaf.standard.processor.StandardInlineXMLTagProcessor
[THYMELEAF]             * [* {xmlns:th}] [1000]: karate.org.thymeleaf.standard.processor.StandardXmlNsTagProcessor
[THYMELEAF]             * [* {th:text}] [1300]: karate.org.thymeleaf.standard.processor.StandardTextTagProcessor
[THYMELEAF]             * [* {th:utext}] [1400]: karate.org.thymeleaf.standard.processor.StandardUtextTagProcessor
[THYMELEAF]             * [* {th:fragment}] [1500]: karate.org.thymeleaf.standard.processor.StandardFragmentTagProcessor
[THYMELEAF]             * [* {th:assert}] [1550]: karate.org.thymeleaf.standard.processor.StandardAssertTagProcessor
[THYMELEAF]             * [* {th:remove}] [1600]: karate.org.thymeleaf.standard.processor.StandardRemoveTagProcessor
[THYMELEAF]             * [* {th:ref}] [10000]: karate.org.thymeleaf.standard.processor.StandardRefAttributeTagProcessor
[THYMELEAF]             * [{th:block} *] [100000]: karate.org.thymeleaf.standard.processor.StandardBlockTagProcessor
[THYMELEAF]             * [* th:*] [2147483647]: karate.org.thymeleaf.standard.processor.StandardDefaultAttributesTagProcessor
[THYMELEAF]         * Text Processors by [precedence]:
[THYMELEAF]             * [1000]: karate.org.thymeleaf.standard.processor.StandardInliningTextProcessor
[THYMELEAF]         * CDATA Section Processors by [precedence]:
[THYMELEAF]             * [1000]: karate.org.thymeleaf.standard.processor.StandardInliningCDATASectionProcessor
[THYMELEAF]         * Comment Processors by [precedence]:
[THYMELEAF]             * [1000]: karate.org.thymeleaf.standard.processor.StandardInliningCommentProcessor
[THYMELEAF]     * Processors for Template Mode: TEXT
[THYMELEAF]         * Element Tag Processors by [matching element and attribute name] [precedence]:
[THYMELEAF]             * [* {th:insert}] [100]: karate.org.thymeleaf.standard.processor.StandardInsertTagProcessor
[THYMELEAF]             * [* {th:replace}] [100]: karate.org.thymeleaf.standard.processor.StandardReplaceTagProcessor
[THYMELEAF]             * [* {th:each}] [200]: com.intuit.karate.template.KarateEachTagProcessor
[THYMELEAF]             * [* {th:switch}] [250]: karate.org.thymeleaf.standard.processor.StandardSwitchTagProcessor
[THYMELEAF]             * [* {th:case}] [275]: karate.org.thymeleaf.standard.processor.StandardCaseTagProcessor
[THYMELEAF]             * [* {th:if}] [300]: karate.org.thymeleaf.standard.processor.StandardIfTagProcessor
[THYMELEAF]             * [* {th:unless}] [400]: karate.org.thymeleaf.standard.processor.StandardUnlessTagProcessor
[THYMELEAF]             * [* {th:object}] [500]: karate.org.thymeleaf.standard.processor.StandardObjectTagProcessor
[THYMELEAF]             * [* {th:with}] [600]: com.intuit.karate.template.KarateWithTagProcessor
[THYMELEAF]             * [* {th:inline}] [1000]: karate.org.thymeleaf.standard.processor.StandardInlineTextualTagProcessor
[THYMELEAF]             * [* {th:text}] [1300]: karate.org.thymeleaf.standard.processor.StandardTextTagProcessor
[THYMELEAF]             * [* {th:utext}] [1400]: karate.org.thymeleaf.standard.processor.StandardUtextTagProcessor
[THYMELEAF]             * [* {th:assert}] [1550]: karate.org.thymeleaf.standard.processor.StandardAssertTagProcessor
[THYMELEAF]             * [* {th:remove}] [1600]: karate.org.thymeleaf.standard.processor.StandardRemoveTagProcessor
[THYMELEAF]             * [{th:block} *] [100000]: karate.org.thymeleaf.standard.processor.StandardBlockTagProcessor
[THYMELEAF]             * [* 100000] [karate.org.thymeleaf.standard.processor.StandardBlockTagProcessor]: {}
[THYMELEAF]         * Text Processors by [precedence]:
[THYMELEAF]             * [1000]: karate.org.thymeleaf.standard.processor.StandardInliningTextProcessor
[THYMELEAF]     * Processors for Template Mode: JAVASCRIPT
[THYMELEAF]         * Element Tag Processors by [matching element and attribute name] [precedence]:
[THYMELEAF]             * [* {th:insert}] [100]: karate.org.thymeleaf.standard.processor.StandardInsertTagProcessor
[THYMELEAF]             * [* {th:replace}] [100]: karate.org.thymeleaf.standard.processor.StandardReplaceTagProcessor
[THYMELEAF]             * [* {th:each}] [200]: com.intuit.karate.template.KarateEachTagProcessor
[THYMELEAF]             * [* {th:switch}] [250]: karate.org.thymeleaf.standard.processor.StandardSwitchTagProcessor
[THYMELEAF]             * [* {th:case}] [275]: karate.org.thymeleaf.standard.processor.StandardCaseTagProcessor
[THYMELEAF]             * [* {th:if}] [300]: karate.org.thymeleaf.standard.processor.StandardIfTagProcessor
[THYMELEAF]             * [* {th:unless}] [400]: karate.org.thymeleaf.standard.processor.StandardUnlessTagProcessor
[THYMELEAF]             * [* {th:object}] [500]: karate.org.thymeleaf.standard.processor.StandardObjectTagProcessor
[THYMELEAF]             * [* {th:with}] [600]: com.intuit.karate.template.KarateWithTagProcessor
[THYMELEAF]             * [* {th:inline}] [1000]: karate.org.thymeleaf.standard.processor.StandardInlineTextualTagProcessor
[THYMELEAF]             * [* {th:text}] [1300]: karate.org.thymeleaf.standard.processor.StandardTextTagProcessor
[THYMELEAF]             * [* {th:utext}] [1400]: karate.org.thymeleaf.standard.processor.StandardUtextTagProcessor
[THYMELEAF]             * [* {th:assert}] [1550]: karate.org.thymeleaf.standard.processor.StandardAssertTagProcessor
[THYMELEAF]             * [* {th:remove}] [1600]: karate.org.thymeleaf.standard.processor.StandardRemoveTagProcessor
[THYMELEAF]             * [* 100000] [karate.org.thymeleaf.standard.processor.StandardBlockTagProcessor]: {}
[THYMELEAF]             * [{th:block} *] [100000]: karate.org.thymeleaf.standard.processor.StandardBlockTagProcessor
[THYMELEAF]         * Text Processors by [precedence]:
[THYMELEAF]             * [1000]: karate.org.thymeleaf.standard.processor.StandardInliningTextProcessor
[THYMELEAF]     * Processors for Template Mode: CSS
[THYMELEAF]         * Element Tag Processors by [matching element and attribute name] [precedence]:
[THYMELEAF]             * [* {th:insert}] [100]: karate.org.thymeleaf.standard.processor.StandardInsertTagProcessor
[THYMELEAF]             * [* {th:replace}] [100]: karate.org.thymeleaf.standard.processor.StandardReplaceTagProcessor
[THYMELEAF]             * [* {th:each}] [200]: com.intuit.karate.template.KarateEachTagProcessor
[THYMELEAF]             * [* {th:switch}] [250]: karate.org.thymeleaf.standard.processor.StandardSwitchTagProcessor
[THYMELEAF]             * [* {th:case}] [275]: karate.org.thymeleaf.standard.processor.StandardCaseTagProcessor
[THYMELEAF]             * [* {th:if}] [300]: karate.org.thymeleaf.standard.processor.StandardIfTagProcessor
[THYMELEAF]             * [* {th:unless}] [400]: karate.org.thymeleaf.standard.processor.StandardUnlessTagProcessor
[THYMELEAF]             * [* {th:object}] [500]: karate.org.thymeleaf.standard.processor.StandardObjectTagProcessor
[THYMELEAF]             * [* {th:with}] [600]: com.intuit.karate.template.KarateWithTagProcessor
[THYMELEAF]             * [* {th:inline}] [1000]: karate.org.thymeleaf.standard.processor.StandardInlineTextualTagProcessor
[THYMELEAF]             * [* {th:text}] [1300]: karate.org.thymeleaf.standard.processor.StandardTextTagProcessor
[THYMELEAF]             * [* {th:utext}] [1400]: karate.org.thymeleaf.standard.processor.StandardUtextTagProcessor
[THYMELEAF]             * [* {th:assert}] [1550]: karate.org.thymeleaf.standard.processor.StandardAssertTagProcessor
[THYMELEAF]             * [* {th:remove}] [1600]: karate.org.thymeleaf.standard.processor.StandardRemoveTagProcessor
[THYMELEAF]             * [{th:block} *] [100000]: karate.org.thymeleaf.standard.processor.StandardBlockTagProcessor
[THYMELEAF]             * [* 100000] [karate.org.thymeleaf.standard.processor.StandardBlockTagProcessor]: {}
[THYMELEAF]         * Text Processors by [precedence]:
[THYMELEAF]             * [1000]: karate.org.thymeleaf.standard.processor.StandardInliningTextProcessor
[THYMELEAF]     * Expression Objects:
[THYMELEAF]         * #ctx
[THYMELEAF]         * #root
[THYMELEAF]         * #vars
[THYMELEAF]         * #object
[THYMELEAF]         * #locale
[THYMELEAF]         * #request
[THYMELEAF]         * #response
[THYMELEAF]         * #session
[THYMELEAF]         * #servletContext
[THYMELEAF]         * #conversions
[THYMELEAF]         * #uris
[THYMELEAF]         * #calendars
[THYMELEAF]         * #dates
[THYMELEAF]         * #bools
[THYMELEAF]         * #numbers
[THYMELEAF]         * #objects
[THYMELEAF]         * #strings
[THYMELEAF]         * #arrays
[THYMELEAF]         * #lists
[THYMELEAF]         * #sets
[THYMELEAF]         * #maps
[THYMELEAF]         * #aggregates
[THYMELEAF]         * #messages
[THYMELEAF]         * #ids
[THYMELEAF]         * #execInfo
[THYMELEAF]         * #httpServletRequest
[THYMELEAF]         * #httpSession
[THYMELEAF]     * Execution Attributes:
[THYMELEAF]         * "StandardExpressionParser": com.intuit.karate.template.KarateStandardDialect@21de60a7
[THYMELEAF]         * "StandardJavaScriptSerializer": karate.org.thymeleaf.standard.serializer.StandardJavaScriptSerializer@7c96c85
[THYMELEAF]         * "StandardCSSSerializer": karate.org.thymeleaf.standard.serializer.StandardCSSSerializer@b0f2d91
[THYMELEAF]         * "StandardVariableExpressionEvaluator": com.intuit.karate.template.KarateStandardDialect@21de60a7
[THYMELEAF]         * "StandardConversionService": karate.org.thymeleaf.standard.expression.StandardConversionService@7243145f
[THYMELEAF] * Dialect [2 of 2]: karate (com.intuit.karate.template.KarateScriptDialect)
[THYMELEAF]     * Prefix: "ka"
[THYMELEAF]     * Processors for Template Mode: HTML
[THYMELEAF]         * Element Tag Processors by [matching element and attribute name] [precedence]:
[THYMELEAF]             * [* {src}] [1000]: com.intuit.karate.template.KaScriptAttrProcessor
[THYMELEAF]         * Element Model Processors by [matching element and attribute name] [precedence]:
[THYMELEAF]             * [{script} {ka:scope,data-ka-scope}] [1000]: com.intuit.karate.template.KaScriptElemProcessor
[THYMELEAF]             * [* {ka:set,data-ka-set}] [1000]: com.intuit.karate.template.KaSetElemProcessor
[THYMELEAF] TEMPLATE ENGINE CONFIGURED OK
13:04:49.343 [main] DEBUG karate.org.thymeleaf.TemplateEngine - [THYMELEAF] TEMPLATE ENGINE INITIALIZED
---------------------------------------------------------
feature: classpath:feature/accessToken.feature
scenarios:  1 | passed:  1 | failed:  0 | time: 0.1690
---------------------------------------------------------

13:04:49.791 [main] INFO com.intuit.karate.Suite - <<pass>> feature 1 of 12 (0 remaining) classpath:feature/accessToken.feature
13:04:49.804 [main] INFO com.intuit.karate - karate.env system property was: it01 
13:04:49.805 [main] INFO com.intuit.karate - clientId:52e80bfa-b42c-47d7-98b5-8bb87c926209 
13:04:49.807 [main] INFO com.intuit.karate - Current URL is : https://apigw-st.telus.com 
13:04:49.808 [main] INFO com.intuit.karate - Current Env is : it01 
13:04:49.817 [main] INFO com.intuit.karate - [print] eyJhbGciOiJSUzI1NiIsImtpZCI6ImNhZGZhMTYyLTU2YzEtNGRiOS1hNjNmLTYwZTM3NzIwMWJkZiIsInBpLmF0bSI6IjMifQ.eyJzY29wZSI6WyI0NzIwIl0sImF1dGhvcml6YXRpb25fZGV0YWlscyI6W10sImNsaWVudF9pZCI6IjUyZTgwYmZhLWI0MmMtNDdkNy05OGI1LThiYjg3YzkyNjIwOSIsImlzcyI6Imh0dHBzOi8vdGVhbXNzby1pdHMwNC50ZWx1cy5jb20iLCJhdWQiOiJrb25nIiwiaWF0IjoxNzIzMjIzMDg5LCJleHAiOjE3MjMyMjMzODl9.flESEmYyI_eCkBmzn54OkGfP2lAIxnyqs2XbjtABUAmEnkCOQe8uoiUdROg_nBCNsbluJLTMIyv2VQYcEFeVpzwJIN4AH00KC-3px8L7DRMcbbbRqgIOGamUVRjytKBt3cFR1XVCW32bLo_XlS6M0CPdsCtowSRRwenf6htGC3loiXiWZ8pxuYaJNnmQfuSN9rWpZNHc8y-eYDl0xm6EoEXQSfatP3EAxDBw6tgqlb5patcu_afyMqKiHha9IdISwDeMrqyfvgoAR4Sqhdy3Uxp_k_xzmM-XWElgzY0YfiUnRnIl01fsIz1UO7xaed3xVyVlwsYrq6nB9I57SYDk-A 
13:04:49.833 [main] DEBUG com.jayway.jsonpath.internal.path.CompiledPath - Evaluating path: $
13:04:49.848 [main] INFO com.intuit.karate - karate.env system property was: it01 
13:04:49.849 [main] INFO com.intuit.karate - clientId:52e80bfa-b42c-47d7-98b5-8bb87c926209 
13:04:49.851 [main] INFO com.intuit.karate - Current URL is : https://apigw-st.telus.com 
13:04:49.851 [main] INFO com.intuit.karate - Current Env is : it01 
13:04:49.858 [main] INFO com.intuit.karate - [print] eyJhbGciOiJSUzI1NiIsImtpZCI6ImNhZGZhMTYyLTU2YzEtNGRiOS1hNjNmLTYwZTM3NzIwMWJkZiIsInBpLmF0bSI6IjMifQ.eyJzY29wZSI6WyI0NzIwIl0sImF1dGhvcml6YXRpb25fZGV0YWlscyI6W10sImNsaWVudF9pZCI6IjUyZTgwYmZhLWI0MmMtNDdkNy05OGI1LThiYjg3YzkyNjIwOSIsImlzcyI6Imh0dHBzOi8vdGVhbXNzby1pdHMwNC50ZWx1cy5jb20iLCJhdWQiOiJrb25nIiwiaWF0IjoxNzIzMjIzMDg5LCJleHAiOjE3MjMyMjMzODl9.flESEmYyI_eCkBmzn54OkGfP2lAIxnyqs2XbjtABUAmEnkCOQe8uoiUdROg_nBCNsbluJLTMIyv2VQYcEFeVpzwJIN4AH00KC-3px8L7DRMcbbbRqgIOGamUVRjytKBt3cFR1XVCW32bLo_XlS6M0CPdsCtowSRRwenf6htGC3loiXiWZ8pxuYaJNnmQfuSN9rWpZNHc8y-eYDl0xm6EoEXQSfatP3EAxDBw6tgqlb5patcu_afyMqKiHha9IdISwDeMrqyfvgoAR4Sqhdy3Uxp_k_xzmM-XWElgzY0YfiUnRnIl01fsIz1UO7xaed3xVyVlwsYrq6nB9I57SYDk-A 
13:04:49.859 [main] DEBUG com.intuit.karate.core.ScenarioEngine - over-writing existing variable 'data_file1' with new value: 'tn_search_criteria1.json'
13:04:49.860 [main] DEBUG com.intuit.karate.core.ScenarioEngine - over-writing existing variable 'data_file2' with new value: 'tn_search_criteria2.json'
13:04:49.860 [main] DEBUG com.intuit.karate.core.ScenarioEngine - over-writing existing variable 'data_file4' with new value: 'tn_search_criteria4.json'
13:04:49.860 [main] DEBUG com.intuit.karate.core.ScenarioEngine - over-writing existing variable 'data_file8' with new value: 'tn_search_criteria8.json'
13:04:49.865 [main] DEBUG karate.org.apache.http.client.protocol.RequestAddCookies - CookieSpec selected: karate
13:04:49.865 [main] DEBUG karate.org.apache.http.client.protocol.RequestAuthCache - Auth cache not set in the context
13:04:49.865 [main] DEBUG com.intuit.karate - request:
1 > GET https://apigw-st.telus.com/customer/contactCenterCustomerInfo/v1/account?tn=2507166032
1 > accept: application/json
1 > env: it01
1 > x-cloud-trace-context: karate-integration-test
1 > Authorization: Bearer eyJhbGciOiJSUzI1NiIsImtpZCI6ImNhZGZhMTYyLTU2YzEtNGRiOS1hNjNmLTYwZTM3NzIwMWJkZiIsInBpLmF0bSI6IjMifQ.eyJzY29wZSI6WyI0NzIwIl0sImF1dGhvcml6YXRpb25fZGV0YWlscyI6W10sImNsaWVudF9pZCI6IjUyZTgwYmZhLWI0MmMtNDdkNy05OGI1LThiYjg3YzkyNjIwOSIsImlzcyI6Imh0dHBzOi8vdGVhbXNzby1pdHMwNC50ZWx1cy5jb20iLCJhdWQiOiJrb25nIiwiaWF0IjoxNzIzMjIzMDg5LCJleHAiOjE3MjMyMjMzODl9.flESEmYyI_eCkBmzn54OkGfP2lAIxnyqs2XbjtABUAmEnkCOQe8uoiUdROg_nBCNsbluJLTMIyv2VQYcEFeVpzwJIN4AH00KC-3px8L7DRMcbbbRqgIOGamUVRjytKBt3cFR1XVCW32bLo_XlS6M0CPdsCtowSRRwenf6htGC3loiXiWZ8pxuYaJNnmQfuSN9rWpZNHc8y-eYDl0xm6EoEXQSfatP3EAxDBw6tgqlb5patcu_afyMqKiHha9IdISwDeMrqyfvgoAR4Sqhdy3Uxp_k_xzmM-XWElgzY0YfiUnRnIl01fsIz1UO7xaed3xVyVlwsYrq6nB9I57SYDk-A
1 > Host: apigw-st.telus.com
1 > Connection: Keep-Alive
1 > User-Agent: Apache-HttpClient/4.5.13 (Java/20.0.2)
1 > Accept-Encoding: gzip,deflate


13:04:49.865 [main] DEBUG karate.org.apache.http.impl.conn.PoolingHttpClientConnectionManager - Connection request: [route: {s}->https://apigw-st.telus.com:443][total available: 0; route allocated: 0 of 5; total allocated: 0 of 10]
13:04:49.865 [main] DEBUG karate.org.apache.http.impl.conn.PoolingHttpClientConnectionManager - Connection leased: [id: 2][route: {s}->https://apigw-st.telus.com:443][total available: 0; route allocated: 1 of 5; total allocated: 1 of 10]
13:04:49.865 [main] DEBUG karate.org.apache.http.impl.execchain.MainClientExec - Opening connection {s}->https://apigw-st.telus.com:443
13:04:49.866 [main] DEBUG karate.org.apache.http.impl.conn.DefaultHttpClientConnectionOperator - Connecting to apigw-st.telus.com/207.219.84.31:443
13:04:49.866 [main] DEBUG karate.org.apache.http.conn.ssl.LenientSslConnectionSocketFactory - Connecting socket to apigw-st.telus.com/207.219.84.31:443 with timeout 10000
13:04:49.905 [main] DEBUG karate.org.apache.http.conn.ssl.LenientSslConnectionSocketFactory - Enabled protocols: [TLSv1.3, TLSv1.2]
13:04:49.905 [main] DEBUG karate.org.apache.http.conn.ssl.LenientSslConnectionSocketFactory - Enabled cipher suites:[TLS_AES_256_GCM_SHA384, TLS_AES_128_GCM_SHA256, TLS_CHACHA20_POLY1305_SHA256, TLS_ECDHE_ECDSA_WITH_AES_256_GCM_SHA384, TLS_ECDHE_ECDSA_WITH_AES_128_GCM_SHA256, TLS_ECDHE_ECDSA_WITH_CHACHA20_POLY1305_SHA256, TLS_ECDHE_RSA_WITH_AES_256_GCM_SHA384, TLS_ECDHE_RSA_WITH_CHACHA20_POLY1305_SHA256, TLS_ECDHE_RSA_WITH_AES_128_GCM_SHA256, TLS_DHE_RSA_WITH_AES_256_GCM_SHA384, TLS_DHE_RSA_WITH_CHACHA20_POLY1305_SHA256, TLS_DHE_DSS_WITH_AES_256_GCM_SHA384, TLS_DHE_RSA_WITH_AES_128_GCM_SHA256, TLS_DHE_DSS_WITH_AES_128_GCM_SHA256, TLS_ECDHE_ECDSA_WITH_AES_256_CBC_SHA384, TLS_ECDHE_RSA_WITH_AES_256_CBC_SHA384, TLS_ECDHE_ECDSA_WITH_AES_128_CBC_SHA256, TLS_ECDHE_RSA_WITH_AES_128_CBC_SHA256, TLS_DHE_RSA_WITH_AES_256_CBC_SHA256, TLS_DHE_DSS_WITH_AES_256_CBC_SHA256, TLS_DHE_RSA_WITH_AES_128_CBC_SHA256, TLS_DHE_DSS_WITH_AES_128_CBC_SHA256, TLS_ECDHE_ECDSA_WITH_AES_256_CBC_SHA, TLS_ECDHE_RSA_WITH_AES_256_CBC_SHA, TLS_ECDHE_ECDSA_WITH_AES_128_CBC_SHA, TLS_ECDHE_RSA_WITH_AES_128_CBC_SHA, TLS_DHE_RSA_WITH_AES_256_CBC_SHA, TLS_DHE_DSS_WITH_AES_256_CBC_SHA, TLS_DHE_RSA_WITH_AES_128_CBC_SHA, TLS_DHE_DSS_WITH_AES_128_CBC_SHA, TLS_RSA_WITH_AES_256_GCM_SHA384, TLS_RSA_WITH_AES_128_GCM_SHA256, TLS_RSA_WITH_AES_256_CBC_SHA256, TLS_RSA_WITH_AES_128_CBC_SHA256, TLS_RSA_WITH_AES_256_CBC_SHA, TLS_RSA_WITH_AES_128_CBC_SHA, TLS_EMPTY_RENEGOTIATION_INFO_SCSV]
13:04:49.906 [main] DEBUG karate.org.apache.http.conn.ssl.LenientSslConnectionSocketFactory - Starting handshake
13:04:49.962 [main] DEBUG karate.org.apache.http.conn.ssl.LenientSslConnectionSocketFactory - Secure session established
13:04:49.962 [main] DEBUG karate.org.apache.http.conn.ssl.LenientSslConnectionSocketFactory -  negotiated protocol: TLSv1.3
13:04:49.963 [main] DEBUG karate.org.apache.http.conn.ssl.LenientSslConnectionSocketFactory -  negotiated cipher suite: TLS_AES_128_GCM_SHA256
13:04:49.963 [main] DEBUG karate.org.apache.http.conn.ssl.LenientSslConnectionSocketFactory -  peer principal: CN=apigw-soap-st.telus.com, O=TELUS Corp., L=Vancouver, ST=British Columbia, C=CA
13:04:49.963 [main] DEBUG karate.org.apache.http.conn.ssl.LenientSslConnectionSocketFactory -  peer alternative names: [apigw-soap-st.telus.com, apigw-st.telus.com, apigw-qidc-st.telus.com, apigw-kidc-st.telus.com, apigw-soap-qidc-st.telus.com, apigw-soap-kidc-st.telus.com]
13:04:49.963 [main] DEBUG karate.org.apache.http.conn.ssl.LenientSslConnectionSocketFactory -  issuer principal: CN=DigiCert Global G2 TLS RSA SHA256 2020 CA1, O=DigiCert Inc, C=US
13:04:49.963 [main] DEBUG karate.org.apache.http.impl.conn.DefaultHttpClientConnectionOperator - Connection established 192.168.1.65:54938<->207.219.84.31:443
13:04:49.963 [main] DEBUG karate.org.apache.http.impl.conn.DefaultManagedHttpClientConnection - http-outgoing-2: set socket timeout to 20000
13:04:49.963 [main] DEBUG karate.org.apache.http.impl.execchain.MainClientExec - Executing request GET /customer/contactCenterCustomerInfo/v1/account?tn=2507166032 HTTP/1.1
13:04:49.963 [main] DEBUG karate.org.apache.http.impl.execchain.MainClientExec - Proxy auth state: UNCHALLENGED
13:04:49.963 [main] DEBUG karate.org.apache.http.headers - http-outgoing-2 >> GET /customer/contactCenterCustomerInfo/v1/account?tn=2507166032 HTTP/1.1
13:04:49.963 [main] DEBUG karate.org.apache.http.headers - http-outgoing-2 >> accept: application/json
13:04:49.963 [main] DEBUG karate.org.apache.http.headers - http-outgoing-2 >> env: it01
13:04:49.963 [main] DEBUG karate.org.apache.http.headers - http-outgoing-2 >> x-cloud-trace-context: karate-integration-test
13:04:49.963 [main] DEBUG karate.org.apache.http.headers - http-outgoing-2 >> Authorization: Bearer eyJhbGciOiJSUzI1NiIsImtpZCI6ImNhZGZhMTYyLTU2YzEtNGRiOS1hNjNmLTYwZTM3NzIwMWJkZiIsInBpLmF0bSI6IjMifQ.eyJzY29wZSI6WyI0NzIwIl0sImF1dGhvcml6YXRpb25fZGV0YWlscyI6W10sImNsaWVudF9pZCI6IjUyZTgwYmZhLWI0MmMtNDdkNy05OGI1LThiYjg3YzkyNjIwOSIsImlzcyI6Imh0dHBzOi8vdGVhbXNzby1pdHMwNC50ZWx1cy5jb20iLCJhdWQiOiJrb25nIiwiaWF0IjoxNzIzMjIzMDg5LCJleHAiOjE3MjMyMjMzODl9.flESEmYyI_eCkBmzn54OkGfP2lAIxnyqs2XbjtABUAmEnkCOQe8uoiUdROg_nBCNsbluJLTMIyv2VQYcEFeVpzwJIN4AH00KC-3px8L7DRMcbbbRqgIOGamUVRjytKBt3cFR1XVCW32bLo_XlS6M0CPdsCtowSRRwenf6htGC3loiXiWZ8pxuYaJNnmQfuSN9rWpZNHc8y-eYDl0xm6EoEXQSfatP3EAxDBw6tgqlb5patcu_afyMqKiHha9IdISwDeMrqyfvgoAR4Sqhdy3Uxp_k_xzmM-XWElgzY0YfiUnRnIl01fsIz1UO7xaed3xVyVlwsYrq6nB9I57SYDk-A
13:04:49.963 [main] DEBUG karate.org.apache.http.headers - http-outgoing-2 >> Host: apigw-st.telus.com
13:04:49.963 [main] DEBUG karate.org.apache.http.headers - http-outgoing-2 >> Connection: Keep-Alive
13:04:49.963 [main] DEBUG karate.org.apache.http.headers - http-outgoing-2 >> User-Agent: Apache-HttpClient/4.5.13 (Java/20.0.2)
13:04:49.963 [main] DEBUG karate.org.apache.http.headers - http-outgoing-2 >> Accept-Encoding: gzip,deflate
13:04:49.963 [main] DEBUG karate.org.apache.http.wire - http-outgoing-2 >> "GET /customer/contactCenterCustomerInfo/v1/account?tn=2507166032 HTTP/1.1[\r][\n]"
13:04:49.964 [main] DEBUG karate.org.apache.http.wire - http-outgoing-2 >> "accept: application/json[\r][\n]"
13:04:49.964 [main] DEBUG karate.org.apache.http.wire - http-outgoing-2 >> "env: it01[\r][\n]"
13:04:49.964 [main] DEBUG karate.org.apache.http.wire - http-outgoing-2 >> "x-cloud-trace-context: karate-integration-test[\r][\n]"
13:04:49.964 [main] DEBUG karate.org.apache.http.wire - http-outgoing-2 >> "Authorization: Bearer eyJhbGciOiJSUzI1NiIsImtpZCI6ImNhZGZhMTYyLTU2YzEtNGRiOS1hNjNmLTYwZTM3NzIwMWJkZiIsInBpLmF0bSI6IjMifQ.eyJzY29wZSI6WyI0NzIwIl0sImF1dGhvcml6YXRpb25fZGV0YWlscyI6W10sImNsaWVudF9pZCI6IjUyZTgwYmZhLWI0MmMtNDdkNy05OGI1LThiYjg3YzkyNjIwOSIsImlzcyI6Imh0dHBzOi8vdGVhbXNzby1pdHMwNC50ZWx1cy5jb20iLCJhdWQiOiJrb25nIiwiaWF0IjoxNzIzMjIzMDg5LCJleHAiOjE3MjMyMjMzODl9.flESEmYyI_eCkBmzn54OkGfP2lAIxnyqs2XbjtABUAmEnkCOQe8uoiUdROg_nBCNsbluJLTMIyv2VQYcEFeVpzwJIN4AH00KC-3px8L7DRMcbbbRqgIOGamUVRjytKBt3cFR1XVCW32bLo_XlS6M0CPdsCtowSRRwenf6htGC3loiXiWZ8pxuYaJNnmQfuSN9rWpZNHc8y-eYDl0xm6EoEXQSfatP3EAxDBw6tgqlb5patcu_afyMqKiHha9IdISwDeMrqyfvgoAR4Sqhdy3Uxp_k_xzmM-XWElgzY0YfiUnRnIl01fsIz1UO7xaed3xVyVlwsYrq6nB9I57SYDk-A[\r][\n]"
13:04:49.964 [main] DEBUG karate.org.apache.http.wire - http-outgoing-2 >> "Host: apigw-st.telus.com[\r][\n]"
13:04:49.964 [main] DEBUG karate.org.apache.http.wire - http-outgoing-2 >> "Connection: Keep-Alive[\r][\n]"
13:04:49.964 [main] DEBUG karate.org.apache.http.wire - http-outgoing-2 >> "User-Agent: Apache-HttpClient/4.5.13 (Java/20.0.2)[\r][\n]"
13:04:49.964 [main] DEBUG karate.org.apache.http.wire - http-outgoing-2 >> "Accept-Encoding: gzip,deflate[\r][\n]"
13:04:49.964 [main] DEBUG karate.org.apache.http.wire - http-outgoing-2 >> "[\r][\n]"
13:04:50.064 [main] DEBUG karate.org.apache.http.wire - http-outgoing-2 << "HTTP/1.1 403 Forbidden[\r][\n]"
13:04:50.064 [main] DEBUG karate.org.apache.http.wire - http-outgoing-2 << "Content-Type: application/json; charset=utf-8[\r][\n]"
13:04:50.064 [main] DEBUG karate.org.apache.http.wire - http-outgoing-2 << "Content-Length: 23[\r][\n]"
13:04:50.064 [main] DEBUG karate.org.apache.http.wire - http-outgoing-2 << "Connection: keep-alive[\r][\n]"
13:04:50.064 [main] DEBUG karate.org.apache.http.wire - http-outgoing-2 << "Date: Fri, 09 Aug 2024 17:04:50 GMT[\r][\n]"
13:04:50.064 [main] DEBUG karate.org.apache.http.wire - http-outgoing-2 << "WWW-Authenticate: Bearer realm="teamsso-its04.telus.com", error="insufficient_scope"[\r][\n]"
13:04:50.064 [main] DEBUG karate.org.apache.http.wire - http-outgoing-2 << "Kong-Request-ID: eb6f4909-f352-4285-b4d5-4bac0431873c#182302[\r][\n]"
13:04:50.064 [main] DEBUG karate.org.apache.http.wire - http-outgoing-2 << "vary: Origin[\r][\n]"
13:04:50.064 [main] DEBUG karate.org.apache.http.wire - http-outgoing-2 << "X-Kong-Response-Latency: 9[\r][\n]"
13:04:50.064 [main] DEBUG karate.org.apache.http.wire - http-outgoing-2 << "Server: kong/3.4.3.11-enterprise-edition[\r][\n]"
13:04:50.064 [main] DEBUG karate.org.apache.http.wire - http-outgoing-2 << "X-Kong-Request-Id: 6480592ea4e5855b327f52371cdf5a35[\r][\n]"
13:04:50.065 [main] DEBUG karate.org.apache.http.wire - http-outgoing-2 << "vary: Origin[\r][\n]"
13:04:50.065 [main] DEBUG karate.org.apache.http.wire - http-outgoing-2 << "X-Kong-Upstream-Latency: 59[\r][\n]"
13:04:50.065 [main] DEBUG karate.org.apache.http.wire - http-outgoing-2 << "X-Kong-Proxy-Latency: 2[\r][\n]"
13:04:50.065 [main] DEBUG karate.org.apache.http.wire - http-outgoing-2 << "Via: kong/3.4.3.11-enterprise-edition[\r][\n]"
13:04:50.065 [main] DEBUG karate.org.apache.http.wire - http-outgoing-2 << "[\r][\n]"
13:04:50.065 [main] DEBUG karate.org.apache.http.wire - http-outgoing-2 << "{"message":"Forbidden"}"
13:04:50.065 [main] DEBUG karate.org.apache.http.headers - http-outgoing-2 << HTTP/1.1 403 Forbidden
13:04:50.065 [main] DEBUG karate.org.apache.http.headers - http-outgoing-2 << Content-Type: application/json; charset=utf-8
13:04:50.065 [main] DEBUG karate.org.apache.http.headers - http-outgoing-2 << Content-Length: 23
13:04:50.065 [main] DEBUG karate.org.apache.http.headers - http-outgoing-2 << Connection: keep-alive
13:04:50.065 [main] DEBUG karate.org.apache.http.headers - http-outgoing-2 << Date: Fri, 09 Aug 2024 17:04:50 GMT
13:04:50.065 [main] DEBUG karate.org.apache.http.headers - http-outgoing-2 << WWW-Authenticate: Bearer realm="teamsso-its04.telus.com", error="insufficient_scope"
13:04:50.065 [main] DEBUG karate.org.apache.http.headers - http-outgoing-2 << Kong-Request-ID: eb6f4909-f352-4285-b4d5-4bac0431873c#182302
13:04:50.065 [main] DEBUG karate.org.apache.http.headers - http-outgoing-2 << vary: Origin
13:04:50.065 [main] DEBUG karate.org.apache.http.headers - http-outgoing-2 << X-Kong-Response-Latency: 9
13:04:50.065 [main] DEBUG karate.org.apache.http.headers - http-outgoing-2 << Server: kong/3.4.3.11-enterprise-edition
13:04:50.065 [main] DEBUG karate.org.apache.http.headers - http-outgoing-2 << X-Kong-Request-Id: 6480592ea4e5855b327f52371cdf5a35
13:04:50.065 [main] DEBUG karate.org.apache.http.headers - http-outgoing-2 << vary: Origin
13:04:50.065 [main] DEBUG karate.org.apache.http.headers - http-outgoing-2 << X-Kong-Upstream-Latency: 59
13:04:50.065 [main] DEBUG karate.org.apache.http.headers - http-outgoing-2 << X-Kong-Proxy-Latency: 2
13:04:50.065 [main] DEBUG karate.org.apache.http.headers - http-outgoing-2 << Via: kong/3.4.3.11-enterprise-edition
13:04:50.066 [main] DEBUG karate.org.apache.http.impl.execchain.MainClientExec - Connection can be kept alive indefinitely
13:04:50.066 [main] DEBUG karate.org.apache.http.impl.conn.PoolingHttpClientConnectionManager - Connection [id: 2][route: {s}->https://apigw-st.telus.com:443] can be kept alive indefinitely
13:04:50.066 [main] DEBUG karate.org.apache.http.impl.conn.DefaultManagedHttpClientConnection - http-outgoing-2: set socket timeout to 0
13:04:50.066 [main] DEBUG karate.org.apache.http.impl.conn.PoolingHttpClientConnectionManager - Connection released: [id: 2][route: {s}->https://apigw-st.telus.com:443][total available: 1; route allocated: 1 of 5; total allocated: 1 of 10]
13:04:50.066 [main] DEBUG com.intuit.karate - response time in milliseconds: 201
1 < 403
1 < Content-Type: application/json; charset=utf-8
1 < Content-Length: 23
1 < Connection: keep-alive
1 < Date: Fri, 09 Aug 2024 17:04:50 GMT
1 < WWW-Authenticate: Bearer realm="teamsso-its04.telus.com", error="insufficient_scope"
1 < Kong-Request-ID: eb6f4909-f352-4285-b4d5-4bac0431873c#182302
1 < vary: Origin
1 < vary: Origin
1 < X-Kong-Response-Latency: 9
1 < Server: kong/3.4.3.11-enterprise-edition
1 < X-Kong-Request-Id: 6480592ea4e5855b327f52371cdf5a35
1 < X-Kong-Upstream-Latency: 59
1 < X-Kong-Proxy-Latency: 2
1 < Via: kong/3.4.3.11-enterprise-edition
{"message":"Forbidden"}
13:04:50.068 [main] ERROR com.intuit.karate - classpath:feature/AccountAccuracy.feature:22
Then status 200
status code was: 403, expected: 200, response time in milliseconds: 201, url: https://apigw-st.telus.com/customer/contactCenterCustomerInfo/v1/account?tn=2507166032, response: 
{"message":"Forbidden"}
classpath:feature/AccountAccuracy.feature:22
13:04:50.074 [main] INFO com.intuit.karate - karate.env system property was: it01 
13:04:50.075 [main] INFO com.intuit.karate - clientId:52e80bfa-b42c-47d7-98b5-8bb87c926209 
13:04:50.075 [main] INFO com.intuit.karate - Current URL is : https://apigw-st.telus.com 
13:04:50.075 [main] INFO com.intuit.karate - Current Env is : it01 
13:04:50.079 [main] INFO com.intuit.karate - [print] eyJhbGciOiJSUzI1NiIsImtpZCI6ImNhZGZhMTYyLTU2YzEtNGRiOS1hNjNmLTYwZTM3NzIwMWJkZiIsInBpLmF0bSI6IjMifQ.eyJzY29wZSI6WyI0NzIwIl0sImF1dGhvcml6YXRpb25fZGV0YWlscyI6W10sImNsaWVudF9pZCI6IjUyZTgwYmZhLWI0MmMtNDdkNy05OGI1LThiYjg3YzkyNjIwOSIsImlzcyI6Imh0dHBzOi8vdGVhbXNzby1pdHMwNC50ZWx1cy5jb20iLCJhdWQiOiJrb25nIiwiaWF0IjoxNzIzMjIzMDg5LCJleHAiOjE3MjMyMjMzODl9.flESEmYyI_eCkBmzn54OkGfP2lAIxnyqs2XbjtABUAmEnkCOQe8uoiUdROg_nBCNsbluJLTMIyv2VQYcEFeVpzwJIN4AH00KC-3px8L7DRMcbbbRqgIOGamUVRjytKBt3cFR1XVCW32bLo_XlS6M0CPdsCtowSRRwenf6htGC3loiXiWZ8pxuYaJNnmQfuSN9rWpZNHc8y-eYDl0xm6EoEXQSfatP3EAxDBw6tgqlb5patcu_afyMqKiHha9IdISwDeMrqyfvgoAR4Sqhdy3Uxp_k_xzmM-XWElgzY0YfiUnRnIl01fsIz1UO7xaed3xVyVlwsYrq6nB9I57SYDk-A 
13:04:50.083 [main] DEBUG com.jayway.jsonpath.internal.path.CompiledPath - Evaluating path: $
13:04:50.089 [main] INFO com.intuit.karate - karate.env system property was: it01 
13:04:50.089 [main] INFO com.intuit.karate - clientId:52e80bfa-b42c-47d7-98b5-8bb87c926209 
13:04:50.090 [main] INFO com.intuit.karate - Current URL is : https://apigw-st.telus.com 
13:04:50.091 [main] INFO com.intuit.karate - Current Env is : it01 
13:04:50.095 [main] INFO com.intuit.karate - [print] eyJhbGciOiJSUzI1NiIsImtpZCI6ImNhZGZhMTYyLTU2YzEtNGRiOS1hNjNmLTYwZTM3NzIwMWJkZiIsInBpLmF0bSI6IjMifQ.eyJzY29wZSI6WyI0NzIwIl0sImF1dGhvcml6YXRpb25fZGV0YWlscyI6W10sImNsaWVudF9pZCI6IjUyZTgwYmZhLWI0MmMtNDdkNy05OGI1LThiYjg3YzkyNjIwOSIsImlzcyI6Imh0dHBzOi8vdGVhbXNzby1pdHMwNC50ZWx1cy5jb20iLCJhdWQiOiJrb25nIiwiaWF0IjoxNzIzMjIzMDg5LCJleHAiOjE3MjMyMjMzODl9.flESEmYyI_eCkBmzn54OkGfP2lAIxnyqs2XbjtABUAmEnkCOQe8uoiUdROg_nBCNsbluJLTMIyv2VQYcEFeVpzwJIN4AH00KC-3px8L7DRMcbbbRqgIOGamUVRjytKBt3cFR1XVCW32bLo_XlS6M0CPdsCtowSRRwenf6htGC3loiXiWZ8pxuYaJNnmQfuSN9rWpZNHc8y-eYDl0xm6EoEXQSfatP3EAxDBw6tgqlb5patcu_afyMqKiHha9IdISwDeMrqyfvgoAR4Sqhdy3Uxp_k_xzmM-XWElgzY0YfiUnRnIl01fsIz1UO7xaed3xVyVlwsYrq6nB9I57SYDk-A 
13:04:50.095 [main] DEBUG com.intuit.karate.core.ScenarioEngine - over-writing existing variable 'data_file1' with new value: 'tn_search_criteria1.json'
13:04:50.095 [main] DEBUG com.intuit.karate.core.ScenarioEngine - over-writing existing variable 'data_file2' with new value: 'tn_search_criteria2.json'
13:04:50.095 [main] DEBUG com.intuit.karate.core.ScenarioEngine - over-writing existing variable 'data_file4' with new value: 'tn_search_criteria4.json'
13:04:50.095 [main] DEBUG com.intuit.karate.core.ScenarioEngine - over-writing existing variable 'data_file8' with new value: 'tn_search_criteria8.json'
13:04:50.097 [main] DEBUG karate.org.apache.http.client.protocol.RequestAddCookies - CookieSpec selected: karate
13:04:50.097 [main] DEBUG karate.org.apache.http.client.protocol.RequestAuthCache - Auth cache not set in the context
13:04:50.097 [main] DEBUG com.intuit.karate - request:
1 > GET https://apigw-st.telus.com/customer/contactCenterCustomerInfo/v1/account?tn=6040522394
1 > accept: application/json
1 > env: it01
1 > x-cloud-trace-context: karate-integration-test
1 > Authorization: Bearer eyJhbGciOiJSUzI1NiIsImtpZCI6ImNhZGZhMTYyLTU2YzEtNGRiOS1hNjNmLTYwZTM3NzIwMWJkZiIsInBpLmF0bSI6IjMifQ.eyJzY29wZSI6WyI0NzIwIl0sImF1dGhvcml6YXRpb25fZGV0YWlscyI6W10sImNsaWVudF9pZCI6IjUyZTgwYmZhLWI0MmMtNDdkNy05OGI1LThiYjg3YzkyNjIwOSIsImlzcyI6Imh0dHBzOi8vdGVhbXNzby1pdHMwNC50ZWx1cy5jb20iLCJhdWQiOiJrb25nIiwiaWF0IjoxNzIzMjIzMDg5LCJleHAiOjE3MjMyMjMzODl9.flESEmYyI_eCkBmzn54OkGfP2lAIxnyqs2XbjtABUAmEnkCOQe8uoiUdROg_nBCNsbluJLTMIyv2VQYcEFeVpzwJIN4AH00KC-3px8L7DRMcbbbRqgIOGamUVRjytKBt3cFR1XVCW32bLo_XlS6M0CPdsCtowSRRwenf6htGC3loiXiWZ8pxuYaJNnmQfuSN9rWpZNHc8y-eYDl0xm6EoEXQSfatP3EAxDBw6tgqlb5patcu_afyMqKiHha9IdISwDeMrqyfvgoAR4Sqhdy3Uxp_k_xzmM-XWElgzY0YfiUnRnIl01fsIz1UO7xaed3xVyVlwsYrq6nB9I57SYDk-A
1 > Host: apigw-st.telus.com
1 > Connection: Keep-Alive
1 > User-Agent: Apache-HttpClient/4.5.13 (Java/20.0.2)
1 > Accept-Encoding: gzip,deflate


13:04:50.097 [main] DEBUG karate.org.apache.http.impl.conn.PoolingHttpClientConnectionManager - Connection request: [route: {s}->https://apigw-st.telus.com:443][total available: 0; route allocated: 0 of 5; total allocated: 0 of 10]
13:04:50.097 [main] DEBUG karate.org.apache.http.impl.conn.PoolingHttpClientConnectionManager - Connection leased: [id: 3][route: {s}->https://apigw-st.telus.com:443][total available: 0; route allocated: 1 of 5; total allocated: 1 of 10]
13:04:50.097 [main] DEBUG karate.org.apache.http.impl.execchain.MainClientExec - Opening connection {s}->https://apigw-st.telus.com:443
13:04:50.098 [main] DEBUG karate.org.apache.http.impl.conn.DefaultHttpClientConnectionOperator - Connecting to apigw-st.telus.com/207.219.84.31:443
13:04:50.098 [main] DEBUG karate.org.apache.http.conn.ssl.LenientSslConnectionSocketFactory - Connecting socket to apigw-st.telus.com/207.219.84.31:443 with timeout 10000
13:04:50.139 [main] DEBUG karate.org.apache.http.conn.ssl.LenientSslConnectionSocketFactory - Enabled protocols: [TLSv1.3, TLSv1.2]
13:04:50.139 [main] DEBUG karate.org.apache.http.conn.ssl.LenientSslConnectionSocketFactory - Enabled cipher suites:[TLS_AES_256_GCM_SHA384, TLS_AES_128_GCM_SHA256, TLS_CHACHA20_POLY1305_SHA256, TLS_ECDHE_ECDSA_WITH_AES_256_GCM_SHA384, TLS_ECDHE_ECDSA_WITH_AES_128_GCM_SHA256, TLS_ECDHE_ECDSA_WITH_CHACHA20_POLY1305_SHA256, TLS_ECDHE_RSA_WITH_AES_256_GCM_SHA384, TLS_ECDHE_RSA_WITH_CHACHA20_POLY1305_SHA256, TLS_ECDHE_RSA_WITH_AES_128_GCM_SHA256, TLS_DHE_RSA_WITH_AES_256_GCM_SHA384, TLS_DHE_RSA_WITH_CHACHA20_POLY1305_SHA256, TLS_DHE_DSS_WITH_AES_256_GCM_SHA384, TLS_DHE_RSA_WITH_AES_128_GCM_SHA256, TLS_DHE_DSS_WITH_AES_128_GCM_SHA256, TLS_ECDHE_ECDSA_WITH_AES_256_CBC_SHA384, TLS_ECDHE_RSA_WITH_AES_256_CBC_SHA384, TLS_ECDHE_ECDSA_WITH_AES_128_CBC_SHA256, TLS_ECDHE_RSA_WITH_AES_128_CBC_SHA256, TLS_DHE_RSA_WITH_AES_256_CBC_SHA256, TLS_DHE_DSS_WITH_AES_256_CBC_SHA256, TLS_DHE_RSA_WITH_AES_128_CBC_SHA256, TLS_DHE_DSS_WITH_AES_128_CBC_SHA256, TLS_ECDHE_ECDSA_WITH_AES_256_CBC_SHA, TLS_ECDHE_RSA_WITH_AES_256_CBC_SHA, TLS_ECDHE_ECDSA_WITH_AES_128_CBC_SHA, TLS_ECDHE_RSA_WITH_AES_128_CBC_SHA, TLS_DHE_RSA_WITH_AES_256_CBC_SHA, TLS_DHE_DSS_WITH_AES_256_CBC_SHA, TLS_DHE_RSA_WITH_AES_128_CBC_SHA, TLS_DHE_DSS_WITH_AES_128_CBC_SHA, TLS_RSA_WITH_AES_256_GCM_SHA384, TLS_RSA_WITH_AES_128_GCM_SHA256, TLS_RSA_WITH_AES_256_CBC_SHA256, TLS_RSA_WITH_AES_128_CBC_SHA256, TLS_RSA_WITH_AES_256_CBC_SHA, TLS_RSA_WITH_AES_128_CBC_SHA, TLS_EMPTY_RENEGOTIATION_INFO_SCSV]
13:04:50.139 [main] DEBUG karate.org.apache.http.conn.ssl.LenientSslConnectionSocketFactory - Starting handshake
13:04:50.196 [main] DEBUG karate.org.apache.http.conn.ssl.LenientSslConnectionSocketFactory - Secure session established
13:04:50.196 [main] DEBUG karate.org.apache.http.conn.ssl.LenientSslConnectionSocketFactory -  negotiated protocol: TLSv1.3
13:04:50.196 [main] DEBUG karate.org.apache.http.conn.ssl.LenientSslConnectionSocketFactory -  negotiated cipher suite: TLS_AES_128_GCM_SHA256
13:04:50.196 [main] DEBUG karate.org.apache.http.conn.ssl.LenientSslConnectionSocketFactory -  peer principal: CN=apigw-soap-st.telus.com, O=TELUS Corp., L=Vancouver, ST=British Columbia, C=CA
13:04:50.196 [main] DEBUG karate.org.apache.http.conn.ssl.LenientSslConnectionSocketFactory -  peer alternative names: [apigw-soap-st.telus.com, apigw-st.telus.com, apigw-qidc-st.telus.com, apigw-kidc-st.telus.com, apigw-soap-qidc-st.telus.com, apigw-soap-kidc-st.telus.com]
13:04:50.196 [main] DEBUG karate.org.apache.http.conn.ssl.LenientSslConnectionSocketFactory -  issuer principal: CN=DigiCert Global G2 TLS RSA SHA256 2020 CA1, O=DigiCert Inc, C=US
13:04:50.196 [main] DEBUG karate.org.apache.http.impl.conn.DefaultHttpClientConnectionOperator - Connection established 192.168.1.65:54939<->207.219.84.31:443
13:04:50.196 [main] DEBUG karate.org.apache.http.impl.conn.DefaultManagedHttpClientConnection - http-outgoing-3: set socket timeout to 20000
13:04:50.196 [main] DEBUG karate.org.apache.http.impl.execchain.MainClientExec - Executing request GET /customer/contactCenterCustomerInfo/v1/account?tn=6040522394 HTTP/1.1
13:04:50.196 [main] DEBUG karate.org.apache.http.impl.execchain.MainClientExec - Proxy auth state: UNCHALLENGED
13:04:50.197 [main] DEBUG karate.org.apache.http.headers - http-outgoing-3 >> GET /customer/contactCenterCustomerInfo/v1/account?tn=6040522394 HTTP/1.1
13:04:50.197 [main] DEBUG karate.org.apache.http.headers - http-outgoing-3 >> accept: application/json
13:04:50.197 [main] DEBUG karate.org.apache.http.headers - http-outgoing-3 >> env: it01
13:04:50.197 [main] DEBUG karate.org.apache.http.headers - http-outgoing-3 >> x-cloud-trace-context: karate-integration-test
13:04:50.197 [main] DEBUG karate.org.apache.http.headers - http-outgoing-3 >> Authorization: Bearer eyJhbGciOiJSUzI1NiIsImtpZCI6ImNhZGZhMTYyLTU2YzEtNGRiOS1hNjNmLTYwZTM3NzIwMWJkZiIsInBpLmF0bSI6IjMifQ.eyJzY29wZSI6WyI0NzIwIl0sImF1dGhvcml6YXRpb25fZGV0YWlscyI6W10sImNsaWVudF9pZCI6IjUyZTgwYmZhLWI0MmMtNDdkNy05OGI1LThiYjg3YzkyNjIwOSIsImlzcyI6Imh0dHBzOi8vdGVhbXNzby1pdHMwNC50ZWx1cy5jb20iLCJhdWQiOiJrb25nIiwiaWF0IjoxNzIzMjIzMDg5LCJleHAiOjE3MjMyMjMzODl9.flESEmYyI_eCkBmzn54OkGfP2lAIxnyqs2XbjtABUAmEnkCOQe8uoiUdROg_nBCNsbluJLTMIyv2VQYcEFeVpzwJIN4AH00KC-3px8L7DRMcbbbRqgIOGamUVRjytKBt3cFR1XVCW32bLo_XlS6M0CPdsCtowSRRwenf6htGC3loiXiWZ8pxuYaJNnmQfuSN9rWpZNHc8y-eYDl0xm6EoEXQSfatP3EAxDBw6tgqlb5patcu_afyMqKiHha9IdISwDeMrqyfvgoAR4Sqhdy3Uxp_k_xzmM-XWElgzY0YfiUnRnIl01fsIz1UO7xaed3xVyVlwsYrq6nB9I57SYDk-A
13:04:50.197 [main] DEBUG karate.org.apache.http.headers - http-outgoing-3 >> Host: apigw-st.telus.com
13:04:50.197 [main] DEBUG karate.org.apache.http.headers - http-outgoing-3 >> Connection: Keep-Alive
13:04:50.197 [main] DEBUG karate.org.apache.http.headers - http-outgoing-3 >> User-Agent: Apache-HttpClient/4.5.13 (Java/20.0.2)
13:04:50.197 [main] DEBUG karate.org.apache.http.headers - http-outgoing-3 >> Accept-Encoding: gzip,deflate
13:04:50.197 [main] DEBUG karate.org.apache.http.wire - http-outgoing-3 >> "GET /customer/contactCenterCustomerInfo/v1/account?tn=6040522394 HTTP/1.1[\r][\n]"
13:04:50.197 [main] DEBUG karate.org.apache.http.wire - http-outgoing-3 >> "accept: application/json[\r][\n]"
13:04:50.197 [main] DEBUG karate.org.apache.http.wire - http-outgoing-3 >> "env: it01[\r][\n]"
13:04:50.197 [main] DEBUG karate.org.apache.http.wire - http-outgoing-3 >> "x-cloud-trace-context: karate-integration-test[\r][\n]"
13:04:50.197 [main] DEBUG karate.org.apache.http.wire - http-outgoing-3 >> "Authorization: Bearer eyJhbGciOiJSUzI1NiIsImtpZCI6ImNhZGZhMTYyLTU2YzEtNGRiOS1hNjNmLTYwZTM3NzIwMWJkZiIsInBpLmF0bSI6IjMifQ.eyJzY29wZSI6WyI0NzIwIl0sImF1dGhvcml6YXRpb25fZGV0YWlscyI6W10sImNsaWVudF9pZCI6IjUyZTgwYmZhLWI0MmMtNDdkNy05OGI1LThiYjg3YzkyNjIwOSIsImlzcyI6Imh0dHBzOi8vdGVhbXNzby1pdHMwNC50ZWx1cy5jb20iLCJhdWQiOiJrb25nIiwiaWF0IjoxNzIzMjIzMDg5LCJleHAiOjE3MjMyMjMzODl9.flESEmYyI_eCkBmzn54OkGfP2lAIxnyqs2XbjtABUAmEnkCOQe8uoiUdROg_nBCNsbluJLTMIyv2VQYcEFeVpzwJIN4AH00KC-3px8L7DRMcbbbRqgIOGamUVRjytKBt3cFR1XVCW32bLo_XlS6M0CPdsCtowSRRwenf6htGC3loiXiWZ8pxuYaJNnmQfuSN9rWpZNHc8y-eYDl0xm6EoEXQSfatP3EAxDBw6tgqlb5patcu_afyMqKiHha9IdISwDeMrqyfvgoAR4Sqhdy3Uxp_k_xzmM-XWElgzY0YfiUnRnIl01fsIz1UO7xaed3xVyVlwsYrq6nB9I57SYDk-A[\r][\n]"
13:04:50.197 [main] DEBUG karate.org.apache.http.wire - http-outgoing-3 >> "Host: apigw-st.telus.com[\r][\n]"
13:04:50.197 [main] DEBUG karate.org.apache.http.wire - http-outgoing-3 >> "Connection: Keep-Alive[\r][\n]"
13:04:50.197 [main] DEBUG karate.org.apache.http.wire - http-outgoing-3 >> "User-Agent: Apache-HttpClient/4.5.13 (Java/20.0.2)[\r][\n]"
13:04:50.197 [main] DEBUG karate.org.apache.http.wire - http-outgoing-3 >> "Accept-Encoding: gzip,deflate[\r][\n]"
13:04:50.197 [main] DEBUG karate.org.apache.http.wire - http-outgoing-3 >> "[\r][\n]"
13:04:50.247 [main] DEBUG karate.org.apache.http.wire - http-outgoing-3 << "HTTP/1.1 403 Forbidden[\r][\n]"
13:04:50.248 [main] DEBUG karate.org.apache.http.wire - http-outgoing-3 << "Content-Type: application/json; charset=utf-8[\r][\n]"
13:04:50.248 [main] DEBUG karate.org.apache.http.wire - http-outgoing-3 << "Content-Length: 23[\r][\n]"
13:04:50.248 [main] DEBUG karate.org.apache.http.wire - http-outgoing-3 << "Connection: keep-alive[\r][\n]"
13:04:50.248 [main] DEBUG karate.org.apache.http.wire - http-outgoing-3 << "Date: Fri, 09 Aug 2024 17:04:50 GMT[\r][\n]"
13:04:50.248 [main] DEBUG karate.org.apache.http.wire - http-outgoing-3 << "WWW-Authenticate: Bearer realm="teamsso-its04.telus.com", error="insufficient_scope"[\r][\n]"
13:04:50.248 [main] DEBUG karate.org.apache.http.wire - http-outgoing-3 << "Kong-Request-ID: 813137a7-c89b-4b1b-ab8b-01bbb50fe511#396395[\r][\n]"
13:04:50.248 [main] DEBUG karate.org.apache.http.wire - http-outgoing-3 << "vary: Origin[\r][\n]"
13:04:50.248 [main] DEBUG karate.org.apache.http.wire - http-outgoing-3 << "X-Kong-Response-Latency: 5[\r][\n]"
13:04:50.248 [main] DEBUG karate.org.apache.http.wire - http-outgoing-3 << "Server: kong/3.4.3.11-enterprise-edition[\r][\n]"
13:04:50.248 [main] DEBUG karate.org.apache.http.wire - http-outgoing-3 << "X-Kong-Request-Id: 2091a332078a532794420f6e6cf4d260[\r][\n]"
13:04:50.248 [main] DEBUG karate.org.apache.http.wire - http-outgoing-3 << "vary: Origin[\r][\n]"
13:04:50.248 [main] DEBUG karate.org.apache.http.wire - http-outgoing-3 << "X-Kong-Upstream-Latency: 9[\r][\n]"
13:04:50.248 [main] DEBUG karate.org.apache.http.wire - http-outgoing-3 << "X-Kong-Proxy-Latency: 1[\r][\n]"
13:04:50.248 [main] DEBUG karate.org.apache.http.wire - http-outgoing-3 << "Via: kong/3.4.3.11-enterprise-edition[\r][\n]"
13:04:50.248 [main] DEBUG karate.org.apache.http.wire - http-outgoing-3 << "[\r][\n]"
13:04:50.248 [main] DEBUG karate.org.apache.http.wire - http-outgoing-3 << "{"message":"Forbidden"}"
13:04:50.248 [main] DEBUG karate.org.apache.http.headers - http-outgoing-3 << HTTP/1.1 403 Forbidden
13:04:50.249 [main] DEBUG karate.org.apache.http.headers - http-outgoing-3 << Content-Type: application/json; charset=utf-8
13:04:50.249 [main] DEBUG karate.org.apache.http.headers - http-outgoing-3 << Content-Length: 23
13:04:50.249 [main] DEBUG karate.org.apache.http.headers - http-outgoing-3 << Connection: keep-alive
13:04:50.249 [main] DEBUG karate.org.apache.http.headers - http-outgoing-3 << Date: Fri, 09 Aug 2024 17:04:50 GMT
13:04:50.249 [main] DEBUG karate.org.apache.http.headers - http-outgoing-3 << WWW-Authenticate: Bearer realm="teamsso-its04.telus.com", error="insufficient_scope"
13:04:50.249 [main] DEBUG karate.org.apache.http.headers - http-outgoing-3 << Kong-Request-ID: 813137a7-c89b-4b1b-ab8b-01bbb50fe511#396395
13:04:50.249 [main] DEBUG karate.org.apache.http.headers - http-outgoing-3 << vary: Origin
13:04:50.249 [main] DEBUG karate.org.apache.http.headers - http-outgoing-3 << X-Kong-Response-Latency: 5
13:04:50.249 [main] DEBUG karate.org.apache.http.headers - http-outgoing-3 << Server: kong/3.4.3.11-enterprise-edition
13:04:50.249 [main] DEBUG karate.org.apache.http.headers - http-outgoing-3 << X-Kong-Request-Id: 2091a332078a532794420f6e6cf4d260
13:04:50.249 [main] DEBUG karate.org.apache.http.headers - http-outgoing-3 << vary: Origin
13:04:50.249 [main] DEBUG karate.org.apache.http.headers - http-outgoing-3 << X-Kong-Upstream-Latency: 9
13:04:50.249 [main] DEBUG karate.org.apache.http.headers - http-outgoing-3 << X-Kong-Proxy-Latency: 1
13:04:50.249 [main] DEBUG karate.org.apache.http.headers - http-outgoing-3 << Via: kong/3.4.3.11-enterprise-edition
13:04:50.249 [main] DEBUG karate.org.apache.http.impl.execchain.MainClientExec - Connection can be kept alive indefinitely
13:04:50.249 [main] DEBUG karate.org.apache.http.impl.conn.PoolingHttpClientConnectionManager - Connection [id: 3][route: {s}->https://apigw-st.telus.com:443] can be kept alive indefinitely
13:04:50.249 [main] DEBUG karate.org.apache.http.impl.conn.DefaultManagedHttpClientConnection - http-outgoing-3: set socket timeout to 0
13:04:50.250 [main] DEBUG karate.org.apache.http.impl.conn.PoolingHttpClientConnectionManager - Connection released: [id: 3][route: {s}->https://apigw-st.telus.com:443][total available: 1; route allocated: 1 of 5; total allocated: 1 of 10]
13:04:50.250 [main] DEBUG com.intuit.karate - response time in milliseconds: 153
1 < 403
1 < Content-Type: application/json; charset=utf-8
1 < Content-Length: 23
1 < Connection: keep-alive
1 < Date: Fri, 09 Aug 2024 17:04:50 GMT
1 < WWW-Authenticate: Bearer realm="teamsso-its04.telus.com", error="insufficient_scope"
1 < Kong-Request-ID: 813137a7-c89b-4b1b-ab8b-01bbb50fe511#396395
1 < vary: Origin
1 < vary: Origin
1 < X-Kong-Response-Latency: 5
1 < Server: kong/3.4.3.11-enterprise-edition
1 < X-Kong-Request-Id: 2091a332078a532794420f6e6cf4d260
1 < X-Kong-Upstream-Latency: 9
1 < X-Kong-Proxy-Latency: 1
1 < Via: kong/3.4.3.11-enterprise-edition
{"message":"Forbidden"}
13:04:50.252 [main] ERROR com.intuit.karate - classpath:feature/AccountAccuracy.feature:48
Then status 200
status code was: 403, expected: 200, response time in milliseconds: 153, url: https://apigw-st.telus.com/customer/contactCenterCustomerInfo/v1/account?tn=6040522394, response: 
{"message":"Forbidden"}
classpath:feature/AccountAccuracy.feature:48
13:04:50.259 [main] INFO com.intuit.karate - karate.env system property was: it01 
13:04:50.259 [main] INFO com.intuit.karate - clientId:52e80bfa-b42c-47d7-98b5-8bb87c926209 
13:04:50.260 [main] INFO com.intuit.karate - Current URL is : https://apigw-st.telus.com 
13:04:50.260 [main] INFO com.intuit.karate - Current Env is : it01 
13:04:50.263 [main] INFO com.intuit.karate - [print] eyJhbGciOiJSUzI1NiIsImtpZCI6ImNhZGZhMTYyLTU2YzEtNGRiOS1hNjNmLTYwZTM3NzIwMWJkZiIsInBpLmF0bSI6IjMifQ.eyJzY29wZSI6WyI0NzIwIl0sImF1dGhvcml6YXRpb25fZGV0YWlscyI6W10sImNsaWVudF9pZCI6IjUyZTgwYmZhLWI0MmMtNDdkNy05OGI1LThiYjg3YzkyNjIwOSIsImlzcyI6Imh0dHBzOi8vdGVhbXNzby1pdHMwNC50ZWx1cy5jb20iLCJhdWQiOiJrb25nIiwiaWF0IjoxNzIzMjIzMDg5LCJleHAiOjE3MjMyMjMzODl9.flESEmYyI_eCkBmzn54OkGfP2lAIxnyqs2XbjtABUAmEnkCOQe8uoiUdROg_nBCNsbluJLTMIyv2VQYcEFeVpzwJIN4AH00KC-3px8L7DRMcbbbRqgIOGamUVRjytKBt3cFR1XVCW32bLo_XlS6M0CPdsCtowSRRwenf6htGC3loiXiWZ8pxuYaJNnmQfuSN9rWpZNHc8y-eYDl0xm6EoEXQSfatP3EAxDBw6tgqlb5patcu_afyMqKiHha9IdISwDeMrqyfvgoAR4Sqhdy3Uxp_k_xzmM-XWElgzY0YfiUnRnIl01fsIz1UO7xaed3xVyVlwsYrq6nB9I57SYDk-A 
13:04:50.265 [main] DEBUG com.jayway.jsonpath.internal.path.CompiledPath - Evaluating path: $
13:04:50.273 [main] INFO com.intuit.karate - karate.env system property was: it01 
13:04:50.274 [main] INFO com.intuit.karate - clientId:52e80bfa-b42c-47d7-98b5-8bb87c926209 
13:04:50.275 [main] INFO com.intuit.karate - Current URL is : https://apigw-st.telus.com 
13:04:50.275 [main] INFO com.intuit.karate - Current Env is : it01 
13:04:50.278 [main] INFO com.intuit.karate - [print] eyJhbGciOiJSUzI1NiIsImtpZCI6ImNhZGZhMTYyLTU2YzEtNGRiOS1hNjNmLTYwZTM3NzIwMWJkZiIsInBpLmF0bSI6IjMifQ.eyJzY29wZSI6WyI0NzIwIl0sImF1dGhvcml6YXRpb25fZGV0YWlscyI6W10sImNsaWVudF9pZCI6IjUyZTgwYmZhLWI0MmMtNDdkNy05OGI1LThiYjg3YzkyNjIwOSIsImlzcyI6Imh0dHBzOi8vdGVhbXNzby1pdHMwNC50ZWx1cy5jb20iLCJhdWQiOiJrb25nIiwiaWF0IjoxNzIzMjIzMDg5LCJleHAiOjE3MjMyMjMzODl9.flESEmYyI_eCkBmzn54OkGfP2lAIxnyqs2XbjtABUAmEnkCOQe8uoiUdROg_nBCNsbluJLTMIyv2VQYcEFeVpzwJIN4AH00KC-3px8L7DRMcbbbRqgIOGamUVRjytKBt3cFR1XVCW32bLo_XlS6M0CPdsCtowSRRwenf6htGC3loiXiWZ8pxuYaJNnmQfuSN9rWpZNHc8y-eYDl0xm6EoEXQSfatP3EAxDBw6tgqlb5patcu_afyMqKiHha9IdISwDeMrqyfvgoAR4Sqhdy3Uxp_k_xzmM-XWElgzY0YfiUnRnIl01fsIz1UO7xaed3xVyVlwsYrq6nB9I57SYDk-A 
13:04:50.279 [main] DEBUG com.intuit.karate.core.ScenarioEngine - over-writing existing variable 'data_file1' with new value: 'tn_search_criteria1.json'
13:04:50.279 [main] DEBUG com.intuit.karate.core.ScenarioEngine - over-writing existing variable 'data_file2' with new value: 'tn_search_criteria2.json'
13:04:50.279 [main] DEBUG com.intuit.karate.core.ScenarioEngine - over-writing existing variable 'data_file4' with new value: 'tn_search_criteria4.json'
13:04:50.279 [main] DEBUG com.intuit.karate.core.ScenarioEngine - over-writing existing variable 'data_file8' with new value: 'tn_search_criteria8.json'
13:04:50.281 [main] DEBUG karate.org.apache.http.client.protocol.RequestAddCookies - CookieSpec selected: karate
13:04:50.281 [main] DEBUG karate.org.apache.http.client.protocol.RequestAuthCache - Auth cache not set in the context
13:04:50.281 [main] DEBUG com.intuit.karate - request:
1 > GET https://apigw-st.telus.com/customer/contactCenterCustomerInfo/v1/account?tn=6040585973
1 > accept: application/json
1 > env: it01
1 > x-cloud-trace-context: karate-integration-test
1 > Authorization: Bearer eyJhbGciOiJSUzI1NiIsImtpZCI6ImNhZGZhMTYyLTU2YzEtNGRiOS1hNjNmLTYwZTM3NzIwMWJkZiIsInBpLmF0bSI6IjMifQ.eyJzY29wZSI6WyI0NzIwIl0sImF1dGhvcml6YXRpb25fZGV0YWlscyI6W10sImNsaWVudF9pZCI6IjUyZTgwYmZhLWI0MmMtNDdkNy05OGI1LThiYjg3YzkyNjIwOSIsImlzcyI6Imh0dHBzOi8vdGVhbXNzby1pdHMwNC50ZWx1cy5jb20iLCJhdWQiOiJrb25nIiwiaWF0IjoxNzIzMjIzMDg5LCJleHAiOjE3MjMyMjMzODl9.flESEmYyI_eCkBmzn54OkGfP2lAIxnyqs2XbjtABUAmEnkCOQe8uoiUdROg_nBCNsbluJLTMIyv2VQYcEFeVpzwJIN4AH00KC-3px8L7DRMcbbbRqgIOGamUVRjytKBt3cFR1XVCW32bLo_XlS6M0CPdsCtowSRRwenf6htGC3loiXiWZ8pxuYaJNnmQfuSN9rWpZNHc8y-eYDl0xm6EoEXQSfatP3EAxDBw6tgqlb5patcu_afyMqKiHha9IdISwDeMrqyfvgoAR4Sqhdy3Uxp_k_xzmM-XWElgzY0YfiUnRnIl01fsIz1UO7xaed3xVyVlwsYrq6nB9I57SYDk-A
1 > Host: apigw-st.telus.com
1 > Connection: Keep-Alive
1 > User-Agent: Apache-HttpClient/4.5.13 (Java/20.0.2)
1 > Accept-Encoding: gzip,deflate


13:04:50.281 [main] DEBUG karate.org.apache.http.impl.conn.PoolingHttpClientConnectionManager - Connection request: [route: {s}->https://apigw-st.telus.com:443][total available: 0; route allocated: 0 of 5; total allocated: 0 of 10]
13:04:50.281 [main] DEBUG karate.org.apache.http.impl.conn.PoolingHttpClientConnectionManager - Connection leased: [id: 4][route: {s}->https://apigw-st.telus.com:443][total available: 0; route allocated: 1 of 5; total allocated: 1 of 10]
13:04:50.281 [main] DEBUG karate.org.apache.http.impl.execchain.MainClientExec - Opening connection {s}->https://apigw-st.telus.com:443
13:04:50.282 [main] DEBUG karate.org.apache.http.impl.conn.DefaultHttpClientConnectionOperator - Connecting to apigw-st.telus.com/207.219.84.31:443
13:04:50.282 [main] DEBUG karate.org.apache.http.conn.ssl.LenientSslConnectionSocketFactory - Connecting socket to apigw-st.telus.com/207.219.84.31:443 with timeout 10000
13:04:50.320 [main] DEBUG karate.org.apache.http.conn.ssl.LenientSslConnectionSocketFactory - Enabled protocols: [TLSv1.3, TLSv1.2]
13:04:50.320 [main] DEBUG karate.org.apache.http.conn.ssl.LenientSslConnectionSocketFactory - Enabled cipher suites:[TLS_AES_256_GCM_SHA384, TLS_AES_128_GCM_SHA256, TLS_CHACHA20_POLY1305_SHA256, TLS_ECDHE_ECDSA_WITH_AES_256_GCM_SHA384, TLS_ECDHE_ECDSA_WITH_AES_128_GCM_SHA256, TLS_ECDHE_ECDSA_WITH_CHACHA20_POLY1305_SHA256, TLS_ECDHE_RSA_WITH_AES_256_GCM_SHA384, TLS_ECDHE_RSA_WITH_CHACHA20_POLY1305_SHA256, TLS_ECDHE_RSA_WITH_AES_128_GCM_SHA256, TLS_DHE_RSA_WITH_AES_256_GCM_SHA384, TLS_DHE_RSA_WITH_CHACHA20_POLY1305_SHA256, TLS_DHE_DSS_WITH_AES_256_GCM_SHA384, TLS_DHE_RSA_WITH_AES_128_GCM_SHA256, TLS_DHE_DSS_WITH_AES_128_GCM_SHA256, TLS_ECDHE_ECDSA_WITH_AES_256_CBC_SHA384, TLS_ECDHE_RSA_WITH_AES_256_CBC_SHA384, TLS_ECDHE_ECDSA_WITH_AES_128_CBC_SHA256, TLS_ECDHE_RSA_WITH_AES_128_CBC_SHA256, TLS_DHE_RSA_WITH_AES_256_CBC_SHA256, TLS_DHE_DSS_WITH_AES_256_CBC_SHA256, TLS_DHE_RSA_WITH_AES_128_CBC_SHA256, TLS_DHE_DSS_WITH_AES_128_CBC_SHA256, TLS_ECDHE_ECDSA_WITH_AES_256_CBC_SHA, TLS_ECDHE_RSA_WITH_AES_256_CBC_SHA, TLS_ECDHE_ECDSA_WITH_AES_128_CBC_SHA, TLS_ECDHE_RSA_WITH_AES_128_CBC_SHA, TLS_DHE_RSA_WITH_AES_256_CBC_SHA, TLS_DHE_DSS_WITH_AES_256_CBC_SHA, TLS_DHE_RSA_WITH_AES_128_CBC_SHA, TLS_DHE_DSS_WITH_AES_128_CBC_SHA, TLS_RSA_WITH_AES_256_GCM_SHA384, TLS_RSA_WITH_AES_128_GCM_SHA256, TLS_RSA_WITH_AES_256_CBC_SHA256, TLS_RSA_WITH_AES_128_CBC_SHA256, TLS_RSA_WITH_AES_256_CBC_SHA, TLS_RSA_WITH_AES_128_CBC_SHA, TLS_EMPTY_RENEGOTIATION_INFO_SCSV]
13:04:50.320 [main] DEBUG karate.org.apache.http.conn.ssl.LenientSslConnectionSocketFactory - Starting handshake
13:04:50.376 [main] DEBUG karate.org.apache.http.conn.ssl.LenientSslConnectionSocketFactory - Secure session established
13:04:50.377 [main] DEBUG karate.org.apache.http.conn.ssl.LenientSslConnectionSocketFactory -  negotiated protocol: TLSv1.3
13:04:50.377 [main] DEBUG karate.org.apache.http.conn.ssl.LenientSslConnectionSocketFactory -  negotiated cipher suite: TLS_AES_128_GCM_SHA256
13:04:50.377 [main] DEBUG karate.org.apache.http.conn.ssl.LenientSslConnectionSocketFactory -  peer principal: CN=apigw-soap-st.telus.com, O=TELUS Corp., L=Vancouver, ST=British Columbia, C=CA
13:04:50.377 [main] DEBUG karate.org.apache.http.conn.ssl.LenientSslConnectionSocketFactory -  peer alternative names: [apigw-soap-st.telus.com, apigw-st.telus.com, apigw-qidc-st.telus.com, apigw-kidc-st.telus.com, apigw-soap-qidc-st.telus.com, apigw-soap-kidc-st.telus.com]
13:04:50.377 [main] DEBUG karate.org.apache.http.conn.ssl.LenientSslConnectionSocketFactory -  issuer principal: CN=DigiCert Global G2 TLS RSA SHA256 2020 CA1, O=DigiCert Inc, C=US
13:04:50.377 [main] DEBUG karate.org.apache.http.impl.conn.DefaultHttpClientConnectionOperator - Connection established 192.168.1.65:54940<->207.219.84.31:443
13:04:50.377 [main] DEBUG karate.org.apache.http.impl.conn.DefaultManagedHttpClientConnection - http-outgoing-4: set socket timeout to 20000
13:04:50.377 [main] DEBUG karate.org.apache.http.impl.execchain.MainClientExec - Executing request GET /customer/contactCenterCustomerInfo/v1/account?tn=6040585973 HTTP/1.1
13:04:50.377 [main] DEBUG karate.org.apache.http.impl.execchain.MainClientExec - Proxy auth state: UNCHALLENGED
13:04:50.377 [main] DEBUG karate.org.apache.http.headers - http-outgoing-4 >> GET /customer/contactCenterCustomerInfo/v1/account?tn=6040585973 HTTP/1.1
13:04:50.377 [main] DEBUG karate.org.apache.http.headers - http-outgoing-4 >> accept: application/json
13:04:50.377 [main] DEBUG karate.org.apache.http.headers - http-outgoing-4 >> env: it01
13:04:50.377 [main] DEBUG karate.org.apache.http.headers - http-outgoing-4 >> x-cloud-trace-context: karate-integration-test
13:04:50.377 [main] DEBUG karate.org.apache.http.headers - http-outgoing-4 >> Authorization: Bearer eyJhbGciOiJSUzI1NiIsImtpZCI6ImNhZGZhMTYyLTU2YzEtNGRiOS1hNjNmLTYwZTM3NzIwMWJkZiIsInBpLmF0bSI6IjMifQ.eyJzY29wZSI6WyI0NzIwIl0sImF1dGhvcml6YXRpb25fZGV0YWlscyI6W10sImNsaWVudF9pZCI6IjUyZTgwYmZhLWI0MmMtNDdkNy05OGI1LThiYjg3YzkyNjIwOSIsImlzcyI6Imh0dHBzOi8vdGVhbXNzby1pdHMwNC50ZWx1cy5jb20iLCJhdWQiOiJrb25nIiwiaWF0IjoxNzIzMjIzMDg5LCJleHAiOjE3MjMyMjMzODl9.flESEmYyI_eCkBmzn54OkGfP2lAIxnyqs2XbjtABUAmEnkCOQe8uoiUdROg_nBCNsbluJLTMIyv2VQYcEFeVpzwJIN4AH00KC-3px8L7DRMcbbbRqgIOGamUVRjytKBt3cFR1XVCW32bLo_XlS6M0CPdsCtowSRRwenf6htGC3loiXiWZ8pxuYaJNnmQfuSN9rWpZNHc8y-eYDl0xm6EoEXQSfatP3EAxDBw6tgqlb5patcu_afyMqKiHha9IdISwDeMrqyfvgoAR4Sqhdy3Uxp_k_xzmM-XWElgzY0YfiUnRnIl01fsIz1UO7xaed3xVyVlwsYrq6nB9I57SYDk-A
13:04:50.377 [main] DEBUG karate.org.apache.http.headers - http-outgoing-4 >> Host: apigw-st.telus.com
13:04:50.377 [main] DEBUG karate.org.apache.http.headers - http-outgoing-4 >> Connection: Keep-Alive
13:04:50.377 [main] DEBUG karate.org.apache.http.headers - http-outgoing-4 >> User-Agent: Apache-HttpClient/4.5.13 (Java/20.0.2)
13:04:50.377 [main] DEBUG karate.org.apache.http.headers - http-outgoing-4 >> Accept-Encoding: gzip,deflate
13:04:50.377 [main] DEBUG karate.org.apache.http.wire - http-outgoing-4 >> "GET /customer/contactCenterCustomerInfo/v1/account?tn=6040585973 HTTP/1.1[\r][\n]"
13:04:50.377 [main] DEBUG karate.org.apache.http.wire - http-outgoing-4 >> "accept: application/json[\r][\n]"
13:04:50.377 [main] DEBUG karate.org.apache.http.wire - http-outgoing-4 >> "env: it01[\r][\n]"
13:04:50.377 [main] DEBUG karate.org.apache.http.wire - http-outgoing-4 >> "x-cloud-trace-context: karate-integration-test[\r][\n]"
13:04:50.377 [main] DEBUG karate.org.apache.http.wire - http-outgoing-4 >> "Authorization: Bearer eyJhbGciOiJSUzI1NiIsImtpZCI6ImNhZGZhMTYyLTU2YzEtNGRiOS1hNjNmLTYwZTM3NzIwMWJkZiIsInBpLmF0bSI6IjMifQ.eyJzY29wZSI6WyI0NzIwIl0sImF1dGhvcml6YXRpb25fZGV0YWlscyI6W10sImNsaWVudF9pZCI6IjUyZTgwYmZhLWI0MmMtNDdkNy05OGI1LThiYjg3YzkyNjIwOSIsImlzcyI6Imh0dHBzOi8vdGVhbXNzby1pdHMwNC50ZWx1cy5jb20iLCJhdWQiOiJrb25nIiwiaWF0IjoxNzIzMjIzMDg5LCJleHAiOjE3MjMyMjMzODl9.flESEmYyI_eCkBmzn54OkGfP2lAIxnyqs2XbjtABUAmEnkCOQe8uoiUdROg_nBCNsbluJLTMIyv2VQYcEFeVpzwJIN4AH00KC-3px8L7DRMcbbbRqgIOGamUVRjytKBt3cFR1XVCW32bLo_XlS6M0CPdsCtowSRRwenf6htGC3loiXiWZ8pxuYaJNnmQfuSN9rWpZNHc8y-eYDl0xm6EoEXQSfatP3EAxDBw6tgqlb5patcu_afyMqKiHha9IdISwDeMrqyfvgoAR4Sqhdy3Uxp_k_xzmM-XWElgzY0YfiUnRnIl01fsIz1UO7xaed3xVyVlwsYrq6nB9I57SYDk-A[\r][\n]"
13:04:50.377 [main] DEBUG karate.org.apache.http.wire - http-outgoing-4 >> "Host: apigw-st.telus.com[\r][\n]"
13:04:50.377 [main] DEBUG karate.org.apache.http.wire - http-outgoing-4 >> "Connection: Keep-Alive[\r][\n]"
13:04:50.377 [main] DEBUG karate.org.apache.http.wire - http-outgoing-4 >> "User-Agent: Apache-HttpClient/4.5.13 (Java/20.0.2)[\r][\n]"
13:04:50.377 [main] DEBUG karate.org.apache.http.wire - http-outgoing-4 >> "Accept-Encoding: gzip,deflate[\r][\n]"
13:04:50.377 [main] DEBUG karate.org.apache.http.wire - http-outgoing-4 >> "[\r][\n]"
13:04:50.435 [main] DEBUG karate.org.apache.http.wire - http-outgoing-4 << "HTTP/1.1 403 Forbidden[\r][\n]"
13:04:50.435 [main] DEBUG karate.org.apache.http.wire - http-outgoing-4 << "Content-Type: application/json; charset=utf-8[\r][\n]"
13:04:50.435 [main] DEBUG karate.org.apache.http.wire - http-outgoing-4 << "Content-Length: 23[\r][\n]"
13:04:50.435 [main] DEBUG karate.org.apache.http.wire - http-outgoing-4 << "Connection: keep-alive[\r][\n]"
13:04:50.435 [main] DEBUG karate.org.apache.http.wire - http-outgoing-4 << "Date: Fri, 09 Aug 2024 17:04:51 GMT[\r][\n]"
13:04:50.435 [main] DEBUG karate.org.apache.http.wire - http-outgoing-4 << "WWW-Authenticate: Bearer realm="teamsso-its04.telus.com", error="insufficient_scope"[\r][\n]"
13:04:50.435 [main] DEBUG karate.org.apache.http.wire - http-outgoing-4 << "Kong-Request-ID: 9df030cd-e549-46fc-a886-0445fff0e82d#347206[\r][\n]"
13:04:50.435 [main] DEBUG karate.org.apache.http.wire - http-outgoing-4 << "vary: Origin[\r][\n]"
13:04:50.435 [main] DEBUG karate.org.apache.http.wire - http-outgoing-4 << "X-Kong-Response-Latency: 6[\r][\n]"
13:04:50.436 [main] DEBUG karate.org.apache.http.wire - http-outgoing-4 << "Server: kong/3.4.3.11-enterprise-edition[\r][\n]"
13:04:50.436 [main] DEBUG karate.org.apache.http.wire - http-outgoing-4 << "X-Kong-Request-Id: 8dc94a0092cadf6f2c20d03720b93747[\r][\n]"
13:04:50.436 [main] DEBUG karate.org.apache.http.wire - http-outgoing-4 << "vary: Origin[\r][\n]"
13:04:50.436 [main] DEBUG karate.org.apache.http.wire - http-outgoing-4 << "X-Kong-Upstream-Latency: 10[\r][\n]"
13:04:50.436 [main] DEBUG karate.org.apache.http.wire - http-outgoing-4 << "X-Kong-Proxy-Latency: 2[\r][\n]"
13:04:50.436 [main] DEBUG karate.org.apache.http.wire - http-outgoing-4 << "Via: kong/3.4.3.11-enterprise-edition[\r][\n]"
13:04:50.436 [main] DEBUG karate.org.apache.http.wire - http-outgoing-4 << "[\r][\n]"
13:04:50.436 [main] DEBUG karate.org.apache.http.wire - http-outgoing-4 << "{"message":"Forbidden"}"
13:04:50.436 [main] DEBUG karate.org.apache.http.headers - http-outgoing-4 << HTTP/1.1 403 Forbidden
13:04:50.436 [main] DEBUG karate.org.apache.http.headers - http-outgoing-4 << Content-Type: application/json; charset=utf-8
13:04:50.436 [main] DEBUG karate.org.apache.http.headers - http-outgoing-4 << Content-Length: 23
13:04:50.436 [main] DEBUG karate.org.apache.http.headers - http-outgoing-4 << Connection: keep-alive
13:04:50.436 [main] DEBUG karate.org.apache.http.headers - http-outgoing-4 << Date: Fri, 09 Aug 2024 17:04:51 GMT
13:04:50.436 [main] DEBUG karate.org.apache.http.headers - http-outgoing-4 << WWW-Authenticate: Bearer realm="teamsso-its04.telus.com", error="insufficient_scope"
13:04:50.436 [main] DEBUG karate.org.apache.http.headers - http-outgoing-4 << Kong-Request-ID: 9df030cd-e549-46fc-a886-0445fff0e82d#347206
13:04:50.436 [main] DEBUG karate.org.apache.http.headers - http-outgoing-4 << vary: Origin
13:04:50.436 [main] DEBUG karate.org.apache.http.headers - http-outgoing-4 << X-Kong-Response-Latency: 6
13:04:50.436 [main] DEBUG karate.org.apache.http.headers - http-outgoing-4 << Server: kong/3.4.3.11-enterprise-edition
13:04:50.436 [main] DEBUG karate.org.apache.http.headers - http-outgoing-4 << X-Kong-Request-Id: 8dc94a0092cadf6f2c20d03720b93747
13:04:50.436 [main] DEBUG karate.org.apache.http.headers - http-outgoing-4 << vary: Origin
13:04:50.436 [main] DEBUG karate.org.apache.http.headers - http-outgoing-4 << X-Kong-Upstream-Latency: 10
13:04:50.436 [main] DEBUG karate.org.apache.http.headers - http-outgoing-4 << X-Kong-Proxy-Latency: 2
13:04:50.436 [main] DEBUG karate.org.apache.http.headers - http-outgoing-4 << Via: kong/3.4.3.11-enterprise-edition
13:04:50.437 [main] DEBUG karate.org.apache.http.impl.execchain.MainClientExec - Connection can be kept alive indefinitely
13:04:50.437 [main] DEBUG karate.org.apache.http.impl.conn.PoolingHttpClientConnectionManager - Connection [id: 4][route: {s}->https://apigw-st.telus.com:443] can be kept alive indefinitely
13:04:50.437 [main] DEBUG karate.org.apache.http.impl.conn.DefaultManagedHttpClientConnection - http-outgoing-4: set socket timeout to 0
13:04:50.437 [main] DEBUG karate.org.apache.http.impl.conn.PoolingHttpClientConnectionManager - Connection released: [id: 4][route: {s}->https://apigw-st.telus.com:443][total available: 1; route allocated: 1 of 5; total allocated: 1 of 10]
13:04:50.437 [main] DEBUG com.intuit.karate - response time in milliseconds: 156
1 < 403
1 < Content-Type: application/json; charset=utf-8
1 < Content-Length: 23
1 < Connection: keep-alive
1 < Date: Fri, 09 Aug 2024 17:04:51 GMT
1 < WWW-Authenticate: Bearer realm="teamsso-its04.telus.com", error="insufficient_scope"
1 < Kong-Request-ID: 9df030cd-e549-46fc-a886-0445fff0e82d#347206
1 < vary: Origin
1 < vary: Origin
1 < X-Kong-Response-Latency: 6
1 < Server: kong/3.4.3.11-enterprise-edition
1 < X-Kong-Request-Id: 8dc94a0092cadf6f2c20d03720b93747
1 < X-Kong-Upstream-Latency: 10
1 < X-Kong-Proxy-Latency: 2
1 < Via: kong/3.4.3.11-enterprise-edition
{"message":"Forbidden"}
13:04:50.439 [main] ERROR com.intuit.karate - classpath:feature/AccountAccuracy.feature:61
Then status 404
status code was: 403, expected: 404, response time in milliseconds: 156, url: https://apigw-st.telus.com/customer/contactCenterCustomerInfo/v1/account?tn=6040585973, response: 
{"message":"Forbidden"}
classpath:feature/AccountAccuracy.feature:61
13:04:50.454 [main] DEBUG karate.org.thymeleaf.TemplateEngine - [THYMELEAF] INITIALIZING TEMPLATE ENGINE
13:04:50.485 [main] DEBUG karate.org.thymeleaf.TemplateEngine.CONFIG - Initializing Thymeleaf Template engine configuration...
[THYMELEAF] TEMPLATE ENGINE CONFIGURATION:
[THYMELEAF] * Thymeleaf version: 3.0.12.RELEASE (built 2020-12-21T00:26:28+0000)
[THYMELEAF] * Cache Manager implementation: karate.org.thymeleaf.cache.StandardCacheManager
[THYMELEAF] * Template resolvers:
[THYMELEAF]     * [1] com.intuit.karate.template.ResourceHtmlTemplateResolver
[THYMELEAF] * Message resolvers:
[THYMELEAF]     * karate.org.thymeleaf.messageresolver.StandardMessageResolver
[THYMELEAF] * Link builders:
[THYMELEAF]     * karate.org.thymeleaf.linkbuilder.StandardLinkBuilder
[THYMELEAF] * Dialect [1 of 2]: Standard (com.intuit.karate.template.KarateStandardDialect)
[THYMELEAF]     * Prefix: "th"
[THYMELEAF]     * Processors for Template Mode: HTML
[THYMELEAF]         * Element Tag Processors by [matching element and attribute name] [precedence]:
[THYMELEAF]             * [* {th:include,data-th-include}] [100]: karate.org.thymeleaf.standard.processor.StandardIncludeTagProcessor
[THYMELEAF]             * [* {th:insert,data-th-insert}] [100]: karate.org.thymeleaf.standard.processor.StandardInsertTagProcessor
[THYMELEAF]             * [* {th:replace,data-th-replace}] [100]: karate.org.thymeleaf.standard.processor.StandardReplaceTagProcessor
[THYMELEAF]             * [* {th:substituteby,data-th-substituteby}] [100]: karate.org.thymeleaf.standard.processor.StandardSubstituteByTagProcessor
[THYMELEAF]             * [* {th:each,data-th-each}] [200]: com.intuit.karate.template.KarateEachTagProcessor
[THYMELEAF]             * [* {th:switch,data-th-switch}] [250]: karate.org.thymeleaf.standard.processor.StandardSwitchTagProcessor
[THYMELEAF]             * [* {th:case,data-th-case}] [275]: karate.org.thymeleaf.standard.processor.StandardCaseTagProcessor
[THYMELEAF]             * [* {th:if,data-th-if}] [300]: karate.org.thymeleaf.standard.processor.StandardIfTagProcessor
[THYMELEAF]             * [* {th:unless,data-th-unless}] [400]: karate.org.thymeleaf.standard.processor.StandardUnlessTagProcessor
[THYMELEAF]             * [* {th:object,data-th-object}] [500]: karate.org.thymeleaf.standard.processor.StandardObjectTagProcessor
[THYMELEAF]             * [* {th:with,data-th-with}] [600]: com.intuit.karate.template.KarateWithTagProcessor
[THYMELEAF]             * [* {th:attr,data-th-attr}] [700]: com.intuit.karate.template.KarateAttributeTagProcessor.KarateAttrTagProcessor
[THYMELEAF]             * [* {th:attrappend,data-th-attrappend}] [900]: com.intuit.karate.template.KarateAttributeTagProcessor.KarateAttrappendTagProcessor
[THYMELEAF]             * [* {th:attrprepend,data-th-attrprepend}] [900]: com.intuit.karate.template.KarateAttributeTagProcessor.KarateAttrprependTagProcessor
[THYMELEAF]             * [* {th:alt-title,data-th-alt-title}] [990]: karate.org.thymeleaf.standard.processor.StandardAltTitleTagProcessor
[THYMELEAF]             * [* {th:lang-xmllang,data-th-lang-xmllang}] [990]: karate.org.thymeleaf.standard.processor.StandardLangXmlLangTagProcessor
[THYMELEAF]             * [* {th:action,data-th-action}] [1000]: karate.org.thymeleaf.standard.processor.StandardActionTagProcessor
[THYMELEAF]             * [* {th:defer,data-th-defer}] [1000]: karate.org.thymeleaf.standard.processor.StandardConditionalFixedValueTagProcessor
[THYMELEAF]             * [* {th:hidden,data-th-hidden}] [1000]: karate.org.thymeleaf.standard.processor.StandardConditionalFixedValueTagProcessor
[THYMELEAF]             * [* {th:loop,data-th-loop}] [1000]: karate.org.thymeleaf.standard.processor.StandardConditionalFixedValueTagProcessor
[THYMELEAF]             * [* {th:autofocus,data-th-autofocus}] [1000]: karate.org.thymeleaf.standard.processor.StandardConditionalFixedValueTagProcessor
[THYMELEAF]             * [* {th:multiple,data-th-multiple}] [1000]: karate.org.thymeleaf.standard.processor.StandardConditionalFixedValueTagProcessor
[THYMELEAF]             * [* {th:formnovalidate,data-th-formnovalidate}] [1000]: karate.org.thymeleaf.standard.processor.StandardConditionalFixedValueTagProcessor
[THYMELEAF]             * [* {th:novalidate,data-th-novalidate}] [1000]: karate.org.thymeleaf.standard.processor.StandardConditionalFixedValueTagProcessor
[THYMELEAF]             * [* {th:readonly,data-th-readonly}] [1000]: karate.org.thymeleaf.standard.processor.StandardConditionalFixedValueTagProcessor
[THYMELEAF]             * [* {th:open,data-th-open}] [1000]: karate.org.thymeleaf.standard.processor.StandardConditionalFixedValueTagProcessor
[THYMELEAF]             * [* {th:pubdate,data-th-pubdate}] [1000]: karate.org.thymeleaf.standard.processor.StandardConditionalFixedValueTagProcessor
[THYMELEAF]             * [* {th:autoplay,data-th-autoplay}] [1000]: karate.org.thymeleaf.standard.processor.StandardConditionalFixedValueTagProcessor
[THYMELEAF]             * [* {th:nowrap,data-th-nowrap}] [1000]: karate.org.thymeleaf.standard.processor.StandardConditionalFixedValueTagProcessor
[THYMELEAF]             * [* {th:default,data-th-default}] [1000]: karate.org.thymeleaf.standard.processor.StandardConditionalFixedValueTagProcessor
[THYMELEAF]             * [* {th:ismap,data-th-ismap}] [1000]: karate.org.thymeleaf.standard.processor.StandardConditionalFixedValueTagProcessor
[THYMELEAF]             * [* {th:required,data-th-required}] [1000]: karate.org.thymeleaf.standard.processor.StandardConditionalFixedValueTagProcessor
[THYMELEAF]             * [* {th:disabled,data-th-disabled}] [1000]: karate.org.thymeleaf.standard.processor.StandardConditionalFixedValueTagProcessor
[THYMELEAF]             * [* {th:reversed,data-th-reversed}] [1000]: karate.org.thymeleaf.standard.processor.StandardConditionalFixedValueTagProcessor
[THYMELEAF]             * [* {th:checked,data-th-checked}] [1000]: karate.org.thymeleaf.standard.processor.StandardConditionalFixedValueTagProcessor
[THYMELEAF]             * [* {th:controls,data-th-controls}] [1000]: karate.org.thymeleaf.standard.processor.StandardConditionalFixedValueTagProcessor
[THYMELEAF]             * [* {th:scoped,data-th-scoped}] [1000]: karate.org.thymeleaf.standard.processor.StandardConditionalFixedValueTagProcessor
[THYMELEAF]             * [* {th:selected,data-th-selected}] [1000]: karate.org.thymeleaf.standard.processor.StandardConditionalFixedValueTagProcessor
[THYMELEAF]             * [* {th:async,data-th-async}] [1000]: karate.org.thymeleaf.standard.processor.StandardConditionalFixedValueTagProcessor
[THYMELEAF]             * [* {th:seamless,data-th-seamless}] [1000]: karate.org.thymeleaf.standard.processor.StandardConditionalFixedValueTagProcessor
[THYMELEAF]             * [* {th:declare,data-th-declare}] [1000]: karate.org.thymeleaf.standard.processor.StandardConditionalFixedValueTagProcessor
[THYMELEAF]             * [* {th:onbeforeprint,data-th-onbeforeprint}] [1000]: karate.org.thymeleaf.standard.processor.StandardDOMEventAttributeTagProcessor
[THYMELEAF]             * [* {th:onformchange,data-th-onformchange}] [1000]: karate.org.thymeleaf.standard.processor.StandardDOMEventAttributeTagProcessor
[THYMELEAF]             * [* {th:onvolumechange,data-th-onvolumechange}] [1000]: karate.org.thymeleaf.standard.processor.StandardDOMEventAttributeTagProcessor
[THYMELEAF]             * [* {th:onmouseup,data-th-onmouseup}] [1000]: karate.org.thymeleaf.standard.processor.StandardDOMEventAttributeTagProcessor
[THYMELEAF]             * [* {th:onresize,data-th-onresize}] [1000]: karate.org.thymeleaf.standard.processor.StandardDOMEventAttributeTagProcessor
[THYMELEAF]             * [* {th:onkeyup,data-th-onkeyup}] [1000]: karate.org.thymeleaf.standard.processor.StandardDOMEventAttributeTagProcessor
[THYMELEAF]             * [* {th:onselect,data-th-onselect}] [1000]: karate.org.thymeleaf.standard.processor.StandardDOMEventAttributeTagProcessor
[THYMELEAF]             * [* {th:onreset,data-th-onreset}] [1000]: karate.org.thymeleaf.standard.processor.StandardDOMEventAttributeTagProcessor
[THYMELEAF]             * [* {th:onmouseout,data-th-onmouseout}] [1000]: karate.org.thymeleaf.standard.processor.StandardDOMEventAttributeTagProcessor
[THYMELEAF]             * [* {th:onchange,data-th-onchange}] [1000]: karate.org.thymeleaf.standard.processor.StandardDOMEventAttributeTagProcessor
[THYMELEAF]             * [* {th:oninput,data-th-oninput}] [1000]: karate.org.thymeleaf.standard.processor.StandardDOMEventAttributeTagProcessor
[THYMELEAF]             * [* {th:onseeking,data-th-onseeking}] [1000]: karate.org.thymeleaf.standard.processor.StandardDOMEventAttributeTagProcessor
[THYMELEAF]             * [* {th:ondrag,data-th-ondrag}] [1000]: karate.org.thymeleaf.standard.processor.StandardDOMEventAttributeTagProcessor
[THYMELEAF]             * [* {th:onhashchange,data-th-onhashchange}] [1000]: karate.org.thymeleaf.standard.processor.StandardDOMEventAttributeTagProcessor
[THYMELEAF]             * [* {th:onpause,data-th-onpause}] [1000]: karate.org.thymeleaf.standard.processor.StandardDOMEventAttributeTagProcessor
[THYMELEAF]             * [* {th:ondragend,data-th-ondragend}] [1000]: karate.org.thymeleaf.standard.processor.StandardDOMEventAttributeTagProcessor
[THYMELEAF]             * [* {th:onplaying,data-th-onplaying}] [1000]: karate.org.thymeleaf.standard.processor.StandardDOMEventAttributeTagProcessor
[THYMELEAF]             * [* {th:onstalled,data-th-onstalled}] [1000]: karate.org.thymeleaf.standard.processor.StandardDOMEventAttributeTagProcessor
[THYMELEAF]             * [* {th:onbeforeunload,data-th-onbeforeunload}] [1000]: karate.org.thymeleaf.standard.processor.StandardDOMEventAttributeTagProcessor
[THYMELEAF]             * [* {th:onloadstart,data-th-onloadstart}] [1000]: karate.org.thymeleaf.standard.processor.StandardDOMEventAttributeTagProcessor
[THYMELEAF]             * [* {th:onloadeddata,data-th-onloadeddata}] [1000]: karate.org.thymeleaf.standard.processor.StandardDOMEventAttributeTagProcessor
[THYMELEAF]             * [* {th:onprogress,data-th-onprogress}] [1000]: karate.org.thymeleaf.standard.processor.StandardDOMEventAttributeTagProcessor
[THYMELEAF]             * [* {th:onreadystatechange,data-th-onreadystatechange}] [1000]: karate.org.thymeleaf.standard.processor.StandardDOMEventAttributeTagProcessor
[THYMELEAF]             * [* {th:onmousewheel,data-th-onmousewheel}] [1000]: karate.org.thymeleaf.standard.processor.StandardDOMEventAttributeTagProcessor
[THYMELEAF]             * [* {th:onfocus,data-th-onfocus}] [1000]: karate.org.thymeleaf.standard.processor.StandardDOMEventAttributeTagProcessor
[THYMELEAF]             * [* {th:onscroll,data-th-onscroll}] [1000]: karate.org.thymeleaf.standard.processor.StandardDOMEventAttributeTagProcessor
[THYMELEAF]             * [* {th:ondragleave,data-th-ondragleave}] [1000]: karate.org.thymeleaf.standard.processor.StandardDOMEventAttributeTagProcessor
[THYMELEAF]             * [* {th:onclick,data-th-onclick}] [1000]: karate.org.thymeleaf.standard.processor.StandardDOMEventAttributeTagProcessor
[THYMELEAF]             * [* {th:onpopstate,data-th-onpopstate}] [1000]: karate.org.thymeleaf.standard.processor.StandardDOMEventAttributeTagProcessor
[THYMELEAF]             * [* {th:onended,data-th-onended}] [1000]: karate.org.thymeleaf.standard.processor.StandardDOMEventAttributeTagProcessor
[THYMELEAF]             * [* {th:ondragover,data-th-ondragover}] [1000]: karate.org.thymeleaf.standard.processor.StandardDOMEventAttributeTagProcessor
[THYMELEAF]             * [* {th:onabort,data-th-onabort}] [1000]: karate.org.thymeleaf.standard.processor.StandardDOMEventAttributeTagProcessor
[THYMELEAF]             * [* {th:ononline,data-th-ononline}] [1000]: karate.org.thymeleaf.standard.processor.StandardDOMEventAttributeTagProcessor
[THYMELEAF]             * [* {th:oncanplay,data-th-oncanplay}] [1000]: karate.org.thymeleaf.standard.processor.StandardDOMEventAttributeTagProcessor
[THYMELEAF]             * [* {th:ondragenter,data-th-ondragenter}] [1000]: karate.org.thymeleaf.standard.processor.StandardDOMEventAttributeTagProcessor
[THYMELEAF]             * [* {th:onunload,data-th-onunload}] [1000]: karate.org.thymeleaf.standard.processor.StandardDOMEventAttributeTagProcessor
[THYMELEAF]             * [* {th:onblur,data-th-onblur}] [1000]: karate.org.thymeleaf.standard.processor.StandardDOMEventAttributeTagProcessor
[THYMELEAF]             * [* {th:onstorage,data-th-onstorage}] [1000]: karate.org.thymeleaf.standard.processor.StandardDOMEventAttributeTagProcessor
[THYMELEAF]             * [* {th:oninvalid,data-th-oninvalid}] [1000]: karate.org.thymeleaf.standard.processor.StandardDOMEventAttributeTagProcessor
[THYMELEAF]             * [* {th:onloadedmetadata,data-th-onloadedmetadata}] [1000]: karate.org.thymeleaf.standard.processor.StandardDOMEventAttributeTagProcessor
[THYMELEAF]             * [* {th:onkeypress,data-th-onkeypress}] [1000]: karate.org.thymeleaf.standard.processor.StandardDOMEventAttributeTagProcessor
[THYMELEAF]             * [* {th:onerror,data-th-onerror}] [1000]: karate.org.thymeleaf.standard.processor.StandardDOMEventAttributeTagProcessor
[THYMELEAF]             * [* {th:ondurationchange,data-th-ondurationchange}] [1000]: karate.org.thymeleaf.standard.processor.StandardDOMEventAttributeTagProcessor
[THYMELEAF]             * [* {th:onundo,data-th-onundo}] [1000]: karate.org.thymeleaf.standard.processor.StandardDOMEventAttributeTagProcessor
[THYMELEAF]             * [* {th:onsuspend,data-th-onsuspend}] [1000]: karate.org.thymeleaf.standard.processor.StandardDOMEventAttributeTagProcessor
[THYMELEAF]             * [* {th:onkeydown,data-th-onkeydown}] [1000]: karate.org.thymeleaf.standard.processor.StandardDOMEventAttributeTagProcessor
[THYMELEAF]             * [* {th:onload,data-th-onload}] [1000]: karate.org.thymeleaf.standard.processor.StandardDOMEventAttributeTagProcessor
[THYMELEAF]             * [* {th:onredo,data-th-onredo}] [1000]: karate.org.thymeleaf.standard.processor.StandardDOMEventAttributeTagProcessor
[THYMELEAF]             * [* {th:onshow,data-th-onshow}] [1000]: karate.org.thymeleaf.standard.processor.StandardDOMEventAttributeTagProcessor
[THYMELEAF]             * [* {th:onmousedown,data-th-onmousedown}] [1000]: karate.org.thymeleaf.standard.processor.StandardDOMEventAttributeTagProcessor
[THYMELEAF]             * [* {th:onsubmit,data-th-onsubmit}] [1000]: karate.org.thymeleaf.standard.processor.StandardDOMEventAttributeTagProcessor
[THYMELEAF]             * [* {th:onwaiting,data-th-onwaiting}] [1000]: karate.org.thymeleaf.standard.processor.StandardDOMEventAttributeTagProcessor
[THYMELEAF]             * [* {th:ondblclick,data-th-ondblclick}] [1000]: karate.org.thymeleaf.standard.processor.StandardDOMEventAttributeTagProcessor
[THYMELEAF]             * [* {th:onafterprint,data-th-onafterprint}] [1000]: karate.org.thymeleaf.standard.processor.StandardDOMEventAttributeTagProcessor
[THYMELEAF]             * [* {th:onseeked,data-th-onseeked}] [1000]: karate.org.thymeleaf.standard.processor.StandardDOMEventAttributeTagProcessor
[THYMELEAF]             * [* {th:onoffline,data-th-onoffline}] [1000]: karate.org.thymeleaf.standard.processor.StandardDOMEventAttributeTagProcessor
[THYMELEAF]             * [* {th:onmessage,data-th-onmessage}] [1000]: karate.org.thymeleaf.standard.processor.StandardDOMEventAttributeTagProcessor
[THYMELEAF]             * [* {th:ondragstart,data-th-ondragstart}] [1000]: karate.org.thymeleaf.standard.processor.StandardDOMEventAttributeTagProcessor
[THYMELEAF]             * [* {th:onforminput,data-th-onforminput}] [1000]: karate.org.thymeleaf.standard.processor.StandardDOMEventAttributeTagProcessor
[THYMELEAF]             * [* {th:onratechange,data-th-onratechange}] [1000]: karate.org.thymeleaf.standard.processor.StandardDOMEventAttributeTagProcessor
[THYMELEAF]             * [* {th:ondrop,data-th-ondrop}] [1000]: karate.org.thymeleaf.standard.processor.StandardDOMEventAttributeTagProcessor
[THYMELEAF]             * [* {th:onplay,data-th-onplay}] [1000]: karate.org.thymeleaf.standard.processor.StandardDOMEventAttributeTagProcessor
[THYMELEAF]             * [* {th:ontimeupdate,data-th-ontimeupdate}] [1000]: karate.org.thymeleaf.standard.processor.StandardDOMEventAttributeTagProcessor
[THYMELEAF]             * [* {th:onmouseover,data-th-onmouseover}] [1000]: karate.org.thymeleaf.standard.processor.StandardDOMEventAttributeTagProcessor
[THYMELEAF]             * [* {th:onmousemove,data-th-onmousemove}] [1000]: karate.org.thymeleaf.standard.processor.StandardDOMEventAttributeTagProcessor
[THYMELEAF]             * [* {th:onemptied,data-th-onemptied}] [1000]: karate.org.thymeleaf.standard.processor.StandardDOMEventAttributeTagProcessor
[THYMELEAF]             * [* {th:oncanplaythrough,data-th-oncanplaythrough}] [1000]: karate.org.thymeleaf.standard.processor.StandardDOMEventAttributeTagProcessor
[THYMELEAF]             * [* {th:oncontextmenu,data-th-oncontextmenu}] [1000]: karate.org.thymeleaf.standard.processor.StandardDOMEventAttributeTagProcessor
[THYMELEAF]             * [* {th:href,data-th-href}] [1000]: karate.org.thymeleaf.standard.processor.StandardHrefTagProcessor
[THYMELEAF]             * [* {th:inline,data-th-inline}] [1000]: karate.org.thymeleaf.standard.processor.StandardInlineHTMLTagProcessor
[THYMELEAF]             * [* {th:method,data-th-method}] [1000]: karate.org.thymeleaf.standard.processor.StandardMethodTagProcessor
[THYMELEAF]             * [* {th:type,data-th-type}] [1000]: karate.org.thymeleaf.standard.processor.StandardNonRemovableAttributeTagProcessor
[THYMELEAF]             * [* {th:name,data-th-name}] [1000]: karate.org.thymeleaf.standard.processor.StandardNonRemovableAttributeTagProcessor
[THYMELEAF]             * [* {th:dropzone,data-th-dropzone}] [1000]: karate.org.thymeleaf.standard.processor.StandardRemovableAttributeTagProcessor
[THYMELEAF]             * [* {th:maxlength,data-th-maxlength}] [1000]: karate.org.thymeleaf.standard.processor.StandardRemovableAttributeTagProcessor
[THYMELEAF]             * [* {th:rowspan,data-th-rowspan}] [1000]: karate.org.thymeleaf.standard.processor.StandardRemovableAttributeTagProcessor
[THYMELEAF]             * [* {th:formaction,data-th-formaction}] [1000]: karate.org.thymeleaf.standard.processor.StandardRemovableAttributeTagProcessor
[THYMELEAF]             * [* {th:manifest,data-th-manifest}] [1000]: karate.org.thymeleaf.standard.processor.StandardRemovableAttributeTagProcessor
[THYMELEAF]             * [* {th:icon,data-th-icon}] [1000]: karate.org.thymeleaf.standard.processor.StandardRemovableAttributeTagProcessor
[THYMELEAF]             * [* {th:axis,data-th-axis}] [1000]: karate.org.thymeleaf.standard.processor.StandardRemovableAttributeTagProcessor
[THYMELEAF]             * [* {th:formmethod,data-th-formmethod}] [1000]: karate.org.thymeleaf.standard.processor.StandardRemovableAttributeTagProcessor
[THYMELEAF]             * [* {th:min,data-th-min}] [1000]: karate.org.thymeleaf.standard.processor.StandardRemovableAttributeTagProcessor
[THYMELEAF]             * [* {th:content,data-th-content}] [1000]: karate.org.thymeleaf.standard.processor.StandardRemovableAttributeTagProcessor
[THYMELEAF]             * [* {th:datetime,data-th-datetime}] [1000]: karate.org.thymeleaf.standard.processor.StandardRemovableAttributeTagProcessor
[THYMELEAF]             * [* {th:spellcheck,data-th-spellcheck}] [1000]: karate.org.thymeleaf.standard.processor.StandardRemovableAttributeTagProcessor
[THYMELEAF]             * [* {th:codebase,data-th-codebase}] [1000]: karate.org.thymeleaf.standard.processor.StandardRemovableAttributeTagProcessor
[THYMELEAF]             * [* {th:lang,data-th-lang}] [1000]: karate.org.thymeleaf.standard.processor.StandardRemovableAttributeTagProcessor
[THYMELEAF]             * [* {th:title,data-th-title}] [1000]: karate.org.thymeleaf.standard.processor.StandardRemovableAttributeTagProcessor
[THYMELEAF]             * [* {th:start,data-th-start}] [1000]: karate.org.thymeleaf.standard.processor.StandardRemovableAttributeTagProcessor
[THYMELEAF]             * [* {th:class,data-th-class}] [1000]: karate.org.thymeleaf.standard.processor.StandardRemovableAttributeTagProcessor
[THYMELEAF]             * [* {th:max,data-th-max}] [1000]: karate.org.thymeleaf.standard.processor.StandardRemovableAttributeTagProcessor
[THYMELEAF]             * [* {th:rules,data-th-rules}] [1000]: karate.org.thymeleaf.standard.processor.StandardRemovableAttributeTagProcessor
[THYMELEAF]             * [* {th:cellspacing,data-th-cellspacing}] [1000]: karate.org.thymeleaf.standard.processor.StandardRemovableAttributeTagProcessor
[THYMELEAF]             * [* {th:span,data-th-span}] [1000]: karate.org.thymeleaf.standard.processor.StandardRemovableAttributeTagProcessor
[THYMELEAF]             * [* {th:formenctype,data-th-formenctype}] [1000]: karate.org.thymeleaf.standard.processor.StandardRemovableAttributeTagProcessor
[THYMELEAF]             * [* {th:target,data-th-target}] [1000]: karate.org.thymeleaf.standard.processor.StandardRemovableAttributeTagProcessor
[THYMELEAF]             * [* {th:challenge,data-th-challenge}] [1000]: karate.org.thymeleaf.standard.processor.StandardRemovableAttributeTagProcessor
[THYMELEAF]             * [* {th:list,data-th-list}] [1000]: karate.org.thymeleaf.standard.processor.StandardRemovableAttributeTagProcessor
[THYMELEAF]             * [* {th:tabindex,data-th-tabindex}] [1000]: karate.org.thymeleaf.standard.processor.StandardRemovableAttributeTagProcessor
[THYMELEAF]             * [* {th:cols,data-th-cols}] [1000]: karate.org.thymeleaf.standard.processor.StandardRemovableAttributeTagProcessor
[THYMELEAF]             * [* {th:accept-charset,data-th-accept-charset}] [1000]: karate.org.thymeleaf.standard.processor.StandardRemovableAttributeTagProcessor
[THYMELEAF]             * [* {th:dir,data-th-dir}] [1000]: karate.org.thymeleaf.standard.processor.StandardRemovableAttributeTagProcessor
[THYMELEAF]             * [* {th:id,data-th-id}] [1000]: karate.org.thymeleaf.standard.processor.StandardRemovableAttributeTagProcessor
[THYMELEAF]             * [* {th:rev,data-th-rev}] [1000]: karate.org.thymeleaf.standard.processor.StandardRemovableAttributeTagProcessor
[THYMELEAF]             * [* {th:frameborder,data-th-frameborder}] [1000]: karate.org.thymeleaf.standard.processor.StandardRemovableAttributeTagProcessor
[THYMELEAF]             * [* {th:marginheight,data-th-marginheight}] [1000]: karate.org.thymeleaf.standard.processor.StandardRemovableAttributeTagProcessor
[THYMELEAF]             * [* {th:codetype,data-th-codetype}] [1000]: karate.org.thymeleaf.standard.processor.StandardRemovableAttributeTagProcessor
[THYMELEAF]             * [* {th:kind,data-th-kind}] [1000]: karate.org.thymeleaf.standard.processor.StandardRemovableAttributeTagProcessor
[THYMELEAF]             * [* {th:usemap,data-th-usemap}] [1000]: karate.org.thymeleaf.standard.processor.StandardRemovableAttributeTagProcessor
[THYMELEAF]             * [* {th:accept,data-th-accept}] [1000]: karate.org.thymeleaf.standard.processor.StandardRemovableAttributeTagProcessor
[THYMELEAF]             * [* {th:scope,data-th-scope}] [1000]: karate.org.thymeleaf.standard.processor.StandardRemovableAttributeTagProcessor
[THYMELEAF]             * [* {th:optimum,data-th-optimum}] [1000]: karate.org.thymeleaf.standard.processor.StandardRemovableAttributeTagProcessor
[THYMELEAF]             * [* {th:keytype,data-th-keytype}] [1000]: karate.org.thymeleaf.standard.processor.StandardRemovableAttributeTagProcessor
[THYMELEAF]             * [* {th:for,data-th-for}] [1000]: karate.org.thymeleaf.standard.processor.StandardRemovableAttributeTagProcessor
[THYMELEAF]             * [* {th:preload,data-th-preload}] [1000]: karate.org.thymeleaf.standard.processor.StandardRemovableAttributeTagProcessor
[THYMELEAF]             * [* {th:summary,data-th-summary}] [1000]: karate.org.thymeleaf.standard.processor.StandardRemovableAttributeTagProcessor
[THYMELEAF]             * [* {th:form,data-th-form}] [1000]: karate.org.thymeleaf.standard.processor.StandardRemovableAttributeTagProcessor
[THYMELEAF]             * [* {th:draggable,data-th-draggable}] [1000]: karate.org.thymeleaf.standard.processor.StandardRemovableAttributeTagProcessor
[THYMELEAF]             * [* {th:label,data-th-label}] [1000]: karate.org.thymeleaf.standard.processor.StandardRemovableAttributeTagProcessor
[THYMELEAF]             * [* {th:size,data-th-size}] [1000]: karate.org.thymeleaf.standard.processor.StandardRemovableAttributeTagProcessor
[THYMELEAF]             * [* {th:headers,data-th-headers}] [1000]: karate.org.thymeleaf.standard.processor.StandardRemovableAttributeTagProcessor
[THYMELEAF]             * [* {th:compact,data-th-compact}] [1000]: karate.org.thymeleaf.standard.processor.StandardRemovableAttributeTagProcessor
[THYMELEAF]             * [* {th:cellpadding,data-th-cellpadding}] [1000]: karate.org.thymeleaf.standard.processor.StandardRemovableAttributeTagProcessor
[THYMELEAF]             * [* {th:vspace,data-th-vspace}] [1000]: karate.org.thymeleaf.standard.processor.StandardRemovableAttributeTagProcessor
[THYMELEAF]             * [* {th:high,data-th-high}] [1000]: karate.org.thymeleaf.standard.processor.StandardRemovableAttributeTagProcessor
[THYMELEAF]             * [* {th:low,data-th-low}] [1000]: karate.org.thymeleaf.standard.processor.StandardRemovableAttributeTagProcessor
[THYMELEAF]             * [* {th:pattern,data-th-pattern}] [1000]: karate.org.thymeleaf.standard.processor.StandardRemovableAttributeTagProcessor
[THYMELEAF]             * [* {th:audio,data-th-audio}] [1000]: karate.org.thymeleaf.standard.processor.StandardRemovableAttributeTagProcessor
[THYMELEAF]             * [* {th:classid,data-th-classid}] [1000]: karate.org.thymeleaf.standard.processor.StandardRemovableAttributeTagProcessor
[THYMELEAF]             * [* {th:hreflang,data-th-hreflang}] [1000]: karate.org.thymeleaf.standard.processor.StandardRemovableAttributeTagProcessor
[THYMELEAF]             * [* {th:align,data-th-align}] [1000]: karate.org.thymeleaf.standard.processor.StandardRemovableAttributeTagProcessor
[THYMELEAF]             * [* {th:srclang,data-th-srclang}] [1000]: karate.org.thymeleaf.standard.processor.StandardRemovableAttributeTagProcessor
[THYMELEAF]             * [* {th:autocomplete,data-th-autocomplete}] [1000]: karate.org.thymeleaf.standard.processor.StandardRemovableAttributeTagProcessor
[THYMELEAF]             * [* {th:http-equiv,data-th-http-equiv}] [1000]: karate.org.thymeleaf.standard.processor.StandardRemovableAttributeTagProcessor
[THYMELEAF]             * [* {th:hspace,data-th-hspace}] [1000]: karate.org.thymeleaf.standard.processor.StandardRemovableAttributeTagProcessor
[THYMELEAF]             * [* {th:sizes,data-th-sizes}] [1000]: karate.org.thymeleaf.standard.processor.StandardRemovableAttributeTagProcessor
[THYMELEAF]             * [* {th:poster,data-th-poster}] [1000]: karate.org.thymeleaf.standard.processor.StandardRemovableAttributeTagProcessor
[THYMELEAF]             * [* {th:border,data-th-border}] [1000]: karate.org.thymeleaf.standard.processor.StandardRemovableAttributeTagProcessor
[THYMELEAF]             * [* {th:archive,data-th-archive}] [1000]: karate.org.thymeleaf.standard.processor.StandardRemovableAttributeTagProcessor
[THYMELEAF]             * [* {th:contextmenu,data-th-contextmenu}] [1000]: karate.org.thymeleaf.standard.processor.StandardRemovableAttributeTagProcessor
[THYMELEAF]             * [* {th:style,data-th-style}] [1000]: karate.org.thymeleaf.standard.processor.StandardRemovableAttributeTagProcessor
[THYMELEAF]             * [* {th:alt,data-th-alt}] [1000]: karate.org.thymeleaf.standard.processor.StandardRemovableAttributeTagProcessor
[THYMELEAF]             * [* {th:standby,data-th-standby}] [1000]: karate.org.thymeleaf.standard.processor.StandardRemovableAttributeTagProcessor
[THYMELEAF]             * [* {th:marginwidth,data-th-marginwidth}] [1000]: karate.org.thymeleaf.standard.processor.StandardRemovableAttributeTagProcessor
[THYMELEAF]             * [* {th:charset,data-th-charset}] [1000]: karate.org.thymeleaf.standard.processor.StandardRemovableAttributeTagProcessor
[THYMELEAF]             * [* {th:height,data-th-height}] [1000]: karate.org.thymeleaf.standard.processor.StandardRemovableAttributeTagProcessor
[THYMELEAF]             * [* {th:colspan,data-th-colspan}] [1000]: karate.org.thymeleaf.standard.processor.StandardRemovableAttributeTagProcessor
[THYMELEAF]             * [* {th:scrolling,data-th-scrolling}] [1000]: karate.org.thymeleaf.standard.processor.StandardRemovableAttributeTagProcessor
[THYMELEAF]             * [* {th:media,data-th-media}] [1000]: karate.org.thymeleaf.standard.processor.StandardRemovableAttributeTagProcessor
[THYMELEAF]             * [* {th:placeholder,data-th-placeholder}] [1000]: karate.org.thymeleaf.standard.processor.StandardRemovableAttributeTagProcessor
[THYMELEAF]             * [* {th:cite,data-th-cite}] [1000]: karate.org.thymeleaf.standard.processor.StandardRemovableAttributeTagProcessor
[THYMELEAF]             * [* {th:rel,data-th-rel}] [1000]: karate.org.thymeleaf.standard.processor.StandardRemovableAttributeTagProcessor
[THYMELEAF]             * [* {th:step,data-th-step}] [1000]: karate.org.thymeleaf.standard.processor.StandardRemovableAttributeTagProcessor
[THYMELEAF]             * [* {th:frame,data-th-frame}] [1000]: karate.org.thymeleaf.standard.processor.StandardRemovableAttributeTagProcessor
[THYMELEAF]             * [* {th:formtarget,data-th-formtarget}] [1000]: karate.org.thymeleaf.standard.processor.StandardRemovableAttributeTagProcessor
[THYMELEAF]             * [* {th:data,data-th-data}] [1000]: karate.org.thymeleaf.standard.processor.StandardRemovableAttributeTagProcessor
[THYMELEAF]             * [* {th:wrap,data-th-wrap}] [1000]: karate.org.thymeleaf.standard.processor.StandardRemovableAttributeTagProcessor
[THYMELEAF]             * [* {th:width,data-th-width}] [1000]: karate.org.thymeleaf.standard.processor.StandardRemovableAttributeTagProcessor
[THYMELEAF]             * [* {th:contenteditable,data-th-contenteditable}] [1000]: karate.org.thymeleaf.standard.processor.StandardRemovableAttributeTagProcessor
[THYMELEAF]             * [* {th:abbr,data-th-abbr}] [1000]: karate.org.thymeleaf.standard.processor.StandardRemovableAttributeTagProcessor
[THYMELEAF]             * [* {th:accesskey,data-th-accesskey}] [1000]: karate.org.thymeleaf.standard.processor.StandardRemovableAttributeTagProcessor
[THYMELEAF]             * [* {th:bgcolor,data-th-bgcolor}] [1000]: karate.org.thymeleaf.standard.processor.StandardRemovableAttributeTagProcessor
[THYMELEAF]             * [* {th:longdesc,data-th-longdesc}] [1000]: karate.org.thymeleaf.standard.processor.StandardRemovableAttributeTagProcessor
[THYMELEAF]             * [* {th:rows,data-th-rows}] [1000]: karate.org.thymeleaf.standard.processor.StandardRemovableAttributeTagProcessor
[THYMELEAF]             * [* {th:background,data-th-background}] [1000]: karate.org.thymeleaf.standard.processor.StandardRemovableAttributeTagProcessor
[THYMELEAF]             * [* {th:valuetype,data-th-valuetype}] [1000]: karate.org.thymeleaf.standard.processor.StandardRemovableAttributeTagProcessor
[THYMELEAF]             * [* {th:sandbox,data-th-sandbox}] [1000]: karate.org.thymeleaf.standard.processor.StandardRemovableAttributeTagProcessor
[THYMELEAF]             * [* {th:scheme,data-th-scheme}] [1000]: karate.org.thymeleaf.standard.processor.StandardRemovableAttributeTagProcessor
[THYMELEAF]             * [* {th:radiogroup,data-th-radiogroup}] [1000]: karate.org.thymeleaf.standard.processor.StandardRemovableAttributeTagProcessor
[THYMELEAF]             * [* {th:enctype,data-th-enctype}] [1000]: karate.org.thymeleaf.standard.processor.StandardRemovableAttributeTagProcessor
[THYMELEAF]             * [* {th:src,data-th-src}] [1000]: karate.org.thymeleaf.standard.processor.StandardSrcTagProcessor
[THYMELEAF]             * [* {th:value,data-th-value}] [1000]: karate.org.thymeleaf.standard.processor.StandardValueTagProcessor
[THYMELEAF]             * [* {th:xmlbase,data-th-xmlbase}] [1000]: karate.org.thymeleaf.standard.processor.StandardXmlBaseTagProcessor
[THYMELEAF]             * [* {th:xmllang,data-th-xmllang}] [1000]: karate.org.thymeleaf.standard.processor.StandardXmlLangTagProcessor
[THYMELEAF]             * [* {xmlns:th}] [1000]: karate.org.thymeleaf.standard.processor.StandardXmlNsTagProcessor
[THYMELEAF]             * [* {th:xmlspace,data-th-xmlspace}] [1000]: karate.org.thymeleaf.standard.processor.StandardXmlSpaceTagProcessor
[THYMELEAF]             * [* {th:classappend,data-th-classappend}] [1100]: karate.org.thymeleaf.standard.processor.StandardClassappendTagProcessor
[THYMELEAF]             * [* {th:styleappend,data-th-styleappend}] [1100]: karate.org.thymeleaf.standard.processor.StandardStyleappendTagProcessor
[THYMELEAF]             * [* {th:text,data-th-text}] [1300]: karate.org.thymeleaf.standard.processor.StandardTextTagProcessor
[THYMELEAF]             * [* {th:utext,data-th-utext}] [1400]: karate.org.thymeleaf.standard.processor.StandardUtextTagProcessor
[THYMELEAF]             * [* {th:fragment,data-th-fragment}] [1500]: karate.org.thymeleaf.standard.processor.StandardFragmentTagProcessor
[THYMELEAF]             * [* {th:assert,data-th-assert}] [1550]: karate.org.thymeleaf.standard.processor.StandardAssertTagProcessor
[THYMELEAF]             * [* {th:remove,data-th-remove}] [1600]: karate.org.thymeleaf.standard.processor.StandardRemoveTagProcessor
[THYMELEAF]             * [* {th:ref,data-th-ref}] [10000]: karate.org.thymeleaf.standard.processor.StandardRefAttributeTagProcessor
[THYMELEAF]             * [{th:block,th-block} *] [100000]: karate.org.thymeleaf.standard.processor.StandardBlockTagProcessor
[THYMELEAF]             * [* th:*] [2147483647]: karate.org.thymeleaf.standard.processor.StandardDefaultAttributesTagProcessor
[THYMELEAF]         * Text Processors by [precedence]:
[THYMELEAF]             * [1000]: karate.org.thymeleaf.standard.processor.StandardInliningTextProcessor
[THYMELEAF]         * DOCTYPE Processors by [precedence]:
[THYMELEAF]             * [1000]: karate.org.thymeleaf.standard.processor.StandardTranslationDocTypeProcessor
[THYMELEAF]         * CDATA Section Processors by [precedence]:
[THYMELEAF]             * [1000]: karate.org.thymeleaf.standard.processor.StandardInliningCDATASectionProcessor
[THYMELEAF]         * Comment Processors by [precedence]:
[THYMELEAF]             * [1000]: karate.org.thymeleaf.standard.processor.StandardInliningCommentProcessor
[THYMELEAF]             * [1100]: karate.org.thymeleaf.standard.processor.StandardConditionalCommentProcessor
[THYMELEAF]     * Processors for Template Mode: XML
[THYMELEAF]         * Element Tag Processors by [matching element and attribute name] [precedence]:
[THYMELEAF]             * [* {th:include}] [100]: karate.org.thymeleaf.standard.processor.StandardIncludeTagProcessor
[THYMELEAF]             * [* {th:insert}] [100]: karate.org.thymeleaf.standard.processor.StandardInsertTagProcessor
[THYMELEAF]             * [* {th:replace}] [100]: karate.org.thymeleaf.standard.processor.StandardReplaceTagProcessor
[THYMELEAF]             * [* {th:substituteby}] [100]: karate.org.thymeleaf.standard.processor.StandardSubstituteByTagProcessor
[THYMELEAF]             * [* {th:each}] [200]: com.intuit.karate.template.KarateEachTagProcessor
[THYMELEAF]             * [* {th:switch}] [250]: karate.org.thymeleaf.standard.processor.StandardSwitchTagProcessor
[THYMELEAF]             * [* {th:case}] [275]: karate.org.thymeleaf.standard.processor.StandardCaseTagProcessor
[THYMELEAF]             * [* {th:if}] [300]: karate.org.thymeleaf.standard.processor.StandardIfTagProcessor
[THYMELEAF]             * [* {th:unless}] [400]: karate.org.thymeleaf.standard.processor.StandardUnlessTagProcessor
[THYMELEAF]             * [* {th:object}] [500]: karate.org.thymeleaf.standard.processor.StandardObjectTagProcessor
[THYMELEAF]             * [* {th:with}] [600]: com.intuit.karate.template.KarateWithTagProcessor
[THYMELEAF]             * [* {th:attr}] [700]: com.intuit.karate.template.KarateAttributeTagProcessor.KarateAttrTagProcessor
[THYMELEAF]             * [* {th:attrappend}] [900]: com.intuit.karate.template.KarateAttributeTagProcessor.KarateAttrappendTagProcessor
[THYMELEAF]             * [* {th:attrprepend}] [900]: com.intuit.karate.template.KarateAttributeTagProcessor.KarateAttrprependTagProcessor
[THYMELEAF]             * [* {th:inline}] [1000]: karate.org.thymeleaf.standard.processor.StandardInlineXMLTagProcessor
[THYMELEAF]             * [* {xmlns:th}] [1000]: karate.org.thymeleaf.standard.processor.StandardXmlNsTagProcessor
[THYMELEAF]             * [* {th:text}] [1300]: karate.org.thymeleaf.standard.processor.StandardTextTagProcessor
[THYMELEAF]             * [* {th:utext}] [1400]: karate.org.thymeleaf.standard.processor.StandardUtextTagProcessor
[THYMELEAF]             * [* {th:fragment}] [1500]: karate.org.thymeleaf.standard.processor.StandardFragmentTagProcessor
[THYMELEAF]             * [* {th:assert}] [1550]: karate.org.thymeleaf.standard.processor.StandardAssertTagProcessor
[THYMELEAF]             * [* {th:remove}] [1600]: karate.org.thymeleaf.standard.processor.StandardRemoveTagProcessor
[THYMELEAF]             * [* {th:ref}] [10000]: karate.org.thymeleaf.standard.processor.StandardRefAttributeTagProcessor
[THYMELEAF]             * [{th:block} *] [100000]: karate.org.thymeleaf.standard.processor.StandardBlockTagProcessor
[THYMELEAF]             * [* th:*] [2147483647]: karate.org.thymeleaf.standard.processor.StandardDefaultAttributesTagProcessor
[THYMELEAF]         * Text Processors by [precedence]:
[THYMELEAF]             * [1000]: karate.org.thymeleaf.standard.processor.StandardInliningTextProcessor
[THYMELEAF]         * CDATA Section Processors by [precedence]:
[THYMELEAF]             * [1000]: karate.org.thymeleaf.standard.processor.StandardInliningCDATASectionProcessor
[THYMELEAF]         * Comment Processors by [precedence]:
[THYMELEAF]             * [1000]: karate.org.thymeleaf.standard.processor.StandardInliningCommentProcessor
[THYMELEAF]     * Processors for Template Mode: TEXT
[THYMELEAF]         * Element Tag Processors by [matching element and attribute name] [precedence]:
[THYMELEAF]             * [* {th:insert}] [100]: karate.org.thymeleaf.standard.processor.StandardInsertTagProcessor
[THYMELEAF]             * [* {th:replace}] [100]: karate.org.thymeleaf.standard.processor.StandardReplaceTagProcessor
[THYMELEAF]             * [* {th:each}] [200]: com.intuit.karate.template.KarateEachTagProcessor
[THYMELEAF]             * [* {th:switch}] [250]: karate.org.thymeleaf.standard.processor.StandardSwitchTagProcessor
[THYMELEAF]             * [* {th:case}] [275]: karate.org.thymeleaf.standard.processor.StandardCaseTagProcessor
[THYMELEAF]             * [* {th:if}] [300]: karate.org.thymeleaf.standard.processor.StandardIfTagProcessor
[THYMELEAF]             * [* {th:unless}] [400]: karate.org.thymeleaf.standard.processor.StandardUnlessTagProcessor
[THYMELEAF]             * [* {th:object}] [500]: karate.org.thymeleaf.standard.processor.StandardObjectTagProcessor
[THYMELEAF]             * [* {th:with}] [600]: com.intuit.karate.template.KarateWithTagProcessor
[THYMELEAF]             * [* {th:inline}] [1000]: karate.org.thymeleaf.standard.processor.StandardInlineTextualTagProcessor
[THYMELEAF]             * [* {th:text}] [1300]: karate.org.thymeleaf.standard.processor.StandardTextTagProcessor
[THYMELEAF]             * [* {th:utext}] [1400]: karate.org.thymeleaf.standard.processor.StandardUtextTagProcessor
[THYMELEAF]             * [* {th:assert}] [1550]: karate.org.thymeleaf.standard.processor.StandardAssertTagProcessor
[THYMELEAF]             * [* {th:remove}] [1600]: karate.org.thymeleaf.standard.processor.StandardRemoveTagProcessor
[THYMELEAF]             * [{th:block} *] [100000]: karate.org.thymeleaf.standard.processor.StandardBlockTagProcessor
[THYMELEAF]             * [* 100000] [karate.org.thymeleaf.standard.processor.StandardBlockTagProcessor]: {}
[THYMELEAF]         * Text Processors by [precedence]:
[THYMELEAF]             * [1000]: karate.org.thymeleaf.standard.processor.StandardInliningTextProcessor
[THYMELEAF]     * Processors for Template Mode: JAVASCRIPT
[THYMELEAF]         * Element Tag Processors by [matching element and attribute name] [precedence]:
[THYMELEAF]             * [* {th:insert}] [100]: karate.org.thymeleaf.standard.processor.StandardInsertTagProcessor
[THYMELEAF]             * [* {th:replace}] [100]: karate.org.thymeleaf.standard.processor.StandardReplaceTagProcessor
[THYMELEAF]             * [* {th:each}] [200]: com.intuit.karate.template.KarateEachTagProcessor
[THYMELEAF]             * [* {th:switch}] [250]: karate.org.thymeleaf.standard.processor.StandardSwitchTagProcessor
[THYMELEAF]             * [* {th:case}] [275]: karate.org.thymeleaf.standard.processor.StandardCaseTagProcessor
[THYMELEAF]             * [* {th:if}] [300]: karate.org.thymeleaf.standard.processor.StandardIfTagProcessor
[THYMELEAF]             * [* {th:unless}] [400]: karate.org.thymeleaf.standard.processor.StandardUnlessTagProcessor
[THYMELEAF]             * [* {th:object}] [500]: karate.org.thymeleaf.standard.processor.StandardObjectTagProcessor
[THYMELEAF]             * [* {th:with}] [600]: com.intuit.karate.template.KarateWithTagProcessor
[THYMELEAF]             * [* {th:inline}] [1000]: karate.org.thymeleaf.standard.processor.StandardInlineTextualTagProcessor
[THYMELEAF]             * [* {th:text}] [1300]: karate.org.thymeleaf.standard.processor.StandardTextTagProcessor
[THYMELEAF]             * [* {th:utext}] [1400]: karate.org.thymeleaf.standard.processor.StandardUtextTagProcessor
[THYMELEAF]             * [* {th:assert}] [1550]: karate.org.thymeleaf.standard.processor.StandardAssertTagProcessor
[THYMELEAF]             * [* {th:remove}] [1600]: karate.org.thymeleaf.standard.processor.StandardRemoveTagProcessor
[THYMELEAF]             * [* 100000] [karate.org.thymeleaf.standard.processor.StandardBlockTagProcessor]: {}
[THYMELEAF]             * [{th:block} *] [100000]: karate.org.thymeleaf.standard.processor.StandardBlockTagProcessor
[THYMELEAF]         * Text Processors by [precedence]:
[THYMELEAF]             * [1000]: karate.org.thymeleaf.standard.processor.StandardInliningTextProcessor
[THYMELEAF]     * Processors for Template Mode: CSS
[THYMELEAF]         * Element Tag Processors by [matching element and attribute name] [precedence]:
[THYMELEAF]             * [* {th:insert}] [100]: karate.org.thymeleaf.standard.processor.StandardInsertTagProcessor
[THYMELEAF]             * [* {th:replace}] [100]: karate.org.thymeleaf.standard.processor.StandardReplaceTagProcessor
[THYMELEAF]             * [* {th:each}] [200]: com.intuit.karate.template.KarateEachTagProcessor
[THYMELEAF]             * [* {th:switch}] [250]: karate.org.thymeleaf.standard.processor.StandardSwitchTagProcessor
[THYMELEAF]             * [* {th:case}] [275]: karate.org.thymeleaf.standard.processor.StandardCaseTagProcessor
[THYMELEAF]             * [* {th:if}] [300]: karate.org.thymeleaf.standard.processor.StandardIfTagProcessor
[THYMELEAF]             * [* {th:unless}] [400]: karate.org.thymeleaf.standard.processor.StandardUnlessTagProcessor
[THYMELEAF]             * [* {th:object}] [500]: karate.org.thymeleaf.standard.processor.StandardObjectTagProcessor
[THYMELEAF]             * [* {th:with}] [600]: com.intuit.karate.template.KarateWithTagProcessor
[THYMELEAF]             * [* {th:inline}] [1000]: karate.org.thymeleaf.standard.processor.StandardInlineTextualTagProcessor
[THYMELEAF]             * [* {th:text}] [1300]: karate.org.thymeleaf.standard.processor.StandardTextTagProcessor
[THYMELEAF]             * [* {th:utext}] [1400]: karate.org.thymeleaf.standard.processor.StandardUtextTagProcessor
[THYMELEAF]             * [* {th:assert}] [1550]: karate.org.thymeleaf.standard.processor.StandardAssertTagProcessor
[THYMELEAF]             * [* {th:remove}] [1600]: karate.org.thymeleaf.standard.processor.StandardRemoveTagProcessor
[THYMELEAF]             * [{th:block} *] [100000]: karate.org.thymeleaf.standard.processor.StandardBlockTagProcessor
[THYMELEAF]             * [* 100000] [karate.org.thymeleaf.standard.processor.StandardBlockTagProcessor]: {}
[THYMELEAF]         * Text Processors by [precedence]:
[THYMELEAF]             * [1000]: karate.org.thymeleaf.standard.processor.StandardInliningTextProcessor
[THYMELEAF]     * Expression Objects:
[THYMELEAF]         * #ctx
[THYMELEAF]         * #root
[THYMELEAF]         * #vars
[THYMELEAF]         * #object
[THYMELEAF]         * #locale
[THYMELEAF]         * #request
[THYMELEAF]         * #response
[THYMELEAF]         * #session
[THYMELEAF]         * #servletContext
[THYMELEAF]         * #conversions
[THYMELEAF]         * #uris
[THYMELEAF]         * #calendars
[THYMELEAF]         * #dates
[THYMELEAF]         * #bools
[THYMELEAF]         * #numbers
[THYMELEAF]         * #objects
[THYMELEAF]         * #strings
[THYMELEAF]         * #arrays
[THYMELEAF]         * #lists
[THYMELEAF]         * #sets
[THYMELEAF]         * #maps
[THYMELEAF]         * #aggregates
[THYMELEAF]         * #messages
[THYMELEAF]         * #ids
[THYMELEAF]         * #execInfo
[THYMELEAF]         * #httpServletRequest
[THYMELEAF]         * #httpSession
[THYMELEAF]     * Execution Attributes:
[THYMELEAF]         * "StandardExpressionParser": com.intuit.karate.template.KarateStandardDialect@6b42e36d
[THYMELEAF]         * "StandardJavaScriptSerializer": karate.org.thymeleaf.standard.serializer.StandardJavaScriptSerializer@66020d69
[THYMELEAF]         * "StandardCSSSerializer": karate.org.thymeleaf.standard.serializer.StandardCSSSerializer@3751acd7
[THYMELEAF]         * "StandardVariableExpressionEvaluator": com.intuit.karate.template.KarateStandardDialect@6b42e36d
[THYMELEAF]         * "StandardConversionService": karate.org.thymeleaf.standard.expression.StandardConversionService@6b832551
[THYMELEAF] * Dialect [2 of 2]: karate (com.intuit.karate.template.KarateScriptDialect)
[THYMELEAF]     * Prefix: "ka"
[THYMELEAF]     * Processors for Template Mode: HTML
[THYMELEAF]         * Element Tag Processors by [matching element and attribute name] [precedence]:
[THYMELEAF]             * [* {src}] [1000]: com.intuit.karate.template.KaScriptAttrProcessor
[THYMELEAF]         * Element Model Processors by [matching element and attribute name] [precedence]:
[THYMELEAF]             * [{script} {ka:scope,data-ka-scope}] [1000]: com.intuit.karate.template.KaScriptElemProcessor
[THYMELEAF]             * [* {ka:set,data-ka-set}] [1000]: com.intuit.karate.template.KaSetElemProcessor
[THYMELEAF] TEMPLATE ENGINE CONFIGURED OK
13:04:50.490 [main] DEBUG karate.org.thymeleaf.TemplateEngine - [THYMELEAF] TEMPLATE ENGINE INITIALIZED
---------------------------------------------------------
feature: classpath:feature/AccountAccuracy.feature
scenarios:  3 | passed:  0 | failed:  3 | time: 0.5332
---------------------------------------------------------

13:04:50.823 [main] INFO com.intuit.karate.Suite - <<fail>> feature 2 of 12 (0 remaining) classpath:feature/AccountAccuracy.feature
13:04:50.830 [main] INFO com.intuit.karate - karate.env system property was: it01 
13:04:50.831 [main] INFO com.intuit.karate - clientId:52e80bfa-b42c-47d7-98b5-8bb87c926209 
13:04:50.831 [main] INFO com.intuit.karate - Current URL is : https://apigw-st.telus.com 
13:04:50.831 [main] INFO com.intuit.karate - Current Env is : it01 
13:04:50.837 [main] INFO com.intuit.karate - [print] eyJhbGciOiJSUzI1NiIsImtpZCI6ImNhZGZhMTYyLTU2YzEtNGRiOS1hNjNmLTYwZTM3NzIwMWJkZiIsInBpLmF0bSI6IjMifQ.eyJzY29wZSI6WyI0NzIwIl0sImF1dGhvcml6YXRpb25fZGV0YWlscyI6W10sImNsaWVudF9pZCI6IjUyZTgwYmZhLWI0MmMtNDdkNy05OGI1LThiYjg3YzkyNjIwOSIsImlzcyI6Imh0dHBzOi8vdGVhbXNzby1pdHMwNC50ZWx1cy5jb20iLCJhdWQiOiJrb25nIiwiaWF0IjoxNzIzMjIzMDg5LCJleHAiOjE3MjMyMjMzODl9.flESEmYyI_eCkBmzn54OkGfP2lAIxnyqs2XbjtABUAmEnkCOQe8uoiUdROg_nBCNsbluJLTMIyv2VQYcEFeVpzwJIN4AH00KC-3px8L7DRMcbbbRqgIOGamUVRjytKBt3cFR1XVCW32bLo_XlS6M0CPdsCtowSRRwenf6htGC3loiXiWZ8pxuYaJNnmQfuSN9rWpZNHc8y-eYDl0xm6EoEXQSfatP3EAxDBw6tgqlb5patcu_afyMqKiHha9IdISwDeMrqyfvgoAR4Sqhdy3Uxp_k_xzmM-XWElgzY0YfiUnRnIl01fsIz1UO7xaed3xVyVlwsYrq6nB9I57SYDk-A 
13:04:50.842 [main] DEBUG com.jayway.jsonpath.internal.path.CompiledPath - Evaluating path: $
13:04:50.850 [main] INFO com.intuit.karate - karate.env system property was: it01 
13:04:50.851 [main] INFO com.intuit.karate - clientId:52e80bfa-b42c-47d7-98b5-8bb87c926209 
13:04:50.853 [main] INFO com.intuit.karate - Current URL is : https://apigw-st.telus.com 
13:04:50.854 [main] INFO com.intuit.karate - Current Env is : it01 
13:04:50.858 [main] INFO com.intuit.karate - [print] eyJhbGciOiJSUzI1NiIsImtpZCI6ImNhZGZhMTYyLTU2YzEtNGRiOS1hNjNmLTYwZTM3NzIwMWJkZiIsInBpLmF0bSI6IjMifQ.eyJzY29wZSI6WyI0NzIwIl0sImF1dGhvcml6YXRpb25fZGV0YWlscyI6W10sImNsaWVudF9pZCI6IjUyZTgwYmZhLWI0MmMtNDdkNy05OGI1LThiYjg3YzkyNjIwOSIsImlzcyI6Imh0dHBzOi8vdGVhbXNzby1pdHMwNC50ZWx1cy5jb20iLCJhdWQiOiJrb25nIiwiaWF0IjoxNzIzMjIzMDg5LCJleHAiOjE3MjMyMjMzODl9.flESEmYyI_eCkBmzn54OkGfP2lAIxnyqs2XbjtABUAmEnkCOQe8uoiUdROg_nBCNsbluJLTMIyv2VQYcEFeVpzwJIN4AH00KC-3px8L7DRMcbbbRqgIOGamUVRjytKBt3cFR1XVCW32bLo_XlS6M0CPdsCtowSRRwenf6htGC3loiXiWZ8pxuYaJNnmQfuSN9rWpZNHc8y-eYDl0xm6EoEXQSfatP3EAxDBw6tgqlb5patcu_afyMqKiHha9IdISwDeMrqyfvgoAR4Sqhdy3Uxp_k_xzmM-XWElgzY0YfiUnRnIl01fsIz1UO7xaed3xVyVlwsYrq6nB9I57SYDk-A 
13:04:50.858 [main] DEBUG com.intuit.karate.core.ScenarioEngine - over-writing existing variable 'data_file1' with new value: 'shs_only_product.json'
13:04:50.859 [main] DEBUG com.intuit.karate.core.ScenarioEngine - over-writing existing variable 'data_file2' with new value: 'shs_fibre_product.json'
13:04:50.861 [main] DEBUG karate.org.apache.http.client.protocol.RequestAddCookies - CookieSpec selected: karate
13:04:50.861 [main] DEBUG karate.org.apache.http.client.protocol.RequestAuthCache - Auth cache not set in the context
13:04:50.861 [main] DEBUG com.intuit.karate - request:
1 > GET https://apigw-st.telus.com/customer/contactCenterCustomerInfo/v1/account?ban=700102278
1 > accept: application/json
1 > env: it01
1 > x-cloud-trace-context: karate-integration-test
1 > Authorization: Bearer eyJhbGciOiJSUzI1NiIsImtpZCI6ImNhZGZhMTYyLTU2YzEtNGRiOS1hNjNmLTYwZTM3NzIwMWJkZiIsInBpLmF0bSI6IjMifQ.eyJzY29wZSI6WyI0NzIwIl0sImF1dGhvcml6YXRpb25fZGV0YWlscyI6W10sImNsaWVudF9pZCI6IjUyZTgwYmZhLWI0MmMtNDdkNy05OGI1LThiYjg3YzkyNjIwOSIsImlzcyI6Imh0dHBzOi8vdGVhbXNzby1pdHMwNC50ZWx1cy5jb20iLCJhdWQiOiJrb25nIiwiaWF0IjoxNzIzMjIzMDg5LCJleHAiOjE3MjMyMjMzODl9.flESEmYyI_eCkBmzn54OkGfP2lAIxnyqs2XbjtABUAmEnkCOQe8uoiUdROg_nBCNsbluJLTMIyv2VQYcEFeVpzwJIN4AH00KC-3px8L7DRMcbbbRqgIOGamUVRjytKBt3cFR1XVCW32bLo_XlS6M0CPdsCtowSRRwenf6htGC3loiXiWZ8pxuYaJNnmQfuSN9rWpZNHc8y-eYDl0xm6EoEXQSfatP3EAxDBw6tgqlb5patcu_afyMqKiHha9IdISwDeMrqyfvgoAR4Sqhdy3Uxp_k_xzmM-XWElgzY0YfiUnRnIl01fsIz1UO7xaed3xVyVlwsYrq6nB9I57SYDk-A
1 > Host: apigw-st.telus.com
1 > Connection: Keep-Alive
1 > User-Agent: Apache-HttpClient/4.5.13 (Java/20.0.2)
1 > Accept-Encoding: gzip,deflate


13:04:50.862 [main] DEBUG karate.org.apache.http.impl.conn.PoolingHttpClientConnectionManager - Connection request: [route: {s}->https://apigw-st.telus.com:443][total available: 0; route allocated: 0 of 5; total allocated: 0 of 10]
13:04:50.862 [main] DEBUG karate.org.apache.http.impl.conn.PoolingHttpClientConnectionManager - Connection leased: [id: 5][route: {s}->https://apigw-st.telus.com:443][total available: 0; route allocated: 1 of 5; total allocated: 1 of 10]
13:04:50.862 [main] DEBUG karate.org.apache.http.impl.execchain.MainClientExec - Opening connection {s}->https://apigw-st.telus.com:443
13:04:50.862 [main] DEBUG karate.org.apache.http.impl.conn.DefaultHttpClientConnectionOperator - Connecting to apigw-st.telus.com/207.219.84.31:443
13:04:50.862 [main] DEBUG karate.org.apache.http.conn.ssl.LenientSslConnectionSocketFactory - Connecting socket to apigw-st.telus.com/207.219.84.31:443 with timeout 10000
13:04:50.902 [main] DEBUG karate.org.apache.http.conn.ssl.LenientSslConnectionSocketFactory - Enabled protocols: [TLSv1.3, TLSv1.2]
13:04:50.902 [main] DEBUG karate.org.apache.http.conn.ssl.LenientSslConnectionSocketFactory - Enabled cipher suites:[TLS_AES_256_GCM_SHA384, TLS_AES_128_GCM_SHA256, TLS_CHACHA20_POLY1305_SHA256, TLS_ECDHE_ECDSA_WITH_AES_256_GCM_SHA384, TLS_ECDHE_ECDSA_WITH_AES_128_GCM_SHA256, TLS_ECDHE_ECDSA_WITH_CHACHA20_POLY1305_SHA256, TLS_ECDHE_RSA_WITH_AES_256_GCM_SHA384, TLS_ECDHE_RSA_WITH_CHACHA20_POLY1305_SHA256, TLS_ECDHE_RSA_WITH_AES_128_GCM_SHA256, TLS_DHE_RSA_WITH_AES_256_GCM_SHA384, TLS_DHE_RSA_WITH_CHACHA20_POLY1305_SHA256, TLS_DHE_DSS_WITH_AES_256_GCM_SHA384, TLS_DHE_RSA_WITH_AES_128_GCM_SHA256, TLS_DHE_DSS_WITH_AES_128_GCM_SHA256, TLS_ECDHE_ECDSA_WITH_AES_256_CBC_SHA384, TLS_ECDHE_RSA_WITH_AES_256_CBC_SHA384, TLS_ECDHE_ECDSA_WITH_AES_128_CBC_SHA256, TLS_ECDHE_RSA_WITH_AES_128_CBC_SHA256, TLS_DHE_RSA_WITH_AES_256_CBC_SHA256, TLS_DHE_DSS_WITH_AES_256_CBC_SHA256, TLS_DHE_RSA_WITH_AES_128_CBC_SHA256, TLS_DHE_DSS_WITH_AES_128_CBC_SHA256, TLS_ECDHE_ECDSA_WITH_AES_256_CBC_SHA, TLS_ECDHE_RSA_WITH_AES_256_CBC_SHA, TLS_ECDHE_ECDSA_WITH_AES_128_CBC_SHA, TLS_ECDHE_RSA_WITH_AES_128_CBC_SHA, TLS_DHE_RSA_WITH_AES_256_CBC_SHA, TLS_DHE_DSS_WITH_AES_256_CBC_SHA, TLS_DHE_RSA_WITH_AES_128_CBC_SHA, TLS_DHE_DSS_WITH_AES_128_CBC_SHA, TLS_RSA_WITH_AES_256_GCM_SHA384, TLS_RSA_WITH_AES_128_GCM_SHA256, TLS_RSA_WITH_AES_256_CBC_SHA256, TLS_RSA_WITH_AES_128_CBC_SHA256, TLS_RSA_WITH_AES_256_CBC_SHA, TLS_RSA_WITH_AES_128_CBC_SHA, TLS_EMPTY_RENEGOTIATION_INFO_SCSV]
13:04:50.902 [main] DEBUG karate.org.apache.http.conn.ssl.LenientSslConnectionSocketFactory - Starting handshake
13:04:50.960 [main] DEBUG karate.org.apache.http.conn.ssl.LenientSslConnectionSocketFactory - Secure session established
13:04:50.960 [main] DEBUG karate.org.apache.http.conn.ssl.LenientSslConnectionSocketFactory -  negotiated protocol: TLSv1.3
13:04:50.960 [main] DEBUG karate.org.apache.http.conn.ssl.LenientSslConnectionSocketFactory -  negotiated cipher suite: TLS_AES_128_GCM_SHA256
13:04:50.960 [main] DEBUG karate.org.apache.http.conn.ssl.LenientSslConnectionSocketFactory -  peer principal: CN=apigw-soap-st.telus.com, O=TELUS Corp., L=Vancouver, ST=British Columbia, C=CA
13:04:50.960 [main] DEBUG karate.org.apache.http.conn.ssl.LenientSslConnectionSocketFactory -  peer alternative names: [apigw-soap-st.telus.com, apigw-st.telus.com, apigw-qidc-st.telus.com, apigw-kidc-st.telus.com, apigw-soap-qidc-st.telus.com, apigw-soap-kidc-st.telus.com]
13:04:50.960 [main] DEBUG karate.org.apache.http.conn.ssl.LenientSslConnectionSocketFactory -  issuer principal: CN=DigiCert Global G2 TLS RSA SHA256 2020 CA1, O=DigiCert Inc, C=US
13:04:50.960 [main] DEBUG karate.org.apache.http.impl.conn.DefaultHttpClientConnectionOperator - Connection established 192.168.1.65:54941<->207.219.84.31:443
13:04:50.960 [main] DEBUG karate.org.apache.http.impl.conn.DefaultManagedHttpClientConnection - http-outgoing-5: set socket timeout to 20000
13:04:50.960 [main] DEBUG karate.org.apache.http.impl.execchain.MainClientExec - Executing request GET /customer/contactCenterCustomerInfo/v1/account?ban=700102278 HTTP/1.1
13:04:50.960 [main] DEBUG karate.org.apache.http.impl.execchain.MainClientExec - Proxy auth state: UNCHALLENGED
13:04:50.960 [main] DEBUG karate.org.apache.http.headers - http-outgoing-5 >> GET /customer/contactCenterCustomerInfo/v1/account?ban=700102278 HTTP/1.1
13:04:50.960 [main] DEBUG karate.org.apache.http.headers - http-outgoing-5 >> accept: application/json
13:04:50.960 [main] DEBUG karate.org.apache.http.headers - http-outgoing-5 >> env: it01
13:04:50.960 [main] DEBUG karate.org.apache.http.headers - http-outgoing-5 >> x-cloud-trace-context: karate-integration-test
13:04:50.960 [main] DEBUG karate.org.apache.http.headers - http-outgoing-5 >> Authorization: Bearer eyJhbGciOiJSUzI1NiIsImtpZCI6ImNhZGZhMTYyLTU2YzEtNGRiOS1hNjNmLTYwZTM3NzIwMWJkZiIsInBpLmF0bSI6IjMifQ.eyJzY29wZSI6WyI0NzIwIl0sImF1dGhvcml6YXRpb25fZGV0YWlscyI6W10sImNsaWVudF9pZCI6IjUyZTgwYmZhLWI0MmMtNDdkNy05OGI1LThiYjg3YzkyNjIwOSIsImlzcyI6Imh0dHBzOi8vdGVhbXNzby1pdHMwNC50ZWx1cy5jb20iLCJhdWQiOiJrb25nIiwiaWF0IjoxNzIzMjIzMDg5LCJleHAiOjE3MjMyMjMzODl9.flESEmYyI_eCkBmzn54OkGfP2lAIxnyqs2XbjtABUAmEnkCOQe8uoiUdROg_nBCNsbluJLTMIyv2VQYcEFeVpzwJIN4AH00KC-3px8L7DRMcbbbRqgIOGamUVRjytKBt3cFR1XVCW32bLo_XlS6M0CPdsCtowSRRwenf6htGC3loiXiWZ8pxuYaJNnmQfuSN9rWpZNHc8y-eYDl0xm6EoEXQSfatP3EAxDBw6tgqlb5patcu_afyMqKiHha9IdISwDeMrqyfvgoAR4Sqhdy3Uxp_k_xzmM-XWElgzY0YfiUnRnIl01fsIz1UO7xaed3xVyVlwsYrq6nB9I57SYDk-A
13:04:50.960 [main] DEBUG karate.org.apache.http.headers - http-outgoing-5 >> Host: apigw-st.telus.com
13:04:50.960 [main] DEBUG karate.org.apache.http.headers - http-outgoing-5 >> Connection: Keep-Alive
13:04:50.960 [main] DEBUG karate.org.apache.http.headers - http-outgoing-5 >> User-Agent: Apache-HttpClient/4.5.13 (Java/20.0.2)
13:04:50.960 [main] DEBUG karate.org.apache.http.headers - http-outgoing-5 >> Accept-Encoding: gzip,deflate
13:04:50.960 [main] DEBUG karate.org.apache.http.wire - http-outgoing-5 >> "GET /customer/contactCenterCustomerInfo/v1/account?ban=700102278 HTTP/1.1[\r][\n]"
13:04:50.960 [main] DEBUG karate.org.apache.http.wire - http-outgoing-5 >> "accept: application/json[\r][\n]"
13:04:50.960 [main] DEBUG karate.org.apache.http.wire - http-outgoing-5 >> "env: it01[\r][\n]"
13:04:50.960 [main] DEBUG karate.org.apache.http.wire - http-outgoing-5 >> "x-cloud-trace-context: karate-integration-test[\r][\n]"
13:04:50.961 [main] DEBUG karate.org.apache.http.wire - http-outgoing-5 >> "Authorization: Bearer eyJhbGciOiJSUzI1NiIsImtpZCI6ImNhZGZhMTYyLTU2YzEtNGRiOS1hNjNmLTYwZTM3NzIwMWJkZiIsInBpLmF0bSI6IjMifQ.eyJzY29wZSI6WyI0NzIwIl0sImF1dGhvcml6YXRpb25fZGV0YWlscyI6W10sImNsaWVudF9pZCI6IjUyZTgwYmZhLWI0MmMtNDdkNy05OGI1LThiYjg3YzkyNjIwOSIsImlzcyI6Imh0dHBzOi8vdGVhbXNzby1pdHMwNC50ZWx1cy5jb20iLCJhdWQiOiJrb25nIiwiaWF0IjoxNzIzMjIzMDg5LCJleHAiOjE3MjMyMjMzODl9.flESEmYyI_eCkBmzn54OkGfP2lAIxnyqs2XbjtABUAmEnkCOQe8uoiUdROg_nBCNsbluJLTMIyv2VQYcEFeVpzwJIN4AH00KC-3px8L7DRMcbbbRqgIOGamUVRjytKBt3cFR1XVCW32bLo_XlS6M0CPdsCtowSRRwenf6htGC3loiXiWZ8pxuYaJNnmQfuSN9rWpZNHc8y-eYDl0xm6EoEXQSfatP3EAxDBw6tgqlb5patcu_afyMqKiHha9IdISwDeMrqyfvgoAR4Sqhdy3Uxp_k_xzmM-XWElgzY0YfiUnRnIl01fsIz1UO7xaed3xVyVlwsYrq6nB9I57SYDk-A[\r][\n]"
13:04:50.961 [main] DEBUG karate.org.apache.http.wire - http-outgoing-5 >> "Host: apigw-st.telus.com[\r][\n]"
13:04:50.961 [main] DEBUG karate.org.apache.http.wire - http-outgoing-5 >> "Connection: Keep-Alive[\r][\n]"
13:04:50.961 [main] DEBUG karate.org.apache.http.wire - http-outgoing-5 >> "User-Agent: Apache-HttpClient/4.5.13 (Java/20.0.2)[\r][\n]"
13:04:50.961 [main] DEBUG karate.org.apache.http.wire - http-outgoing-5 >> "Accept-Encoding: gzip,deflate[\r][\n]"
13:04:50.961 [main] DEBUG karate.org.apache.http.wire - http-outgoing-5 >> "[\r][\n]"
13:04:51.010 [main] DEBUG karate.org.apache.http.wire - http-outgoing-5 << "HTTP/1.1 403 Forbidden[\r][\n]"
13:04:51.010 [main] DEBUG karate.org.apache.http.wire - http-outgoing-5 << "Content-Type: application/json; charset=utf-8[\r][\n]"
13:04:51.010 [main] DEBUG karate.org.apache.http.wire - http-outgoing-5 << "Content-Length: 23[\r][\n]"
13:04:51.010 [main] DEBUG karate.org.apache.http.wire - http-outgoing-5 << "Connection: keep-alive[\r][\n]"
13:04:51.010 [main] DEBUG karate.org.apache.http.wire - http-outgoing-5 << "Date: Fri, 09 Aug 2024 17:04:51 GMT[\r][\n]"
13:04:51.010 [main] DEBUG karate.org.apache.http.wire - http-outgoing-5 << "WWW-Authenticate: Bearer realm="teamsso-its04.telus.com", error="insufficient_scope"[\r][\n]"
13:04:51.010 [main] DEBUG karate.org.apache.http.wire - http-outgoing-5 << "Kong-Request-ID: 9df030cd-e549-46fc-a886-0445fff0e82d#347207[\r][\n]"
13:04:51.010 [main] DEBUG karate.org.apache.http.wire - http-outgoing-5 << "vary: Origin[\r][\n]"
13:04:51.010 [main] DEBUG karate.org.apache.http.wire - http-outgoing-5 << "X-Kong-Response-Latency: 2[\r][\n]"
13:04:51.010 [main] DEBUG karate.org.apache.http.wire - http-outgoing-5 << "Server: kong/3.4.3.11-enterprise-edition[\r][\n]"
13:04:51.010 [main] DEBUG karate.org.apache.http.wire - http-outgoing-5 << "X-Kong-Request-Id: 83c0195ff1740f06b3dba63dc91c0337[\r][\n]"
13:04:51.010 [main] DEBUG karate.org.apache.http.wire - http-outgoing-5 << "vary: Origin[\r][\n]"
13:04:51.010 [main] DEBUG karate.org.apache.http.wire - http-outgoing-5 << "X-Kong-Upstream-Latency: 6[\r][\n]"
13:04:51.010 [main] DEBUG karate.org.apache.http.wire - http-outgoing-5 << "X-Kong-Proxy-Latency: 2[\r][\n]"
13:04:51.010 [main] DEBUG karate.org.apache.http.wire - http-outgoing-5 << "Via: kong/3.4.3.11-enterprise-edition[\r][\n]"
13:04:51.010 [main] DEBUG karate.org.apache.http.wire - http-outgoing-5 << "[\r][\n]"
13:04:51.010 [main] DEBUG karate.org.apache.http.wire - http-outgoing-5 << "{"message":"Forbidden"}"
13:04:51.011 [main] DEBUG karate.org.apache.http.headers - http-outgoing-5 << HTTP/1.1 403 Forbidden
13:04:51.011 [main] DEBUG karate.org.apache.http.headers - http-outgoing-5 << Content-Type: application/json; charset=utf-8
13:04:51.011 [main] DEBUG karate.org.apache.http.headers - http-outgoing-5 << Content-Length: 23
13:04:51.011 [main] DEBUG karate.org.apache.http.headers - http-outgoing-5 << Connection: keep-alive
13:04:51.011 [main] DEBUG karate.org.apache.http.headers - http-outgoing-5 << Date: Fri, 09 Aug 2024 17:04:51 GMT
13:04:51.011 [main] DEBUG karate.org.apache.http.headers - http-outgoing-5 << WWW-Authenticate: Bearer realm="teamsso-its04.telus.com", error="insufficient_scope"
13:04:51.011 [main] DEBUG karate.org.apache.http.headers - http-outgoing-5 << Kong-Request-ID: 9df030cd-e549-46fc-a886-0445fff0e82d#347207
13:04:51.011 [main] DEBUG karate.org.apache.http.headers - http-outgoing-5 << vary: Origin
13:04:51.011 [main] DEBUG karate.org.apache.http.headers - http-outgoing-5 << X-Kong-Response-Latency: 2
13:04:51.011 [main] DEBUG karate.org.apache.http.headers - http-outgoing-5 << Server: kong/3.4.3.11-enterprise-edition
13:04:51.011 [main] DEBUG karate.org.apache.http.headers - http-outgoing-5 << X-Kong-Request-Id: 83c0195ff1740f06b3dba63dc91c0337
13:04:51.011 [main] DEBUG karate.org.apache.http.headers - http-outgoing-5 << vary: Origin
13:04:51.011 [main] DEBUG karate.org.apache.http.headers - http-outgoing-5 << X-Kong-Upstream-Latency: 6
13:04:51.011 [main] DEBUG karate.org.apache.http.headers - http-outgoing-5 << X-Kong-Proxy-Latency: 2
13:04:51.011 [main] DEBUG karate.org.apache.http.headers - http-outgoing-5 << Via: kong/3.4.3.11-enterprise-edition
13:04:51.011 [main] DEBUG karate.org.apache.http.impl.execchain.MainClientExec - Connection can be kept alive indefinitely
13:04:51.011 [main] DEBUG karate.org.apache.http.impl.conn.PoolingHttpClientConnectionManager - Connection [id: 5][route: {s}->https://apigw-st.telus.com:443] can be kept alive indefinitely
13:04:51.011 [main] DEBUG karate.org.apache.http.impl.conn.DefaultManagedHttpClientConnection - http-outgoing-5: set socket timeout to 0
13:04:51.011 [main] DEBUG karate.org.apache.http.impl.conn.PoolingHttpClientConnectionManager - Connection released: [id: 5][route: {s}->https://apigw-st.telus.com:443][total available: 1; route allocated: 1 of 5; total allocated: 1 of 10]
13:04:51.011 [main] DEBUG com.intuit.karate - response time in milliseconds: 149
1 < 403
1 < Content-Type: application/json; charset=utf-8
1 < Content-Length: 23
1 < Connection: keep-alive
1 < Date: Fri, 09 Aug 2024 17:04:51 GMT
1 < WWW-Authenticate: Bearer realm="teamsso-its04.telus.com", error="insufficient_scope"
1 < Kong-Request-ID: 9df030cd-e549-46fc-a886-0445fff0e82d#347207
1 < vary: Origin
1 < vary: Origin
1 < X-Kong-Response-Latency: 2
1 < Server: kong/3.4.3.11-enterprise-edition
1 < X-Kong-Request-Id: 83c0195ff1740f06b3dba63dc91c0337
1 < X-Kong-Upstream-Latency: 6
1 < X-Kong-Proxy-Latency: 2
1 < Via: kong/3.4.3.11-enterprise-edition
{"message":"Forbidden"}
13:04:51.012 [main] ERROR com.intuit.karate - classpath:feature/AccountTag.feature:20
Then status 200
status code was: 403, expected: 200, response time in milliseconds: 149, url: https://apigw-st.telus.com/customer/contactCenterCustomerInfo/v1/account?ban=700102278, response: 
{"message":"Forbidden"}
classpath:feature/AccountTag.feature:20
13:04:51.016 [main] INFO com.intuit.karate - karate.env system property was: it01 
13:04:51.016 [main] INFO com.intuit.karate - clientId:52e80bfa-b42c-47d7-98b5-8bb87c926209 
13:04:51.016 [main] INFO com.intuit.karate - Current URL is : https://apigw-st.telus.com 
13:04:51.017 [main] INFO com.intuit.karate - Current Env is : it01 
13:04:51.022 [main] INFO com.intuit.karate - [print] eyJhbGciOiJSUzI1NiIsImtpZCI6ImNhZGZhMTYyLTU2YzEtNGRiOS1hNjNmLTYwZTM3NzIwMWJkZiIsInBpLmF0bSI6IjMifQ.eyJzY29wZSI6WyI0NzIwIl0sImF1dGhvcml6YXRpb25fZGV0YWlscyI6W10sImNsaWVudF9pZCI6IjUyZTgwYmZhLWI0MmMtNDdkNy05OGI1LThiYjg3YzkyNjIwOSIsImlzcyI6Imh0dHBzOi8vdGVhbXNzby1pdHMwNC50ZWx1cy5jb20iLCJhdWQiOiJrb25nIiwiaWF0IjoxNzIzMjIzMDg5LCJleHAiOjE3MjMyMjMzODl9.flESEmYyI_eCkBmzn54OkGfP2lAIxnyqs2XbjtABUAmEnkCOQe8uoiUdROg_nBCNsbluJLTMIyv2VQYcEFeVpzwJIN4AH00KC-3px8L7DRMcbbbRqgIOGamUVRjytKBt3cFR1XVCW32bLo_XlS6M0CPdsCtowSRRwenf6htGC3loiXiWZ8pxuYaJNnmQfuSN9rWpZNHc8y-eYDl0xm6EoEXQSfatP3EAxDBw6tgqlb5patcu_afyMqKiHha9IdISwDeMrqyfvgoAR4Sqhdy3Uxp_k_xzmM-XWElgzY0YfiUnRnIl01fsIz1UO7xaed3xVyVlwsYrq6nB9I57SYDk-A 
13:04:51.025 [main] DEBUG com.jayway.jsonpath.internal.path.CompiledPath - Evaluating path: $
13:04:51.031 [main] INFO com.intuit.karate - karate.env system property was: it01 
13:04:51.031 [main] INFO com.intuit.karate - clientId:52e80bfa-b42c-47d7-98b5-8bb87c926209 
13:04:51.033 [main] INFO com.intuit.karate - Current URL is : https://apigw-st.telus.com 
13:04:51.033 [main] INFO com.intuit.karate - Current Env is : it01 
13:04:51.036 [main] INFO com.intuit.karate - [print] eyJhbGciOiJSUzI1NiIsImtpZCI6ImNhZGZhMTYyLTU2YzEtNGRiOS1hNjNmLTYwZTM3NzIwMWJkZiIsInBpLmF0bSI6IjMifQ.eyJzY29wZSI6WyI0NzIwIl0sImF1dGhvcml6YXRpb25fZGV0YWlscyI6W10sImNsaWVudF9pZCI6IjUyZTgwYmZhLWI0MmMtNDdkNy05OGI1LThiYjg3YzkyNjIwOSIsImlzcyI6Imh0dHBzOi8vdGVhbXNzby1pdHMwNC50ZWx1cy5jb20iLCJhdWQiOiJrb25nIiwiaWF0IjoxNzIzMjIzMDg5LCJleHAiOjE3MjMyMjMzODl9.flESEmYyI_eCkBmzn54OkGfP2lAIxnyqs2XbjtABUAmEnkCOQe8uoiUdROg_nBCNsbluJLTMIyv2VQYcEFeVpzwJIN4AH00KC-3px8L7DRMcbbbRqgIOGamUVRjytKBt3cFR1XVCW32bLo_XlS6M0CPdsCtowSRRwenf6htGC3loiXiWZ8pxuYaJNnmQfuSN9rWpZNHc8y-eYDl0xm6EoEXQSfatP3EAxDBw6tgqlb5patcu_afyMqKiHha9IdISwDeMrqyfvgoAR4Sqhdy3Uxp_k_xzmM-XWElgzY0YfiUnRnIl01fsIz1UO7xaed3xVyVlwsYrq6nB9I57SYDk-A 
13:04:51.036 [main] DEBUG com.intuit.karate.core.ScenarioEngine - over-writing existing variable 'data_file1' with new value: 'shs_only_product.json'
13:04:51.036 [main] DEBUG com.intuit.karate.core.ScenarioEngine - over-writing existing variable 'data_file2' with new value: 'shs_fibre_product.json'
13:04:51.040 [main] DEBUG karate.org.apache.http.client.protocol.RequestAddCookies - CookieSpec selected: karate
13:04:51.040 [main] DEBUG karate.org.apache.http.client.protocol.RequestAuthCache - Auth cache not set in the context
13:04:51.040 [main] DEBUG com.intuit.karate - request:
1 > GET https://apigw-st.telus.com/customer/contactCenterCustomerInfo/v1/account?ban=603958444
1 > accept: application/json
1 > env: it01
1 > x-cloud-trace-context: karate-integration-test
1 > Authorization: Bearer eyJhbGciOiJSUzI1NiIsImtpZCI6ImNhZGZhMTYyLTU2YzEtNGRiOS1hNjNmLTYwZTM3NzIwMWJkZiIsInBpLmF0bSI6IjMifQ.eyJzY29wZSI6WyI0NzIwIl0sImF1dGhvcml6YXRpb25fZGV0YWlscyI6W10sImNsaWVudF9pZCI6IjUyZTgwYmZhLWI0MmMtNDdkNy05OGI1LThiYjg3YzkyNjIwOSIsImlzcyI6Imh0dHBzOi8vdGVhbXNzby1pdHMwNC50ZWx1cy5jb20iLCJhdWQiOiJrb25nIiwiaWF0IjoxNzIzMjIzMDg5LCJleHAiOjE3MjMyMjMzODl9.flESEmYyI_eCkBmzn54OkGfP2lAIxnyqs2XbjtABUAmEnkCOQe8uoiUdROg_nBCNsbluJLTMIyv2VQYcEFeVpzwJIN4AH00KC-3px8L7DRMcbbbRqgIOGamUVRjytKBt3cFR1XVCW32bLo_XlS6M0CPdsCtowSRRwenf6htGC3loiXiWZ8pxuYaJNnmQfuSN9rWpZNHc8y-eYDl0xm6EoEXQSfatP3EAxDBw6tgqlb5patcu_afyMqKiHha9IdISwDeMrqyfvgoAR4Sqhdy3Uxp_k_xzmM-XWElgzY0YfiUnRnIl01fsIz1UO7xaed3xVyVlwsYrq6nB9I57SYDk-A
1 > Host: apigw-st.telus.com
1 > Connection: Keep-Alive
1 > User-Agent: Apache-HttpClient/4.5.13 (Java/20.0.2)
1 > Accept-Encoding: gzip,deflate


13:04:51.040 [main] DEBUG karate.org.apache.http.impl.conn.PoolingHttpClientConnectionManager - Connection request: [route: {s}->https://apigw-st.telus.com:443][total available: 0; route allocated: 0 of 5; total allocated: 0 of 10]
13:04:51.041 [main] DEBUG karate.org.apache.http.impl.conn.PoolingHttpClientConnectionManager - Connection leased: [id: 6][route: {s}->https://apigw-st.telus.com:443][total available: 0; route allocated: 1 of 5; total allocated: 1 of 10]
13:04:51.041 [main] DEBUG karate.org.apache.http.impl.execchain.MainClientExec - Opening connection {s}->https://apigw-st.telus.com:443
13:04:51.041 [main] DEBUG karate.org.apache.http.impl.conn.DefaultHttpClientConnectionOperator - Connecting to apigw-st.telus.com/207.219.84.31:443
13:04:51.041 [main] DEBUG karate.org.apache.http.conn.ssl.LenientSslConnectionSocketFactory - Connecting socket to apigw-st.telus.com/207.219.84.31:443 with timeout 10000
13:04:51.097 [main] DEBUG karate.org.apache.http.conn.ssl.LenientSslConnectionSocketFactory - Enabled protocols: [TLSv1.3, TLSv1.2]
13:04:51.097 [main] DEBUG karate.org.apache.http.conn.ssl.LenientSslConnectionSocketFactory - Enabled cipher suites:[TLS_AES_256_GCM_SHA384, TLS_AES_128_GCM_SHA256, TLS_CHACHA20_POLY1305_SHA256, TLS_ECDHE_ECDSA_WITH_AES_256_GCM_SHA384, TLS_ECDHE_ECDSA_WITH_AES_128_GCM_SHA256, TLS_ECDHE_ECDSA_WITH_CHACHA20_POLY1305_SHA256, TLS_ECDHE_RSA_WITH_AES_256_GCM_SHA384, TLS_ECDHE_RSA_WITH_CHACHA20_POLY1305_SHA256, TLS_ECDHE_RSA_WITH_AES_128_GCM_SHA256, TLS_DHE_RSA_WITH_AES_256_GCM_SHA384, TLS_DHE_RSA_WITH_CHACHA20_POLY1305_SHA256, TLS_DHE_DSS_WITH_AES_256_GCM_SHA384, TLS_DHE_RSA_WITH_AES_128_GCM_SHA256, TLS_DHE_DSS_WITH_AES_128_GCM_SHA256, TLS_ECDHE_ECDSA_WITH_AES_256_CBC_SHA384, TLS_ECDHE_RSA_WITH_AES_256_CBC_SHA384, TLS_ECDHE_ECDSA_WITH_AES_128_CBC_SHA256, TLS_ECDHE_RSA_WITH_AES_128_CBC_SHA256, TLS_DHE_RSA_WITH_AES_256_CBC_SHA256, TLS_DHE_DSS_WITH_AES_256_CBC_SHA256, TLS_DHE_RSA_WITH_AES_128_CBC_SHA256, TLS_DHE_DSS_WITH_AES_128_CBC_SHA256, TLS_ECDHE_ECDSA_WITH_AES_256_CBC_SHA, TLS_ECDHE_RSA_WITH_AES_256_CBC_SHA, TLS_ECDHE_ECDSA_WITH_AES_128_CBC_SHA, TLS_ECDHE_RSA_WITH_AES_128_CBC_SHA, TLS_DHE_RSA_WITH_AES_256_CBC_SHA, TLS_DHE_DSS_WITH_AES_256_CBC_SHA, TLS_DHE_RSA_WITH_AES_128_CBC_SHA, TLS_DHE_DSS_WITH_AES_128_CBC_SHA, TLS_RSA_WITH_AES_256_GCM_SHA384, TLS_RSA_WITH_AES_128_GCM_SHA256, TLS_RSA_WITH_AES_256_CBC_SHA256, TLS_RSA_WITH_AES_128_CBC_SHA256, TLS_RSA_WITH_AES_256_CBC_SHA, TLS_RSA_WITH_AES_128_CBC_SHA, TLS_EMPTY_RENEGOTIATION_INFO_SCSV]
13:04:51.097 [main] DEBUG karate.org.apache.http.conn.ssl.LenientSslConnectionSocketFactory - Starting handshake
13:04:51.155 [main] DEBUG karate.org.apache.http.conn.ssl.LenientSslConnectionSocketFactory - Secure session established
13:04:51.156 [main] DEBUG karate.org.apache.http.conn.ssl.LenientSslConnectionSocketFactory -  negotiated protocol: TLSv1.3
13:04:51.156 [main] DEBUG karate.org.apache.http.conn.ssl.LenientSslConnectionSocketFactory -  negotiated cipher suite: TLS_AES_128_GCM_SHA256
13:04:51.156 [main] DEBUG karate.org.apache.http.conn.ssl.LenientSslConnectionSocketFactory -  peer principal: CN=apigw-soap-st.telus.com, O=TELUS Corp., L=Vancouver, ST=British Columbia, C=CA
13:04:51.156 [main] DEBUG karate.org.apache.http.conn.ssl.LenientSslConnectionSocketFactory -  peer alternative names: [apigw-soap-st.telus.com, apigw-st.telus.com, apigw-qidc-st.telus.com, apigw-kidc-st.telus.com, apigw-soap-qidc-st.telus.com, apigw-soap-kidc-st.telus.com]
13:04:51.156 [main] DEBUG karate.org.apache.http.conn.ssl.LenientSslConnectionSocketFactory -  issuer principal: CN=DigiCert Global G2 TLS RSA SHA256 2020 CA1, O=DigiCert Inc, C=US
13:04:51.156 [main] DEBUG karate.org.apache.http.impl.conn.DefaultHttpClientConnectionOperator - Connection established 192.168.1.65:54942<->207.219.84.31:443
13:04:51.156 [main] DEBUG karate.org.apache.http.impl.conn.DefaultManagedHttpClientConnection - http-outgoing-6: set socket timeout to 20000
13:04:51.156 [main] DEBUG karate.org.apache.http.impl.execchain.MainClientExec - Executing request GET /customer/contactCenterCustomerInfo/v1/account?ban=603958444 HTTP/1.1
13:04:51.156 [main] DEBUG karate.org.apache.http.impl.execchain.MainClientExec - Proxy auth state: UNCHALLENGED
13:04:51.157 [main] DEBUG karate.org.apache.http.headers - http-outgoing-6 >> GET /customer/contactCenterCustomerInfo/v1/account?ban=603958444 HTTP/1.1
13:04:51.157 [main] DEBUG karate.org.apache.http.headers - http-outgoing-6 >> accept: application/json
13:04:51.157 [main] DEBUG karate.org.apache.http.headers - http-outgoing-6 >> env: it01
13:04:51.157 [main] DEBUG karate.org.apache.http.headers - http-outgoing-6 >> x-cloud-trace-context: karate-integration-test
13:04:51.157 [main] DEBUG karate.org.apache.http.headers - http-outgoing-6 >> Authorization: Bearer eyJhbGciOiJSUzI1NiIsImtpZCI6ImNhZGZhMTYyLTU2YzEtNGRiOS1hNjNmLTYwZTM3NzIwMWJkZiIsInBpLmF0bSI6IjMifQ.eyJzY29wZSI6WyI0NzIwIl0sImF1dGhvcml6YXRpb25fZGV0YWlscyI6W10sImNsaWVudF9pZCI6IjUyZTgwYmZhLWI0MmMtNDdkNy05OGI1LThiYjg3YzkyNjIwOSIsImlzcyI6Imh0dHBzOi8vdGVhbXNzby1pdHMwNC50ZWx1cy5jb20iLCJhdWQiOiJrb25nIiwiaWF0IjoxNzIzMjIzMDg5LCJleHAiOjE3MjMyMjMzODl9.flESEmYyI_eCkBmzn54OkGfP2lAIxnyqs2XbjtABUAmEnkCOQe8uoiUdROg_nBCNsbluJLTMIyv2VQYcEFeVpzwJIN4AH00KC-3px8L7DRMcbbbRqgIOGamUVRjytKBt3cFR1XVCW32bLo_XlS6M0CPdsCtowSRRwenf6htGC3loiXiWZ8pxuYaJNnmQfuSN9rWpZNHc8y-eYDl0xm6EoEXQSfatP3EAxDBw6tgqlb5patcu_afyMqKiHha9IdISwDeMrqyfvgoAR4Sqhdy3Uxp_k_xzmM-XWElgzY0YfiUnRnIl01fsIz1UO7xaed3xVyVlwsYrq6nB9I57SYDk-A
13:04:51.157 [main] DEBUG karate.org.apache.http.headers - http-outgoing-6 >> Host: apigw-st.telus.com
13:04:51.157 [main] DEBUG karate.org.apache.http.headers - http-outgoing-6 >> Connection: Keep-Alive
13:04:51.157 [main] DEBUG karate.org.apache.http.headers - http-outgoing-6 >> User-Agent: Apache-HttpClient/4.5.13 (Java/20.0.2)
13:04:51.157 [main] DEBUG karate.org.apache.http.headers - http-outgoing-6 >> Accept-Encoding: gzip,deflate
13:04:51.157 [main] DEBUG karate.org.apache.http.wire - http-outgoing-6 >> "GET /customer/contactCenterCustomerInfo/v1/account?ban=603958444 HTTP/1.1[\r][\n]"
13:04:51.157 [main] DEBUG karate.org.apache.http.wire - http-outgoing-6 >> "accept: application/json[\r][\n]"
13:04:51.157 [main] DEBUG karate.org.apache.http.wire - http-outgoing-6 >> "env: it01[\r][\n]"
13:04:51.157 [main] DEBUG karate.org.apache.http.wire - http-outgoing-6 >> "x-cloud-trace-context: karate-integration-test[\r][\n]"
13:04:51.157 [main] DEBUG karate.org.apache.http.wire - http-outgoing-6 >> "Authorization: Bearer eyJhbGciOiJSUzI1NiIsImtpZCI6ImNhZGZhMTYyLTU2YzEtNGRiOS1hNjNmLTYwZTM3NzIwMWJkZiIsInBpLmF0bSI6IjMifQ.eyJzY29wZSI6WyI0NzIwIl0sImF1dGhvcml6YXRpb25fZGV0YWlscyI6W10sImNsaWVudF9pZCI6IjUyZTgwYmZhLWI0MmMtNDdkNy05OGI1LThiYjg3YzkyNjIwOSIsImlzcyI6Imh0dHBzOi8vdGVhbXNzby1pdHMwNC50ZWx1cy5jb20iLCJhdWQiOiJrb25nIiwiaWF0IjoxNzIzMjIzMDg5LCJleHAiOjE3MjMyMjMzODl9.flESEmYyI_eCkBmzn54OkGfP2lAIxnyqs2XbjtABUAmEnkCOQe8uoiUdROg_nBCNsbluJLTMIyv2VQYcEFeVpzwJIN4AH00KC-3px8L7DRMcbbbRqgIOGamUVRjytKBt3cFR1XVCW32bLo_XlS6M0CPdsCtowSRRwenf6htGC3loiXiWZ8pxuYaJNnmQfuSN9rWpZNHc8y-eYDl0xm6EoEXQSfatP3EAxDBw6tgqlb5patcu_afyMqKiHha9IdISwDeMrqyfvgoAR4Sqhdy3Uxp_k_xzmM-XWElgzY0YfiUnRnIl01fsIz1UO7xaed3xVyVlwsYrq6nB9I57SYDk-A[\r][\n]"
13:04:51.157 [main] DEBUG karate.org.apache.http.wire - http-outgoing-6 >> "Host: apigw-st.telus.com[\r][\n]"
13:04:51.157 [main] DEBUG karate.org.apache.http.wire - http-outgoing-6 >> "Connection: Keep-Alive[\r][\n]"
13:04:51.157 [main] DEBUG karate.org.apache.http.wire - http-outgoing-6 >> "User-Agent: Apache-HttpClient/4.5.13 (Java/20.0.2)[\r][\n]"
13:04:51.157 [main] DEBUG karate.org.apache.http.wire - http-outgoing-6 >> "Accept-Encoding: gzip,deflate[\r][\n]"
13:04:51.157 [main] DEBUG karate.org.apache.http.wire - http-outgoing-6 >> "[\r][\n]"
13:04:51.207 [main] DEBUG karate.org.apache.http.wire - http-outgoing-6 << "HTTP/1.1 403 Forbidden[\r][\n]"
13:04:51.207 [main] DEBUG karate.org.apache.http.wire - http-outgoing-6 << "Content-Type: application/json; charset=utf-8[\r][\n]"
13:04:51.207 [main] DEBUG karate.org.apache.http.wire - http-outgoing-6 << "Content-Length: 23[\r][\n]"
13:04:51.207 [main] DEBUG karate.org.apache.http.wire - http-outgoing-6 << "Connection: keep-alive[\r][\n]"
13:04:51.207 [main] DEBUG karate.org.apache.http.wire - http-outgoing-6 << "Date: Fri, 09 Aug 2024 17:04:51 GMT[\r][\n]"
13:04:51.207 [main] DEBUG karate.org.apache.http.wire - http-outgoing-6 << "WWW-Authenticate: Bearer realm="teamsso-its04.telus.com", error="insufficient_scope"[\r][\n]"
13:04:51.207 [main] DEBUG karate.org.apache.http.wire - http-outgoing-6 << "Kong-Request-ID: eb6f4909-f352-4285-b4d5-4bac0431873c#182303[\r][\n]"
13:04:51.207 [main] DEBUG karate.org.apache.http.wire - http-outgoing-6 << "vary: Origin[\r][\n]"
13:04:51.207 [main] DEBUG karate.org.apache.http.wire - http-outgoing-6 << "X-Kong-Response-Latency: 2[\r][\n]"
13:04:51.207 [main] DEBUG karate.org.apache.http.wire - http-outgoing-6 << "Server: kong/3.4.3.11-enterprise-edition[\r][\n]"
13:04:51.207 [main] DEBUG karate.org.apache.http.wire - http-outgoing-6 << "X-Kong-Request-Id: deb5735d109a4d00530d7a1a9e34d578[\r][\n]"
13:04:51.207 [main] DEBUG karate.org.apache.http.wire - http-outgoing-6 << "vary: Origin[\r][\n]"
13:04:51.207 [main] DEBUG karate.org.apache.http.wire - http-outgoing-6 << "X-Kong-Upstream-Latency: 7[\r][\n]"
13:04:51.207 [main] DEBUG karate.org.apache.http.wire - http-outgoing-6 << "X-Kong-Proxy-Latency: 1[\r][\n]"
13:04:51.207 [main] DEBUG karate.org.apache.http.wire - http-outgoing-6 << "Via: kong/3.4.3.11-enterprise-edition[\r][\n]"
13:04:51.207 [main] DEBUG karate.org.apache.http.wire - http-outgoing-6 << "[\r][\n]"
13:04:51.207 [main] DEBUG karate.org.apache.http.wire - http-outgoing-6 << "{"message":"Forbidden"}"
13:04:51.207 [main] DEBUG karate.org.apache.http.headers - http-outgoing-6 << HTTP/1.1 403 Forbidden
13:04:51.207 [main] DEBUG karate.org.apache.http.headers - http-outgoing-6 << Content-Type: application/json; charset=utf-8
13:04:51.207 [main] DEBUG karate.org.apache.http.headers - http-outgoing-6 << Content-Length: 23
13:04:51.207 [main] DEBUG karate.org.apache.http.headers - http-outgoing-6 << Connection: keep-alive
13:04:51.207 [main] DEBUG karate.org.apache.http.headers - http-outgoing-6 << Date: Fri, 09 Aug 2024 17:04:51 GMT
13:04:51.207 [main] DEBUG karate.org.apache.http.headers - http-outgoing-6 << WWW-Authenticate: Bearer realm="teamsso-its04.telus.com", error="insufficient_scope"
13:04:51.207 [main] DEBUG karate.org.apache.http.headers - http-outgoing-6 << Kong-Request-ID: eb6f4909-f352-4285-b4d5-4bac0431873c#182303
13:04:51.207 [main] DEBUG karate.org.apache.http.headers - http-outgoing-6 << vary: Origin
13:04:51.207 [main] DEBUG karate.org.apache.http.headers - http-outgoing-6 << X-Kong-Response-Latency: 2
13:04:51.207 [main] DEBUG karate.org.apache.http.headers - http-outgoing-6 << Server: kong/3.4.3.11-enterprise-edition
13:04:51.207 [main] DEBUG karate.org.apache.http.headers - http-outgoing-6 << X-Kong-Request-Id: deb5735d109a4d00530d7a1a9e34d578
13:04:51.207 [main] DEBUG karate.org.apache.http.headers - http-outgoing-6 << vary: Origin
13:04:51.207 [main] DEBUG karate.org.apache.http.headers - http-outgoing-6 << X-Kong-Upstream-Latency: 7
13:04:51.207 [main] DEBUG karate.org.apache.http.headers - http-outgoing-6 << X-Kong-Proxy-Latency: 1
13:04:51.207 [main] DEBUG karate.org.apache.http.headers - http-outgoing-6 << Via: kong/3.4.3.11-enterprise-edition
13:04:51.207 [main] DEBUG karate.org.apache.http.impl.execchain.MainClientExec - Connection can be kept alive indefinitely
13:04:51.208 [main] DEBUG karate.org.apache.http.impl.conn.PoolingHttpClientConnectionManager - Connection [id: 6][route: {s}->https://apigw-st.telus.com:443] can be kept alive indefinitely
13:04:51.208 [main] DEBUG karate.org.apache.http.impl.conn.DefaultManagedHttpClientConnection - http-outgoing-6: set socket timeout to 0
13:04:51.208 [main] DEBUG karate.org.apache.http.impl.conn.PoolingHttpClientConnectionManager - Connection released: [id: 6][route: {s}->https://apigw-st.telus.com:443][total available: 1; route allocated: 1 of 5; total allocated: 1 of 10]
13:04:51.208 [main] DEBUG com.intuit.karate - response time in milliseconds: 168
1 < 403
1 < Content-Type: application/json; charset=utf-8
1 < Content-Length: 23
1 < Connection: keep-alive
1 < Date: Fri, 09 Aug 2024 17:04:51 GMT
1 < WWW-Authenticate: Bearer realm="teamsso-its04.telus.com", error="insufficient_scope"
1 < Kong-Request-ID: eb6f4909-f352-4285-b4d5-4bac0431873c#182303
1 < vary: Origin
1 < vary: Origin
1 < X-Kong-Response-Latency: 2
1 < Server: kong/3.4.3.11-enterprise-edition
1 < X-Kong-Request-Id: deb5735d109a4d00530d7a1a9e34d578
1 < X-Kong-Upstream-Latency: 7
1 < X-Kong-Proxy-Latency: 1
1 < Via: kong/3.4.3.11-enterprise-edition
{"message":"Forbidden"}
13:04:51.209 [main] ERROR com.intuit.karate - classpath:feature/AccountTag.feature:32
Then status 200
status code was: 403, expected: 200, response time in milliseconds: 168, url: https://apigw-st.telus.com/customer/contactCenterCustomerInfo/v1/account?ban=603958444, response: 
{"message":"Forbidden"}
classpath:feature/AccountTag.feature:32
13:04:51.254 [main] DEBUG karate.org.thymeleaf.TemplateEngine - [THYMELEAF] INITIALIZING TEMPLATE ENGINE
13:04:51.275 [main] DEBUG karate.org.thymeleaf.TemplateEngine.CONFIG - Initializing Thymeleaf Template engine configuration...
[THYMELEAF] TEMPLATE ENGINE CONFIGURATION:
[THYMELEAF] * Thymeleaf version: 3.0.12.RELEASE (built 2020-12-21T00:26:28+0000)
[THYMELEAF] * Cache Manager implementation: karate.org.thymeleaf.cache.StandardCacheManager
[THYMELEAF] * Template resolvers:
[THYMELEAF]     * [1] com.intuit.karate.template.ResourceHtmlTemplateResolver
[THYMELEAF] * Message resolvers:
[THYMELEAF]     * karate.org.thymeleaf.messageresolver.StandardMessageResolver
[THYMELEAF] * Link builders:
[THYMELEAF]     * karate.org.thymeleaf.linkbuilder.StandardLinkBuilder
[THYMELEAF] * Dialect [1 of 2]: Standard (com.intuit.karate.template.KarateStandardDialect)
[THYMELEAF]     * Prefix: "th"
[THYMELEAF]     * Processors for Template Mode: HTML
[THYMELEAF]         * Element Tag Processors by [matching element and attribute name] [precedence]:
[THYMELEAF]             * [* {th:include,data-th-include}] [100]: karate.org.thymeleaf.standard.processor.StandardIncludeTagProcessor
[THYMELEAF]             * [* {th:insert,data-th-insert}] [100]: karate.org.thymeleaf.standard.processor.StandardInsertTagProcessor
[THYMELEAF]             * [* {th:replace,data-th-replace}] [100]: karate.org.thymeleaf.standard.processor.StandardReplaceTagProcessor
[THYMELEAF]             * [* {th:substituteby,data-th-substituteby}] [100]: karate.org.thymeleaf.standard.processor.StandardSubstituteByTagProcessor
[THYMELEAF]             * [* {th:each,data-th-each}] [200]: com.intuit.karate.template.KarateEachTagProcessor
[THYMELEAF]             * [* {th:switch,data-th-switch}] [250]: karate.org.thymeleaf.standard.processor.StandardSwitchTagProcessor
[THYMELEAF]             * [* {th:case,data-th-case}] [275]: karate.org.thymeleaf.standard.processor.StandardCaseTagProcessor
[THYMELEAF]             * [* {th:if,data-th-if}] [300]: karate.org.thymeleaf.standard.processor.StandardIfTagProcessor
[THYMELEAF]             * [* {th:unless,data-th-unless}] [400]: karate.org.thymeleaf.standard.processor.StandardUnlessTagProcessor
[THYMELEAF]             * [* {th:object,data-th-object}] [500]: karate.org.thymeleaf.standard.processor.StandardObjectTagProcessor
[THYMELEAF]             * [* {th:with,data-th-with}] [600]: com.intuit.karate.template.KarateWithTagProcessor
[THYMELEAF]             * [* {th:attr,data-th-attr}] [700]: com.intuit.karate.template.KarateAttributeTagProcessor.KarateAttrTagProcessor
[THYMELEAF]             * [* {th:attrappend,data-th-attrappend}] [900]: com.intuit.karate.template.KarateAttributeTagProcessor.KarateAttrappendTagProcessor
[THYMELEAF]             * [* {th:attrprepend,data-th-attrprepend}] [900]: com.intuit.karate.template.KarateAttributeTagProcessor.KarateAttrprependTagProcessor
[THYMELEAF]             * [* {th:alt-title,data-th-alt-title}] [990]: karate.org.thymeleaf.standard.processor.StandardAltTitleTagProcessor
[THYMELEAF]             * [* {th:lang-xmllang,data-th-lang-xmllang}] [990]: karate.org.thymeleaf.standard.processor.StandardLangXmlLangTagProcessor
[THYMELEAF]             * [* {th:action,data-th-action}] [1000]: karate.org.thymeleaf.standard.processor.StandardActionTagProcessor
[THYMELEAF]             * [* {th:multiple,data-th-multiple}] [1000]: karate.org.thymeleaf.standard.processor.StandardConditionalFixedValueTagProcessor
[THYMELEAF]             * [* {th:ismap,data-th-ismap}] [1000]: karate.org.thymeleaf.standard.processor.StandardConditionalFixedValueTagProcessor
[THYMELEAF]             * [* {th:defer,data-th-defer}] [1000]: karate.org.thymeleaf.standard.processor.StandardConditionalFixedValueTagProcessor
[THYMELEAF]             * [* {th:controls,data-th-controls}] [1000]: karate.org.thymeleaf.standard.processor.StandardConditionalFixedValueTagProcessor
[THYMELEAF]             * [* {th:autoplay,data-th-autoplay}] [1000]: karate.org.thymeleaf.standard.processor.StandardConditionalFixedValueTagProcessor
[THYMELEAF]             * [* {th:default,data-th-default}] [1000]: karate.org.thymeleaf.standard.processor.StandardConditionalFixedValueTagProcessor
[THYMELEAF]             * [* {th:disabled,data-th-disabled}] [1000]: karate.org.thymeleaf.standard.processor.StandardConditionalFixedValueTagProcessor
[THYMELEAF]             * [* {th:selected,data-th-selected}] [1000]: karate.org.thymeleaf.standard.processor.StandardConditionalFixedValueTagProcessor
[THYMELEAF]             * [* {th:async,data-th-async}] [1000]: karate.org.thymeleaf.standard.processor.StandardConditionalFixedValueTagProcessor
[THYMELEAF]             * [* {th:nowrap,data-th-nowrap}] [1000]: karate.org.thymeleaf.standard.processor.StandardConditionalFixedValueTagProcessor
[THYMELEAF]             * [* {th:formnovalidate,data-th-formnovalidate}] [1000]: karate.org.thymeleaf.standard.processor.StandardConditionalFixedValueTagProcessor
[THYMELEAF]             * [* {th:loop,data-th-loop}] [1000]: karate.org.thymeleaf.standard.processor.StandardConditionalFixedValueTagProcessor
[THYMELEAF]             * [* {th:checked,data-th-checked}] [1000]: karate.org.thymeleaf.standard.processor.StandardConditionalFixedValueTagProcessor
[THYMELEAF]             * [* {th:autofocus,data-th-autofocus}] [1000]: karate.org.thymeleaf.standard.processor.StandardConditionalFixedValueTagProcessor
[THYMELEAF]             * [* {th:hidden,data-th-hidden}] [1000]: karate.org.thymeleaf.standard.processor.StandardConditionalFixedValueTagProcessor
[THYMELEAF]             * [* {th:open,data-th-open}] [1000]: karate.org.thymeleaf.standard.processor.StandardConditionalFixedValueTagProcessor
[THYMELEAF]             * [* {th:declare,data-th-declare}] [1000]: karate.org.thymeleaf.standard.processor.StandardConditionalFixedValueTagProcessor
[THYMELEAF]             * [* {th:scoped,data-th-scoped}] [1000]: karate.org.thymeleaf.standard.processor.StandardConditionalFixedValueTagProcessor
[THYMELEAF]             * [* {th:reversed,data-th-reversed}] [1000]: karate.org.thymeleaf.standard.processor.StandardConditionalFixedValueTagProcessor
[THYMELEAF]             * [* {th:pubdate,data-th-pubdate}] [1000]: karate.org.thymeleaf.standard.processor.StandardConditionalFixedValueTagProcessor
[THYMELEAF]             * [* {th:novalidate,data-th-novalidate}] [1000]: karate.org.thymeleaf.standard.processor.StandardConditionalFixedValueTagProcessor
[THYMELEAF]             * [* {th:readonly,data-th-readonly}] [1000]: karate.org.thymeleaf.standard.processor.StandardConditionalFixedValueTagProcessor
[THYMELEAF]             * [* {th:required,data-th-required}] [1000]: karate.org.thymeleaf.standard.processor.StandardConditionalFixedValueTagProcessor
[THYMELEAF]             * [* {th:seamless,data-th-seamless}] [1000]: karate.org.thymeleaf.standard.processor.StandardConditionalFixedValueTagProcessor
[THYMELEAF]             * [* {th:onseeking,data-th-onseeking}] [1000]: karate.org.thymeleaf.standard.processor.StandardDOMEventAttributeTagProcessor
[THYMELEAF]             * [* {th:ondragenter,data-th-ondragenter}] [1000]: karate.org.thymeleaf.standard.processor.StandardDOMEventAttributeTagProcessor
[THYMELEAF]             * [* {th:ondragleave,data-th-ondragleave}] [1000]: karate.org.thymeleaf.standard.processor.StandardDOMEventAttributeTagProcessor
[THYMELEAF]             * [* {th:oninvalid,data-th-oninvalid}] [1000]: karate.org.thymeleaf.standard.processor.StandardDOMEventAttributeTagProcessor
[THYMELEAF]             * [* {th:onkeyup,data-th-onkeyup}] [1000]: karate.org.thymeleaf.standard.processor.StandardDOMEventAttributeTagProcessor
[THYMELEAF]             * [* {th:onpopstate,data-th-onpopstate}] [1000]: karate.org.thymeleaf.standard.processor.StandardDOMEventAttributeTagProcessor
[THYMELEAF]             * [* {th:onloadedmetadata,data-th-onloadedmetadata}] [1000]: karate.org.thymeleaf.standard.processor.StandardDOMEventAttributeTagProcessor
[THYMELEAF]             * [* {th:onloadstart,data-th-onloadstart}] [1000]: karate.org.thymeleaf.standard.processor.StandardDOMEventAttributeTagProcessor
[THYMELEAF]             * [* {th:oncontextmenu,data-th-oncontextmenu}] [1000]: karate.org.thymeleaf.standard.processor.StandardDOMEventAttributeTagProcessor
[THYMELEAF]             * [* {th:onoffline,data-th-onoffline}] [1000]: karate.org.thymeleaf.standard.processor.StandardDOMEventAttributeTagProcessor
[THYMELEAF]             * [* {th:onerror,data-th-onerror}] [1000]: karate.org.thymeleaf.standard.processor.StandardDOMEventAttributeTagProcessor
[THYMELEAF]             * [* {th:onshow,data-th-onshow}] [1000]: karate.org.thymeleaf.standard.processor.StandardDOMEventAttributeTagProcessor
[THYMELEAF]             * [* {th:onplaying,data-th-onplaying}] [1000]: karate.org.thymeleaf.standard.processor.StandardDOMEventAttributeTagProcessor
[THYMELEAF]             * [* {th:onforminput,data-th-onforminput}] [1000]: karate.org.thymeleaf.standard.processor.StandardDOMEventAttributeTagProcessor
[THYMELEAF]             * [* {th:ondrag,data-th-ondrag}] [1000]: karate.org.thymeleaf.standard.processor.StandardDOMEventAttributeTagProcessor
[THYMELEAF]             * [* {th:onload,data-th-onload}] [1000]: karate.org.thymeleaf.standard.processor.StandardDOMEventAttributeTagProcessor
[THYMELEAF]             * [* {th:onwaiting,data-th-onwaiting}] [1000]: karate.org.thymeleaf.standard.processor.StandardDOMEventAttributeTagProcessor
[THYMELEAF]             * [* {th:onunload,data-th-onunload}] [1000]: karate.org.thymeleaf.standard.processor.StandardDOMEventAttributeTagProcessor
[THYMELEAF]             * [* {th:onbeforeunload,data-th-onbeforeunload}] [1000]: karate.org.thymeleaf.standard.processor.StandardDOMEventAttributeTagProcessor
[THYMELEAF]             * [* {th:onloadeddata,data-th-onloadeddata}] [1000]: karate.org.thymeleaf.standard.processor.StandardDOMEventAttributeTagProcessor
[THYMELEAF]             * [* {th:ondblclick,data-th-ondblclick}] [1000]: karate.org.thymeleaf.standard.processor.StandardDOMEventAttributeTagProcessor
[THYMELEAF]             * [* {th:onmouseover,data-th-onmouseover}] [1000]: karate.org.thymeleaf.standard.processor.StandardDOMEventAttributeTagProcessor
[THYMELEAF]             * [* {th:onmousedown,data-th-onmousedown}] [1000]: karate.org.thymeleaf.standard.processor.StandardDOMEventAttributeTagProcessor
[THYMELEAF]             * [* {th:onsubmit,data-th-onsubmit}] [1000]: karate.org.thymeleaf.standard.processor.StandardDOMEventAttributeTagProcessor
[THYMELEAF]             * [* {th:onkeydown,data-th-onkeydown}] [1000]: karate.org.thymeleaf.standard.processor.StandardDOMEventAttributeTagProcessor
[THYMELEAF]             * [* {th:onresize,data-th-onresize}] [1000]: karate.org.thymeleaf.standard.processor.StandardDOMEventAttributeTagProcessor
[THYMELEAF]             * [* {th:onafterprint,data-th-onafterprint}] [1000]: karate.org.thymeleaf.standard.processor.StandardDOMEventAttributeTagProcessor
[THYMELEAF]             * [* {th:ondrop,data-th-ondrop}] [1000]: karate.org.thymeleaf.standard.processor.StandardDOMEventAttributeTagProcessor
[THYMELEAF]             * [* {th:onplay,data-th-onplay}] [1000]: karate.org.thymeleaf.standard.processor.StandardDOMEventAttributeTagProcessor
[THYMELEAF]             * [* {th:oninput,data-th-oninput}] [1000]: karate.org.thymeleaf.standard.processor.StandardDOMEventAttributeTagProcessor
[THYMELEAF]             * [* {th:onreset,data-th-onreset}] [1000]: karate.org.thymeleaf.standard.processor.StandardDOMEventAttributeTagProcessor
[THYMELEAF]             * [* {th:onratechange,data-th-onratechange}] [1000]: karate.org.thymeleaf.standard.processor.StandardDOMEventAttributeTagProcessor
[THYMELEAF]             * [* {th:onchange,data-th-onchange}] [1000]: karate.org.thymeleaf.standard.processor.StandardDOMEventAttributeTagProcessor
[THYMELEAF]             * [* {th:onmouseup,data-th-onmouseup}] [1000]: karate.org.thymeleaf.standard.processor.StandardDOMEventAttributeTagProcessor
[THYMELEAF]             * [* {th:onmouseout,data-th-onmouseout}] [1000]: karate.org.thymeleaf.standard.processor.StandardDOMEventAttributeTagProcessor
[THYMELEAF]             * [* {th:onselect,data-th-onselect}] [1000]: karate.org.thymeleaf.standard.processor.StandardDOMEventAttributeTagProcessor
[THYMELEAF]             * [* {th:onkeypress,data-th-onkeypress}] [1000]: karate.org.thymeleaf.standard.processor.StandardDOMEventAttributeTagProcessor
[THYMELEAF]             * [* {th:oncanplay,data-th-oncanplay}] [1000]: karate.org.thymeleaf.standard.processor.StandardDOMEventAttributeTagProcessor
[THYMELEAF]             * [* {th:onseeked,data-th-onseeked}] [1000]: karate.org.thymeleaf.standard.processor.StandardDOMEventAttributeTagProcessor
[THYMELEAF]             * [* {th:onformchange,data-th-onformchange}] [1000]: karate.org.thymeleaf.standard.processor.StandardDOMEventAttributeTagProcessor
[THYMELEAF]             * [* {th:onended,data-th-onended}] [1000]: karate.org.thymeleaf.standard.processor.StandardDOMEventAttributeTagProcessor
[THYMELEAF]             * [* {th:onhashchange,data-th-onhashchange}] [1000]: karate.org.thymeleaf.standard.processor.StandardDOMEventAttributeTagProcessor
[THYMELEAF]             * [* {th:onblur,data-th-onblur}] [1000]: karate.org.thymeleaf.standard.processor.StandardDOMEventAttributeTagProcessor
[THYMELEAF]             * [* {th:oncanplaythrough,data-th-oncanplaythrough}] [1000]: karate.org.thymeleaf.standard.processor.StandardDOMEventAttributeTagProcessor
[THYMELEAF]             * [* {th:onprogress,data-th-onprogress}] [1000]: karate.org.thymeleaf.standard.processor.StandardDOMEventAttributeTagProcessor
[THYMELEAF]             * [* {th:onfocus,data-th-onfocus}] [1000]: karate.org.thymeleaf.standard.processor.StandardDOMEventAttributeTagProcessor
[THYMELEAF]             * [* {th:onpause,data-th-onpause}] [1000]: karate.org.thymeleaf.standard.processor.StandardDOMEventAttributeTagProcessor
[THYMELEAF]             * [* {th:onreadystatechange,data-th-onreadystatechange}] [1000]: karate.org.thymeleaf.standard.processor.StandardDOMEventAttributeTagProcessor
[THYMELEAF]             * [* {th:ondragstart,data-th-ondragstart}] [1000]: karate.org.thymeleaf.standard.processor.StandardDOMEventAttributeTagProcessor
[THYMELEAF]             * [* {th:ondragover,data-th-ondragover}] [1000]: karate.org.thymeleaf.standard.processor.StandardDOMEventAttributeTagProcessor
[THYMELEAF]             * [* {th:onmousewheel,data-th-onmousewheel}] [1000]: karate.org.thymeleaf.standard.processor.StandardDOMEventAttributeTagProcessor
[THYMELEAF]             * [* {th:onabort,data-th-onabort}] [1000]: karate.org.thymeleaf.standard.processor.StandardDOMEventAttributeTagProcessor
[THYMELEAF]             * [* {th:onsuspend,data-th-onsuspend}] [1000]: karate.org.thymeleaf.standard.processor.StandardDOMEventAttributeTagProcessor
[THYMELEAF]             * [* {th:onemptied,data-th-onemptied}] [1000]: karate.org.thymeleaf.standard.processor.StandardDOMEventAttributeTagProcessor
[THYMELEAF]             * [* {th:onscroll,data-th-onscroll}] [1000]: karate.org.thymeleaf.standard.processor.StandardDOMEventAttributeTagProcessor
[THYMELEAF]             * [* {th:onstorage,data-th-onstorage}] [1000]: karate.org.thymeleaf.standard.processor.StandardDOMEventAttributeTagProcessor
[THYMELEAF]             * [* {th:ontimeupdate,data-th-ontimeupdate}] [1000]: karate.org.thymeleaf.standard.processor.StandardDOMEventAttributeTagProcessor
[THYMELEAF]             * [* {th:onclick,data-th-onclick}] [1000]: karate.org.thymeleaf.standard.processor.StandardDOMEventAttributeTagProcessor
[THYMELEAF]             * [* {th:ononline,data-th-ononline}] [1000]: karate.org.thymeleaf.standard.processor.StandardDOMEventAttributeTagProcessor
[THYMELEAF]             * [* {th:onbeforeprint,data-th-onbeforeprint}] [1000]: karate.org.thymeleaf.standard.processor.StandardDOMEventAttributeTagProcessor
[THYMELEAF]             * [* {th:onstalled,data-th-onstalled}] [1000]: karate.org.thymeleaf.standard.processor.StandardDOMEventAttributeTagProcessor
[THYMELEAF]             * [* {th:ondurationchange,data-th-ondurationchange}] [1000]: karate.org.thymeleaf.standard.processor.StandardDOMEventAttributeTagProcessor
[THYMELEAF]             * [* {th:onundo,data-th-onundo}] [1000]: karate.org.thymeleaf.standard.processor.StandardDOMEventAttributeTagProcessor
[THYMELEAF]             * [* {th:onmessage,data-th-onmessage}] [1000]: karate.org.thymeleaf.standard.processor.StandardDOMEventAttributeTagProcessor
[THYMELEAF]             * [* {th:ondragend,data-th-ondragend}] [1000]: karate.org.thymeleaf.standard.processor.StandardDOMEventAttributeTagProcessor
[THYMELEAF]             * [* {th:onvolumechange,data-th-onvolumechange}] [1000]: karate.org.thymeleaf.standard.processor.StandardDOMEventAttributeTagProcessor
[THYMELEAF]             * [* {th:onmousemove,data-th-onmousemove}] [1000]: karate.org.thymeleaf.standard.processor.StandardDOMEventAttributeTagProcessor
[THYMELEAF]             * [* {th:onredo,data-th-onredo}] [1000]: karate.org.thymeleaf.standard.processor.StandardDOMEventAttributeTagProcessor
[THYMELEAF]             * [* {th:href,data-th-href}] [1000]: karate.org.thymeleaf.standard.processor.StandardHrefTagProcessor
[THYMELEAF]             * [* {th:inline,data-th-inline}] [1000]: karate.org.thymeleaf.standard.processor.StandardInlineHTMLTagProcessor
[THYMELEAF]             * [* {th:method,data-th-method}] [1000]: karate.org.thymeleaf.standard.processor.StandardMethodTagProcessor
[THYMELEAF]             * [* {th:type,data-th-type}] [1000]: karate.org.thymeleaf.standard.processor.StandardNonRemovableAttributeTagProcessor
[THYMELEAF]             * [* {th:name,data-th-name}] [1000]: karate.org.thymeleaf.standard.processor.StandardNonRemovableAttributeTagProcessor
[THYMELEAF]             * [* {th:dir,data-th-dir}] [1000]: karate.org.thymeleaf.standard.processor.StandardRemovableAttributeTagProcessor
[THYMELEAF]             * [* {th:accept-charset,data-th-accept-charset}] [1000]: karate.org.thymeleaf.standard.processor.StandardRemovableAttributeTagProcessor
[THYMELEAF]             * [* {th:width,data-th-width}] [1000]: karate.org.thymeleaf.standard.processor.StandardRemovableAttributeTagProcessor
[THYMELEAF]             * [* {th:cols,data-th-cols}] [1000]: karate.org.thymeleaf.standard.processor.StandardRemovableAttributeTagProcessor
[THYMELEAF]             * [* {th:contenteditable,data-th-contenteditable}] [1000]: karate.org.thymeleaf.standard.processor.StandardRemovableAttributeTagProcessor
[THYMELEAF]             * [* {th:pattern,data-th-pattern}] [1000]: karate.org.thymeleaf.standard.processor.StandardRemovableAttributeTagProcessor
[THYMELEAF]             * [* {th:media,data-th-media}] [1000]: karate.org.thymeleaf.standard.processor.StandardRemovableAttributeTagProcessor
[THYMELEAF]             * [* {th:border,data-th-border}] [1000]: karate.org.thymeleaf.standard.processor.StandardRemovableAttributeTagProcessor
[THYMELEAF]             * [* {th:lang,data-th-lang}] [1000]: karate.org.thymeleaf.standard.processor.StandardRemovableAttributeTagProcessor
[THYMELEAF]             * [* {th:summary,data-th-summary}] [1000]: karate.org.thymeleaf.standard.processor.StandardRemovableAttributeTagProcessor
[THYMELEAF]             * [* {th:valuetype,data-th-valuetype}] [1000]: karate.org.thymeleaf.standard.processor.StandardRemovableAttributeTagProcessor
[THYMELEAF]             * [* {th:for,data-th-for}] [1000]: karate.org.thymeleaf.standard.processor.StandardRemovableAttributeTagProcessor
[THYMELEAF]             * [* {th:draggable,data-th-draggable}] [1000]: karate.org.thymeleaf.standard.processor.StandardRemovableAttributeTagProcessor
[THYMELEAF]             * [* {th:tabindex,data-th-tabindex}] [1000]: karate.org.thymeleaf.standard.processor.StandardRemovableAttributeTagProcessor
[THYMELEAF]             * [* {th:charset,data-th-charset}] [1000]: karate.org.thymeleaf.standard.processor.StandardRemovableAttributeTagProcessor
[THYMELEAF]             * [* {th:alt,data-th-alt}] [1000]: karate.org.thymeleaf.standard.processor.StandardRemovableAttributeTagProcessor
[THYMELEAF]             * [* {th:codebase,data-th-codebase}] [1000]: karate.org.thymeleaf.standard.processor.StandardRemovableAttributeTagProcessor
[THYMELEAF]             * [* {th:challenge,data-th-challenge}] [1000]: karate.org.thymeleaf.standard.processor.StandardRemovableAttributeTagProcessor
[THYMELEAF]             * [* {th:compact,data-th-compact}] [1000]: karate.org.thymeleaf.standard.processor.StandardRemovableAttributeTagProcessor
[THYMELEAF]             * [* {th:bgcolor,data-th-bgcolor}] [1000]: karate.org.thymeleaf.standard.processor.StandardRemovableAttributeTagProcessor
[THYMELEAF]             * [* {th:optimum,data-th-optimum}] [1000]: karate.org.thymeleaf.standard.processor.StandardRemovableAttributeTagProcessor
[THYMELEAF]             * [* {th:contextmenu,data-th-contextmenu}] [1000]: karate.org.thymeleaf.standard.processor.StandardRemovableAttributeTagProcessor
[THYMELEAF]             * [* {th:abbr,data-th-abbr}] [1000]: karate.org.thymeleaf.standard.processor.StandardRemovableAttributeTagProcessor
[THYMELEAF]             * [* {th:min,data-th-min}] [1000]: karate.org.thymeleaf.standard.processor.StandardRemovableAttributeTagProcessor
[THYMELEAF]             * [* {th:rev,data-th-rev}] [1000]: karate.org.thymeleaf.standard.processor.StandardRemovableAttributeTagProcessor
[THYMELEAF]             * [* {th:preload,data-th-preload}] [1000]: karate.org.thymeleaf.standard.processor.StandardRemovableAttributeTagProcessor
[THYMELEAF]             * [* {th:keytype,data-th-keytype}] [1000]: karate.org.thymeleaf.standard.processor.StandardRemovableAttributeTagProcessor
[THYMELEAF]             * [* {th:rowspan,data-th-rowspan}] [1000]: karate.org.thymeleaf.standard.processor.StandardRemovableAttributeTagProcessor
[THYMELEAF]             * [* {th:low,data-th-low}] [1000]: karate.org.thymeleaf.standard.processor.StandardRemovableAttributeTagProcessor
[THYMELEAF]             * [* {th:scheme,data-th-scheme}] [1000]: karate.org.thymeleaf.standard.processor.StandardRemovableAttributeTagProcessor
[THYMELEAF]             * [* {th:maxlength,data-th-maxlength}] [1000]: karate.org.thymeleaf.standard.processor.StandardRemovableAttributeTagProcessor
[THYMELEAF]             * [* {th:scope,data-th-scope}] [1000]: karate.org.thymeleaf.standard.processor.StandardRemovableAttributeTagProcessor
[THYMELEAF]             * [* {th:rules,data-th-rules}] [1000]: karate.org.thymeleaf.standard.processor.StandardRemovableAttributeTagProcessor
[THYMELEAF]             * [* {th:cite,data-th-cite}] [1000]: karate.org.thymeleaf.standard.processor.StandardRemovableAttributeTagProcessor
[THYMELEAF]             * [* {th:formtarget,data-th-formtarget}] [1000]: karate.org.thymeleaf.standard.processor.StandardRemovableAttributeTagProcessor
[THYMELEAF]             * [* {th:class,data-th-class}] [1000]: karate.org.thymeleaf.standard.processor.StandardRemovableAttributeTagProcessor
[THYMELEAF]             * [* {th:height,data-th-height}] [1000]: karate.org.thymeleaf.standard.processor.StandardRemovableAttributeTagProcessor
[THYMELEAF]             * [* {th:form,data-th-form}] [1000]: karate.org.thymeleaf.standard.processor.StandardRemovableAttributeTagProcessor
[THYMELEAF]             * [* {th:classid,data-th-classid}] [1000]: karate.org.thymeleaf.standard.processor.StandardRemovableAttributeTagProcessor
[THYMELEAF]             * [* {th:span,data-th-span}] [1000]: karate.org.thymeleaf.standard.processor.StandardRemovableAttributeTagProcessor
[THYMELEAF]             * [* {th:formenctype,data-th-formenctype}] [1000]: karate.org.thymeleaf.standard.processor.StandardRemovableAttributeTagProcessor
[THYMELEAF]             * [* {th:dropzone,data-th-dropzone}] [1000]: karate.org.thymeleaf.standard.processor.StandardRemovableAttributeTagProcessor
[THYMELEAF]             * [* {th:rows,data-th-rows}] [1000]: karate.org.thymeleaf.standard.processor.StandardRemovableAttributeTagProcessor
[THYMELEAF]             * [* {th:max,data-th-max}] [1000]: karate.org.thymeleaf.standard.processor.StandardRemovableAttributeTagProcessor
[THYMELEAF]             * [* {th:icon,data-th-icon}] [1000]: karate.org.thymeleaf.standard.processor.StandardRemovableAttributeTagProcessor
[THYMELEAF]             * [* {th:standby,data-th-standby}] [1000]: karate.org.thymeleaf.standard.processor.StandardRemovableAttributeTagProcessor
[THYMELEAF]             * [* {th:colspan,data-th-colspan}] [1000]: karate.org.thymeleaf.standard.processor.StandardRemovableAttributeTagProcessor
[THYMELEAF]             * [* {th:list,data-th-list}] [1000]: karate.org.thymeleaf.standard.processor.StandardRemovableAttributeTagProcessor
[THYMELEAF]             * [* {th:cellpadding,data-th-cellpadding}] [1000]: karate.org.thymeleaf.standard.processor.StandardRemovableAttributeTagProcessor
[THYMELEAF]             * [* {th:sizes,data-th-sizes}] [1000]: karate.org.thymeleaf.standard.processor.StandardRemovableAttributeTagProcessor
[THYMELEAF]             * [* {th:srclang,data-th-srclang}] [1000]: karate.org.thymeleaf.standard.processor.StandardRemovableAttributeTagProcessor
[THYMELEAF]             * [* {th:step,data-th-step}] [1000]: karate.org.thymeleaf.standard.processor.StandardRemovableAttributeTagProcessor
[THYMELEAF]             * [* {th:background,data-th-background}] [1000]: karate.org.thymeleaf.standard.processor.StandardRemovableAttributeTagProcessor
[THYMELEAF]             * [* {th:rel,data-th-rel}] [1000]: karate.org.thymeleaf.standard.processor.StandardRemovableAttributeTagProcessor
[THYMELEAF]             * [* {th:data,data-th-data}] [1000]: karate.org.thymeleaf.standard.processor.StandardRemovableAttributeTagProcessor
[THYMELEAF]             * [* {th:manifest,data-th-manifest}] [1000]: karate.org.thymeleaf.standard.processor.StandardRemovableAttributeTagProcessor
[THYMELEAF]             * [* {th:align,data-th-align}] [1000]: karate.org.thymeleaf.standard.processor.StandardRemovableAttributeTagProcessor
[THYMELEAF]             * [* {th:frame,data-th-frame}] [1000]: karate.org.thymeleaf.standard.processor.StandardRemovableAttributeTagProcessor
[THYMELEAF]             * [* {th:archive,data-th-archive}] [1000]: karate.org.thymeleaf.standard.processor.StandardRemovableAttributeTagProcessor
[THYMELEAF]             * [* {th:usemap,data-th-usemap}] [1000]: karate.org.thymeleaf.standard.processor.StandardRemovableAttributeTagProcessor
[THYMELEAF]             * [* {th:accesskey,data-th-accesskey}] [1000]: karate.org.thymeleaf.standard.processor.StandardRemovableAttributeTagProcessor
[THYMELEAF]             * [* {th:marginwidth,data-th-marginwidth}] [1000]: karate.org.thymeleaf.standard.processor.StandardRemovableAttributeTagProcessor
[THYMELEAF]             * [* {th:radiogroup,data-th-radiogroup}] [1000]: karate.org.thymeleaf.standard.processor.StandardRemovableAttributeTagProcessor
[THYMELEAF]             * [* {th:high,data-th-high}] [1000]: karate.org.thymeleaf.standard.processor.StandardRemovableAttributeTagProcessor
[THYMELEAF]             * [* {th:start,data-th-start}] [1000]: karate.org.thymeleaf.standard.processor.StandardRemovableAttributeTagProcessor
[THYMELEAF]             * [* {th:hreflang,data-th-hreflang}] [1000]: karate.org.thymeleaf.standard.processor.StandardRemovableAttributeTagProcessor
[THYMELEAF]             * [* {th:scrolling,data-th-scrolling}] [1000]: karate.org.thymeleaf.standard.processor.StandardRemovableAttributeTagProcessor
[THYMELEAF]             * [* {th:sandbox,data-th-sandbox}] [1000]: karate.org.thymeleaf.standard.processor.StandardRemovableAttributeTagProcessor
[THYMELEAF]             * [* {th:marginheight,data-th-marginheight}] [1000]: karate.org.thymeleaf.standard.processor.StandardRemovableAttributeTagProcessor
[THYMELEAF]             * [* {th:title,data-th-title}] [1000]: karate.org.thymeleaf.standard.processor.StandardRemovableAttributeTagProcessor
[THYMELEAF]             * [* {th:autocomplete,data-th-autocomplete}] [1000]: karate.org.thymeleaf.standard.processor.StandardRemovableAttributeTagProcessor
[THYMELEAF]             * [* {th:style,data-th-style}] [1000]: karate.org.thymeleaf.standard.processor.StandardRemovableAttributeTagProcessor
[THYMELEAF]             * [* {th:vspace,data-th-vspace}] [1000]: karate.org.thymeleaf.standard.processor.StandardRemovableAttributeTagProcessor
[THYMELEAF]             * [* {th:enctype,data-th-enctype}] [1000]: karate.org.thymeleaf.standard.processor.StandardRemovableAttributeTagProcessor
[THYMELEAF]             * [* {th:id,data-th-id}] [1000]: karate.org.thymeleaf.standard.processor.StandardRemovableAttributeTagProcessor
[THYMELEAF]             * [* {th:formmethod,data-th-formmethod}] [1000]: karate.org.thymeleaf.standard.processor.StandardRemovableAttributeTagProcessor
[THYMELEAF]             * [* {th:hspace,data-th-hspace}] [1000]: karate.org.thymeleaf.standard.processor.StandardRemovableAttributeTagProcessor
[THYMELEAF]             * [* {th:spellcheck,data-th-spellcheck}] [1000]: karate.org.thymeleaf.standard.processor.StandardRemovableAttributeTagProcessor
[THYMELEAF]             * [* {th:accept,data-th-accept}] [1000]: karate.org.thymeleaf.standard.processor.StandardRemovableAttributeTagProcessor
[THYMELEAF]             * [* {th:axis,data-th-axis}] [1000]: karate.org.thymeleaf.standard.processor.StandardRemovableAttributeTagProcessor
[THYMELEAF]             * [* {th:headers,data-th-headers}] [1000]: karate.org.thymeleaf.standard.processor.StandardRemovableAttributeTagProcessor
[THYMELEAF]             * [* {th:poster,data-th-poster}] [1000]: karate.org.thymeleaf.standard.processor.StandardRemovableAttributeTagProcessor
[THYMELEAF]             * [* {th:frameborder,data-th-frameborder}] [1000]: karate.org.thymeleaf.standard.processor.StandardRemovableAttributeTagProcessor
[THYMELEAF]             * [* {th:kind,data-th-kind}] [1000]: karate.org.thymeleaf.standard.processor.StandardRemovableAttributeTagProcessor
[THYMELEAF]             * [* {th:datetime,data-th-datetime}] [1000]: karate.org.thymeleaf.standard.processor.StandardRemovableAttributeTagProcessor
[THYMELEAF]             * [* {th:cellspacing,data-th-cellspacing}] [1000]: karate.org.thymeleaf.standard.processor.StandardRemovableAttributeTagProcessor
[THYMELEAF]             * [* {th:label,data-th-label}] [1000]: karate.org.thymeleaf.standard.processor.StandardRemovableAttributeTagProcessor
[THYMELEAF]             * [* {th:codetype,data-th-codetype}] [1000]: karate.org.thymeleaf.standard.processor.StandardRemovableAttributeTagProcessor
[THYMELEAF]             * [* {th:content,data-th-content}] [1000]: karate.org.thymeleaf.standard.processor.StandardRemovableAttributeTagProcessor
[THYMELEAF]             * [* {th:size,data-th-size}] [1000]: karate.org.thymeleaf.standard.processor.StandardRemovableAttributeTagProcessor
[THYMELEAF]             * [* {th:placeholder,data-th-placeholder}] [1000]: karate.org.thymeleaf.standard.processor.StandardRemovableAttributeTagProcessor
[THYMELEAF]             * [* {th:wrap,data-th-wrap}] [1000]: karate.org.thymeleaf.standard.processor.StandardRemovableAttributeTagProcessor
[THYMELEAF]             * [* {th:longdesc,data-th-longdesc}] [1000]: karate.org.thymeleaf.standard.processor.StandardRemovableAttributeTagProcessor
[THYMELEAF]             * [* {th:target,data-th-target}] [1000]: karate.org.thymeleaf.standard.processor.StandardRemovableAttributeTagProcessor
[THYMELEAF]             * [* {th:audio,data-th-audio}] [1000]: karate.org.thymeleaf.standard.processor.StandardRemovableAttributeTagProcessor
[THYMELEAF]             * [* {th:formaction,data-th-formaction}] [1000]: karate.org.thymeleaf.standard.processor.StandardRemovableAttributeTagProcessor
[THYMELEAF]             * [* {th:http-equiv,data-th-http-equiv}] [1000]: karate.org.thymeleaf.standard.processor.StandardRemovableAttributeTagProcessor
[THYMELEAF]             * [* {th:src,data-th-src}] [1000]: karate.org.thymeleaf.standard.processor.StandardSrcTagProcessor
[THYMELEAF]             * [* {th:value,data-th-value}] [1000]: karate.org.thymeleaf.standard.processor.StandardValueTagProcessor
[THYMELEAF]             * [* {th:xmlbase,data-th-xmlbase}] [1000]: karate.org.thymeleaf.standard.processor.StandardXmlBaseTagProcessor
[THYMELEAF]             * [* {th:xmllang,data-th-xmllang}] [1000]: karate.org.thymeleaf.standard.processor.StandardXmlLangTagProcessor
[THYMELEAF]             * [* {xmlns:th}] [1000]: karate.org.thymeleaf.standard.processor.StandardXmlNsTagProcessor
[THYMELEAF]             * [* {th:xmlspace,data-th-xmlspace}] [1000]: karate.org.thymeleaf.standard.processor.StandardXmlSpaceTagProcessor
[THYMELEAF]             * [* {th:classappend,data-th-classappend}] [1100]: karate.org.thymeleaf.standard.processor.StandardClassappendTagProcessor
[THYMELEAF]             * [* {th:styleappend,data-th-styleappend}] [1100]: karate.org.thymeleaf.standard.processor.StandardStyleappendTagProcessor
[THYMELEAF]             * [* {th:text,data-th-text}] [1300]: karate.org.thymeleaf.standard.processor.StandardTextTagProcessor
[THYMELEAF]             * [* {th:utext,data-th-utext}] [1400]: karate.org.thymeleaf.standard.processor.StandardUtextTagProcessor
[THYMELEAF]             * [* {th:fragment,data-th-fragment}] [1500]: karate.org.thymeleaf.standard.processor.StandardFragmentTagProcessor
[THYMELEAF]             * [* {th:assert,data-th-assert}] [1550]: karate.org.thymeleaf.standard.processor.StandardAssertTagProcessor
[THYMELEAF]             * [* {th:remove,data-th-remove}] [1600]: karate.org.thymeleaf.standard.processor.StandardRemoveTagProcessor
[THYMELEAF]             * [* {th:ref,data-th-ref}] [10000]: karate.org.thymeleaf.standard.processor.StandardRefAttributeTagProcessor
[THYMELEAF]             * [{th:block,th-block} *] [100000]: karate.org.thymeleaf.standard.processor.StandardBlockTagProcessor
[THYMELEAF]             * [* th:*] [2147483647]: karate.org.thymeleaf.standard.processor.StandardDefaultAttributesTagProcessor
[THYMELEAF]         * Text Processors by [precedence]:
[THYMELEAF]             * [1000]: karate.org.thymeleaf.standard.processor.StandardInliningTextProcessor
[THYMELEAF]         * DOCTYPE Processors by [precedence]:
[THYMELEAF]             * [1000]: karate.org.thymeleaf.standard.processor.StandardTranslationDocTypeProcessor
[THYMELEAF]         * CDATA Section Processors by [precedence]:
[THYMELEAF]             * [1000]: karate.org.thymeleaf.standard.processor.StandardInliningCDATASectionProcessor
[THYMELEAF]         * Comment Processors by [precedence]:
[THYMELEAF]             * [1000]: karate.org.thymeleaf.standard.processor.StandardInliningCommentProcessor
[THYMELEAF]             * [1100]: karate.org.thymeleaf.standard.processor.StandardConditionalCommentProcessor
[THYMELEAF]     * Processors for Template Mode: XML
[THYMELEAF]         * Element Tag Processors by [matching element and attribute name] [precedence]:
[THYMELEAF]             * [* {th:include}] [100]: karate.org.thymeleaf.standard.processor.StandardIncludeTagProcessor
[THYMELEAF]             * [* {th:insert}] [100]: karate.org.thymeleaf.standard.processor.StandardInsertTagProcessor
[THYMELEAF]             * [* {th:replace}] [100]: karate.org.thymeleaf.standard.processor.StandardReplaceTagProcessor
[THYMELEAF]             * [* {th:substituteby}] [100]: karate.org.thymeleaf.standard.processor.StandardSubstituteByTagProcessor
[THYMELEAF]             * [* {th:each}] [200]: com.intuit.karate.template.KarateEachTagProcessor
[THYMELEAF]             * [* {th:switch}] [250]: karate.org.thymeleaf.standard.processor.StandardSwitchTagProcessor
[THYMELEAF]             * [* {th:case}] [275]: karate.org.thymeleaf.standard.processor.StandardCaseTagProcessor
[THYMELEAF]             * [* {th:if}] [300]: karate.org.thymeleaf.standard.processor.StandardIfTagProcessor
[THYMELEAF]             * [* {th:unless}] [400]: karate.org.thymeleaf.standard.processor.StandardUnlessTagProcessor
[THYMELEAF]             * [* {th:object}] [500]: karate.org.thymeleaf.standard.processor.StandardObjectTagProcessor
[THYMELEAF]             * [* {th:with}] [600]: com.intuit.karate.template.KarateWithTagProcessor
[THYMELEAF]             * [* {th:attr}] [700]: com.intuit.karate.template.KarateAttributeTagProcessor.KarateAttrTagProcessor
[THYMELEAF]             * [* {th:attrappend}] [900]: com.intuit.karate.template.KarateAttributeTagProcessor.KarateAttrappendTagProcessor
[THYMELEAF]             * [* {th:attrprepend}] [900]: com.intuit.karate.template.KarateAttributeTagProcessor.KarateAttrprependTagProcessor
[THYMELEAF]             * [* {th:inline}] [1000]: karate.org.thymeleaf.standard.processor.StandardInlineXMLTagProcessor
[THYMELEAF]             * [* {xmlns:th}] [1000]: karate.org.thymeleaf.standard.processor.StandardXmlNsTagProcessor
[THYMELEAF]             * [* {th:text}] [1300]: karate.org.thymeleaf.standard.processor.StandardTextTagProcessor
[THYMELEAF]             * [* {th:utext}] [1400]: karate.org.thymeleaf.standard.processor.StandardUtextTagProcessor
[THYMELEAF]             * [* {th:fragment}] [1500]: karate.org.thymeleaf.standard.processor.StandardFragmentTagProcessor
[THYMELEAF]             * [* {th:assert}] [1550]: karate.org.thymeleaf.standard.processor.StandardAssertTagProcessor
[THYMELEAF]             * [* {th:remove}] [1600]: karate.org.thymeleaf.standard.processor.StandardRemoveTagProcessor
[THYMELEAF]             * [* {th:ref}] [10000]: karate.org.thymeleaf.standard.processor.StandardRefAttributeTagProcessor
[THYMELEAF]             * [{th:block} *] [100000]: karate.org.thymeleaf.standard.processor.StandardBlockTagProcessor
[THYMELEAF]             * [* th:*] [2147483647]: karate.org.thymeleaf.standard.processor.StandardDefaultAttributesTagProcessor
[THYMELEAF]         * Text Processors by [precedence]:
[THYMELEAF]             * [1000]: karate.org.thymeleaf.standard.processor.StandardInliningTextProcessor
[THYMELEAF]         * CDATA Section Processors by [precedence]:
[THYMELEAF]             * [1000]: karate.org.thymeleaf.standard.processor.StandardInliningCDATASectionProcessor
[THYMELEAF]         * Comment Processors by [precedence]:
[THYMELEAF]             * [1000]: karate.org.thymeleaf.standard.processor.StandardInliningCommentProcessor
[THYMELEAF]     * Processors for Template Mode: TEXT
[THYMELEAF]         * Element Tag Processors by [matching element and attribute name] [precedence]:
[THYMELEAF]             * [* {th:insert}] [100]: karate.org.thymeleaf.standard.processor.StandardInsertTagProcessor
[THYMELEAF]             * [* {th:replace}] [100]: karate.org.thymeleaf.standard.processor.StandardReplaceTagProcessor
[THYMELEAF]             * [* {th:each}] [200]: com.intuit.karate.template.KarateEachTagProcessor
[THYMELEAF]             * [* {th:switch}] [250]: karate.org.thymeleaf.standard.processor.StandardSwitchTagProcessor
[THYMELEAF]             * [* {th:case}] [275]: karate.org.thymeleaf.standard.processor.StandardCaseTagProcessor
[THYMELEAF]             * [* {th:if}] [300]: karate.org.thymeleaf.standard.processor.StandardIfTagProcessor
[THYMELEAF]             * [* {th:unless}] [400]: karate.org.thymeleaf.standard.processor.StandardUnlessTagProcessor
[THYMELEAF]             * [* {th:object}] [500]: karate.org.thymeleaf.standard.processor.StandardObjectTagProcessor
[THYMELEAF]             * [* {th:with}] [600]: com.intuit.karate.template.KarateWithTagProcessor
[THYMELEAF]             * [* {th:inline}] [1000]: karate.org.thymeleaf.standard.processor.StandardInlineTextualTagProcessor
[THYMELEAF]             * [* {th:text}] [1300]: karate.org.thymeleaf.standard.processor.StandardTextTagProcessor
[THYMELEAF]             * [* {th:utext}] [1400]: karate.org.thymeleaf.standard.processor.StandardUtextTagProcessor
[THYMELEAF]             * [* {th:assert}] [1550]: karate.org.thymeleaf.standard.processor.StandardAssertTagProcessor
[THYMELEAF]             * [* {th:remove}] [1600]: karate.org.thymeleaf.standard.processor.StandardRemoveTagProcessor
[THYMELEAF]             * [* 100000] [karate.org.thymeleaf.standard.processor.StandardBlockTagProcessor]: {}
[THYMELEAF]             * [{th:block} *] [100000]: karate.org.thymeleaf.standard.processor.StandardBlockTagProcessor
[THYMELEAF]         * Text Processors by [precedence]:
[THYMELEAF]             * [1000]: karate.org.thymeleaf.standard.processor.StandardInliningTextProcessor
[THYMELEAF]     * Processors for Template Mode: JAVASCRIPT
[THYMELEAF]         * Element Tag Processors by [matching element and attribute name] [precedence]:
[THYMELEAF]             * [* {th:insert}] [100]: karate.org.thymeleaf.standard.processor.StandardInsertTagProcessor
[THYMELEAF]             * [* {th:replace}] [100]: karate.org.thymeleaf.standard.processor.StandardReplaceTagProcessor
[THYMELEAF]             * [* {th:each}] [200]: com.intuit.karate.template.KarateEachTagProcessor
[THYMELEAF]             * [* {th:switch}] [250]: karate.org.thymeleaf.standard.processor.StandardSwitchTagProcessor
[THYMELEAF]             * [* {th:case}] [275]: karate.org.thymeleaf.standard.processor.StandardCaseTagProcessor
[THYMELEAF]             * [* {th:if}] [300]: karate.org.thymeleaf.standard.processor.StandardIfTagProcessor
[THYMELEAF]             * [* {th:unless}] [400]: karate.org.thymeleaf.standard.processor.StandardUnlessTagProcessor
[THYMELEAF]             * [* {th:object}] [500]: karate.org.thymeleaf.standard.processor.StandardObjectTagProcessor
[THYMELEAF]             * [* {th:with}] [600]: com.intuit.karate.template.KarateWithTagProcessor
[THYMELEAF]             * [* {th:inline}] [1000]: karate.org.thymeleaf.standard.processor.StandardInlineTextualTagProcessor
[THYMELEAF]             * [* {th:text}] [1300]: karate.org.thymeleaf.standard.processor.StandardTextTagProcessor
[THYMELEAF]             * [* {th:utext}] [1400]: karate.org.thymeleaf.standard.processor.StandardUtextTagProcessor
[THYMELEAF]             * [* {th:assert}] [1550]: karate.org.thymeleaf.standard.processor.StandardAssertTagProcessor
[THYMELEAF]             * [* {th:remove}] [1600]: karate.org.thymeleaf.standard.processor.StandardRemoveTagProcessor
[THYMELEAF]             * [* 100000] [karate.org.thymeleaf.standard.processor.StandardBlockTagProcessor]: {}
[THYMELEAF]             * [{th:block} *] [100000]: karate.org.thymeleaf.standard.processor.StandardBlockTagProcessor
[THYMELEAF]         * Text Processors by [precedence]:
[THYMELEAF]             * [1000]: karate.org.thymeleaf.standard.processor.StandardInliningTextProcessor
[THYMELEAF]     * Processors for Template Mode: CSS
[THYMELEAF]         * Element Tag Processors by [matching element and attribute name] [precedence]:
[THYMELEAF]             * [* {th:insert}] [100]: karate.org.thymeleaf.standard.processor.StandardInsertTagProcessor
[THYMELEAF]             * [* {th:replace}] [100]: karate.org.thymeleaf.standard.processor.StandardReplaceTagProcessor
[THYMELEAF]             * [* {th:each}] [200]: com.intuit.karate.template.KarateEachTagProcessor
[THYMELEAF]             * [* {th:switch}] [250]: karate.org.thymeleaf.standard.processor.StandardSwitchTagProcessor
[THYMELEAF]             * [* {th:case}] [275]: karate.org.thymeleaf.standard.processor.StandardCaseTagProcessor
[THYMELEAF]             * [* {th:if}] [300]: karate.org.thymeleaf.standard.processor.StandardIfTagProcessor
[THYMELEAF]             * [* {th:unless}] [400]: karate.org.thymeleaf.standard.processor.StandardUnlessTagProcessor
[THYMELEAF]             * [* {th:object}] [500]: karate.org.thymeleaf.standard.processor.StandardObjectTagProcessor
[THYMELEAF]             * [* {th:with}] [600]: com.intuit.karate.template.KarateWithTagProcessor
[THYMELEAF]             * [* {th:inline}] [1000]: karate.org.thymeleaf.standard.processor.StandardInlineTextualTagProcessor
[THYMELEAF]             * [* {th:text}] [1300]: karate.org.thymeleaf.standard.processor.StandardTextTagProcessor
[THYMELEAF]             * [* {th:utext}] [1400]: karate.org.thymeleaf.standard.processor.StandardUtextTagProcessor
[THYMELEAF]             * [* {th:assert}] [1550]: karate.org.thymeleaf.standard.processor.StandardAssertTagProcessor
[THYMELEAF]             * [* {th:remove}] [1600]: karate.org.thymeleaf.standard.processor.StandardRemoveTagProcessor
[THYMELEAF]             * [* 100000] [karate.org.thymeleaf.standard.processor.StandardBlockTagProcessor]: {}
[THYMELEAF]             * [{th:block} *] [100000]: karate.org.thymeleaf.standard.processor.StandardBlockTagProcessor
[THYMELEAF]         * Text Processors by [precedence]:
[THYMELEAF]             * [1000]: karate.org.thymeleaf.standard.processor.StandardInliningTextProcessor
[THYMELEAF]     * Expression Objects:
[THYMELEAF]         * #ctx
[THYMELEAF]         * #root
[THYMELEAF]         * #vars
[THYMELEAF]         * #object
[THYMELEAF]         * #locale
[THYMELEAF]         * #request
[THYMELEAF]         * #response
[THYMELEAF]         * #session
[THYMELEAF]         * #servletContext
[THYMELEAF]         * #conversions
[THYMELEAF]         * #uris
[THYMELEAF]         * #calendars
[THYMELEAF]         * #dates
[THYMELEAF]         * #bools
[THYMELEAF]         * #numbers
[THYMELEAF]         * #objects
[THYMELEAF]         * #strings
[THYMELEAF]         * #arrays
[THYMELEAF]         * #lists
[THYMELEAF]         * #sets
[THYMELEAF]         * #maps
[THYMELEAF]         * #aggregates
[THYMELEAF]         * #messages
[THYMELEAF]         * #ids
[THYMELEAF]         * #execInfo
[THYMELEAF]         * #httpServletRequest
[THYMELEAF]         * #httpSession
[THYMELEAF]     * Execution Attributes:
[THYMELEAF]         * "StandardExpressionParser": com.intuit.karate.template.KarateStandardDialect@dc1fadd
[THYMELEAF]         * "StandardJavaScriptSerializer": karate.org.thymeleaf.standard.serializer.StandardJavaScriptSerializer@2ae3235e
[THYMELEAF]         * "StandardCSSSerializer": karate.org.thymeleaf.standard.serializer.StandardCSSSerializer@46b6701e
[THYMELEAF]         * "StandardVariableExpressionEvaluator": com.intuit.karate.template.KarateStandardDialect@dc1fadd
[THYMELEAF]         * "StandardConversionService": karate.org.thymeleaf.standard.expression.StandardConversionService@3686389
[THYMELEAF] * Dialect [2 of 2]: karate (com.intuit.karate.template.KarateScriptDialect)
[THYMELEAF]     * Prefix: "ka"
[THYMELEAF]     * Processors for Template Mode: HTML
[THYMELEAF]         * Element Tag Processors by [matching element and attribute name] [precedence]:
[THYMELEAF]             * [* {src}] [1000]: com.intuit.karate.template.KaScriptAttrProcessor
[THYMELEAF]         * Element Model Processors by [matching element and attribute name] [precedence]:
[THYMELEAF]             * [{script} {ka:scope,data-ka-scope}] [1000]: com.intuit.karate.template.KaScriptElemProcessor
[THYMELEAF]             * [* {ka:set,data-ka-set}] [1000]: com.intuit.karate.template.KaSetElemProcessor
[THYMELEAF] TEMPLATE ENGINE CONFIGURED OK
13:04:51.275 [main] DEBUG karate.org.thymeleaf.TemplateEngine - [THYMELEAF] TEMPLATE ENGINE INITIALIZED
---------------------------------------------------------
feature: classpath:feature/AccountTag.feature
scenarios:  2 | passed:  0 | failed:  2 | time: 0.3307
---------------------------------------------------------

13:04:51.379 [main] INFO com.intuit.karate.Suite - <<fail>> feature 3 of 12 (0 remaining) classpath:feature/AccountTag.feature
13:04:51.385 [main] INFO com.intuit.karate - karate.env system property was: it01 
13:04:51.385 [main] INFO com.intuit.karate - clientId:52e80bfa-b42c-47d7-98b5-8bb87c926209 
13:04:51.386 [main] INFO com.intuit.karate - Current URL is : https://apigw-st.telus.com 
13:04:51.386 [main] INFO com.intuit.karate - Current Env is : it01 
13:04:51.391 [main] INFO com.intuit.karate - [print] eyJhbGciOiJSUzI1NiIsImtpZCI6ImNhZGZhMTYyLTU2YzEtNGRiOS1hNjNmLTYwZTM3NzIwMWJkZiIsInBpLmF0bSI6IjMifQ.eyJzY29wZSI6WyI0NzIwIl0sImF1dGhvcml6YXRpb25fZGV0YWlscyI6W10sImNsaWVudF9pZCI6IjUyZTgwYmZhLWI0MmMtNDdkNy05OGI1LThiYjg3YzkyNjIwOSIsImlzcyI6Imh0dHBzOi8vdGVhbXNzby1pdHMwNC50ZWx1cy5jb20iLCJhdWQiOiJrb25nIiwiaWF0IjoxNzIzMjIzMDg5LCJleHAiOjE3MjMyMjMzODl9.flESEmYyI_eCkBmzn54OkGfP2lAIxnyqs2XbjtABUAmEnkCOQe8uoiUdROg_nBCNsbluJLTMIyv2VQYcEFeVpzwJIN4AH00KC-3px8L7DRMcbbbRqgIOGamUVRjytKBt3cFR1XVCW32bLo_XlS6M0CPdsCtowSRRwenf6htGC3loiXiWZ8pxuYaJNnmQfuSN9rWpZNHc8y-eYDl0xm6EoEXQSfatP3EAxDBw6tgqlb5patcu_afyMqKiHha9IdISwDeMrqyfvgoAR4Sqhdy3Uxp_k_xzmM-XWElgzY0YfiUnRnIl01fsIz1UO7xaed3xVyVlwsYrq6nB9I57SYDk-A 
13:04:51.392 [main] INFO com.intuit.karate - [print] it01 
13:04:51.395 [main] DEBUG karate.org.apache.http.client.protocol.RequestAddCookies - CookieSpec selected: karate
13:04:51.395 [main] DEBUG karate.org.apache.http.client.protocol.RequestAuthCache - Auth cache not set in the context
13:04:51.395 [main] DEBUG com.intuit.karate - request:
1 > GET https://apigw-st.telus.com/customer/contactCenterCustomerInfo/v1/account?ban=70970024
1 > accept: application/json
1 > env: it01
1 > x-cloud-trace-context: karate-integration-test
1 > Authorization: Bearer eyJhbGciOiJSUzI1NiIsImtpZCI6ImNhZGZhMTYyLTU2YzEtNGRiOS1hNjNmLTYwZTM3NzIwMWJkZiIsInBpLmF0bSI6IjMifQ.eyJzY29wZSI6WyI0NzIwIl0sImF1dGhvcml6YXRpb25fZGV0YWlscyI6W10sImNsaWVudF9pZCI6IjUyZTgwYmZhLWI0MmMtNDdkNy05OGI1LThiYjg3YzkyNjIwOSIsImlzcyI6Imh0dHBzOi8vdGVhbXNzby1pdHMwNC50ZWx1cy5jb20iLCJhdWQiOiJrb25nIiwiaWF0IjoxNzIzMjIzMDg5LCJleHAiOjE3MjMyMjMzODl9.flESEmYyI_eCkBmzn54OkGfP2lAIxnyqs2XbjtABUAmEnkCOQe8uoiUdROg_nBCNsbluJLTMIyv2VQYcEFeVpzwJIN4AH00KC-3px8L7DRMcbbbRqgIOGamUVRjytKBt3cFR1XVCW32bLo_XlS6M0CPdsCtowSRRwenf6htGC3loiXiWZ8pxuYaJNnmQfuSN9rWpZNHc8y-eYDl0xm6EoEXQSfatP3EAxDBw6tgqlb5patcu_afyMqKiHha9IdISwDeMrqyfvgoAR4Sqhdy3Uxp_k_xzmM-XWElgzY0YfiUnRnIl01fsIz1UO7xaed3xVyVlwsYrq6nB9I57SYDk-A
1 > Host: apigw-st.telus.com
1 > Connection: Keep-Alive
1 > User-Agent: Apache-HttpClient/4.5.13 (Java/20.0.2)
1 > Accept-Encoding: gzip,deflate


13:04:51.396 [main] DEBUG karate.org.apache.http.impl.conn.PoolingHttpClientConnectionManager - Connection request: [route: {s}->https://apigw-st.telus.com:443][total available: 0; route allocated: 0 of 5; total allocated: 0 of 10]
13:04:51.396 [main] DEBUG karate.org.apache.http.impl.conn.PoolingHttpClientConnectionManager - Connection leased: [id: 7][route: {s}->https://apigw-st.telus.com:443][total available: 0; route allocated: 1 of 5; total allocated: 1 of 10]
13:04:51.396 [main] DEBUG karate.org.apache.http.impl.execchain.MainClientExec - Opening connection {s}->https://apigw-st.telus.com:443
13:04:51.396 [main] DEBUG karate.org.apache.http.impl.conn.DefaultHttpClientConnectionOperator - Connecting to apigw-st.telus.com/207.219.84.31:443
13:04:51.396 [main] DEBUG karate.org.apache.http.conn.ssl.LenientSslConnectionSocketFactory - Connecting socket to apigw-st.telus.com/207.219.84.31:443 with timeout 10000
13:04:51.438 [main] DEBUG karate.org.apache.http.conn.ssl.LenientSslConnectionSocketFactory - Enabled protocols: [TLSv1.3, TLSv1.2]
13:04:51.438 [main] DEBUG karate.org.apache.http.conn.ssl.LenientSslConnectionSocketFactory - Enabled cipher suites:[TLS_AES_256_GCM_SHA384, TLS_AES_128_GCM_SHA256, TLS_CHACHA20_POLY1305_SHA256, TLS_ECDHE_ECDSA_WITH_AES_256_GCM_SHA384, TLS_ECDHE_ECDSA_WITH_AES_128_GCM_SHA256, TLS_ECDHE_ECDSA_WITH_CHACHA20_POLY1305_SHA256, TLS_ECDHE_RSA_WITH_AES_256_GCM_SHA384, TLS_ECDHE_RSA_WITH_CHACHA20_POLY1305_SHA256, TLS_ECDHE_RSA_WITH_AES_128_GCM_SHA256, TLS_DHE_RSA_WITH_AES_256_GCM_SHA384, TLS_DHE_RSA_WITH_CHACHA20_POLY1305_SHA256, TLS_DHE_DSS_WITH_AES_256_GCM_SHA384, TLS_DHE_RSA_WITH_AES_128_GCM_SHA256, TLS_DHE_DSS_WITH_AES_128_GCM_SHA256, TLS_ECDHE_ECDSA_WITH_AES_256_CBC_SHA384, TLS_ECDHE_RSA_WITH_AES_256_CBC_SHA384, TLS_ECDHE_ECDSA_WITH_AES_128_CBC_SHA256, TLS_ECDHE_RSA_WITH_AES_128_CBC_SHA256, TLS_DHE_RSA_WITH_AES_256_CBC_SHA256, TLS_DHE_DSS_WITH_AES_256_CBC_SHA256, TLS_DHE_RSA_WITH_AES_128_CBC_SHA256, TLS_DHE_DSS_WITH_AES_128_CBC_SHA256, TLS_ECDHE_ECDSA_WITH_AES_256_CBC_SHA, TLS_ECDHE_RSA_WITH_AES_256_CBC_SHA, TLS_ECDHE_ECDSA_WITH_AES_128_CBC_SHA, TLS_ECDHE_RSA_WITH_AES_128_CBC_SHA, TLS_DHE_RSA_WITH_AES_256_CBC_SHA, TLS_DHE_DSS_WITH_AES_256_CBC_SHA, TLS_DHE_RSA_WITH_AES_128_CBC_SHA, TLS_DHE_DSS_WITH_AES_128_CBC_SHA, TLS_RSA_WITH_AES_256_GCM_SHA384, TLS_RSA_WITH_AES_128_GCM_SHA256, TLS_RSA_WITH_AES_256_CBC_SHA256, TLS_RSA_WITH_AES_128_CBC_SHA256, TLS_RSA_WITH_AES_256_CBC_SHA, TLS_RSA_WITH_AES_128_CBC_SHA, TLS_EMPTY_RENEGOTIATION_INFO_SCSV]
13:04:51.438 [main] DEBUG karate.org.apache.http.conn.ssl.LenientSslConnectionSocketFactory - Starting handshake
13:04:51.495 [main] DEBUG karate.org.apache.http.conn.ssl.LenientSslConnectionSocketFactory - Secure session established
13:04:51.495 [main] DEBUG karate.org.apache.http.conn.ssl.LenientSslConnectionSocketFactory -  negotiated protocol: TLSv1.3
13:04:51.495 [main] DEBUG karate.org.apache.http.conn.ssl.LenientSslConnectionSocketFactory -  negotiated cipher suite: TLS_AES_128_GCM_SHA256
13:04:51.495 [main] DEBUG karate.org.apache.http.conn.ssl.LenientSslConnectionSocketFactory -  peer principal: CN=apigw-soap-st.telus.com, O=TELUS Corp., L=Vancouver, ST=British Columbia, C=CA
13:04:51.495 [main] DEBUG karate.org.apache.http.conn.ssl.LenientSslConnectionSocketFactory -  peer alternative names: [apigw-soap-st.telus.com, apigw-st.telus.com, apigw-qidc-st.telus.com, apigw-kidc-st.telus.com, apigw-soap-qidc-st.telus.com, apigw-soap-kidc-st.telus.com]
13:04:51.495 [main] DEBUG karate.org.apache.http.conn.ssl.LenientSslConnectionSocketFactory -  issuer principal: CN=DigiCert Global G2 TLS RSA SHA256 2020 CA1, O=DigiCert Inc, C=US
13:04:51.495 [main] DEBUG karate.org.apache.http.impl.conn.DefaultHttpClientConnectionOperator - Connection established 192.168.1.65:54943<->207.219.84.31:443
13:04:51.495 [main] DEBUG karate.org.apache.http.impl.conn.DefaultManagedHttpClientConnection - http-outgoing-7: set socket timeout to 20000
13:04:51.496 [main] DEBUG karate.org.apache.http.impl.execchain.MainClientExec - Executing request GET /customer/contactCenterCustomerInfo/v1/account?ban=70970024 HTTP/1.1
13:04:51.496 [main] DEBUG karate.org.apache.http.impl.execchain.MainClientExec - Proxy auth state: UNCHALLENGED
13:04:51.496 [main] DEBUG karate.org.apache.http.headers - http-outgoing-7 >> GET /customer/contactCenterCustomerInfo/v1/account?ban=70970024 HTTP/1.1
13:04:51.496 [main] DEBUG karate.org.apache.http.headers - http-outgoing-7 >> accept: application/json
13:04:51.496 [main] DEBUG karate.org.apache.http.headers - http-outgoing-7 >> env: it01
13:04:51.496 [main] DEBUG karate.org.apache.http.headers - http-outgoing-7 >> x-cloud-trace-context: karate-integration-test
13:04:51.496 [main] DEBUG karate.org.apache.http.headers - http-outgoing-7 >> Authorization: Bearer eyJhbGciOiJSUzI1NiIsImtpZCI6ImNhZGZhMTYyLTU2YzEtNGRiOS1hNjNmLTYwZTM3NzIwMWJkZiIsInBpLmF0bSI6IjMifQ.eyJzY29wZSI6WyI0NzIwIl0sImF1dGhvcml6YXRpb25fZGV0YWlscyI6W10sImNsaWVudF9pZCI6IjUyZTgwYmZhLWI0MmMtNDdkNy05OGI1LThiYjg3YzkyNjIwOSIsImlzcyI6Imh0dHBzOi8vdGVhbXNzby1pdHMwNC50ZWx1cy5jb20iLCJhdWQiOiJrb25nIiwiaWF0IjoxNzIzMjIzMDg5LCJleHAiOjE3MjMyMjMzODl9.flESEmYyI_eCkBmzn54OkGfP2lAIxnyqs2XbjtABUAmEnkCOQe8uoiUdROg_nBCNsbluJLTMIyv2VQYcEFeVpzwJIN4AH00KC-3px8L7DRMcbbbRqgIOGamUVRjytKBt3cFR1XVCW32bLo_XlS6M0CPdsCtowSRRwenf6htGC3loiXiWZ8pxuYaJNnmQfuSN9rWpZNHc8y-eYDl0xm6EoEXQSfatP3EAxDBw6tgqlb5patcu_afyMqKiHha9IdISwDeMrqyfvgoAR4Sqhdy3Uxp_k_xzmM-XWElgzY0YfiUnRnIl01fsIz1UO7xaed3xVyVlwsYrq6nB9I57SYDk-A
13:04:51.496 [main] DEBUG karate.org.apache.http.headers - http-outgoing-7 >> Host: apigw-st.telus.com
13:04:51.496 [main] DEBUG karate.org.apache.http.headers - http-outgoing-7 >> Connection: Keep-Alive
13:04:51.496 [main] DEBUG karate.org.apache.http.headers - http-outgoing-7 >> User-Agent: Apache-HttpClient/4.5.13 (Java/20.0.2)
13:04:51.496 [main] DEBUG karate.org.apache.http.headers - http-outgoing-7 >> Accept-Encoding: gzip,deflate
13:04:51.496 [main] DEBUG karate.org.apache.http.wire - http-outgoing-7 >> "GET /customer/contactCenterCustomerInfo/v1/account?ban=70970024 HTTP/1.1[\r][\n]"
13:04:51.496 [main] DEBUG karate.org.apache.http.wire - http-outgoing-7 >> "accept: application/json[\r][\n]"
13:04:51.496 [main] DEBUG karate.org.apache.http.wire - http-outgoing-7 >> "env: it01[\r][\n]"
13:04:51.496 [main] DEBUG karate.org.apache.http.wire - http-outgoing-7 >> "x-cloud-trace-context: karate-integration-test[\r][\n]"
13:04:51.496 [main] DEBUG karate.org.apache.http.wire - http-outgoing-7 >> "Authorization: Bearer eyJhbGciOiJSUzI1NiIsImtpZCI6ImNhZGZhMTYyLTU2YzEtNGRiOS1hNjNmLTYwZTM3NzIwMWJkZiIsInBpLmF0bSI6IjMifQ.eyJzY29wZSI6WyI0NzIwIl0sImF1dGhvcml6YXRpb25fZGV0YWlscyI6W10sImNsaWVudF9pZCI6IjUyZTgwYmZhLWI0MmMtNDdkNy05OGI1LThiYjg3YzkyNjIwOSIsImlzcyI6Imh0dHBzOi8vdGVhbXNzby1pdHMwNC50ZWx1cy5jb20iLCJhdWQiOiJrb25nIiwiaWF0IjoxNzIzMjIzMDg5LCJleHAiOjE3MjMyMjMzODl9.flESEmYyI_eCkBmzn54OkGfP2lAIxnyqs2XbjtABUAmEnkCOQe8uoiUdROg_nBCNsbluJLTMIyv2VQYcEFeVpzwJIN4AH00KC-3px8L7DRMcbbbRqgIOGamUVRjytKBt3cFR1XVCW32bLo_XlS6M0CPdsCtowSRRwenf6htGC3loiXiWZ8pxuYaJNnmQfuSN9rWpZNHc8y-eYDl0xm6EoEXQSfatP3EAxDBw6tgqlb5patcu_afyMqKiHha9IdISwDeMrqyfvgoAR4Sqhdy3Uxp_k_xzmM-XWElgzY0YfiUnRnIl01fsIz1UO7xaed3xVyVlwsYrq6nB9I57SYDk-A[\r][\n]"
13:04:51.496 [main] DEBUG karate.org.apache.http.wire - http-outgoing-7 >> "Host: apigw-st.telus.com[\r][\n]"
13:04:51.496 [main] DEBUG karate.org.apache.http.wire - http-outgoing-7 >> "Connection: Keep-Alive[\r][\n]"
13:04:51.496 [main] DEBUG karate.org.apache.http.wire - http-outgoing-7 >> "User-Agent: Apache-HttpClient/4.5.13 (Java/20.0.2)[\r][\n]"
13:04:51.496 [main] DEBUG karate.org.apache.http.wire - http-outgoing-7 >> "Accept-Encoding: gzip,deflate[\r][\n]"
13:04:51.496 [main] DEBUG karate.org.apache.http.wire - http-outgoing-7 >> "[\r][\n]"
13:04:51.551 [main] DEBUG karate.org.apache.http.wire - http-outgoing-7 << "HTTP/1.1 403 Forbidden[\r][\n]"
13:04:51.551 [main] DEBUG karate.org.apache.http.wire - http-outgoing-7 << "Content-Type: application/json; charset=utf-8[\r][\n]"
13:04:51.551 [main] DEBUG karate.org.apache.http.wire - http-outgoing-7 << "Content-Length: 23[\r][\n]"
13:04:51.551 [main] DEBUG karate.org.apache.http.wire - http-outgoing-7 << "Connection: keep-alive[\r][\n]"
13:04:51.551 [main] DEBUG karate.org.apache.http.wire - http-outgoing-7 << "Date: Fri, 09 Aug 2024 17:04:52 GMT[\r][\n]"
13:04:51.551 [main] DEBUG karate.org.apache.http.wire - http-outgoing-7 << "WWW-Authenticate: Bearer realm="teamsso-its04.telus.com", error="insufficient_scope"[\r][\n]"
13:04:51.551 [main] DEBUG karate.org.apache.http.wire - http-outgoing-7 << "Kong-Request-ID: 7720e76f-0cb0-4bcc-bf36-7e2baae01826#372521[\r][\n]"
13:04:51.551 [main] DEBUG karate.org.apache.http.wire - http-outgoing-7 << "vary: Origin[\r][\n]"
13:04:51.551 [main] DEBUG karate.org.apache.http.wire - http-outgoing-7 << "X-Kong-Response-Latency: 1[\r][\n]"
13:04:51.551 [main] DEBUG karate.org.apache.http.wire - http-outgoing-7 << "Server: kong/3.4.3.11-enterprise-edition[\r][\n]"
13:04:51.551 [main] DEBUG karate.org.apache.http.wire - http-outgoing-7 << "X-Kong-Request-Id: 9278333210ac7640d034737ef635e56c[\r][\n]"
13:04:51.551 [main] DEBUG karate.org.apache.http.wire - http-outgoing-7 << "vary: Origin[\r][\n]"
13:04:51.551 [main] DEBUG karate.org.apache.http.wire - http-outgoing-7 << "X-Kong-Upstream-Latency: 4[\r][\n]"
13:04:51.551 [main] DEBUG karate.org.apache.http.wire - http-outgoing-7 << "X-Kong-Proxy-Latency: 2[\r][\n]"
13:04:51.551 [main] DEBUG karate.org.apache.http.wire - http-outgoing-7 << "Via: kong/3.4.3.11-enterprise-edition[\r][\n]"
13:04:51.551 [main] DEBUG karate.org.apache.http.wire - http-outgoing-7 << "[\r][\n]"
13:04:51.551 [main] DEBUG karate.org.apache.http.wire - http-outgoing-7 << "{"message":"Forbidden"}"
13:04:51.552 [main] DEBUG karate.org.apache.http.headers - http-outgoing-7 << HTTP/1.1 403 Forbidden
13:04:51.552 [main] DEBUG karate.org.apache.http.headers - http-outgoing-7 << Content-Type: application/json; charset=utf-8
13:04:51.552 [main] DEBUG karate.org.apache.http.headers - http-outgoing-7 << Content-Length: 23
13:04:51.552 [main] DEBUG karate.org.apache.http.headers - http-outgoing-7 << Connection: keep-alive
13:04:51.552 [main] DEBUG karate.org.apache.http.headers - http-outgoing-7 << Date: Fri, 09 Aug 2024 17:04:52 GMT
13:04:51.552 [main] DEBUG karate.org.apache.http.headers - http-outgoing-7 << WWW-Authenticate: Bearer realm="teamsso-its04.telus.com", error="insufficient_scope"
13:04:51.552 [main] DEBUG karate.org.apache.http.headers - http-outgoing-7 << Kong-Request-ID: 7720e76f-0cb0-4bcc-bf36-7e2baae01826#372521
13:04:51.552 [main] DEBUG karate.org.apache.http.headers - http-outgoing-7 << vary: Origin
13:04:51.552 [main] DEBUG karate.org.apache.http.headers - http-outgoing-7 << X-Kong-Response-Latency: 1
13:04:51.552 [main] DEBUG karate.org.apache.http.headers - http-outgoing-7 << Server: kong/3.4.3.11-enterprise-edition
13:04:51.552 [main] DEBUG karate.org.apache.http.headers - http-outgoing-7 << X-Kong-Request-Id: 9278333210ac7640d034737ef635e56c
13:04:51.552 [main] DEBUG karate.org.apache.http.headers - http-outgoing-7 << vary: Origin
13:04:51.552 [main] DEBUG karate.org.apache.http.headers - http-outgoing-7 << X-Kong-Upstream-Latency: 4
13:04:51.552 [main] DEBUG karate.org.apache.http.headers - http-outgoing-7 << X-Kong-Proxy-Latency: 2
13:04:51.552 [main] DEBUG karate.org.apache.http.headers - http-outgoing-7 << Via: kong/3.4.3.11-enterprise-edition
13:04:51.552 [main] DEBUG karate.org.apache.http.impl.execchain.MainClientExec - Connection can be kept alive indefinitely
13:04:51.552 [main] DEBUG karate.org.apache.http.impl.conn.PoolingHttpClientConnectionManager - Connection [id: 7][route: {s}->https://apigw-st.telus.com:443] can be kept alive indefinitely
13:04:51.552 [main] DEBUG karate.org.apache.http.impl.conn.DefaultManagedHttpClientConnection - http-outgoing-7: set socket timeout to 0
13:04:51.552 [main] DEBUG karate.org.apache.http.impl.conn.PoolingHttpClientConnectionManager - Connection released: [id: 7][route: {s}->https://apigw-st.telus.com:443][total available: 1; route allocated: 1 of 5; total allocated: 1 of 10]
13:04:51.552 [main] DEBUG com.intuit.karate - response time in milliseconds: 156
1 < 403
1 < Content-Type: application/json; charset=utf-8
1 < Content-Length: 23
1 < Connection: keep-alive
1 < Date: Fri, 09 Aug 2024 17:04:52 GMT
1 < WWW-Authenticate: Bearer realm="teamsso-its04.telus.com", error="insufficient_scope"
1 < Kong-Request-ID: 7720e76f-0cb0-4bcc-bf36-7e2baae01826#372521
1 < vary: Origin
1 < vary: Origin
1 < X-Kong-Response-Latency: 1
1 < Server: kong/3.4.3.11-enterprise-edition
1 < X-Kong-Request-Id: 9278333210ac7640d034737ef635e56c
1 < X-Kong-Upstream-Latency: 4
1 < X-Kong-Proxy-Latency: 2
1 < Via: kong/3.4.3.11-enterprise-edition
{"message":"Forbidden"}
13:04:51.553 [main] ERROR com.intuit.karate - classpath:feature/API_Negative_Response_Test.feature:19
Then status 404
status code was: 403, expected: 404, response time in milliseconds: 156, url: https://apigw-st.telus.com/customer/contactCenterCustomerInfo/v1/account?ban=70970024, response: 
{"message":"Forbidden"}
classpath:feature/API_Negative_Response_Test.feature:19
13:04:51.559 [main] INFO com.intuit.karate - karate.env system property was: it01 
13:04:51.559 [main] INFO com.intuit.karate - clientId:52e80bfa-b42c-47d7-98b5-8bb87c926209 
13:04:51.560 [main] INFO com.intuit.karate - Current URL is : https://apigw-st.telus.com 
13:04:51.560 [main] INFO com.intuit.karate - Current Env is : it01 
13:04:51.563 [main] INFO com.intuit.karate - [print] eyJhbGciOiJSUzI1NiIsImtpZCI6ImNhZGZhMTYyLTU2YzEtNGRiOS1hNjNmLTYwZTM3NzIwMWJkZiIsInBpLmF0bSI6IjMifQ.eyJzY29wZSI6WyI0NzIwIl0sImF1dGhvcml6YXRpb25fZGV0YWlscyI6W10sImNsaWVudF9pZCI6IjUyZTgwYmZhLWI0MmMtNDdkNy05OGI1LThiYjg3YzkyNjIwOSIsImlzcyI6Imh0dHBzOi8vdGVhbXNzby1pdHMwNC50ZWx1cy5jb20iLCJhdWQiOiJrb25nIiwiaWF0IjoxNzIzMjIzMDg5LCJleHAiOjE3MjMyMjMzODl9.flESEmYyI_eCkBmzn54OkGfP2lAIxnyqs2XbjtABUAmEnkCOQe8uoiUdROg_nBCNsbluJLTMIyv2VQYcEFeVpzwJIN4AH00KC-3px8L7DRMcbbbRqgIOGamUVRjytKBt3cFR1XVCW32bLo_XlS6M0CPdsCtowSRRwenf6htGC3loiXiWZ8pxuYaJNnmQfuSN9rWpZNHc8y-eYDl0xm6EoEXQSfatP3EAxDBw6tgqlb5patcu_afyMqKiHha9IdISwDeMrqyfvgoAR4Sqhdy3Uxp_k_xzmM-XWElgzY0YfiUnRnIl01fsIz1UO7xaed3xVyVlwsYrq6nB9I57SYDk-A 
13:04:51.563 [main] INFO com.intuit.karate - [print] it01 
13:04:51.565 [main] DEBUG karate.org.apache.http.client.protocol.RequestAddCookies - CookieSpec selected: karate
13:04:51.565 [main] DEBUG karate.org.apache.http.client.protocol.RequestAuthCache - Auth cache not set in the context
13:04:51.565 [main] DEBUG com.intuit.karate - request:
1 > GET https://apigw-st.telus.com/customer/contactCenterCustomerInfo/v1/account?tn=4161404453
1 > accept: application/json
1 > env: it01
1 > x-cloud-trace-context: karate-integration-test
1 > Authorization: Bearer eyJhbGciOiJSUzI1NiIsImtpZCI6ImNhZGZhMTYyLTU2YzEtNGRiOS1hNjNmLTYwZTM3NzIwMWJkZiIsInBpLmF0bSI6IjMifQ.eyJzY29wZSI6WyI0NzIwIl0sImF1dGhvcml6YXRpb25fZGV0YWlscyI6W10sImNsaWVudF9pZCI6IjUyZTgwYmZhLWI0MmMtNDdkNy05OGI1LThiYjg3YzkyNjIwOSIsImlzcyI6Imh0dHBzOi8vdGVhbXNzby1pdHMwNC50ZWx1cy5jb20iLCJhdWQiOiJrb25nIiwiaWF0IjoxNzIzMjIzMDg5LCJleHAiOjE3MjMyMjMzODl9.flESEmYyI_eCkBmzn54OkGfP2lAIxnyqs2XbjtABUAmEnkCOQe8uoiUdROg_nBCNsbluJLTMIyv2VQYcEFeVpzwJIN4AH00KC-3px8L7DRMcbbbRqgIOGamUVRjytKBt3cFR1XVCW32bLo_XlS6M0CPdsCtowSRRwenf6htGC3loiXiWZ8pxuYaJNnmQfuSN9rWpZNHc8y-eYDl0xm6EoEXQSfatP3EAxDBw6tgqlb5patcu_afyMqKiHha9IdISwDeMrqyfvgoAR4Sqhdy3Uxp_k_xzmM-XWElgzY0YfiUnRnIl01fsIz1UO7xaed3xVyVlwsYrq6nB9I57SYDk-A
1 > Host: apigw-st.telus.com
1 > Connection: Keep-Alive
1 > User-Agent: Apache-HttpClient/4.5.13 (Java/20.0.2)
1 > Accept-Encoding: gzip,deflate


13:04:51.565 [main] DEBUG karate.org.apache.http.impl.conn.PoolingHttpClientConnectionManager - Connection request: [route: {s}->https://apigw-st.telus.com:443][total available: 0; route allocated: 0 of 5; total allocated: 0 of 10]
13:04:51.565 [main] DEBUG karate.org.apache.http.impl.conn.PoolingHttpClientConnectionManager - Connection leased: [id: 8][route: {s}->https://apigw-st.telus.com:443][total available: 0; route allocated: 1 of 5; total allocated: 1 of 10]
13:04:51.565 [main] DEBUG karate.org.apache.http.impl.execchain.MainClientExec - Opening connection {s}->https://apigw-st.telus.com:443
13:04:51.566 [main] DEBUG karate.org.apache.http.impl.conn.DefaultHttpClientConnectionOperator - Connecting to apigw-st.telus.com/207.219.84.31:443
13:04:51.566 [main] DEBUG karate.org.apache.http.conn.ssl.LenientSslConnectionSocketFactory - Connecting socket to apigw-st.telus.com/207.219.84.31:443 with timeout 10000
13:04:51.608 [main] DEBUG karate.org.apache.http.conn.ssl.LenientSslConnectionSocketFactory - Enabled protocols: [TLSv1.3, TLSv1.2]
13:04:51.608 [main] DEBUG karate.org.apache.http.conn.ssl.LenientSslConnectionSocketFactory - Enabled cipher suites:[TLS_AES_256_GCM_SHA384, TLS_AES_128_GCM_SHA256, TLS_CHACHA20_POLY1305_SHA256, TLS_ECDHE_ECDSA_WITH_AES_256_GCM_SHA384, TLS_ECDHE_ECDSA_WITH_AES_128_GCM_SHA256, TLS_ECDHE_ECDSA_WITH_CHACHA20_POLY1305_SHA256, TLS_ECDHE_RSA_WITH_AES_256_GCM_SHA384, TLS_ECDHE_RSA_WITH_CHACHA20_POLY1305_SHA256, TLS_ECDHE_RSA_WITH_AES_128_GCM_SHA256, TLS_DHE_RSA_WITH_AES_256_GCM_SHA384, TLS_DHE_RSA_WITH_CHACHA20_POLY1305_SHA256, TLS_DHE_DSS_WITH_AES_256_GCM_SHA384, TLS_DHE_RSA_WITH_AES_128_GCM_SHA256, TLS_DHE_DSS_WITH_AES_128_GCM_SHA256, TLS_ECDHE_ECDSA_WITH_AES_256_CBC_SHA384, TLS_ECDHE_RSA_WITH_AES_256_CBC_SHA384, TLS_ECDHE_ECDSA_WITH_AES_128_CBC_SHA256, TLS_ECDHE_RSA_WITH_AES_128_CBC_SHA256, TLS_DHE_RSA_WITH_AES_256_CBC_SHA256, TLS_DHE_DSS_WITH_AES_256_CBC_SHA256, TLS_DHE_RSA_WITH_AES_128_CBC_SHA256, TLS_DHE_DSS_WITH_AES_128_CBC_SHA256, TLS_ECDHE_ECDSA_WITH_AES_256_CBC_SHA, TLS_ECDHE_RSA_WITH_AES_256_CBC_SHA, TLS_ECDHE_ECDSA_WITH_AES_128_CBC_SHA, TLS_ECDHE_RSA_WITH_AES_128_CBC_SHA, TLS_DHE_RSA_WITH_AES_256_CBC_SHA, TLS_DHE_DSS_WITH_AES_256_CBC_SHA, TLS_DHE_RSA_WITH_AES_128_CBC_SHA, TLS_DHE_DSS_WITH_AES_128_CBC_SHA, TLS_RSA_WITH_AES_256_GCM_SHA384, TLS_RSA_WITH_AES_128_GCM_SHA256, TLS_RSA_WITH_AES_256_CBC_SHA256, TLS_RSA_WITH_AES_128_CBC_SHA256, TLS_RSA_WITH_AES_256_CBC_SHA, TLS_RSA_WITH_AES_128_CBC_SHA, TLS_EMPTY_RENEGOTIATION_INFO_SCSV]
13:04:51.608 [main] DEBUG karate.org.apache.http.conn.ssl.LenientSslConnectionSocketFactory - Starting handshake
13:04:51.665 [main] DEBUG karate.org.apache.http.conn.ssl.LenientSslConnectionSocketFactory - Secure session established
13:04:51.665 [main] DEBUG karate.org.apache.http.conn.ssl.LenientSslConnectionSocketFactory -  negotiated protocol: TLSv1.3
13:04:51.665 [main] DEBUG karate.org.apache.http.conn.ssl.LenientSslConnectionSocketFactory -  negotiated cipher suite: TLS_AES_128_GCM_SHA256
13:04:51.665 [main] DEBUG karate.org.apache.http.conn.ssl.LenientSslConnectionSocketFactory -  peer principal: CN=apigw-soap-st.telus.com, O=TELUS Corp., L=Vancouver, ST=British Columbia, C=CA
13:04:51.665 [main] DEBUG karate.org.apache.http.conn.ssl.LenientSslConnectionSocketFactory -  peer alternative names: [apigw-soap-st.telus.com, apigw-st.telus.com, apigw-qidc-st.telus.com, apigw-kidc-st.telus.com, apigw-soap-qidc-st.telus.com, apigw-soap-kidc-st.telus.com]
13:04:51.665 [main] DEBUG karate.org.apache.http.conn.ssl.LenientSslConnectionSocketFactory -  issuer principal: CN=DigiCert Global G2 TLS RSA SHA256 2020 CA1, O=DigiCert Inc, C=US
13:04:51.666 [main] DEBUG karate.org.apache.http.impl.conn.DefaultHttpClientConnectionOperator - Connection established 192.168.1.65:54944<->207.219.84.31:443
13:04:51.666 [main] DEBUG karate.org.apache.http.impl.conn.DefaultManagedHttpClientConnection - http-outgoing-8: set socket timeout to 20000
13:04:51.666 [main] DEBUG karate.org.apache.http.impl.execchain.MainClientExec - Executing request GET /customer/contactCenterCustomerInfo/v1/account?tn=4161404453 HTTP/1.1
13:04:51.666 [main] DEBUG karate.org.apache.http.impl.execchain.MainClientExec - Proxy auth state: UNCHALLENGED
13:04:51.666 [main] DEBUG karate.org.apache.http.headers - http-outgoing-8 >> GET /customer/contactCenterCustomerInfo/v1/account?tn=4161404453 HTTP/1.1
13:04:51.666 [main] DEBUG karate.org.apache.http.headers - http-outgoing-8 >> accept: application/json
13:04:51.666 [main] DEBUG karate.org.apache.http.headers - http-outgoing-8 >> env: it01
13:04:51.666 [main] DEBUG karate.org.apache.http.headers - http-outgoing-8 >> x-cloud-trace-context: karate-integration-test
13:04:51.666 [main] DEBUG karate.org.apache.http.headers - http-outgoing-8 >> Authorization: Bearer eyJhbGciOiJSUzI1NiIsImtpZCI6ImNhZGZhMTYyLTU2YzEtNGRiOS1hNjNmLTYwZTM3NzIwMWJkZiIsInBpLmF0bSI6IjMifQ.eyJzY29wZSI6WyI0NzIwIl0sImF1dGhvcml6YXRpb25fZGV0YWlscyI6W10sImNsaWVudF9pZCI6IjUyZTgwYmZhLWI0MmMtNDdkNy05OGI1LThiYjg3YzkyNjIwOSIsImlzcyI6Imh0dHBzOi8vdGVhbXNzby1pdHMwNC50ZWx1cy5jb20iLCJhdWQiOiJrb25nIiwiaWF0IjoxNzIzMjIzMDg5LCJleHAiOjE3MjMyMjMzODl9.flESEmYyI_eCkBmzn54OkGfP2lAIxnyqs2XbjtABUAmEnkCOQe8uoiUdROg_nBCNsbluJLTMIyv2VQYcEFeVpzwJIN4AH00KC-3px8L7DRMcbbbRqgIOGamUVRjytKBt3cFR1XVCW32bLo_XlS6M0CPdsCtowSRRwenf6htGC3loiXiWZ8pxuYaJNnmQfuSN9rWpZNHc8y-eYDl0xm6EoEXQSfatP3EAxDBw6tgqlb5patcu_afyMqKiHha9IdISwDeMrqyfvgoAR4Sqhdy3Uxp_k_xzmM-XWElgzY0YfiUnRnIl01fsIz1UO7xaed3xVyVlwsYrq6nB9I57SYDk-A
13:04:51.666 [main] DEBUG karate.org.apache.http.headers - http-outgoing-8 >> Host: apigw-st.telus.com
13:04:51.666 [main] DEBUG karate.org.apache.http.headers - http-outgoing-8 >> Connection: Keep-Alive
13:04:51.666 [main] DEBUG karate.org.apache.http.headers - http-outgoing-8 >> User-Agent: Apache-HttpClient/4.5.13 (Java/20.0.2)
13:04:51.666 [main] DEBUG karate.org.apache.http.headers - http-outgoing-8 >> Accept-Encoding: gzip,deflate
13:04:51.666 [main] DEBUG karate.org.apache.http.wire - http-outgoing-8 >> "GET /customer/contactCenterCustomerInfo/v1/account?tn=4161404453 HTTP/1.1[\r][\n]"
13:04:51.666 [main] DEBUG karate.org.apache.http.wire - http-outgoing-8 >> "accept: application/json[\r][\n]"
13:04:51.666 [main] DEBUG karate.org.apache.http.wire - http-outgoing-8 >> "env: it01[\r][\n]"
13:04:51.666 [main] DEBUG karate.org.apache.http.wire - http-outgoing-8 >> "x-cloud-trace-context: karate-integration-test[\r][\n]"
13:04:51.666 [main] DEBUG karate.org.apache.http.wire - http-outgoing-8 >> "Authorization: Bearer eyJhbGciOiJSUzI1NiIsImtpZCI6ImNhZGZhMTYyLTU2YzEtNGRiOS1hNjNmLTYwZTM3NzIwMWJkZiIsInBpLmF0bSI6IjMifQ.eyJzY29wZSI6WyI0NzIwIl0sImF1dGhvcml6YXRpb25fZGV0YWlscyI6W10sImNsaWVudF9pZCI6IjUyZTgwYmZhLWI0MmMtNDdkNy05OGI1LThiYjg3YzkyNjIwOSIsImlzcyI6Imh0dHBzOi8vdGVhbXNzby1pdHMwNC50ZWx1cy5jb20iLCJhdWQiOiJrb25nIiwiaWF0IjoxNzIzMjIzMDg5LCJleHAiOjE3MjMyMjMzODl9.flESEmYyI_eCkBmzn54OkGfP2lAIxnyqs2XbjtABUAmEnkCOQe8uoiUdROg_nBCNsbluJLTMIyv2VQYcEFeVpzwJIN4AH00KC-3px8L7DRMcbbbRqgIOGamUVRjytKBt3cFR1XVCW32bLo_XlS6M0CPdsCtowSRRwenf6htGC3loiXiWZ8pxuYaJNnmQfuSN9rWpZNHc8y-eYDl0xm6EoEXQSfatP3EAxDBw6tgqlb5patcu_afyMqKiHha9IdISwDeMrqyfvgoAR4Sqhdy3Uxp_k_xzmM-XWElgzY0YfiUnRnIl01fsIz1UO7xaed3xVyVlwsYrq6nB9I57SYDk-A[\r][\n]"
13:04:51.666 [main] DEBUG karate.org.apache.http.wire - http-outgoing-8 >> "Host: apigw-st.telus.com[\r][\n]"
13:04:51.666 [main] DEBUG karate.org.apache.http.wire - http-outgoing-8 >> "Connection: Keep-Alive[\r][\n]"
13:04:51.666 [main] DEBUG karate.org.apache.http.wire - http-outgoing-8 >> "User-Agent: Apache-HttpClient/4.5.13 (Java/20.0.2)[\r][\n]"
13:04:51.666 [main] DEBUG karate.org.apache.http.wire - http-outgoing-8 >> "Accept-Encoding: gzip,deflate[\r][\n]"
13:04:51.666 [main] DEBUG karate.org.apache.http.wire - http-outgoing-8 >> "[\r][\n]"
13:04:51.732 [main] DEBUG karate.org.apache.http.wire - http-outgoing-8 << "HTTP/1.1 403 Forbidden[\r][\n]"
13:04:51.732 [main] DEBUG karate.org.apache.http.wire - http-outgoing-8 << "Content-Type: application/json; charset=utf-8[\r][\n]"
13:04:51.732 [main] DEBUG karate.org.apache.http.wire - http-outgoing-8 << "Content-Length: 23[\r][\n]"
13:04:51.732 [main] DEBUG karate.org.apache.http.wire - http-outgoing-8 << "Connection: keep-alive[\r][\n]"
13:04:51.732 [main] DEBUG karate.org.apache.http.wire - http-outgoing-8 << "Date: Fri, 09 Aug 2024 17:04:52 GMT[\r][\n]"
13:04:51.732 [main] DEBUG karate.org.apache.http.wire - http-outgoing-8 << "WWW-Authenticate: Bearer realm="teamsso-its04.telus.com", error="insufficient_scope"[\r][\n]"
13:04:51.732 [main] DEBUG karate.org.apache.http.wire - http-outgoing-8 << "Kong-Request-ID: 813137a7-c89b-4b1b-ab8b-01bbb50fe511#396396[\r][\n]"
13:04:51.732 [main] DEBUG karate.org.apache.http.wire - http-outgoing-8 << "vary: Origin[\r][\n]"
13:04:51.732 [main] DEBUG karate.org.apache.http.wire - http-outgoing-8 << "X-Kong-Response-Latency: 2[\r][\n]"
13:04:51.732 [main] DEBUG karate.org.apache.http.wire - http-outgoing-8 << "Server: kong/3.4.3.11-enterprise-edition[\r][\n]"
13:04:51.732 [main] DEBUG karate.org.apache.http.wire - http-outgoing-8 << "X-Kong-Request-Id: c39c5e452fffaa02574f17685627cb1c[\r][\n]"
13:04:51.732 [main] DEBUG karate.org.apache.http.wire - http-outgoing-8 << "vary: Origin[\r][\n]"
13:04:51.732 [main] DEBUG karate.org.apache.http.wire - http-outgoing-8 << "X-Kong-Upstream-Latency: 6[\r][\n]"
13:04:51.732 [main] DEBUG karate.org.apache.http.wire - http-outgoing-8 << "X-Kong-Proxy-Latency: 1[\r][\n]"
13:04:51.732 [main] DEBUG karate.org.apache.http.wire - http-outgoing-8 << "Via: kong/3.4.3.11-enterprise-edition[\r][\n]"
13:04:51.732 [main] DEBUG karate.org.apache.http.wire - http-outgoing-8 << "[\r][\n]"
13:04:51.732 [main] DEBUG karate.org.apache.http.wire - http-outgoing-8 << "{"message":"Forbidden"}"
13:04:51.732 [main] DEBUG karate.org.apache.http.headers - http-outgoing-8 << HTTP/1.1 403 Forbidden
13:04:51.732 [main] DEBUG karate.org.apache.http.headers - http-outgoing-8 << Content-Type: application/json; charset=utf-8
13:04:51.732 [main] DEBUG karate.org.apache.http.headers - http-outgoing-8 << Content-Length: 23
13:04:51.732 [main] DEBUG karate.org.apache.http.headers - http-outgoing-8 << Connection: keep-alive
13:04:51.732 [main] DEBUG karate.org.apache.http.headers - http-outgoing-8 << Date: Fri, 09 Aug 2024 17:04:52 GMT
13:04:51.732 [main] DEBUG karate.org.apache.http.headers - http-outgoing-8 << WWW-Authenticate: Bearer realm="teamsso-its04.telus.com", error="insufficient_scope"
13:04:51.732 [main] DEBUG karate.org.apache.http.headers - http-outgoing-8 << Kong-Request-ID: 813137a7-c89b-4b1b-ab8b-01bbb50fe511#396396
13:04:51.732 [main] DEBUG karate.org.apache.http.headers - http-outgoing-8 << vary: Origin
13:04:51.732 [main] DEBUG karate.org.apache.http.headers - http-outgoing-8 << X-Kong-Response-Latency: 2
13:04:51.732 [main] DEBUG karate.org.apache.http.headers - http-outgoing-8 << Server: kong/3.4.3.11-enterprise-edition
13:04:51.732 [main] DEBUG karate.org.apache.http.headers - http-outgoing-8 << X-Kong-Request-Id: c39c5e452fffaa02574f17685627cb1c
13:04:51.733 [main] DEBUG karate.org.apache.http.headers - http-outgoing-8 << vary: Origin
13:04:51.733 [main] DEBUG karate.org.apache.http.headers - http-outgoing-8 << X-Kong-Upstream-Latency: 6
13:04:51.733 [main] DEBUG karate.org.apache.http.headers - http-outgoing-8 << X-Kong-Proxy-Latency: 1
13:04:51.733 [main] DEBUG karate.org.apache.http.headers - http-outgoing-8 << Via: kong/3.4.3.11-enterprise-edition
13:04:51.733 [main] DEBUG karate.org.apache.http.impl.execchain.MainClientExec - Connection can be kept alive indefinitely
13:04:51.733 [main] DEBUG karate.org.apache.http.impl.conn.PoolingHttpClientConnectionManager - Connection [id: 8][route: {s}->https://apigw-st.telus.com:443] can be kept alive indefinitely
13:04:51.733 [main] DEBUG karate.org.apache.http.impl.conn.DefaultManagedHttpClientConnection - http-outgoing-8: set socket timeout to 0
13:04:51.733 [main] DEBUG karate.org.apache.http.impl.conn.PoolingHttpClientConnectionManager - Connection released: [id: 8][route: {s}->https://apigw-st.telus.com:443][total available: 1; route allocated: 1 of 5; total allocated: 1 of 10]
13:04:51.733 [main] DEBUG com.intuit.karate - response time in milliseconds: 168
1 < 403
1 < Content-Type: application/json; charset=utf-8
1 < Content-Length: 23
1 < Connection: keep-alive
1 < Date: Fri, 09 Aug 2024 17:04:52 GMT
1 < WWW-Authenticate: Bearer realm="teamsso-its04.telus.com", error="insufficient_scope"
1 < Kong-Request-ID: 813137a7-c89b-4b1b-ab8b-01bbb50fe511#396396
1 < vary: Origin
1 < vary: Origin
1 < X-Kong-Response-Latency: 2
1 < Server: kong/3.4.3.11-enterprise-edition
1 < X-Kong-Request-Id: c39c5e452fffaa02574f17685627cb1c
1 < X-Kong-Upstream-Latency: 6
1 < X-Kong-Proxy-Latency: 1
1 < Via: kong/3.4.3.11-enterprise-edition
{"message":"Forbidden"}
13:04:51.734 [main] ERROR com.intuit.karate - classpath:feature/API_Negative_Response_Test.feature:26
Then status 404
status code was: 403, expected: 404, response time in milliseconds: 168, url: https://apigw-st.telus.com/customer/contactCenterCustomerInfo/v1/account?tn=4161404453, response: 
{"message":"Forbidden"}
classpath:feature/API_Negative_Response_Test.feature:26
13:04:51.739 [main] INFO com.intuit.karate - karate.env system property was: it01 
13:04:51.739 [main] INFO com.intuit.karate - clientId:52e80bfa-b42c-47d7-98b5-8bb87c926209 
13:04:51.740 [main] INFO com.intuit.karate - Current URL is : https://apigw-st.telus.com 
13:04:51.740 [main] INFO com.intuit.karate - Current Env is : it01 
13:04:51.744 [main] INFO com.intuit.karate - [print] eyJhbGciOiJSUzI1NiIsImtpZCI6ImNhZGZhMTYyLTU2YzEtNGRiOS1hNjNmLTYwZTM3NzIwMWJkZiIsInBpLmF0bSI6IjMifQ.eyJzY29wZSI6WyI0NzIwIl0sImF1dGhvcml6YXRpb25fZGV0YWlscyI6W10sImNsaWVudF9pZCI6IjUyZTgwYmZhLWI0MmMtNDdkNy05OGI1LThiYjg3YzkyNjIwOSIsImlzcyI6Imh0dHBzOi8vdGVhbXNzby1pdHMwNC50ZWx1cy5jb20iLCJhdWQiOiJrb25nIiwiaWF0IjoxNzIzMjIzMDg5LCJleHAiOjE3MjMyMjMzODl9.flESEmYyI_eCkBmzn54OkGfP2lAIxnyqs2XbjtABUAmEnkCOQe8uoiUdROg_nBCNsbluJLTMIyv2VQYcEFeVpzwJIN4AH00KC-3px8L7DRMcbbbRqgIOGamUVRjytKBt3cFR1XVCW32bLo_XlS6M0CPdsCtowSRRwenf6htGC3loiXiWZ8pxuYaJNnmQfuSN9rWpZNHc8y-eYDl0xm6EoEXQSfatP3EAxDBw6tgqlb5patcu_afyMqKiHha9IdISwDeMrqyfvgoAR4Sqhdy3Uxp_k_xzmM-XWElgzY0YfiUnRnIl01fsIz1UO7xaed3xVyVlwsYrq6nB9I57SYDk-A 
13:04:51.744 [main] INFO com.intuit.karate - [print] it01 
13:04:51.746 [main] DEBUG karate.org.apache.http.client.protocol.RequestAddCookies - CookieSpec selected: karate
13:04:51.746 [main] DEBUG karate.org.apache.http.client.protocol.RequestAuthCache - Auth cache not set in the context
13:04:51.746 [main] DEBUG com.intuit.karate - request:
1 > GET https://apigw-st.telus.com/customer/contactCenterCustomerInfo/v1/account?tn=4161404453&ban=70970024
1 > accept: application/json
1 > env: it01
1 > x-cloud-trace-context: karate-integration-test
1 > Authorization: Bearer eyJhbGciOiJSUzI1NiIsImtpZCI6ImNhZGZhMTYyLTU2YzEtNGRiOS1hNjNmLTYwZTM3NzIwMWJkZiIsInBpLmF0bSI6IjMifQ.eyJzY29wZSI6WyI0NzIwIl0sImF1dGhvcml6YXRpb25fZGV0YWlscyI6W10sImNsaWVudF9pZCI6IjUyZTgwYmZhLWI0MmMtNDdkNy05OGI1LThiYjg3YzkyNjIwOSIsImlzcyI6Imh0dHBzOi8vdGVhbXNzby1pdHMwNC50ZWx1cy5jb20iLCJhdWQiOiJrb25nIiwiaWF0IjoxNzIzMjIzMDg5LCJleHAiOjE3MjMyMjMzODl9.flESEmYyI_eCkBmzn54OkGfP2lAIxnyqs2XbjtABUAmEnkCOQe8uoiUdROg_nBCNsbluJLTMIyv2VQYcEFeVpzwJIN4AH00KC-3px8L7DRMcbbbRqgIOGamUVRjytKBt3cFR1XVCW32bLo_XlS6M0CPdsCtowSRRwenf6htGC3loiXiWZ8pxuYaJNnmQfuSN9rWpZNHc8y-eYDl0xm6EoEXQSfatP3EAxDBw6tgqlb5patcu_afyMqKiHha9IdISwDeMrqyfvgoAR4Sqhdy3Uxp_k_xzmM-XWElgzY0YfiUnRnIl01fsIz1UO7xaed3xVyVlwsYrq6nB9I57SYDk-A
1 > Host: apigw-st.telus.com
1 > Connection: Keep-Alive
1 > User-Agent: Apache-HttpClient/4.5.13 (Java/20.0.2)
1 > Accept-Encoding: gzip,deflate


13:04:51.746 [main] DEBUG karate.org.apache.http.impl.conn.PoolingHttpClientConnectionManager - Connection request: [route: {s}->https://apigw-st.telus.com:443][total available: 0; route allocated: 0 of 5; total allocated: 0 of 10]
13:04:51.746 [main] DEBUG karate.org.apache.http.impl.conn.PoolingHttpClientConnectionManager - Connection leased: [id: 9][route: {s}->https://apigw-st.telus.com:443][total available: 0; route allocated: 1 of 5; total allocated: 1 of 10]
13:04:51.746 [main] DEBUG karate.org.apache.http.impl.execchain.MainClientExec - Opening connection {s}->https://apigw-st.telus.com:443
13:04:51.747 [main] DEBUG karate.org.apache.http.impl.conn.DefaultHttpClientConnectionOperator - Connecting to apigw-st.telus.com/207.219.84.31:443
13:04:51.747 [main] DEBUG karate.org.apache.http.conn.ssl.LenientSslConnectionSocketFactory - Connecting socket to apigw-st.telus.com/207.219.84.31:443 with timeout 10000
13:04:51.785 [main] DEBUG karate.org.apache.http.conn.ssl.LenientSslConnectionSocketFactory - Enabled protocols: [TLSv1.3, TLSv1.2]
13:04:51.785 [main] DEBUG karate.org.apache.http.conn.ssl.LenientSslConnectionSocketFactory - Enabled cipher suites:[TLS_AES_256_GCM_SHA384, TLS_AES_128_GCM_SHA256, TLS_CHACHA20_POLY1305_SHA256, TLS_ECDHE_ECDSA_WITH_AES_256_GCM_SHA384, TLS_ECDHE_ECDSA_WITH_AES_128_GCM_SHA256, TLS_ECDHE_ECDSA_WITH_CHACHA20_POLY1305_SHA256, TLS_ECDHE_RSA_WITH_AES_256_GCM_SHA384, TLS_ECDHE_RSA_WITH_CHACHA20_POLY1305_SHA256, TLS_ECDHE_RSA_WITH_AES_128_GCM_SHA256, TLS_DHE_RSA_WITH_AES_256_GCM_SHA384, TLS_DHE_RSA_WITH_CHACHA20_POLY1305_SHA256, TLS_DHE_DSS_WITH_AES_256_GCM_SHA384, TLS_DHE_RSA_WITH_AES_128_GCM_SHA256, TLS_DHE_DSS_WITH_AES_128_GCM_SHA256, TLS_ECDHE_ECDSA_WITH_AES_256_CBC_SHA384, TLS_ECDHE_RSA_WITH_AES_256_CBC_SHA384, TLS_ECDHE_ECDSA_WITH_AES_128_CBC_SHA256, TLS_ECDHE_RSA_WITH_AES_128_CBC_SHA256, TLS_DHE_RSA_WITH_AES_256_CBC_SHA256, TLS_DHE_DSS_WITH_AES_256_CBC_SHA256, TLS_DHE_RSA_WITH_AES_128_CBC_SHA256, TLS_DHE_DSS_WITH_AES_128_CBC_SHA256, TLS_ECDHE_ECDSA_WITH_AES_256_CBC_SHA, TLS_ECDHE_RSA_WITH_AES_256_CBC_SHA, TLS_ECDHE_ECDSA_WITH_AES_128_CBC_SHA, TLS_ECDHE_RSA_WITH_AES_128_CBC_SHA, TLS_DHE_RSA_WITH_AES_256_CBC_SHA, TLS_DHE_DSS_WITH_AES_256_CBC_SHA, TLS_DHE_RSA_WITH_AES_128_CBC_SHA, TLS_DHE_DSS_WITH_AES_128_CBC_SHA, TLS_RSA_WITH_AES_256_GCM_SHA384, TLS_RSA_WITH_AES_128_GCM_SHA256, TLS_RSA_WITH_AES_256_CBC_SHA256, TLS_RSA_WITH_AES_128_CBC_SHA256, TLS_RSA_WITH_AES_256_CBC_SHA, TLS_RSA_WITH_AES_128_CBC_SHA, TLS_EMPTY_RENEGOTIATION_INFO_SCSV]
13:04:51.785 [main] DEBUG karate.org.apache.http.conn.ssl.LenientSslConnectionSocketFactory - Starting handshake
13:04:51.846 [main] DEBUG karate.org.apache.http.conn.ssl.LenientSslConnectionSocketFactory - Secure session established
13:04:51.846 [main] DEBUG karate.org.apache.http.conn.ssl.LenientSslConnectionSocketFactory -  negotiated protocol: TLSv1.3
13:04:51.846 [main] DEBUG karate.org.apache.http.conn.ssl.LenientSslConnectionSocketFactory -  negotiated cipher suite: TLS_AES_128_GCM_SHA256
13:04:51.846 [main] DEBUG karate.org.apache.http.conn.ssl.LenientSslConnectionSocketFactory -  peer principal: CN=apigw-soap-st.telus.com, O=TELUS Corp., L=Vancouver, ST=British Columbia, C=CA
13:04:51.846 [main] DEBUG karate.org.apache.http.conn.ssl.LenientSslConnectionSocketFactory -  peer alternative names: [apigw-soap-st.telus.com, apigw-st.telus.com, apigw-qidc-st.telus.com, apigw-kidc-st.telus.com, apigw-soap-qidc-st.telus.com, apigw-soap-kidc-st.telus.com]
13:04:51.846 [main] DEBUG karate.org.apache.http.conn.ssl.LenientSslConnectionSocketFactory -  issuer principal: CN=DigiCert Global G2 TLS RSA SHA256 2020 CA1, O=DigiCert Inc, C=US
13:04:51.846 [main] DEBUG karate.org.apache.http.impl.conn.DefaultHttpClientConnectionOperator - Connection established 192.168.1.65:54945<->207.219.84.31:443
13:04:51.846 [main] DEBUG karate.org.apache.http.impl.conn.DefaultManagedHttpClientConnection - http-outgoing-9: set socket timeout to 20000
13:04:51.846 [main] DEBUG karate.org.apache.http.impl.execchain.MainClientExec - Executing request GET /customer/contactCenterCustomerInfo/v1/account?tn=4161404453&ban=70970024 HTTP/1.1
13:04:51.846 [main] DEBUG karate.org.apache.http.impl.execchain.MainClientExec - Proxy auth state: UNCHALLENGED
13:04:51.847 [main] DEBUG karate.org.apache.http.headers - http-outgoing-9 >> GET /customer/contactCenterCustomerInfo/v1/account?tn=4161404453&ban=70970024 HTTP/1.1
13:04:51.847 [main] DEBUG karate.org.apache.http.headers - http-outgoing-9 >> accept: application/json
13:04:51.847 [main] DEBUG karate.org.apache.http.headers - http-outgoing-9 >> env: it01
13:04:51.847 [main] DEBUG karate.org.apache.http.headers - http-outgoing-9 >> x-cloud-trace-context: karate-integration-test
13:04:51.847 [main] DEBUG karate.org.apache.http.headers - http-outgoing-9 >> Authorization: Bearer eyJhbGciOiJSUzI1NiIsImtpZCI6ImNhZGZhMTYyLTU2YzEtNGRiOS1hNjNmLTYwZTM3NzIwMWJkZiIsInBpLmF0bSI6IjMifQ.eyJzY29wZSI6WyI0NzIwIl0sImF1dGhvcml6YXRpb25fZGV0YWlscyI6W10sImNsaWVudF9pZCI6IjUyZTgwYmZhLWI0MmMtNDdkNy05OGI1LThiYjg3YzkyNjIwOSIsImlzcyI6Imh0dHBzOi8vdGVhbXNzby1pdHMwNC50ZWx1cy5jb20iLCJhdWQiOiJrb25nIiwiaWF0IjoxNzIzMjIzMDg5LCJleHAiOjE3MjMyMjMzODl9.flESEmYyI_eCkBmzn54OkGfP2lAIxnyqs2XbjtABUAmEnkCOQe8uoiUdROg_nBCNsbluJLTMIyv2VQYcEFeVpzwJIN4AH00KC-3px8L7DRMcbbbRqgIOGamUVRjytKBt3cFR1XVCW32bLo_XlS6M0CPdsCtowSRRwenf6htGC3loiXiWZ8pxuYaJNnmQfuSN9rWpZNHc8y-eYDl0xm6EoEXQSfatP3EAxDBw6tgqlb5patcu_afyMqKiHha9IdISwDeMrqyfvgoAR4Sqhdy3Uxp_k_xzmM-XWElgzY0YfiUnRnIl01fsIz1UO7xaed3xVyVlwsYrq6nB9I57SYDk-A
13:04:51.847 [main] DEBUG karate.org.apache.http.headers - http-outgoing-9 >> Host: apigw-st.telus.com
13:04:51.847 [main] DEBUG karate.org.apache.http.headers - http-outgoing-9 >> Connection: Keep-Alive
13:04:51.847 [main] DEBUG karate.org.apache.http.headers - http-outgoing-9 >> User-Agent: Apache-HttpClient/4.5.13 (Java/20.0.2)
13:04:51.847 [main] DEBUG karate.org.apache.http.headers - http-outgoing-9 >> Accept-Encoding: gzip,deflate
13:04:51.847 [main] DEBUG karate.org.apache.http.wire - http-outgoing-9 >> "GET /customer/contactCenterCustomerInfo/v1/account?tn=4161404453&ban=70970024 HTTP/1.1[\r][\n]"
13:04:51.847 [main] DEBUG karate.org.apache.http.wire - http-outgoing-9 >> "accept: application/json[\r][\n]"
13:04:51.847 [main] DEBUG karate.org.apache.http.wire - http-outgoing-9 >> "env: it01[\r][\n]"
13:04:51.847 [main] DEBUG karate.org.apache.http.wire - http-outgoing-9 >> "x-cloud-trace-context: karate-integration-test[\r][\n]"
13:04:51.847 [main] DEBUG karate.org.apache.http.wire - http-outgoing-9 >> "Authorization: Bearer eyJhbGciOiJSUzI1NiIsImtpZCI6ImNhZGZhMTYyLTU2YzEtNGRiOS1hNjNmLTYwZTM3NzIwMWJkZiIsInBpLmF0bSI6IjMifQ.eyJzY29wZSI6WyI0NzIwIl0sImF1dGhvcml6YXRpb25fZGV0YWlscyI6W10sImNsaWVudF9pZCI6IjUyZTgwYmZhLWI0MmMtNDdkNy05OGI1LThiYjg3YzkyNjIwOSIsImlzcyI6Imh0dHBzOi8vdGVhbXNzby1pdHMwNC50ZWx1cy5jb20iLCJhdWQiOiJrb25nIiwiaWF0IjoxNzIzMjIzMDg5LCJleHAiOjE3MjMyMjMzODl9.flESEmYyI_eCkBmzn54OkGfP2lAIxnyqs2XbjtABUAmEnkCOQe8uoiUdROg_nBCNsbluJLTMIyv2VQYcEFeVpzwJIN4AH00KC-3px8L7DRMcbbbRqgIOGamUVRjytKBt3cFR1XVCW32bLo_XlS6M0CPdsCtowSRRwenf6htGC3loiXiWZ8pxuYaJNnmQfuSN9rWpZNHc8y-eYDl0xm6EoEXQSfatP3EAxDBw6tgqlb5patcu_afyMqKiHha9IdISwDeMrqyfvgoAR4Sqhdy3Uxp_k_xzmM-XWElgzY0YfiUnRnIl01fsIz1UO7xaed3xVyVlwsYrq6nB9I57SYDk-A[\r][\n]"
13:04:51.847 [main] DEBUG karate.org.apache.http.wire - http-outgoing-9 >> "Host: apigw-st.telus.com[\r][\n]"
13:04:51.847 [main] DEBUG karate.org.apache.http.wire - http-outgoing-9 >> "Connection: Keep-Alive[\r][\n]"
13:04:51.847 [main] DEBUG karate.org.apache.http.wire - http-outgoing-9 >> "User-Agent: Apache-HttpClient/4.5.13 (Java/20.0.2)[\r][\n]"
13:04:51.847 [main] DEBUG karate.org.apache.http.wire - http-outgoing-9 >> "Accept-Encoding: gzip,deflate[\r][\n]"
13:04:51.847 [main] DEBUG karate.org.apache.http.wire - http-outgoing-9 >> "[\r][\n]"
13:04:51.898 [main] DEBUG karate.org.apache.http.wire - http-outgoing-9 << "HTTP/1.1 403 Forbidden[\r][\n]"
13:04:51.898 [main] DEBUG karate.org.apache.http.wire - http-outgoing-9 << "Content-Type: application/json; charset=utf-8[\r][\n]"
13:04:51.898 [main] DEBUG karate.org.apache.http.wire - http-outgoing-9 << "Content-Length: 23[\r][\n]"
13:04:51.898 [main] DEBUG karate.org.apache.http.wire - http-outgoing-9 << "Connection: keep-alive[\r][\n]"
13:04:51.898 [main] DEBUG karate.org.apache.http.wire - http-outgoing-9 << "Date: Fri, 09 Aug 2024 17:04:52 GMT[\r][\n]"
13:04:51.898 [main] DEBUG karate.org.apache.http.wire - http-outgoing-9 << "WWW-Authenticate: Bearer realm="teamsso-its04.telus.com", error="insufficient_scope"[\r][\n]"
13:04:51.898 [main] DEBUG karate.org.apache.http.wire - http-outgoing-9 << "Kong-Request-ID: 3aa5f36c-7f69-4b8a-8ad5-11779bbbdd62#359206[\r][\n]"
13:04:51.898 [main] DEBUG karate.org.apache.http.wire - http-outgoing-9 << "vary: Origin[\r][\n]"
13:04:51.898 [main] DEBUG karate.org.apache.http.wire - http-outgoing-9 << "X-Kong-Response-Latency: 5[\r][\n]"
13:04:51.898 [main] DEBUG karate.org.apache.http.wire - http-outgoing-9 << "Server: kong/3.4.3.11-enterprise-edition[\r][\n]"
13:04:51.898 [main] DEBUG karate.org.apache.http.wire - http-outgoing-9 << "X-Kong-Request-Id: 34e2cc46c5d8095856a051770639db29[\r][\n]"
13:04:51.898 [main] DEBUG karate.org.apache.http.wire - http-outgoing-9 << "vary: Origin[\r][\n]"
13:04:51.898 [main] DEBUG karate.org.apache.http.wire - http-outgoing-9 << "X-Kong-Upstream-Latency: 7[\r][\n]"
13:04:51.898 [main] DEBUG karate.org.apache.http.wire - http-outgoing-9 << "X-Kong-Proxy-Latency: 2[\r][\n]"
13:04:51.898 [main] DEBUG karate.org.apache.http.wire - http-outgoing-9 << "Via: kong/3.4.3.11-enterprise-edition[\r][\n]"
13:04:51.898 [main] DEBUG karate.org.apache.http.wire - http-outgoing-9 << "[\r][\n]"
13:04:51.898 [main] DEBUG karate.org.apache.http.wire - http-outgoing-9 << "{"message":"Forbidden"}"
13:04:51.898 [main] DEBUG karate.org.apache.http.headers - http-outgoing-9 << HTTP/1.1 403 Forbidden
13:04:51.898 [main] DEBUG karate.org.apache.http.headers - http-outgoing-9 << Content-Type: application/json; charset=utf-8
13:04:51.898 [main] DEBUG karate.org.apache.http.headers - http-outgoing-9 << Content-Length: 23
13:04:51.898 [main] DEBUG karate.org.apache.http.headers - http-outgoing-9 << Connection: keep-alive
13:04:51.898 [main] DEBUG karate.org.apache.http.headers - http-outgoing-9 << Date: Fri, 09 Aug 2024 17:04:52 GMT
13:04:51.898 [main] DEBUG karate.org.apache.http.headers - http-outgoing-9 << WWW-Authenticate: Bearer realm="teamsso-its04.telus.com", error="insufficient_scope"
13:04:51.899 [main] DEBUG karate.org.apache.http.headers - http-outgoing-9 << Kong-Request-ID: 3aa5f36c-7f69-4b8a-8ad5-11779bbbdd62#359206
13:04:51.899 [main] DEBUG karate.org.apache.http.headers - http-outgoing-9 << vary: Origin
13:04:51.899 [main] DEBUG karate.org.apache.http.headers - http-outgoing-9 << X-Kong-Response-Latency: 5
13:04:51.899 [main] DEBUG karate.org.apache.http.headers - http-outgoing-9 << Server: kong/3.4.3.11-enterprise-edition
13:04:51.899 [main] DEBUG karate.org.apache.http.headers - http-outgoing-9 << X-Kong-Request-Id: 34e2cc46c5d8095856a051770639db29
13:04:51.899 [main] DEBUG karate.org.apache.http.headers - http-outgoing-9 << vary: Origin
13:04:51.899 [main] DEBUG karate.org.apache.http.headers - http-outgoing-9 << X-Kong-Upstream-Latency: 7
13:04:51.899 [main] DEBUG karate.org.apache.http.headers - http-outgoing-9 << X-Kong-Proxy-Latency: 2
13:04:51.899 [main] DEBUG karate.org.apache.http.headers - http-outgoing-9 << Via: kong/3.4.3.11-enterprise-edition
13:04:51.899 [main] DEBUG karate.org.apache.http.impl.execchain.MainClientExec - Connection can be kept alive indefinitely
13:04:51.899 [main] DEBUG karate.org.apache.http.impl.conn.PoolingHttpClientConnectionManager - Connection [id: 9][route: {s}->https://apigw-st.telus.com:443] can be kept alive indefinitely
13:04:51.899 [main] DEBUG karate.org.apache.http.impl.conn.DefaultManagedHttpClientConnection - http-outgoing-9: set socket timeout to 0
13:04:51.899 [main] DEBUG karate.org.apache.http.impl.conn.PoolingHttpClientConnectionManager - Connection released: [id: 9][route: {s}->https://apigw-st.telus.com:443][total available: 1; route allocated: 1 of 5; total allocated: 1 of 10]
13:04:51.900 [main] DEBUG com.intuit.karate - response time in milliseconds: 153
1 < 403
1 < Content-Type: application/json; charset=utf-8
1 < Content-Length: 23
1 < Connection: keep-alive
1 < Date: Fri, 09 Aug 2024 17:04:52 GMT
1 < WWW-Authenticate: Bearer realm="teamsso-its04.telus.com", error="insufficient_scope"
1 < Kong-Request-ID: 3aa5f36c-7f69-4b8a-8ad5-11779bbbdd62#359206
1 < vary: Origin
1 < vary: Origin
1 < X-Kong-Response-Latency: 5
1 < Server: kong/3.4.3.11-enterprise-edition
1 < X-Kong-Request-Id: 34e2cc46c5d8095856a051770639db29
1 < X-Kong-Upstream-Latency: 7
1 < X-Kong-Proxy-Latency: 2
1 < Via: kong/3.4.3.11-enterprise-edition
{"message":"Forbidden"}
13:04:51.900 [main] ERROR com.intuit.karate - classpath:feature/API_Negative_Response_Test.feature:34
Then status 404
status code was: 403, expected: 404, response time in milliseconds: 153, url: https://apigw-st.telus.com/customer/contactCenterCustomerInfo/v1/account?tn=4161404453&ban=70970024, response: 
{"message":"Forbidden"}
classpath:feature/API_Negative_Response_Test.feature:34
13:04:51.905 [main] INFO com.intuit.karate - karate.env system property was: it01 
13:04:51.906 [main] INFO com.intuit.karate - clientId:52e80bfa-b42c-47d7-98b5-8bb87c926209 
13:04:51.907 [main] INFO com.intuit.karate - Current URL is : https://apigw-st.telus.com 
13:04:51.907 [main] INFO com.intuit.karate - Current Env is : it01 
13:04:51.912 [main] INFO com.intuit.karate - [print] eyJhbGciOiJSUzI1NiIsImtpZCI6ImNhZGZhMTYyLTU2YzEtNGRiOS1hNjNmLTYwZTM3NzIwMWJkZiIsInBpLmF0bSI6IjMifQ.eyJzY29wZSI6WyI0NzIwIl0sImF1dGhvcml6YXRpb25fZGV0YWlscyI6W10sImNsaWVudF9pZCI6IjUyZTgwYmZhLWI0MmMtNDdkNy05OGI1LThiYjg3YzkyNjIwOSIsImlzcyI6Imh0dHBzOi8vdGVhbXNzby1pdHMwNC50ZWx1cy5jb20iLCJhdWQiOiJrb25nIiwiaWF0IjoxNzIzMjIzMDg5LCJleHAiOjE3MjMyMjMzODl9.flESEmYyI_eCkBmzn54OkGfP2lAIxnyqs2XbjtABUAmEnkCOQe8uoiUdROg_nBCNsbluJLTMIyv2VQYcEFeVpzwJIN4AH00KC-3px8L7DRMcbbbRqgIOGamUVRjytKBt3cFR1XVCW32bLo_XlS6M0CPdsCtowSRRwenf6htGC3loiXiWZ8pxuYaJNnmQfuSN9rWpZNHc8y-eYDl0xm6EoEXQSfatP3EAxDBw6tgqlb5patcu_afyMqKiHha9IdISwDeMrqyfvgoAR4Sqhdy3Uxp_k_xzmM-XWElgzY0YfiUnRnIl01fsIz1UO7xaed3xVyVlwsYrq6nB9I57SYDk-A 
13:04:51.913 [main] INFO com.intuit.karate - [print] it01 
13:04:51.915 [main] DEBUG karate.org.apache.http.client.protocol.RequestAddCookies - CookieSpec selected: karate
13:04:51.915 [main] DEBUG karate.org.apache.http.client.protocol.RequestAuthCache - Auth cache not set in the context
13:04:51.915 [main] DEBUG com.intuit.karate - request:
1 > GET https://apigw-st.telus.com/customer/contactCenterCustomerInfo/v1/account?ban=4r5t6y6y
1 > accept: application/json
1 > env: it01
1 > x-cloud-trace-context: karate-integration-test
1 > Authorization: Bearer eyJhbGciOiJSUzI1NiIsImtpZCI6ImNhZGZhMTYyLTU2YzEtNGRiOS1hNjNmLTYwZTM3NzIwMWJkZiIsInBpLmF0bSI6IjMifQ.eyJzY29wZSI6WyI0NzIwIl0sImF1dGhvcml6YXRpb25fZGV0YWlscyI6W10sImNsaWVudF9pZCI6IjUyZTgwYmZhLWI0MmMtNDdkNy05OGI1LThiYjg3YzkyNjIwOSIsImlzcyI6Imh0dHBzOi8vdGVhbXNzby1pdHMwNC50ZWx1cy5jb20iLCJhdWQiOiJrb25nIiwiaWF0IjoxNzIzMjIzMDg5LCJleHAiOjE3MjMyMjMzODl9.flESEmYyI_eCkBmzn54OkGfP2lAIxnyqs2XbjtABUAmEnkCOQe8uoiUdROg_nBCNsbluJLTMIyv2VQYcEFeVpzwJIN4AH00KC-3px8L7DRMcbbbRqgIOGamUVRjytKBt3cFR1XVCW32bLo_XlS6M0CPdsCtowSRRwenf6htGC3loiXiWZ8pxuYaJNnmQfuSN9rWpZNHc8y-eYDl0xm6EoEXQSfatP3EAxDBw6tgqlb5patcu_afyMqKiHha9IdISwDeMrqyfvgoAR4Sqhdy3Uxp_k_xzmM-XWElgzY0YfiUnRnIl01fsIz1UO7xaed3xVyVlwsYrq6nB9I57SYDk-A
1 > Host: apigw-st.telus.com
1 > Connection: Keep-Alive
1 > User-Agent: Apache-HttpClient/4.5.13 (Java/20.0.2)
1 > Accept-Encoding: gzip,deflate


13:04:51.916 [main] DEBUG karate.org.apache.http.impl.conn.PoolingHttpClientConnectionManager - Connection request: [route: {s}->https://apigw-st.telus.com:443][total available: 0; route allocated: 0 of 5; total allocated: 0 of 10]
13:04:51.916 [main] DEBUG karate.org.apache.http.impl.conn.PoolingHttpClientConnectionManager - Connection leased: [id: 10][route: {s}->https://apigw-st.telus.com:443][total available: 0; route allocated: 1 of 5; total allocated: 1 of 10]
13:04:51.916 [main] DEBUG karate.org.apache.http.impl.execchain.MainClientExec - Opening connection {s}->https://apigw-st.telus.com:443
13:04:51.916 [main] DEBUG karate.org.apache.http.impl.conn.DefaultHttpClientConnectionOperator - Connecting to apigw-st.telus.com/207.219.84.31:443
13:04:51.916 [main] DEBUG karate.org.apache.http.conn.ssl.LenientSslConnectionSocketFactory - Connecting socket to apigw-st.telus.com/207.219.84.31:443 with timeout 10000
13:04:51.951 [main] DEBUG karate.org.apache.http.conn.ssl.LenientSslConnectionSocketFactory - Enabled protocols: [TLSv1.3, TLSv1.2]
13:04:51.951 [main] DEBUG karate.org.apache.http.conn.ssl.LenientSslConnectionSocketFactory - Enabled cipher suites:[TLS_AES_256_GCM_SHA384, TLS_AES_128_GCM_SHA256, TLS_CHACHA20_POLY1305_SHA256, TLS_ECDHE_ECDSA_WITH_AES_256_GCM_SHA384, TLS_ECDHE_ECDSA_WITH_AES_128_GCM_SHA256, TLS_ECDHE_ECDSA_WITH_CHACHA20_POLY1305_SHA256, TLS_ECDHE_RSA_WITH_AES_256_GCM_SHA384, TLS_ECDHE_RSA_WITH_CHACHA20_POLY1305_SHA256, TLS_ECDHE_RSA_WITH_AES_128_GCM_SHA256, TLS_DHE_RSA_WITH_AES_256_GCM_SHA384, TLS_DHE_RSA_WITH_CHACHA20_POLY1305_SHA256, TLS_DHE_DSS_WITH_AES_256_GCM_SHA384, TLS_DHE_RSA_WITH_AES_128_GCM_SHA256, TLS_DHE_DSS_WITH_AES_128_GCM_SHA256, TLS_ECDHE_ECDSA_WITH_AES_256_CBC_SHA384, TLS_ECDHE_RSA_WITH_AES_256_CBC_SHA384, TLS_ECDHE_ECDSA_WITH_AES_128_CBC_SHA256, TLS_ECDHE_RSA_WITH_AES_128_CBC_SHA256, TLS_DHE_RSA_WITH_AES_256_CBC_SHA256, TLS_DHE_DSS_WITH_AES_256_CBC_SHA256, TLS_DHE_RSA_WITH_AES_128_CBC_SHA256, TLS_DHE_DSS_WITH_AES_128_CBC_SHA256, TLS_ECDHE_ECDSA_WITH_AES_256_CBC_SHA, TLS_ECDHE_RSA_WITH_AES_256_CBC_SHA, TLS_ECDHE_ECDSA_WITH_AES_128_CBC_SHA, TLS_ECDHE_RSA_WITH_AES_128_CBC_SHA, TLS_DHE_RSA_WITH_AES_256_CBC_SHA, TLS_DHE_DSS_WITH_AES_256_CBC_SHA, TLS_DHE_RSA_WITH_AES_128_CBC_SHA, TLS_DHE_DSS_WITH_AES_128_CBC_SHA, TLS_RSA_WITH_AES_256_GCM_SHA384, TLS_RSA_WITH_AES_128_GCM_SHA256, TLS_RSA_WITH_AES_256_CBC_SHA256, TLS_RSA_WITH_AES_128_CBC_SHA256, TLS_RSA_WITH_AES_256_CBC_SHA, TLS_RSA_WITH_AES_128_CBC_SHA, TLS_EMPTY_RENEGOTIATION_INFO_SCSV]
13:04:51.952 [main] DEBUG karate.org.apache.http.conn.ssl.LenientSslConnectionSocketFactory - Starting handshake
13:04:52.014 [main] DEBUG karate.org.apache.http.conn.ssl.LenientSslConnectionSocketFactory - Secure session established
13:04:52.014 [main] DEBUG karate.org.apache.http.conn.ssl.LenientSslConnectionSocketFactory -  negotiated protocol: TLSv1.3
13:04:52.014 [main] DEBUG karate.org.apache.http.conn.ssl.LenientSslConnectionSocketFactory -  negotiated cipher suite: TLS_AES_128_GCM_SHA256
13:04:52.014 [main] DEBUG karate.org.apache.http.conn.ssl.LenientSslConnectionSocketFactory -  peer principal: CN=apigw-soap-st.telus.com, O=TELUS Corp., L=Vancouver, ST=British Columbia, C=CA
13:04:52.014 [main] DEBUG karate.org.apache.http.conn.ssl.LenientSslConnectionSocketFactory -  peer alternative names: [apigw-soap-st.telus.com, apigw-st.telus.com, apigw-qidc-st.telus.com, apigw-kidc-st.telus.com, apigw-soap-qidc-st.telus.com, apigw-soap-kidc-st.telus.com]
13:04:52.014 [main] DEBUG karate.org.apache.http.conn.ssl.LenientSslConnectionSocketFactory -  issuer principal: CN=DigiCert Global G2 TLS RSA SHA256 2020 CA1, O=DigiCert Inc, C=US
13:04:52.014 [main] DEBUG karate.org.apache.http.impl.conn.DefaultHttpClientConnectionOperator - Connection established 192.168.1.65:54946<->207.219.84.31:443
13:04:52.014 [main] DEBUG karate.org.apache.http.impl.conn.DefaultManagedHttpClientConnection - http-outgoing-10: set socket timeout to 20000
13:04:52.014 [main] DEBUG karate.org.apache.http.impl.execchain.MainClientExec - Executing request GET /customer/contactCenterCustomerInfo/v1/account?ban=4r5t6y6y HTTP/1.1
13:04:52.014 [main] DEBUG karate.org.apache.http.impl.execchain.MainClientExec - Proxy auth state: UNCHALLENGED
13:04:52.015 [main] DEBUG karate.org.apache.http.headers - http-outgoing-10 >> GET /customer/contactCenterCustomerInfo/v1/account?ban=4r5t6y6y HTTP/1.1
13:04:52.015 [main] DEBUG karate.org.apache.http.headers - http-outgoing-10 >> accept: application/json
13:04:52.015 [main] DEBUG karate.org.apache.http.headers - http-outgoing-10 >> env: it01
13:04:52.015 [main] DEBUG karate.org.apache.http.headers - http-outgoing-10 >> x-cloud-trace-context: karate-integration-test
13:04:52.015 [main] DEBUG karate.org.apache.http.headers - http-outgoing-10 >> Authorization: Bearer eyJhbGciOiJSUzI1NiIsImtpZCI6ImNhZGZhMTYyLTU2YzEtNGRiOS1hNjNmLTYwZTM3NzIwMWJkZiIsInBpLmF0bSI6IjMifQ.eyJzY29wZSI6WyI0NzIwIl0sImF1dGhvcml6YXRpb25fZGV0YWlscyI6W10sImNsaWVudF9pZCI6IjUyZTgwYmZhLWI0MmMtNDdkNy05OGI1LThiYjg3YzkyNjIwOSIsImlzcyI6Imh0dHBzOi8vdGVhbXNzby1pdHMwNC50ZWx1cy5jb20iLCJhdWQiOiJrb25nIiwiaWF0IjoxNzIzMjIzMDg5LCJleHAiOjE3MjMyMjMzODl9.flESEmYyI_eCkBmzn54OkGfP2lAIxnyqs2XbjtABUAmEnkCOQe8uoiUdROg_nBCNsbluJLTMIyv2VQYcEFeVpzwJIN4AH00KC-3px8L7DRMcbbbRqgIOGamUVRjytKBt3cFR1XVCW32bLo_XlS6M0CPdsCtowSRRwenf6htGC3loiXiWZ8pxuYaJNnmQfuSN9rWpZNHc8y-eYDl0xm6EoEXQSfatP3EAxDBw6tgqlb5patcu_afyMqKiHha9IdISwDeMrqyfvgoAR4Sqhdy3Uxp_k_xzmM-XWElgzY0YfiUnRnIl01fsIz1UO7xaed3xVyVlwsYrq6nB9I57SYDk-A
13:04:52.015 [main] DEBUG karate.org.apache.http.headers - http-outgoing-10 >> Host: apigw-st.telus.com
13:04:52.015 [main] DEBUG karate.org.apache.http.headers - http-outgoing-10 >> Connection: Keep-Alive
13:04:52.015 [main] DEBUG karate.org.apache.http.headers - http-outgoing-10 >> User-Agent: Apache-HttpClient/4.5.13 (Java/20.0.2)
13:04:52.015 [main] DEBUG karate.org.apache.http.headers - http-outgoing-10 >> Accept-Encoding: gzip,deflate
13:04:52.015 [main] DEBUG karate.org.apache.http.wire - http-outgoing-10 >> "GET /customer/contactCenterCustomerInfo/v1/account?ban=4r5t6y6y HTTP/1.1[\r][\n]"
13:04:52.015 [main] DEBUG karate.org.apache.http.wire - http-outgoing-10 >> "accept: application/json[\r][\n]"
13:04:52.015 [main] DEBUG karate.org.apache.http.wire - http-outgoing-10 >> "env: it01[\r][\n]"
13:04:52.015 [main] DEBUG karate.org.apache.http.wire - http-outgoing-10 >> "x-cloud-trace-context: karate-integration-test[\r][\n]"
13:04:52.015 [main] DEBUG karate.org.apache.http.wire - http-outgoing-10 >> "Authorization: Bearer eyJhbGciOiJSUzI1NiIsImtpZCI6ImNhZGZhMTYyLTU2YzEtNGRiOS1hNjNmLTYwZTM3NzIwMWJkZiIsInBpLmF0bSI6IjMifQ.eyJzY29wZSI6WyI0NzIwIl0sImF1dGhvcml6YXRpb25fZGV0YWlscyI6W10sImNsaWVudF9pZCI6IjUyZTgwYmZhLWI0MmMtNDdkNy05OGI1LThiYjg3YzkyNjIwOSIsImlzcyI6Imh0dHBzOi8vdGVhbXNzby1pdHMwNC50ZWx1cy5jb20iLCJhdWQiOiJrb25nIiwiaWF0IjoxNzIzMjIzMDg5LCJleHAiOjE3MjMyMjMzODl9.flESEmYyI_eCkBmzn54OkGfP2lAIxnyqs2XbjtABUAmEnkCOQe8uoiUdROg_nBCNsbluJLTMIyv2VQYcEFeVpzwJIN4AH00KC-3px8L7DRMcbbbRqgIOGamUVRjytKBt3cFR1XVCW32bLo_XlS6M0CPdsCtowSRRwenf6htGC3loiXiWZ8pxuYaJNnmQfuSN9rWpZNHc8y-eYDl0xm6EoEXQSfatP3EAxDBw6tgqlb5patcu_afyMqKiHha9IdISwDeMrqyfvgoAR4Sqhdy3Uxp_k_xzmM-XWElgzY0YfiUnRnIl01fsIz1UO7xaed3xVyVlwsYrq6nB9I57SYDk-A[\r][\n]"
13:04:52.015 [main] DEBUG karate.org.apache.http.wire - http-outgoing-10 >> "Host: apigw-st.telus.com[\r][\n]"
13:04:52.015 [main] DEBUG karate.org.apache.http.wire - http-outgoing-10 >> "Connection: Keep-Alive[\r][\n]"
13:04:52.015 [main] DEBUG karate.org.apache.http.wire - http-outgoing-10 >> "User-Agent: Apache-HttpClient/4.5.13 (Java/20.0.2)[\r][\n]"
13:04:52.015 [main] DEBUG karate.org.apache.http.wire - http-outgoing-10 >> "Accept-Encoding: gzip,deflate[\r][\n]"
13:04:52.015 [main] DEBUG karate.org.apache.http.wire - http-outgoing-10 >> "[\r][\n]"
13:04:52.065 [main] DEBUG karate.org.apache.http.wire - http-outgoing-10 << "HTTP/1.1 403 Forbidden[\r][\n]"
13:04:52.065 [main] DEBUG karate.org.apache.http.wire - http-outgoing-10 << "Content-Type: application/json; charset=utf-8[\r][\n]"
13:04:52.066 [main] DEBUG karate.org.apache.http.wire - http-outgoing-10 << "Content-Length: 23[\r][\n]"
13:04:52.066 [main] DEBUG karate.org.apache.http.wire - http-outgoing-10 << "Connection: keep-alive[\r][\n]"
13:04:52.066 [main] DEBUG karate.org.apache.http.wire - http-outgoing-10 << "Date: Fri, 09 Aug 2024 17:04:52 GMT[\r][\n]"
13:04:52.066 [main] DEBUG karate.org.apache.http.wire - http-outgoing-10 << "WWW-Authenticate: Bearer realm="teamsso-its04.telus.com", error="insufficient_scope"[\r][\n]"
13:04:52.066 [main] DEBUG karate.org.apache.http.wire - http-outgoing-10 << "Kong-Request-ID: 9df030cd-e549-46fc-a886-0445fff0e82d#347208[\r][\n]"
13:04:52.066 [main] DEBUG karate.org.apache.http.wire - http-outgoing-10 << "vary: Origin[\r][\n]"
13:04:52.066 [main] DEBUG karate.org.apache.http.wire - http-outgoing-10 << "X-Kong-Response-Latency: 3[\r][\n]"
13:04:52.066 [main] DEBUG karate.org.apache.http.wire - http-outgoing-10 << "Server: kong/3.4.3.11-enterprise-edition[\r][\n]"
13:04:52.066 [main] DEBUG karate.org.apache.http.wire - http-outgoing-10 << "X-Kong-Request-Id: a904613c7918703642cfc7788830db3f[\r][\n]"
13:04:52.066 [main] DEBUG karate.org.apache.http.wire - http-outgoing-10 << "vary: Origin[\r][\n]"
13:04:52.066 [main] DEBUG karate.org.apache.http.wire - http-outgoing-10 << "X-Kong-Upstream-Latency: 6[\r][\n]"
13:04:52.066 [main] DEBUG karate.org.apache.http.wire - http-outgoing-10 << "X-Kong-Proxy-Latency: 1[\r][\n]"
13:04:52.066 [main] DEBUG karate.org.apache.http.wire - http-outgoing-10 << "Via: kong/3.4.3.11-enterprise-edition[\r][\n]"
13:04:52.066 [main] DEBUG karate.org.apache.http.wire - http-outgoing-10 << "[\r][\n]"
13:04:52.066 [main] DEBUG karate.org.apache.http.wire - http-outgoing-10 << "{"message":"Forbidden"}"
13:04:52.066 [main] DEBUG karate.org.apache.http.headers - http-outgoing-10 << HTTP/1.1 403 Forbidden
13:04:52.066 [main] DEBUG karate.org.apache.http.headers - http-outgoing-10 << Content-Type: application/json; charset=utf-8
13:04:52.066 [main] DEBUG karate.org.apache.http.headers - http-outgoing-10 << Content-Length: 23
13:04:52.066 [main] DEBUG karate.org.apache.http.headers - http-outgoing-10 << Connection: keep-alive
13:04:52.066 [main] DEBUG karate.org.apache.http.headers - http-outgoing-10 << Date: Fri, 09 Aug 2024 17:04:52 GMT
13:04:52.066 [main] DEBUG karate.org.apache.http.headers - http-outgoing-10 << WWW-Authenticate: Bearer realm="teamsso-its04.telus.com", error="insufficient_scope"
13:04:52.066 [main] DEBUG karate.org.apache.http.headers - http-outgoing-10 << Kong-Request-ID: 9df030cd-e549-46fc-a886-0445fff0e82d#347208
13:04:52.066 [main] DEBUG karate.org.apache.http.headers - http-outgoing-10 << vary: Origin
13:04:52.066 [main] DEBUG karate.org.apache.http.headers - http-outgoing-10 << X-Kong-Response-Latency: 3
13:04:52.066 [main] DEBUG karate.org.apache.http.headers - http-outgoing-10 << Server: kong/3.4.3.11-enterprise-edition
13:04:52.066 [main] DEBUG karate.org.apache.http.headers - http-outgoing-10 << X-Kong-Request-Id: a904613c7918703642cfc7788830db3f
13:04:52.066 [main] DEBUG karate.org.apache.http.headers - http-outgoing-10 << vary: Origin
13:04:52.066 [main] DEBUG karate.org.apache.http.headers - http-outgoing-10 << X-Kong-Upstream-Latency: 6
13:04:52.066 [main] DEBUG karate.org.apache.http.headers - http-outgoing-10 << X-Kong-Proxy-Latency: 1
13:04:52.066 [main] DEBUG karate.org.apache.http.headers - http-outgoing-10 << Via: kong/3.4.3.11-enterprise-edition
13:04:52.066 [main] DEBUG karate.org.apache.http.impl.execchain.MainClientExec - Connection can be kept alive indefinitely
13:04:52.066 [main] DEBUG karate.org.apache.http.impl.conn.PoolingHttpClientConnectionManager - Connection [id: 10][route: {s}->https://apigw-st.telus.com:443] can be kept alive indefinitely
13:04:52.066 [main] DEBUG karate.org.apache.http.impl.conn.DefaultManagedHttpClientConnection - http-outgoing-10: set socket timeout to 0
13:04:52.066 [main] DEBUG karate.org.apache.http.impl.conn.PoolingHttpClientConnectionManager - Connection released: [id: 10][route: {s}->https://apigw-st.telus.com:443][total available: 1; route allocated: 1 of 5; total allocated: 1 of 10]
13:04:52.066 [main] DEBUG com.intuit.karate - response time in milliseconds: 151
1 < 403
1 < Content-Type: application/json; charset=utf-8
1 < Content-Length: 23
1 < Connection: keep-alive
1 < Date: Fri, 09 Aug 2024 17:04:52 GMT
1 < WWW-Authenticate: Bearer realm="teamsso-its04.telus.com", error="insufficient_scope"
1 < Kong-Request-ID: 9df030cd-e549-46fc-a886-0445fff0e82d#347208
1 < vary: Origin
1 < vary: Origin
1 < X-Kong-Response-Latency: 3
1 < Server: kong/3.4.3.11-enterprise-edition
1 < X-Kong-Request-Id: a904613c7918703642cfc7788830db3f
1 < X-Kong-Upstream-Latency: 6
1 < X-Kong-Proxy-Latency: 1
1 < Via: kong/3.4.3.11-enterprise-edition
{"message":"Forbidden"}
13:04:52.067 [main] ERROR com.intuit.karate - classpath:feature/API_Negative_Response_Test.feature:41
Then status 400
status code was: 403, expected: 400, response time in milliseconds: 151, url: https://apigw-st.telus.com/customer/contactCenterCustomerInfo/v1/account?ban=4r5t6y6y, response: 
{"message":"Forbidden"}
classpath:feature/API_Negative_Response_Test.feature:41
13:04:52.071 [main] INFO com.intuit.karate - karate.env system property was: it01 
13:04:52.071 [main] INFO com.intuit.karate - clientId:52e80bfa-b42c-47d7-98b5-8bb87c926209 
13:04:52.071 [main] INFO com.intuit.karate - Current URL is : https://apigw-st.telus.com 
13:04:52.071 [main] INFO com.intuit.karate - Current Env is : it01 
13:04:52.074 [main] INFO com.intuit.karate - [print] eyJhbGciOiJSUzI1NiIsImtpZCI6ImNhZGZhMTYyLTU2YzEtNGRiOS1hNjNmLTYwZTM3NzIwMWJkZiIsInBpLmF0bSI6IjMifQ.eyJzY29wZSI6WyI0NzIwIl0sImF1dGhvcml6YXRpb25fZGV0YWlscyI6W10sImNsaWVudF9pZCI6IjUyZTgwYmZhLWI0MmMtNDdkNy05OGI1LThiYjg3YzkyNjIwOSIsImlzcyI6Imh0dHBzOi8vdGVhbXNzby1pdHMwNC50ZWx1cy5jb20iLCJhdWQiOiJrb25nIiwiaWF0IjoxNzIzMjIzMDg5LCJleHAiOjE3MjMyMjMzODl9.flESEmYyI_eCkBmzn54OkGfP2lAIxnyqs2XbjtABUAmEnkCOQe8uoiUdROg_nBCNsbluJLTMIyv2VQYcEFeVpzwJIN4AH00KC-3px8L7DRMcbbbRqgIOGamUVRjytKBt3cFR1XVCW32bLo_XlS6M0CPdsCtowSRRwenf6htGC3loiXiWZ8pxuYaJNnmQfuSN9rWpZNHc8y-eYDl0xm6EoEXQSfatP3EAxDBw6tgqlb5patcu_afyMqKiHha9IdISwDeMrqyfvgoAR4Sqhdy3Uxp_k_xzmM-XWElgzY0YfiUnRnIl01fsIz1UO7xaed3xVyVlwsYrq6nB9I57SYDk-A 
13:04:52.074 [main] INFO com.intuit.karate - [print] it01 
13:04:52.077 [main] DEBUG karate.org.apache.http.client.protocol.RequestAddCookies - CookieSpec selected: karate
13:04:52.077 [main] DEBUG karate.org.apache.http.client.protocol.RequestAuthCache - Auth cache not set in the context
13:04:52.077 [main] DEBUG com.intuit.karate - request:
1 > GET https://apigw-st.telus.com/customer/contactCenterCustomerInfo/v1/account?tn=7801234567
1 > accept: application/json
1 > env: it01
1 > x-cloud-trace-context: karate-integration-test
1 > Authorization: Bearer eyJhbGciOiJSUzI1NiIsImtpZCI6ImNhZGZhMTYyLTU2YzEtNGRiOS1hNjNmLTYwZTM3NzIwMWJkZiIsInBpLmF0bSI6IjMifQ.eyJzY29wZSI6WyI0NzIwIl0sImF1dGhvcml6YXRpb25fZGV0YWlscyI6W10sImNsaWVudF9pZCI6IjUyZTgwYmZhLWI0MmMtNDdkNy05OGI1LThiYjg3YzkyNjIwOSIsImlzcyI6Imh0dHBzOi8vdGVhbXNzby1pdHMwNC50ZWx1cy5jb20iLCJhdWQiOiJrb25nIiwiaWF0IjoxNzIzMjIzMDg5LCJleHAiOjE3MjMyMjMzODl9.flESEmYyI_eCkBmzn54OkGfP2lAIxnyqs2XbjtABUAmEnkCOQe8uoiUdROg_nBCNsbluJLTMIyv2VQYcEFeVpzwJIN4AH00KC-3px8L7DRMcbbbRqgIOGamUVRjytKBt3cFR1XVCW32bLo_XlS6M0CPdsCtowSRRwenf6htGC3loiXiWZ8pxuYaJNnmQfuSN9rWpZNHc8y-eYDl0xm6EoEXQSfatP3EAxDBw6tgqlb5patcu_afyMqKiHha9IdISwDeMrqyfvgoAR4Sqhdy3Uxp_k_xzmM-XWElgzY0YfiUnRnIl01fsIz1UO7xaed3xVyVlwsYrq6nB9I57SYDk-A
1 > Host: apigw-st.telus.com
1 > Connection: Keep-Alive
1 > User-Agent: Apache-HttpClient/4.5.13 (Java/20.0.2)
1 > Accept-Encoding: gzip,deflate


13:04:52.078 [main] DEBUG karate.org.apache.http.impl.conn.PoolingHttpClientConnectionManager - Connection request: [route: {s}->https://apigw-st.telus.com:443][total available: 0; route allocated: 0 of 5; total allocated: 0 of 10]
13:04:52.078 [main] DEBUG karate.org.apache.http.impl.conn.PoolingHttpClientConnectionManager - Connection leased: [id: 11][route: {s}->https://apigw-st.telus.com:443][total available: 0; route allocated: 1 of 5; total allocated: 1 of 10]
13:04:52.078 [main] DEBUG karate.org.apache.http.impl.execchain.MainClientExec - Opening connection {s}->https://apigw-st.telus.com:443
13:04:52.078 [main] DEBUG karate.org.apache.http.impl.conn.DefaultHttpClientConnectionOperator - Connecting to apigw-st.telus.com/207.219.84.31:443
13:04:52.078 [main] DEBUG karate.org.apache.http.conn.ssl.LenientSslConnectionSocketFactory - Connecting socket to apigw-st.telus.com/207.219.84.31:443 with timeout 10000
13:04:52.117 [main] DEBUG karate.org.apache.http.conn.ssl.LenientSslConnectionSocketFactory - Enabled protocols: [TLSv1.3, TLSv1.2]
13:04:52.117 [main] DEBUG karate.org.apache.http.conn.ssl.LenientSslConnectionSocketFactory - Enabled cipher suites:[TLS_AES_256_GCM_SHA384, TLS_AES_128_GCM_SHA256, TLS_CHACHA20_POLY1305_SHA256, TLS_ECDHE_ECDSA_WITH_AES_256_GCM_SHA384, TLS_ECDHE_ECDSA_WITH_AES_128_GCM_SHA256, TLS_ECDHE_ECDSA_WITH_CHACHA20_POLY1305_SHA256, TLS_ECDHE_RSA_WITH_AES_256_GCM_SHA384, TLS_ECDHE_RSA_WITH_CHACHA20_POLY1305_SHA256, TLS_ECDHE_RSA_WITH_AES_128_GCM_SHA256, TLS_DHE_RSA_WITH_AES_256_GCM_SHA384, TLS_DHE_RSA_WITH_CHACHA20_POLY1305_SHA256, TLS_DHE_DSS_WITH_AES_256_GCM_SHA384, TLS_DHE_RSA_WITH_AES_128_GCM_SHA256, TLS_DHE_DSS_WITH_AES_128_GCM_SHA256, TLS_ECDHE_ECDSA_WITH_AES_256_CBC_SHA384, TLS_ECDHE_RSA_WITH_AES_256_CBC_SHA384, TLS_ECDHE_ECDSA_WITH_AES_128_CBC_SHA256, TLS_ECDHE_RSA_WITH_AES_128_CBC_SHA256, TLS_DHE_RSA_WITH_AES_256_CBC_SHA256, TLS_DHE_DSS_WITH_AES_256_CBC_SHA256, TLS_DHE_RSA_WITH_AES_128_CBC_SHA256, TLS_DHE_DSS_WITH_AES_128_CBC_SHA256, TLS_ECDHE_ECDSA_WITH_AES_256_CBC_SHA, TLS_ECDHE_RSA_WITH_AES_256_CBC_SHA, TLS_ECDHE_ECDSA_WITH_AES_128_CBC_SHA, TLS_ECDHE_RSA_WITH_AES_128_CBC_SHA, TLS_DHE_RSA_WITH_AES_256_CBC_SHA, TLS_DHE_DSS_WITH_AES_256_CBC_SHA, TLS_DHE_RSA_WITH_AES_128_CBC_SHA, TLS_DHE_DSS_WITH_AES_128_CBC_SHA, TLS_RSA_WITH_AES_256_GCM_SHA384, TLS_RSA_WITH_AES_128_GCM_SHA256, TLS_RSA_WITH_AES_256_CBC_SHA256, TLS_RSA_WITH_AES_128_CBC_SHA256, TLS_RSA_WITH_AES_256_CBC_SHA, TLS_RSA_WITH_AES_128_CBC_SHA, TLS_EMPTY_RENEGOTIATION_INFO_SCSV]
13:04:52.117 [main] DEBUG karate.org.apache.http.conn.ssl.LenientSslConnectionSocketFactory - Starting handshake
13:04:52.172 [main] DEBUG karate.org.apache.http.conn.ssl.LenientSslConnectionSocketFactory - Secure session established
13:04:52.172 [main] DEBUG karate.org.apache.http.conn.ssl.LenientSslConnectionSocketFactory -  negotiated protocol: TLSv1.3
13:04:52.172 [main] DEBUG karate.org.apache.http.conn.ssl.LenientSslConnectionSocketFactory -  negotiated cipher suite: TLS_AES_128_GCM_SHA256
13:04:52.172 [main] DEBUG karate.org.apache.http.conn.ssl.LenientSslConnectionSocketFactory -  peer principal: CN=apigw-soap-st.telus.com, O=TELUS Corp., L=Vancouver, ST=British Columbia, C=CA
13:04:52.172 [main] DEBUG karate.org.apache.http.conn.ssl.LenientSslConnectionSocketFactory -  peer alternative names: [apigw-soap-st.telus.com, apigw-st.telus.com, apigw-qidc-st.telus.com, apigw-kidc-st.telus.com, apigw-soap-qidc-st.telus.com, apigw-soap-kidc-st.telus.com]
13:04:52.173 [main] DEBUG karate.org.apache.http.conn.ssl.LenientSslConnectionSocketFactory -  issuer principal: CN=DigiCert Global G2 TLS RSA SHA256 2020 CA1, O=DigiCert Inc, C=US
13:04:52.173 [main] DEBUG karate.org.apache.http.impl.conn.DefaultHttpClientConnectionOperator - Connection established 192.168.1.65:54947<->207.219.84.31:443
13:04:52.173 [main] DEBUG karate.org.apache.http.impl.conn.DefaultManagedHttpClientConnection - http-outgoing-11: set socket timeout to 20000
13:04:52.173 [main] DEBUG karate.org.apache.http.impl.execchain.MainClientExec - Executing request GET /customer/contactCenterCustomerInfo/v1/account?tn=7801234567 HTTP/1.1
13:04:52.173 [main] DEBUG karate.org.apache.http.impl.execchain.MainClientExec - Proxy auth state: UNCHALLENGED
13:04:52.173 [main] DEBUG karate.org.apache.http.headers - http-outgoing-11 >> GET /customer/contactCenterCustomerInfo/v1/account?tn=7801234567 HTTP/1.1
13:04:52.173 [main] DEBUG karate.org.apache.http.headers - http-outgoing-11 >> accept: application/json
13:04:52.173 [main] DEBUG karate.org.apache.http.headers - http-outgoing-11 >> env: it01
13:04:52.173 [main] DEBUG karate.org.apache.http.headers - http-outgoing-11 >> x-cloud-trace-context: karate-integration-test
13:04:52.173 [main] DEBUG karate.org.apache.http.headers - http-outgoing-11 >> Authorization: Bearer eyJhbGciOiJSUzI1NiIsImtpZCI6ImNhZGZhMTYyLTU2YzEtNGRiOS1hNjNmLTYwZTM3NzIwMWJkZiIsInBpLmF0bSI6IjMifQ.eyJzY29wZSI6WyI0NzIwIl0sImF1dGhvcml6YXRpb25fZGV0YWlscyI6W10sImNsaWVudF9pZCI6IjUyZTgwYmZhLWI0MmMtNDdkNy05OGI1LThiYjg3YzkyNjIwOSIsImlzcyI6Imh0dHBzOi8vdGVhbXNzby1pdHMwNC50ZWx1cy5jb20iLCJhdWQiOiJrb25nIiwiaWF0IjoxNzIzMjIzMDg5LCJleHAiOjE3MjMyMjMzODl9.flESEmYyI_eCkBmzn54OkGfP2lAIxnyqs2XbjtABUAmEnkCOQe8uoiUdROg_nBCNsbluJLTMIyv2VQYcEFeVpzwJIN4AH00KC-3px8L7DRMcbbbRqgIOGamUVRjytKBt3cFR1XVCW32bLo_XlS6M0CPdsCtowSRRwenf6htGC3loiXiWZ8pxuYaJNnmQfuSN9rWpZNHc8y-eYDl0xm6EoEXQSfatP3EAxDBw6tgqlb5patcu_afyMqKiHha9IdISwDeMrqyfvgoAR4Sqhdy3Uxp_k_xzmM-XWElgzY0YfiUnRnIl01fsIz1UO7xaed3xVyVlwsYrq6nB9I57SYDk-A
13:04:52.173 [main] DEBUG karate.org.apache.http.headers - http-outgoing-11 >> Host: apigw-st.telus.com
13:04:52.173 [main] DEBUG karate.org.apache.http.headers - http-outgoing-11 >> Connection: Keep-Alive
13:04:52.173 [main] DEBUG karate.org.apache.http.headers - http-outgoing-11 >> User-Agent: Apache-HttpClient/4.5.13 (Java/20.0.2)
13:04:52.173 [main] DEBUG karate.org.apache.http.headers - http-outgoing-11 >> Accept-Encoding: gzip,deflate
13:04:52.173 [main] DEBUG karate.org.apache.http.wire - http-outgoing-11 >> "GET /customer/contactCenterCustomerInfo/v1/account?tn=7801234567 HTTP/1.1[\r][\n]"
13:04:52.173 [main] DEBUG karate.org.apache.http.wire - http-outgoing-11 >> "accept: application/json[\r][\n]"
13:04:52.173 [main] DEBUG karate.org.apache.http.wire - http-outgoing-11 >> "env: it01[\r][\n]"
13:04:52.173 [main] DEBUG karate.org.apache.http.wire - http-outgoing-11 >> "x-cloud-trace-context: karate-integration-test[\r][\n]"
13:04:52.173 [main] DEBUG karate.org.apache.http.wire - http-outgoing-11 >> "Authorization: Bearer eyJhbGciOiJSUzI1NiIsImtpZCI6ImNhZGZhMTYyLTU2YzEtNGRiOS1hNjNmLTYwZTM3NzIwMWJkZiIsInBpLmF0bSI6IjMifQ.eyJzY29wZSI6WyI0NzIwIl0sImF1dGhvcml6YXRpb25fZGV0YWlscyI6W10sImNsaWVudF9pZCI6IjUyZTgwYmZhLWI0MmMtNDdkNy05OGI1LThiYjg3YzkyNjIwOSIsImlzcyI6Imh0dHBzOi8vdGVhbXNzby1pdHMwNC50ZWx1cy5jb20iLCJhdWQiOiJrb25nIiwiaWF0IjoxNzIzMjIzMDg5LCJleHAiOjE3MjMyMjMzODl9.flESEmYyI_eCkBmzn54OkGfP2lAIxnyqs2XbjtABUAmEnkCOQe8uoiUdROg_nBCNsbluJLTMIyv2VQYcEFeVpzwJIN4AH00KC-3px8L7DRMcbbbRqgIOGamUVRjytKBt3cFR1XVCW32bLo_XlS6M0CPdsCtowSRRwenf6htGC3loiXiWZ8pxuYaJNnmQfuSN9rWpZNHc8y-eYDl0xm6EoEXQSfatP3EAxDBw6tgqlb5patcu_afyMqKiHha9IdISwDeMrqyfvgoAR4Sqhdy3Uxp_k_xzmM-XWElgzY0YfiUnRnIl01fsIz1UO7xaed3xVyVlwsYrq6nB9I57SYDk-A[\r][\n]"
13:04:52.173 [main] DEBUG karate.org.apache.http.wire - http-outgoing-11 >> "Host: apigw-st.telus.com[\r][\n]"
13:04:52.173 [main] DEBUG karate.org.apache.http.wire - http-outgoing-11 >> "Connection: Keep-Alive[\r][\n]"
13:04:52.173 [main] DEBUG karate.org.apache.http.wire - http-outgoing-11 >> "User-Agent: Apache-HttpClient/4.5.13 (Java/20.0.2)[\r][\n]"
13:04:52.173 [main] DEBUG karate.org.apache.http.wire - http-outgoing-11 >> "Accept-Encoding: gzip,deflate[\r][\n]"
13:04:52.173 [main] DEBUG karate.org.apache.http.wire - http-outgoing-11 >> "[\r][\n]"
13:04:52.236 [main] DEBUG karate.org.apache.http.wire - http-outgoing-11 << "HTTP/1.1 403 Forbidden[\r][\n]"
13:04:52.236 [main] DEBUG karate.org.apache.http.wire - http-outgoing-11 << "Content-Type: application/json; charset=utf-8[\r][\n]"
13:04:52.236 [main] DEBUG karate.org.apache.http.wire - http-outgoing-11 << "Content-Length: 23[\r][\n]"
13:04:52.236 [main] DEBUG karate.org.apache.http.wire - http-outgoing-11 << "Connection: keep-alive[\r][\n]"
13:04:52.236 [main] DEBUG karate.org.apache.http.wire - http-outgoing-11 << "Date: Fri, 09 Aug 2024 17:04:52 GMT[\r][\n]"
13:04:52.236 [main] DEBUG karate.org.apache.http.wire - http-outgoing-11 << "WWW-Authenticate: Bearer realm="teamsso-its04.telus.com", error="insufficient_scope"[\r][\n]"
13:04:52.236 [main] DEBUG karate.org.apache.http.wire - http-outgoing-11 << "Kong-Request-ID: eb6f4909-f352-4285-b4d5-4bac0431873c#182304[\r][\n]"
13:04:52.236 [main] DEBUG karate.org.apache.http.wire - http-outgoing-11 << "vary: Origin[\r][\n]"
13:04:52.236 [main] DEBUG karate.org.apache.http.wire - http-outgoing-11 << "X-Kong-Response-Latency: 1[\r][\n]"
13:04:52.236 [main] DEBUG karate.org.apache.http.wire - http-outgoing-11 << "Server: kong/3.4.3.11-enterprise-edition[\r][\n]"
13:04:52.236 [main] DEBUG karate.org.apache.http.wire - http-outgoing-11 << "X-Kong-Request-Id: c3771941fdc7335167909d1a9f9b8f41[\r][\n]"
13:04:52.236 [main] DEBUG karate.org.apache.http.wire - http-outgoing-11 << "vary: Origin[\r][\n]"
13:04:52.236 [main] DEBUG karate.org.apache.http.wire - http-outgoing-11 << "X-Kong-Upstream-Latency: 15[\r][\n]"
13:04:52.236 [main] DEBUG karate.org.apache.http.wire - http-outgoing-11 << "X-Kong-Proxy-Latency: 1[\r][\n]"
13:04:52.236 [main] DEBUG karate.org.apache.http.wire - http-outgoing-11 << "Via: kong/3.4.3.11-enterprise-edition[\r][\n]"
13:04:52.236 [main] DEBUG karate.org.apache.http.wire - http-outgoing-11 << "[\r][\n]"
13:04:52.236 [main] DEBUG karate.org.apache.http.wire - http-outgoing-11 << "{"message":"Forbidden"}"
13:04:52.236 [main] DEBUG karate.org.apache.http.headers - http-outgoing-11 << HTTP/1.1 403 Forbidden
13:04:52.237 [main] DEBUG karate.org.apache.http.headers - http-outgoing-11 << Content-Type: application/json; charset=utf-8
13:04:52.237 [main] DEBUG karate.org.apache.http.headers - http-outgoing-11 << Content-Length: 23
13:04:52.237 [main] DEBUG karate.org.apache.http.headers - http-outgoing-11 << Connection: keep-alive
13:04:52.237 [main] DEBUG karate.org.apache.http.headers - http-outgoing-11 << Date: Fri, 09 Aug 2024 17:04:52 GMT
13:04:52.237 [main] DEBUG karate.org.apache.http.headers - http-outgoing-11 << WWW-Authenticate: Bearer realm="teamsso-its04.telus.com", error="insufficient_scope"
13:04:52.237 [main] DEBUG karate.org.apache.http.headers - http-outgoing-11 << Kong-Request-ID: eb6f4909-f352-4285-b4d5-4bac0431873c#182304
13:04:52.237 [main] DEBUG karate.org.apache.http.headers - http-outgoing-11 << vary: Origin
13:04:52.237 [main] DEBUG karate.org.apache.http.headers - http-outgoing-11 << X-Kong-Response-Latency: 1
13:04:52.237 [main] DEBUG karate.org.apache.http.headers - http-outgoing-11 << Server: kong/3.4.3.11-enterprise-edition
13:04:52.237 [main] DEBUG karate.org.apache.http.headers - http-outgoing-11 << X-Kong-Request-Id: c3771941fdc7335167909d1a9f9b8f41
13:04:52.237 [main] DEBUG karate.org.apache.http.headers - http-outgoing-11 << vary: Origin
13:04:52.237 [main] DEBUG karate.org.apache.http.headers - http-outgoing-11 << X-Kong-Upstream-Latency: 15
13:04:52.237 [main] DEBUG karate.org.apache.http.headers - http-outgoing-11 << X-Kong-Proxy-Latency: 1
13:04:52.237 [main] DEBUG karate.org.apache.http.headers - http-outgoing-11 << Via: kong/3.4.3.11-enterprise-edition
13:04:52.237 [main] DEBUG karate.org.apache.http.impl.execchain.MainClientExec - Connection can be kept alive indefinitely
13:04:52.237 [main] DEBUG karate.org.apache.http.impl.conn.PoolingHttpClientConnectionManager - Connection [id: 11][route: {s}->https://apigw-st.telus.com:443] can be kept alive indefinitely
13:04:52.237 [main] DEBUG karate.org.apache.http.impl.conn.DefaultManagedHttpClientConnection - http-outgoing-11: set socket timeout to 0
13:04:52.238 [main] DEBUG karate.org.apache.http.impl.conn.PoolingHttpClientConnectionManager - Connection released: [id: 11][route: {s}->https://apigw-st.telus.com:443][total available: 1; route allocated: 1 of 5; total allocated: 1 of 10]
13:04:52.238 [main] DEBUG com.intuit.karate - response time in milliseconds: 161
1 < 403
1 < Content-Type: application/json; charset=utf-8
1 < Content-Length: 23
1 < Connection: keep-alive
1 < Date: Fri, 09 Aug 2024 17:04:52 GMT
1 < WWW-Authenticate: Bearer realm="teamsso-its04.telus.com", error="insufficient_scope"
1 < Kong-Request-ID: eb6f4909-f352-4285-b4d5-4bac0431873c#182304
1 < vary: Origin
1 < vary: Origin
1 < X-Kong-Response-Latency: 1
1 < Server: kong/3.4.3.11-enterprise-edition
1 < X-Kong-Request-Id: c3771941fdc7335167909d1a9f9b8f41
1 < X-Kong-Upstream-Latency: 15
1 < X-Kong-Proxy-Latency: 1
1 < Via: kong/3.4.3.11-enterprise-edition
{"message":"Forbidden"}
13:04:52.238 [main] ERROR com.intuit.karate - classpath:feature/API_Negative_Response_Test.feature:48
Then status 400
status code was: 403, expected: 400, response time in milliseconds: 161, url: https://apigw-st.telus.com/customer/contactCenterCustomerInfo/v1/account?tn=7801234567, response: 
{"message":"Forbidden"}
classpath:feature/API_Negative_Response_Test.feature:48
13:04:52.244 [main] INFO com.intuit.karate - karate.env system property was: it01 
13:04:52.244 [main] INFO com.intuit.karate - clientId:52e80bfa-b42c-47d7-98b5-8bb87c926209 
13:04:52.244 [main] INFO com.intuit.karate - Current URL is : https://apigw-st.telus.com 
13:04:52.245 [main] INFO com.intuit.karate - Current Env is : it01 
13:04:52.248 [main] INFO com.intuit.karate - [print] eyJhbGciOiJSUzI1NiIsImtpZCI6ImNhZGZhMTYyLTU2YzEtNGRiOS1hNjNmLTYwZTM3NzIwMWJkZiIsInBpLmF0bSI6IjMifQ.eyJzY29wZSI6WyI0NzIwIl0sImF1dGhvcml6YXRpb25fZGV0YWlscyI6W10sImNsaWVudF9pZCI6IjUyZTgwYmZhLWI0MmMtNDdkNy05OGI1LThiYjg3YzkyNjIwOSIsImlzcyI6Imh0dHBzOi8vdGVhbXNzby1pdHMwNC50ZWx1cy5jb20iLCJhdWQiOiJrb25nIiwiaWF0IjoxNzIzMjIzMDg5LCJleHAiOjE3MjMyMjMzODl9.flESEmYyI_eCkBmzn54OkGfP2lAIxnyqs2XbjtABUAmEnkCOQe8uoiUdROg_nBCNsbluJLTMIyv2VQYcEFeVpzwJIN4AH00KC-3px8L7DRMcbbbRqgIOGamUVRjytKBt3cFR1XVCW32bLo_XlS6M0CPdsCtowSRRwenf6htGC3loiXiWZ8pxuYaJNnmQfuSN9rWpZNHc8y-eYDl0xm6EoEXQSfatP3EAxDBw6tgqlb5patcu_afyMqKiHha9IdISwDeMrqyfvgoAR4Sqhdy3Uxp_k_xzmM-XWElgzY0YfiUnRnIl01fsIz1UO7xaed3xVyVlwsYrq6nB9I57SYDk-A 
13:04:52.248 [main] INFO com.intuit.karate - [print] it01 
13:04:52.251 [main] DEBUG karate.org.apache.http.client.protocol.RequestAddCookies - CookieSpec selected: karate
13:04:52.251 [main] DEBUG karate.org.apache.http.client.protocol.RequestAuthCache - Auth cache not set in the context
13:04:52.251 [main] DEBUG com.intuit.karate - request:
1 > GET https://apigw-st.telus.com/customer/contactCenterCustomerInfo/v1/account?tn=7801234567&ban=4r5t6y6y
1 > accept: application/json
1 > env: it01
1 > x-cloud-trace-context: karate-integration-test
1 > Authorization: Bearer eyJhbGciOiJSUzI1NiIsImtpZCI6ImNhZGZhMTYyLTU2YzEtNGRiOS1hNjNmLTYwZTM3NzIwMWJkZiIsInBpLmF0bSI6IjMifQ.eyJzY29wZSI6WyI0NzIwIl0sImF1dGhvcml6YXRpb25fZGV0YWlscyI6W10sImNsaWVudF9pZCI6IjUyZTgwYmZhLWI0MmMtNDdkNy05OGI1LThiYjg3YzkyNjIwOSIsImlzcyI6Imh0dHBzOi8vdGVhbXNzby1pdHMwNC50ZWx1cy5jb20iLCJhdWQiOiJrb25nIiwiaWF0IjoxNzIzMjIzMDg5LCJleHAiOjE3MjMyMjMzODl9.flESEmYyI_eCkBmzn54OkGfP2lAIxnyqs2XbjtABUAmEnkCOQe8uoiUdROg_nBCNsbluJLTMIyv2VQYcEFeVpzwJIN4AH00KC-3px8L7DRMcbbbRqgIOGamUVRjytKBt3cFR1XVCW32bLo_XlS6M0CPdsCtowSRRwenf6htGC3loiXiWZ8pxuYaJNnmQfuSN9rWpZNHc8y-eYDl0xm6EoEXQSfatP3EAxDBw6tgqlb5patcu_afyMqKiHha9IdISwDeMrqyfvgoAR4Sqhdy3Uxp_k_xzmM-XWElgzY0YfiUnRnIl01fsIz1UO7xaed3xVyVlwsYrq6nB9I57SYDk-A
1 > Host: apigw-st.telus.com
1 > Connection: Keep-Alive
1 > User-Agent: Apache-HttpClient/4.5.13 (Java/20.0.2)
1 > Accept-Encoding: gzip,deflate


13:04:52.251 [main] DEBUG karate.org.apache.http.impl.conn.PoolingHttpClientConnectionManager - Connection request: [route: {s}->https://apigw-st.telus.com:443][total available: 0; route allocated: 0 of 5; total allocated: 0 of 10]
13:04:52.252 [main] DEBUG karate.org.apache.http.impl.conn.PoolingHttpClientConnectionManager - Connection leased: [id: 12][route: {s}->https://apigw-st.telus.com:443][total available: 0; route allocated: 1 of 5; total allocated: 1 of 10]
13:04:52.252 [main] DEBUG karate.org.apache.http.impl.execchain.MainClientExec - Opening connection {s}->https://apigw-st.telus.com:443
13:04:52.252 [main] DEBUG karate.org.apache.http.impl.conn.DefaultHttpClientConnectionOperator - Connecting to apigw-st.telus.com/207.219.84.31:443
13:04:52.252 [main] DEBUG karate.org.apache.http.conn.ssl.LenientSslConnectionSocketFactory - Connecting socket to apigw-st.telus.com/207.219.84.31:443 with timeout 10000
13:04:52.291 [main] DEBUG karate.org.apache.http.conn.ssl.LenientSslConnectionSocketFactory - Enabled protocols: [TLSv1.3, TLSv1.2]
13:04:52.291 [main] DEBUG karate.org.apache.http.conn.ssl.LenientSslConnectionSocketFactory - Enabled cipher suites:[TLS_AES_256_GCM_SHA384, TLS_AES_128_GCM_SHA256, TLS_CHACHA20_POLY1305_SHA256, TLS_ECDHE_ECDSA_WITH_AES_256_GCM_SHA384, TLS_ECDHE_ECDSA_WITH_AES_128_GCM_SHA256, TLS_ECDHE_ECDSA_WITH_CHACHA20_POLY1305_SHA256, TLS_ECDHE_RSA_WITH_AES_256_GCM_SHA384, TLS_ECDHE_RSA_WITH_CHACHA20_POLY1305_SHA256, TLS_ECDHE_RSA_WITH_AES_128_GCM_SHA256, TLS_DHE_RSA_WITH_AES_256_GCM_SHA384, TLS_DHE_RSA_WITH_CHACHA20_POLY1305_SHA256, TLS_DHE_DSS_WITH_AES_256_GCM_SHA384, TLS_DHE_RSA_WITH_AES_128_GCM_SHA256, TLS_DHE_DSS_WITH_AES_128_GCM_SHA256, TLS_ECDHE_ECDSA_WITH_AES_256_CBC_SHA384, TLS_ECDHE_RSA_WITH_AES_256_CBC_SHA384, TLS_ECDHE_ECDSA_WITH_AES_128_CBC_SHA256, TLS_ECDHE_RSA_WITH_AES_128_CBC_SHA256, TLS_DHE_RSA_WITH_AES_256_CBC_SHA256, TLS_DHE_DSS_WITH_AES_256_CBC_SHA256, TLS_DHE_RSA_WITH_AES_128_CBC_SHA256, TLS_DHE_DSS_WITH_AES_128_CBC_SHA256, TLS_ECDHE_ECDSA_WITH_AES_256_CBC_SHA, TLS_ECDHE_RSA_WITH_AES_256_CBC_SHA, TLS_ECDHE_ECDSA_WITH_AES_128_CBC_SHA, TLS_ECDHE_RSA_WITH_AES_128_CBC_SHA, TLS_DHE_RSA_WITH_AES_256_CBC_SHA, TLS_DHE_DSS_WITH_AES_256_CBC_SHA, TLS_DHE_RSA_WITH_AES_128_CBC_SHA, TLS_DHE_DSS_WITH_AES_128_CBC_SHA, TLS_RSA_WITH_AES_256_GCM_SHA384, TLS_RSA_WITH_AES_128_GCM_SHA256, TLS_RSA_WITH_AES_256_CBC_SHA256, TLS_RSA_WITH_AES_128_CBC_SHA256, TLS_RSA_WITH_AES_256_CBC_SHA, TLS_RSA_WITH_AES_128_CBC_SHA, TLS_EMPTY_RENEGOTIATION_INFO_SCSV]
13:04:52.291 [main] DEBUG karate.org.apache.http.conn.ssl.LenientSslConnectionSocketFactory - Starting handshake
13:04:52.349 [main] DEBUG karate.org.apache.http.conn.ssl.LenientSslConnectionSocketFactory - Secure session established
13:04:52.349 [main] DEBUG karate.org.apache.http.conn.ssl.LenientSslConnectionSocketFactory -  negotiated protocol: TLSv1.3
13:04:52.349 [main] DEBUG karate.org.apache.http.conn.ssl.LenientSslConnectionSocketFactory -  negotiated cipher suite: TLS_AES_128_GCM_SHA256
13:04:52.349 [main] DEBUG karate.org.apache.http.conn.ssl.LenientSslConnectionSocketFactory -  peer principal: CN=apigw-soap-st.telus.com, O=TELUS Corp., L=Vancouver, ST=British Columbia, C=CA
13:04:52.349 [main] DEBUG karate.org.apache.http.conn.ssl.LenientSslConnectionSocketFactory -  peer alternative names: [apigw-soap-st.telus.com, apigw-st.telus.com, apigw-qidc-st.telus.com, apigw-kidc-st.telus.com, apigw-soap-qidc-st.telus.com, apigw-soap-kidc-st.telus.com]
13:04:52.349 [main] DEBUG karate.org.apache.http.conn.ssl.LenientSslConnectionSocketFactory -  issuer principal: CN=DigiCert Global G2 TLS RSA SHA256 2020 CA1, O=DigiCert Inc, C=US
13:04:52.349 [main] DEBUG karate.org.apache.http.impl.conn.DefaultHttpClientConnectionOperator - Connection established 192.168.1.65:54948<->207.219.84.31:443
13:04:52.349 [main] DEBUG karate.org.apache.http.impl.conn.DefaultManagedHttpClientConnection - http-outgoing-12: set socket timeout to 20000
13:04:52.349 [main] DEBUG karate.org.apache.http.impl.execchain.MainClientExec - Executing request GET /customer/contactCenterCustomerInfo/v1/account?tn=7801234567&ban=4r5t6y6y HTTP/1.1
13:04:52.349 [main] DEBUG karate.org.apache.http.impl.execchain.MainClientExec - Proxy auth state: UNCHALLENGED
13:04:52.350 [main] DEBUG karate.org.apache.http.headers - http-outgoing-12 >> GET /customer/contactCenterCustomerInfo/v1/account?tn=7801234567&ban=4r5t6y6y HTTP/1.1
13:04:52.350 [main] DEBUG karate.org.apache.http.headers - http-outgoing-12 >> accept: application/json
13:04:52.350 [main] DEBUG karate.org.apache.http.headers - http-outgoing-12 >> env: it01
13:04:52.350 [main] DEBUG karate.org.apache.http.headers - http-outgoing-12 >> x-cloud-trace-context: karate-integration-test
13:04:52.350 [main] DEBUG karate.org.apache.http.headers - http-outgoing-12 >> Authorization: Bearer eyJhbGciOiJSUzI1NiIsImtpZCI6ImNhZGZhMTYyLTU2YzEtNGRiOS1hNjNmLTYwZTM3NzIwMWJkZiIsInBpLmF0bSI6IjMifQ.eyJzY29wZSI6WyI0NzIwIl0sImF1dGhvcml6YXRpb25fZGV0YWlscyI6W10sImNsaWVudF9pZCI6IjUyZTgwYmZhLWI0MmMtNDdkNy05OGI1LThiYjg3YzkyNjIwOSIsImlzcyI6Imh0dHBzOi8vdGVhbXNzby1pdHMwNC50ZWx1cy5jb20iLCJhdWQiOiJrb25nIiwiaWF0IjoxNzIzMjIzMDg5LCJleHAiOjE3MjMyMjMzODl9.flESEmYyI_eCkBmzn54OkGfP2lAIxnyqs2XbjtABUAmEnkCOQe8uoiUdROg_nBCNsbluJLTMIyv2VQYcEFeVpzwJIN4AH00KC-3px8L7DRMcbbbRqgIOGamUVRjytKBt3cFR1XVCW32bLo_XlS6M0CPdsCtowSRRwenf6htGC3loiXiWZ8pxuYaJNnmQfuSN9rWpZNHc8y-eYDl0xm6EoEXQSfatP3EAxDBw6tgqlb5patcu_afyMqKiHha9IdISwDeMrqyfvgoAR4Sqhdy3Uxp_k_xzmM-XWElgzY0YfiUnRnIl01fsIz1UO7xaed3xVyVlwsYrq6nB9I57SYDk-A
13:04:52.350 [main] DEBUG karate.org.apache.http.headers - http-outgoing-12 >> Host: apigw-st.telus.com
13:04:52.350 [main] DEBUG karate.org.apache.http.headers - http-outgoing-12 >> Connection: Keep-Alive
13:04:52.350 [main] DEBUG karate.org.apache.http.headers - http-outgoing-12 >> User-Agent: Apache-HttpClient/4.5.13 (Java/20.0.2)
13:04:52.350 [main] DEBUG karate.org.apache.http.headers - http-outgoing-12 >> Accept-Encoding: gzip,deflate
13:04:52.350 [main] DEBUG karate.org.apache.http.wire - http-outgoing-12 >> "GET /customer/contactCenterCustomerInfo/v1/account?tn=7801234567&ban=4r5t6y6y HTTP/1.1[\r][\n]"
13:04:52.350 [main] DEBUG karate.org.apache.http.wire - http-outgoing-12 >> "accept: application/json[\r][\n]"
13:04:52.350 [main] DEBUG karate.org.apache.http.wire - http-outgoing-12 >> "env: it01[\r][\n]"
13:04:52.350 [main] DEBUG karate.org.apache.http.wire - http-outgoing-12 >> "x-cloud-trace-context: karate-integration-test[\r][\n]"
13:04:52.350 [main] DEBUG karate.org.apache.http.wire - http-outgoing-12 >> "Authorization: Bearer eyJhbGciOiJSUzI1NiIsImtpZCI6ImNhZGZhMTYyLTU2YzEtNGRiOS1hNjNmLTYwZTM3NzIwMWJkZiIsInBpLmF0bSI6IjMifQ.eyJzY29wZSI6WyI0NzIwIl0sImF1dGhvcml6YXRpb25fZGV0YWlscyI6W10sImNsaWVudF9pZCI6IjUyZTgwYmZhLWI0MmMtNDdkNy05OGI1LThiYjg3YzkyNjIwOSIsImlzcyI6Imh0dHBzOi8vdGVhbXNzby1pdHMwNC50ZWx1cy5jb20iLCJhdWQiOiJrb25nIiwiaWF0IjoxNzIzMjIzMDg5LCJleHAiOjE3MjMyMjMzODl9.flESEmYyI_eCkBmzn54OkGfP2lAIxnyqs2XbjtABUAmEnkCOQe8uoiUdROg_nBCNsbluJLTMIyv2VQYcEFeVpzwJIN4AH00KC-3px8L7DRMcbbbRqgIOGamUVRjytKBt3cFR1XVCW32bLo_XlS6M0CPdsCtowSRRwenf6htGC3loiXiWZ8pxuYaJNnmQfuSN9rWpZNHc8y-eYDl0xm6EoEXQSfatP3EAxDBw6tgqlb5patcu_afyMqKiHha9IdISwDeMrqyfvgoAR4Sqhdy3Uxp_k_xzmM-XWElgzY0YfiUnRnIl01fsIz1UO7xaed3xVyVlwsYrq6nB9I57SYDk-A[\r][\n]"
13:04:52.350 [main] DEBUG karate.org.apache.http.wire - http-outgoing-12 >> "Host: apigw-st.telus.com[\r][\n]"
13:04:52.350 [main] DEBUG karate.org.apache.http.wire - http-outgoing-12 >> "Connection: Keep-Alive[\r][\n]"
13:04:52.350 [main] DEBUG karate.org.apache.http.wire - http-outgoing-12 >> "User-Agent: Apache-HttpClient/4.5.13 (Java/20.0.2)[\r][\n]"
13:04:52.350 [main] DEBUG karate.org.apache.http.wire - http-outgoing-12 >> "Accept-Encoding: gzip,deflate[\r][\n]"
13:04:52.350 [main] DEBUG karate.org.apache.http.wire - http-outgoing-12 >> "[\r][\n]"
13:04:52.398 [main] DEBUG karate.org.apache.http.wire - http-outgoing-12 << "HTTP/1.1 403 Forbidden[\r][\n]"
13:04:52.398 [main] DEBUG karate.org.apache.http.wire - http-outgoing-12 << "Content-Type: application/json; charset=utf-8[\r][\n]"
13:04:52.398 [main] DEBUG karate.org.apache.http.wire - http-outgoing-12 << "Content-Length: 23[\r][\n]"
13:04:52.398 [main] DEBUG karate.org.apache.http.wire - http-outgoing-12 << "Connection: keep-alive[\r][\n]"
13:04:52.398 [main] DEBUG karate.org.apache.http.wire - http-outgoing-12 << "Date: Fri, 09 Aug 2024 17:04:53 GMT[\r][\n]"
13:04:52.398 [main] DEBUG karate.org.apache.http.wire - http-outgoing-12 << "WWW-Authenticate: Bearer realm="teamsso-its04.telus.com", error="insufficient_scope"[\r][\n]"
13:04:52.398 [main] DEBUG karate.org.apache.http.wire - http-outgoing-12 << "Kong-Request-ID: 2a7d2973-b90b-454f-af4f-d6467f521290#372920[\r][\n]"
13:04:52.399 [main] DEBUG karate.org.apache.http.wire - http-outgoing-12 << "vary: Origin[\r][\n]"
13:04:52.399 [main] DEBUG karate.org.apache.http.wire - http-outgoing-12 << "X-Kong-Response-Latency: 2[\r][\n]"
13:04:52.399 [main] DEBUG karate.org.apache.http.wire - http-outgoing-12 << "Server: kong/3.4.3.11-enterprise-edition[\r][\n]"
13:04:52.399 [main] DEBUG karate.org.apache.http.wire - http-outgoing-12 << "X-Kong-Request-Id: 00ab692467504d6522508c696c33a935[\r][\n]"
13:04:52.399 [main] DEBUG karate.org.apache.http.wire - http-outgoing-12 << "vary: Origin[\r][\n]"
13:04:52.399 [main] DEBUG karate.org.apache.http.wire - http-outgoing-12 << "X-Kong-Upstream-Latency: 5[\r][\n]"
13:04:52.399 [main] DEBUG karate.org.apache.http.wire - http-outgoing-12 << "X-Kong-Proxy-Latency: 2[\r][\n]"
13:04:52.399 [main] DEBUG karate.org.apache.http.wire - http-outgoing-12 << "Via: kong/3.4.3.11-enterprise-edition[\r][\n]"
13:04:52.399 [main] DEBUG karate.org.apache.http.wire - http-outgoing-12 << "[\r][\n]"
13:04:52.399 [main] DEBUG karate.org.apache.http.wire - http-outgoing-12 << "{"message":"Forbidden"}"
13:04:52.399 [main] DEBUG karate.org.apache.http.headers - http-outgoing-12 << HTTP/1.1 403 Forbidden
13:04:52.399 [main] DEBUG karate.org.apache.http.headers - http-outgoing-12 << Content-Type: application/json; charset=utf-8
13:04:52.399 [main] DEBUG karate.org.apache.http.headers - http-outgoing-12 << Content-Length: 23
13:04:52.399 [main] DEBUG karate.org.apache.http.headers - http-outgoing-12 << Connection: keep-alive
13:04:52.399 [main] DEBUG karate.org.apache.http.headers - http-outgoing-12 << Date: Fri, 09 Aug 2024 17:04:53 GMT
13:04:52.399 [main] DEBUG karate.org.apache.http.headers - http-outgoing-12 << WWW-Authenticate: Bearer realm="teamsso-its04.telus.com", error="insufficient_scope"
13:04:52.399 [main] DEBUG karate.org.apache.http.headers - http-outgoing-12 << Kong-Request-ID: 2a7d2973-b90b-454f-af4f-d6467f521290#372920
13:04:52.399 [main] DEBUG karate.org.apache.http.headers - http-outgoing-12 << vary: Origin
13:04:52.399 [main] DEBUG karate.org.apache.http.headers - http-outgoing-12 << X-Kong-Response-Latency: 2
13:04:52.399 [main] DEBUG karate.org.apache.http.headers - http-outgoing-12 << Server: kong/3.4.3.11-enterprise-edition
13:04:52.399 [main] DEBUG karate.org.apache.http.headers - http-outgoing-12 << X-Kong-Request-Id: 00ab692467504d6522508c696c33a935
13:04:52.399 [main] DEBUG karate.org.apache.http.headers - http-outgoing-12 << vary: Origin
13:04:52.399 [main] DEBUG karate.org.apache.http.headers - http-outgoing-12 << X-Kong-Upstream-Latency: 5
13:04:52.399 [main] DEBUG karate.org.apache.http.headers - http-outgoing-12 << X-Kong-Proxy-Latency: 2
13:04:52.399 [main] DEBUG karate.org.apache.http.headers - http-outgoing-12 << Via: kong/3.4.3.11-enterprise-edition
13:04:52.399 [main] DEBUG karate.org.apache.http.impl.execchain.MainClientExec - Connection can be kept alive indefinitely
13:04:52.399 [main] DEBUG karate.org.apache.http.impl.conn.PoolingHttpClientConnectionManager - Connection [id: 12][route: {s}->https://apigw-st.telus.com:443] can be kept alive indefinitely
13:04:52.399 [main] DEBUG karate.org.apache.http.impl.conn.DefaultManagedHttpClientConnection - http-outgoing-12: set socket timeout to 0
13:04:52.399 [main] DEBUG karate.org.apache.http.impl.conn.PoolingHttpClientConnectionManager - Connection released: [id: 12][route: {s}->https://apigw-st.telus.com:443][total available: 1; route allocated: 1 of 5; total allocated: 1 of 10]
13:04:52.399 [main] DEBUG com.intuit.karate - response time in milliseconds: 148
1 < 403
1 < Content-Type: application/json; charset=utf-8
1 < Content-Length: 23
1 < Connection: keep-alive
1 < Date: Fri, 09 Aug 2024 17:04:53 GMT
1 < WWW-Authenticate: Bearer realm="teamsso-its04.telus.com", error="insufficient_scope"
1 < Kong-Request-ID: 2a7d2973-b90b-454f-af4f-d6467f521290#372920
1 < vary: Origin
1 < vary: Origin
1 < X-Kong-Response-Latency: 2
1 < Server: kong/3.4.3.11-enterprise-edition
1 < X-Kong-Request-Id: 00ab692467504d6522508c696c33a935
1 < X-Kong-Upstream-Latency: 5
1 < X-Kong-Proxy-Latency: 2
1 < Via: kong/3.4.3.11-enterprise-edition
{"message":"Forbidden"}
13:04:52.400 [main] ERROR com.intuit.karate - classpath:feature/API_Negative_Response_Test.feature:56
Then status 400
status code was: 403, expected: 400, response time in milliseconds: 148, url: https://apigw-st.telus.com/customer/contactCenterCustomerInfo/v1/account?tn=7801234567&ban=4r5t6y6y, response: 
{"message":"Forbidden"}
classpath:feature/API_Negative_Response_Test.feature:56
13:04:52.413 [main] DEBUG karate.org.thymeleaf.TemplateEngine - [THYMELEAF] INITIALIZING TEMPLATE ENGINE
13:04:52.435 [main] DEBUG karate.org.thymeleaf.TemplateEngine.CONFIG - Initializing Thymeleaf Template engine configuration...
[THYMELEAF] TEMPLATE ENGINE CONFIGURATION:
[THYMELEAF] * Thymeleaf version: 3.0.12.RELEASE (built 2020-12-21T00:26:28+0000)
[THYMELEAF] * Cache Manager implementation: karate.org.thymeleaf.cache.StandardCacheManager
[THYMELEAF] * Template resolvers:
[THYMELEAF]     * [1] com.intuit.karate.template.ResourceHtmlTemplateResolver
[THYMELEAF] * Message resolvers:
[THYMELEAF]     * karate.org.thymeleaf.messageresolver.StandardMessageResolver
[THYMELEAF] * Link builders:
[THYMELEAF]     * karate.org.thymeleaf.linkbuilder.StandardLinkBuilder
[THYMELEAF] * Dialect [1 of 2]: Standard (com.intuit.karate.template.KarateStandardDialect)
[THYMELEAF]     * Prefix: "th"
[THYMELEAF]     * Processors for Template Mode: HTML
[THYMELEAF]         * Element Tag Processors by [matching element and attribute name] [precedence]:
[THYMELEAF]             * [* {th:include,data-th-include}] [100]: karate.org.thymeleaf.standard.processor.StandardIncludeTagProcessor
[THYMELEAF]             * [* {th:insert,data-th-insert}] [100]: karate.org.thymeleaf.standard.processor.StandardInsertTagProcessor
[THYMELEAF]             * [* {th:replace,data-th-replace}] [100]: karate.org.thymeleaf.standard.processor.StandardReplaceTagProcessor
[THYMELEAF]             * [* {th:substituteby,data-th-substituteby}] [100]: karate.org.thymeleaf.standard.processor.StandardSubstituteByTagProcessor
[THYMELEAF]             * [* {th:each,data-th-each}] [200]: com.intuit.karate.template.KarateEachTagProcessor
[THYMELEAF]             * [* {th:switch,data-th-switch}] [250]: karate.org.thymeleaf.standard.processor.StandardSwitchTagProcessor
[THYMELEAF]             * [* {th:case,data-th-case}] [275]: karate.org.thymeleaf.standard.processor.StandardCaseTagProcessor
[THYMELEAF]             * [* {th:if,data-th-if}] [300]: karate.org.thymeleaf.standard.processor.StandardIfTagProcessor
[THYMELEAF]             * [* {th:unless,data-th-unless}] [400]: karate.org.thymeleaf.standard.processor.StandardUnlessTagProcessor
[THYMELEAF]             * [* {th:object,data-th-object}] [500]: karate.org.thymeleaf.standard.processor.StandardObjectTagProcessor
[THYMELEAF]             * [* {th:with,data-th-with}] [600]: com.intuit.karate.template.KarateWithTagProcessor
[THYMELEAF]             * [* {th:attr,data-th-attr}] [700]: com.intuit.karate.template.KarateAttributeTagProcessor.KarateAttrTagProcessor
[THYMELEAF]             * [* {th:attrappend,data-th-attrappend}] [900]: com.intuit.karate.template.KarateAttributeTagProcessor.KarateAttrappendTagProcessor
[THYMELEAF]             * [* {th:attrprepend,data-th-attrprepend}] [900]: com.intuit.karate.template.KarateAttributeTagProcessor.KarateAttrprependTagProcessor
[THYMELEAF]             * [* {th:alt-title,data-th-alt-title}] [990]: karate.org.thymeleaf.standard.processor.StandardAltTitleTagProcessor
[THYMELEAF]             * [* {th:lang-xmllang,data-th-lang-xmllang}] [990]: karate.org.thymeleaf.standard.processor.StandardLangXmlLangTagProcessor
[THYMELEAF]             * [* {th:action,data-th-action}] [1000]: karate.org.thymeleaf.standard.processor.StandardActionTagProcessor
[THYMELEAF]             * [* {th:reversed,data-th-reversed}] [1000]: karate.org.thymeleaf.standard.processor.StandardConditionalFixedValueTagProcessor
[THYMELEAF]             * [* {th:seamless,data-th-seamless}] [1000]: karate.org.thymeleaf.standard.processor.StandardConditionalFixedValueTagProcessor
[THYMELEAF]             * [* {th:async,data-th-async}] [1000]: karate.org.thymeleaf.standard.processor.StandardConditionalFixedValueTagProcessor
[THYMELEAF]             * [* {th:readonly,data-th-readonly}] [1000]: karate.org.thymeleaf.standard.processor.StandardConditionalFixedValueTagProcessor
[THYMELEAF]             * [* {th:hidden,data-th-hidden}] [1000]: karate.org.thymeleaf.standard.processor.StandardConditionalFixedValueTagProcessor
[THYMELEAF]             * [* {th:checked,data-th-checked}] [1000]: karate.org.thymeleaf.standard.processor.StandardConditionalFixedValueTagProcessor
[THYMELEAF]             * [* {th:scoped,data-th-scoped}] [1000]: karate.org.thymeleaf.standard.processor.StandardConditionalFixedValueTagProcessor
[THYMELEAF]             * [* {th:ismap,data-th-ismap}] [1000]: karate.org.thymeleaf.standard.processor.StandardConditionalFixedValueTagProcessor
[THYMELEAF]             * [* {th:defer,data-th-defer}] [1000]: karate.org.thymeleaf.standard.processor.StandardConditionalFixedValueTagProcessor
[THYMELEAF]             * [* {th:formnovalidate,data-th-formnovalidate}] [1000]: karate.org.thymeleaf.standard.processor.StandardConditionalFixedValueTagProcessor
[THYMELEAF]             * [* {th:default,data-th-default}] [1000]: karate.org.thymeleaf.standard.processor.StandardConditionalFixedValueTagProcessor
[THYMELEAF]             * [* {th:disabled,data-th-disabled}] [1000]: karate.org.thymeleaf.standard.processor.StandardConditionalFixedValueTagProcessor
[THYMELEAF]             * [* {th:declare,data-th-declare}] [1000]: karate.org.thymeleaf.standard.processor.StandardConditionalFixedValueTagProcessor
[THYMELEAF]             * [* {th:autoplay,data-th-autoplay}] [1000]: karate.org.thymeleaf.standard.processor.StandardConditionalFixedValueTagProcessor
[THYMELEAF]             * [* {th:controls,data-th-controls}] [1000]: karate.org.thymeleaf.standard.processor.StandardConditionalFixedValueTagProcessor
[THYMELEAF]             * [* {th:required,data-th-required}] [1000]: karate.org.thymeleaf.standard.processor.StandardConditionalFixedValueTagProcessor
[THYMELEAF]             * [* {th:nowrap,data-th-nowrap}] [1000]: karate.org.thymeleaf.standard.processor.StandardConditionalFixedValueTagProcessor
[THYMELEAF]             * [* {th:loop,data-th-loop}] [1000]: karate.org.thymeleaf.standard.processor.StandardConditionalFixedValueTagProcessor
[THYMELEAF]             * [* {th:autofocus,data-th-autofocus}] [1000]: karate.org.thymeleaf.standard.processor.StandardConditionalFixedValueTagProcessor
[THYMELEAF]             * [* {th:selected,data-th-selected}] [1000]: karate.org.thymeleaf.standard.processor.StandardConditionalFixedValueTagProcessor
[THYMELEAF]             * [* {th:novalidate,data-th-novalidate}] [1000]: karate.org.thymeleaf.standard.processor.StandardConditionalFixedValueTagProcessor
[THYMELEAF]             * [* {th:open,data-th-open}] [1000]: karate.org.thymeleaf.standard.processor.StandardConditionalFixedValueTagProcessor
[THYMELEAF]             * [* {th:multiple,data-th-multiple}] [1000]: karate.org.thymeleaf.standard.processor.StandardConditionalFixedValueTagProcessor
[THYMELEAF]             * [* {th:pubdate,data-th-pubdate}] [1000]: karate.org.thymeleaf.standard.processor.StandardConditionalFixedValueTagProcessor
[THYMELEAF]             * [* {th:oncontextmenu,data-th-oncontextmenu}] [1000]: karate.org.thymeleaf.standard.processor.StandardDOMEventAttributeTagProcessor
[THYMELEAF]             * [* {th:onforminput,data-th-onforminput}] [1000]: karate.org.thymeleaf.standard.processor.StandardDOMEventAttributeTagProcessor
[THYMELEAF]             * [* {th:onmouseout,data-th-onmouseout}] [1000]: karate.org.thymeleaf.standard.processor.StandardDOMEventAttributeTagProcessor
[THYMELEAF]             * [* {th:onscroll,data-th-onscroll}] [1000]: karate.org.thymeleaf.standard.processor.StandardDOMEventAttributeTagProcessor
[THYMELEAF]             * [* {th:ondragleave,data-th-ondragleave}] [1000]: karate.org.thymeleaf.standard.processor.StandardDOMEventAttributeTagProcessor
[THYMELEAF]             * [* {th:onmousemove,data-th-onmousemove}] [1000]: karate.org.thymeleaf.standard.processor.StandardDOMEventAttributeTagProcessor
[THYMELEAF]             * [* {th:ondrop,data-th-ondrop}] [1000]: karate.org.thymeleaf.standard.processor.StandardDOMEventAttributeTagProcessor
[THYMELEAF]             * [* {th:onbeforeprint,data-th-onbeforeprint}] [1000]: karate.org.thymeleaf.standard.processor.StandardDOMEventAttributeTagProcessor
[THYMELEAF]             * [* {th:onfocus,data-th-onfocus}] [1000]: karate.org.thymeleaf.standard.processor.StandardDOMEventAttributeTagProcessor
[THYMELEAF]             * [* {th:ondragend,data-th-ondragend}] [1000]: karate.org.thymeleaf.standard.processor.StandardDOMEventAttributeTagProcessor
[THYMELEAF]             * [* {th:onmouseover,data-th-onmouseover}] [1000]: karate.org.thymeleaf.standard.processor.StandardDOMEventAttributeTagProcessor
[THYMELEAF]             * [* {th:onmessage,data-th-onmessage}] [1000]: karate.org.thymeleaf.standard.processor.StandardDOMEventAttributeTagProcessor
[THYMELEAF]             * [* {th:onloadedmetadata,data-th-onloadedmetadata}] [1000]: karate.org.thymeleaf.standard.processor.StandardDOMEventAttributeTagProcessor
[THYMELEAF]             * [* {th:ontimeupdate,data-th-ontimeupdate}] [1000]: karate.org.thymeleaf.standard.processor.StandardDOMEventAttributeTagProcessor
[THYMELEAF]             * [* {th:onpause,data-th-onpause}] [1000]: karate.org.thymeleaf.standard.processor.StandardDOMEventAttributeTagProcessor
[THYMELEAF]             * [* {th:onclick,data-th-onclick}] [1000]: karate.org.thymeleaf.standard.processor.StandardDOMEventAttributeTagProcessor
[THYMELEAF]             * [* {th:onloadeddata,data-th-onloadeddata}] [1000]: karate.org.thymeleaf.standard.processor.StandardDOMEventAttributeTagProcessor
[THYMELEAF]             * [* {th:onwaiting,data-th-onwaiting}] [1000]: karate.org.thymeleaf.standard.processor.StandardDOMEventAttributeTagProcessor
[THYMELEAF]             * [* {th:oninput,data-th-oninput}] [1000]: karate.org.thymeleaf.standard.processor.StandardDOMEventAttributeTagProcessor
[THYMELEAF]             * [* {th:onhashchange,data-th-onhashchange}] [1000]: karate.org.thymeleaf.standard.processor.StandardDOMEventAttributeTagProcessor
[THYMELEAF]             * [* {th:onemptied,data-th-onemptied}] [1000]: karate.org.thymeleaf.standard.processor.StandardDOMEventAttributeTagProcessor
[THYMELEAF]             * [* {th:ondragstart,data-th-ondragstart}] [1000]: karate.org.thymeleaf.standard.processor.StandardDOMEventAttributeTagProcessor
[THYMELEAF]             * [* {th:onseeked,data-th-onseeked}] [1000]: karate.org.thymeleaf.standard.processor.StandardDOMEventAttributeTagProcessor
[THYMELEAF]             * [* {th:onafterprint,data-th-onafterprint}] [1000]: karate.org.thymeleaf.standard.processor.StandardDOMEventAttributeTagProcessor
[THYMELEAF]             * [* {th:onplay,data-th-onplay}] [1000]: karate.org.thymeleaf.standard.processor.StandardDOMEventAttributeTagProcessor
[THYMELEAF]             * [* {th:onmouseup,data-th-onmouseup}] [1000]: karate.org.thymeleaf.standard.processor.StandardDOMEventAttributeTagProcessor
[THYMELEAF]             * [* {th:onsubmit,data-th-onsubmit}] [1000]: karate.org.thymeleaf.standard.processor.StandardDOMEventAttributeTagProcessor
[THYMELEAF]             * [* {th:oninvalid,data-th-oninvalid}] [1000]: karate.org.thymeleaf.standard.processor.StandardDOMEventAttributeTagProcessor
[THYMELEAF]             * [* {th:onkeyup,data-th-onkeyup}] [1000]: karate.org.thymeleaf.standard.processor.StandardDOMEventAttributeTagProcessor
[THYMELEAF]             * [* {th:ondragover,data-th-ondragover}] [1000]: karate.org.thymeleaf.standard.processor.StandardDOMEventAttributeTagProcessor
[THYMELEAF]             * [* {th:ondrag,data-th-ondrag}] [1000]: karate.org.thymeleaf.standard.processor.StandardDOMEventAttributeTagProcessor
[THYMELEAF]             * [* {th:onkeypress,data-th-onkeypress}] [1000]: karate.org.thymeleaf.standard.processor.StandardDOMEventAttributeTagProcessor
[THYMELEAF]             * [* {th:oncanplay,data-th-oncanplay}] [1000]: karate.org.thymeleaf.standard.processor.StandardDOMEventAttributeTagProcessor
[THYMELEAF]             * [* {th:onresize,data-th-onresize}] [1000]: karate.org.thymeleaf.standard.processor.StandardDOMEventAttributeTagProcessor
[THYMELEAF]             * [* {th:onmousedown,data-th-onmousedown}] [1000]: karate.org.thymeleaf.standard.processor.StandardDOMEventAttributeTagProcessor
[THYMELEAF]             * [* {th:onprogress,data-th-onprogress}] [1000]: karate.org.thymeleaf.standard.processor.StandardDOMEventAttributeTagProcessor
[THYMELEAF]             * [* {th:onload,data-th-onload}] [1000]: karate.org.thymeleaf.standard.processor.StandardDOMEventAttributeTagProcessor
[THYMELEAF]             * [* {th:onchange,data-th-onchange}] [1000]: karate.org.thymeleaf.standard.processor.StandardDOMEventAttributeTagProcessor
[THYMELEAF]             * [* {th:onerror,data-th-onerror}] [1000]: karate.org.thymeleaf.standard.processor.StandardDOMEventAttributeTagProcessor
[THYMELEAF]             * [* {th:oncanplaythrough,data-th-oncanplaythrough}] [1000]: karate.org.thymeleaf.standard.processor.StandardDOMEventAttributeTagProcessor
[THYMELEAF]             * [* {th:onstorage,data-th-onstorage}] [1000]: karate.org.thymeleaf.standard.processor.StandardDOMEventAttributeTagProcessor
[THYMELEAF]             * [* {th:onreadystatechange,data-th-onreadystatechange}] [1000]: karate.org.thymeleaf.standard.processor.StandardDOMEventAttributeTagProcessor
[THYMELEAF]             * [* {th:onstalled,data-th-onstalled}] [1000]: karate.org.thymeleaf.standard.processor.StandardDOMEventAttributeTagProcessor
[THYMELEAF]             * [* {th:onloadstart,data-th-onloadstart}] [1000]: karate.org.thymeleaf.standard.processor.StandardDOMEventAttributeTagProcessor
[THYMELEAF]             * [* {th:ondblclick,data-th-ondblclick}] [1000]: karate.org.thymeleaf.standard.processor.StandardDOMEventAttributeTagProcessor
[THYMELEAF]             * [* {th:onredo,data-th-onredo}] [1000]: karate.org.thymeleaf.standard.processor.StandardDOMEventAttributeTagProcessor
[THYMELEAF]             * [* {th:onselect,data-th-onselect}] [1000]: karate.org.thymeleaf.standard.processor.StandardDOMEventAttributeTagProcessor
[THYMELEAF]             * [* {th:onended,data-th-onended}] [1000]: karate.org.thymeleaf.standard.processor.StandardDOMEventAttributeTagProcessor
[THYMELEAF]             * [* {th:onplaying,data-th-onplaying}] [1000]: karate.org.thymeleaf.standard.processor.StandardDOMEventAttributeTagProcessor
[THYMELEAF]             * [* {th:onoffline,data-th-onoffline}] [1000]: karate.org.thymeleaf.standard.processor.StandardDOMEventAttributeTagProcessor
[THYMELEAF]             * [* {th:onmousewheel,data-th-onmousewheel}] [1000]: karate.org.thymeleaf.standard.processor.StandardDOMEventAttributeTagProcessor
[THYMELEAF]             * [* {th:onpopstate,data-th-onpopstate}] [1000]: karate.org.thymeleaf.standard.processor.StandardDOMEventAttributeTagProcessor
[THYMELEAF]             * [* {th:onshow,data-th-onshow}] [1000]: karate.org.thymeleaf.standard.processor.StandardDOMEventAttributeTagProcessor
[THYMELEAF]             * [* {th:onratechange,data-th-onratechange}] [1000]: karate.org.thymeleaf.standard.processor.StandardDOMEventAttributeTagProcessor
[THYMELEAF]             * [* {th:onseeking,data-th-onseeking}] [1000]: karate.org.thymeleaf.standard.processor.StandardDOMEventAttributeTagProcessor
[THYMELEAF]             * [* {th:onbeforeunload,data-th-onbeforeunload}] [1000]: karate.org.thymeleaf.standard.processor.StandardDOMEventAttributeTagProcessor
[THYMELEAF]             * [* {th:onformchange,data-th-onformchange}] [1000]: karate.org.thymeleaf.standard.processor.StandardDOMEventAttributeTagProcessor
[THYMELEAF]             * [* {th:onblur,data-th-onblur}] [1000]: karate.org.thymeleaf.standard.processor.StandardDOMEventAttributeTagProcessor
[THYMELEAF]             * [* {th:onvolumechange,data-th-onvolumechange}] [1000]: karate.org.thymeleaf.standard.processor.StandardDOMEventAttributeTagProcessor
[THYMELEAF]             * [* {th:onundo,data-th-onundo}] [1000]: karate.org.thymeleaf.standard.processor.StandardDOMEventAttributeTagProcessor
[THYMELEAF]             * [* {th:ononline,data-th-ononline}] [1000]: karate.org.thymeleaf.standard.processor.StandardDOMEventAttributeTagProcessor
[THYMELEAF]             * [* {th:onunload,data-th-onunload}] [1000]: karate.org.thymeleaf.standard.processor.StandardDOMEventAttributeTagProcessor
[THYMELEAF]             * [* {th:onreset,data-th-onreset}] [1000]: karate.org.thymeleaf.standard.processor.StandardDOMEventAttributeTagProcessor
[THYMELEAF]             * [* {th:onabort,data-th-onabort}] [1000]: karate.org.thymeleaf.standard.processor.StandardDOMEventAttributeTagProcessor
[THYMELEAF]             * [* {th:ondragenter,data-th-ondragenter}] [1000]: karate.org.thymeleaf.standard.processor.StandardDOMEventAttributeTagProcessor
[THYMELEAF]             * [* {th:onsuspend,data-th-onsuspend}] [1000]: karate.org.thymeleaf.standard.processor.StandardDOMEventAttributeTagProcessor
[THYMELEAF]             * [* {th:onkeydown,data-th-onkeydown}] [1000]: karate.org.thymeleaf.standard.processor.StandardDOMEventAttributeTagProcessor
[THYMELEAF]             * [* {th:ondurationchange,data-th-ondurationchange}] [1000]: karate.org.thymeleaf.standard.processor.StandardDOMEventAttributeTagProcessor
[THYMELEAF]             * [* {th:href,data-th-href}] [1000]: karate.org.thymeleaf.standard.processor.StandardHrefTagProcessor
[THYMELEAF]             * [* {th:inline,data-th-inline}] [1000]: karate.org.thymeleaf.standard.processor.StandardInlineHTMLTagProcessor
[THYMELEAF]             * [* {th:method,data-th-method}] [1000]: karate.org.thymeleaf.standard.processor.StandardMethodTagProcessor
[THYMELEAF]             * [* {th:name,data-th-name}] [1000]: karate.org.thymeleaf.standard.processor.StandardNonRemovableAttributeTagProcessor
[THYMELEAF]             * [* {th:type,data-th-type}] [1000]: karate.org.thymeleaf.standard.processor.StandardNonRemovableAttributeTagProcessor
[THYMELEAF]             * [* {th:frame,data-th-frame}] [1000]: karate.org.thymeleaf.standard.processor.StandardRemovableAttributeTagProcessor
[THYMELEAF]             * [* {th:abbr,data-th-abbr}] [1000]: karate.org.thymeleaf.standard.processor.StandardRemovableAttributeTagProcessor
[THYMELEAF]             * [* {th:rules,data-th-rules}] [1000]: karate.org.thymeleaf.standard.processor.StandardRemovableAttributeTagProcessor
[THYMELEAF]             * [* {th:formenctype,data-th-formenctype}] [1000]: karate.org.thymeleaf.standard.processor.StandardRemovableAttributeTagProcessor
[THYMELEAF]             * [* {th:class,data-th-class}] [1000]: karate.org.thymeleaf.standard.processor.StandardRemovableAttributeTagProcessor
[THYMELEAF]             * [* {th:sandbox,data-th-sandbox}] [1000]: karate.org.thymeleaf.standard.processor.StandardRemovableAttributeTagProcessor
[THYMELEAF]             * [* {th:pattern,data-th-pattern}] [1000]: karate.org.thymeleaf.standard.processor.StandardRemovableAttributeTagProcessor
[THYMELEAF]             * [* {th:datetime,data-th-datetime}] [1000]: karate.org.thymeleaf.standard.processor.StandardRemovableAttributeTagProcessor
[THYMELEAF]             * [* {th:enctype,data-th-enctype}] [1000]: karate.org.thymeleaf.standard.processor.StandardRemovableAttributeTagProcessor
[THYMELEAF]             * [* {th:codebase,data-th-codebase}] [1000]: karate.org.thymeleaf.standard.processor.StandardRemovableAttributeTagProcessor
[THYMELEAF]             * [* {th:accesskey,data-th-accesskey}] [1000]: karate.org.thymeleaf.standard.processor.StandardRemovableAttributeTagProcessor
[THYMELEAF]             * [* {th:spellcheck,data-th-spellcheck}] [1000]: karate.org.thymeleaf.standard.processor.StandardRemovableAttributeTagProcessor
[THYMELEAF]             * [* {th:cite,data-th-cite}] [1000]: karate.org.thymeleaf.standard.processor.StandardRemovableAttributeTagProcessor
[THYMELEAF]             * [* {th:challenge,data-th-challenge}] [1000]: karate.org.thymeleaf.standard.processor.StandardRemovableAttributeTagProcessor
[THYMELEAF]             * [* {th:style,data-th-style}] [1000]: karate.org.thymeleaf.standard.processor.StandardRemovableAttributeTagProcessor
[THYMELEAF]             * [* {th:axis,data-th-axis}] [1000]: karate.org.thymeleaf.standard.processor.StandardRemovableAttributeTagProcessor
[THYMELEAF]             * [* {th:manifest,data-th-manifest}] [1000]: karate.org.thymeleaf.standard.processor.StandardRemovableAttributeTagProcessor
[THYMELEAF]             * [* {th:frameborder,data-th-frameborder}] [1000]: karate.org.thymeleaf.standard.processor.StandardRemovableAttributeTagProcessor
[THYMELEAF]             * [* {th:hreflang,data-th-hreflang}] [1000]: karate.org.thymeleaf.standard.processor.StandardRemovableAttributeTagProcessor
[THYMELEAF]             * [* {th:formaction,data-th-formaction}] [1000]: karate.org.thymeleaf.standard.processor.StandardRemovableAttributeTagProcessor
[THYMELEAF]             * [* {th:cols,data-th-cols}] [1000]: karate.org.thymeleaf.standard.processor.StandardRemovableAttributeTagProcessor
[THYMELEAF]             * [* {th:srclang,data-th-srclang}] [1000]: karate.org.thymeleaf.standard.processor.StandardRemovableAttributeTagProcessor
[THYMELEAF]             * [* {th:dropzone,data-th-dropzone}] [1000]: karate.org.thymeleaf.standard.processor.StandardRemovableAttributeTagProcessor
[THYMELEAF]             * [* {th:longdesc,data-th-longdesc}] [1000]: karate.org.thymeleaf.standard.processor.StandardRemovableAttributeTagProcessor
[THYMELEAF]             * [* {th:high,data-th-high}] [1000]: karate.org.thymeleaf.standard.processor.StandardRemovableAttributeTagProcessor
[THYMELEAF]             * [* {th:standby,data-th-standby}] [1000]: karate.org.thymeleaf.standard.processor.StandardRemovableAttributeTagProcessor
[THYMELEAF]             * [* {th:wrap,data-th-wrap}] [1000]: karate.org.thymeleaf.standard.processor.StandardRemovableAttributeTagProcessor
[THYMELEAF]             * [* {th:size,data-th-size}] [1000]: karate.org.thymeleaf.standard.processor.StandardRemovableAttributeTagProcessor
[THYMELEAF]             * [* {th:colspan,data-th-colspan}] [1000]: karate.org.thymeleaf.standard.processor.StandardRemovableAttributeTagProcessor
[THYMELEAF]             * [* {th:hspace,data-th-hspace}] [1000]: karate.org.thymeleaf.standard.processor.StandardRemovableAttributeTagProcessor
[THYMELEAF]             * [* {th:charset,data-th-charset}] [1000]: karate.org.thymeleaf.standard.processor.StandardRemovableAttributeTagProcessor
[THYMELEAF]             * [* {th:summary,data-th-summary}] [1000]: karate.org.thymeleaf.standard.processor.StandardRemovableAttributeTagProcessor
[THYMELEAF]             * [* {th:cellspacing,data-th-cellspacing}] [1000]: karate.org.thymeleaf.standard.processor.StandardRemovableAttributeTagProcessor
[THYMELEAF]             * [* {th:valuetype,data-th-valuetype}] [1000]: karate.org.thymeleaf.standard.processor.StandardRemovableAttributeTagProcessor
[THYMELEAF]             * [* {th:rel,data-th-rel}] [1000]: karate.org.thymeleaf.standard.processor.StandardRemovableAttributeTagProcessor
[THYMELEAF]             * [* {th:usemap,data-th-usemap}] [1000]: karate.org.thymeleaf.standard.processor.StandardRemovableAttributeTagProcessor
[THYMELEAF]             * [* {th:align,data-th-align}] [1000]: karate.org.thymeleaf.standard.processor.StandardRemovableAttributeTagProcessor
[THYMELEAF]             * [* {th:target,data-th-target}] [1000]: karate.org.thymeleaf.standard.processor.StandardRemovableAttributeTagProcessor
[THYMELEAF]             * [* {th:optimum,data-th-optimum}] [1000]: karate.org.thymeleaf.standard.processor.StandardRemovableAttributeTagProcessor
[THYMELEAF]             * [* {th:title,data-th-title}] [1000]: karate.org.thymeleaf.standard.processor.StandardRemovableAttributeTagProcessor
[THYMELEAF]             * [* {th:marginheight,data-th-marginheight}] [1000]: karate.org.thymeleaf.standard.processor.StandardRemovableAttributeTagProcessor
[THYMELEAF]             * [* {th:for,data-th-for}] [1000]: karate.org.thymeleaf.standard.processor.StandardRemovableAttributeTagProcessor
[THYMELEAF]             * [* {th:tabindex,data-th-tabindex}] [1000]: karate.org.thymeleaf.standard.processor.StandardRemovableAttributeTagProcessor
[THYMELEAF]             * [* {th:rev,data-th-rev}] [1000]: karate.org.thymeleaf.standard.processor.StandardRemovableAttributeTagProcessor
[THYMELEAF]             * [* {th:width,data-th-width}] [1000]: karate.org.thymeleaf.standard.processor.StandardRemovableAttributeTagProcessor
[THYMELEAF]             * [* {th:autocomplete,data-th-autocomplete}] [1000]: karate.org.thymeleaf.standard.processor.StandardRemovableAttributeTagProcessor
[THYMELEAF]             * [* {th:max,data-th-max}] [1000]: karate.org.thymeleaf.standard.processor.StandardRemovableAttributeTagProcessor
[THYMELEAF]             * [* {th:cellpadding,data-th-cellpadding}] [1000]: karate.org.thymeleaf.standard.processor.StandardRemovableAttributeTagProcessor
[THYMELEAF]             * [* {th:border,data-th-border}] [1000]: karate.org.thymeleaf.standard.processor.StandardRemovableAttributeTagProcessor
[THYMELEAF]             * [* {th:icon,data-th-icon}] [1000]: karate.org.thymeleaf.standard.processor.StandardRemovableAttributeTagProcessor
[THYMELEAF]             * [* {th:audio,data-th-audio}] [1000]: karate.org.thymeleaf.standard.processor.StandardRemovableAttributeTagProcessor
[THYMELEAF]             * [* {th:scrolling,data-th-scrolling}] [1000]: karate.org.thymeleaf.standard.processor.StandardRemovableAttributeTagProcessor
[THYMELEAF]             * [* {th:id,data-th-id}] [1000]: karate.org.thymeleaf.standard.processor.StandardRemovableAttributeTagProcessor
[THYMELEAF]             * [* {th:list,data-th-list}] [1000]: karate.org.thymeleaf.standard.processor.StandardRemovableAttributeTagProcessor
[THYMELEAF]             * [* {th:alt,data-th-alt}] [1000]: karate.org.thymeleaf.standard.processor.StandardRemovableAttributeTagProcessor
[THYMELEAF]             * [* {th:media,data-th-media}] [1000]: karate.org.thymeleaf.standard.processor.StandardRemovableAttributeTagProcessor
[THYMELEAF]             * [* {th:accept,data-th-accept}] [1000]: karate.org.thymeleaf.standard.processor.StandardRemovableAttributeTagProcessor
[THYMELEAF]             * [* {th:bgcolor,data-th-bgcolor}] [1000]: karate.org.thymeleaf.standard.processor.StandardRemovableAttributeTagProcessor
[THYMELEAF]             * [* {th:contenteditable,data-th-contenteditable}] [1000]: karate.org.thymeleaf.standard.processor.StandardRemovableAttributeTagProcessor
[THYMELEAF]             * [* {th:span,data-th-span}] [1000]: karate.org.thymeleaf.standard.processor.StandardRemovableAttributeTagProcessor
[THYMELEAF]             * [* {th:lang,data-th-lang}] [1000]: karate.org.thymeleaf.standard.processor.StandardRemovableAttributeTagProcessor
[THYMELEAF]             * [* {th:accept-charset,data-th-accept-charset}] [1000]: karate.org.thymeleaf.standard.processor.StandardRemovableAttributeTagProcessor
[THYMELEAF]             * [* {th:radiogroup,data-th-radiogroup}] [1000]: karate.org.thymeleaf.standard.processor.StandardRemovableAttributeTagProcessor
[THYMELEAF]             * [* {th:sizes,data-th-sizes}] [1000]: karate.org.thymeleaf.standard.processor.StandardRemovableAttributeTagProcessor
[THYMELEAF]             * [* {th:data,data-th-data}] [1000]: karate.org.thymeleaf.standard.processor.StandardRemovableAttributeTagProcessor
[THYMELEAF]             * [* {th:compact,data-th-compact}] [1000]: karate.org.thymeleaf.standard.processor.StandardRemovableAttributeTagProcessor
[THYMELEAF]             * [* {th:min,data-th-min}] [1000]: karate.org.thymeleaf.standard.processor.StandardRemovableAttributeTagProcessor
[THYMELEAF]             * [* {th:dir,data-th-dir}] [1000]: karate.org.thymeleaf.standard.processor.StandardRemovableAttributeTagProcessor
[THYMELEAF]             * [* {th:label,data-th-label}] [1000]: karate.org.thymeleaf.standard.processor.StandardRemovableAttributeTagProcessor
[THYMELEAF]             * [* {th:background,data-th-background}] [1000]: karate.org.thymeleaf.standard.processor.StandardRemovableAttributeTagProcessor
[THYMELEAF]             * [* {th:maxlength,data-th-maxlength}] [1000]: karate.org.thymeleaf.standard.processor.StandardRemovableAttributeTagProcessor
[THYMELEAF]             * [* {th:contextmenu,data-th-contextmenu}] [1000]: karate.org.thymeleaf.standard.processor.StandardRemovableAttributeTagProcessor
[THYMELEAF]             * [* {th:scope,data-th-scope}] [1000]: karate.org.thymeleaf.standard.processor.StandardRemovableAttributeTagProcessor
[THYMELEAF]             * [* {th:archive,data-th-archive}] [1000]: karate.org.thymeleaf.standard.processor.StandardRemovableAttributeTagProcessor
[THYMELEAF]             * [* {th:start,data-th-start}] [1000]: karate.org.thymeleaf.standard.processor.StandardRemovableAttributeTagProcessor
[THYMELEAF]             * [* {th:http-equiv,data-th-http-equiv}] [1000]: karate.org.thymeleaf.standard.processor.StandardRemovableAttributeTagProcessor
[THYMELEAF]             * [* {th:formmethod,data-th-formmethod}] [1000]: karate.org.thymeleaf.standard.processor.StandardRemovableAttributeTagProcessor
[THYMELEAF]             * [* {th:rows,data-th-rows}] [1000]: karate.org.thymeleaf.standard.processor.StandardRemovableAttributeTagProcessor
[THYMELEAF]             * [* {th:height,data-th-height}] [1000]: karate.org.thymeleaf.standard.processor.StandardRemovableAttributeTagProcessor
[THYMELEAF]             * [* {th:marginwidth,data-th-marginwidth}] [1000]: karate.org.thymeleaf.standard.processor.StandardRemovableAttributeTagProcessor
[THYMELEAF]             * [* {th:vspace,data-th-vspace}] [1000]: karate.org.thymeleaf.standard.processor.StandardRemovableAttributeTagProcessor
[THYMELEAF]             * [* {th:content,data-th-content}] [1000]: karate.org.thymeleaf.standard.processor.StandardRemovableAttributeTagProcessor
[THYMELEAF]             * [* {th:placeholder,data-th-placeholder}] [1000]: karate.org.thymeleaf.standard.processor.StandardRemovableAttributeTagProcessor
[THYMELEAF]             * [* {th:headers,data-th-headers}] [1000]: karate.org.thymeleaf.standard.processor.StandardRemovableAttributeTagProcessor
[THYMELEAF]             * [* {th:form,data-th-form}] [1000]: karate.org.thymeleaf.standard.processor.StandardRemovableAttributeTagProcessor
[THYMELEAF]             * [* {th:keytype,data-th-keytype}] [1000]: karate.org.thymeleaf.standard.processor.StandardRemovableAttributeTagProcessor
[THYMELEAF]             * [* {th:rowspan,data-th-rowspan}] [1000]: karate.org.thymeleaf.standard.processor.StandardRemovableAttributeTagProcessor
[THYMELEAF]             * [* {th:low,data-th-low}] [1000]: karate.org.thymeleaf.standard.processor.StandardRemovableAttributeTagProcessor
[THYMELEAF]             * [* {th:preload,data-th-preload}] [1000]: karate.org.thymeleaf.standard.processor.StandardRemovableAttributeTagProcessor
[THYMELEAF]             * [* {th:poster,data-th-poster}] [1000]: karate.org.thymeleaf.standard.processor.StandardRemovableAttributeTagProcessor
[THYMELEAF]             * [* {th:draggable,data-th-draggable}] [1000]: karate.org.thymeleaf.standard.processor.StandardRemovableAttributeTagProcessor
[THYMELEAF]             * [* {th:classid,data-th-classid}] [1000]: karate.org.thymeleaf.standard.processor.StandardRemovableAttributeTagProcessor
[THYMELEAF]             * [* {th:formtarget,data-th-formtarget}] [1000]: karate.org.thymeleaf.standard.processor.StandardRemovableAttributeTagProcessor
[THYMELEAF]             * [* {th:codetype,data-th-codetype}] [1000]: karate.org.thymeleaf.standard.processor.StandardRemovableAttributeTagProcessor
[THYMELEAF]             * [* {th:kind,data-th-kind}] [1000]: karate.org.thymeleaf.standard.processor.StandardRemovableAttributeTagProcessor
[THYMELEAF]             * [* {th:scheme,data-th-scheme}] [1000]: karate.org.thymeleaf.standard.processor.StandardRemovableAttributeTagProcessor
[THYMELEAF]             * [* {th:step,data-th-step}] [1000]: karate.org.thymeleaf.standard.processor.StandardRemovableAttributeTagProcessor
[THYMELEAF]             * [* {th:src,data-th-src}] [1000]: karate.org.thymeleaf.standard.processor.StandardSrcTagProcessor
[THYMELEAF]             * [* {th:value,data-th-value}] [1000]: karate.org.thymeleaf.standard.processor.StandardValueTagProcessor
[THYMELEAF]             * [* {th:xmlbase,data-th-xmlbase}] [1000]: karate.org.thymeleaf.standard.processor.StandardXmlBaseTagProcessor
[THYMELEAF]             * [* {th:xmllang,data-th-xmllang}] [1000]: karate.org.thymeleaf.standard.processor.StandardXmlLangTagProcessor
[THYMELEAF]             * [* {xmlns:th}] [1000]: karate.org.thymeleaf.standard.processor.StandardXmlNsTagProcessor
[THYMELEAF]             * [* {th:xmlspace,data-th-xmlspace}] [1000]: karate.org.thymeleaf.standard.processor.StandardXmlSpaceTagProcessor
[THYMELEAF]             * [* {th:classappend,data-th-classappend}] [1100]: karate.org.thymeleaf.standard.processor.StandardClassappendTagProcessor
[THYMELEAF]             * [* {th:styleappend,data-th-styleappend}] [1100]: karate.org.thymeleaf.standard.processor.StandardStyleappendTagProcessor
[THYMELEAF]             * [* {th:text,data-th-text}] [1300]: karate.org.thymeleaf.standard.processor.StandardTextTagProcessor
[THYMELEAF]             * [* {th:utext,data-th-utext}] [1400]: karate.org.thymeleaf.standard.processor.StandardUtextTagProcessor
[THYMELEAF]             * [* {th:fragment,data-th-fragment}] [1500]: karate.org.thymeleaf.standard.processor.StandardFragmentTagProcessor
[THYMELEAF]             * [* {th:assert,data-th-assert}] [1550]: karate.org.thymeleaf.standard.processor.StandardAssertTagProcessor
[THYMELEAF]             * [* {th:remove,data-th-remove}] [1600]: karate.org.thymeleaf.standard.processor.StandardRemoveTagProcessor
[THYMELEAF]             * [* {th:ref,data-th-ref}] [10000]: karate.org.thymeleaf.standard.processor.StandardRefAttributeTagProcessor
[THYMELEAF]             * [{th:block,th-block} *] [100000]: karate.org.thymeleaf.standard.processor.StandardBlockTagProcessor
[THYMELEAF]             * [* th:*] [2147483647]: karate.org.thymeleaf.standard.processor.StandardDefaultAttributesTagProcessor
[THYMELEAF]         * Text Processors by [precedence]:
[THYMELEAF]             * [1000]: karate.org.thymeleaf.standard.processor.StandardInliningTextProcessor
[THYMELEAF]         * DOCTYPE Processors by [precedence]:
[THYMELEAF]             * [1000]: karate.org.thymeleaf.standard.processor.StandardTranslationDocTypeProcessor
[THYMELEAF]         * CDATA Section Processors by [precedence]:
[THYMELEAF]             * [1000]: karate.org.thymeleaf.standard.processor.StandardInliningCDATASectionProcessor
[THYMELEAF]         * Comment Processors by [precedence]:
[THYMELEAF]             * [1000]: karate.org.thymeleaf.standard.processor.StandardInliningCommentProcessor
[THYMELEAF]             * [1100]: karate.org.thymeleaf.standard.processor.StandardConditionalCommentProcessor
[THYMELEAF]     * Processors for Template Mode: XML
[THYMELEAF]         * Element Tag Processors by [matching element and attribute name] [precedence]:
[THYMELEAF]             * [* {th:include}] [100]: karate.org.thymeleaf.standard.processor.StandardIncludeTagProcessor
[THYMELEAF]             * [* {th:insert}] [100]: karate.org.thymeleaf.standard.processor.StandardInsertTagProcessor
[THYMELEAF]             * [* {th:replace}] [100]: karate.org.thymeleaf.standard.processor.StandardReplaceTagProcessor
[THYMELEAF]             * [* {th:substituteby}] [100]: karate.org.thymeleaf.standard.processor.StandardSubstituteByTagProcessor
[THYMELEAF]             * [* {th:each}] [200]: com.intuit.karate.template.KarateEachTagProcessor
[THYMELEAF]             * [* {th:switch}] [250]: karate.org.thymeleaf.standard.processor.StandardSwitchTagProcessor
[THYMELEAF]             * [* {th:case}] [275]: karate.org.thymeleaf.standard.processor.StandardCaseTagProcessor
[THYMELEAF]             * [* {th:if}] [300]: karate.org.thymeleaf.standard.processor.StandardIfTagProcessor
[THYMELEAF]             * [* {th:unless}] [400]: karate.org.thymeleaf.standard.processor.StandardUnlessTagProcessor
[THYMELEAF]             * [* {th:object}] [500]: karate.org.thymeleaf.standard.processor.StandardObjectTagProcessor
[THYMELEAF]             * [* {th:with}] [600]: com.intuit.karate.template.KarateWithTagProcessor
[THYMELEAF]             * [* {th:attr}] [700]: com.intuit.karate.template.KarateAttributeTagProcessor.KarateAttrTagProcessor
[THYMELEAF]             * [* {th:attrappend}] [900]: com.intuit.karate.template.KarateAttributeTagProcessor.KarateAttrappendTagProcessor
[THYMELEAF]             * [* {th:attrprepend}] [900]: com.intuit.karate.template.KarateAttributeTagProcessor.KarateAttrprependTagProcessor
[THYMELEAF]             * [* {th:inline}] [1000]: karate.org.thymeleaf.standard.processor.StandardInlineXMLTagProcessor
[THYMELEAF]             * [* {xmlns:th}] [1000]: karate.org.thymeleaf.standard.processor.StandardXmlNsTagProcessor
[THYMELEAF]             * [* {th:text}] [1300]: karate.org.thymeleaf.standard.processor.StandardTextTagProcessor
[THYMELEAF]             * [* {th:utext}] [1400]: karate.org.thymeleaf.standard.processor.StandardUtextTagProcessor
[THYMELEAF]             * [* {th:fragment}] [1500]: karate.org.thymeleaf.standard.processor.StandardFragmentTagProcessor
[THYMELEAF]             * [* {th:assert}] [1550]: karate.org.thymeleaf.standard.processor.StandardAssertTagProcessor
[THYMELEAF]             * [* {th:remove}] [1600]: karate.org.thymeleaf.standard.processor.StandardRemoveTagProcessor
[THYMELEAF]             * [* {th:ref}] [10000]: karate.org.thymeleaf.standard.processor.StandardRefAttributeTagProcessor
[THYMELEAF]             * [{th:block} *] [100000]: karate.org.thymeleaf.standard.processor.StandardBlockTagProcessor
[THYMELEAF]             * [* th:*] [2147483647]: karate.org.thymeleaf.standard.processor.StandardDefaultAttributesTagProcessor
[THYMELEAF]         * Text Processors by [precedence]:
[THYMELEAF]             * [1000]: karate.org.thymeleaf.standard.processor.StandardInliningTextProcessor
[THYMELEAF]         * CDATA Section Processors by [precedence]:
[THYMELEAF]             * [1000]: karate.org.thymeleaf.standard.processor.StandardInliningCDATASectionProcessor
[THYMELEAF]         * Comment Processors by [precedence]:
[THYMELEAF]             * [1000]: karate.org.thymeleaf.standard.processor.StandardInliningCommentProcessor
[THYMELEAF]     * Processors for Template Mode: TEXT
[THYMELEAF]         * Element Tag Processors by [matching element and attribute name] [precedence]:
[THYMELEAF]             * [* {th:insert}] [100]: karate.org.thymeleaf.standard.processor.StandardInsertTagProcessor
[THYMELEAF]             * [* {th:replace}] [100]: karate.org.thymeleaf.standard.processor.StandardReplaceTagProcessor
[THYMELEAF]             * [* {th:each}] [200]: com.intuit.karate.template.KarateEachTagProcessor
[THYMELEAF]             * [* {th:switch}] [250]: karate.org.thymeleaf.standard.processor.StandardSwitchTagProcessor
[THYMELEAF]             * [* {th:case}] [275]: karate.org.thymeleaf.standard.processor.StandardCaseTagProcessor
[THYMELEAF]             * [* {th:if}] [300]: karate.org.thymeleaf.standard.processor.StandardIfTagProcessor
[THYMELEAF]             * [* {th:unless}] [400]: karate.org.thymeleaf.standard.processor.StandardUnlessTagProcessor
[THYMELEAF]             * [* {th:object}] [500]: karate.org.thymeleaf.standard.processor.StandardObjectTagProcessor
[THYMELEAF]             * [* {th:with}] [600]: com.intuit.karate.template.KarateWithTagProcessor
[THYMELEAF]             * [* {th:inline}] [1000]: karate.org.thymeleaf.standard.processor.StandardInlineTextualTagProcessor
[THYMELEAF]             * [* {th:text}] [1300]: karate.org.thymeleaf.standard.processor.StandardTextTagProcessor
[THYMELEAF]             * [* {th:utext}] [1400]: karate.org.thymeleaf.standard.processor.StandardUtextTagProcessor
[THYMELEAF]             * [* {th:assert}] [1550]: karate.org.thymeleaf.standard.processor.StandardAssertTagProcessor
[THYMELEAF]             * [* {th:remove}] [1600]: karate.org.thymeleaf.standard.processor.StandardRemoveTagProcessor
[THYMELEAF]             * [* 100000] [karate.org.thymeleaf.standard.processor.StandardBlockTagProcessor]: {}
[THYMELEAF]             * [{th:block} *] [100000]: karate.org.thymeleaf.standard.processor.StandardBlockTagProcessor
[THYMELEAF]         * Text Processors by [precedence]:
[THYMELEAF]             * [1000]: karate.org.thymeleaf.standard.processor.StandardInliningTextProcessor
[THYMELEAF]     * Processors for Template Mode: JAVASCRIPT
[THYMELEAF]         * Element Tag Processors by [matching element and attribute name] [precedence]:
[THYMELEAF]             * [* {th:insert}] [100]: karate.org.thymeleaf.standard.processor.StandardInsertTagProcessor
[THYMELEAF]             * [* {th:replace}] [100]: karate.org.thymeleaf.standard.processor.StandardReplaceTagProcessor
[THYMELEAF]             * [* {th:each}] [200]: com.intuit.karate.template.KarateEachTagProcessor
[THYMELEAF]             * [* {th:switch}] [250]: karate.org.thymeleaf.standard.processor.StandardSwitchTagProcessor
[THYMELEAF]             * [* {th:case}] [275]: karate.org.thymeleaf.standard.processor.StandardCaseTagProcessor
[THYMELEAF]             * [* {th:if}] [300]: karate.org.thymeleaf.standard.processor.StandardIfTagProcessor
[THYMELEAF]             * [* {th:unless}] [400]: karate.org.thymeleaf.standard.processor.StandardUnlessTagProcessor
[THYMELEAF]             * [* {th:object}] [500]: karate.org.thymeleaf.standard.processor.StandardObjectTagProcessor
[THYMELEAF]             * [* {th:with}] [600]: com.intuit.karate.template.KarateWithTagProcessor
[THYMELEAF]             * [* {th:inline}] [1000]: karate.org.thymeleaf.standard.processor.StandardInlineTextualTagProcessor
[THYMELEAF]             * [* {th:text}] [1300]: karate.org.thymeleaf.standard.processor.StandardTextTagProcessor
[THYMELEAF]             * [* {th:utext}] [1400]: karate.org.thymeleaf.standard.processor.StandardUtextTagProcessor
[THYMELEAF]             * [* {th:assert}] [1550]: karate.org.thymeleaf.standard.processor.StandardAssertTagProcessor
[THYMELEAF]             * [* {th:remove}] [1600]: karate.org.thymeleaf.standard.processor.StandardRemoveTagProcessor
[THYMELEAF]             * [* 100000] [karate.org.thymeleaf.standard.processor.StandardBlockTagProcessor]: {}
[THYMELEAF]             * [{th:block} *] [100000]: karate.org.thymeleaf.standard.processor.StandardBlockTagProcessor
[THYMELEAF]         * Text Processors by [precedence]:
[THYMELEAF]             * [1000]: karate.org.thymeleaf.standard.processor.StandardInliningTextProcessor
[THYMELEAF]     * Processors for Template Mode: CSS
[THYMELEAF]         * Element Tag Processors by [matching element and attribute name] [precedence]:
[THYMELEAF]             * [* {th:insert}] [100]: karate.org.thymeleaf.standard.processor.StandardInsertTagProcessor
[THYMELEAF]             * [* {th:replace}] [100]: karate.org.thymeleaf.standard.processor.StandardReplaceTagProcessor
[THYMELEAF]             * [* {th:each}] [200]: com.intuit.karate.template.KarateEachTagProcessor
[THYMELEAF]             * [* {th:switch}] [250]: karate.org.thymeleaf.standard.processor.StandardSwitchTagProcessor
[THYMELEAF]             * [* {th:case}] [275]: karate.org.thymeleaf.standard.processor.StandardCaseTagProcessor
[THYMELEAF]             * [* {th:if}] [300]: karate.org.thymeleaf.standard.processor.StandardIfTagProcessor
[THYMELEAF]             * [* {th:unless}] [400]: karate.org.thymeleaf.standard.processor.StandardUnlessTagProcessor
[THYMELEAF]             * [* {th:object}] [500]: karate.org.thymeleaf.standard.processor.StandardObjectTagProcessor
[THYMELEAF]             * [* {th:with}] [600]: com.intuit.karate.template.KarateWithTagProcessor
[THYMELEAF]             * [* {th:inline}] [1000]: karate.org.thymeleaf.standard.processor.StandardInlineTextualTagProcessor
[THYMELEAF]             * [* {th:text}] [1300]: karate.org.thymeleaf.standard.processor.StandardTextTagProcessor
[THYMELEAF]             * [* {th:utext}] [1400]: karate.org.thymeleaf.standard.processor.StandardUtextTagProcessor
[THYMELEAF]             * [* {th:assert}] [1550]: karate.org.thymeleaf.standard.processor.StandardAssertTagProcessor
[THYMELEAF]             * [* {th:remove}] [1600]: karate.org.thymeleaf.standard.processor.StandardRemoveTagProcessor
[THYMELEAF]             * [{th:block} *] [100000]: karate.org.thymeleaf.standard.processor.StandardBlockTagProcessor
[THYMELEAF]             * [* 100000] [karate.org.thymeleaf.standard.processor.StandardBlockTagProcessor]: {}
[THYMELEAF]         * Text Processors by [precedence]:
[THYMELEAF]             * [1000]: karate.org.thymeleaf.standard.processor.StandardInliningTextProcessor
[THYMELEAF]     * Expression Objects:
[THYMELEAF]         * #ctx
[THYMELEAF]         * #root
[THYMELEAF]         * #vars
[THYMELEAF]         * #object
[THYMELEAF]         * #locale
[THYMELEAF]         * #request
[THYMELEAF]         * #response
[THYMELEAF]         * #session
[THYMELEAF]         * #servletContext
[THYMELEAF]         * #conversions
[THYMELEAF]         * #uris
[THYMELEAF]         * #calendars
[THYMELEAF]         * #dates
[THYMELEAF]         * #bools
[THYMELEAF]         * #numbers
[THYMELEAF]         * #objects
[THYMELEAF]         * #strings
[THYMELEAF]         * #arrays
[THYMELEAF]         * #lists
[THYMELEAF]         * #sets
[THYMELEAF]         * #maps
[THYMELEAF]         * #aggregates
[THYMELEAF]         * #messages
[THYMELEAF]         * #ids
[THYMELEAF]         * #execInfo
[THYMELEAF]         * #httpServletRequest
[THYMELEAF]         * #httpSession
[THYMELEAF]     * Execution Attributes:
[THYMELEAF]         * "StandardExpressionParser": com.intuit.karate.template.KarateStandardDialect@274bae2c
[THYMELEAF]         * "StandardJavaScriptSerializer": karate.org.thymeleaf.standard.serializer.StandardJavaScriptSerializer@708769b7
[THYMELEAF]         * "StandardCSSSerializer": karate.org.thymeleaf.standard.serializer.StandardCSSSerializer@32e830a0
[THYMELEAF]         * "StandardVariableExpressionEvaluator": com.intuit.karate.template.KarateStandardDialect@274bae2c
[THYMELEAF]         * "StandardConversionService": karate.org.thymeleaf.standard.expression.StandardConversionService@135e49b2
[THYMELEAF] * Dialect [2 of 2]: karate (com.intuit.karate.template.KarateScriptDialect)
[THYMELEAF]     * Prefix: "ka"
[THYMELEAF]     * Processors for Template Mode: HTML
[THYMELEAF]         * Element Tag Processors by [matching element and attribute name] [precedence]:
[THYMELEAF]             * [* {src}] [1000]: com.intuit.karate.template.KaScriptAttrProcessor
[THYMELEAF]         * Element Model Processors by [matching element and attribute name] [precedence]:
[THYMELEAF]             * [{script} {ka:scope,data-ka-scope}] [1000]: com.intuit.karate.template.KaScriptElemProcessor
[THYMELEAF]             * [* {ka:set,data-ka-set}] [1000]: com.intuit.karate.template.KaSetElemProcessor
[THYMELEAF] TEMPLATE ENGINE CONFIGURED OK
13:04:52.436 [main] DEBUG karate.org.thymeleaf.TemplateEngine - [THYMELEAF] TEMPLATE ENGINE INITIALIZED
13:04:52.512 [Finalizer] DEBUG karate.org.apache.http.impl.conn.PoolingHttpClientConnectionManager - Connection manager is shutting down
13:04:52.512 [Finalizer] DEBUG karate.org.apache.http.impl.conn.DefaultManagedHttpClientConnection - http-outgoing-5: Close connection
13:04:52.513 [Finalizer] DEBUG karate.org.apache.http.impl.conn.PoolingHttpClientConnectionManager - Connection manager shut down
13:04:52.513 [Finalizer] DEBUG karate.org.apache.http.impl.conn.PoolingHttpClientConnectionManager - Connection manager is shutting down
13:04:52.513 [Finalizer] DEBUG karate.org.apache.http.impl.conn.DefaultManagedHttpClientConnection - http-outgoing-4: Close connection
13:04:52.514 [Finalizer] DEBUG karate.org.apache.http.impl.conn.PoolingHttpClientConnectionManager - Connection manager shut down
13:04:52.514 [Finalizer] DEBUG karate.org.apache.http.impl.conn.PoolingHttpClientConnectionManager - Connection manager is shutting down
13:04:52.514 [Finalizer] DEBUG karate.org.apache.http.impl.conn.DefaultManagedHttpClientConnection - http-outgoing-3: Close connection
13:04:52.514 [Finalizer] DEBUG karate.org.apache.http.impl.conn.PoolingHttpClientConnectionManager - Connection manager shut down
13:04:52.514 [Finalizer] DEBUG karate.org.apache.http.impl.conn.PoolingHttpClientConnectionManager - Connection manager is shutting down
13:04:52.514 [Finalizer] DEBUG karate.org.apache.http.impl.conn.DefaultManagedHttpClientConnection - http-outgoing-2: Close connection
13:04:52.515 [Finalizer] DEBUG karate.org.apache.http.impl.conn.PoolingHttpClientConnectionManager - Connection manager shut down
13:04:52.515 [Finalizer] DEBUG karate.org.apache.http.impl.conn.PoolingHttpClientConnectionManager - Connection manager is shutting down
13:04:52.515 [Finalizer] DEBUG karate.org.apache.http.impl.conn.DefaultManagedHttpClientConnection - http-outgoing-12: Close connection
13:04:52.515 [Finalizer] DEBUG karate.org.apache.http.impl.conn.PoolingHttpClientConnectionManager - Connection manager shut down
13:04:52.515 [Finalizer] DEBUG karate.org.apache.http.impl.conn.PoolingHttpClientConnectionManager - Connection manager is shutting down
13:04:52.515 [Finalizer] DEBUG karate.org.apache.http.impl.conn.DefaultManagedHttpClientConnection - http-outgoing-11: Close connection
13:04:52.516 [Finalizer] DEBUG karate.org.apache.http.impl.conn.PoolingHttpClientConnectionManager - Connection manager shut down
13:04:52.516 [Finalizer] DEBUG karate.org.apache.http.impl.conn.PoolingHttpClientConnectionManager - Connection manager is shutting down
13:04:52.516 [Finalizer] DEBUG karate.org.apache.http.impl.conn.DefaultManagedHttpClientConnection - http-outgoing-10: Close connection
13:04:52.516 [Finalizer] DEBUG karate.org.apache.http.impl.conn.PoolingHttpClientConnectionManager - Connection manager shut down
13:04:52.516 [Finalizer] DEBUG karate.org.apache.http.impl.conn.PoolingHttpClientConnectionManager - Connection manager is shutting down
13:04:52.516 [Finalizer] DEBUG karate.org.apache.http.impl.conn.DefaultManagedHttpClientConnection - http-outgoing-9: Close connection
13:04:52.517 [Finalizer] DEBUG karate.org.apache.http.impl.conn.PoolingHttpClientConnectionManager - Connection manager shut down
13:04:52.517 [Finalizer] DEBUG karate.org.apache.http.impl.conn.PoolingHttpClientConnectionManager - Connection manager is shutting down
13:04:52.517 [Finalizer] DEBUG karate.org.apache.http.impl.conn.DefaultManagedHttpClientConnection - http-outgoing-8: Close connection
13:04:52.517 [Finalizer] DEBUG karate.org.apache.http.impl.conn.PoolingHttpClientConnectionManager - Connection manager shut down
13:04:52.517 [Finalizer] DEBUG karate.org.apache.http.impl.conn.PoolingHttpClientConnectionManager - Connection manager is shutting down
13:04:52.517 [Finalizer] DEBUG karate.org.apache.http.impl.conn.DefaultManagedHttpClientConnection - http-outgoing-7: Close connection
13:04:52.517 [Finalizer] DEBUG karate.org.apache.http.impl.conn.PoolingHttpClientConnectionManager - Connection manager shut down
13:04:52.517 [Finalizer] DEBUG karate.org.apache.http.impl.conn.PoolingHttpClientConnectionManager - Connection manager is shutting down
13:04:52.517 [Finalizer] DEBUG karate.org.apache.http.impl.conn.DefaultManagedHttpClientConnection - http-outgoing-6: Close connection
13:04:52.518 [Finalizer] DEBUG karate.org.apache.http.impl.conn.PoolingHttpClientConnectionManager - Connection manager shut down
---------------------------------------------------------
feature: classpath:feature/API_Negative_Response_Test.feature
scenarios:  6 | passed:  0 | failed:  6 | time: 0.9735
---------------------------------------------------------

13:04:52.688 [main] INFO com.intuit.karate.Suite - <<fail>> feature 4 of 12 (0 remaining) classpath:feature/API_Negative_Response_Test.feature
13:04:52.697 [main] INFO com.intuit.karate - karate.env system property was: it01 
13:04:52.698 [main] INFO com.intuit.karate - clientId:52e80bfa-b42c-47d7-98b5-8bb87c926209 
13:04:52.699 [main] INFO com.intuit.karate - Current URL is : https://apigw-st.telus.com 
13:04:52.700 [main] INFO com.intuit.karate - Current Env is : it01 
13:04:52.708 [main] INFO com.intuit.karate - [print] eyJhbGciOiJSUzI1NiIsImtpZCI6ImNhZGZhMTYyLTU2YzEtNGRiOS1hNjNmLTYwZTM3NzIwMWJkZiIsInBpLmF0bSI6IjMifQ.eyJzY29wZSI6WyI0NzIwIl0sImF1dGhvcml6YXRpb25fZGV0YWlscyI6W10sImNsaWVudF9pZCI6IjUyZTgwYmZhLWI0MmMtNDdkNy05OGI1LThiYjg3YzkyNjIwOSIsImlzcyI6Imh0dHBzOi8vdGVhbXNzby1pdHMwNC50ZWx1cy5jb20iLCJhdWQiOiJrb25nIiwiaWF0IjoxNzIzMjIzMDg5LCJleHAiOjE3MjMyMjMzODl9.flESEmYyI_eCkBmzn54OkGfP2lAIxnyqs2XbjtABUAmEnkCOQe8uoiUdROg_nBCNsbluJLTMIyv2VQYcEFeVpzwJIN4AH00KC-3px8L7DRMcbbbRqgIOGamUVRjytKBt3cFR1XVCW32bLo_XlS6M0CPdsCtowSRRwenf6htGC3loiXiWZ8pxuYaJNnmQfuSN9rWpZNHc8y-eYDl0xm6EoEXQSfatP3EAxDBw6tgqlb5patcu_afyMqKiHha9IdISwDeMrqyfvgoAR4Sqhdy3Uxp_k_xzmM-XWElgzY0YfiUnRnIl01fsIz1UO7xaed3xVyVlwsYrq6nB9I57SYDk-A 
13:04:52.708 [main] DEBUG com.intuit.karate.core.ScenarioEngine - over-writing existing variable 'mockResponseWLS_CORP_ACTIVE' with new value: callonce read("../odsdata/getTestData_CORP_Non_Prod.feature@getdataCorpActive")
13:04:52.713 [main] INFO com.intuit.karate - >> lock acquired, begin callonce: read("../odsdata/getTestData_CORP_Non_Prod.feature@getdataCorpActive")
13:04:52.714 [main] INFO com.intuit.karate.core.FeatureRuntime - classpath:feature/../odsdata/getTestData_CORP_Non_Prod.feature - call by tag at line 17: getdataCorpActive
13:04:52.720 [main] INFO com.intuit.karate - [print]  
13:04:52.722 [main] INFO com.intuit.karate - [print]  
13:04:52.722 [main] INFO com.intuit.karate - [print]  
13:04:52.727 [main] DEBUG karate.org.apache.http.client.protocol.RequestAddCookies - CookieSpec selected: karate
13:04:52.727 [main] DEBUG karate.org.apache.http.client.protocol.RequestAuthCache - Auth cache not set in the context
13:04:52.727 [main] DEBUG com.intuit.karate - request:
1 > GET https://apigw-st.telus.com/customer/contactCenterOdsData/v1/account?businessUnit=CORP&limit=1&brand=TELUS&lob=WIRELESS&status=ACTIVE
1 > Content-Type: application/json
1 > env: it01
1 > Authorization: Bearer eyJhbGciOiJSUzI1NiIsImtpZCI6ImNhZGZhMTYyLTU2YzEtNGRiOS1hNjNmLTYwZTM3NzIwMWJkZiIsInBpLmF0bSI6IjMifQ.eyJzY29wZSI6WyI0NzIwIl0sImF1dGhvcml6YXRpb25fZGV0YWlscyI6W10sImNsaWVudF9pZCI6IjUyZTgwYmZhLWI0MmMtNDdkNy05OGI1LThiYjg3YzkyNjIwOSIsImlzcyI6Imh0dHBzOi8vdGVhbXNzby1pdHMwNC50ZWx1cy5jb20iLCJhdWQiOiJrb25nIiwiaWF0IjoxNzIzMjIzMDg5LCJleHAiOjE3MjMyMjMzODl9.flESEmYyI_eCkBmzn54OkGfP2lAIxnyqs2XbjtABUAmEnkCOQe8uoiUdROg_nBCNsbluJLTMIyv2VQYcEFeVpzwJIN4AH00KC-3px8L7DRMcbbbRqgIOGamUVRjytKBt3cFR1XVCW32bLo_XlS6M0CPdsCtowSRRwenf6htGC3loiXiWZ8pxuYaJNnmQfuSN9rWpZNHc8y-eYDl0xm6EoEXQSfatP3EAxDBw6tgqlb5patcu_afyMqKiHha9IdISwDeMrqyfvgoAR4Sqhdy3Uxp_k_xzmM-XWElgzY0YfiUnRnIl01fsIz1UO7xaed3xVyVlwsYrq6nB9I57SYDk-A
1 > Host: apigw-st.telus.com
1 > Connection: Keep-Alive
1 > User-Agent: Apache-HttpClient/4.5.13 (Java/20.0.2)
1 > Accept-Encoding: gzip,deflate


13:04:52.727 [main] DEBUG karate.org.apache.http.impl.conn.PoolingHttpClientConnectionManager - Connection request: [route: {s}->https://apigw-st.telus.com:443][total available: 0; route allocated: 0 of 5; total allocated: 0 of 10]
13:04:52.727 [main] DEBUG karate.org.apache.http.impl.conn.PoolingHttpClientConnectionManager - Connection leased: [id: 13][route: {s}->https://apigw-st.telus.com:443][total available: 0; route allocated: 1 of 5; total allocated: 1 of 10]
13:04:52.727 [main] DEBUG karate.org.apache.http.impl.execchain.MainClientExec - Opening connection {s}->https://apigw-st.telus.com:443
13:04:52.728 [main] DEBUG karate.org.apache.http.impl.conn.DefaultHttpClientConnectionOperator - Connecting to apigw-st.telus.com/207.219.84.31:443
13:04:52.728 [main] DEBUG karate.org.apache.http.conn.ssl.LenientSslConnectionSocketFactory - Connecting socket to apigw-st.telus.com/207.219.84.31:443 with timeout 10000
13:04:52.764 [main] DEBUG karate.org.apache.http.conn.ssl.LenientSslConnectionSocketFactory - Enabled protocols: [TLSv1.3, TLSv1.2]
13:04:52.765 [main] DEBUG karate.org.apache.http.conn.ssl.LenientSslConnectionSocketFactory - Enabled cipher suites:[TLS_AES_256_GCM_SHA384, TLS_AES_128_GCM_SHA256, TLS_CHACHA20_POLY1305_SHA256, TLS_ECDHE_ECDSA_WITH_AES_256_GCM_SHA384, TLS_ECDHE_ECDSA_WITH_AES_128_GCM_SHA256, TLS_ECDHE_ECDSA_WITH_CHACHA20_POLY1305_SHA256, TLS_ECDHE_RSA_WITH_AES_256_GCM_SHA384, TLS_ECDHE_RSA_WITH_CHACHA20_POLY1305_SHA256, TLS_ECDHE_RSA_WITH_AES_128_GCM_SHA256, TLS_DHE_RSA_WITH_AES_256_GCM_SHA384, TLS_DHE_RSA_WITH_CHACHA20_POLY1305_SHA256, TLS_DHE_DSS_WITH_AES_256_GCM_SHA384, TLS_DHE_RSA_WITH_AES_128_GCM_SHA256, TLS_DHE_DSS_WITH_AES_128_GCM_SHA256, TLS_ECDHE_ECDSA_WITH_AES_256_CBC_SHA384, TLS_ECDHE_RSA_WITH_AES_256_CBC_SHA384, TLS_ECDHE_ECDSA_WITH_AES_128_CBC_SHA256, TLS_ECDHE_RSA_WITH_AES_128_CBC_SHA256, TLS_DHE_RSA_WITH_AES_256_CBC_SHA256, TLS_DHE_DSS_WITH_AES_256_CBC_SHA256, TLS_DHE_RSA_WITH_AES_128_CBC_SHA256, TLS_DHE_DSS_WITH_AES_128_CBC_SHA256, TLS_ECDHE_ECDSA_WITH_AES_256_CBC_SHA, TLS_ECDHE_RSA_WITH_AES_256_CBC_SHA, TLS_ECDHE_ECDSA_WITH_AES_128_CBC_SHA, TLS_ECDHE_RSA_WITH_AES_128_CBC_SHA, TLS_DHE_RSA_WITH_AES_256_CBC_SHA, TLS_DHE_DSS_WITH_AES_256_CBC_SHA, TLS_DHE_RSA_WITH_AES_128_CBC_SHA, TLS_DHE_DSS_WITH_AES_128_CBC_SHA, TLS_RSA_WITH_AES_256_GCM_SHA384, TLS_RSA_WITH_AES_128_GCM_SHA256, TLS_RSA_WITH_AES_256_CBC_SHA256, TLS_RSA_WITH_AES_128_CBC_SHA256, TLS_RSA_WITH_AES_256_CBC_SHA, TLS_RSA_WITH_AES_128_CBC_SHA, TLS_EMPTY_RENEGOTIATION_INFO_SCSV]
13:04:52.765 [main] DEBUG karate.org.apache.http.conn.ssl.LenientSslConnectionSocketFactory - Starting handshake
13:04:52.832 [main] DEBUG karate.org.apache.http.conn.ssl.LenientSslConnectionSocketFactory - Secure session established
13:04:52.832 [main] DEBUG karate.org.apache.http.conn.ssl.LenientSslConnectionSocketFactory -  negotiated protocol: TLSv1.3
13:04:52.832 [main] DEBUG karate.org.apache.http.conn.ssl.LenientSslConnectionSocketFactory -  negotiated cipher suite: TLS_AES_128_GCM_SHA256
13:04:52.832 [main] DEBUG karate.org.apache.http.conn.ssl.LenientSslConnectionSocketFactory -  peer principal: CN=apigw-soap-st.telus.com, O=TELUS Corp., L=Vancouver, ST=British Columbia, C=CA
13:04:52.832 [main] DEBUG karate.org.apache.http.conn.ssl.LenientSslConnectionSocketFactory -  peer alternative names: [apigw-soap-st.telus.com, apigw-st.telus.com, apigw-qidc-st.telus.com, apigw-kidc-st.telus.com, apigw-soap-qidc-st.telus.com, apigw-soap-kidc-st.telus.com]
13:04:52.832 [main] DEBUG karate.org.apache.http.conn.ssl.LenientSslConnectionSocketFactory -  issuer principal: CN=DigiCert Global G2 TLS RSA SHA256 2020 CA1, O=DigiCert Inc, C=US
13:04:52.832 [main] DEBUG karate.org.apache.http.impl.conn.DefaultHttpClientConnectionOperator - Connection established 192.168.1.65:54949<->207.219.84.31:443
13:04:52.832 [main] DEBUG karate.org.apache.http.impl.conn.DefaultManagedHttpClientConnection - http-outgoing-13: set socket timeout to 20000
13:04:52.832 [main] DEBUG karate.org.apache.http.impl.execchain.MainClientExec - Executing request GET /customer/contactCenterOdsData/v1/account?businessUnit=CORP&limit=1&brand=TELUS&lob=WIRELESS&status=ACTIVE HTTP/1.1
13:04:52.832 [main] DEBUG karate.org.apache.http.impl.execchain.MainClientExec - Proxy auth state: UNCHALLENGED
13:04:52.832 [main] DEBUG karate.org.apache.http.headers - http-outgoing-13 >> GET /customer/contactCenterOdsData/v1/account?businessUnit=CORP&limit=1&brand=TELUS&lob=WIRELESS&status=ACTIVE HTTP/1.1
13:04:52.832 [main] DEBUG karate.org.apache.http.headers - http-outgoing-13 >> Content-Type: application/json
13:04:52.832 [main] DEBUG karate.org.apache.http.headers - http-outgoing-13 >> env: it01
13:04:52.832 [main] DEBUG karate.org.apache.http.headers - http-outgoing-13 >> Authorization: Bearer eyJhbGciOiJSUzI1NiIsImtpZCI6ImNhZGZhMTYyLTU2YzEtNGRiOS1hNjNmLTYwZTM3NzIwMWJkZiIsInBpLmF0bSI6IjMifQ.eyJzY29wZSI6WyI0NzIwIl0sImF1dGhvcml6YXRpb25fZGV0YWlscyI6W10sImNsaWVudF9pZCI6IjUyZTgwYmZhLWI0MmMtNDdkNy05OGI1LThiYjg3YzkyNjIwOSIsImlzcyI6Imh0dHBzOi8vdGVhbXNzby1pdHMwNC50ZWx1cy5jb20iLCJhdWQiOiJrb25nIiwiaWF0IjoxNzIzMjIzMDg5LCJleHAiOjE3MjMyMjMzODl9.flESEmYyI_eCkBmzn54OkGfP2lAIxnyqs2XbjtABUAmEnkCOQe8uoiUdROg_nBCNsbluJLTMIyv2VQYcEFeVpzwJIN4AH00KC-3px8L7DRMcbbbRqgIOGamUVRjytKBt3cFR1XVCW32bLo_XlS6M0CPdsCtowSRRwenf6htGC3loiXiWZ8pxuYaJNnmQfuSN9rWpZNHc8y-eYDl0xm6EoEXQSfatP3EAxDBw6tgqlb5patcu_afyMqKiHha9IdISwDeMrqyfvgoAR4Sqhdy3Uxp_k_xzmM-XWElgzY0YfiUnRnIl01fsIz1UO7xaed3xVyVlwsYrq6nB9I57SYDk-A
13:04:52.832 [main] DEBUG karate.org.apache.http.headers - http-outgoing-13 >> Host: apigw-st.telus.com
13:04:52.832 [main] DEBUG karate.org.apache.http.headers - http-outgoing-13 >> Connection: Keep-Alive
13:04:52.832 [main] DEBUG karate.org.apache.http.headers - http-outgoing-13 >> User-Agent: Apache-HttpClient/4.5.13 (Java/20.0.2)
13:04:52.832 [main] DEBUG karate.org.apache.http.headers - http-outgoing-13 >> Accept-Encoding: gzip,deflate
13:04:52.832 [main] DEBUG karate.org.apache.http.wire - http-outgoing-13 >> "GET /customer/contactCenterOdsData/v1/account?businessUnit=CORP&limit=1&brand=TELUS&lob=WIRELESS&status=ACTIVE HTTP/1.1[\r][\n]"
13:04:52.832 [main] DEBUG karate.org.apache.http.wire - http-outgoing-13 >> "Content-Type: application/json[\r][\n]"
13:04:52.832 [main] DEBUG karate.org.apache.http.wire - http-outgoing-13 >> "env: it01[\r][\n]"
13:04:52.833 [main] DEBUG karate.org.apache.http.wire - http-outgoing-13 >> "Authorization: Bearer eyJhbGciOiJSUzI1NiIsImtpZCI6ImNhZGZhMTYyLTU2YzEtNGRiOS1hNjNmLTYwZTM3NzIwMWJkZiIsInBpLmF0bSI6IjMifQ.eyJzY29wZSI6WyI0NzIwIl0sImF1dGhvcml6YXRpb25fZGV0YWlscyI6W10sImNsaWVudF9pZCI6IjUyZTgwYmZhLWI0MmMtNDdkNy05OGI1LThiYjg3YzkyNjIwOSIsImlzcyI6Imh0dHBzOi8vdGVhbXNzby1pdHMwNC50ZWx1cy5jb20iLCJhdWQiOiJrb25nIiwiaWF0IjoxNzIzMjIzMDg5LCJleHAiOjE3MjMyMjMzODl9.flESEmYyI_eCkBmzn54OkGfP2lAIxnyqs2XbjtABUAmEnkCOQe8uoiUdROg_nBCNsbluJLTMIyv2VQYcEFeVpzwJIN4AH00KC-3px8L7DRMcbbbRqgIOGamUVRjytKBt3cFR1XVCW32bLo_XlS6M0CPdsCtowSRRwenf6htGC3loiXiWZ8pxuYaJNnmQfuSN9rWpZNHc8y-eYDl0xm6EoEXQSfatP3EAxDBw6tgqlb5patcu_afyMqKiHha9IdISwDeMrqyfvgoAR4Sqhdy3Uxp_k_xzmM-XWElgzY0YfiUnRnIl01fsIz1UO7xaed3xVyVlwsYrq6nB9I57SYDk-A[\r][\n]"
13:04:52.833 [main] DEBUG karate.org.apache.http.wire - http-outgoing-13 >> "Host: apigw-st.telus.com[\r][\n]"
13:04:52.833 [main] DEBUG karate.org.apache.http.wire - http-outgoing-13 >> "Connection: Keep-Alive[\r][\n]"
13:04:52.833 [main] DEBUG karate.org.apache.http.wire - http-outgoing-13 >> "User-Agent: Apache-HttpClient/4.5.13 (Java/20.0.2)[\r][\n]"
13:04:52.833 [main] DEBUG karate.org.apache.http.wire - http-outgoing-13 >> "Accept-Encoding: gzip,deflate[\r][\n]"
13:04:52.833 [main] DEBUG karate.org.apache.http.wire - http-outgoing-13 >> "[\r][\n]"
13:04:52.882 [main] DEBUG karate.org.apache.http.wire - http-outgoing-13 << "HTTP/1.1 403 Forbidden[\r][\n]"
13:04:52.882 [main] DEBUG karate.org.apache.http.wire - http-outgoing-13 << "Content-Type: application/json; charset=utf-8[\r][\n]"
13:04:52.882 [main] DEBUG karate.org.apache.http.wire - http-outgoing-13 << "Content-Length: 23[\r][\n]"
13:04:52.882 [main] DEBUG karate.org.apache.http.wire - http-outgoing-13 << "Connection: keep-alive[\r][\n]"
13:04:52.882 [main] DEBUG karate.org.apache.http.wire - http-outgoing-13 << "Date: Fri, 09 Aug 2024 17:04:53 GMT[\r][\n]"
13:04:52.882 [main] DEBUG karate.org.apache.http.wire - http-outgoing-13 << "WWW-Authenticate: Bearer realm="telusidentity.apigateway.telus.com", error="insufficient_scope"[\r][\n]"
13:04:52.882 [main] DEBUG karate.org.apache.http.wire - http-outgoing-13 << "Kong-Request-ID: 2a7d2973-b90b-454f-af4f-d6467f521290#372921[\r][\n]"
13:04:52.882 [main] DEBUG karate.org.apache.http.wire - http-outgoing-13 << "vary: Origin[\r][\n]"
13:04:52.882 [main] DEBUG karate.org.apache.http.wire - http-outgoing-13 << "X-Kong-Response-Latency: 5[\r][\n]"
13:04:52.882 [main] DEBUG karate.org.apache.http.wire - http-outgoing-13 << "Server: kong/3.4.3.11-enterprise-edition[\r][\n]"
13:04:52.882 [main] DEBUG karate.org.apache.http.wire - http-outgoing-13 << "X-Kong-Request-Id: 567c8769387d0f518021024f606a427f[\r][\n]"
13:04:52.882 [main] DEBUG karate.org.apache.http.wire - http-outgoing-13 << "vary: Origin[\r][\n]"
13:04:52.882 [main] DEBUG karate.org.apache.http.wire - http-outgoing-13 << "X-Kong-Upstream-Latency: 9[\r][\n]"
13:04:52.882 [main] DEBUG karate.org.apache.http.wire - http-outgoing-13 << "X-Kong-Proxy-Latency: 1[\r][\n]"
13:04:52.882 [main] DEBUG karate.org.apache.http.wire - http-outgoing-13 << "Via: kong/3.4.3.11-enterprise-edition[\r][\n]"
13:04:52.882 [main] DEBUG karate.org.apache.http.wire - http-outgoing-13 << "[\r][\n]"
13:04:52.882 [main] DEBUG karate.org.apache.http.wire - http-outgoing-13 << "{"message":"Forbidden"}"
13:04:52.882 [main] DEBUG karate.org.apache.http.headers - http-outgoing-13 << HTTP/1.1 403 Forbidden
13:04:52.882 [main] DEBUG karate.org.apache.http.headers - http-outgoing-13 << Content-Type: application/json; charset=utf-8
13:04:52.882 [main] DEBUG karate.org.apache.http.headers - http-outgoing-13 << Content-Length: 23
13:04:52.882 [main] DEBUG karate.org.apache.http.headers - http-outgoing-13 << Connection: keep-alive
13:04:52.882 [main] DEBUG karate.org.apache.http.headers - http-outgoing-13 << Date: Fri, 09 Aug 2024 17:04:53 GMT
13:04:52.882 [main] DEBUG karate.org.apache.http.headers - http-outgoing-13 << WWW-Authenticate: Bearer realm="telusidentity.apigateway.telus.com", error="insufficient_scope"
13:04:52.882 [main] DEBUG karate.org.apache.http.headers - http-outgoing-13 << Kong-Request-ID: 2a7d2973-b90b-454f-af4f-d6467f521290#372921
13:04:52.882 [main] DEBUG karate.org.apache.http.headers - http-outgoing-13 << vary: Origin
13:04:52.882 [main] DEBUG karate.org.apache.http.headers - http-outgoing-13 << X-Kong-Response-Latency: 5
13:04:52.882 [main] DEBUG karate.org.apache.http.headers - http-outgoing-13 << Server: kong/3.4.3.11-enterprise-edition
13:04:52.882 [main] DEBUG karate.org.apache.http.headers - http-outgoing-13 << X-Kong-Request-Id: 567c8769387d0f518021024f606a427f
13:04:52.882 [main] DEBUG karate.org.apache.http.headers - http-outgoing-13 << vary: Origin
13:04:52.882 [main] DEBUG karate.org.apache.http.headers - http-outgoing-13 << X-Kong-Upstream-Latency: 9
13:04:52.882 [main] DEBUG karate.org.apache.http.headers - http-outgoing-13 << X-Kong-Proxy-Latency: 1
13:04:52.883 [main] DEBUG karate.org.apache.http.headers - http-outgoing-13 << Via: kong/3.4.3.11-enterprise-edition
13:04:52.883 [main] DEBUG karate.org.apache.http.impl.execchain.MainClientExec - Connection can be kept alive indefinitely
13:04:52.883 [main] DEBUG karate.org.apache.http.impl.conn.PoolingHttpClientConnectionManager - Connection [id: 13][route: {s}->https://apigw-st.telus.com:443] can be kept alive indefinitely
13:04:52.883 [main] DEBUG karate.org.apache.http.impl.conn.DefaultManagedHttpClientConnection - http-outgoing-13: set socket timeout to 0
13:04:52.883 [main] DEBUG karate.org.apache.http.impl.conn.PoolingHttpClientConnectionManager - Connection released: [id: 13][route: {s}->https://apigw-st.telus.com:443][total available: 1; route allocated: 1 of 5; total allocated: 1 of 10]
13:04:52.883 [main] DEBUG com.intuit.karate - response time in milliseconds: 156
1 < 403
1 < Content-Type: application/json; charset=utf-8
1 < Content-Length: 23
1 < Connection: keep-alive
1 < Date: Fri, 09 Aug 2024 17:04:53 GMT
1 < WWW-Authenticate: Bearer realm="telusidentity.apigateway.telus.com", error="insufficient_scope"
1 < Kong-Request-ID: 2a7d2973-b90b-454f-af4f-d6467f521290#372921
1 < vary: Origin
1 < vary: Origin
1 < X-Kong-Response-Latency: 5
1 < Server: kong/3.4.3.11-enterprise-edition
1 < X-Kong-Request-Id: 567c8769387d0f518021024f606a427f
1 < X-Kong-Upstream-Latency: 9
1 < X-Kong-Proxy-Latency: 1
1 < Via: kong/3.4.3.11-enterprise-edition
{"message":"Forbidden"}
13:04:52.885 [main] INFO com.intuit.karate - [print] {
  "message": "Forbidden"
}
 
13:04:52.928 [main] DEBUG com.intuit.karate - write to file: target\testdata\output.json
13:04:52.929 [main] INFO com.intuit.karate - [print] {
  "message": "Forbidden"
}
 
13:04:52.930 [main] INFO com.intuit.karate - << lock released, cached callonce: read("../odsdata/getTestData_CORP_Non_Prod.feature@getdataCorpActive")
13:04:52.931 [main] DEBUG com.intuit.karate.core.ScenarioEngine - over-writing existing variable 'mockResponseWLS_RES_ACTIVE' with new value: callonce read("../odsdata/getTestData_Consumer_Non_Prod.feature@getdata_resWLS_Active")
13:04:52.934 [main] INFO com.intuit.karate - >> lock acquired, begin callonce: read("../odsdata/getTestData_Consumer_Non_Prod.feature@getdata_resWLS_Active")
13:04:52.934 [main] INFO com.intuit.karate.core.FeatureRuntime - classpath:feature/../odsdata/getTestData_Consumer_Non_Prod.feature - call by tag at line 18: getdata_resWLS_Active
13:04:52.945 [main] INFO com.intuit.karate - [print]  
13:04:52.946 [main] INFO com.intuit.karate - [print]  
13:04:52.947 [main] INFO com.intuit.karate - [print]  
13:04:52.951 [main] DEBUG karate.org.apache.http.client.protocol.RequestAddCookies - CookieSpec selected: karate
13:04:52.951 [main] DEBUG karate.org.apache.http.client.protocol.RequestAuthCache - Auth cache not set in the context
13:04:52.951 [main] DEBUG com.intuit.karate - request:
1 > GET https://apigw-st.telus.com/customer/contactCenterOdsData/v1/account?businessUnit=RES&limit=1&brand=TELUS&lob=WIRELESS&status=ACTIVE
1 > Content-Type: application/json
1 > env: it01
1 > Authorization: Bearer eyJhbGciOiJSUzI1NiIsImtpZCI6ImNhZGZhMTYyLTU2YzEtNGRiOS1hNjNmLTYwZTM3NzIwMWJkZiIsInBpLmF0bSI6IjMifQ.eyJzY29wZSI6WyI0NzIwIl0sImF1dGhvcml6YXRpb25fZGV0YWlscyI6W10sImNsaWVudF9pZCI6IjUyZTgwYmZhLWI0MmMtNDdkNy05OGI1LThiYjg3YzkyNjIwOSIsImlzcyI6Imh0dHBzOi8vdGVhbXNzby1pdHMwNC50ZWx1cy5jb20iLCJhdWQiOiJrb25nIiwiaWF0IjoxNzIzMjIzMDg5LCJleHAiOjE3MjMyMjMzODl9.flESEmYyI_eCkBmzn54OkGfP2lAIxnyqs2XbjtABUAmEnkCOQe8uoiUdROg_nBCNsbluJLTMIyv2VQYcEFeVpzwJIN4AH00KC-3px8L7DRMcbbbRqgIOGamUVRjytKBt3cFR1XVCW32bLo_XlS6M0CPdsCtowSRRwenf6htGC3loiXiWZ8pxuYaJNnmQfuSN9rWpZNHc8y-eYDl0xm6EoEXQSfatP3EAxDBw6tgqlb5patcu_afyMqKiHha9IdISwDeMrqyfvgoAR4Sqhdy3Uxp_k_xzmM-XWElgzY0YfiUnRnIl01fsIz1UO7xaed3xVyVlwsYrq6nB9I57SYDk-A
1 > Host: apigw-st.telus.com
1 > Connection: Keep-Alive
1 > User-Agent: Apache-HttpClient/4.5.13 (Java/20.0.2)
1 > Accept-Encoding: gzip,deflate


13:04:52.951 [main] DEBUG karate.org.apache.http.impl.conn.PoolingHttpClientConnectionManager - Connection request: [route: {s}->https://apigw-st.telus.com:443][total available: 0; route allocated: 0 of 5; total allocated: 0 of 10]
13:04:52.952 [main] DEBUG karate.org.apache.http.impl.conn.PoolingHttpClientConnectionManager - Connection leased: [id: 14][route: {s}->https://apigw-st.telus.com:443][total available: 0; route allocated: 1 of 5; total allocated: 1 of 10]
13:04:52.952 [main] DEBUG karate.org.apache.http.impl.execchain.MainClientExec - Opening connection {s}->https://apigw-st.telus.com:443
13:04:52.952 [main] DEBUG karate.org.apache.http.impl.conn.DefaultHttpClientConnectionOperator - Connecting to apigw-st.telus.com/207.219.84.31:443
13:04:52.952 [main] DEBUG karate.org.apache.http.conn.ssl.LenientSslConnectionSocketFactory - Connecting socket to apigw-st.telus.com/207.219.84.31:443 with timeout 10000
13:04:52.991 [main] DEBUG karate.org.apache.http.conn.ssl.LenientSslConnectionSocketFactory - Enabled protocols: [TLSv1.3, TLSv1.2]
13:04:52.991 [main] DEBUG karate.org.apache.http.conn.ssl.LenientSslConnectionSocketFactory - Enabled cipher suites:[TLS_AES_256_GCM_SHA384, TLS_AES_128_GCM_SHA256, TLS_CHACHA20_POLY1305_SHA256, TLS_ECDHE_ECDSA_WITH_AES_256_GCM_SHA384, TLS_ECDHE_ECDSA_WITH_AES_128_GCM_SHA256, TLS_ECDHE_ECDSA_WITH_CHACHA20_POLY1305_SHA256, TLS_ECDHE_RSA_WITH_AES_256_GCM_SHA384, TLS_ECDHE_RSA_WITH_CHACHA20_POLY1305_SHA256, TLS_ECDHE_RSA_WITH_AES_128_GCM_SHA256, TLS_DHE_RSA_WITH_AES_256_GCM_SHA384, TLS_DHE_RSA_WITH_CHACHA20_POLY1305_SHA256, TLS_DHE_DSS_WITH_AES_256_GCM_SHA384, TLS_DHE_RSA_WITH_AES_128_GCM_SHA256, TLS_DHE_DSS_WITH_AES_128_GCM_SHA256, TLS_ECDHE_ECDSA_WITH_AES_256_CBC_SHA384, TLS_ECDHE_RSA_WITH_AES_256_CBC_SHA384, TLS_ECDHE_ECDSA_WITH_AES_128_CBC_SHA256, TLS_ECDHE_RSA_WITH_AES_128_CBC_SHA256, TLS_DHE_RSA_WITH_AES_256_CBC_SHA256, TLS_DHE_DSS_WITH_AES_256_CBC_SHA256, TLS_DHE_RSA_WITH_AES_128_CBC_SHA256, TLS_DHE_DSS_WITH_AES_128_CBC_SHA256, TLS_ECDHE_ECDSA_WITH_AES_256_CBC_SHA, TLS_ECDHE_RSA_WITH_AES_256_CBC_SHA, TLS_ECDHE_ECDSA_WITH_AES_128_CBC_SHA, TLS_ECDHE_RSA_WITH_AES_128_CBC_SHA, TLS_DHE_RSA_WITH_AES_256_CBC_SHA, TLS_DHE_DSS_WITH_AES_256_CBC_SHA, TLS_DHE_RSA_WITH_AES_128_CBC_SHA, TLS_DHE_DSS_WITH_AES_128_CBC_SHA, TLS_RSA_WITH_AES_256_GCM_SHA384, TLS_RSA_WITH_AES_128_GCM_SHA256, TLS_RSA_WITH_AES_256_CBC_SHA256, TLS_RSA_WITH_AES_128_CBC_SHA256, TLS_RSA_WITH_AES_256_CBC_SHA, TLS_RSA_WITH_AES_128_CBC_SHA, TLS_EMPTY_RENEGOTIATION_INFO_SCSV]
13:04:52.991 [main] DEBUG karate.org.apache.http.conn.ssl.LenientSslConnectionSocketFactory - Starting handshake
13:04:53.045 [main] DEBUG karate.org.apache.http.conn.ssl.LenientSslConnectionSocketFactory - Secure session established
13:04:53.045 [main] DEBUG karate.org.apache.http.conn.ssl.LenientSslConnectionSocketFactory -  negotiated protocol: TLSv1.3
13:04:53.045 [main] DEBUG karate.org.apache.http.conn.ssl.LenientSslConnectionSocketFactory -  negotiated cipher suite: TLS_AES_128_GCM_SHA256
13:04:53.045 [main] DEBUG karate.org.apache.http.conn.ssl.LenientSslConnectionSocketFactory -  peer principal: CN=apigw-soap-st.telus.com, O=TELUS Corp., L=Vancouver, ST=British Columbia, C=CA
13:04:53.045 [main] DEBUG karate.org.apache.http.conn.ssl.LenientSslConnectionSocketFactory -  peer alternative names: [apigw-soap-st.telus.com, apigw-st.telus.com, apigw-qidc-st.telus.com, apigw-kidc-st.telus.com, apigw-soap-qidc-st.telus.com, apigw-soap-kidc-st.telus.com]
13:04:53.045 [main] DEBUG karate.org.apache.http.conn.ssl.LenientSslConnectionSocketFactory -  issuer principal: CN=DigiCert Global G2 TLS RSA SHA256 2020 CA1, O=DigiCert Inc, C=US
13:04:53.046 [main] DEBUG karate.org.apache.http.impl.conn.DefaultHttpClientConnectionOperator - Connection established 192.168.1.65:54950<->207.219.84.31:443
13:04:53.046 [main] DEBUG karate.org.apache.http.impl.conn.DefaultManagedHttpClientConnection - http-outgoing-14: set socket timeout to 20000
13:04:53.046 [main] DEBUG karate.org.apache.http.impl.execchain.MainClientExec - Executing request GET /customer/contactCenterOdsData/v1/account?businessUnit=RES&limit=1&brand=TELUS&lob=WIRELESS&status=ACTIVE HTTP/1.1
13:04:53.046 [main] DEBUG karate.org.apache.http.impl.execchain.MainClientExec - Proxy auth state: UNCHALLENGED
13:04:53.046 [main] DEBUG karate.org.apache.http.headers - http-outgoing-14 >> GET /customer/contactCenterOdsData/v1/account?businessUnit=RES&limit=1&brand=TELUS&lob=WIRELESS&status=ACTIVE HTTP/1.1
13:04:53.046 [main] DEBUG karate.org.apache.http.headers - http-outgoing-14 >> Content-Type: application/json
13:04:53.046 [main] DEBUG karate.org.apache.http.headers - http-outgoing-14 >> env: it01
13:04:53.046 [main] DEBUG karate.org.apache.http.headers - http-outgoing-14 >> Authorization: Bearer eyJhbGciOiJSUzI1NiIsImtpZCI6ImNhZGZhMTYyLTU2YzEtNGRiOS1hNjNmLTYwZTM3NzIwMWJkZiIsInBpLmF0bSI6IjMifQ.eyJzY29wZSI6WyI0NzIwIl0sImF1dGhvcml6YXRpb25fZGV0YWlscyI6W10sImNsaWVudF9pZCI6IjUyZTgwYmZhLWI0MmMtNDdkNy05OGI1LThiYjg3YzkyNjIwOSIsImlzcyI6Imh0dHBzOi8vdGVhbXNzby1pdHMwNC50ZWx1cy5jb20iLCJhdWQiOiJrb25nIiwiaWF0IjoxNzIzMjIzMDg5LCJleHAiOjE3MjMyMjMzODl9.flESEmYyI_eCkBmzn54OkGfP2lAIxnyqs2XbjtABUAmEnkCOQe8uoiUdROg_nBCNsbluJLTMIyv2VQYcEFeVpzwJIN4AH00KC-3px8L7DRMcbbbRqgIOGamUVRjytKBt3cFR1XVCW32bLo_XlS6M0CPdsCtowSRRwenf6htGC3loiXiWZ8pxuYaJNnmQfuSN9rWpZNHc8y-eYDl0xm6EoEXQSfatP3EAxDBw6tgqlb5patcu_afyMqKiHha9IdISwDeMrqyfvgoAR4Sqhdy3Uxp_k_xzmM-XWElgzY0YfiUnRnIl01fsIz1UO7xaed3xVyVlwsYrq6nB9I57SYDk-A
13:04:53.046 [main] DEBUG karate.org.apache.http.headers - http-outgoing-14 >> Host: apigw-st.telus.com
13:04:53.046 [main] DEBUG karate.org.apache.http.headers - http-outgoing-14 >> Connection: Keep-Alive
13:04:53.046 [main] DEBUG karate.org.apache.http.headers - http-outgoing-14 >> User-Agent: Apache-HttpClient/4.5.13 (Java/20.0.2)
13:04:53.046 [main] DEBUG karate.org.apache.http.headers - http-outgoing-14 >> Accept-Encoding: gzip,deflate
13:04:53.046 [main] DEBUG karate.org.apache.http.wire - http-outgoing-14 >> "GET /customer/contactCenterOdsData/v1/account?businessUnit=RES&limit=1&brand=TELUS&lob=WIRELESS&status=ACTIVE HTTP/1.1[\r][\n]"
13:04:53.046 [main] DEBUG karate.org.apache.http.wire - http-outgoing-14 >> "Content-Type: application/json[\r][\n]"
13:04:53.046 [main] DEBUG karate.org.apache.http.wire - http-outgoing-14 >> "env: it01[\r][\n]"
13:04:53.047 [main] DEBUG karate.org.apache.http.wire - http-outgoing-14 >> "Authorization: Bearer eyJhbGciOiJSUzI1NiIsImtpZCI6ImNhZGZhMTYyLTU2YzEtNGRiOS1hNjNmLTYwZTM3NzIwMWJkZiIsInBpLmF0bSI6IjMifQ.eyJzY29wZSI6WyI0NzIwIl0sImF1dGhvcml6YXRpb25fZGV0YWlscyI6W10sImNsaWVudF9pZCI6IjUyZTgwYmZhLWI0MmMtNDdkNy05OGI1LThiYjg3YzkyNjIwOSIsImlzcyI6Imh0dHBzOi8vdGVhbXNzby1pdHMwNC50ZWx1cy5jb20iLCJhdWQiOiJrb25nIiwiaWF0IjoxNzIzMjIzMDg5LCJleHAiOjE3MjMyMjMzODl9.flESEmYyI_eCkBmzn54OkGfP2lAIxnyqs2XbjtABUAmEnkCOQe8uoiUdROg_nBCNsbluJLTMIyv2VQYcEFeVpzwJIN4AH00KC-3px8L7DRMcbbbRqgIOGamUVRjytKBt3cFR1XVCW32bLo_XlS6M0CPdsCtowSRRwenf6htGC3loiXiWZ8pxuYaJNnmQfuSN9rWpZNHc8y-eYDl0xm6EoEXQSfatP3EAxDBw6tgqlb5patcu_afyMqKiHha9IdISwDeMrqyfvgoAR4Sqhdy3Uxp_k_xzmM-XWElgzY0YfiUnRnIl01fsIz1UO7xaed3xVyVlwsYrq6nB9I57SYDk-A[\r][\n]"
13:04:53.047 [main] DEBUG karate.org.apache.http.wire - http-outgoing-14 >> "Host: apigw-st.telus.com[\r][\n]"
13:04:53.047 [main] DEBUG karate.org.apache.http.wire - http-outgoing-14 >> "Connection: Keep-Alive[\r][\n]"
13:04:53.047 [main] DEBUG karate.org.apache.http.wire - http-outgoing-14 >> "User-Agent: Apache-HttpClient/4.5.13 (Java/20.0.2)[\r][\n]"
13:04:53.047 [main] DEBUG karate.org.apache.http.wire - http-outgoing-14 >> "Accept-Encoding: gzip,deflate[\r][\n]"
13:04:53.047 [main] DEBUG karate.org.apache.http.wire - http-outgoing-14 >> "[\r][\n]"
13:04:53.098 [main] DEBUG karate.org.apache.http.wire - http-outgoing-14 << "HTTP/1.1 403 Forbidden[\r][\n]"
13:04:53.098 [main] DEBUG karate.org.apache.http.wire - http-outgoing-14 << "Content-Type: application/json; charset=utf-8[\r][\n]"
13:04:53.098 [main] DEBUG karate.org.apache.http.wire - http-outgoing-14 << "Content-Length: 23[\r][\n]"
13:04:53.098 [main] DEBUG karate.org.apache.http.wire - http-outgoing-14 << "Connection: keep-alive[\r][\n]"
13:04:53.098 [main] DEBUG karate.org.apache.http.wire - http-outgoing-14 << "Date: Fri, 09 Aug 2024 17:04:53 GMT[\r][\n]"
13:04:53.098 [main] DEBUG karate.org.apache.http.wire - http-outgoing-14 << "WWW-Authenticate: Bearer realm="telusidentity.apigateway.telus.com", error="insufficient_scope"[\r][\n]"
13:04:53.098 [main] DEBUG karate.org.apache.http.wire - http-outgoing-14 << "Kong-Request-ID: 9df030cd-e549-46fc-a886-0445fff0e82d#347209[\r][\n]"
13:04:53.098 [main] DEBUG karate.org.apache.http.wire - http-outgoing-14 << "vary: Origin[\r][\n]"
13:04:53.098 [main] DEBUG karate.org.apache.http.wire - http-outgoing-14 << "X-Kong-Response-Latency: 7[\r][\n]"
13:04:53.099 [main] DEBUG karate.org.apache.http.wire - http-outgoing-14 << "Server: kong/3.4.3.11-enterprise-edition[\r][\n]"
13:04:53.099 [main] DEBUG karate.org.apache.http.wire - http-outgoing-14 << "X-Kong-Request-Id: 59850b7d9045280f462be639e64e567d[\r][\n]"
13:04:53.099 [main] DEBUG karate.org.apache.http.wire - http-outgoing-14 << "vary: Origin[\r][\n]"
13:04:53.099 [main] DEBUG karate.org.apache.http.wire - http-outgoing-14 << "X-Kong-Upstream-Latency: 12[\r][\n]"
13:04:53.099 [main] DEBUG karate.org.apache.http.wire - http-outgoing-14 << "X-Kong-Proxy-Latency: 1[\r][\n]"
13:04:53.099 [main] DEBUG karate.org.apache.http.wire - http-outgoing-14 << "Via: kong/3.4.3.11-enterprise-edition[\r][\n]"
13:04:53.099 [main] DEBUG karate.org.apache.http.wire - http-outgoing-14 << "[\r][\n]"
13:04:53.099 [main] DEBUG karate.org.apache.http.wire - http-outgoing-14 << "{"message":"Forbidden"}"
13:04:53.099 [main] DEBUG karate.org.apache.http.headers - http-outgoing-14 << HTTP/1.1 403 Forbidden
13:04:53.099 [main] DEBUG karate.org.apache.http.headers - http-outgoing-14 << Content-Type: application/json; charset=utf-8
13:04:53.099 [main] DEBUG karate.org.apache.http.headers - http-outgoing-14 << Content-Length: 23
13:04:53.099 [main] DEBUG karate.org.apache.http.headers - http-outgoing-14 << Connection: keep-alive
13:04:53.099 [main] DEBUG karate.org.apache.http.headers - http-outgoing-14 << Date: Fri, 09 Aug 2024 17:04:53 GMT
13:04:53.099 [main] DEBUG karate.org.apache.http.headers - http-outgoing-14 << WWW-Authenticate: Bearer realm="telusidentity.apigateway.telus.com", error="insufficient_scope"
13:04:53.099 [main] DEBUG karate.org.apache.http.headers - http-outgoing-14 << Kong-Request-ID: 9df030cd-e549-46fc-a886-0445fff0e82d#347209
13:04:53.099 [main] DEBUG karate.org.apache.http.headers - http-outgoing-14 << vary: Origin
13:04:53.099 [main] DEBUG karate.org.apache.http.headers - http-outgoing-14 << X-Kong-Response-Latency: 7
13:04:53.099 [main] DEBUG karate.org.apache.http.headers - http-outgoing-14 << Server: kong/3.4.3.11-enterprise-edition
13:04:53.099 [main] DEBUG karate.org.apache.http.headers - http-outgoing-14 << X-Kong-Request-Id: 59850b7d9045280f462be639e64e567d
13:04:53.099 [main] DEBUG karate.org.apache.http.headers - http-outgoing-14 << vary: Origin
13:04:53.099 [main] DEBUG karate.org.apache.http.headers - http-outgoing-14 << X-Kong-Upstream-Latency: 12
13:04:53.099 [main] DEBUG karate.org.apache.http.headers - http-outgoing-14 << X-Kong-Proxy-Latency: 1
13:04:53.099 [main] DEBUG karate.org.apache.http.headers - http-outgoing-14 << Via: kong/3.4.3.11-enterprise-edition
13:04:53.099 [main] DEBUG karate.org.apache.http.impl.execchain.MainClientExec - Connection can be kept alive indefinitely
13:04:53.099 [main] DEBUG karate.org.apache.http.impl.conn.PoolingHttpClientConnectionManager - Connection [id: 14][route: {s}->https://apigw-st.telus.com:443] can be kept alive indefinitely
13:04:53.099 [main] DEBUG karate.org.apache.http.impl.conn.DefaultManagedHttpClientConnection - http-outgoing-14: set socket timeout to 0
13:04:53.099 [main] DEBUG karate.org.apache.http.impl.conn.PoolingHttpClientConnectionManager - Connection released: [id: 14][route: {s}->https://apigw-st.telus.com:443][total available: 1; route allocated: 1 of 5; total allocated: 1 of 10]
13:04:53.100 [main] DEBUG com.intuit.karate - response time in milliseconds: 149
1 < 403
1 < Content-Type: application/json; charset=utf-8
1 < Content-Length: 23
1 < Connection: keep-alive
1 < Date: Fri, 09 Aug 2024 17:04:53 GMT
1 < WWW-Authenticate: Bearer realm="telusidentity.apigateway.telus.com", error="insufficient_scope"
1 < Kong-Request-ID: 9df030cd-e549-46fc-a886-0445fff0e82d#347209
1 < vary: Origin
1 < vary: Origin
1 < X-Kong-Response-Latency: 7
1 < Server: kong/3.4.3.11-enterprise-edition
1 < X-Kong-Request-Id: 59850b7d9045280f462be639e64e567d
1 < X-Kong-Upstream-Latency: 12
1 < X-Kong-Proxy-Latency: 1
1 < Via: kong/3.4.3.11-enterprise-edition
{"message":"Forbidden"}
13:04:53.101 [main] INFO com.intuit.karate - [print] {
  "message": "Forbidden"
}
 
13:04:53.104 [main] DEBUG com.intuit.karate - write to file: target\testdata\output.json
13:04:53.105 [main] INFO com.intuit.karate - [print] {
  "message": "Forbidden"
}
 
13:04:53.106 [main] INFO com.intuit.karate - << lock released, cached callonce: read("../odsdata/getTestData_Consumer_Non_Prod.feature@getdata_resWLS_Active")
13:04:53.106 [main] DEBUG com.intuit.karate.core.ScenarioEngine - over-writing existing variable 'mockResponseWLN_RES_ACTIVE' with new value: callonce read("../odsdata/getTestData_Consumer_Non_Prod.feature@getdata_resWLN_Active")
13:04:53.109 [main] INFO com.intuit.karate - >> lock acquired, begin callonce: read("../odsdata/getTestData_Consumer_Non_Prod.feature@getdata_resWLN_Active")
13:04:53.110 [main] INFO com.intuit.karate.core.FeatureRuntime - classpath:feature/../odsdata/getTestData_Consumer_Non_Prod.feature - call by tag at line 46: getdata_resWLN_Active
13:04:53.117 [main] INFO com.intuit.karate - [print] {
  "responseHeaders": {
    "Content-Type": [
      "application/json; charset=utf-8"
    ],
    "Content-Length": [
      "23"
    ],
    "Connection": [
      "keep-alive"
    ],
    "Date": [
      "Fri, 09 Aug 2024 17:04:53 GMT"
    ],
    "WWW-Authenticate": [
      "Bearer realm=\"telusidentity.apigateway.telus.com\", error=\"insufficient_scope\""
    ],
    "Kong-Request-ID": [
      "9df030cd-e549-46fc-a886-0445fff0e82d#347209"
    ],
    "vary": [
      "Origin",
      "Origin"
    ],
    "X-Kong-Response-Latency": [
      "7"
    ],
    "Server": [
      "kong/3.4.3.11-enterprise-edition"
    ],
    "X-Kong-Request-Id": [
      "59850b7d9045280f462be639e64e567d"
    ],
    "X-Kong-Upstream-Latency": [
      "12"
    ],
    "X-Kong-Proxy-Latency": [
      "1"
    ],
    "Via": [
      "kong/3.4.3.11-enterprise-edition"
    ]
  },
  "mockResponseWLS_RES_ACTIVE": {
    "message": "Forbidden"
  },
  "responseStatus": 403,
  "response": "#ref:java.util.LinkedHashMap"
}
 
13:04:53.118 [main] INFO com.intuit.karate - [print]  
13:04:53.118 [main] INFO com.intuit.karate - [print]  
13:04:53.122 [main] DEBUG karate.org.apache.http.client.protocol.RequestAddCookies - CookieSpec selected: karate
13:04:53.122 [main] DEBUG karate.org.apache.http.client.protocol.RequestAuthCache - Auth cache not set in the context
13:04:53.122 [main] DEBUG com.intuit.karate - request:
1 > GET https://apigw-st.telus.com/customer/contactCenterOdsData/v1/account?businessUnit=RES&limit=1&brand=TELUS&lob=WIRELINE&status=ACTIVE
1 > Content-Type: application/json
1 > env: it01
1 > Authorization: Bearer eyJhbGciOiJSUzI1NiIsImtpZCI6ImNhZGZhMTYyLTU2YzEtNGRiOS1hNjNmLTYwZTM3NzIwMWJkZiIsInBpLmF0bSI6IjMifQ.eyJzY29wZSI6WyI0NzIwIl0sImF1dGhvcml6YXRpb25fZGV0YWlscyI6W10sImNsaWVudF9pZCI6IjUyZTgwYmZhLWI0MmMtNDdkNy05OGI1LThiYjg3YzkyNjIwOSIsImlzcyI6Imh0dHBzOi8vdGVhbXNzby1pdHMwNC50ZWx1cy5jb20iLCJhdWQiOiJrb25nIiwiaWF0IjoxNzIzMjIzMDg5LCJleHAiOjE3MjMyMjMzODl9.flESEmYyI_eCkBmzn54OkGfP2lAIxnyqs2XbjtABUAmEnkCOQe8uoiUdROg_nBCNsbluJLTMIyv2VQYcEFeVpzwJIN4AH00KC-3px8L7DRMcbbbRqgIOGamUVRjytKBt3cFR1XVCW32bLo_XlS6M0CPdsCtowSRRwenf6htGC3loiXiWZ8pxuYaJNnmQfuSN9rWpZNHc8y-eYDl0xm6EoEXQSfatP3EAxDBw6tgqlb5patcu_afyMqKiHha9IdISwDeMrqyfvgoAR4Sqhdy3Uxp_k_xzmM-XWElgzY0YfiUnRnIl01fsIz1UO7xaed3xVyVlwsYrq6nB9I57SYDk-A
1 > Host: apigw-st.telus.com
1 > Connection: Keep-Alive
1 > User-Agent: Apache-HttpClient/4.5.13 (Java/20.0.2)
1 > Accept-Encoding: gzip,deflate


13:04:53.122 [main] DEBUG karate.org.apache.http.impl.conn.PoolingHttpClientConnectionManager - Connection request: [route: {s}->https://apigw-st.telus.com:443][total available: 0; route allocated: 0 of 5; total allocated: 0 of 10]
13:04:53.122 [main] DEBUG karate.org.apache.http.impl.conn.PoolingHttpClientConnectionManager - Connection leased: [id: 15][route: {s}->https://apigw-st.telus.com:443][total available: 0; route allocated: 1 of 5; total allocated: 1 of 10]
13:04:53.122 [main] DEBUG karate.org.apache.http.impl.execchain.MainClientExec - Opening connection {s}->https://apigw-st.telus.com:443
13:04:53.122 [main] DEBUG karate.org.apache.http.impl.conn.DefaultHttpClientConnectionOperator - Connecting to apigw-st.telus.com/207.219.84.31:443
13:04:53.122 [main] DEBUG karate.org.apache.http.conn.ssl.LenientSslConnectionSocketFactory - Connecting socket to apigw-st.telus.com/207.219.84.31:443 with timeout 10000
13:04:53.160 [main] DEBUG karate.org.apache.http.conn.ssl.LenientSslConnectionSocketFactory - Enabled protocols: [TLSv1.3, TLSv1.2]
13:04:53.160 [main] DEBUG karate.org.apache.http.conn.ssl.LenientSslConnectionSocketFactory - Enabled cipher suites:[TLS_AES_256_GCM_SHA384, TLS_AES_128_GCM_SHA256, TLS_CHACHA20_POLY1305_SHA256, TLS_ECDHE_ECDSA_WITH_AES_256_GCM_SHA384, TLS_ECDHE_ECDSA_WITH_AES_128_GCM_SHA256, TLS_ECDHE_ECDSA_WITH_CHACHA20_POLY1305_SHA256, TLS_ECDHE_RSA_WITH_AES_256_GCM_SHA384, TLS_ECDHE_RSA_WITH_CHACHA20_POLY1305_SHA256, TLS_ECDHE_RSA_WITH_AES_128_GCM_SHA256, TLS_DHE_RSA_WITH_AES_256_GCM_SHA384, TLS_DHE_RSA_WITH_CHACHA20_POLY1305_SHA256, TLS_DHE_DSS_WITH_AES_256_GCM_SHA384, TLS_DHE_RSA_WITH_AES_128_GCM_SHA256, TLS_DHE_DSS_WITH_AES_128_GCM_SHA256, TLS_ECDHE_ECDSA_WITH_AES_256_CBC_SHA384, TLS_ECDHE_RSA_WITH_AES_256_CBC_SHA384, TLS_ECDHE_ECDSA_WITH_AES_128_CBC_SHA256, TLS_ECDHE_RSA_WITH_AES_128_CBC_SHA256, TLS_DHE_RSA_WITH_AES_256_CBC_SHA256, TLS_DHE_DSS_WITH_AES_256_CBC_SHA256, TLS_DHE_RSA_WITH_AES_128_CBC_SHA256, TLS_DHE_DSS_WITH_AES_128_CBC_SHA256, TLS_ECDHE_ECDSA_WITH_AES_256_CBC_SHA, TLS_ECDHE_RSA_WITH_AES_256_CBC_SHA, TLS_ECDHE_ECDSA_WITH_AES_128_CBC_SHA, TLS_ECDHE_RSA_WITH_AES_128_CBC_SHA, TLS_DHE_RSA_WITH_AES_256_CBC_SHA, TLS_DHE_DSS_WITH_AES_256_CBC_SHA, TLS_DHE_RSA_WITH_AES_128_CBC_SHA, TLS_DHE_DSS_WITH_AES_128_CBC_SHA, TLS_RSA_WITH_AES_256_GCM_SHA384, TLS_RSA_WITH_AES_128_GCM_SHA256, TLS_RSA_WITH_AES_256_CBC_SHA256, TLS_RSA_WITH_AES_128_CBC_SHA256, TLS_RSA_WITH_AES_256_CBC_SHA, TLS_RSA_WITH_AES_128_CBC_SHA, TLS_EMPTY_RENEGOTIATION_INFO_SCSV]
13:04:53.160 [main] DEBUG karate.org.apache.http.conn.ssl.LenientSslConnectionSocketFactory - Starting handshake
13:04:53.219 [main] DEBUG karate.org.apache.http.conn.ssl.LenientSslConnectionSocketFactory - Secure session established
13:04:53.219 [main] DEBUG karate.org.apache.http.conn.ssl.LenientSslConnectionSocketFactory -  negotiated protocol: TLSv1.3
13:04:53.219 [main] DEBUG karate.org.apache.http.conn.ssl.LenientSslConnectionSocketFactory -  negotiated cipher suite: TLS_AES_128_GCM_SHA256
13:04:53.219 [main] DEBUG karate.org.apache.http.conn.ssl.LenientSslConnectionSocketFactory -  peer principal: CN=apigw-soap-st.telus.com, O=TELUS Corp., L=Vancouver, ST=British Columbia, C=CA
13:04:53.219 [main] DEBUG karate.org.apache.http.conn.ssl.LenientSslConnectionSocketFactory -  peer alternative names: [apigw-soap-st.telus.com, apigw-st.telus.com, apigw-qidc-st.telus.com, apigw-kidc-st.telus.com, apigw-soap-qidc-st.telus.com, apigw-soap-kidc-st.telus.com]
13:04:53.219 [main] DEBUG karate.org.apache.http.conn.ssl.LenientSslConnectionSocketFactory -  issuer principal: CN=DigiCert Global G2 TLS RSA SHA256 2020 CA1, O=DigiCert Inc, C=US
13:04:53.219 [main] DEBUG karate.org.apache.http.impl.conn.DefaultHttpClientConnectionOperator - Connection established 192.168.1.65:54951<->207.219.84.31:443
13:04:53.219 [main] DEBUG karate.org.apache.http.impl.conn.DefaultManagedHttpClientConnection - http-outgoing-15: set socket timeout to 20000
13:04:53.219 [main] DEBUG karate.org.apache.http.impl.execchain.MainClientExec - Executing request GET /customer/contactCenterOdsData/v1/account?businessUnit=RES&limit=1&brand=TELUS&lob=WIRELINE&status=ACTIVE HTTP/1.1
13:04:53.220 [main] DEBUG karate.org.apache.http.impl.execchain.MainClientExec - Proxy auth state: UNCHALLENGED
13:04:53.220 [main] DEBUG karate.org.apache.http.headers - http-outgoing-15 >> GET /customer/contactCenterOdsData/v1/account?businessUnit=RES&limit=1&brand=TELUS&lob=WIRELINE&status=ACTIVE HTTP/1.1
13:04:53.220 [main] DEBUG karate.org.apache.http.headers - http-outgoing-15 >> Content-Type: application/json
13:04:53.220 [main] DEBUG karate.org.apache.http.headers - http-outgoing-15 >> env: it01
13:04:53.220 [main] DEBUG karate.org.apache.http.headers - http-outgoing-15 >> Authorization: Bearer eyJhbGciOiJSUzI1NiIsImtpZCI6ImNhZGZhMTYyLTU2YzEtNGRiOS1hNjNmLTYwZTM3NzIwMWJkZiIsInBpLmF0bSI6IjMifQ.eyJzY29wZSI6WyI0NzIwIl0sImF1dGhvcml6YXRpb25fZGV0YWlscyI6W10sImNsaWVudF9pZCI6IjUyZTgwYmZhLWI0MmMtNDdkNy05OGI1LThiYjg3YzkyNjIwOSIsImlzcyI6Imh0dHBzOi8vdGVhbXNzby1pdHMwNC50ZWx1cy5jb20iLCJhdWQiOiJrb25nIiwiaWF0IjoxNzIzMjIzMDg5LCJleHAiOjE3MjMyMjMzODl9.flESEmYyI_eCkBmzn54OkGfP2lAIxnyqs2XbjtABUAmEnkCOQe8uoiUdROg_nBCNsbluJLTMIyv2VQYcEFeVpzwJIN4AH00KC-3px8L7DRMcbbbRqgIOGamUVRjytKBt3cFR1XVCW32bLo_XlS6M0CPdsCtowSRRwenf6htGC3loiXiWZ8pxuYaJNnmQfuSN9rWpZNHc8y-eYDl0xm6EoEXQSfatP3EAxDBw6tgqlb5patcu_afyMqKiHha9IdISwDeMrqyfvgoAR4Sqhdy3Uxp_k_xzmM-XWElgzY0YfiUnRnIl01fsIz1UO7xaed3xVyVlwsYrq6nB9I57SYDk-A
13:04:53.220 [main] DEBUG karate.org.apache.http.headers - http-outgoing-15 >> Host: apigw-st.telus.com
13:04:53.220 [main] DEBUG karate.org.apache.http.headers - http-outgoing-15 >> Connection: Keep-Alive
13:04:53.220 [main] DEBUG karate.org.apache.http.headers - http-outgoing-15 >> User-Agent: Apache-HttpClient/4.5.13 (Java/20.0.2)
13:04:53.220 [main] DEBUG karate.org.apache.http.headers - http-outgoing-15 >> Accept-Encoding: gzip,deflate
13:04:53.220 [main] DEBUG karate.org.apache.http.wire - http-outgoing-15 >> "GET /customer/contactCenterOdsData/v1/account?businessUnit=RES&limit=1&brand=TELUS&lob=WIRELINE&status=ACTIVE HTTP/1.1[\r][\n]"
13:04:53.220 [main] DEBUG karate.org.apache.http.wire - http-outgoing-15 >> "Content-Type: application/json[\r][\n]"
13:04:53.220 [main] DEBUG karate.org.apache.http.wire - http-outgoing-15 >> "env: it01[\r][\n]"
13:04:53.220 [main] DEBUG karate.org.apache.http.wire - http-outgoing-15 >> "Authorization: Bearer eyJhbGciOiJSUzI1NiIsImtpZCI6ImNhZGZhMTYyLTU2YzEtNGRiOS1hNjNmLTYwZTM3NzIwMWJkZiIsInBpLmF0bSI6IjMifQ.eyJzY29wZSI6WyI0NzIwIl0sImF1dGhvcml6YXRpb25fZGV0YWlscyI6W10sImNsaWVudF9pZCI6IjUyZTgwYmZhLWI0MmMtNDdkNy05OGI1LThiYjg3YzkyNjIwOSIsImlzcyI6Imh0dHBzOi8vdGVhbXNzby1pdHMwNC50ZWx1cy5jb20iLCJhdWQiOiJrb25nIiwiaWF0IjoxNzIzMjIzMDg5LCJleHAiOjE3MjMyMjMzODl9.flESEmYyI_eCkBmzn54OkGfP2lAIxnyqs2XbjtABUAmEnkCOQe8uoiUdROg_nBCNsbluJLTMIyv2VQYcEFeVpzwJIN4AH00KC-3px8L7DRMcbbbRqgIOGamUVRjytKBt3cFR1XVCW32bLo_XlS6M0CPdsCtowSRRwenf6htGC3loiXiWZ8pxuYaJNnmQfuSN9rWpZNHc8y-eYDl0xm6EoEXQSfatP3EAxDBw6tgqlb5patcu_afyMqKiHha9IdISwDeMrqyfvgoAR4Sqhdy3Uxp_k_xzmM-XWElgzY0YfiUnRnIl01fsIz1UO7xaed3xVyVlwsYrq6nB9I57SYDk-A[\r][\n]"
13:04:53.220 [main] DEBUG karate.org.apache.http.wire - http-outgoing-15 >> "Host: apigw-st.telus.com[\r][\n]"
13:04:53.220 [main] DEBUG karate.org.apache.http.wire - http-outgoing-15 >> "Connection: Keep-Alive[\r][\n]"
13:04:53.220 [main] DEBUG karate.org.apache.http.wire - http-outgoing-15 >> "User-Agent: Apache-HttpClient/4.5.13 (Java/20.0.2)[\r][\n]"
13:04:53.220 [main] DEBUG karate.org.apache.http.wire - http-outgoing-15 >> "Accept-Encoding: gzip,deflate[\r][\n]"
13:04:53.220 [main] DEBUG karate.org.apache.http.wire - http-outgoing-15 >> "[\r][\n]"
13:04:53.279 [main] DEBUG karate.org.apache.http.wire - http-outgoing-15 << "HTTP/1.1 403 Forbidden[\r][\n]"
13:04:53.279 [main] DEBUG karate.org.apache.http.wire - http-outgoing-15 << "Content-Type: application/json; charset=utf-8[\r][\n]"
13:04:53.279 [main] DEBUG karate.org.apache.http.wire - http-outgoing-15 << "Content-Length: 23[\r][\n]"
13:04:53.279 [main] DEBUG karate.org.apache.http.wire - http-outgoing-15 << "Connection: keep-alive[\r][\n]"
13:04:53.279 [main] DEBUG karate.org.apache.http.wire - http-outgoing-15 << "Date: Fri, 09 Aug 2024 17:04:53 GMT[\r][\n]"
13:04:53.279 [main] DEBUG karate.org.apache.http.wire - http-outgoing-15 << "WWW-Authenticate: Bearer realm="telusidentity.apigateway.telus.com", error="insufficient_scope"[\r][\n]"
13:04:53.279 [main] DEBUG karate.org.apache.http.wire - http-outgoing-15 << "Kong-Request-ID: dca444e0-7183-43df-b091-a672316acf23#385467[\r][\n]"
13:04:53.279 [main] DEBUG karate.org.apache.http.wire - http-outgoing-15 << "vary: Origin[\r][\n]"
13:04:53.279 [main] DEBUG karate.org.apache.http.wire - http-outgoing-15 << "X-Kong-Response-Latency: 6[\r][\n]"
13:04:53.279 [main] DEBUG karate.org.apache.http.wire - http-outgoing-15 << "Server: kong/3.4.3.11-enterprise-edition[\r][\n]"
13:04:53.279 [main] DEBUG karate.org.apache.http.wire - http-outgoing-15 << "X-Kong-Request-Id: 671a38436117ec627bc67514c1dbf80f[\r][\n]"
13:04:53.279 [main] DEBUG karate.org.apache.http.wire - http-outgoing-15 << "vary: Origin[\r][\n]"
13:04:53.279 [main] DEBUG karate.org.apache.http.wire - http-outgoing-15 << "X-Kong-Upstream-Latency: 10[\r][\n]"
13:04:53.279 [main] DEBUG karate.org.apache.http.wire - http-outgoing-15 << "X-Kong-Proxy-Latency: 1[\r][\n]"
13:04:53.279 [main] DEBUG karate.org.apache.http.wire - http-outgoing-15 << "Via: kong/3.4.3.11-enterprise-edition[\r][\n]"
13:04:53.279 [main] DEBUG karate.org.apache.http.wire - http-outgoing-15 << "[\r][\n]"
13:04:53.279 [main] DEBUG karate.org.apache.http.wire - http-outgoing-15 << "{"message":"Forbidden"}"
13:04:53.279 [main] DEBUG karate.org.apache.http.headers - http-outgoing-15 << HTTP/1.1 403 Forbidden
13:04:53.279 [main] DEBUG karate.org.apache.http.headers - http-outgoing-15 << Content-Type: application/json; charset=utf-8
13:04:53.279 [main] DEBUG karate.org.apache.http.headers - http-outgoing-15 << Content-Length: 23
13:04:53.279 [main] DEBUG karate.org.apache.http.headers - http-outgoing-15 << Connection: keep-alive
13:04:53.279 [main] DEBUG karate.org.apache.http.headers - http-outgoing-15 << Date: Fri, 09 Aug 2024 17:04:53 GMT
13:04:53.279 [main] DEBUG karate.org.apache.http.headers - http-outgoing-15 << WWW-Authenticate: Bearer realm="telusidentity.apigateway.telus.com", error="insufficient_scope"
13:04:53.279 [main] DEBUG karate.org.apache.http.headers - http-outgoing-15 << Kong-Request-ID: dca444e0-7183-43df-b091-a672316acf23#385467
13:04:53.279 [main] DEBUG karate.org.apache.http.headers - http-outgoing-15 << vary: Origin
13:04:53.279 [main] DEBUG karate.org.apache.http.headers - http-outgoing-15 << X-Kong-Response-Latency: 6
13:04:53.279 [main] DEBUG karate.org.apache.http.headers - http-outgoing-15 << Server: kong/3.4.3.11-enterprise-edition
13:04:53.279 [main] DEBUG karate.org.apache.http.headers - http-outgoing-15 << X-Kong-Request-Id: 671a38436117ec627bc67514c1dbf80f
13:04:53.279 [main] DEBUG karate.org.apache.http.headers - http-outgoing-15 << vary: Origin
13:04:53.279 [main] DEBUG karate.org.apache.http.headers - http-outgoing-15 << X-Kong-Upstream-Latency: 10
13:04:53.279 [main] DEBUG karate.org.apache.http.headers - http-outgoing-15 << X-Kong-Proxy-Latency: 1
13:04:53.279 [main] DEBUG karate.org.apache.http.headers - http-outgoing-15 << Via: kong/3.4.3.11-enterprise-edition
13:04:53.279 [main] DEBUG karate.org.apache.http.impl.execchain.MainClientExec - Connection can be kept alive indefinitely
13:04:53.279 [main] DEBUG karate.org.apache.http.impl.conn.PoolingHttpClientConnectionManager - Connection [id: 15][route: {s}->https://apigw-st.telus.com:443] can be kept alive indefinitely
13:04:53.279 [main] DEBUG karate.org.apache.http.impl.conn.DefaultManagedHttpClientConnection - http-outgoing-15: set socket timeout to 0
13:04:53.280 [main] DEBUG karate.org.apache.http.impl.conn.PoolingHttpClientConnectionManager - Connection released: [id: 15][route: {s}->https://apigw-st.telus.com:443][total available: 1; route allocated: 1 of 5; total allocated: 1 of 10]
13:04:53.280 [main] DEBUG com.intuit.karate - response time in milliseconds: 158
1 < 403
1 < Content-Type: application/json; charset=utf-8
1 < Content-Length: 23
1 < Connection: keep-alive
1 < Date: Fri, 09 Aug 2024 17:04:53 GMT
1 < WWW-Authenticate: Bearer realm="telusidentity.apigateway.telus.com", error="insufficient_scope"
1 < Kong-Request-ID: dca444e0-7183-43df-b091-a672316acf23#385467
1 < vary: Origin
1 < vary: Origin
1 < X-Kong-Response-Latency: 6
1 < Server: kong/3.4.3.11-enterprise-edition
1 < X-Kong-Request-Id: 671a38436117ec627bc67514c1dbf80f
1 < X-Kong-Upstream-Latency: 10
1 < X-Kong-Proxy-Latency: 1
1 < Via: kong/3.4.3.11-enterprise-edition
{"message":"Forbidden"}
13:04:53.281 [main] INFO com.intuit.karate - [print] {
  "message": "Forbidden"
}
 
13:04:53.283 [main] DEBUG com.intuit.karate - write to file: target\testdata\output.json
13:04:53.284 [main] INFO com.intuit.karate - [print] {
  "message": "Forbidden"
}
 
13:04:53.284 [main] INFO com.intuit.karate - << lock released, cached callonce: read("../odsdata/getTestData_Consumer_Non_Prod.feature@getdata_resWLN_Active")
13:04:53.284 [main] DEBUG com.intuit.karate.core.ScenarioEngine - over-writing existing variable 'mockResponseWLN_BIZ_ACTIVE' with new value: callonce read("../odsdata/getTestData_Business_Non_Prod.feature@getdatabizWLN")
13:04:53.289 [main] INFO com.intuit.karate - >> lock acquired, begin callonce: read("../odsdata/getTestData_Business_Non_Prod.feature@getdatabizWLN")
13:04:53.290 [main] INFO com.intuit.karate.core.FeatureRuntime - classpath:feature/../odsdata/getTestData_Business_Non_Prod.feature - call by tag at line 45: getdatabizWLN
13:04:53.298 [main] INFO com.intuit.karate - [print]  
13:04:53.298 [main] INFO com.intuit.karate - [print]  
13:04:53.299 [main] INFO com.intuit.karate - [print]  
13:04:53.303 [main] DEBUG karate.org.apache.http.client.protocol.RequestAddCookies - CookieSpec selected: karate
13:04:53.303 [main] DEBUG karate.org.apache.http.client.protocol.RequestAuthCache - Auth cache not set in the context
13:04:53.304 [main] DEBUG com.intuit.karate - request:
1 > GET https://apigw-st.telus.com/customer/contactCenterOdsData/v1/account?businessUnit=BIZ&limit=1&brand=TELUS&lob=WIRELINE&status=ACTIVE
1 > Content-Type: application/json
1 > env: it01
1 > Authorization: Bearer eyJhbGciOiJSUzI1NiIsImtpZCI6ImNhZGZhMTYyLTU2YzEtNGRiOS1hNjNmLTYwZTM3NzIwMWJkZiIsInBpLmF0bSI6IjMifQ.eyJzY29wZSI6WyI0NzIwIl0sImF1dGhvcml6YXRpb25fZGV0YWlscyI6W10sImNsaWVudF9pZCI6IjUyZTgwYmZhLWI0MmMtNDdkNy05OGI1LThiYjg3YzkyNjIwOSIsImlzcyI6Imh0dHBzOi8vdGVhbXNzby1pdHMwNC50ZWx1cy5jb20iLCJhdWQiOiJrb25nIiwiaWF0IjoxNzIzMjIzMDg5LCJleHAiOjE3MjMyMjMzODl9.flESEmYyI_eCkBmzn54OkGfP2lAIxnyqs2XbjtABUAmEnkCOQe8uoiUdROg_nBCNsbluJLTMIyv2VQYcEFeVpzwJIN4AH00KC-3px8L7DRMcbbbRqgIOGamUVRjytKBt3cFR1XVCW32bLo_XlS6M0CPdsCtowSRRwenf6htGC3loiXiWZ8pxuYaJNnmQfuSN9rWpZNHc8y-eYDl0xm6EoEXQSfatP3EAxDBw6tgqlb5patcu_afyMqKiHha9IdISwDeMrqyfvgoAR4Sqhdy3Uxp_k_xzmM-XWElgzY0YfiUnRnIl01fsIz1UO7xaed3xVyVlwsYrq6nB9I57SYDk-A
1 > Host: apigw-st.telus.com
1 > Connection: Keep-Alive
1 > User-Agent: Apache-HttpClient/4.5.13 (Java/20.0.2)
1 > Accept-Encoding: gzip,deflate


13:04:53.304 [main] DEBUG karate.org.apache.http.impl.conn.PoolingHttpClientConnectionManager - Connection request: [route: {s}->https://apigw-st.telus.com:443][total available: 0; route allocated: 0 of 5; total allocated: 0 of 10]
13:04:53.304 [main] DEBUG karate.org.apache.http.impl.conn.PoolingHttpClientConnectionManager - Connection leased: [id: 16][route: {s}->https://apigw-st.telus.com:443][total available: 0; route allocated: 1 of 5; total allocated: 1 of 10]
13:04:53.304 [main] DEBUG karate.org.apache.http.impl.execchain.MainClientExec - Opening connection {s}->https://apigw-st.telus.com:443
13:04:53.304 [main] DEBUG karate.org.apache.http.impl.conn.DefaultHttpClientConnectionOperator - Connecting to apigw-st.telus.com/207.219.84.31:443
13:04:53.304 [main] DEBUG karate.org.apache.http.conn.ssl.LenientSslConnectionSocketFactory - Connecting socket to apigw-st.telus.com/207.219.84.31:443 with timeout 10000
13:04:53.343 [main] DEBUG karate.org.apache.http.conn.ssl.LenientSslConnectionSocketFactory - Enabled protocols: [TLSv1.3, TLSv1.2]
13:04:53.343 [main] DEBUG karate.org.apache.http.conn.ssl.LenientSslConnectionSocketFactory - Enabled cipher suites:[TLS_AES_256_GCM_SHA384, TLS_AES_128_GCM_SHA256, TLS_CHACHA20_POLY1305_SHA256, TLS_ECDHE_ECDSA_WITH_AES_256_GCM_SHA384, TLS_ECDHE_ECDSA_WITH_AES_128_GCM_SHA256, TLS_ECDHE_ECDSA_WITH_CHACHA20_POLY1305_SHA256, TLS_ECDHE_RSA_WITH_AES_256_GCM_SHA384, TLS_ECDHE_RSA_WITH_CHACHA20_POLY1305_SHA256, TLS_ECDHE_RSA_WITH_AES_128_GCM_SHA256, TLS_DHE_RSA_WITH_AES_256_GCM_SHA384, TLS_DHE_RSA_WITH_CHACHA20_POLY1305_SHA256, TLS_DHE_DSS_WITH_AES_256_GCM_SHA384, TLS_DHE_RSA_WITH_AES_128_GCM_SHA256, TLS_DHE_DSS_WITH_AES_128_GCM_SHA256, TLS_ECDHE_ECDSA_WITH_AES_256_CBC_SHA384, TLS_ECDHE_RSA_WITH_AES_256_CBC_SHA384, TLS_ECDHE_ECDSA_WITH_AES_128_CBC_SHA256, TLS_ECDHE_RSA_WITH_AES_128_CBC_SHA256, TLS_DHE_RSA_WITH_AES_256_CBC_SHA256, TLS_DHE_DSS_WITH_AES_256_CBC_SHA256, TLS_DHE_RSA_WITH_AES_128_CBC_SHA256, TLS_DHE_DSS_WITH_AES_128_CBC_SHA256, TLS_ECDHE_ECDSA_WITH_AES_256_CBC_SHA, TLS_ECDHE_RSA_WITH_AES_256_CBC_SHA, TLS_ECDHE_ECDSA_WITH_AES_128_CBC_SHA, TLS_ECDHE_RSA_WITH_AES_128_CBC_SHA, TLS_DHE_RSA_WITH_AES_256_CBC_SHA, TLS_DHE_DSS_WITH_AES_256_CBC_SHA, TLS_DHE_RSA_WITH_AES_128_CBC_SHA, TLS_DHE_DSS_WITH_AES_128_CBC_SHA, TLS_RSA_WITH_AES_256_GCM_SHA384, TLS_RSA_WITH_AES_128_GCM_SHA256, TLS_RSA_WITH_AES_256_CBC_SHA256, TLS_RSA_WITH_AES_128_CBC_SHA256, TLS_RSA_WITH_AES_256_CBC_SHA, TLS_RSA_WITH_AES_128_CBC_SHA, TLS_EMPTY_RENEGOTIATION_INFO_SCSV]
13:04:53.343 [main] DEBUG karate.org.apache.http.conn.ssl.LenientSslConnectionSocketFactory - Starting handshake
13:04:53.402 [main] DEBUG karate.org.apache.http.conn.ssl.LenientSslConnectionSocketFactory - Secure session established
13:04:53.402 [main] DEBUG karate.org.apache.http.conn.ssl.LenientSslConnectionSocketFactory -  negotiated protocol: TLSv1.3
13:04:53.402 [main] DEBUG karate.org.apache.http.conn.ssl.LenientSslConnectionSocketFactory -  negotiated cipher suite: TLS_AES_128_GCM_SHA256
13:04:53.402 [main] DEBUG karate.org.apache.http.conn.ssl.LenientSslConnectionSocketFactory -  peer principal: CN=apigw-soap-st.telus.com, O=TELUS Corp., L=Vancouver, ST=British Columbia, C=CA
13:04:53.402 [main] DEBUG karate.org.apache.http.conn.ssl.LenientSslConnectionSocketFactory -  peer alternative names: [apigw-soap-st.telus.com, apigw-st.telus.com, apigw-qidc-st.telus.com, apigw-kidc-st.telus.com, apigw-soap-qidc-st.telus.com, apigw-soap-kidc-st.telus.com]
13:04:53.402 [main] DEBUG karate.org.apache.http.conn.ssl.LenientSslConnectionSocketFactory -  issuer principal: CN=DigiCert Global G2 TLS RSA SHA256 2020 CA1, O=DigiCert Inc, C=US
13:04:53.402 [main] DEBUG karate.org.apache.http.impl.conn.DefaultHttpClientConnectionOperator - Connection established 192.168.1.65:54952<->207.219.84.31:443
13:04:53.403 [main] DEBUG karate.org.apache.http.impl.conn.DefaultManagedHttpClientConnection - http-outgoing-16: set socket timeout to 20000
13:04:53.403 [main] DEBUG karate.org.apache.http.impl.execchain.MainClientExec - Executing request GET /customer/contactCenterOdsData/v1/account?businessUnit=BIZ&limit=1&brand=TELUS&lob=WIRELINE&status=ACTIVE HTTP/1.1
13:04:53.403 [main] DEBUG karate.org.apache.http.impl.execchain.MainClientExec - Proxy auth state: UNCHALLENGED
13:04:53.403 [main] DEBUG karate.org.apache.http.headers - http-outgoing-16 >> GET /customer/contactCenterOdsData/v1/account?businessUnit=BIZ&limit=1&brand=TELUS&lob=WIRELINE&status=ACTIVE HTTP/1.1
13:04:53.403 [main] DEBUG karate.org.apache.http.headers - http-outgoing-16 >> Content-Type: application/json
13:04:53.403 [main] DEBUG karate.org.apache.http.headers - http-outgoing-16 >> env: it01
13:04:53.403 [main] DEBUG karate.org.apache.http.headers - http-outgoing-16 >> Authorization: Bearer eyJhbGciOiJSUzI1NiIsImtpZCI6ImNhZGZhMTYyLTU2YzEtNGRiOS1hNjNmLTYwZTM3NzIwMWJkZiIsInBpLmF0bSI6IjMifQ.eyJzY29wZSI6WyI0NzIwIl0sImF1dGhvcml6YXRpb25fZGV0YWlscyI6W10sImNsaWVudF9pZCI6IjUyZTgwYmZhLWI0MmMtNDdkNy05OGI1LThiYjg3YzkyNjIwOSIsImlzcyI6Imh0dHBzOi8vdGVhbXNzby1pdHMwNC50ZWx1cy5jb20iLCJhdWQiOiJrb25nIiwiaWF0IjoxNzIzMjIzMDg5LCJleHAiOjE3MjMyMjMzODl9.flESEmYyI_eCkBmzn54OkGfP2lAIxnyqs2XbjtABUAmEnkCOQe8uoiUdROg_nBCNsbluJLTMIyv2VQYcEFeVpzwJIN4AH00KC-3px8L7DRMcbbbRqgIOGamUVRjytKBt3cFR1XVCW32bLo_XlS6M0CPdsCtowSRRwenf6htGC3loiXiWZ8pxuYaJNnmQfuSN9rWpZNHc8y-eYDl0xm6EoEXQSfatP3EAxDBw6tgqlb5patcu_afyMqKiHha9IdISwDeMrqyfvgoAR4Sqhdy3Uxp_k_xzmM-XWElgzY0YfiUnRnIl01fsIz1UO7xaed3xVyVlwsYrq6nB9I57SYDk-A
13:04:53.403 [main] DEBUG karate.org.apache.http.headers - http-outgoing-16 >> Host: apigw-st.telus.com
13:04:53.403 [main] DEBUG karate.org.apache.http.headers - http-outgoing-16 >> Connection: Keep-Alive
13:04:53.403 [main] DEBUG karate.org.apache.http.headers - http-outgoing-16 >> User-Agent: Apache-HttpClient/4.5.13 (Java/20.0.2)
13:04:53.403 [main] DEBUG karate.org.apache.http.headers - http-outgoing-16 >> Accept-Encoding: gzip,deflate
13:04:53.403 [main] DEBUG karate.org.apache.http.wire - http-outgoing-16 >> "GET /customer/contactCenterOdsData/v1/account?businessUnit=BIZ&limit=1&brand=TELUS&lob=WIRELINE&status=ACTIVE HTTP/1.1[\r][\n]"
13:04:53.403 [main] DEBUG karate.org.apache.http.wire - http-outgoing-16 >> "Content-Type: application/json[\r][\n]"
13:04:53.403 [main] DEBUG karate.org.apache.http.wire - http-outgoing-16 >> "env: it01[\r][\n]"
13:04:53.403 [main] DEBUG karate.org.apache.http.wire - http-outgoing-16 >> "Authorization: Bearer eyJhbGciOiJSUzI1NiIsImtpZCI6ImNhZGZhMTYyLTU2YzEtNGRiOS1hNjNmLTYwZTM3NzIwMWJkZiIsInBpLmF0bSI6IjMifQ.eyJzY29wZSI6WyI0NzIwIl0sImF1dGhvcml6YXRpb25fZGV0YWlscyI6W10sImNsaWVudF9pZCI6IjUyZTgwYmZhLWI0MmMtNDdkNy05OGI1LThiYjg3YzkyNjIwOSIsImlzcyI6Imh0dHBzOi8vdGVhbXNzby1pdHMwNC50ZWx1cy5jb20iLCJhdWQiOiJrb25nIiwiaWF0IjoxNzIzMjIzMDg5LCJleHAiOjE3MjMyMjMzODl9.flESEmYyI_eCkBmzn54OkGfP2lAIxnyqs2XbjtABUAmEnkCOQe8uoiUdROg_nBCNsbluJLTMIyv2VQYcEFeVpzwJIN4AH00KC-3px8L7DRMcbbbRqgIOGamUVRjytKBt3cFR1XVCW32bLo_XlS6M0CPdsCtowSRRwenf6htGC3loiXiWZ8pxuYaJNnmQfuSN9rWpZNHc8y-eYDl0xm6EoEXQSfatP3EAxDBw6tgqlb5patcu_afyMqKiHha9IdISwDeMrqyfvgoAR4Sqhdy3Uxp_k_xzmM-XWElgzY0YfiUnRnIl01fsIz1UO7xaed3xVyVlwsYrq6nB9I57SYDk-A[\r][\n]"
13:04:53.403 [main] DEBUG karate.org.apache.http.wire - http-outgoing-16 >> "Host: apigw-st.telus.com[\r][\n]"
13:04:53.403 [main] DEBUG karate.org.apache.http.wire - http-outgoing-16 >> "Connection: Keep-Alive[\r][\n]"
13:04:53.403 [main] DEBUG karate.org.apache.http.wire - http-outgoing-16 >> "User-Agent: Apache-HttpClient/4.5.13 (Java/20.0.2)[\r][\n]"
13:04:53.403 [main] DEBUG karate.org.apache.http.wire - http-outgoing-16 >> "Accept-Encoding: gzip,deflate[\r][\n]"
13:04:53.403 [main] DEBUG karate.org.apache.http.wire - http-outgoing-16 >> "[\r][\n]"
13:04:53.448 [main] DEBUG karate.org.apache.http.wire - http-outgoing-16 << "HTTP/1.1 403 Forbidden[\r][\n]"
13:04:53.448 [main] DEBUG karate.org.apache.http.wire - http-outgoing-16 << "Content-Type: application/json; charset=utf-8[\r][\n]"
13:04:53.448 [main] DEBUG karate.org.apache.http.wire - http-outgoing-16 << "Content-Length: 23[\r][\n]"
13:04:53.448 [main] DEBUG karate.org.apache.http.wire - http-outgoing-16 << "Connection: keep-alive[\r][\n]"
13:04:53.448 [main] DEBUG karate.org.apache.http.wire - http-outgoing-16 << "Date: Fri, 09 Aug 2024 17:04:54 GMT[\r][\n]"
13:04:53.448 [main] DEBUG karate.org.apache.http.wire - http-outgoing-16 << "WWW-Authenticate: Bearer realm="telusidentity.apigateway.telus.com", error="insufficient_scope"[\r][\n]"
13:04:53.448 [main] DEBUG karate.org.apache.http.wire - http-outgoing-16 << "Kong-Request-ID: 7720e76f-0cb0-4bcc-bf36-7e2baae01826#372523[\r][\n]"
13:04:53.448 [main] DEBUG karate.org.apache.http.wire - http-outgoing-16 << "vary: Origin[\r][\n]"
13:04:53.448 [main] DEBUG karate.org.apache.http.wire - http-outgoing-16 << "X-Kong-Response-Latency: 4[\r][\n]"
13:04:53.448 [main] DEBUG karate.org.apache.http.wire - http-outgoing-16 << "Server: kong/3.4.3.11-enterprise-edition[\r][\n]"
13:04:53.448 [main] DEBUG karate.org.apache.http.wire - http-outgoing-16 << "X-Kong-Request-Id: 4bb0774618ef521b7b2e0767a7eab134[\r][\n]"
13:04:53.448 [main] DEBUG karate.org.apache.http.wire - http-outgoing-16 << "vary: Origin[\r][\n]"
13:04:53.448 [main] DEBUG karate.org.apache.http.wire - http-outgoing-16 << "X-Kong-Upstream-Latency: 8[\r][\n]"
13:04:53.448 [main] DEBUG karate.org.apache.http.wire - http-outgoing-16 << "X-Kong-Proxy-Latency: 2[\r][\n]"
13:04:53.448 [main] DEBUG karate.org.apache.http.wire - http-outgoing-16 << "Via: kong/3.4.3.11-enterprise-edition[\r][\n]"
13:04:53.448 [main] DEBUG karate.org.apache.http.wire - http-outgoing-16 << "[\r][\n]"
13:04:53.448 [main] DEBUG karate.org.apache.http.wire - http-outgoing-16 << "{"message":"Forbidden"}"
13:04:53.449 [main] DEBUG karate.org.apache.http.headers - http-outgoing-16 << HTTP/1.1 403 Forbidden
13:04:53.449 [main] DEBUG karate.org.apache.http.headers - http-outgoing-16 << Content-Type: application/json; charset=utf-8
13:04:53.449 [main] DEBUG karate.org.apache.http.headers - http-outgoing-16 << Content-Length: 23
13:04:53.449 [main] DEBUG karate.org.apache.http.headers - http-outgoing-16 << Connection: keep-alive
13:04:53.449 [main] DEBUG karate.org.apache.http.headers - http-outgoing-16 << Date: Fri, 09 Aug 2024 17:04:54 GMT
13:04:53.449 [main] DEBUG karate.org.apache.http.headers - http-outgoing-16 << WWW-Authenticate: Bearer realm="telusidentity.apigateway.telus.com", error="insufficient_scope"
13:04:53.449 [main] DEBUG karate.org.apache.http.headers - http-outgoing-16 << Kong-Request-ID: 7720e76f-0cb0-4bcc-bf36-7e2baae01826#372523
13:04:53.449 [main] DEBUG karate.org.apache.http.headers - http-outgoing-16 << vary: Origin
13:04:53.449 [main] DEBUG karate.org.apache.http.headers - http-outgoing-16 << X-Kong-Response-Latency: 4
13:04:53.449 [main] DEBUG karate.org.apache.http.headers - http-outgoing-16 << Server: kong/3.4.3.11-enterprise-edition
13:04:53.449 [main] DEBUG karate.org.apache.http.headers - http-outgoing-16 << X-Kong-Request-Id: 4bb0774618ef521b7b2e0767a7eab134
13:04:53.449 [main] DEBUG karate.org.apache.http.headers - http-outgoing-16 << vary: Origin
13:04:53.449 [main] DEBUG karate.org.apache.http.headers - http-outgoing-16 << X-Kong-Upstream-Latency: 8
13:04:53.449 [main] DEBUG karate.org.apache.http.headers - http-outgoing-16 << X-Kong-Proxy-Latency: 2
13:04:53.449 [main] DEBUG karate.org.apache.http.headers - http-outgoing-16 << Via: kong/3.4.3.11-enterprise-edition
13:04:53.449 [main] DEBUG karate.org.apache.http.impl.execchain.MainClientExec - Connection can be kept alive indefinitely
13:04:53.449 [main] DEBUG karate.org.apache.http.impl.conn.PoolingHttpClientConnectionManager - Connection [id: 16][route: {s}->https://apigw-st.telus.com:443] can be kept alive indefinitely
13:04:53.449 [main] DEBUG karate.org.apache.http.impl.conn.DefaultManagedHttpClientConnection - http-outgoing-16: set socket timeout to 0
13:04:53.449 [main] DEBUG karate.org.apache.http.impl.conn.PoolingHttpClientConnectionManager - Connection released: [id: 16][route: {s}->https://apigw-st.telus.com:443][total available: 1; route allocated: 1 of 5; total allocated: 1 of 10]
13:04:53.449 [main] DEBUG com.intuit.karate - response time in milliseconds: 145
1 < 403
1 < Content-Type: application/json; charset=utf-8
1 < Content-Length: 23
1 < Connection: keep-alive
1 < Date: Fri, 09 Aug 2024 17:04:54 GMT
1 < WWW-Authenticate: Bearer realm="telusidentity.apigateway.telus.com", error="insufficient_scope"
1 < Kong-Request-ID: 7720e76f-0cb0-4bcc-bf36-7e2baae01826#372523
1 < vary: Origin
1 < vary: Origin
1 < X-Kong-Response-Latency: 4
1 < Server: kong/3.4.3.11-enterprise-edition
1 < X-Kong-Request-Id: 4bb0774618ef521b7b2e0767a7eab134
1 < X-Kong-Upstream-Latency: 8
1 < X-Kong-Proxy-Latency: 2
1 < Via: kong/3.4.3.11-enterprise-edition
{"message":"Forbidden"}
13:04:53.450 [main] INFO com.intuit.karate - [print] {
  "message": "Forbidden"
}
 
13:04:53.453 [main] DEBUG com.intuit.karate - write to file: target\testdata\output.json
13:04:53.454 [main] INFO com.intuit.karate - [print] {
  "message": "Forbidden"
}
 
13:04:53.455 [main] INFO com.intuit.karate - << lock released, cached callonce: read("../odsdata/getTestData_Business_Non_Prod.feature@getdatabizWLN")
13:04:53.455 [main] DEBUG com.intuit.karate.core.ScenarioEngine - over-writing existing variable 'mockResponseWLS_BIZ_ACTIVE' with new value: callonce read("../odsdata/getTestData_Business_Non_Prod.feature@getdatabizWLS")
13:04:53.459 [main] INFO com.intuit.karate - >> lock acquired, begin callonce: read("../odsdata/getTestData_Business_Non_Prod.feature@getdatabizWLS")
13:04:53.459 [main] INFO com.intuit.karate.core.FeatureRuntime - classpath:feature/../odsdata/getTestData_Business_Non_Prod.feature - call by tag at line 17: getdatabizWLS
13:04:53.465 [main] INFO com.intuit.karate - [print]  
13:04:53.466 [main] INFO com.intuit.karate - [print]  
13:04:53.466 [main] INFO com.intuit.karate - [print] {
  "responseHeaders": {
    "Content-Type": [
      "application/json; charset=utf-8"
    ],
    "Content-Length": [
      "23"
    ],
    "Connection": [
      "keep-alive"
    ],
    "Date": [
      "Fri, 09 Aug 2024 17:04:54 GMT"
    ],
    "WWW-Authenticate": [
      "Bearer realm=\"telusidentity.apigateway.telus.com\", error=\"insufficient_scope\""
    ],
    "Kong-Request-ID": [
      "7720e76f-0cb0-4bcc-bf36-7e2baae01826#372523"
    ],
    "vary": [
      "Origin",
      "Origin"
    ],
    "X-Kong-Response-Latency": [
      "4"
    ],
    "Server": [
      "kong/3.4.3.11-enterprise-edition"
    ],
    "X-Kong-Request-Id": [
      "4bb0774618ef521b7b2e0767a7eab134"
    ],
    "X-Kong-Upstream-Latency": [
      "8"
    ],
    "X-Kong-Proxy-Latency": [
      "2"
    ],
    "Via": [
      "kong/3.4.3.11-enterprise-edition"
    ]
  },
  "responseStatus": 403,
  "response": {
    "message": "Forbidden"
  },
  "mockResponseWLN_BIZ_ACTIVE": "#ref:java.util.LinkedHashMap"
}
 
13:04:53.468 [main] DEBUG karate.org.apache.http.client.protocol.RequestAddCookies - CookieSpec selected: karate
13:04:53.469 [main] DEBUG karate.org.apache.http.client.protocol.RequestAuthCache - Auth cache not set in the context
13:04:53.469 [main] DEBUG com.intuit.karate - request:
1 > GET https://apigw-st.telus.com/customer/contactCenterOdsData/v1/account?businessUnit=BIZ&limit=1&brand=TELUS&lob=WIRELESS&status=ACTIVE
1 > Content-Type: application/json
1 > env: it01
1 > Authorization: Bearer eyJhbGciOiJSUzI1NiIsImtpZCI6ImNhZGZhMTYyLTU2YzEtNGRiOS1hNjNmLTYwZTM3NzIwMWJkZiIsInBpLmF0bSI6IjMifQ.eyJzY29wZSI6WyI0NzIwIl0sImF1dGhvcml6YXRpb25fZGV0YWlscyI6W10sImNsaWVudF9pZCI6IjUyZTgwYmZhLWI0MmMtNDdkNy05OGI1LThiYjg3YzkyNjIwOSIsImlzcyI6Imh0dHBzOi8vdGVhbXNzby1pdHMwNC50ZWx1cy5jb20iLCJhdWQiOiJrb25nIiwiaWF0IjoxNzIzMjIzMDg5LCJleHAiOjE3MjMyMjMzODl9.flESEmYyI_eCkBmzn54OkGfP2lAIxnyqs2XbjtABUAmEnkCOQe8uoiUdROg_nBCNsbluJLTMIyv2VQYcEFeVpzwJIN4AH00KC-3px8L7DRMcbbbRqgIOGamUVRjytKBt3cFR1XVCW32bLo_XlS6M0CPdsCtowSRRwenf6htGC3loiXiWZ8pxuYaJNnmQfuSN9rWpZNHc8y-eYDl0xm6EoEXQSfatP3EAxDBw6tgqlb5patcu_afyMqKiHha9IdISwDeMrqyfvgoAR4Sqhdy3Uxp_k_xzmM-XWElgzY0YfiUnRnIl01fsIz1UO7xaed3xVyVlwsYrq6nB9I57SYDk-A
1 > Host: apigw-st.telus.com
1 > Connection: Keep-Alive
1 > User-Agent: Apache-HttpClient/4.5.13 (Java/20.0.2)
1 > Accept-Encoding: gzip,deflate


13:04:53.469 [main] DEBUG karate.org.apache.http.impl.conn.PoolingHttpClientConnectionManager - Connection request: [route: {s}->https://apigw-st.telus.com:443][total available: 0; route allocated: 0 of 5; total allocated: 0 of 10]
13:04:53.469 [main] DEBUG karate.org.apache.http.impl.conn.PoolingHttpClientConnectionManager - Connection leased: [id: 17][route: {s}->https://apigw-st.telus.com:443][total available: 0; route allocated: 1 of 5; total allocated: 1 of 10]
13:04:53.469 [main] DEBUG karate.org.apache.http.impl.execchain.MainClientExec - Opening connection {s}->https://apigw-st.telus.com:443
13:04:53.470 [main] DEBUG karate.org.apache.http.impl.conn.DefaultHttpClientConnectionOperator - Connecting to apigw-st.telus.com/207.219.84.31:443
13:04:53.470 [main] DEBUG karate.org.apache.http.conn.ssl.LenientSslConnectionSocketFactory - Connecting socket to apigw-st.telus.com/207.219.84.31:443 with timeout 10000
13:04:53.508 [main] DEBUG karate.org.apache.http.conn.ssl.LenientSslConnectionSocketFactory - Enabled protocols: [TLSv1.3, TLSv1.2]
13:04:53.509 [main] DEBUG karate.org.apache.http.conn.ssl.LenientSslConnectionSocketFactory - Enabled cipher suites:[TLS_AES_256_GCM_SHA384, TLS_AES_128_GCM_SHA256, TLS_CHACHA20_POLY1305_SHA256, TLS_ECDHE_ECDSA_WITH_AES_256_GCM_SHA384, TLS_ECDHE_ECDSA_WITH_AES_128_GCM_SHA256, TLS_ECDHE_ECDSA_WITH_CHACHA20_POLY1305_SHA256, TLS_ECDHE_RSA_WITH_AES_256_GCM_SHA384, TLS_ECDHE_RSA_WITH_CHACHA20_POLY1305_SHA256, TLS_ECDHE_RSA_WITH_AES_128_GCM_SHA256, TLS_DHE_RSA_WITH_AES_256_GCM_SHA384, TLS_DHE_RSA_WITH_CHACHA20_POLY1305_SHA256, TLS_DHE_DSS_WITH_AES_256_GCM_SHA384, TLS_DHE_RSA_WITH_AES_128_GCM_SHA256, TLS_DHE_DSS_WITH_AES_128_GCM_SHA256, TLS_ECDHE_ECDSA_WITH_AES_256_CBC_SHA384, TLS_ECDHE_RSA_WITH_AES_256_CBC_SHA384, TLS_ECDHE_ECDSA_WITH_AES_128_CBC_SHA256, TLS_ECDHE_RSA_WITH_AES_128_CBC_SHA256, TLS_DHE_RSA_WITH_AES_256_CBC_SHA256, TLS_DHE_DSS_WITH_AES_256_CBC_SHA256, TLS_DHE_RSA_WITH_AES_128_CBC_SHA256, TLS_DHE_DSS_WITH_AES_128_CBC_SHA256, TLS_ECDHE_ECDSA_WITH_AES_256_CBC_SHA, TLS_ECDHE_RSA_WITH_AES_256_CBC_SHA, TLS_ECDHE_ECDSA_WITH_AES_128_CBC_SHA, TLS_ECDHE_RSA_WITH_AES_128_CBC_SHA, TLS_DHE_RSA_WITH_AES_256_CBC_SHA, TLS_DHE_DSS_WITH_AES_256_CBC_SHA, TLS_DHE_RSA_WITH_AES_128_CBC_SHA, TLS_DHE_DSS_WITH_AES_128_CBC_SHA, TLS_RSA_WITH_AES_256_GCM_SHA384, TLS_RSA_WITH_AES_128_GCM_SHA256, TLS_RSA_WITH_AES_256_CBC_SHA256, TLS_RSA_WITH_AES_128_CBC_SHA256, TLS_RSA_WITH_AES_256_CBC_SHA, TLS_RSA_WITH_AES_128_CBC_SHA, TLS_EMPTY_RENEGOTIATION_INFO_SCSV]
13:04:53.509 [main] DEBUG karate.org.apache.http.conn.ssl.LenientSslConnectionSocketFactory - Starting handshake
13:04:53.565 [main] DEBUG karate.org.apache.http.conn.ssl.LenientSslConnectionSocketFactory - Secure session established
13:04:53.565 [main] DEBUG karate.org.apache.http.conn.ssl.LenientSslConnectionSocketFactory -  negotiated protocol: TLSv1.3
13:04:53.565 [main] DEBUG karate.org.apache.http.conn.ssl.LenientSslConnectionSocketFactory -  negotiated cipher suite: TLS_AES_128_GCM_SHA256
13:04:53.565 [main] DEBUG karate.org.apache.http.conn.ssl.LenientSslConnectionSocketFactory -  peer principal: CN=apigw-soap-st.telus.com, O=TELUS Corp., L=Vancouver, ST=British Columbia, C=CA
13:04:53.565 [main] DEBUG karate.org.apache.http.conn.ssl.LenientSslConnectionSocketFactory -  peer alternative names: [apigw-soap-st.telus.com, apigw-st.telus.com, apigw-qidc-st.telus.com, apigw-kidc-st.telus.com, apigw-soap-qidc-st.telus.com, apigw-soap-kidc-st.telus.com]
13:04:53.565 [main] DEBUG karate.org.apache.http.conn.ssl.LenientSslConnectionSocketFactory -  issuer principal: CN=DigiCert Global G2 TLS RSA SHA256 2020 CA1, O=DigiCert Inc, C=US
13:04:53.566 [main] DEBUG karate.org.apache.http.impl.conn.DefaultHttpClientConnectionOperator - Connection established 192.168.1.65:54953<->207.219.84.31:443
13:04:53.566 [main] DEBUG karate.org.apache.http.impl.conn.DefaultManagedHttpClientConnection - http-outgoing-17: set socket timeout to 20000
13:04:53.566 [main] DEBUG karate.org.apache.http.impl.execchain.MainClientExec - Executing request GET /customer/contactCenterOdsData/v1/account?businessUnit=BIZ&limit=1&brand=TELUS&lob=WIRELESS&status=ACTIVE HTTP/1.1
13:04:53.566 [main] DEBUG karate.org.apache.http.impl.execchain.MainClientExec - Proxy auth state: UNCHALLENGED
13:04:53.566 [main] DEBUG karate.org.apache.http.headers - http-outgoing-17 >> GET /customer/contactCenterOdsData/v1/account?businessUnit=BIZ&limit=1&brand=TELUS&lob=WIRELESS&status=ACTIVE HTTP/1.1
13:04:53.566 [main] DEBUG karate.org.apache.http.headers - http-outgoing-17 >> Content-Type: application/json
13:04:53.566 [main] DEBUG karate.org.apache.http.headers - http-outgoing-17 >> env: it01
13:04:53.566 [main] DEBUG karate.org.apache.http.headers - http-outgoing-17 >> Authorization: Bearer eyJhbGciOiJSUzI1NiIsImtpZCI6ImNhZGZhMTYyLTU2YzEtNGRiOS1hNjNmLTYwZTM3NzIwMWJkZiIsInBpLmF0bSI6IjMifQ.eyJzY29wZSI6WyI0NzIwIl0sImF1dGhvcml6YXRpb25fZGV0YWlscyI6W10sImNsaWVudF9pZCI6IjUyZTgwYmZhLWI0MmMtNDdkNy05OGI1LThiYjg3YzkyNjIwOSIsImlzcyI6Imh0dHBzOi8vdGVhbXNzby1pdHMwNC50ZWx1cy5jb20iLCJhdWQiOiJrb25nIiwiaWF0IjoxNzIzMjIzMDg5LCJleHAiOjE3MjMyMjMzODl9.flESEmYyI_eCkBmzn54OkGfP2lAIxnyqs2XbjtABUAmEnkCOQe8uoiUdROg_nBCNsbluJLTMIyv2VQYcEFeVpzwJIN4AH00KC-3px8L7DRMcbbbRqgIOGamUVRjytKBt3cFR1XVCW32bLo_XlS6M0CPdsCtowSRRwenf6htGC3loiXiWZ8pxuYaJNnmQfuSN9rWpZNHc8y-eYDl0xm6EoEXQSfatP3EAxDBw6tgqlb5patcu_afyMqKiHha9IdISwDeMrqyfvgoAR4Sqhdy3Uxp_k_xzmM-XWElgzY0YfiUnRnIl01fsIz1UO7xaed3xVyVlwsYrq6nB9I57SYDk-A
13:04:53.566 [main] DEBUG karate.org.apache.http.headers - http-outgoing-17 >> Host: apigw-st.telus.com
13:04:53.566 [main] DEBUG karate.org.apache.http.headers - http-outgoing-17 >> Connection: Keep-Alive
13:04:53.566 [main] DEBUG karate.org.apache.http.headers - http-outgoing-17 >> User-Agent: Apache-HttpClient/4.5.13 (Java/20.0.2)
13:04:53.566 [main] DEBUG karate.org.apache.http.headers - http-outgoing-17 >> Accept-Encoding: gzip,deflate
13:04:53.566 [main] DEBUG karate.org.apache.http.wire - http-outgoing-17 >> "GET /customer/contactCenterOdsData/v1/account?businessUnit=BIZ&limit=1&brand=TELUS&lob=WIRELESS&status=ACTIVE HTTP/1.1[\r][\n]"
13:04:53.566 [main] DEBUG karate.org.apache.http.wire - http-outgoing-17 >> "Content-Type: application/json[\r][\n]"
13:04:53.566 [main] DEBUG karate.org.apache.http.wire - http-outgoing-17 >> "env: it01[\r][\n]"
13:04:53.566 [main] DEBUG karate.org.apache.http.wire - http-outgoing-17 >> "Authorization: Bearer eyJhbGciOiJSUzI1NiIsImtpZCI6ImNhZGZhMTYyLTU2YzEtNGRiOS1hNjNmLTYwZTM3NzIwMWJkZiIsInBpLmF0bSI6IjMifQ.eyJzY29wZSI6WyI0NzIwIl0sImF1dGhvcml6YXRpb25fZGV0YWlscyI6W10sImNsaWVudF9pZCI6IjUyZTgwYmZhLWI0MmMtNDdkNy05OGI1LThiYjg3YzkyNjIwOSIsImlzcyI6Imh0dHBzOi8vdGVhbXNzby1pdHMwNC50ZWx1cy5jb20iLCJhdWQiOiJrb25nIiwiaWF0IjoxNzIzMjIzMDg5LCJleHAiOjE3MjMyMjMzODl9.flESEmYyI_eCkBmzn54OkGfP2lAIxnyqs2XbjtABUAmEnkCOQe8uoiUdROg_nBCNsbluJLTMIyv2VQYcEFeVpzwJIN4AH00KC-3px8L7DRMcbbbRqgIOGamUVRjytKBt3cFR1XVCW32bLo_XlS6M0CPdsCtowSRRwenf6htGC3loiXiWZ8pxuYaJNnmQfuSN9rWpZNHc8y-eYDl0xm6EoEXQSfatP3EAxDBw6tgqlb5patcu_afyMqKiHha9IdISwDeMrqyfvgoAR4Sqhdy3Uxp_k_xzmM-XWElgzY0YfiUnRnIl01fsIz1UO7xaed3xVyVlwsYrq6nB9I57SYDk-A[\r][\n]"
13:04:53.566 [main] DEBUG karate.org.apache.http.wire - http-outgoing-17 >> "Host: apigw-st.telus.com[\r][\n]"
13:04:53.566 [main] DEBUG karate.org.apache.http.wire - http-outgoing-17 >> "Connection: Keep-Alive[\r][\n]"
13:04:53.566 [main] DEBUG karate.org.apache.http.wire - http-outgoing-17 >> "User-Agent: Apache-HttpClient/4.5.13 (Java/20.0.2)[\r][\n]"
13:04:53.566 [main] DEBUG karate.org.apache.http.wire - http-outgoing-17 >> "Accept-Encoding: gzip,deflate[\r][\n]"
13:04:53.566 [main] DEBUG karate.org.apache.http.wire - http-outgoing-17 >> "[\r][\n]"
13:04:53.619 [main] DEBUG karate.org.apache.http.wire - http-outgoing-17 << "HTTP/1.1 403 Forbidden[\r][\n]"
13:04:53.619 [main] DEBUG karate.org.apache.http.wire - http-outgoing-17 << "Content-Type: application/json; charset=utf-8[\r][\n]"
13:04:53.619 [main] DEBUG karate.org.apache.http.wire - http-outgoing-17 << "Content-Length: 23[\r][\n]"
13:04:53.619 [main] DEBUG karate.org.apache.http.wire - http-outgoing-17 << "Connection: keep-alive[\r][\n]"
13:04:53.619 [main] DEBUG karate.org.apache.http.wire - http-outgoing-17 << "Date: Fri, 09 Aug 2024 17:04:54 GMT[\r][\n]"
13:04:53.619 [main] DEBUG karate.org.apache.http.wire - http-outgoing-17 << "WWW-Authenticate: Bearer realm="telusidentity.apigateway.telus.com", error="insufficient_scope"[\r][\n]"
13:04:53.619 [main] DEBUG karate.org.apache.http.wire - http-outgoing-17 << "Kong-Request-ID: 813137a7-c89b-4b1b-ab8b-01bbb50fe511#396397[\r][\n]"
13:04:53.619 [main] DEBUG karate.org.apache.http.wire - http-outgoing-17 << "vary: Origin[\r][\n]"
13:04:53.619 [main] DEBUG karate.org.apache.http.wire - http-outgoing-17 << "X-Kong-Response-Latency: 6[\r][\n]"
13:04:53.619 [main] DEBUG karate.org.apache.http.wire - http-outgoing-17 << "Server: kong/3.4.3.11-enterprise-edition[\r][\n]"
13:04:53.619 [main] DEBUG karate.org.apache.http.wire - http-outgoing-17 << "X-Kong-Request-Id: b699024ae233d26836714d222f237b7c[\r][\n]"
13:04:53.619 [main] DEBUG karate.org.apache.http.wire - http-outgoing-17 << "vary: Origin[\r][\n]"
13:04:53.619 [main] DEBUG karate.org.apache.http.wire - http-outgoing-17 << "X-Kong-Upstream-Latency: 10[\r][\n]"
13:04:53.619 [main] DEBUG karate.org.apache.http.wire - http-outgoing-17 << "X-Kong-Proxy-Latency: 2[\r][\n]"
13:04:53.619 [main] DEBUG karate.org.apache.http.wire - http-outgoing-17 << "Via: kong/3.4.3.11-enterprise-edition[\r][\n]"
13:04:53.619 [main] DEBUG karate.org.apache.http.wire - http-outgoing-17 << "[\r][\n]"
13:04:53.620 [main] DEBUG karate.org.apache.http.wire - http-outgoing-17 << "{"message":"Forbidden"}"
13:04:53.620 [main] DEBUG karate.org.apache.http.headers - http-outgoing-17 << HTTP/1.1 403 Forbidden
13:04:53.620 [main] DEBUG karate.org.apache.http.headers - http-outgoing-17 << Content-Type: application/json; charset=utf-8
13:04:53.620 [main] DEBUG karate.org.apache.http.headers - http-outgoing-17 << Content-Length: 23
13:04:53.620 [main] DEBUG karate.org.apache.http.headers - http-outgoing-17 << Connection: keep-alive
13:04:53.620 [main] DEBUG karate.org.apache.http.headers - http-outgoing-17 << Date: Fri, 09 Aug 2024 17:04:54 GMT
13:04:53.620 [main] DEBUG karate.org.apache.http.headers - http-outgoing-17 << WWW-Authenticate: Bearer realm="telusidentity.apigateway.telus.com", error="insufficient_scope"
13:04:53.620 [main] DEBUG karate.org.apache.http.headers - http-outgoing-17 << Kong-Request-ID: 813137a7-c89b-4b1b-ab8b-01bbb50fe511#396397
13:04:53.620 [main] DEBUG karate.org.apache.http.headers - http-outgoing-17 << vary: Origin
13:04:53.620 [main] DEBUG karate.org.apache.http.headers - http-outgoing-17 << X-Kong-Response-Latency: 6
13:04:53.620 [main] DEBUG karate.org.apache.http.headers - http-outgoing-17 << Server: kong/3.4.3.11-enterprise-edition
13:04:53.620 [main] DEBUG karate.org.apache.http.headers - http-outgoing-17 << X-Kong-Request-Id: b699024ae233d26836714d222f237b7c
13:04:53.620 [main] DEBUG karate.org.apache.http.headers - http-outgoing-17 << vary: Origin
13:04:53.620 [main] DEBUG karate.org.apache.http.headers - http-outgoing-17 << X-Kong-Upstream-Latency: 10
13:04:53.620 [main] DEBUG karate.org.apache.http.headers - http-outgoing-17 << X-Kong-Proxy-Latency: 2
13:04:53.620 [main] DEBUG karate.org.apache.http.headers - http-outgoing-17 << Via: kong/3.4.3.11-enterprise-edition
13:04:53.620 [main] DEBUG karate.org.apache.http.impl.execchain.MainClientExec - Connection can be kept alive indefinitely
13:04:53.620 [main] DEBUG karate.org.apache.http.impl.conn.PoolingHttpClientConnectionManager - Connection [id: 17][route: {s}->https://apigw-st.telus.com:443] can be kept alive indefinitely
13:04:53.620 [main] DEBUG karate.org.apache.http.impl.conn.DefaultManagedHttpClientConnection - http-outgoing-17: set socket timeout to 0
13:04:53.620 [main] DEBUG karate.org.apache.http.impl.conn.PoolingHttpClientConnectionManager - Connection released: [id: 17][route: {s}->https://apigw-st.telus.com:443][total available: 1; route allocated: 1 of 5; total allocated: 1 of 10]
13:04:53.621 [main] DEBUG com.intuit.karate - response time in milliseconds: 151
1 < 403
1 < Content-Type: application/json; charset=utf-8
1 < Content-Length: 23
1 < Connection: keep-alive
1 < Date: Fri, 09 Aug 2024 17:04:54 GMT
1 < WWW-Authenticate: Bearer realm="telusidentity.apigateway.telus.com", error="insufficient_scope"
1 < Kong-Request-ID: 813137a7-c89b-4b1b-ab8b-01bbb50fe511#396397
1 < vary: Origin
1 < vary: Origin
1 < X-Kong-Response-Latency: 6
1 < Server: kong/3.4.3.11-enterprise-edition
1 < X-Kong-Request-Id: b699024ae233d26836714d222f237b7c
1 < X-Kong-Upstream-Latency: 10
1 < X-Kong-Proxy-Latency: 2
1 < Via: kong/3.4.3.11-enterprise-edition
{"message":"Forbidden"}
13:04:53.621 [main] INFO com.intuit.karate - [print] {
  "message": "Forbidden"
}
 
13:04:53.624 [main] DEBUG com.intuit.karate - write to file: target\testdata\output.json
13:04:53.624 [main] INFO com.intuit.karate - [print] {
  "message": "Forbidden"
}
 
13:04:53.625 [main] INFO com.intuit.karate - << lock released, cached callonce: read("../odsdata/getTestData_Business_Non_Prod.feature@getdatabizWLS")
13:04:53.625 [main] INFO com.intuit.karate - [print] {
  "responseHeaders": {
    "Content-Type": [
      "application/json; charset=utf-8"
    ],
    "Content-Length": [
      "23"
    ],
    "Connection": [
      "keep-alive"
    ],
    "Date": [
      "Fri, 09 Aug 2024 17:04:53 GMT"
    ],
    "WWW-Authenticate": [
      "Bearer realm=\"telusidentity.apigateway.telus.com\", error=\"insufficient_scope\""
    ],
    "Kong-Request-ID": [
      "2a7d2973-b90b-454f-af4f-d6467f521290#372921"
    ],
    "vary": [
      "Origin",
      "Origin"
    ],
    "X-Kong-Response-Latency": [
      "5"
    ],
    "Server": [
      "kong/3.4.3.11-enterprise-edition"
    ],
    "X-Kong-Request-Id": [
      "567c8769387d0f518021024f606a427f"
    ],
    "X-Kong-Upstream-Latency": [
      "9"
    ],
    "X-Kong-Proxy-Latency": [
      "1"
    ],
    "Via": [
      "kong/3.4.3.11-enterprise-edition"
    ]
  },
  "responseStatus": 403,
  "response": {
    "message": "Forbidden"
  },
  "mockResponseWLS_CORP_ACTIVE": "#ref:java.util.LinkedHashMap"
}
 
13:04:53.626 [main] INFO com.intuit.karate - [print] {
  "responseHeaders": {
    "Content-Type": [
      "application/json; charset=utf-8"
    ],
    "Content-Length": [
      "23"
    ],
    "Connection": [
      "keep-alive"
    ],
    "Date": [
      "Fri, 09 Aug 2024 17:04:53 GMT"
    ],
    "WWW-Authenticate": [
      "Bearer realm=\"telusidentity.apigateway.telus.com\", error=\"insufficient_scope\""
    ],
    "Kong-Request-ID": [
      "dca444e0-7183-43df-b091-a672316acf23#385467"
    ],
    "vary": [
      "Origin",
      "Origin"
    ],
    "X-Kong-Response-Latency": [
      "6"
    ],
    "Server": [
      "kong/3.4.3.11-enterprise-edition"
    ],
    "X-Kong-Request-Id": [
      "671a38436117ec627bc67514c1dbf80f"
    ],
    "X-Kong-Upstream-Latency": [
      "10"
    ],
    "X-Kong-Proxy-Latency": [
      "1"
    ],
    "Via": [
      "kong/3.4.3.11-enterprise-edition"
    ]
  },
  "mockResponseWLN_RES_ACTIVE": {
    "message": "Forbidden"
  },
  "responseStatus": 403,
  "response": "#ref:java.util.LinkedHashMap"
}
 
13:04:53.633 [main] INFO com.intuit.karate - karate.env system property was: it01 
13:04:53.633 [main] INFO com.intuit.karate - clientId:52e80bfa-b42c-47d7-98b5-8bb87c926209 
13:04:53.633 [main] INFO com.intuit.karate - Current URL is : https://apigw-st.telus.com 
13:04:53.634 [main] INFO com.intuit.karate - Current Env is : it01 
13:04:53.637 [main] INFO com.intuit.karate - [print] eyJhbGciOiJSUzI1NiIsImtpZCI6ImNhZGZhMTYyLTU2YzEtNGRiOS1hNjNmLTYwZTM3NzIwMWJkZiIsInBpLmF0bSI6IjMifQ.eyJzY29wZSI6WyI0NzIwIl0sImF1dGhvcml6YXRpb25fZGV0YWlscyI6W10sImNsaWVudF9pZCI6IjUyZTgwYmZhLWI0MmMtNDdkNy05OGI1LThiYjg3YzkyNjIwOSIsImlzcyI6Imh0dHBzOi8vdGVhbXNzby1pdHMwNC50ZWx1cy5jb20iLCJhdWQiOiJrb25nIiwiaWF0IjoxNzIzMjIzMDg5LCJleHAiOjE3MjMyMjMzODl9.flESEmYyI_eCkBmzn54OkGfP2lAIxnyqs2XbjtABUAmEnkCOQe8uoiUdROg_nBCNsbluJLTMIyv2VQYcEFeVpzwJIN4AH00KC-3px8L7DRMcbbbRqgIOGamUVRjytKBt3cFR1XVCW32bLo_XlS6M0CPdsCtowSRRwenf6htGC3loiXiWZ8pxuYaJNnmQfuSN9rWpZNHc8y-eYDl0xm6EoEXQSfatP3EAxDBw6tgqlb5patcu_afyMqKiHha9IdISwDeMrqyfvgoAR4Sqhdy3Uxp_k_xzmM-XWElgzY0YfiUnRnIl01fsIz1UO7xaed3xVyVlwsYrq6nB9I57SYDk-A 
13:04:53.637 [main] DEBUG com.intuit.karate.core.ScenarioEngine - over-writing existing variable 'mockResponseWLS_CORP_ACTIVE' with new value: callonce read("../odsdata/getTestData_CORP_Non_Prod.feature@getdataCorpActive")
13:04:53.639 [main] DEBUG com.intuit.karate.core.ScenarioEngine - over-writing existing variable 'mockResponseWLS_RES_ACTIVE' with new value: callonce read("../odsdata/getTestData_Consumer_Non_Prod.feature@getdata_resWLS_Active")
13:04:53.641 [main] DEBUG com.intuit.karate.core.ScenarioEngine - over-writing existing variable 'mockResponseWLN_RES_ACTIVE' with new value: callonce read("../odsdata/getTestData_Consumer_Non_Prod.feature@getdata_resWLN_Active")
13:04:53.642 [main] DEBUG com.intuit.karate.core.ScenarioEngine - over-writing existing variable 'mockResponseWLN_BIZ_ACTIVE' with new value: callonce read("../odsdata/getTestData_Business_Non_Prod.feature@getdatabizWLN")
13:04:53.644 [main] DEBUG com.intuit.karate.core.ScenarioEngine - over-writing existing variable 'mockResponseWLS_BIZ_ACTIVE' with new value: callonce read("../odsdata/getTestData_Business_Non_Prod.feature@getdatabizWLS")
13:04:53.646 [main] INFO com.intuit.karate - [print] {
  "responseHeaders": {
    "Content-Type": [
      "application/json; charset=utf-8"
    ],
    "Content-Length": [
      "23"
    ],
    "Connection": [
      "keep-alive"
    ],
    "Date": [
      "Fri, 09 Aug 2024 17:04:53 GMT"
    ],
    "WWW-Authenticate": [
      "Bearer realm=\"telusidentity.apigateway.telus.com\", error=\"insufficient_scope\""
    ],
    "Kong-Request-ID": [
      "2a7d2973-b90b-454f-af4f-d6467f521290#372921"
    ],
    "vary": [
      "Origin",
      "Origin"
    ],
    "X-Kong-Response-Latency": [
      "5"
    ],
    "Server": [
      "kong/3.4.3.11-enterprise-edition"
    ],
    "X-Kong-Request-Id": [
      "567c8769387d0f518021024f606a427f"
    ],
    "X-Kong-Upstream-Latency": [
      "9"
    ],
    "X-Kong-Proxy-Latency": [
      "1"
    ],
    "Via": [
      "kong/3.4.3.11-enterprise-edition"
    ]
  },
  "responseStatus": 403,
  "response": {
    "message": "Forbidden"
  },
  "mockResponseWLS_CORP_ACTIVE": "#ref:java.util.LinkedHashMap"
}
 
13:04:53.646 [main] INFO com.intuit.karate - [print] {
  "responseHeaders": {
    "Content-Type": [
      "application/json; charset=utf-8"
    ],
    "Content-Length": [
      "23"
    ],
    "Connection": [
      "keep-alive"
    ],
    "Date": [
      "Fri, 09 Aug 2024 17:04:53 GMT"
    ],
    "WWW-Authenticate": [
      "Bearer realm=\"telusidentity.apigateway.telus.com\", error=\"insufficient_scope\""
    ],
    "Kong-Request-ID": [
      "dca444e0-7183-43df-b091-a672316acf23#385467"
    ],
    "vary": [
      "Origin",
      "Origin"
    ],
    "X-Kong-Response-Latency": [
      "6"
    ],
    "Server": [
      "kong/3.4.3.11-enterprise-edition"
    ],
    "X-Kong-Request-Id": [
      "671a38436117ec627bc67514c1dbf80f"
    ],
    "X-Kong-Upstream-Latency": [
      "10"
    ],
    "X-Kong-Proxy-Latency": [
      "1"
    ],
    "Via": [
      "kong/3.4.3.11-enterprise-edition"
    ]
  },
  "mockResponseWLN_RES_ACTIVE": {
    "message": "Forbidden"
  },
  "responseStatus": 403,
  "response": "#ref:java.util.LinkedHashMap"
}
 
13:04:53.651 [main] INFO com.intuit.karate - karate.env system property was: it01 
13:04:53.652 [main] INFO com.intuit.karate - clientId:52e80bfa-b42c-47d7-98b5-8bb87c926209 
13:04:53.653 [main] INFO com.intuit.karate - Current URL is : https://apigw-st.telus.com 
13:04:53.653 [main] INFO com.intuit.karate - Current Env is : it01 
13:04:53.657 [main] INFO com.intuit.karate - [print] eyJhbGciOiJSUzI1NiIsImtpZCI6ImNhZGZhMTYyLTU2YzEtNGRiOS1hNjNmLTYwZTM3NzIwMWJkZiIsInBpLmF0bSI6IjMifQ.eyJzY29wZSI6WyI0NzIwIl0sImF1dGhvcml6YXRpb25fZGV0YWlscyI6W10sImNsaWVudF9pZCI6IjUyZTgwYmZhLWI0MmMtNDdkNy05OGI1LThiYjg3YzkyNjIwOSIsImlzcyI6Imh0dHBzOi8vdGVhbXNzby1pdHMwNC50ZWx1cy5jb20iLCJhdWQiOiJrb25nIiwiaWF0IjoxNzIzMjIzMDg5LCJleHAiOjE3MjMyMjMzODl9.flESEmYyI_eCkBmzn54OkGfP2lAIxnyqs2XbjtABUAmEnkCOQe8uoiUdROg_nBCNsbluJLTMIyv2VQYcEFeVpzwJIN4AH00KC-3px8L7DRMcbbbRqgIOGamUVRjytKBt3cFR1XVCW32bLo_XlS6M0CPdsCtowSRRwenf6htGC3loiXiWZ8pxuYaJNnmQfuSN9rWpZNHc8y-eYDl0xm6EoEXQSfatP3EAxDBw6tgqlb5patcu_afyMqKiHha9IdISwDeMrqyfvgoAR4Sqhdy3Uxp_k_xzmM-XWElgzY0YfiUnRnIl01fsIz1UO7xaed3xVyVlwsYrq6nB9I57SYDk-A 
13:04:53.657 [main] DEBUG com.intuit.karate.core.ScenarioEngine - over-writing existing variable 'mockResponseWLS_CORP_ACTIVE' with new value: callonce read("../odsdata/getTestData_CORP_Non_Prod.feature@getdataCorpActive")
13:04:53.660 [main] DEBUG com.intuit.karate.core.ScenarioEngine - over-writing existing variable 'mockResponseWLS_RES_ACTIVE' with new value: callonce read("../odsdata/getTestData_Consumer_Non_Prod.feature@getdata_resWLS_Active")
13:04:53.662 [main] DEBUG com.intuit.karate.core.ScenarioEngine - over-writing existing variable 'mockResponseWLN_RES_ACTIVE' with new value: callonce read("../odsdata/getTestData_Consumer_Non_Prod.feature@getdata_resWLN_Active")
13:04:53.666 [main] DEBUG com.intuit.karate.core.ScenarioEngine - over-writing existing variable 'mockResponseWLN_BIZ_ACTIVE' with new value: callonce read("../odsdata/getTestData_Business_Non_Prod.feature@getdatabizWLN")
13:04:53.668 [main] DEBUG com.intuit.karate.core.ScenarioEngine - over-writing existing variable 'mockResponseWLS_BIZ_ACTIVE' with new value: callonce read("../odsdata/getTestData_Business_Non_Prod.feature@getdatabizWLS")
13:04:53.671 [main] INFO com.intuit.karate - [print] {
  "responseHeaders": {
    "Content-Type": [
      "application/json; charset=utf-8"
    ],
    "Content-Length": [
      "23"
    ],
    "Connection": [
      "keep-alive"
    ],
    "Date": [
      "Fri, 09 Aug 2024 17:04:53 GMT"
    ],
    "WWW-Authenticate": [
      "Bearer realm=\"telusidentity.apigateway.telus.com\", error=\"insufficient_scope\""
    ],
    "Kong-Request-ID": [
      "2a7d2973-b90b-454f-af4f-d6467f521290#372921"
    ],
    "vary": [
      "Origin",
      "Origin"
    ],
    "X-Kong-Response-Latency": [
      "5"
    ],
    "Server": [
      "kong/3.4.3.11-enterprise-edition"
    ],
    "X-Kong-Request-Id": [
      "567c8769387d0f518021024f606a427f"
    ],
    "X-Kong-Upstream-Latency": [
      "9"
    ],
    "X-Kong-Proxy-Latency": [
      "1"
    ],
    "Via": [
      "kong/3.4.3.11-enterprise-edition"
    ]
  },
  "responseStatus": 403,
  "response": {
    "message": "Forbidden"
  },
  "mockResponseWLS_CORP_ACTIVE": "#ref:java.util.LinkedHashMap"
}
 
13:04:53.672 [main] INFO com.intuit.karate - [print] {
  "responseHeaders": {
    "Content-Type": [
      "application/json; charset=utf-8"
    ],
    "Content-Length": [
      "23"
    ],
    "Connection": [
      "keep-alive"
    ],
    "Date": [
      "Fri, 09 Aug 2024 17:04:53 GMT"
    ],
    "WWW-Authenticate": [
      "Bearer realm=\"telusidentity.apigateway.telus.com\", error=\"insufficient_scope\""
    ],
    "Kong-Request-ID": [
      "dca444e0-7183-43df-b091-a672316acf23#385467"
    ],
    "vary": [
      "Origin",
      "Origin"
    ],
    "X-Kong-Response-Latency": [
      "6"
    ],
    "Server": [
      "kong/3.4.3.11-enterprise-edition"
    ],
    "X-Kong-Request-Id": [
      "671a38436117ec627bc67514c1dbf80f"
    ],
    "X-Kong-Upstream-Latency": [
      "10"
    ],
    "X-Kong-Proxy-Latency": [
      "1"
    ],
    "Via": [
      "kong/3.4.3.11-enterprise-edition"
    ]
  },
  "mockResponseWLN_RES_ACTIVE": {
    "message": "Forbidden"
  },
  "responseStatus": 403,
  "response": "#ref:java.util.LinkedHashMap"
}
 
13:04:53.677 [main] INFO com.intuit.karate - karate.env system property was: it01 
13:04:53.677 [main] INFO com.intuit.karate - clientId:52e80bfa-b42c-47d7-98b5-8bb87c926209 
13:04:53.678 [main] INFO com.intuit.karate - Current URL is : https://apigw-st.telus.com 
13:04:53.678 [main] INFO com.intuit.karate - Current Env is : it01 
13:04:53.680 [main] INFO com.intuit.karate - [print] eyJhbGciOiJSUzI1NiIsImtpZCI6ImNhZGZhMTYyLTU2YzEtNGRiOS1hNjNmLTYwZTM3NzIwMWJkZiIsInBpLmF0bSI6IjMifQ.eyJzY29wZSI6WyI0NzIwIl0sImF1dGhvcml6YXRpb25fZGV0YWlscyI6W10sImNsaWVudF9pZCI6IjUyZTgwYmZhLWI0MmMtNDdkNy05OGI1LThiYjg3YzkyNjIwOSIsImlzcyI6Imh0dHBzOi8vdGVhbXNzby1pdHMwNC50ZWx1cy5jb20iLCJhdWQiOiJrb25nIiwiaWF0IjoxNzIzMjIzMDg5LCJleHAiOjE3MjMyMjMzODl9.flESEmYyI_eCkBmzn54OkGfP2lAIxnyqs2XbjtABUAmEnkCOQe8uoiUdROg_nBCNsbluJLTMIyv2VQYcEFeVpzwJIN4AH00KC-3px8L7DRMcbbbRqgIOGamUVRjytKBt3cFR1XVCW32bLo_XlS6M0CPdsCtowSRRwenf6htGC3loiXiWZ8pxuYaJNnmQfuSN9rWpZNHc8y-eYDl0xm6EoEXQSfatP3EAxDBw6tgqlb5patcu_afyMqKiHha9IdISwDeMrqyfvgoAR4Sqhdy3Uxp_k_xzmM-XWElgzY0YfiUnRnIl01fsIz1UO7xaed3xVyVlwsYrq6nB9I57SYDk-A 
13:04:53.680 [main] DEBUG com.intuit.karate.core.ScenarioEngine - over-writing existing variable 'mockResponseWLS_CORP_ACTIVE' with new value: callonce read("../odsdata/getTestData_CORP_Non_Prod.feature@getdataCorpActive")
13:04:53.682 [main] DEBUG com.intuit.karate.core.ScenarioEngine - over-writing existing variable 'mockResponseWLS_RES_ACTIVE' with new value: callonce read("../odsdata/getTestData_Consumer_Non_Prod.feature@getdata_resWLS_Active")
13:04:53.684 [main] DEBUG com.intuit.karate.core.ScenarioEngine - over-writing existing variable 'mockResponseWLN_RES_ACTIVE' with new value: callonce read("../odsdata/getTestData_Consumer_Non_Prod.feature@getdata_resWLN_Active")
13:04:53.686 [main] DEBUG com.intuit.karate.core.ScenarioEngine - over-writing existing variable 'mockResponseWLN_BIZ_ACTIVE' with new value: callonce read("../odsdata/getTestData_Business_Non_Prod.feature@getdatabizWLN")
13:04:53.688 [main] DEBUG com.intuit.karate.core.ScenarioEngine - over-writing existing variable 'mockResponseWLS_BIZ_ACTIVE' with new value: callonce read("../odsdata/getTestData_Business_Non_Prod.feature@getdatabizWLS")
13:04:53.689 [main] INFO com.intuit.karate - [print] {
  "responseHeaders": {
    "Content-Type": [
      "application/json; charset=utf-8"
    ],
    "Content-Length": [
      "23"
    ],
    "Connection": [
      "keep-alive"
    ],
    "Date": [
      "Fri, 09 Aug 2024 17:04:53 GMT"
    ],
    "WWW-Authenticate": [
      "Bearer realm=\"telusidentity.apigateway.telus.com\", error=\"insufficient_scope\""
    ],
    "Kong-Request-ID": [
      "2a7d2973-b90b-454f-af4f-d6467f521290#372921"
    ],
    "vary": [
      "Origin",
      "Origin"
    ],
    "X-Kong-Response-Latency": [
      "5"
    ],
    "Server": [
      "kong/3.4.3.11-enterprise-edition"
    ],
    "X-Kong-Request-Id": [
      "567c8769387d0f518021024f606a427f"
    ],
    "X-Kong-Upstream-Latency": [
      "9"
    ],
    "X-Kong-Proxy-Latency": [
      "1"
    ],
    "Via": [
      "kong/3.4.3.11-enterprise-edition"
    ]
  },
  "responseStatus": 403,
  "response": {
    "message": "Forbidden"
  },
  "mockResponseWLS_CORP_ACTIVE": "#ref:java.util.LinkedHashMap"
}
 
13:04:53.690 [main] INFO com.intuit.karate - [print] {
  "responseHeaders": {
    "Content-Type": [
      "application/json; charset=utf-8"
    ],
    "Content-Length": [
      "23"
    ],
    "Connection": [
      "keep-alive"
    ],
    "Date": [
      "Fri, 09 Aug 2024 17:04:53 GMT"
    ],
    "WWW-Authenticate": [
      "Bearer realm=\"telusidentity.apigateway.telus.com\", error=\"insufficient_scope\""
    ],
    "Kong-Request-ID": [
      "dca444e0-7183-43df-b091-a672316acf23#385467"
    ],
    "vary": [
      "Origin",
      "Origin"
    ],
    "X-Kong-Response-Latency": [
      "6"
    ],
    "Server": [
      "kong/3.4.3.11-enterprise-edition"
    ],
    "X-Kong-Request-Id": [
      "671a38436117ec627bc67514c1dbf80f"
    ],
    "X-Kong-Upstream-Latency": [
      "10"
    ],
    "X-Kong-Proxy-Latency": [
      "1"
    ],
    "Via": [
      "kong/3.4.3.11-enterprise-edition"
    ]
  },
  "mockResponseWLN_RES_ACTIVE": {
    "message": "Forbidden"
  },
  "responseStatus": 403,
  "response": "#ref:java.util.LinkedHashMap"
}
 
13:04:53.697 [main] INFO com.intuit.karate - karate.env system property was: it01 
13:04:53.697 [main] INFO com.intuit.karate - clientId:52e80bfa-b42c-47d7-98b5-8bb87c926209 
13:04:53.697 [main] INFO com.intuit.karate - Current URL is : https://apigw-st.telus.com 
13:04:53.697 [main] INFO com.intuit.karate - Current Env is : it01 
13:04:53.699 [main] INFO com.intuit.karate - [print] eyJhbGciOiJSUzI1NiIsImtpZCI6ImNhZGZhMTYyLTU2YzEtNGRiOS1hNjNmLTYwZTM3NzIwMWJkZiIsInBpLmF0bSI6IjMifQ.eyJzY29wZSI6WyI0NzIwIl0sImF1dGhvcml6YXRpb25fZGV0YWlscyI6W10sImNsaWVudF9pZCI6IjUyZTgwYmZhLWI0MmMtNDdkNy05OGI1LThiYjg3YzkyNjIwOSIsImlzcyI6Imh0dHBzOi8vdGVhbXNzby1pdHMwNC50ZWx1cy5jb20iLCJhdWQiOiJrb25nIiwiaWF0IjoxNzIzMjIzMDg5LCJleHAiOjE3MjMyMjMzODl9.flESEmYyI_eCkBmzn54OkGfP2lAIxnyqs2XbjtABUAmEnkCOQe8uoiUdROg_nBCNsbluJLTMIyv2VQYcEFeVpzwJIN4AH00KC-3px8L7DRMcbbbRqgIOGamUVRjytKBt3cFR1XVCW32bLo_XlS6M0CPdsCtowSRRwenf6htGC3loiXiWZ8pxuYaJNnmQfuSN9rWpZNHc8y-eYDl0xm6EoEXQSfatP3EAxDBw6tgqlb5patcu_afyMqKiHha9IdISwDeMrqyfvgoAR4Sqhdy3Uxp_k_xzmM-XWElgzY0YfiUnRnIl01fsIz1UO7xaed3xVyVlwsYrq6nB9I57SYDk-A 
13:04:53.699 [main] DEBUG com.intuit.karate.core.ScenarioEngine - over-writing existing variable 'mockResponseWLS_CORP_ACTIVE' with new value: callonce read("../odsdata/getTestData_CORP_Non_Prod.feature@getdataCorpActive")
13:04:53.701 [main] DEBUG com.intuit.karate.core.ScenarioEngine - over-writing existing variable 'mockResponseWLS_RES_ACTIVE' with new value: callonce read("../odsdata/getTestData_Consumer_Non_Prod.feature@getdata_resWLS_Active")
13:04:53.703 [main] DEBUG com.intuit.karate.core.ScenarioEngine - over-writing existing variable 'mockResponseWLN_RES_ACTIVE' with new value: callonce read("../odsdata/getTestData_Consumer_Non_Prod.feature@getdata_resWLN_Active")
13:04:53.704 [main] DEBUG com.intuit.karate.core.ScenarioEngine - over-writing existing variable 'mockResponseWLN_BIZ_ACTIVE' with new value: callonce read("../odsdata/getTestData_Business_Non_Prod.feature@getdatabizWLN")
13:04:53.706 [main] DEBUG com.intuit.karate.core.ScenarioEngine - over-writing existing variable 'mockResponseWLS_BIZ_ACTIVE' with new value: callonce read("../odsdata/getTestData_Business_Non_Prod.feature@getdatabizWLS")
13:04:53.707 [main] INFO com.intuit.karate - [print] {
  "responseHeaders": {
    "Content-Type": [
      "application/json; charset=utf-8"
    ],
    "Content-Length": [
      "23"
    ],
    "Connection": [
      "keep-alive"
    ],
    "Date": [
      "Fri, 09 Aug 2024 17:04:53 GMT"
    ],
    "WWW-Authenticate": [
      "Bearer realm=\"telusidentity.apigateway.telus.com\", error=\"insufficient_scope\""
    ],
    "Kong-Request-ID": [
      "2a7d2973-b90b-454f-af4f-d6467f521290#372921"
    ],
    "vary": [
      "Origin",
      "Origin"
    ],
    "X-Kong-Response-Latency": [
      "5"
    ],
    "Server": [
      "kong/3.4.3.11-enterprise-edition"
    ],
    "X-Kong-Request-Id": [
      "567c8769387d0f518021024f606a427f"
    ],
    "X-Kong-Upstream-Latency": [
      "9"
    ],
    "X-Kong-Proxy-Latency": [
      "1"
    ],
    "Via": [
      "kong/3.4.3.11-enterprise-edition"
    ]
  },
  "responseStatus": 403,
  "response": {
    "message": "Forbidden"
  },
  "mockResponseWLS_CORP_ACTIVE": "#ref:java.util.LinkedHashMap"
}
 
13:04:53.707 [main] INFO com.intuit.karate - [print] {
  "responseHeaders": {
    "Content-Type": [
      "application/json; charset=utf-8"
    ],
    "Content-Length": [
      "23"
    ],
    "Connection": [
      "keep-alive"
    ],
    "Date": [
      "Fri, 09 Aug 2024 17:04:53 GMT"
    ],
    "WWW-Authenticate": [
      "Bearer realm=\"telusidentity.apigateway.telus.com\", error=\"insufficient_scope\""
    ],
    "Kong-Request-ID": [
      "dca444e0-7183-43df-b091-a672316acf23#385467"
    ],
    "vary": [
      "Origin",
      "Origin"
    ],
    "X-Kong-Response-Latency": [
      "6"
    ],
    "Server": [
      "kong/3.4.3.11-enterprise-edition"
    ],
    "X-Kong-Request-Id": [
      "671a38436117ec627bc67514c1dbf80f"
    ],
    "X-Kong-Upstream-Latency": [
      "10"
    ],
    "X-Kong-Proxy-Latency": [
      "1"
    ],
    "Via": [
      "kong/3.4.3.11-enterprise-edition"
    ]
  },
  "mockResponseWLN_RES_ACTIVE": {
    "message": "Forbidden"
  },
  "responseStatus": 403,
  "response": "#ref:java.util.LinkedHashMap"
}
 
13:04:53.711 [main] INFO com.intuit.karate - karate.env system property was: it01 
13:04:53.711 [main] INFO com.intuit.karate - clientId:52e80bfa-b42c-47d7-98b5-8bb87c926209 
13:04:53.712 [main] INFO com.intuit.karate - Current URL is : https://apigw-st.telus.com 
13:04:53.712 [main] INFO com.intuit.karate - Current Env is : it01 
13:04:53.714 [main] INFO com.intuit.karate - [print] eyJhbGciOiJSUzI1NiIsImtpZCI6ImNhZGZhMTYyLTU2YzEtNGRiOS1hNjNmLTYwZTM3NzIwMWJkZiIsInBpLmF0bSI6IjMifQ.eyJzY29wZSI6WyI0NzIwIl0sImF1dGhvcml6YXRpb25fZGV0YWlscyI6W10sImNsaWVudF9pZCI6IjUyZTgwYmZhLWI0MmMtNDdkNy05OGI1LThiYjg3YzkyNjIwOSIsImlzcyI6Imh0dHBzOi8vdGVhbXNzby1pdHMwNC50ZWx1cy5jb20iLCJhdWQiOiJrb25nIiwiaWF0IjoxNzIzMjIzMDg5LCJleHAiOjE3MjMyMjMzODl9.flESEmYyI_eCkBmzn54OkGfP2lAIxnyqs2XbjtABUAmEnkCOQe8uoiUdROg_nBCNsbluJLTMIyv2VQYcEFeVpzwJIN4AH00KC-3px8L7DRMcbbbRqgIOGamUVRjytKBt3cFR1XVCW32bLo_XlS6M0CPdsCtowSRRwenf6htGC3loiXiWZ8pxuYaJNnmQfuSN9rWpZNHc8y-eYDl0xm6EoEXQSfatP3EAxDBw6tgqlb5patcu_afyMqKiHha9IdISwDeMrqyfvgoAR4Sqhdy3Uxp_k_xzmM-XWElgzY0YfiUnRnIl01fsIz1UO7xaed3xVyVlwsYrq6nB9I57SYDk-A 
13:04:53.714 [main] DEBUG com.intuit.karate.core.ScenarioEngine - over-writing existing variable 'mockResponseWLS_CORP_ACTIVE' with new value: callonce read("../odsdata/getTestData_CORP_Non_Prod.feature@getdataCorpActive")
13:04:53.717 [main] DEBUG com.intuit.karate.core.ScenarioEngine - over-writing existing variable 'mockResponseWLS_RES_ACTIVE' with new value: callonce read("../odsdata/getTestData_Consumer_Non_Prod.feature@getdata_resWLS_Active")
13:04:53.719 [main] DEBUG com.intuit.karate.core.ScenarioEngine - over-writing existing variable 'mockResponseWLN_RES_ACTIVE' with new value: callonce read("../odsdata/getTestData_Consumer_Non_Prod.feature@getdata_resWLN_Active")
13:04:53.721 [main] DEBUG com.intuit.karate.core.ScenarioEngine - over-writing existing variable 'mockResponseWLN_BIZ_ACTIVE' with new value: callonce read("../odsdata/getTestData_Business_Non_Prod.feature@getdatabizWLN")
13:04:53.722 [main] DEBUG com.intuit.karate.core.ScenarioEngine - over-writing existing variable 'mockResponseWLS_BIZ_ACTIVE' with new value: callonce read("../odsdata/getTestData_Business_Non_Prod.feature@getdatabizWLS")
13:04:53.724 [main] INFO com.intuit.karate - [print] {
  "responseHeaders": {
    "Content-Type": [
      "application/json; charset=utf-8"
    ],
    "Content-Length": [
      "23"
    ],
    "Connection": [
      "keep-alive"
    ],
    "Date": [
      "Fri, 09 Aug 2024 17:04:53 GMT"
    ],
    "WWW-Authenticate": [
      "Bearer realm=\"telusidentity.apigateway.telus.com\", error=\"insufficient_scope\""
    ],
    "Kong-Request-ID": [
      "2a7d2973-b90b-454f-af4f-d6467f521290#372921"
    ],
    "vary": [
      "Origin",
      "Origin"
    ],
    "X-Kong-Response-Latency": [
      "5"
    ],
    "Server": [
      "kong/3.4.3.11-enterprise-edition"
    ],
    "X-Kong-Request-Id": [
      "567c8769387d0f518021024f606a427f"
    ],
    "X-Kong-Upstream-Latency": [
      "9"
    ],
    "X-Kong-Proxy-Latency": [
      "1"
    ],
    "Via": [
      "kong/3.4.3.11-enterprise-edition"
    ]
  },
  "responseStatus": 403,
  "response": {
    "message": "Forbidden"
  },
  "mockResponseWLS_CORP_ACTIVE": "#ref:java.util.LinkedHashMap"
}
 
13:04:53.724 [main] INFO com.intuit.karate - [print] {
  "responseHeaders": {
    "Content-Type": [
      "application/json; charset=utf-8"
    ],
    "Content-Length": [
      "23"
    ],
    "Connection": [
      "keep-alive"
    ],
    "Date": [
      "Fri, 09 Aug 2024 17:04:53 GMT"
    ],
    "WWW-Authenticate": [
      "Bearer realm=\"telusidentity.apigateway.telus.com\", error=\"insufficient_scope\""
    ],
    "Kong-Request-ID": [
      "dca444e0-7183-43df-b091-a672316acf23#385467"
    ],
    "vary": [
      "Origin",
      "Origin"
    ],
    "X-Kong-Response-Latency": [
      "6"
    ],
    "Server": [
      "kong/3.4.3.11-enterprise-edition"
    ],
    "X-Kong-Request-Id": [
      "671a38436117ec627bc67514c1dbf80f"
    ],
    "X-Kong-Upstream-Latency": [
      "10"
    ],
    "X-Kong-Proxy-Latency": [
      "1"
    ],
    "Via": [
      "kong/3.4.3.11-enterprise-edition"
    ]
  },
  "mockResponseWLN_RES_ACTIVE": {
    "message": "Forbidden"
  },
  "responseStatus": 403,
  "response": "#ref:java.util.LinkedHashMap"
}
 
13:04:53.725 [main] DEBUG com.jayway.jsonpath.internal.path.CompiledPath - Evaluating path: $
13:04:53.726 [main] DEBUG com.jayway.jsonpath.internal.path.CompiledPath - Evaluating path: $
13:04:53.726 [main] DEBUG com.jayway.jsonpath.internal.path.CompiledPath - Evaluating path: $
13:04:53.726 [main] DEBUG com.jayway.jsonpath.internal.path.CompiledPath - Evaluating path: $
13:04:53.726 [main] DEBUG com.jayway.jsonpath.internal.path.CompiledPath - Evaluating path: $
13:04:53.739 [main] DEBUG com.jayway.jsonpath.internal.path.CompiledPath - Evaluating path: $
13:04:53.740 [main] DEBUG com.jayway.jsonpath.internal.path.CompiledPath - Evaluating path: $
13:04:53.740 [main] DEBUG com.jayway.jsonpath.internal.path.CompiledPath - Evaluating path: $
13:04:53.740 [main] DEBUG com.jayway.jsonpath.internal.path.CompiledPath - Evaluating path: $
13:04:53.740 [main] DEBUG com.jayway.jsonpath.internal.path.CompiledPath - Evaluating path: $
13:04:53.742 [main] DEBUG karate.org.thymeleaf.TemplateEngine - [THYMELEAF] INITIALIZING TEMPLATE ENGINE
13:04:53.755 [main] DEBUG karate.org.thymeleaf.TemplateEngine.CONFIG - Initializing Thymeleaf Template engine configuration...
[THYMELEAF] TEMPLATE ENGINE CONFIGURATION:
[THYMELEAF] * Thymeleaf version: 3.0.12.RELEASE (built 2020-12-21T00:26:28+0000)
[THYMELEAF] * Cache Manager implementation: karate.org.thymeleaf.cache.StandardCacheManager
[THYMELEAF] * Template resolvers:
[THYMELEAF]     * [1] com.intuit.karate.template.ResourceHtmlTemplateResolver
[THYMELEAF] * Message resolvers:
[THYMELEAF]     * karate.org.thymeleaf.messageresolver.StandardMessageResolver
[THYMELEAF] * Link builders:
[THYMELEAF]     * karate.org.thymeleaf.linkbuilder.StandardLinkBuilder
[THYMELEAF] * Dialect [1 of 2]: Standard (com.intuit.karate.template.KarateStandardDialect)
[THYMELEAF]     * Prefix: "th"
[THYMELEAF]     * Processors for Template Mode: HTML
[THYMELEAF]         * Element Tag Processors by [matching element and attribute name] [precedence]:
[THYMELEAF]             * [* {th:include,data-th-include}] [100]: karate.org.thymeleaf.standard.processor.StandardIncludeTagProcessor
[THYMELEAF]             * [* {th:insert,data-th-insert}] [100]: karate.org.thymeleaf.standard.processor.StandardInsertTagProcessor
[THYMELEAF]             * [* {th:replace,data-th-replace}] [100]: karate.org.thymeleaf.standard.processor.StandardReplaceTagProcessor
[THYMELEAF]             * [* {th:substituteby,data-th-substituteby}] [100]: karate.org.thymeleaf.standard.processor.StandardSubstituteByTagProcessor
[THYMELEAF]             * [* {th:each,data-th-each}] [200]: com.intuit.karate.template.KarateEachTagProcessor
[THYMELEAF]             * [* {th:switch,data-th-switch}] [250]: karate.org.thymeleaf.standard.processor.StandardSwitchTagProcessor
[THYMELEAF]             * [* {th:case,data-th-case}] [275]: karate.org.thymeleaf.standard.processor.StandardCaseTagProcessor
[THYMELEAF]             * [* {th:if,data-th-if}] [300]: karate.org.thymeleaf.standard.processor.StandardIfTagProcessor
[THYMELEAF]             * [* {th:unless,data-th-unless}] [400]: karate.org.thymeleaf.standard.processor.StandardUnlessTagProcessor
[THYMELEAF]             * [* {th:object,data-th-object}] [500]: karate.org.thymeleaf.standard.processor.StandardObjectTagProcessor
[THYMELEAF]             * [* {th:with,data-th-with}] [600]: com.intuit.karate.template.KarateWithTagProcessor
[THYMELEAF]             * [* {th:attr,data-th-attr}] [700]: com.intuit.karate.template.KarateAttributeTagProcessor.KarateAttrTagProcessor
[THYMELEAF]             * [* {th:attrappend,data-th-attrappend}] [900]: com.intuit.karate.template.KarateAttributeTagProcessor.KarateAttrappendTagProcessor
[THYMELEAF]             * [* {th:attrprepend,data-th-attrprepend}] [900]: com.intuit.karate.template.KarateAttributeTagProcessor.KarateAttrprependTagProcessor
[THYMELEAF]             * [* {th:alt-title,data-th-alt-title}] [990]: karate.org.thymeleaf.standard.processor.StandardAltTitleTagProcessor
[THYMELEAF]             * [* {th:lang-xmllang,data-th-lang-xmllang}] [990]: karate.org.thymeleaf.standard.processor.StandardLangXmlLangTagProcessor
[THYMELEAF]             * [* {th:action,data-th-action}] [1000]: karate.org.thymeleaf.standard.processor.StandardActionTagProcessor
[THYMELEAF]             * [* {th:hidden,data-th-hidden}] [1000]: karate.org.thymeleaf.standard.processor.StandardConditionalFixedValueTagProcessor
[THYMELEAF]             * [* {th:autoplay,data-th-autoplay}] [1000]: karate.org.thymeleaf.standard.processor.StandardConditionalFixedValueTagProcessor
[THYMELEAF]             * [* {th:ismap,data-th-ismap}] [1000]: karate.org.thymeleaf.standard.processor.StandardConditionalFixedValueTagProcessor
[THYMELEAF]             * [* {th:declare,data-th-declare}] [1000]: karate.org.thymeleaf.standard.processor.StandardConditionalFixedValueTagProcessor
[THYMELEAF]             * [* {th:controls,data-th-controls}] [1000]: karate.org.thymeleaf.standard.processor.StandardConditionalFixedValueTagProcessor
[THYMELEAF]             * [* {th:async,data-th-async}] [1000]: karate.org.thymeleaf.standard.processor.StandardConditionalFixedValueTagProcessor
[THYMELEAF]             * [* {th:loop,data-th-loop}] [1000]: karate.org.thymeleaf.standard.processor.StandardConditionalFixedValueTagProcessor
[THYMELEAF]             * [* {th:required,data-th-required}] [1000]: karate.org.thymeleaf.standard.processor.StandardConditionalFixedValueTagProcessor
[THYMELEAF]             * [* {th:formnovalidate,data-th-formnovalidate}] [1000]: karate.org.thymeleaf.standard.processor.StandardConditionalFixedValueTagProcessor
[THYMELEAF]             * [* {th:open,data-th-open}] [1000]: karate.org.thymeleaf.standard.processor.StandardConditionalFixedValueTagProcessor
[THYMELEAF]             * [* {th:scoped,data-th-scoped}] [1000]: karate.org.thymeleaf.standard.processor.StandardConditionalFixedValueTagProcessor
[THYMELEAF]             * [* {th:pubdate,data-th-pubdate}] [1000]: karate.org.thymeleaf.standard.processor.StandardConditionalFixedValueTagProcessor
[THYMELEAF]             * [* {th:nowrap,data-th-nowrap}] [1000]: karate.org.thymeleaf.standard.processor.StandardConditionalFixedValueTagProcessor
[THYMELEAF]             * [* {th:seamless,data-th-seamless}] [1000]: karate.org.thymeleaf.standard.processor.StandardConditionalFixedValueTagProcessor
[THYMELEAF]             * [* {th:autofocus,data-th-autofocus}] [1000]: karate.org.thymeleaf.standard.processor.StandardConditionalFixedValueTagProcessor
[THYMELEAF]             * [* {th:novalidate,data-th-novalidate}] [1000]: karate.org.thymeleaf.standard.processor.StandardConditionalFixedValueTagProcessor
[THYMELEAF]             * [* {th:default,data-th-default}] [1000]: karate.org.thymeleaf.standard.processor.StandardConditionalFixedValueTagProcessor
[THYMELEAF]             * [* {th:readonly,data-th-readonly}] [1000]: karate.org.thymeleaf.standard.processor.StandardConditionalFixedValueTagProcessor
[THYMELEAF]             * [* {th:multiple,data-th-multiple}] [1000]: karate.org.thymeleaf.standard.processor.StandardConditionalFixedValueTagProcessor
[THYMELEAF]             * [* {th:checked,data-th-checked}] [1000]: karate.org.thymeleaf.standard.processor.StandardConditionalFixedValueTagProcessor
[THYMELEAF]             * [* {th:selected,data-th-selected}] [1000]: karate.org.thymeleaf.standard.processor.StandardConditionalFixedValueTagProcessor
[THYMELEAF]             * [* {th:defer,data-th-defer}] [1000]: karate.org.thymeleaf.standard.processor.StandardConditionalFixedValueTagProcessor
[THYMELEAF]             * [* {th:reversed,data-th-reversed}] [1000]: karate.org.thymeleaf.standard.processor.StandardConditionalFixedValueTagProcessor
[THYMELEAF]             * [* {th:disabled,data-th-disabled}] [1000]: karate.org.thymeleaf.standard.processor.StandardConditionalFixedValueTagProcessor
[THYMELEAF]             * [* {th:ononline,data-th-ononline}] [1000]: karate.org.thymeleaf.standard.processor.StandardDOMEventAttributeTagProcessor
[THYMELEAF]             * [* {th:onloadedmetadata,data-th-onloadedmetadata}] [1000]: karate.org.thymeleaf.standard.processor.StandardDOMEventAttributeTagProcessor
[THYMELEAF]             * [* {th:ondurationchange,data-th-ondurationchange}] [1000]: karate.org.thymeleaf.standard.processor.StandardDOMEventAttributeTagProcessor
[THYMELEAF]             * [* {th:ondragenter,data-th-ondragenter}] [1000]: karate.org.thymeleaf.standard.processor.StandardDOMEventAttributeTagProcessor
[THYMELEAF]             * [* {th:onhashchange,data-th-onhashchange}] [1000]: karate.org.thymeleaf.standard.processor.StandardDOMEventAttributeTagProcessor
[THYMELEAF]             * [* {th:oncanplay,data-th-oncanplay}] [1000]: karate.org.thymeleaf.standard.processor.StandardDOMEventAttributeTagProcessor
[THYMELEAF]             * [* {th:ondrag,data-th-ondrag}] [1000]: karate.org.thymeleaf.standard.processor.StandardDOMEventAttributeTagProcessor
[THYMELEAF]             * [* {th:onchange,data-th-onchange}] [1000]: karate.org.thymeleaf.standard.processor.StandardDOMEventAttributeTagProcessor
[THYMELEAF]             * [* {th:oninput,data-th-oninput}] [1000]: karate.org.thymeleaf.standard.processor.StandardDOMEventAttributeTagProcessor
[THYMELEAF]             * [* {th:ondrop,data-th-ondrop}] [1000]: karate.org.thymeleaf.standard.processor.StandardDOMEventAttributeTagProcessor
[THYMELEAF]             * [* {th:onwaiting,data-th-onwaiting}] [1000]: karate.org.thymeleaf.standard.processor.StandardDOMEventAttributeTagProcessor
[THYMELEAF]             * [* {th:onreset,data-th-onreset}] [1000]: karate.org.thymeleaf.standard.processor.StandardDOMEventAttributeTagProcessor
[THYMELEAF]             * [* {th:ondragleave,data-th-ondragleave}] [1000]: karate.org.thymeleaf.standard.processor.StandardDOMEventAttributeTagProcessor
[THYMELEAF]             * [* {th:onkeydown,data-th-onkeydown}] [1000]: karate.org.thymeleaf.standard.processor.StandardDOMEventAttributeTagProcessor
[THYMELEAF]             * [* {th:onabort,data-th-onabort}] [1000]: karate.org.thymeleaf.standard.processor.StandardDOMEventAttributeTagProcessor
[THYMELEAF]             * [* {th:onemptied,data-th-onemptied}] [1000]: karate.org.thymeleaf.standard.processor.StandardDOMEventAttributeTagProcessor
[THYMELEAF]             * [* {th:onpause,data-th-onpause}] [1000]: karate.org.thymeleaf.standard.processor.StandardDOMEventAttributeTagProcessor
[THYMELEAF]             * [* {th:onended,data-th-onended}] [1000]: karate.org.thymeleaf.standard.processor.StandardDOMEventAttributeTagProcessor
[THYMELEAF]             * [* {th:onclick,data-th-onclick}] [1000]: karate.org.thymeleaf.standard.processor.StandardDOMEventAttributeTagProcessor
[THYMELEAF]             * [* {th:onforminput,data-th-onforminput}] [1000]: karate.org.thymeleaf.standard.processor.StandardDOMEventAttributeTagProcessor
[THYMELEAF]             * [* {th:onmouseout,data-th-onmouseout}] [1000]: karate.org.thymeleaf.standard.processor.StandardDOMEventAttributeTagProcessor
[THYMELEAF]             * [* {th:onloadeddata,data-th-onloadeddata}] [1000]: karate.org.thymeleaf.standard.processor.StandardDOMEventAttributeTagProcessor
[THYMELEAF]             * [* {th:onmousemove,data-th-onmousemove}] [1000]: karate.org.thymeleaf.standard.processor.StandardDOMEventAttributeTagProcessor
[THYMELEAF]             * [* {th:onplay,data-th-onplay}] [1000]: karate.org.thymeleaf.standard.processor.StandardDOMEventAttributeTagProcessor
[THYMELEAF]             * [* {th:onloadstart,data-th-onloadstart}] [1000]: karate.org.thymeleaf.standard.processor.StandardDOMEventAttributeTagProcessor
[THYMELEAF]             * [* {th:oncanplaythrough,data-th-oncanplaythrough}] [1000]: karate.org.thymeleaf.standard.processor.StandardDOMEventAttributeTagProcessor
[THYMELEAF]             * [* {th:onmousedown,data-th-onmousedown}] [1000]: karate.org.thymeleaf.standard.processor.StandardDOMEventAttributeTagProcessor
[THYMELEAF]             * [* {th:ondblclick,data-th-ondblclick}] [1000]: karate.org.thymeleaf.standard.processor.StandardDOMEventAttributeTagProcessor
[THYMELEAF]             * [* {th:onselect,data-th-onselect}] [1000]: karate.org.thymeleaf.standard.processor.StandardDOMEventAttributeTagProcessor
[THYMELEAF]             * [* {th:onmouseover,data-th-onmouseover}] [1000]: karate.org.thymeleaf.standard.processor.StandardDOMEventAttributeTagProcessor
[THYMELEAF]             * [* {th:onmessage,data-th-onmessage}] [1000]: karate.org.thymeleaf.standard.processor.StandardDOMEventAttributeTagProcessor
[THYMELEAF]             * [* {th:onstalled,data-th-onstalled}] [1000]: karate.org.thymeleaf.standard.processor.StandardDOMEventAttributeTagProcessor
[THYMELEAF]             * [* {th:onshow,data-th-onshow}] [1000]: karate.org.thymeleaf.standard.processor.StandardDOMEventAttributeTagProcessor
[THYMELEAF]             * [* {th:onprogress,data-th-onprogress}] [1000]: karate.org.thymeleaf.standard.processor.StandardDOMEventAttributeTagProcessor
[THYMELEAF]             * [* {th:ondragover,data-th-ondragover}] [1000]: karate.org.thymeleaf.standard.processor.StandardDOMEventAttributeTagProcessor
[THYMELEAF]             * [* {th:ondragend,data-th-ondragend}] [1000]: karate.org.thymeleaf.standard.processor.StandardDOMEventAttributeTagProcessor
[THYMELEAF]             * [* {th:onmousewheel,data-th-onmousewheel}] [1000]: karate.org.thymeleaf.standard.processor.StandardDOMEventAttributeTagProcessor
[THYMELEAF]             * [* {th:onseeking,data-th-onseeking}] [1000]: karate.org.thymeleaf.standard.processor.StandardDOMEventAttributeTagProcessor
[THYMELEAF]             * [* {th:onplaying,data-th-onplaying}] [1000]: karate.org.thymeleaf.standard.processor.StandardDOMEventAttributeTagProcessor
[THYMELEAF]             * [* {th:onformchange,data-th-onformchange}] [1000]: karate.org.thymeleaf.standard.processor.StandardDOMEventAttributeTagProcessor
[THYMELEAF]             * [* {th:onvolumechange,data-th-onvolumechange}] [1000]: karate.org.thymeleaf.standard.processor.StandardDOMEventAttributeTagProcessor
[THYMELEAF]             * [* {th:onmouseup,data-th-onmouseup}] [1000]: karate.org.thymeleaf.standard.processor.StandardDOMEventAttributeTagProcessor
[THYMELEAF]             * [* {th:oncontextmenu,data-th-oncontextmenu}] [1000]: karate.org.thymeleaf.standard.processor.StandardDOMEventAttributeTagProcessor
[THYMELEAF]             * [* {th:onsuspend,data-th-onsuspend}] [1000]: karate.org.thymeleaf.standard.processor.StandardDOMEventAttributeTagProcessor
[THYMELEAF]             * [* {th:onerror,data-th-onerror}] [1000]: karate.org.thymeleaf.standard.processor.StandardDOMEventAttributeTagProcessor
[THYMELEAF]             * [* {th:onoffline,data-th-onoffline}] [1000]: karate.org.thymeleaf.standard.processor.StandardDOMEventAttributeTagProcessor
[THYMELEAF]             * [* {th:onkeyup,data-th-onkeyup}] [1000]: karate.org.thymeleaf.standard.processor.StandardDOMEventAttributeTagProcessor
[THYMELEAF]             * [* {th:onpopstate,data-th-onpopstate}] [1000]: karate.org.thymeleaf.standard.processor.StandardDOMEventAttributeTagProcessor
[THYMELEAF]             * [* {th:onresize,data-th-onresize}] [1000]: karate.org.thymeleaf.standard.processor.StandardDOMEventAttributeTagProcessor
[THYMELEAF]             * [* {th:onunload,data-th-onunload}] [1000]: karate.org.thymeleaf.standard.processor.StandardDOMEventAttributeTagProcessor
[THYMELEAF]             * [* {th:onseeked,data-th-onseeked}] [1000]: karate.org.thymeleaf.standard.processor.StandardDOMEventAttributeTagProcessor
[THYMELEAF]             * [* {th:onstorage,data-th-onstorage}] [1000]: karate.org.thymeleaf.standard.processor.StandardDOMEventAttributeTagProcessor
[THYMELEAF]             * [* {th:onratechange,data-th-onratechange}] [1000]: karate.org.thymeleaf.standard.processor.StandardDOMEventAttributeTagProcessor
[THYMELEAF]             * [* {th:onblur,data-th-onblur}] [1000]: karate.org.thymeleaf.standard.processor.StandardDOMEventAttributeTagProcessor
[THYMELEAF]             * [* {th:onreadystatechange,data-th-onreadystatechange}] [1000]: karate.org.thymeleaf.standard.processor.StandardDOMEventAttributeTagProcessor
[THYMELEAF]             * [* {th:ontimeupdate,data-th-ontimeupdate}] [1000]: karate.org.thymeleaf.standard.processor.StandardDOMEventAttributeTagProcessor
[THYMELEAF]             * [* {th:onundo,data-th-onundo}] [1000]: karate.org.thymeleaf.standard.processor.StandardDOMEventAttributeTagProcessor
[THYMELEAF]             * [* {th:onsubmit,data-th-onsubmit}] [1000]: karate.org.thymeleaf.standard.processor.StandardDOMEventAttributeTagProcessor
[THYMELEAF]             * [* {th:onload,data-th-onload}] [1000]: karate.org.thymeleaf.standard.processor.StandardDOMEventAttributeTagProcessor
[THYMELEAF]             * [* {th:oninvalid,data-th-oninvalid}] [1000]: karate.org.thymeleaf.standard.processor.StandardDOMEventAttributeTagProcessor
[THYMELEAF]             * [* {th:onredo,data-th-onredo}] [1000]: karate.org.thymeleaf.standard.processor.StandardDOMEventAttributeTagProcessor
[THYMELEAF]             * [* {th:onbeforeunload,data-th-onbeforeunload}] [1000]: karate.org.thymeleaf.standard.processor.StandardDOMEventAttributeTagProcessor
[THYMELEAF]             * [* {th:onbeforeprint,data-th-onbeforeprint}] [1000]: karate.org.thymeleaf.standard.processor.StandardDOMEventAttributeTagProcessor
[THYMELEAF]             * [* {th:onafterprint,data-th-onafterprint}] [1000]: karate.org.thymeleaf.standard.processor.StandardDOMEventAttributeTagProcessor
[THYMELEAF]             * [* {th:onscroll,data-th-onscroll}] [1000]: karate.org.thymeleaf.standard.processor.StandardDOMEventAttributeTagProcessor
[THYMELEAF]             * [* {th:onfocus,data-th-onfocus}] [1000]: karate.org.thymeleaf.standard.processor.StandardDOMEventAttributeTagProcessor
[THYMELEAF]             * [* {th:onkeypress,data-th-onkeypress}] [1000]: karate.org.thymeleaf.standard.processor.StandardDOMEventAttributeTagProcessor
[THYMELEAF]             * [* {th:ondragstart,data-th-ondragstart}] [1000]: karate.org.thymeleaf.standard.processor.StandardDOMEventAttributeTagProcessor
[THYMELEAF]             * [* {th:href,data-th-href}] [1000]: karate.org.thymeleaf.standard.processor.StandardHrefTagProcessor
[THYMELEAF]             * [* {th:inline,data-th-inline}] [1000]: karate.org.thymeleaf.standard.processor.StandardInlineHTMLTagProcessor
[THYMELEAF]             * [* {th:method,data-th-method}] [1000]: karate.org.thymeleaf.standard.processor.StandardMethodTagProcessor
[THYMELEAF]             * [* {th:name,data-th-name}] [1000]: karate.org.thymeleaf.standard.processor.StandardNonRemovableAttributeTagProcessor
[THYMELEAF]             * [* {th:type,data-th-type}] [1000]: karate.org.thymeleaf.standard.processor.StandardNonRemovableAttributeTagProcessor
[THYMELEAF]             * [* {th:accept,data-th-accept}] [1000]: karate.org.thymeleaf.standard.processor.StandardRemovableAttributeTagProcessor
[THYMELEAF]             * [* {th:lang,data-th-lang}] [1000]: karate.org.thymeleaf.standard.processor.StandardRemovableAttributeTagProcessor
[THYMELEAF]             * [* {th:poster,data-th-poster}] [1000]: karate.org.thymeleaf.standard.processor.StandardRemovableAttributeTagProcessor
[THYMELEAF]             * [* {th:list,data-th-list}] [1000]: karate.org.thymeleaf.standard.processor.StandardRemovableAttributeTagProcessor
[THYMELEAF]             * [* {th:border,data-th-border}] [1000]: karate.org.thymeleaf.standard.processor.StandardRemovableAttributeTagProcessor
[THYMELEAF]             * [* {th:codetype,data-th-codetype}] [1000]: karate.org.thymeleaf.standard.processor.StandardRemovableAttributeTagProcessor
[THYMELEAF]             * [* {th:high,data-th-high}] [1000]: karate.org.thymeleaf.standard.processor.StandardRemovableAttributeTagProcessor
[THYMELEAF]             * [* {th:id,data-th-id}] [1000]: karate.org.thymeleaf.standard.processor.StandardRemovableAttributeTagProcessor
[THYMELEAF]             * [* {th:height,data-th-height}] [1000]: karate.org.thymeleaf.standard.processor.StandardRemovableAttributeTagProcessor
[THYMELEAF]             * [* {th:codebase,data-th-codebase}] [1000]: karate.org.thymeleaf.standard.processor.StandardRemovableAttributeTagProcessor
[THYMELEAF]             * [* {th:low,data-th-low}] [1000]: karate.org.thymeleaf.standard.processor.StandardRemovableAttributeTagProcessor
[THYMELEAF]             * [* {th:tabindex,data-th-tabindex}] [1000]: karate.org.thymeleaf.standard.processor.StandardRemovableAttributeTagProcessor
[THYMELEAF]             * [* {th:marginheight,data-th-marginheight}] [1000]: karate.org.thymeleaf.standard.processor.StandardRemovableAttributeTagProcessor
[THYMELEAF]             * [* {th:cellspacing,data-th-cellspacing}] [1000]: karate.org.thymeleaf.standard.processor.StandardRemovableAttributeTagProcessor
[THYMELEAF]             * [* {th:rows,data-th-rows}] [1000]: karate.org.thymeleaf.standard.processor.StandardRemovableAttributeTagProcessor
[THYMELEAF]             * [* {th:max,data-th-max}] [1000]: karate.org.thymeleaf.standard.processor.StandardRemovableAttributeTagProcessor
[THYMELEAF]             * [* {th:class,data-th-class}] [1000]: karate.org.thymeleaf.standard.processor.StandardRemovableAttributeTagProcessor
[THYMELEAF]             * [* {th:enctype,data-th-enctype}] [1000]: karate.org.thymeleaf.standard.processor.StandardRemovableAttributeTagProcessor
[THYMELEAF]             * [* {th:content,data-th-content}] [1000]: karate.org.thymeleaf.standard.processor.StandardRemovableAttributeTagProcessor
[THYMELEAF]             * [* {th:abbr,data-th-abbr}] [1000]: karate.org.thymeleaf.standard.processor.StandardRemovableAttributeTagProcessor
[THYMELEAF]             * [* {th:media,data-th-media}] [1000]: karate.org.thymeleaf.standard.processor.StandardRemovableAttributeTagProcessor
[THYMELEAF]             * [* {th:width,data-th-width}] [1000]: karate.org.thymeleaf.standard.processor.StandardRemovableAttributeTagProcessor
[THYMELEAF]             * [* {th:label,data-th-label}] [1000]: karate.org.thymeleaf.standard.processor.StandardRemovableAttributeTagProcessor
[THYMELEAF]             * [* {th:frameborder,data-th-frameborder}] [1000]: karate.org.thymeleaf.standard.processor.StandardRemovableAttributeTagProcessor
[THYMELEAF]             * [* {th:align,data-th-align}] [1000]: karate.org.thymeleaf.standard.processor.StandardRemovableAttributeTagProcessor
[THYMELEAF]             * [* {th:scope,data-th-scope}] [1000]: karate.org.thymeleaf.standard.processor.StandardRemovableAttributeTagProcessor
[THYMELEAF]             * [* {th:formaction,data-th-formaction}] [1000]: karate.org.thymeleaf.standard.processor.StandardRemovableAttributeTagProcessor
[THYMELEAF]             * [* {th:sandbox,data-th-sandbox}] [1000]: karate.org.thymeleaf.standard.processor.StandardRemovableAttributeTagProcessor
[THYMELEAF]             * [* {th:icon,data-th-icon}] [1000]: karate.org.thymeleaf.standard.processor.StandardRemovableAttributeTagProcessor
[THYMELEAF]             * [* {th:background,data-th-background}] [1000]: karate.org.thymeleaf.standard.processor.StandardRemovableAttributeTagProcessor
[THYMELEAF]             * [* {th:longdesc,data-th-longdesc}] [1000]: karate.org.thymeleaf.standard.processor.StandardRemovableAttributeTagProcessor
[THYMELEAF]             * [* {th:archive,data-th-archive}] [1000]: karate.org.thymeleaf.standard.processor.StandardRemovableAttributeTagProcessor
[THYMELEAF]             * [* {th:draggable,data-th-draggable}] [1000]: karate.org.thymeleaf.standard.processor.StandardRemovableAttributeTagProcessor
[THYMELEAF]             * [* {th:formenctype,data-th-formenctype}] [1000]: karate.org.thymeleaf.standard.processor.StandardRemovableAttributeTagProcessor
[THYMELEAF]             * [* {th:data,data-th-data}] [1000]: karate.org.thymeleaf.standard.processor.StandardRemovableAttributeTagProcessor
[THYMELEAF]             * [* {th:manifest,data-th-manifest}] [1000]: karate.org.thymeleaf.standard.processor.StandardRemovableAttributeTagProcessor
[THYMELEAF]             * [* {th:autocomplete,data-th-autocomplete}] [1000]: karate.org.thymeleaf.standard.processor.StandardRemovableAttributeTagProcessor
[THYMELEAF]             * [* {th:usemap,data-th-usemap}] [1000]: karate.org.thymeleaf.standard.processor.StandardRemovableAttributeTagProcessor
[THYMELEAF]             * [* {th:frame,data-th-frame}] [1000]: karate.org.thymeleaf.standard.processor.StandardRemovableAttributeTagProcessor
[THYMELEAF]             * [* {th:summary,data-th-summary}] [1000]: karate.org.thymeleaf.standard.processor.StandardRemovableAttributeTagProcessor
[THYMELEAF]             * [* {th:form,data-th-form}] [1000]: karate.org.thymeleaf.standard.processor.StandardRemovableAttributeTagProcessor
[THYMELEAF]             * [* {th:target,data-th-target}] [1000]: karate.org.thymeleaf.standard.processor.StandardRemovableAttributeTagProcessor
[THYMELEAF]             * [* {th:alt,data-th-alt}] [1000]: karate.org.thymeleaf.standard.processor.StandardRemovableAttributeTagProcessor
[THYMELEAF]             * [* {th:challenge,data-th-challenge}] [1000]: karate.org.thymeleaf.standard.processor.StandardRemovableAttributeTagProcessor
[THYMELEAF]             * [* {th:colspan,data-th-colspan}] [1000]: karate.org.thymeleaf.standard.processor.StandardRemovableAttributeTagProcessor
[THYMELEAF]             * [* {th:hreflang,data-th-hreflang}] [1000]: karate.org.thymeleaf.standard.processor.StandardRemovableAttributeTagProcessor
[THYMELEAF]             * [* {th:span,data-th-span}] [1000]: karate.org.thymeleaf.standard.processor.StandardRemovableAttributeTagProcessor
[THYMELEAF]             * [* {th:step,data-th-step}] [1000]: karate.org.thymeleaf.standard.processor.StandardRemovableAttributeTagProcessor
[THYMELEAF]             * [* {th:hspace,data-th-hspace}] [1000]: karate.org.thymeleaf.standard.processor.StandardRemovableAttributeTagProcessor
[THYMELEAF]             * [* {th:compact,data-th-compact}] [1000]: karate.org.thymeleaf.standard.processor.StandardRemovableAttributeTagProcessor
[THYMELEAF]             * [* {th:radiogroup,data-th-radiogroup}] [1000]: karate.org.thymeleaf.standard.processor.StandardRemovableAttributeTagProcessor
[THYMELEAF]             * [* {th:dropzone,data-th-dropzone}] [1000]: karate.org.thymeleaf.standard.processor.StandardRemovableAttributeTagProcessor
[THYMELEAF]             * [* {th:accept-charset,data-th-accept-charset}] [1000]: karate.org.thymeleaf.standard.processor.StandardRemovableAttributeTagProcessor
[THYMELEAF]             * [* {th:placeholder,data-th-placeholder}] [1000]: karate.org.thymeleaf.standard.processor.StandardRemovableAttributeTagProcessor
[THYMELEAF]             * [* {th:contenteditable,data-th-contenteditable}] [1000]: karate.org.thymeleaf.standard.processor.StandardRemovableAttributeTagProcessor
[THYMELEAF]             * [* {th:formtarget,data-th-formtarget}] [1000]: karate.org.thymeleaf.standard.processor.StandardRemovableAttributeTagProcessor
[THYMELEAF]             * [* {th:cols,data-th-cols}] [1000]: karate.org.thymeleaf.standard.processor.StandardRemovableAttributeTagProcessor
[THYMELEAF]             * [* {th:bgcolor,data-th-bgcolor}] [1000]: karate.org.thymeleaf.standard.processor.StandardRemovableAttributeTagProcessor
[THYMELEAF]             * [* {th:audio,data-th-audio}] [1000]: karate.org.thymeleaf.standard.processor.StandardRemovableAttributeTagProcessor
[THYMELEAF]             * [* {th:headers,data-th-headers}] [1000]: karate.org.thymeleaf.standard.processor.StandardRemovableAttributeTagProcessor
[THYMELEAF]             * [* {th:cellpadding,data-th-cellpadding}] [1000]: karate.org.thymeleaf.standard.processor.StandardRemovableAttributeTagProcessor
[THYMELEAF]             * [* {th:style,data-th-style}] [1000]: karate.org.thymeleaf.standard.processor.StandardRemovableAttributeTagProcessor
[THYMELEAF]             * [* {th:standby,data-th-standby}] [1000]: karate.org.thymeleaf.standard.processor.StandardRemovableAttributeTagProcessor
[THYMELEAF]             * [* {th:datetime,data-th-datetime}] [1000]: karate.org.thymeleaf.standard.processor.StandardRemovableAttributeTagProcessor
[THYMELEAF]             * [* {th:cite,data-th-cite}] [1000]: karate.org.thymeleaf.standard.processor.StandardRemovableAttributeTagProcessor
[THYMELEAF]             * [* {th:classid,data-th-classid}] [1000]: karate.org.thymeleaf.standard.processor.StandardRemovableAttributeTagProcessor
[THYMELEAF]             * [* {th:charset,data-th-charset}] [1000]: karate.org.thymeleaf.standard.processor.StandardRemovableAttributeTagProcessor
[THYMELEAF]             * [* {th:sizes,data-th-sizes}] [1000]: karate.org.thymeleaf.standard.processor.StandardRemovableAttributeTagProcessor
[THYMELEAF]             * [* {th:keytype,data-th-keytype}] [1000]: karate.org.thymeleaf.standard.processor.StandardRemovableAttributeTagProcessor
[THYMELEAF]             * [* {th:srclang,data-th-srclang}] [1000]: karate.org.thymeleaf.standard.processor.StandardRemovableAttributeTagProcessor
[THYMELEAF]             * [* {th:size,data-th-size}] [1000]: karate.org.thymeleaf.standard.processor.StandardRemovableAttributeTagProcessor
[THYMELEAF]             * [* {th:vspace,data-th-vspace}] [1000]: karate.org.thymeleaf.standard.processor.StandardRemovableAttributeTagProcessor
[THYMELEAF]             * [* {th:spellcheck,data-th-spellcheck}] [1000]: karate.org.thymeleaf.standard.processor.StandardRemovableAttributeTagProcessor
[THYMELEAF]             * [* {th:http-equiv,data-th-http-equiv}] [1000]: karate.org.thymeleaf.standard.processor.StandardRemovableAttributeTagProcessor
[THYMELEAF]             * [* {th:preload,data-th-preload}] [1000]: karate.org.thymeleaf.standard.processor.StandardRemovableAttributeTagProcessor
[THYMELEAF]             * [* {th:valuetype,data-th-valuetype}] [1000]: karate.org.thymeleaf.standard.processor.StandardRemovableAttributeTagProcessor
[THYMELEAF]             * [* {th:accesskey,data-th-accesskey}] [1000]: karate.org.thymeleaf.standard.processor.StandardRemovableAttributeTagProcessor
[THYMELEAF]             * [* {th:title,data-th-title}] [1000]: karate.org.thymeleaf.standard.processor.StandardRemovableAttributeTagProcessor
[THYMELEAF]             * [* {th:rel,data-th-rel}] [1000]: karate.org.thymeleaf.standard.processor.StandardRemovableAttributeTagProcessor
[THYMELEAF]             * [* {th:marginwidth,data-th-marginwidth}] [1000]: karate.org.thymeleaf.standard.processor.StandardRemovableAttributeTagProcessor
[THYMELEAF]             * [* {th:rowspan,data-th-rowspan}] [1000]: karate.org.thymeleaf.standard.processor.StandardRemovableAttributeTagProcessor
[THYMELEAF]             * [* {th:pattern,data-th-pattern}] [1000]: karate.org.thymeleaf.standard.processor.StandardRemovableAttributeTagProcessor
[THYMELEAF]             * [* {th:rev,data-th-rev}] [1000]: karate.org.thymeleaf.standard.processor.StandardRemovableAttributeTagProcessor
[THYMELEAF]             * [* {th:min,data-th-min}] [1000]: karate.org.thymeleaf.standard.processor.StandardRemovableAttributeTagProcessor
[THYMELEAF]             * [* {th:for,data-th-for}] [1000]: karate.org.thymeleaf.standard.processor.StandardRemovableAttributeTagProcessor
[THYMELEAF]             * [* {th:scheme,data-th-scheme}] [1000]: karate.org.thymeleaf.standard.processor.StandardRemovableAttributeTagProcessor
[THYMELEAF]             * [* {th:formmethod,data-th-formmethod}] [1000]: karate.org.thymeleaf.standard.processor.StandardRemovableAttributeTagProcessor
[THYMELEAF]             * [* {th:contextmenu,data-th-contextmenu}] [1000]: karate.org.thymeleaf.standard.processor.StandardRemovableAttributeTagProcessor
[THYMELEAF]             * [* {th:scrolling,data-th-scrolling}] [1000]: karate.org.thymeleaf.standard.processor.StandardRemovableAttributeTagProcessor
[THYMELEAF]             * [* {th:optimum,data-th-optimum}] [1000]: karate.org.thymeleaf.standard.processor.StandardRemovableAttributeTagProcessor
[THYMELEAF]             * [* {th:kind,data-th-kind}] [1000]: karate.org.thymeleaf.standard.processor.StandardRemovableAttributeTagProcessor
[THYMELEAF]             * [* {th:dir,data-th-dir}] [1000]: karate.org.thymeleaf.standard.processor.StandardRemovableAttributeTagProcessor
[THYMELEAF]             * [* {th:maxlength,data-th-maxlength}] [1000]: karate.org.thymeleaf.standard.processor.StandardRemovableAttributeTagProcessor
[THYMELEAF]             * [* {th:rules,data-th-rules}] [1000]: karate.org.thymeleaf.standard.processor.StandardRemovableAttributeTagProcessor
[THYMELEAF]             * [* {th:axis,data-th-axis}] [1000]: karate.org.thymeleaf.standard.processor.StandardRemovableAttributeTagProcessor
[THYMELEAF]             * [* {th:wrap,data-th-wrap}] [1000]: karate.org.thymeleaf.standard.processor.StandardRemovableAttributeTagProcessor
[THYMELEAF]             * [* {th:start,data-th-start}] [1000]: karate.org.thymeleaf.standard.processor.StandardRemovableAttributeTagProcessor
[THYMELEAF]             * [* {th:src,data-th-src}] [1000]: karate.org.thymeleaf.standard.processor.StandardSrcTagProcessor
[THYMELEAF]             * [* {th:value,data-th-value}] [1000]: karate.org.thymeleaf.standard.processor.StandardValueTagProcessor
[THYMELEAF]             * [* {th:xmlbase,data-th-xmlbase}] [1000]: karate.org.thymeleaf.standard.processor.StandardXmlBaseTagProcessor
[THYMELEAF]             * [* {th:xmllang,data-th-xmllang}] [1000]: karate.org.thymeleaf.standard.processor.StandardXmlLangTagProcessor
[THYMELEAF]             * [* {xmlns:th}] [1000]: karate.org.thymeleaf.standard.processor.StandardXmlNsTagProcessor
[THYMELEAF]             * [* {th:xmlspace,data-th-xmlspace}] [1000]: karate.org.thymeleaf.standard.processor.StandardXmlSpaceTagProcessor
[THYMELEAF]             * [* {th:classappend,data-th-classappend}] [1100]: karate.org.thymeleaf.standard.processor.StandardClassappendTagProcessor
[THYMELEAF]             * [* {th:styleappend,data-th-styleappend}] [1100]: karate.org.thymeleaf.standard.processor.StandardStyleappendTagProcessor
[THYMELEAF]             * [* {th:text,data-th-text}] [1300]: karate.org.thymeleaf.standard.processor.StandardTextTagProcessor
[THYMELEAF]             * [* {th:utext,data-th-utext}] [1400]: karate.org.thymeleaf.standard.processor.StandardUtextTagProcessor
[THYMELEAF]             * [* {th:fragment,data-th-fragment}] [1500]: karate.org.thymeleaf.standard.processor.StandardFragmentTagProcessor
[THYMELEAF]             * [* {th:assert,data-th-assert}] [1550]: karate.org.thymeleaf.standard.processor.StandardAssertTagProcessor
[THYMELEAF]             * [* {th:remove,data-th-remove}] [1600]: karate.org.thymeleaf.standard.processor.StandardRemoveTagProcessor
[THYMELEAF]             * [* {th:ref,data-th-ref}] [10000]: karate.org.thymeleaf.standard.processor.StandardRefAttributeTagProcessor
[THYMELEAF]             * [{th:block,th-block} *] [100000]: karate.org.thymeleaf.standard.processor.StandardBlockTagProcessor
[THYMELEAF]             * [* th:*] [2147483647]: karate.org.thymeleaf.standard.processor.StandardDefaultAttributesTagProcessor
[THYMELEAF]         * Text Processors by [precedence]:
[THYMELEAF]             * [1000]: karate.org.thymeleaf.standard.processor.StandardInliningTextProcessor
[THYMELEAF]         * DOCTYPE Processors by [precedence]:
[THYMELEAF]             * [1000]: karate.org.thymeleaf.standard.processor.StandardTranslationDocTypeProcessor
[THYMELEAF]         * CDATA Section Processors by [precedence]:
[THYMELEAF]             * [1000]: karate.org.thymeleaf.standard.processor.StandardInliningCDATASectionProcessor
[THYMELEAF]         * Comment Processors by [precedence]:
[THYMELEAF]             * [1000]: karate.org.thymeleaf.standard.processor.StandardInliningCommentProcessor
[THYMELEAF]             * [1100]: karate.org.thymeleaf.standard.processor.StandardConditionalCommentProcessor
[THYMELEAF]     * Processors for Template Mode: XML
[THYMELEAF]         * Element Tag Processors by [matching element and attribute name] [precedence]:
[THYMELEAF]             * [* {th:include}] [100]: karate.org.thymeleaf.standard.processor.StandardIncludeTagProcessor
[THYMELEAF]             * [* {th:insert}] [100]: karate.org.thymeleaf.standard.processor.StandardInsertTagProcessor
[THYMELEAF]             * [* {th:replace}] [100]: karate.org.thymeleaf.standard.processor.StandardReplaceTagProcessor
[THYMELEAF]             * [* {th:substituteby}] [100]: karate.org.thymeleaf.standard.processor.StandardSubstituteByTagProcessor
[THYMELEAF]             * [* {th:each}] [200]: com.intuit.karate.template.KarateEachTagProcessor
[THYMELEAF]             * [* {th:switch}] [250]: karate.org.thymeleaf.standard.processor.StandardSwitchTagProcessor
[THYMELEAF]             * [* {th:case}] [275]: karate.org.thymeleaf.standard.processor.StandardCaseTagProcessor
[THYMELEAF]             * [* {th:if}] [300]: karate.org.thymeleaf.standard.processor.StandardIfTagProcessor
[THYMELEAF]             * [* {th:unless}] [400]: karate.org.thymeleaf.standard.processor.StandardUnlessTagProcessor
[THYMELEAF]             * [* {th:object}] [500]: karate.org.thymeleaf.standard.processor.StandardObjectTagProcessor
[THYMELEAF]             * [* {th:with}] [600]: com.intuit.karate.template.KarateWithTagProcessor
[THYMELEAF]             * [* {th:attr}] [700]: com.intuit.karate.template.KarateAttributeTagProcessor.KarateAttrTagProcessor
[THYMELEAF]             * [* {th:attrappend}] [900]: com.intuit.karate.template.KarateAttributeTagProcessor.KarateAttrappendTagProcessor
[THYMELEAF]             * [* {th:attrprepend}] [900]: com.intuit.karate.template.KarateAttributeTagProcessor.KarateAttrprependTagProcessor
[THYMELEAF]             * [* {th:inline}] [1000]: karate.org.thymeleaf.standard.processor.StandardInlineXMLTagProcessor
[THYMELEAF]             * [* {xmlns:th}] [1000]: karate.org.thymeleaf.standard.processor.StandardXmlNsTagProcessor
[THYMELEAF]             * [* {th:text}] [1300]: karate.org.thymeleaf.standard.processor.StandardTextTagProcessor
[THYMELEAF]             * [* {th:utext}] [1400]: karate.org.thymeleaf.standard.processor.StandardUtextTagProcessor
[THYMELEAF]             * [* {th:fragment}] [1500]: karate.org.thymeleaf.standard.processor.StandardFragmentTagProcessor
[THYMELEAF]             * [* {th:assert}] [1550]: karate.org.thymeleaf.standard.processor.StandardAssertTagProcessor
[THYMELEAF]             * [* {th:remove}] [1600]: karate.org.thymeleaf.standard.processor.StandardRemoveTagProcessor
[THYMELEAF]             * [* {th:ref}] [10000]: karate.org.thymeleaf.standard.processor.StandardRefAttributeTagProcessor
[THYMELEAF]             * [{th:block} *] [100000]: karate.org.thymeleaf.standard.processor.StandardBlockTagProcessor
[THYMELEAF]             * [* th:*] [2147483647]: karate.org.thymeleaf.standard.processor.StandardDefaultAttributesTagProcessor
[THYMELEAF]         * Text Processors by [precedence]:
[THYMELEAF]             * [1000]: karate.org.thymeleaf.standard.processor.StandardInliningTextProcessor
[THYMELEAF]         * CDATA Section Processors by [precedence]:
[THYMELEAF]             * [1000]: karate.org.thymeleaf.standard.processor.StandardInliningCDATASectionProcessor
[THYMELEAF]         * Comment Processors by [precedence]:
[THYMELEAF]             * [1000]: karate.org.thymeleaf.standard.processor.StandardInliningCommentProcessor
[THYMELEAF]     * Processors for Template Mode: TEXT
[THYMELEAF]         * Element Tag Processors by [matching element and attribute name] [precedence]:
[THYMELEAF]             * [* {th:insert}] [100]: karate.org.thymeleaf.standard.processor.StandardInsertTagProcessor
[THYMELEAF]             * [* {th:replace}] [100]: karate.org.thymeleaf.standard.processor.StandardReplaceTagProcessor
[THYMELEAF]             * [* {th:each}] [200]: com.intuit.karate.template.KarateEachTagProcessor
[THYMELEAF]             * [* {th:switch}] [250]: karate.org.thymeleaf.standard.processor.StandardSwitchTagProcessor
[THYMELEAF]             * [* {th:case}] [275]: karate.org.thymeleaf.standard.processor.StandardCaseTagProcessor
[THYMELEAF]             * [* {th:if}] [300]: karate.org.thymeleaf.standard.processor.StandardIfTagProcessor
[THYMELEAF]             * [* {th:unless}] [400]: karate.org.thymeleaf.standard.processor.StandardUnlessTagProcessor
[THYMELEAF]             * [* {th:object}] [500]: karate.org.thymeleaf.standard.processor.StandardObjectTagProcessor
[THYMELEAF]             * [* {th:with}] [600]: com.intuit.karate.template.KarateWithTagProcessor
[THYMELEAF]             * [* {th:inline}] [1000]: karate.org.thymeleaf.standard.processor.StandardInlineTextualTagProcessor
[THYMELEAF]             * [* {th:text}] [1300]: karate.org.thymeleaf.standard.processor.StandardTextTagProcessor
[THYMELEAF]             * [* {th:utext}] [1400]: karate.org.thymeleaf.standard.processor.StandardUtextTagProcessor
[THYMELEAF]             * [* {th:assert}] [1550]: karate.org.thymeleaf.standard.processor.StandardAssertTagProcessor
[THYMELEAF]             * [* {th:remove}] [1600]: karate.org.thymeleaf.standard.processor.StandardRemoveTagProcessor
[THYMELEAF]             * [{th:block} *] [100000]: karate.org.thymeleaf.standard.processor.StandardBlockTagProcessor
[THYMELEAF]             * [* 100000] [karate.org.thymeleaf.standard.processor.StandardBlockTagProcessor]: {}
[THYMELEAF]         * Text Processors by [precedence]:
[THYMELEAF]             * [1000]: karate.org.thymeleaf.standard.processor.StandardInliningTextProcessor
[THYMELEAF]     * Processors for Template Mode: JAVASCRIPT
[THYMELEAF]         * Element Tag Processors by [matching element and attribute name] [precedence]:
[THYMELEAF]             * [* {th:insert}] [100]: karate.org.thymeleaf.standard.processor.StandardInsertTagProcessor
[THYMELEAF]             * [* {th:replace}] [100]: karate.org.thymeleaf.standard.processor.StandardReplaceTagProcessor
[THYMELEAF]             * [* {th:each}] [200]: com.intuit.karate.template.KarateEachTagProcessor
[THYMELEAF]             * [* {th:switch}] [250]: karate.org.thymeleaf.standard.processor.StandardSwitchTagProcessor
[THYMELEAF]             * [* {th:case}] [275]: karate.org.thymeleaf.standard.processor.StandardCaseTagProcessor
[THYMELEAF]             * [* {th:if}] [300]: karate.org.thymeleaf.standard.processor.StandardIfTagProcessor
[THYMELEAF]             * [* {th:unless}] [400]: karate.org.thymeleaf.standard.processor.StandardUnlessTagProcessor
[THYMELEAF]             * [* {th:object}] [500]: karate.org.thymeleaf.standard.processor.StandardObjectTagProcessor
[THYMELEAF]             * [* {th:with}] [600]: com.intuit.karate.template.KarateWithTagProcessor
[THYMELEAF]             * [* {th:inline}] [1000]: karate.org.thymeleaf.standard.processor.StandardInlineTextualTagProcessor
[THYMELEAF]             * [* {th:text}] [1300]: karate.org.thymeleaf.standard.processor.StandardTextTagProcessor
[THYMELEAF]             * [* {th:utext}] [1400]: karate.org.thymeleaf.standard.processor.StandardUtextTagProcessor
[THYMELEAF]             * [* {th:assert}] [1550]: karate.org.thymeleaf.standard.processor.StandardAssertTagProcessor
[THYMELEAF]             * [* {th:remove}] [1600]: karate.org.thymeleaf.standard.processor.StandardRemoveTagProcessor
[THYMELEAF]             * [* 100000] [karate.org.thymeleaf.standard.processor.StandardBlockTagProcessor]: {}
[THYMELEAF]             * [{th:block} *] [100000]: karate.org.thymeleaf.standard.processor.StandardBlockTagProcessor
[THYMELEAF]         * Text Processors by [precedence]:
[THYMELEAF]             * [1000]: karate.org.thymeleaf.standard.processor.StandardInliningTextProcessor
[THYMELEAF]     * Processors for Template Mode: CSS
[THYMELEAF]         * Element Tag Processors by [matching element and attribute name] [precedence]:
[THYMELEAF]             * [* {th:insert}] [100]: karate.org.thymeleaf.standard.processor.StandardInsertTagProcessor
[THYMELEAF]             * [* {th:replace}] [100]: karate.org.thymeleaf.standard.processor.StandardReplaceTagProcessor
[THYMELEAF]             * [* {th:each}] [200]: com.intuit.karate.template.KarateEachTagProcessor
[THYMELEAF]             * [* {th:switch}] [250]: karate.org.thymeleaf.standard.processor.StandardSwitchTagProcessor
[THYMELEAF]             * [* {th:case}] [275]: karate.org.thymeleaf.standard.processor.StandardCaseTagProcessor
[THYMELEAF]             * [* {th:if}] [300]: karate.org.thymeleaf.standard.processor.StandardIfTagProcessor
[THYMELEAF]             * [* {th:unless}] [400]: karate.org.thymeleaf.standard.processor.StandardUnlessTagProcessor
[THYMELEAF]             * [* {th:object}] [500]: karate.org.thymeleaf.standard.processor.StandardObjectTagProcessor
[THYMELEAF]             * [* {th:with}] [600]: com.intuit.karate.template.KarateWithTagProcessor
[THYMELEAF]             * [* {th:inline}] [1000]: karate.org.thymeleaf.standard.processor.StandardInlineTextualTagProcessor
[THYMELEAF]             * [* {th:text}] [1300]: karate.org.thymeleaf.standard.processor.StandardTextTagProcessor
[THYMELEAF]             * [* {th:utext}] [1400]: karate.org.thymeleaf.standard.processor.StandardUtextTagProcessor
[THYMELEAF]             * [* {th:assert}] [1550]: karate.org.thymeleaf.standard.processor.StandardAssertTagProcessor
[THYMELEAF]             * [* {th:remove}] [1600]: karate.org.thymeleaf.standard.processor.StandardRemoveTagProcessor
[THYMELEAF]             * [* 100000] [karate.org.thymeleaf.standard.processor.StandardBlockTagProcessor]: {}
[THYMELEAF]             * [{th:block} *] [100000]: karate.org.thymeleaf.standard.processor.StandardBlockTagProcessor
[THYMELEAF]         * Text Processors by [precedence]:
[THYMELEAF]             * [1000]: karate.org.thymeleaf.standard.processor.StandardInliningTextProcessor
[THYMELEAF]     * Expression Objects:
[THYMELEAF]         * #ctx
[THYMELEAF]         * #root
[THYMELEAF]         * #vars
[THYMELEAF]         * #object
[THYMELEAF]         * #locale
[THYMELEAF]         * #request
[THYMELEAF]         * #response
[THYMELEAF]         * #session
[THYMELEAF]         * #servletContext
[THYMELEAF]         * #conversions
[THYMELEAF]         * #uris
[THYMELEAF]         * #calendars
[THYMELEAF]         * #dates
[THYMELEAF]         * #bools
[THYMELEAF]         * #numbers
[THYMELEAF]         * #objects
[THYMELEAF]         * #strings
[THYMELEAF]         * #arrays
[THYMELEAF]         * #lists
[THYMELEAF]         * #sets
[THYMELEAF]         * #maps
[THYMELEAF]         * #aggregates
[THYMELEAF]         * #messages
[THYMELEAF]         * #ids
[THYMELEAF]         * #execInfo
[THYMELEAF]         * #httpServletRequest
[THYMELEAF]         * #httpSession
[THYMELEAF]     * Execution Attributes:
[THYMELEAF]         * "StandardExpressionParser": com.intuit.karate.template.KarateStandardDialect@40a8a26f
[THYMELEAF]         * "StandardJavaScriptSerializer": karate.org.thymeleaf.standard.serializer.StandardJavaScriptSerializer@246df37b
[THYMELEAF]         * "StandardCSSSerializer": karate.org.thymeleaf.standard.serializer.StandardCSSSerializer@2abedbbd
[THYMELEAF]         * "StandardVariableExpressionEvaluator": com.intuit.karate.template.KarateStandardDialect@40a8a26f
[THYMELEAF]         * "StandardConversionService": karate.org.thymeleaf.standard.expression.StandardConversionService@2c56eba5
[THYMELEAF] * Dialect [2 of 2]: karate (com.intuit.karate.template.KarateScriptDialect)
[THYMELEAF]     * Prefix: "ka"
[THYMELEAF]     * Processors for Template Mode: HTML
[THYMELEAF]         * Element Tag Processors by [matching element and attribute name] [precedence]:
[THYMELEAF]             * [* {src}] [1000]: com.intuit.karate.template.KaScriptAttrProcessor
[THYMELEAF]         * Element Model Processors by [matching element and attribute name] [precedence]:
[THYMELEAF]             * [{script} {ka:scope,data-ka-scope}] [1000]: com.intuit.karate.template.KaScriptElemProcessor
[THYMELEAF]             * [* {ka:set,data-ka-set}] [1000]: com.intuit.karate.template.KaSetElemProcessor
[THYMELEAF] TEMPLATE ENGINE CONFIGURED OK
13:04:53.756 [main] DEBUG karate.org.thymeleaf.TemplateEngine - [THYMELEAF] TEMPLATE ENGINE INITIALIZED
13:04:53.957 [Finalizer] DEBUG karate.org.apache.http.impl.conn.PoolingHttpClientConnectionManager - Connection manager is shutting down
13:04:53.958 [Finalizer] DEBUG karate.org.apache.http.impl.conn.DefaultManagedHttpClientConnection - http-outgoing-14: Close connection
13:04:53.958 [Finalizer] DEBUG karate.org.apache.http.impl.conn.PoolingHttpClientConnectionManager - Connection manager shut down
13:04:53.958 [Finalizer] DEBUG karate.org.apache.http.impl.conn.PoolingHttpClientConnectionManager - Connection manager is shutting down
13:04:53.958 [Finalizer] DEBUG karate.org.apache.http.impl.conn.DefaultManagedHttpClientConnection - http-outgoing-13: Close connection
13:04:53.959 [Finalizer] DEBUG karate.org.apache.http.impl.conn.PoolingHttpClientConnectionManager - Connection manager shut down
13:04:53.959 [Finalizer] DEBUG karate.org.apache.http.impl.conn.PoolingHttpClientConnectionManager - Connection manager is shutting down
13:04:53.959 [Finalizer] DEBUG karate.org.apache.http.impl.conn.DefaultManagedHttpClientConnection - http-outgoing-17: Close connection
13:04:53.959 [Finalizer] DEBUG karate.org.apache.http.impl.conn.PoolingHttpClientConnectionManager - Connection manager shut down
13:04:53.959 [Finalizer] DEBUG karate.org.apache.http.impl.conn.PoolingHttpClientConnectionManager - Connection manager is shutting down
13:04:53.959 [Finalizer] DEBUG karate.org.apache.http.impl.conn.DefaultManagedHttpClientConnection - http-outgoing-16: Close connection
13:04:53.960 [Finalizer] DEBUG karate.org.apache.http.impl.conn.PoolingHttpClientConnectionManager - Connection manager shut down
13:04:53.960 [Finalizer] DEBUG karate.org.apache.http.impl.conn.PoolingHttpClientConnectionManager - Connection manager is shutting down
13:04:53.960 [Finalizer] DEBUG karate.org.apache.http.impl.conn.DefaultManagedHttpClientConnection - http-outgoing-15: Close connection
13:04:53.960 [Finalizer] DEBUG karate.org.apache.http.impl.conn.PoolingHttpClientConnectionManager - Connection manager shut down
---------------------------------------------------------
feature: classpath:feature/CCE_BAN.feature
scenarios:  6 | passed:  0 | failed:  6 | time: 0.9857
---------------------------------------------------------

13:04:54.140 [main] INFO com.intuit.karate.Suite - <<fail>> feature 5 of 12 (0 remaining) classpath:feature/CCE_BAN.feature
13:04:54.149 [main] INFO com.intuit.karate - karate.env system property was: it01 
13:04:54.149 [main] INFO com.intuit.karate - clientId:52e80bfa-b42c-47d7-98b5-8bb87c926209 
13:04:54.151 [main] INFO com.intuit.karate - Current URL is : https://apigw-st.telus.com 
13:04:54.151 [main] INFO com.intuit.karate - Current Env is : it01 
13:04:54.158 [main] INFO com.intuit.karate - [print] eyJhbGciOiJSUzI1NiIsImtpZCI6ImNhZGZhMTYyLTU2YzEtNGRiOS1hNjNmLTYwZTM3NzIwMWJkZiIsInBpLmF0bSI6IjMifQ.eyJzY29wZSI6WyI0NzIwIl0sImF1dGhvcml6YXRpb25fZGV0YWlscyI6W10sImNsaWVudF9pZCI6IjUyZTgwYmZhLWI0MmMtNDdkNy05OGI1LThiYjg3YzkyNjIwOSIsImlzcyI6Imh0dHBzOi8vdGVhbXNzby1pdHMwNC50ZWx1cy5jb20iLCJhdWQiOiJrb25nIiwiaWF0IjoxNzIzMjIzMDg5LCJleHAiOjE3MjMyMjMzODl9.flESEmYyI_eCkBmzn54OkGfP2lAIxnyqs2XbjtABUAmEnkCOQe8uoiUdROg_nBCNsbluJLTMIyv2VQYcEFeVpzwJIN4AH00KC-3px8L7DRMcbbbRqgIOGamUVRjytKBt3cFR1XVCW32bLo_XlS6M0CPdsCtowSRRwenf6htGC3loiXiWZ8pxuYaJNnmQfuSN9rWpZNHc8y-eYDl0xm6EoEXQSfatP3EAxDBw6tgqlb5patcu_afyMqKiHha9IdISwDeMrqyfvgoAR4Sqhdy3Uxp_k_xzmM-XWElgzY0YfiUnRnIl01fsIz1UO7xaed3xVyVlwsYrq6nB9I57SYDk-A 
13:04:54.159 [main] DEBUG com.intuit.karate.core.ScenarioEngine - over-writing existing variable 'mockResponseWLS_RES_SUSPENDED' with new value: callonce read("../odsdata/getTestData_Consumer_Non_Prod.feature@getdata_resWLS_Suspended")
13:04:54.161 [main] INFO com.intuit.karate - >> lock acquired, begin callonce: read("../odsdata/getTestData_Consumer_Non_Prod.feature@getdata_resWLS_Suspended")
13:04:54.162 [main] INFO com.intuit.karate.core.FeatureRuntime - classpath:feature/../odsdata/getTestData_Consumer_Non_Prod.feature - call by tag at line 32: getdata_resWLS_Suspended
13:04:54.169 [main] INFO com.intuit.karate - [print]  
13:04:54.170 [main] INFO com.intuit.karate - [print]  
13:04:54.170 [main] INFO com.intuit.karate - [print]  
13:04:54.175 [main] DEBUG karate.org.apache.http.client.protocol.RequestAddCookies - CookieSpec selected: karate
13:04:54.176 [main] DEBUG karate.org.apache.http.client.protocol.RequestAuthCache - Auth cache not set in the context
13:04:54.176 [main] DEBUG com.intuit.karate - request:
1 > GET https://apigw-st.telus.com/customer/contactCenterOdsData/v1/account?businessUnit=RES&limit=1&brand=TELUS&lob=WIRELESS&status=Suspended
1 > Content-Type: application/json
1 > env: it01
1 > Authorization: Bearer eyJhbGciOiJSUzI1NiIsImtpZCI6ImNhZGZhMTYyLTU2YzEtNGRiOS1hNjNmLTYwZTM3NzIwMWJkZiIsInBpLmF0bSI6IjMifQ.eyJzY29wZSI6WyI0NzIwIl0sImF1dGhvcml6YXRpb25fZGV0YWlscyI6W10sImNsaWVudF9pZCI6IjUyZTgwYmZhLWI0MmMtNDdkNy05OGI1LThiYjg3YzkyNjIwOSIsImlzcyI6Imh0dHBzOi8vdGVhbXNzby1pdHMwNC50ZWx1cy5jb20iLCJhdWQiOiJrb25nIiwiaWF0IjoxNzIzMjIzMDg5LCJleHAiOjE3MjMyMjMzODl9.flESEmYyI_eCkBmzn54OkGfP2lAIxnyqs2XbjtABUAmEnkCOQe8uoiUdROg_nBCNsbluJLTMIyv2VQYcEFeVpzwJIN4AH00KC-3px8L7DRMcbbbRqgIOGamUVRjytKBt3cFR1XVCW32bLo_XlS6M0CPdsCtowSRRwenf6htGC3loiXiWZ8pxuYaJNnmQfuSN9rWpZNHc8y-eYDl0xm6EoEXQSfatP3EAxDBw6tgqlb5patcu_afyMqKiHha9IdISwDeMrqyfvgoAR4Sqhdy3Uxp_k_xzmM-XWElgzY0YfiUnRnIl01fsIz1UO7xaed3xVyVlwsYrq6nB9I57SYDk-A
1 > Host: apigw-st.telus.com
1 > Connection: Keep-Alive
1 > User-Agent: Apache-HttpClient/4.5.13 (Java/20.0.2)
1 > Accept-Encoding: gzip,deflate


13:04:54.176 [main] DEBUG karate.org.apache.http.impl.conn.PoolingHttpClientConnectionManager - Connection request: [route: {s}->https://apigw-st.telus.com:443][total available: 0; route allocated: 0 of 5; total allocated: 0 of 10]
13:04:54.176 [main] DEBUG karate.org.apache.http.impl.conn.PoolingHttpClientConnectionManager - Connection leased: [id: 18][route: {s}->https://apigw-st.telus.com:443][total available: 0; route allocated: 1 of 5; total allocated: 1 of 10]
13:04:54.176 [main] DEBUG karate.org.apache.http.impl.execchain.MainClientExec - Opening connection {s}->https://apigw-st.telus.com:443
13:04:54.177 [main] DEBUG karate.org.apache.http.impl.conn.DefaultHttpClientConnectionOperator - Connecting to apigw-st.telus.com/207.219.84.31:443
13:04:54.177 [main] DEBUG karate.org.apache.http.conn.ssl.LenientSslConnectionSocketFactory - Connecting socket to apigw-st.telus.com/207.219.84.31:443 with timeout 10000
13:04:54.210 [main] DEBUG karate.org.apache.http.conn.ssl.LenientSslConnectionSocketFactory - Enabled protocols: [TLSv1.3, TLSv1.2]
13:04:54.210 [main] DEBUG karate.org.apache.http.conn.ssl.LenientSslConnectionSocketFactory - Enabled cipher suites:[TLS_AES_256_GCM_SHA384, TLS_AES_128_GCM_SHA256, TLS_CHACHA20_POLY1305_SHA256, TLS_ECDHE_ECDSA_WITH_AES_256_GCM_SHA384, TLS_ECDHE_ECDSA_WITH_AES_128_GCM_SHA256, TLS_ECDHE_ECDSA_WITH_CHACHA20_POLY1305_SHA256, TLS_ECDHE_RSA_WITH_AES_256_GCM_SHA384, TLS_ECDHE_RSA_WITH_CHACHA20_POLY1305_SHA256, TLS_ECDHE_RSA_WITH_AES_128_GCM_SHA256, TLS_DHE_RSA_WITH_AES_256_GCM_SHA384, TLS_DHE_RSA_WITH_CHACHA20_POLY1305_SHA256, TLS_DHE_DSS_WITH_AES_256_GCM_SHA384, TLS_DHE_RSA_WITH_AES_128_GCM_SHA256, TLS_DHE_DSS_WITH_AES_128_GCM_SHA256, TLS_ECDHE_ECDSA_WITH_AES_256_CBC_SHA384, TLS_ECDHE_RSA_WITH_AES_256_CBC_SHA384, TLS_ECDHE_ECDSA_WITH_AES_128_CBC_SHA256, TLS_ECDHE_RSA_WITH_AES_128_CBC_SHA256, TLS_DHE_RSA_WITH_AES_256_CBC_SHA256, TLS_DHE_DSS_WITH_AES_256_CBC_SHA256, TLS_DHE_RSA_WITH_AES_128_CBC_SHA256, TLS_DHE_DSS_WITH_AES_128_CBC_SHA256, TLS_ECDHE_ECDSA_WITH_AES_256_CBC_SHA, TLS_ECDHE_RSA_WITH_AES_256_CBC_SHA, TLS_ECDHE_ECDSA_WITH_AES_128_CBC_SHA, TLS_ECDHE_RSA_WITH_AES_128_CBC_SHA, TLS_DHE_RSA_WITH_AES_256_CBC_SHA, TLS_DHE_DSS_WITH_AES_256_CBC_SHA, TLS_DHE_RSA_WITH_AES_128_CBC_SHA, TLS_DHE_DSS_WITH_AES_128_CBC_SHA, TLS_RSA_WITH_AES_256_GCM_SHA384, TLS_RSA_WITH_AES_128_GCM_SHA256, TLS_RSA_WITH_AES_256_CBC_SHA256, TLS_RSA_WITH_AES_128_CBC_SHA256, TLS_RSA_WITH_AES_256_CBC_SHA, TLS_RSA_WITH_AES_128_CBC_SHA, TLS_EMPTY_RENEGOTIATION_INFO_SCSV]
13:04:54.210 [main] DEBUG karate.org.apache.http.conn.ssl.LenientSslConnectionSocketFactory - Starting handshake
13:04:54.266 [main] DEBUG karate.org.apache.http.conn.ssl.LenientSslConnectionSocketFactory - Secure session established
13:04:54.266 [main] DEBUG karate.org.apache.http.conn.ssl.LenientSslConnectionSocketFactory -  negotiated protocol: TLSv1.3
13:04:54.266 [main] DEBUG karate.org.apache.http.conn.ssl.LenientSslConnectionSocketFactory -  negotiated cipher suite: TLS_AES_128_GCM_SHA256
13:04:54.266 [main] DEBUG karate.org.apache.http.conn.ssl.LenientSslConnectionSocketFactory -  peer principal: CN=apigw-soap-st.telus.com, O=TELUS Corp., L=Vancouver, ST=British Columbia, C=CA
13:04:54.267 [main] DEBUG karate.org.apache.http.conn.ssl.LenientSslConnectionSocketFactory -  peer alternative names: [apigw-soap-st.telus.com, apigw-st.telus.com, apigw-qidc-st.telus.com, apigw-kidc-st.telus.com, apigw-soap-qidc-st.telus.com, apigw-soap-kidc-st.telus.com]
13:04:54.267 [main] DEBUG karate.org.apache.http.conn.ssl.LenientSslConnectionSocketFactory -  issuer principal: CN=DigiCert Global G2 TLS RSA SHA256 2020 CA1, O=DigiCert Inc, C=US
13:04:54.267 [main] DEBUG karate.org.apache.http.impl.conn.DefaultHttpClientConnectionOperator - Connection established 192.168.1.65:54954<->207.219.84.31:443
13:04:54.267 [main] DEBUG karate.org.apache.http.impl.conn.DefaultManagedHttpClientConnection - http-outgoing-18: set socket timeout to 20000
13:04:54.267 [main] DEBUG karate.org.apache.http.impl.execchain.MainClientExec - Executing request GET /customer/contactCenterOdsData/v1/account?businessUnit=RES&limit=1&brand=TELUS&lob=WIRELESS&status=Suspended HTTP/1.1
13:04:54.267 [main] DEBUG karate.org.apache.http.impl.execchain.MainClientExec - Proxy auth state: UNCHALLENGED
13:04:54.267 [main] DEBUG karate.org.apache.http.headers - http-outgoing-18 >> GET /customer/contactCenterOdsData/v1/account?businessUnit=RES&limit=1&brand=TELUS&lob=WIRELESS&status=Suspended HTTP/1.1
13:04:54.267 [main] DEBUG karate.org.apache.http.headers - http-outgoing-18 >> Content-Type: application/json
13:04:54.267 [main] DEBUG karate.org.apache.http.headers - http-outgoing-18 >> env: it01
13:04:54.267 [main] DEBUG karate.org.apache.http.headers - http-outgoing-18 >> Authorization: Bearer eyJhbGciOiJSUzI1NiIsImtpZCI6ImNhZGZhMTYyLTU2YzEtNGRiOS1hNjNmLTYwZTM3NzIwMWJkZiIsInBpLmF0bSI6IjMifQ.eyJzY29wZSI6WyI0NzIwIl0sImF1dGhvcml6YXRpb25fZGV0YWlscyI6W10sImNsaWVudF9pZCI6IjUyZTgwYmZhLWI0MmMtNDdkNy05OGI1LThiYjg3YzkyNjIwOSIsImlzcyI6Imh0dHBzOi8vdGVhbXNzby1pdHMwNC50ZWx1cy5jb20iLCJhdWQiOiJrb25nIiwiaWF0IjoxNzIzMjIzMDg5LCJleHAiOjE3MjMyMjMzODl9.flESEmYyI_eCkBmzn54OkGfP2lAIxnyqs2XbjtABUAmEnkCOQe8uoiUdROg_nBCNsbluJLTMIyv2VQYcEFeVpzwJIN4AH00KC-3px8L7DRMcbbbRqgIOGamUVRjytKBt3cFR1XVCW32bLo_XlS6M0CPdsCtowSRRwenf6htGC3loiXiWZ8pxuYaJNnmQfuSN9rWpZNHc8y-eYDl0xm6EoEXQSfatP3EAxDBw6tgqlb5patcu_afyMqKiHha9IdISwDeMrqyfvgoAR4Sqhdy3Uxp_k_xzmM-XWElgzY0YfiUnRnIl01fsIz1UO7xaed3xVyVlwsYrq6nB9I57SYDk-A
13:04:54.267 [main] DEBUG karate.org.apache.http.headers - http-outgoing-18 >> Host: apigw-st.telus.com
13:04:54.267 [main] DEBUG karate.org.apache.http.headers - http-outgoing-18 >> Connection: Keep-Alive
13:04:54.267 [main] DEBUG karate.org.apache.http.headers - http-outgoing-18 >> User-Agent: Apache-HttpClient/4.5.13 (Java/20.0.2)
13:04:54.267 [main] DEBUG karate.org.apache.http.headers - http-outgoing-18 >> Accept-Encoding: gzip,deflate
13:04:54.267 [main] DEBUG karate.org.apache.http.wire - http-outgoing-18 >> "GET /customer/contactCenterOdsData/v1/account?businessUnit=RES&limit=1&brand=TELUS&lob=WIRELESS&status=Suspended HTTP/1.1[\r][\n]"
13:04:54.267 [main] DEBUG karate.org.apache.http.wire - http-outgoing-18 >> "Content-Type: application/json[\r][\n]"
13:04:54.267 [main] DEBUG karate.org.apache.http.wire - http-outgoing-18 >> "env: it01[\r][\n]"
13:04:54.267 [main] DEBUG karate.org.apache.http.wire - http-outgoing-18 >> "Authorization: Bearer eyJhbGciOiJSUzI1NiIsImtpZCI6ImNhZGZhMTYyLTU2YzEtNGRiOS1hNjNmLTYwZTM3NzIwMWJkZiIsInBpLmF0bSI6IjMifQ.eyJzY29wZSI6WyI0NzIwIl0sImF1dGhvcml6YXRpb25fZGV0YWlscyI6W10sImNsaWVudF9pZCI6IjUyZTgwYmZhLWI0MmMtNDdkNy05OGI1LThiYjg3YzkyNjIwOSIsImlzcyI6Imh0dHBzOi8vdGVhbXNzby1pdHMwNC50ZWx1cy5jb20iLCJhdWQiOiJrb25nIiwiaWF0IjoxNzIzMjIzMDg5LCJleHAiOjE3MjMyMjMzODl9.flESEmYyI_eCkBmzn54OkGfP2lAIxnyqs2XbjtABUAmEnkCOQe8uoiUdROg_nBCNsbluJLTMIyv2VQYcEFeVpzwJIN4AH00KC-3px8L7DRMcbbbRqgIOGamUVRjytKBt3cFR1XVCW32bLo_XlS6M0CPdsCtowSRRwenf6htGC3loiXiWZ8pxuYaJNnmQfuSN9rWpZNHc8y-eYDl0xm6EoEXQSfatP3EAxDBw6tgqlb5patcu_afyMqKiHha9IdISwDeMrqyfvgoAR4Sqhdy3Uxp_k_xzmM-XWElgzY0YfiUnRnIl01fsIz1UO7xaed3xVyVlwsYrq6nB9I57SYDk-A[\r][\n]"
13:04:54.267 [main] DEBUG karate.org.apache.http.wire - http-outgoing-18 >> "Host: apigw-st.telus.com[\r][\n]"
13:04:54.267 [main] DEBUG karate.org.apache.http.wire - http-outgoing-18 >> "Connection: Keep-Alive[\r][\n]"
13:04:54.267 [main] DEBUG karate.org.apache.http.wire - http-outgoing-18 >> "User-Agent: Apache-HttpClient/4.5.13 (Java/20.0.2)[\r][\n]"
13:04:54.267 [main] DEBUG karate.org.apache.http.wire - http-outgoing-18 >> "Accept-Encoding: gzip,deflate[\r][\n]"
13:04:54.267 [main] DEBUG karate.org.apache.http.wire - http-outgoing-18 >> "[\r][\n]"
13:04:54.325 [main] DEBUG karate.org.apache.http.wire - http-outgoing-18 << "HTTP/1.1 403 Forbidden[\r][\n]"
13:04:54.325 [main] DEBUG karate.org.apache.http.wire - http-outgoing-18 << "Content-Type: application/json; charset=utf-8[\r][\n]"
13:04:54.325 [main] DEBUG karate.org.apache.http.wire - http-outgoing-18 << "Content-Length: 23[\r][\n]"
13:04:54.325 [main] DEBUG karate.org.apache.http.wire - http-outgoing-18 << "Connection: keep-alive[\r][\n]"
13:04:54.325 [main] DEBUG karate.org.apache.http.wire - http-outgoing-18 << "Date: Fri, 09 Aug 2024 17:04:54 GMT[\r][\n]"
13:04:54.325 [main] DEBUG karate.org.apache.http.wire - http-outgoing-18 << "WWW-Authenticate: Bearer realm="telusidentity.apigateway.telus.com", error="insufficient_scope"[\r][\n]"
13:04:54.325 [main] DEBUG karate.org.apache.http.wire - http-outgoing-18 << "Kong-Request-ID: 3aa5f36c-7f69-4b8a-8ad5-11779bbbdd62#359207[\r][\n]"
13:04:54.325 [main] DEBUG karate.org.apache.http.wire - http-outgoing-18 << "vary: Origin[\r][\n]"
13:04:54.325 [main] DEBUG karate.org.apache.http.wire - http-outgoing-18 << "X-Kong-Response-Latency: 5[\r][\n]"
13:04:54.325 [main] DEBUG karate.org.apache.http.wire - http-outgoing-18 << "Server: kong/3.4.3.11-enterprise-edition[\r][\n]"
13:04:54.325 [main] DEBUG karate.org.apache.http.wire - http-outgoing-18 << "X-Kong-Request-Id: 2e96b2151ebe7d431940680e90c4df4d[\r][\n]"
13:04:54.325 [main] DEBUG karate.org.apache.http.wire - http-outgoing-18 << "vary: Origin[\r][\n]"
13:04:54.325 [main] DEBUG karate.org.apache.http.wire - http-outgoing-18 << "X-Kong-Upstream-Latency: 13[\r][\n]"
13:04:54.325 [main] DEBUG karate.org.apache.http.wire - http-outgoing-18 << "X-Kong-Proxy-Latency: 1[\r][\n]"
13:04:54.325 [main] DEBUG karate.org.apache.http.wire - http-outgoing-18 << "Via: kong/3.4.3.11-enterprise-edition[\r][\n]"
13:04:54.325 [main] DEBUG karate.org.apache.http.wire - http-outgoing-18 << "[\r][\n]"
13:04:54.325 [main] DEBUG karate.org.apache.http.wire - http-outgoing-18 << "{"message":"Forbidden"}"
13:04:54.325 [main] DEBUG karate.org.apache.http.headers - http-outgoing-18 << HTTP/1.1 403 Forbidden
13:04:54.325 [main] DEBUG karate.org.apache.http.headers - http-outgoing-18 << Content-Type: application/json; charset=utf-8
13:04:54.325 [main] DEBUG karate.org.apache.http.headers - http-outgoing-18 << Content-Length: 23
13:04:54.325 [main] DEBUG karate.org.apache.http.headers - http-outgoing-18 << Connection: keep-alive
13:04:54.325 [main] DEBUG karate.org.apache.http.headers - http-outgoing-18 << Date: Fri, 09 Aug 2024 17:04:54 GMT
13:04:54.325 [main] DEBUG karate.org.apache.http.headers - http-outgoing-18 << WWW-Authenticate: Bearer realm="telusidentity.apigateway.telus.com", error="insufficient_scope"
13:04:54.325 [main] DEBUG karate.org.apache.http.headers - http-outgoing-18 << Kong-Request-ID: 3aa5f36c-7f69-4b8a-8ad5-11779bbbdd62#359207
13:04:54.325 [main] DEBUG karate.org.apache.http.headers - http-outgoing-18 << vary: Origin
13:04:54.325 [main] DEBUG karate.org.apache.http.headers - http-outgoing-18 << X-Kong-Response-Latency: 5
13:04:54.325 [main] DEBUG karate.org.apache.http.headers - http-outgoing-18 << Server: kong/3.4.3.11-enterprise-edition
13:04:54.325 [main] DEBUG karate.org.apache.http.headers - http-outgoing-18 << X-Kong-Request-Id: 2e96b2151ebe7d431940680e90c4df4d
13:04:54.325 [main] DEBUG karate.org.apache.http.headers - http-outgoing-18 << vary: Origin
13:04:54.325 [main] DEBUG karate.org.apache.http.headers - http-outgoing-18 << X-Kong-Upstream-Latency: 13
13:04:54.325 [main] DEBUG karate.org.apache.http.headers - http-outgoing-18 << X-Kong-Proxy-Latency: 1
13:04:54.325 [main] DEBUG karate.org.apache.http.headers - http-outgoing-18 << Via: kong/3.4.3.11-enterprise-edition
13:04:54.326 [main] DEBUG karate.org.apache.http.impl.execchain.MainClientExec - Connection can be kept alive indefinitely
13:04:54.326 [main] DEBUG karate.org.apache.http.impl.conn.PoolingHttpClientConnectionManager - Connection [id: 18][route: {s}->https://apigw-st.telus.com:443] can be kept alive indefinitely
13:04:54.326 [main] DEBUG karate.org.apache.http.impl.conn.DefaultManagedHttpClientConnection - http-outgoing-18: set socket timeout to 0
13:04:54.326 [main] DEBUG karate.org.apache.http.impl.conn.PoolingHttpClientConnectionManager - Connection released: [id: 18][route: {s}->https://apigw-st.telus.com:443][total available: 1; route allocated: 1 of 5; total allocated: 1 of 10]
13:04:54.326 [main] DEBUG com.intuit.karate - response time in milliseconds: 150
1 < 403
1 < Content-Type: application/json; charset=utf-8
1 < Content-Length: 23
1 < Connection: keep-alive
1 < Date: Fri, 09 Aug 2024 17:04:54 GMT
1 < WWW-Authenticate: Bearer realm="telusidentity.apigateway.telus.com", error="insufficient_scope"
1 < Kong-Request-ID: 3aa5f36c-7f69-4b8a-8ad5-11779bbbdd62#359207
1 < vary: Origin
1 < vary: Origin
1 < X-Kong-Response-Latency: 5
1 < Server: kong/3.4.3.11-enterprise-edition
1 < X-Kong-Request-Id: 2e96b2151ebe7d431940680e90c4df4d
1 < X-Kong-Upstream-Latency: 13
1 < X-Kong-Proxy-Latency: 1
1 < Via: kong/3.4.3.11-enterprise-edition
{"message":"Forbidden"}
13:04:54.327 [main] INFO com.intuit.karate - [print] {
  "message": "Forbidden"
}
 
13:04:54.330 [main] DEBUG com.intuit.karate - write to file: target\testdata\output.json
13:04:54.330 [main] INFO com.intuit.karate - [print] {
  "message": "Forbidden"
}
 
13:04:54.331 [main] INFO com.intuit.karate - << lock released, cached callonce: read("../odsdata/getTestData_Consumer_Non_Prod.feature@getdata_resWLS_Suspended")
13:04:54.331 [main] DEBUG com.intuit.karate.core.ScenarioEngine - over-writing existing variable 'mockResponseWLS_RES_ACTIVE' with new value: callonce read("../odsdata/getTestData_Consumer_Non_Prod.feature@getdata_resWLS_Active")
13:04:54.333 [main] INFO com.intuit.karate - >> lock acquired, begin callonce: read("../odsdata/getTestData_Consumer_Non_Prod.feature@getdata_resWLS_Active")
13:04:54.333 [main] INFO com.intuit.karate.core.FeatureRuntime - classpath:feature/../odsdata/getTestData_Consumer_Non_Prod.feature - call by tag at line 18: getdata_resWLS_Active
13:04:54.338 [main] INFO com.intuit.karate - [print]  
13:04:54.338 [main] INFO com.intuit.karate - [print] {
  "mockResponseWLS_RES_SUSPENDED": {
    "message": "Forbidden"
  },
  "responseHeaders": {
    "Content-Type": [
      "application/json; charset=utf-8"
    ],
    "Content-Length": [
      "23"
    ],
    "Connection": [
      "keep-alive"
    ],
    "Date": [
      "Fri, 09 Aug 2024 17:04:54 GMT"
    ],
    "WWW-Authenticate": [
      "Bearer realm=\"telusidentity.apigateway.telus.com\", error=\"insufficient_scope\""
    ],
    "Kong-Request-ID": [
      "3aa5f36c-7f69-4b8a-8ad5-11779bbbdd62#359207"
    ],
    "vary": [
      "Origin",
      "Origin"
    ],
    "X-Kong-Response-Latency": [
      "5"
    ],
    "Server": [
      "kong/3.4.3.11-enterprise-edition"
    ],
    "X-Kong-Request-Id": [
      "2e96b2151ebe7d431940680e90c4df4d"
    ],
    "X-Kong-Upstream-Latency": [
      "13"
    ],
    "X-Kong-Proxy-Latency": [
      "1"
    ],
    "Via": [
      "kong/3.4.3.11-enterprise-edition"
    ]
  },
  "responseStatus": 403,
  "response": "#ref:java.util.LinkedHashMap"
}
 
13:04:54.338 [main] INFO com.intuit.karate - [print]  
13:04:54.340 [main] DEBUG karate.org.apache.http.client.protocol.RequestAddCookies - CookieSpec selected: karate
13:04:54.340 [main] DEBUG karate.org.apache.http.client.protocol.RequestAuthCache - Auth cache not set in the context
13:04:54.340 [main] DEBUG com.intuit.karate - request:
1 > GET https://apigw-st.telus.com/customer/contactCenterOdsData/v1/account?businessUnit=RES&limit=1&brand=TELUS&lob=WIRELESS&status=ACTIVE
1 > Content-Type: application/json
1 > env: it01
1 > Authorization: Bearer eyJhbGciOiJSUzI1NiIsImtpZCI6ImNhZGZhMTYyLTU2YzEtNGRiOS1hNjNmLTYwZTM3NzIwMWJkZiIsInBpLmF0bSI6IjMifQ.eyJzY29wZSI6WyI0NzIwIl0sImF1dGhvcml6YXRpb25fZGV0YWlscyI6W10sImNsaWVudF9pZCI6IjUyZTgwYmZhLWI0MmMtNDdkNy05OGI1LThiYjg3YzkyNjIwOSIsImlzcyI6Imh0dHBzOi8vdGVhbXNzby1pdHMwNC50ZWx1cy5jb20iLCJhdWQiOiJrb25nIiwiaWF0IjoxNzIzMjIzMDg5LCJleHAiOjE3MjMyMjMzODl9.flESEmYyI_eCkBmzn54OkGfP2lAIxnyqs2XbjtABUAmEnkCOQe8uoiUdROg_nBCNsbluJLTMIyv2VQYcEFeVpzwJIN4AH00KC-3px8L7DRMcbbbRqgIOGamUVRjytKBt3cFR1XVCW32bLo_XlS6M0CPdsCtowSRRwenf6htGC3loiXiWZ8pxuYaJNnmQfuSN9rWpZNHc8y-eYDl0xm6EoEXQSfatP3EAxDBw6tgqlb5patcu_afyMqKiHha9IdISwDeMrqyfvgoAR4Sqhdy3Uxp_k_xzmM-XWElgzY0YfiUnRnIl01fsIz1UO7xaed3xVyVlwsYrq6nB9I57SYDk-A
1 > Host: apigw-st.telus.com
1 > Connection: Keep-Alive
1 > User-Agent: Apache-HttpClient/4.5.13 (Java/20.0.2)
1 > Accept-Encoding: gzip,deflate


13:04:54.340 [main] DEBUG karate.org.apache.http.impl.conn.PoolingHttpClientConnectionManager - Connection request: [route: {s}->https://apigw-st.telus.com:443][total available: 0; route allocated: 0 of 5; total allocated: 0 of 10]
13:04:54.341 [main] DEBUG karate.org.apache.http.impl.conn.PoolingHttpClientConnectionManager - Connection leased: [id: 19][route: {s}->https://apigw-st.telus.com:443][total available: 0; route allocated: 1 of 5; total allocated: 1 of 10]
13:04:54.341 [main] DEBUG karate.org.apache.http.impl.execchain.MainClientExec - Opening connection {s}->https://apigw-st.telus.com:443
13:04:54.341 [main] DEBUG karate.org.apache.http.impl.conn.DefaultHttpClientConnectionOperator - Connecting to apigw-st.telus.com/207.219.84.31:443
13:04:54.341 [main] DEBUG karate.org.apache.http.conn.ssl.LenientSslConnectionSocketFactory - Connecting socket to apigw-st.telus.com/207.219.84.31:443 with timeout 10000
13:04:54.380 [main] DEBUG karate.org.apache.http.conn.ssl.LenientSslConnectionSocketFactory - Enabled protocols: [TLSv1.3, TLSv1.2]
13:04:54.380 [main] DEBUG karate.org.apache.http.conn.ssl.LenientSslConnectionSocketFactory - Enabled cipher suites:[TLS_AES_256_GCM_SHA384, TLS_AES_128_GCM_SHA256, TLS_CHACHA20_POLY1305_SHA256, TLS_ECDHE_ECDSA_WITH_AES_256_GCM_SHA384, TLS_ECDHE_ECDSA_WITH_AES_128_GCM_SHA256, TLS_ECDHE_ECDSA_WITH_CHACHA20_POLY1305_SHA256, TLS_ECDHE_RSA_WITH_AES_256_GCM_SHA384, TLS_ECDHE_RSA_WITH_CHACHA20_POLY1305_SHA256, TLS_ECDHE_RSA_WITH_AES_128_GCM_SHA256, TLS_DHE_RSA_WITH_AES_256_GCM_SHA384, TLS_DHE_RSA_WITH_CHACHA20_POLY1305_SHA256, TLS_DHE_DSS_WITH_AES_256_GCM_SHA384, TLS_DHE_RSA_WITH_AES_128_GCM_SHA256, TLS_DHE_DSS_WITH_AES_128_GCM_SHA256, TLS_ECDHE_ECDSA_WITH_AES_256_CBC_SHA384, TLS_ECDHE_RSA_WITH_AES_256_CBC_SHA384, TLS_ECDHE_ECDSA_WITH_AES_128_CBC_SHA256, TLS_ECDHE_RSA_WITH_AES_128_CBC_SHA256, TLS_DHE_RSA_WITH_AES_256_CBC_SHA256, TLS_DHE_DSS_WITH_AES_256_CBC_SHA256, TLS_DHE_RSA_WITH_AES_128_CBC_SHA256, TLS_DHE_DSS_WITH_AES_128_CBC_SHA256, TLS_ECDHE_ECDSA_WITH_AES_256_CBC_SHA, TLS_ECDHE_RSA_WITH_AES_256_CBC_SHA, TLS_ECDHE_ECDSA_WITH_AES_128_CBC_SHA, TLS_ECDHE_RSA_WITH_AES_128_CBC_SHA, TLS_DHE_RSA_WITH_AES_256_CBC_SHA, TLS_DHE_DSS_WITH_AES_256_CBC_SHA, TLS_DHE_RSA_WITH_AES_128_CBC_SHA, TLS_DHE_DSS_WITH_AES_128_CBC_SHA, TLS_RSA_WITH_AES_256_GCM_SHA384, TLS_RSA_WITH_AES_128_GCM_SHA256, TLS_RSA_WITH_AES_256_CBC_SHA256, TLS_RSA_WITH_AES_128_CBC_SHA256, TLS_RSA_WITH_AES_256_CBC_SHA, TLS_RSA_WITH_AES_128_CBC_SHA, TLS_EMPTY_RENEGOTIATION_INFO_SCSV]
13:04:54.380 [main] DEBUG karate.org.apache.http.conn.ssl.LenientSslConnectionSocketFactory - Starting handshake
13:04:54.435 [main] DEBUG karate.org.apache.http.conn.ssl.LenientSslConnectionSocketFactory - Secure session established
13:04:54.435 [main] DEBUG karate.org.apache.http.conn.ssl.LenientSslConnectionSocketFactory -  negotiated protocol: TLSv1.3
13:04:54.435 [main] DEBUG karate.org.apache.http.conn.ssl.LenientSslConnectionSocketFactory -  negotiated cipher suite: TLS_AES_128_GCM_SHA256
13:04:54.435 [main] DEBUG karate.org.apache.http.conn.ssl.LenientSslConnectionSocketFactory -  peer principal: CN=apigw-soap-st.telus.com, O=TELUS Corp., L=Vancouver, ST=British Columbia, C=CA
13:04:54.435 [main] DEBUG karate.org.apache.http.conn.ssl.LenientSslConnectionSocketFactory -  peer alternative names: [apigw-soap-st.telus.com, apigw-st.telus.com, apigw-qidc-st.telus.com, apigw-kidc-st.telus.com, apigw-soap-qidc-st.telus.com, apigw-soap-kidc-st.telus.com]
13:04:54.435 [main] DEBUG karate.org.apache.http.conn.ssl.LenientSslConnectionSocketFactory -  issuer principal: CN=DigiCert Global G2 TLS RSA SHA256 2020 CA1, O=DigiCert Inc, C=US
13:04:54.435 [main] DEBUG karate.org.apache.http.impl.conn.DefaultHttpClientConnectionOperator - Connection established 192.168.1.65:54955<->207.219.84.31:443
13:04:54.435 [main] DEBUG karate.org.apache.http.impl.conn.DefaultManagedHttpClientConnection - http-outgoing-19: set socket timeout to 20000
13:04:54.435 [main] DEBUG karate.org.apache.http.impl.execchain.MainClientExec - Executing request GET /customer/contactCenterOdsData/v1/account?businessUnit=RES&limit=1&brand=TELUS&lob=WIRELESS&status=ACTIVE HTTP/1.1
13:04:54.435 [main] DEBUG karate.org.apache.http.impl.execchain.MainClientExec - Proxy auth state: UNCHALLENGED
13:04:54.436 [main] DEBUG karate.org.apache.http.headers - http-outgoing-19 >> GET /customer/contactCenterOdsData/v1/account?businessUnit=RES&limit=1&brand=TELUS&lob=WIRELESS&status=ACTIVE HTTP/1.1
13:04:54.436 [main] DEBUG karate.org.apache.http.headers - http-outgoing-19 >> Content-Type: application/json
13:04:54.436 [main] DEBUG karate.org.apache.http.headers - http-outgoing-19 >> env: it01
13:04:54.436 [main] DEBUG karate.org.apache.http.headers - http-outgoing-19 >> Authorization: Bearer eyJhbGciOiJSUzI1NiIsImtpZCI6ImNhZGZhMTYyLTU2YzEtNGRiOS1hNjNmLTYwZTM3NzIwMWJkZiIsInBpLmF0bSI6IjMifQ.eyJzY29wZSI6WyI0NzIwIl0sImF1dGhvcml6YXRpb25fZGV0YWlscyI6W10sImNsaWVudF9pZCI6IjUyZTgwYmZhLWI0MmMtNDdkNy05OGI1LThiYjg3YzkyNjIwOSIsImlzcyI6Imh0dHBzOi8vdGVhbXNzby1pdHMwNC50ZWx1cy5jb20iLCJhdWQiOiJrb25nIiwiaWF0IjoxNzIzMjIzMDg5LCJleHAiOjE3MjMyMjMzODl9.flESEmYyI_eCkBmzn54OkGfP2lAIxnyqs2XbjtABUAmEnkCOQe8uoiUdROg_nBCNsbluJLTMIyv2VQYcEFeVpzwJIN4AH00KC-3px8L7DRMcbbbRqgIOGamUVRjytKBt3cFR1XVCW32bLo_XlS6M0CPdsCtowSRRwenf6htGC3loiXiWZ8pxuYaJNnmQfuSN9rWpZNHc8y-eYDl0xm6EoEXQSfatP3EAxDBw6tgqlb5patcu_afyMqKiHha9IdISwDeMrqyfvgoAR4Sqhdy3Uxp_k_xzmM-XWElgzY0YfiUnRnIl01fsIz1UO7xaed3xVyVlwsYrq6nB9I57SYDk-A
13:04:54.436 [main] DEBUG karate.org.apache.http.headers - http-outgoing-19 >> Host: apigw-st.telus.com
13:04:54.436 [main] DEBUG karate.org.apache.http.headers - http-outgoing-19 >> Connection: Keep-Alive
13:04:54.436 [main] DEBUG karate.org.apache.http.headers - http-outgoing-19 >> User-Agent: Apache-HttpClient/4.5.13 (Java/20.0.2)
13:04:54.436 [main] DEBUG karate.org.apache.http.headers - http-outgoing-19 >> Accept-Encoding: gzip,deflate
13:04:54.436 [main] DEBUG karate.org.apache.http.wire - http-outgoing-19 >> "GET /customer/contactCenterOdsData/v1/account?businessUnit=RES&limit=1&brand=TELUS&lob=WIRELESS&status=ACTIVE HTTP/1.1[\r][\n]"
13:04:54.436 [main] DEBUG karate.org.apache.http.wire - http-outgoing-19 >> "Content-Type: application/json[\r][\n]"
13:04:54.436 [main] DEBUG karate.org.apache.http.wire - http-outgoing-19 >> "env: it01[\r][\n]"
13:04:54.436 [main] DEBUG karate.org.apache.http.wire - http-outgoing-19 >> "Authorization: Bearer eyJhbGciOiJSUzI1NiIsImtpZCI6ImNhZGZhMTYyLTU2YzEtNGRiOS1hNjNmLTYwZTM3NzIwMWJkZiIsInBpLmF0bSI6IjMifQ.eyJzY29wZSI6WyI0NzIwIl0sImF1dGhvcml6YXRpb25fZGV0YWlscyI6W10sImNsaWVudF9pZCI6IjUyZTgwYmZhLWI0MmMtNDdkNy05OGI1LThiYjg3YzkyNjIwOSIsImlzcyI6Imh0dHBzOi8vdGVhbXNzby1pdHMwNC50ZWx1cy5jb20iLCJhdWQiOiJrb25nIiwiaWF0IjoxNzIzMjIzMDg5LCJleHAiOjE3MjMyMjMzODl9.flESEmYyI_eCkBmzn54OkGfP2lAIxnyqs2XbjtABUAmEnkCOQe8uoiUdROg_nBCNsbluJLTMIyv2VQYcEFeVpzwJIN4AH00KC-3px8L7DRMcbbbRqgIOGamUVRjytKBt3cFR1XVCW32bLo_XlS6M0CPdsCtowSRRwenf6htGC3loiXiWZ8pxuYaJNnmQfuSN9rWpZNHc8y-eYDl0xm6EoEXQSfatP3EAxDBw6tgqlb5patcu_afyMqKiHha9IdISwDeMrqyfvgoAR4Sqhdy3Uxp_k_xzmM-XWElgzY0YfiUnRnIl01fsIz1UO7xaed3xVyVlwsYrq6nB9I57SYDk-A[\r][\n]"
13:04:54.436 [main] DEBUG karate.org.apache.http.wire - http-outgoing-19 >> "Host: apigw-st.telus.com[\r][\n]"
13:04:54.436 [main] DEBUG karate.org.apache.http.wire - http-outgoing-19 >> "Connection: Keep-Alive[\r][\n]"
13:04:54.436 [main] DEBUG karate.org.apache.http.wire - http-outgoing-19 >> "User-Agent: Apache-HttpClient/4.5.13 (Java/20.0.2)[\r][\n]"
13:04:54.436 [main] DEBUG karate.org.apache.http.wire - http-outgoing-19 >> "Accept-Encoding: gzip,deflate[\r][\n]"
13:04:54.436 [main] DEBUG karate.org.apache.http.wire - http-outgoing-19 >> "[\r][\n]"
13:04:54.484 [main] DEBUG karate.org.apache.http.wire - http-outgoing-19 << "HTTP/1.1 403 Forbidden[\r][\n]"
13:04:54.484 [main] DEBUG karate.org.apache.http.wire - http-outgoing-19 << "Content-Type: application/json; charset=utf-8[\r][\n]"
13:04:54.484 [main] DEBUG karate.org.apache.http.wire - http-outgoing-19 << "Content-Length: 23[\r][\n]"
13:04:54.484 [main] DEBUG karate.org.apache.http.wire - http-outgoing-19 << "Connection: keep-alive[\r][\n]"
13:04:54.484 [main] DEBUG karate.org.apache.http.wire - http-outgoing-19 << "Date: Fri, 09 Aug 2024 17:04:55 GMT[\r][\n]"
13:04:54.484 [main] DEBUG karate.org.apache.http.wire - http-outgoing-19 << "WWW-Authenticate: Bearer realm="telusidentity.apigateway.telus.com", error="insufficient_scope"[\r][\n]"
13:04:54.484 [main] DEBUG karate.org.apache.http.wire - http-outgoing-19 << "Kong-Request-ID: dca444e0-7183-43df-b091-a672316acf23#385468[\r][\n]"
13:04:54.484 [main] DEBUG karate.org.apache.http.wire - http-outgoing-19 << "vary: Origin[\r][\n]"
13:04:54.484 [main] DEBUG karate.org.apache.http.wire - http-outgoing-19 << "X-Kong-Response-Latency: 1[\r][\n]"
13:04:54.484 [main] DEBUG karate.org.apache.http.wire - http-outgoing-19 << "Server: kong/3.4.3.11-enterprise-edition[\r][\n]"
13:04:54.484 [main] DEBUG karate.org.apache.http.wire - http-outgoing-19 << "X-Kong-Request-Id: 315dfe20eb8ce90c33328c54e795ba1c[\r][\n]"
13:04:54.484 [main] DEBUG karate.org.apache.http.wire - http-outgoing-19 << "vary: Origin[\r][\n]"
13:04:54.484 [main] DEBUG karate.org.apache.http.wire - http-outgoing-19 << "X-Kong-Upstream-Latency: 5[\r][\n]"
13:04:54.484 [main] DEBUG karate.org.apache.http.wire - http-outgoing-19 << "X-Kong-Proxy-Latency: 1[\r][\n]"
13:04:54.484 [main] DEBUG karate.org.apache.http.wire - http-outgoing-19 << "Via: kong/3.4.3.11-enterprise-edition[\r][\n]"
13:04:54.484 [main] DEBUG karate.org.apache.http.wire - http-outgoing-19 << "[\r][\n]"
13:04:54.484 [main] DEBUG karate.org.apache.http.wire - http-outgoing-19 << "{"message":"Forbidden"}"
13:04:54.485 [main] DEBUG karate.org.apache.http.headers - http-outgoing-19 << HTTP/1.1 403 Forbidden
13:04:54.485 [main] DEBUG karate.org.apache.http.headers - http-outgoing-19 << Content-Type: application/json; charset=utf-8
13:04:54.485 [main] DEBUG karate.org.apache.http.headers - http-outgoing-19 << Content-Length: 23
13:04:54.485 [main] DEBUG karate.org.apache.http.headers - http-outgoing-19 << Connection: keep-alive
13:04:54.485 [main] DEBUG karate.org.apache.http.headers - http-outgoing-19 << Date: Fri, 09 Aug 2024 17:04:55 GMT
13:04:54.485 [main] DEBUG karate.org.apache.http.headers - http-outgoing-19 << WWW-Authenticate: Bearer realm="telusidentity.apigateway.telus.com", error="insufficient_scope"
13:04:54.485 [main] DEBUG karate.org.apache.http.headers - http-outgoing-19 << Kong-Request-ID: dca444e0-7183-43df-b091-a672316acf23#385468
13:04:54.485 [main] DEBUG karate.org.apache.http.headers - http-outgoing-19 << vary: Origin
13:04:54.485 [main] DEBUG karate.org.apache.http.headers - http-outgoing-19 << X-Kong-Response-Latency: 1
13:04:54.485 [main] DEBUG karate.org.apache.http.headers - http-outgoing-19 << Server: kong/3.4.3.11-enterprise-edition
13:04:54.485 [main] DEBUG karate.org.apache.http.headers - http-outgoing-19 << X-Kong-Request-Id: 315dfe20eb8ce90c33328c54e795ba1c
13:04:54.485 [main] DEBUG karate.org.apache.http.headers - http-outgoing-19 << vary: Origin
13:04:54.485 [main] DEBUG karate.org.apache.http.headers - http-outgoing-19 << X-Kong-Upstream-Latency: 5
13:04:54.485 [main] DEBUG karate.org.apache.http.headers - http-outgoing-19 << X-Kong-Proxy-Latency: 1
13:04:54.485 [main] DEBUG karate.org.apache.http.headers - http-outgoing-19 << Via: kong/3.4.3.11-enterprise-edition
13:04:54.485 [main] DEBUG karate.org.apache.http.impl.execchain.MainClientExec - Connection can be kept alive indefinitely
13:04:54.485 [main] DEBUG karate.org.apache.http.impl.conn.PoolingHttpClientConnectionManager - Connection [id: 19][route: {s}->https://apigw-st.telus.com:443] can be kept alive indefinitely
13:04:54.485 [main] DEBUG karate.org.apache.http.impl.conn.DefaultManagedHttpClientConnection - http-outgoing-19: set socket timeout to 0
13:04:54.485 [main] DEBUG karate.org.apache.http.impl.conn.PoolingHttpClientConnectionManager - Connection released: [id: 19][route: {s}->https://apigw-st.telus.com:443][total available: 1; route allocated: 1 of 5; total allocated: 1 of 10]
13:04:54.486 [main] DEBUG com.intuit.karate - response time in milliseconds: 145
1 < 403
1 < Content-Type: application/json; charset=utf-8
1 < Content-Length: 23
1 < Connection: keep-alive
1 < Date: Fri, 09 Aug 2024 17:04:55 GMT
1 < WWW-Authenticate: Bearer realm="telusidentity.apigateway.telus.com", error="insufficient_scope"
1 < Kong-Request-ID: dca444e0-7183-43df-b091-a672316acf23#385468
1 < vary: Origin
1 < vary: Origin
1 < X-Kong-Response-Latency: 1
1 < Server: kong/3.4.3.11-enterprise-edition
1 < X-Kong-Request-Id: 315dfe20eb8ce90c33328c54e795ba1c
1 < X-Kong-Upstream-Latency: 5
1 < X-Kong-Proxy-Latency: 1
1 < Via: kong/3.4.3.11-enterprise-edition
{"message":"Forbidden"}
13:04:54.487 [main] INFO com.intuit.karate - [print] {
  "message": "Forbidden"
}
 
13:04:54.490 [main] DEBUG com.intuit.karate - write to file: target\testdata\output.json
13:04:54.490 [main] INFO com.intuit.karate - [print] {
  "message": "Forbidden"
}
 
13:04:54.491 [main] INFO com.intuit.karate - << lock released, cached callonce: read("../odsdata/getTestData_Consumer_Non_Prod.feature@getdata_resWLS_Active")
13:04:54.491 [main] DEBUG com.intuit.karate.core.ScenarioEngine - over-writing existing variable 'mockResponseWLN_RES_ACTIVE' with new value: callonce read("../odsdata/getTestData_Consumer_Non_Prod.feature@getdata_resWLN_Active")
13:04:54.494 [main] INFO com.intuit.karate - >> lock acquired, begin callonce: read("../odsdata/getTestData_Consumer_Non_Prod.feature@getdata_resWLN_Active")
13:04:54.494 [main] INFO com.intuit.karate.core.FeatureRuntime - classpath:feature/../odsdata/getTestData_Consumer_Non_Prod.feature - call by tag at line 46: getdata_resWLN_Active
13:04:54.498 [main] INFO com.intuit.karate - [print] {
  "responseHeaders": {
    "Content-Type": [
      "application/json; charset=utf-8"
    ],
    "Content-Length": [
      "23"
    ],
    "Connection": [
      "keep-alive"
    ],
    "Date": [
      "Fri, 09 Aug 2024 17:04:55 GMT"
    ],
    "WWW-Authenticate": [
      "Bearer realm=\"telusidentity.apigateway.telus.com\", error=\"insufficient_scope\""
    ],
    "Kong-Request-ID": [
      "dca444e0-7183-43df-b091-a672316acf23#385468"
    ],
    "vary": [
      "Origin",
      "Origin"
    ],
    "X-Kong-Response-Latency": [
      "1"
    ],
    "Server": [
      "kong/3.4.3.11-enterprise-edition"
    ],
    "X-Kong-Request-Id": [
      "315dfe20eb8ce90c33328c54e795ba1c"
    ],
    "X-Kong-Upstream-Latency": [
      "5"
    ],
    "X-Kong-Proxy-Latency": [
      "1"
    ],
    "Via": [
      "kong/3.4.3.11-enterprise-edition"
    ]
  },
  "mockResponseWLS_RES_ACTIVE": {
    "message": "Forbidden"
  },
  "responseStatus": 403,
  "response": "#ref:java.util.LinkedHashMap"
}
 
13:04:54.499 [main] INFO com.intuit.karate - [print] {
  "mockResponseWLS_RES_SUSPENDED": {
    "message": "Forbidden"
  },
  "responseHeaders": {
    "Content-Type": [
      "application/json; charset=utf-8"
    ],
    "Content-Length": [
      "23"
    ],
    "Connection": [
      "keep-alive"
    ],
    "Date": [
      "Fri, 09 Aug 2024 17:04:54 GMT"
    ],
    "WWW-Authenticate": [
      "Bearer realm=\"telusidentity.apigateway.telus.com\", error=\"insufficient_scope\""
    ],
    "Kong-Request-ID": [
      "3aa5f36c-7f69-4b8a-8ad5-11779bbbdd62#359207"
    ],
    "vary": [
      "Origin",
      "Origin"
    ],
    "X-Kong-Response-Latency": [
      "5"
    ],
    "Server": [
      "kong/3.4.3.11-enterprise-edition"
    ],
    "X-Kong-Request-Id": [
      "2e96b2151ebe7d431940680e90c4df4d"
    ],
    "X-Kong-Upstream-Latency": [
      "13"
    ],
    "X-Kong-Proxy-Latency": [
      "1"
    ],
    "Via": [
      "kong/3.4.3.11-enterprise-edition"
    ]
  },
  "responseStatus": 403,
  "response": "#ref:java.util.LinkedHashMap"
}
 
13:04:54.499 [main] INFO com.intuit.karate - [print]  
13:04:54.501 [main] DEBUG karate.org.apache.http.client.protocol.RequestAddCookies - CookieSpec selected: karate
13:04:54.501 [main] DEBUG karate.org.apache.http.client.protocol.RequestAuthCache - Auth cache not set in the context
13:04:54.501 [main] DEBUG com.intuit.karate - request:
1 > GET https://apigw-st.telus.com/customer/contactCenterOdsData/v1/account?businessUnit=RES&limit=1&brand=TELUS&lob=WIRELINE&status=ACTIVE
1 > Content-Type: application/json
1 > env: it01
1 > Authorization: Bearer eyJhbGciOiJSUzI1NiIsImtpZCI6ImNhZGZhMTYyLTU2YzEtNGRiOS1hNjNmLTYwZTM3NzIwMWJkZiIsInBpLmF0bSI6IjMifQ.eyJzY29wZSI6WyI0NzIwIl0sImF1dGhvcml6YXRpb25fZGV0YWlscyI6W10sImNsaWVudF9pZCI6IjUyZTgwYmZhLWI0MmMtNDdkNy05OGI1LThiYjg3YzkyNjIwOSIsImlzcyI6Imh0dHBzOi8vdGVhbXNzby1pdHMwNC50ZWx1cy5jb20iLCJhdWQiOiJrb25nIiwiaWF0IjoxNzIzMjIzMDg5LCJleHAiOjE3MjMyMjMzODl9.flESEmYyI_eCkBmzn54OkGfP2lAIxnyqs2XbjtABUAmEnkCOQe8uoiUdROg_nBCNsbluJLTMIyv2VQYcEFeVpzwJIN4AH00KC-3px8L7DRMcbbbRqgIOGamUVRjytKBt3cFR1XVCW32bLo_XlS6M0CPdsCtowSRRwenf6htGC3loiXiWZ8pxuYaJNnmQfuSN9rWpZNHc8y-eYDl0xm6EoEXQSfatP3EAxDBw6tgqlb5patcu_afyMqKiHha9IdISwDeMrqyfvgoAR4Sqhdy3Uxp_k_xzmM-XWElgzY0YfiUnRnIl01fsIz1UO7xaed3xVyVlwsYrq6nB9I57SYDk-A
1 > Host: apigw-st.telus.com
1 > Connection: Keep-Alive
1 > User-Agent: Apache-HttpClient/4.5.13 (Java/20.0.2)
1 > Accept-Encoding: gzip,deflate


13:04:54.501 [main] DEBUG karate.org.apache.http.impl.conn.PoolingHttpClientConnectionManager - Connection request: [route: {s}->https://apigw-st.telus.com:443][total available: 0; route allocated: 0 of 5; total allocated: 0 of 10]
13:04:54.501 [main] DEBUG karate.org.apache.http.impl.conn.PoolingHttpClientConnectionManager - Connection leased: [id: 20][route: {s}->https://apigw-st.telus.com:443][total available: 0; route allocated: 1 of 5; total allocated: 1 of 10]
13:04:54.501 [main] DEBUG karate.org.apache.http.impl.execchain.MainClientExec - Opening connection {s}->https://apigw-st.telus.com:443
13:04:54.502 [main] DEBUG karate.org.apache.http.impl.conn.DefaultHttpClientConnectionOperator - Connecting to apigw-st.telus.com/207.219.84.31:443
13:04:54.502 [main] DEBUG karate.org.apache.http.conn.ssl.LenientSslConnectionSocketFactory - Connecting socket to apigw-st.telus.com/207.219.84.31:443 with timeout 10000
13:04:54.542 [main] DEBUG karate.org.apache.http.conn.ssl.LenientSslConnectionSocketFactory - Enabled protocols: [TLSv1.3, TLSv1.2]
13:04:54.542 [main] DEBUG karate.org.apache.http.conn.ssl.LenientSslConnectionSocketFactory - Enabled cipher suites:[TLS_AES_256_GCM_SHA384, TLS_AES_128_GCM_SHA256, TLS_CHACHA20_POLY1305_SHA256, TLS_ECDHE_ECDSA_WITH_AES_256_GCM_SHA384, TLS_ECDHE_ECDSA_WITH_AES_128_GCM_SHA256, TLS_ECDHE_ECDSA_WITH_CHACHA20_POLY1305_SHA256, TLS_ECDHE_RSA_WITH_AES_256_GCM_SHA384, TLS_ECDHE_RSA_WITH_CHACHA20_POLY1305_SHA256, TLS_ECDHE_RSA_WITH_AES_128_GCM_SHA256, TLS_DHE_RSA_WITH_AES_256_GCM_SHA384, TLS_DHE_RSA_WITH_CHACHA20_POLY1305_SHA256, TLS_DHE_DSS_WITH_AES_256_GCM_SHA384, TLS_DHE_RSA_WITH_AES_128_GCM_SHA256, TLS_DHE_DSS_WITH_AES_128_GCM_SHA256, TLS_ECDHE_ECDSA_WITH_AES_256_CBC_SHA384, TLS_ECDHE_RSA_WITH_AES_256_CBC_SHA384, TLS_ECDHE_ECDSA_WITH_AES_128_CBC_SHA256, TLS_ECDHE_RSA_WITH_AES_128_CBC_SHA256, TLS_DHE_RSA_WITH_AES_256_CBC_SHA256, TLS_DHE_DSS_WITH_AES_256_CBC_SHA256, TLS_DHE_RSA_WITH_AES_128_CBC_SHA256, TLS_DHE_DSS_WITH_AES_128_CBC_SHA256, TLS_ECDHE_ECDSA_WITH_AES_256_CBC_SHA, TLS_ECDHE_RSA_WITH_AES_256_CBC_SHA, TLS_ECDHE_ECDSA_WITH_AES_128_CBC_SHA, TLS_ECDHE_RSA_WITH_AES_128_CBC_SHA, TLS_DHE_RSA_WITH_AES_256_CBC_SHA, TLS_DHE_DSS_WITH_AES_256_CBC_SHA, TLS_DHE_RSA_WITH_AES_128_CBC_SHA, TLS_DHE_DSS_WITH_AES_128_CBC_SHA, TLS_RSA_WITH_AES_256_GCM_SHA384, TLS_RSA_WITH_AES_128_GCM_SHA256, TLS_RSA_WITH_AES_256_CBC_SHA256, TLS_RSA_WITH_AES_128_CBC_SHA256, TLS_RSA_WITH_AES_256_CBC_SHA, TLS_RSA_WITH_AES_128_CBC_SHA, TLS_EMPTY_RENEGOTIATION_INFO_SCSV]
13:04:54.542 [main] DEBUG karate.org.apache.http.conn.ssl.LenientSslConnectionSocketFactory - Starting handshake
13:04:54.596 [main] DEBUG karate.org.apache.http.conn.ssl.LenientSslConnectionSocketFactory - Secure session established
13:04:54.596 [main] DEBUG karate.org.apache.http.conn.ssl.LenientSslConnectionSocketFactory -  negotiated protocol: TLSv1.3
13:04:54.596 [main] DEBUG karate.org.apache.http.conn.ssl.LenientSslConnectionSocketFactory -  negotiated cipher suite: TLS_AES_128_GCM_SHA256
13:04:54.596 [main] DEBUG karate.org.apache.http.conn.ssl.LenientSslConnectionSocketFactory -  peer principal: CN=apigw-soap-st.telus.com, O=TELUS Corp., L=Vancouver, ST=British Columbia, C=CA
13:04:54.596 [main] DEBUG karate.org.apache.http.conn.ssl.LenientSslConnectionSocketFactory -  peer alternative names: [apigw-soap-st.telus.com, apigw-st.telus.com, apigw-qidc-st.telus.com, apigw-kidc-st.telus.com, apigw-soap-qidc-st.telus.com, apigw-soap-kidc-st.telus.com]
13:04:54.596 [main] DEBUG karate.org.apache.http.conn.ssl.LenientSslConnectionSocketFactory -  issuer principal: CN=DigiCert Global G2 TLS RSA SHA256 2020 CA1, O=DigiCert Inc, C=US
13:04:54.596 [main] DEBUG karate.org.apache.http.impl.conn.DefaultHttpClientConnectionOperator - Connection established 192.168.1.65:54956<->207.219.84.31:443
13:04:54.596 [main] DEBUG karate.org.apache.http.impl.conn.DefaultManagedHttpClientConnection - http-outgoing-20: set socket timeout to 20000
13:04:54.596 [main] DEBUG karate.org.apache.http.impl.execchain.MainClientExec - Executing request GET /customer/contactCenterOdsData/v1/account?businessUnit=RES&limit=1&brand=TELUS&lob=WIRELINE&status=ACTIVE HTTP/1.1
13:04:54.596 [main] DEBUG karate.org.apache.http.impl.execchain.MainClientExec - Proxy auth state: UNCHALLENGED
13:04:54.596 [main] DEBUG karate.org.apache.http.headers - http-outgoing-20 >> GET /customer/contactCenterOdsData/v1/account?businessUnit=RES&limit=1&brand=TELUS&lob=WIRELINE&status=ACTIVE HTTP/1.1
13:04:54.596 [main] DEBUG karate.org.apache.http.headers - http-outgoing-20 >> Content-Type: application/json
13:04:54.596 [main] DEBUG karate.org.apache.http.headers - http-outgoing-20 >> env: it01
13:04:54.596 [main] DEBUG karate.org.apache.http.headers - http-outgoing-20 >> Authorization: Bearer eyJhbGciOiJSUzI1NiIsImtpZCI6ImNhZGZhMTYyLTU2YzEtNGRiOS1hNjNmLTYwZTM3NzIwMWJkZiIsInBpLmF0bSI6IjMifQ.eyJzY29wZSI6WyI0NzIwIl0sImF1dGhvcml6YXRpb25fZGV0YWlscyI6W10sImNsaWVudF9pZCI6IjUyZTgwYmZhLWI0MmMtNDdkNy05OGI1LThiYjg3YzkyNjIwOSIsImlzcyI6Imh0dHBzOi8vdGVhbXNzby1pdHMwNC50ZWx1cy5jb20iLCJhdWQiOiJrb25nIiwiaWF0IjoxNzIzMjIzMDg5LCJleHAiOjE3MjMyMjMzODl9.flESEmYyI_eCkBmzn54OkGfP2lAIxnyqs2XbjtABUAmEnkCOQe8uoiUdROg_nBCNsbluJLTMIyv2VQYcEFeVpzwJIN4AH00KC-3px8L7DRMcbbbRqgIOGamUVRjytKBt3cFR1XVCW32bLo_XlS6M0CPdsCtowSRRwenf6htGC3loiXiWZ8pxuYaJNnmQfuSN9rWpZNHc8y-eYDl0xm6EoEXQSfatP3EAxDBw6tgqlb5patcu_afyMqKiHha9IdISwDeMrqyfvgoAR4Sqhdy3Uxp_k_xzmM-XWElgzY0YfiUnRnIl01fsIz1UO7xaed3xVyVlwsYrq6nB9I57SYDk-A
13:04:54.596 [main] DEBUG karate.org.apache.http.headers - http-outgoing-20 >> Host: apigw-st.telus.com
13:04:54.596 [main] DEBUG karate.org.apache.http.headers - http-outgoing-20 >> Connection: Keep-Alive
13:04:54.596 [main] DEBUG karate.org.apache.http.headers - http-outgoing-20 >> User-Agent: Apache-HttpClient/4.5.13 (Java/20.0.2)
13:04:54.596 [main] DEBUG karate.org.apache.http.headers - http-outgoing-20 >> Accept-Encoding: gzip,deflate
13:04:54.596 [main] DEBUG karate.org.apache.http.wire - http-outgoing-20 >> "GET /customer/contactCenterOdsData/v1/account?businessUnit=RES&limit=1&brand=TELUS&lob=WIRELINE&status=ACTIVE HTTP/1.1[\r][\n]"
13:04:54.596 [main] DEBUG karate.org.apache.http.wire - http-outgoing-20 >> "Content-Type: application/json[\r][\n]"
13:04:54.596 [main] DEBUG karate.org.apache.http.wire - http-outgoing-20 >> "env: it01[\r][\n]"
13:04:54.596 [main] DEBUG karate.org.apache.http.wire - http-outgoing-20 >> "Authorization: Bearer eyJhbGciOiJSUzI1NiIsImtpZCI6ImNhZGZhMTYyLTU2YzEtNGRiOS1hNjNmLTYwZTM3NzIwMWJkZiIsInBpLmF0bSI6IjMifQ.eyJzY29wZSI6WyI0NzIwIl0sImF1dGhvcml6YXRpb25fZGV0YWlscyI6W10sImNsaWVudF9pZCI6IjUyZTgwYmZhLWI0MmMtNDdkNy05OGI1LThiYjg3YzkyNjIwOSIsImlzcyI6Imh0dHBzOi8vdGVhbXNzby1pdHMwNC50ZWx1cy5jb20iLCJhdWQiOiJrb25nIiwiaWF0IjoxNzIzMjIzMDg5LCJleHAiOjE3MjMyMjMzODl9.flESEmYyI_eCkBmzn54OkGfP2lAIxnyqs2XbjtABUAmEnkCOQe8uoiUdROg_nBCNsbluJLTMIyv2VQYcEFeVpzwJIN4AH00KC-3px8L7DRMcbbbRqgIOGamUVRjytKBt3cFR1XVCW32bLo_XlS6M0CPdsCtowSRRwenf6htGC3loiXiWZ8pxuYaJNnmQfuSN9rWpZNHc8y-eYDl0xm6EoEXQSfatP3EAxDBw6tgqlb5patcu_afyMqKiHha9IdISwDeMrqyfvgoAR4Sqhdy3Uxp_k_xzmM-XWElgzY0YfiUnRnIl01fsIz1UO7xaed3xVyVlwsYrq6nB9I57SYDk-A[\r][\n]"
13:04:54.596 [main] DEBUG karate.org.apache.http.wire - http-outgoing-20 >> "Host: apigw-st.telus.com[\r][\n]"
13:04:54.596 [main] DEBUG karate.org.apache.http.wire - http-outgoing-20 >> "Connection: Keep-Alive[\r][\n]"
13:04:54.596 [main] DEBUG karate.org.apache.http.wire - http-outgoing-20 >> "User-Agent: Apache-HttpClient/4.5.13 (Java/20.0.2)[\r][\n]"
13:04:54.596 [main] DEBUG karate.org.apache.http.wire - http-outgoing-20 >> "Accept-Encoding: gzip,deflate[\r][\n]"
13:04:54.596 [main] DEBUG karate.org.apache.http.wire - http-outgoing-20 >> "[\r][\n]"
13:04:54.648 [main] DEBUG karate.org.apache.http.wire - http-outgoing-20 << "HTTP/1.1 403 Forbidden[\r][\n]"
13:04:54.648 [main] DEBUG karate.org.apache.http.wire - http-outgoing-20 << "Content-Type: application/json; charset=utf-8[\r][\n]"
13:04:54.648 [main] DEBUG karate.org.apache.http.wire - http-outgoing-20 << "Content-Length: 23[\r][\n]"
13:04:54.648 [main] DEBUG karate.org.apache.http.wire - http-outgoing-20 << "Connection: keep-alive[\r][\n]"
13:04:54.648 [main] DEBUG karate.org.apache.http.wire - http-outgoing-20 << "Date: Fri, 09 Aug 2024 17:04:55 GMT[\r][\n]"
13:04:54.648 [main] DEBUG karate.org.apache.http.wire - http-outgoing-20 << "WWW-Authenticate: Bearer realm="telusidentity.apigateway.telus.com", error="insufficient_scope"[\r][\n]"
13:04:54.648 [main] DEBUG karate.org.apache.http.wire - http-outgoing-20 << "Kong-Request-ID: e1b9ec92-3c20-4349-9e98-f51c0fe257c5#389188[\r][\n]"
13:04:54.648 [main] DEBUG karate.org.apache.http.wire - http-outgoing-20 << "vary: Origin[\r][\n]"
13:04:54.648 [main] DEBUG karate.org.apache.http.wire - http-outgoing-20 << "X-Kong-Response-Latency: 5[\r][\n]"
13:04:54.648 [main] DEBUG karate.org.apache.http.wire - http-outgoing-20 << "Server: kong/3.4.3.11-enterprise-edition[\r][\n]"
13:04:54.648 [main] DEBUG karate.org.apache.http.wire - http-outgoing-20 << "X-Kong-Request-Id: 16e57d622cc8e43b24b7fc5dd9520912[\r][\n]"
13:04:54.648 [main] DEBUG karate.org.apache.http.wire - http-outgoing-20 << "vary: Origin[\r][\n]"
13:04:54.649 [main] DEBUG karate.org.apache.http.wire - http-outgoing-20 << "X-Kong-Upstream-Latency: 8[\r][\n]"
13:04:54.649 [main] DEBUG karate.org.apache.http.wire - http-outgoing-20 << "X-Kong-Proxy-Latency: 2[\r][\n]"
13:04:54.649 [main] DEBUG karate.org.apache.http.wire - http-outgoing-20 << "Via: kong/3.4.3.11-enterprise-edition[\r][\n]"
13:04:54.649 [main] DEBUG karate.org.apache.http.wire - http-outgoing-20 << "[\r][\n]"
13:04:54.649 [main] DEBUG karate.org.apache.http.wire - http-outgoing-20 << "{"message":"Forbidden"}"
13:04:54.649 [main] DEBUG karate.org.apache.http.headers - http-outgoing-20 << HTTP/1.1 403 Forbidden
13:04:54.649 [main] DEBUG karate.org.apache.http.headers - http-outgoing-20 << Content-Type: application/json; charset=utf-8
13:04:54.649 [main] DEBUG karate.org.apache.http.headers - http-outgoing-20 << Content-Length: 23
13:04:54.649 [main] DEBUG karate.org.apache.http.headers - http-outgoing-20 << Connection: keep-alive
13:04:54.649 [main] DEBUG karate.org.apache.http.headers - http-outgoing-20 << Date: Fri, 09 Aug 2024 17:04:55 GMT
13:04:54.649 [main] DEBUG karate.org.apache.http.headers - http-outgoing-20 << WWW-Authenticate: Bearer realm="telusidentity.apigateway.telus.com", error="insufficient_scope"
13:04:54.649 [main] DEBUG karate.org.apache.http.headers - http-outgoing-20 << Kong-Request-ID: e1b9ec92-3c20-4349-9e98-f51c0fe257c5#389188
13:04:54.649 [main] DEBUG karate.org.apache.http.headers - http-outgoing-20 << vary: Origin
13:04:54.649 [main] DEBUG karate.org.apache.http.headers - http-outgoing-20 << X-Kong-Response-Latency: 5
13:04:54.649 [main] DEBUG karate.org.apache.http.headers - http-outgoing-20 << Server: kong/3.4.3.11-enterprise-edition
13:04:54.649 [main] DEBUG karate.org.apache.http.headers - http-outgoing-20 << X-Kong-Request-Id: 16e57d622cc8e43b24b7fc5dd9520912
13:04:54.649 [main] DEBUG karate.org.apache.http.headers - http-outgoing-20 << vary: Origin
13:04:54.649 [main] DEBUG karate.org.apache.http.headers - http-outgoing-20 << X-Kong-Upstream-Latency: 8
13:04:54.649 [main] DEBUG karate.org.apache.http.headers - http-outgoing-20 << X-Kong-Proxy-Latency: 2
13:04:54.649 [main] DEBUG karate.org.apache.http.headers - http-outgoing-20 << Via: kong/3.4.3.11-enterprise-edition
13:04:54.649 [main] DEBUG karate.org.apache.http.impl.execchain.MainClientExec - Connection can be kept alive indefinitely
13:04:54.649 [main] DEBUG karate.org.apache.http.impl.conn.PoolingHttpClientConnectionManager - Connection [id: 20][route: {s}->https://apigw-st.telus.com:443] can be kept alive indefinitely
13:04:54.649 [main] DEBUG karate.org.apache.http.impl.conn.DefaultManagedHttpClientConnection - http-outgoing-20: set socket timeout to 0
13:04:54.649 [main] DEBUG karate.org.apache.http.impl.conn.PoolingHttpClientConnectionManager - Connection released: [id: 20][route: {s}->https://apigw-st.telus.com:443][total available: 1; route allocated: 1 of 5; total allocated: 1 of 10]
13:04:54.649 [main] DEBUG com.intuit.karate - response time in milliseconds: 148
1 < 403
1 < Content-Type: application/json; charset=utf-8
1 < Content-Length: 23
1 < Connection: keep-alive
1 < Date: Fri, 09 Aug 2024 17:04:55 GMT
1 < WWW-Authenticate: Bearer realm="telusidentity.apigateway.telus.com", error="insufficient_scope"
1 < Kong-Request-ID: e1b9ec92-3c20-4349-9e98-f51c0fe257c5#389188
1 < vary: Origin
1 < vary: Origin
1 < X-Kong-Response-Latency: 5
1 < Server: kong/3.4.3.11-enterprise-edition
1 < X-Kong-Request-Id: 16e57d622cc8e43b24b7fc5dd9520912
1 < X-Kong-Upstream-Latency: 8
1 < X-Kong-Proxy-Latency: 2
1 < Via: kong/3.4.3.11-enterprise-edition
{"message":"Forbidden"}
13:04:54.650 [main] INFO com.intuit.karate - [print] {
  "message": "Forbidden"
}
 
13:04:54.652 [main] DEBUG com.intuit.karate - write to file: target\testdata\output.json
13:04:54.653 [main] INFO com.intuit.karate - [print] {
  "message": "Forbidden"
}
 
13:04:54.653 [main] INFO com.intuit.karate - << lock released, cached callonce: read("../odsdata/getTestData_Consumer_Non_Prod.feature@getdata_resWLN_Active")
13:04:54.653 [main] DEBUG com.intuit.karate.core.ScenarioEngine - over-writing existing variable 'mockResponseWLS_BIZ_ACTIVE' with new value: callonce read("../odsdata/getTestData_Business_Non_Prod.feature@getdatabizWLS")
13:04:54.657 [main] INFO com.intuit.karate - >> lock acquired, begin callonce: read("../odsdata/getTestData_Business_Non_Prod.feature@getdatabizWLS")
13:04:54.657 [main] INFO com.intuit.karate.core.FeatureRuntime - classpath:feature/../odsdata/getTestData_Business_Non_Prod.feature - call by tag at line 17: getdatabizWLS
13:04:54.663 [main] INFO com.intuit.karate - [print]  
13:04:54.663 [main] INFO com.intuit.karate - [print]  
13:04:54.664 [main] INFO com.intuit.karate - [print]  
13:04:54.665 [main] DEBUG karate.org.apache.http.client.protocol.RequestAddCookies - CookieSpec selected: karate
13:04:54.665 [main] DEBUG karate.org.apache.http.client.protocol.RequestAuthCache - Auth cache not set in the context
13:04:54.665 [main] DEBUG com.intuit.karate - request:
1 > GET https://apigw-st.telus.com/customer/contactCenterOdsData/v1/account?businessUnit=BIZ&limit=1&brand=TELUS&lob=WIRELESS&status=ACTIVE
1 > Content-Type: application/json
1 > env: it01
1 > Authorization: Bearer eyJhbGciOiJSUzI1NiIsImtpZCI6ImNhZGZhMTYyLTU2YzEtNGRiOS1hNjNmLTYwZTM3NzIwMWJkZiIsInBpLmF0bSI6IjMifQ.eyJzY29wZSI6WyI0NzIwIl0sImF1dGhvcml6YXRpb25fZGV0YWlscyI6W10sImNsaWVudF9pZCI6IjUyZTgwYmZhLWI0MmMtNDdkNy05OGI1LThiYjg3YzkyNjIwOSIsImlzcyI6Imh0dHBzOi8vdGVhbXNzby1pdHMwNC50ZWx1cy5jb20iLCJhdWQiOiJrb25nIiwiaWF0IjoxNzIzMjIzMDg5LCJleHAiOjE3MjMyMjMzODl9.flESEmYyI_eCkBmzn54OkGfP2lAIxnyqs2XbjtABUAmEnkCOQe8uoiUdROg_nBCNsbluJLTMIyv2VQYcEFeVpzwJIN4AH00KC-3px8L7DRMcbbbRqgIOGamUVRjytKBt3cFR1XVCW32bLo_XlS6M0CPdsCtowSRRwenf6htGC3loiXiWZ8pxuYaJNnmQfuSN9rWpZNHc8y-eYDl0xm6EoEXQSfatP3EAxDBw6tgqlb5patcu_afyMqKiHha9IdISwDeMrqyfvgoAR4Sqhdy3Uxp_k_xzmM-XWElgzY0YfiUnRnIl01fsIz1UO7xaed3xVyVlwsYrq6nB9I57SYDk-A
1 > Host: apigw-st.telus.com
1 > Connection: Keep-Alive
1 > User-Agent: Apache-HttpClient/4.5.13 (Java/20.0.2)
1 > Accept-Encoding: gzip,deflate


13:04:54.665 [main] DEBUG karate.org.apache.http.impl.conn.PoolingHttpClientConnectionManager - Connection request: [route: {s}->https://apigw-st.telus.com:443][total available: 0; route allocated: 0 of 5; total allocated: 0 of 10]
13:04:54.666 [main] DEBUG karate.org.apache.http.impl.conn.PoolingHttpClientConnectionManager - Connection leased: [id: 21][route: {s}->https://apigw-st.telus.com:443][total available: 0; route allocated: 1 of 5; total allocated: 1 of 10]
13:04:54.666 [main] DEBUG karate.org.apache.http.impl.execchain.MainClientExec - Opening connection {s}->https://apigw-st.telus.com:443
13:04:54.666 [main] DEBUG karate.org.apache.http.impl.conn.DefaultHttpClientConnectionOperator - Connecting to apigw-st.telus.com/207.219.84.31:443
13:04:54.666 [main] DEBUG karate.org.apache.http.conn.ssl.LenientSslConnectionSocketFactory - Connecting socket to apigw-st.telus.com/207.219.84.31:443 with timeout 10000
13:04:54.706 [main] DEBUG karate.org.apache.http.conn.ssl.LenientSslConnectionSocketFactory - Enabled protocols: [TLSv1.3, TLSv1.2]
13:04:54.706 [main] DEBUG karate.org.apache.http.conn.ssl.LenientSslConnectionSocketFactory - Enabled cipher suites:[TLS_AES_256_GCM_SHA384, TLS_AES_128_GCM_SHA256, TLS_CHACHA20_POLY1305_SHA256, TLS_ECDHE_ECDSA_WITH_AES_256_GCM_SHA384, TLS_ECDHE_ECDSA_WITH_AES_128_GCM_SHA256, TLS_ECDHE_ECDSA_WITH_CHACHA20_POLY1305_SHA256, TLS_ECDHE_RSA_WITH_AES_256_GCM_SHA384, TLS_ECDHE_RSA_WITH_CHACHA20_POLY1305_SHA256, TLS_ECDHE_RSA_WITH_AES_128_GCM_SHA256, TLS_DHE_RSA_WITH_AES_256_GCM_SHA384, TLS_DHE_RSA_WITH_CHACHA20_POLY1305_SHA256, TLS_DHE_DSS_WITH_AES_256_GCM_SHA384, TLS_DHE_RSA_WITH_AES_128_GCM_SHA256, TLS_DHE_DSS_WITH_AES_128_GCM_SHA256, TLS_ECDHE_ECDSA_WITH_AES_256_CBC_SHA384, TLS_ECDHE_RSA_WITH_AES_256_CBC_SHA384, TLS_ECDHE_ECDSA_WITH_AES_128_CBC_SHA256, TLS_ECDHE_RSA_WITH_AES_128_CBC_SHA256, TLS_DHE_RSA_WITH_AES_256_CBC_SHA256, TLS_DHE_DSS_WITH_AES_256_CBC_SHA256, TLS_DHE_RSA_WITH_AES_128_CBC_SHA256, TLS_DHE_DSS_WITH_AES_128_CBC_SHA256, TLS_ECDHE_ECDSA_WITH_AES_256_CBC_SHA, TLS_ECDHE_RSA_WITH_AES_256_CBC_SHA, TLS_ECDHE_ECDSA_WITH_AES_128_CBC_SHA, TLS_ECDHE_RSA_WITH_AES_128_CBC_SHA, TLS_DHE_RSA_WITH_AES_256_CBC_SHA, TLS_DHE_DSS_WITH_AES_256_CBC_SHA, TLS_DHE_RSA_WITH_AES_128_CBC_SHA, TLS_DHE_DSS_WITH_AES_128_CBC_SHA, TLS_RSA_WITH_AES_256_GCM_SHA384, TLS_RSA_WITH_AES_128_GCM_SHA256, TLS_RSA_WITH_AES_256_CBC_SHA256, TLS_RSA_WITH_AES_128_CBC_SHA256, TLS_RSA_WITH_AES_256_CBC_SHA, TLS_RSA_WITH_AES_128_CBC_SHA, TLS_EMPTY_RENEGOTIATION_INFO_SCSV]
13:04:54.706 [main] DEBUG karate.org.apache.http.conn.ssl.LenientSslConnectionSocketFactory - Starting handshake
13:04:54.765 [main] DEBUG karate.org.apache.http.conn.ssl.LenientSslConnectionSocketFactory - Secure session established
13:04:54.766 [main] DEBUG karate.org.apache.http.conn.ssl.LenientSslConnectionSocketFactory -  negotiated protocol: TLSv1.3
13:04:54.766 [main] DEBUG karate.org.apache.http.conn.ssl.LenientSslConnectionSocketFactory -  negotiated cipher suite: TLS_AES_128_GCM_SHA256
13:04:54.766 [main] DEBUG karate.org.apache.http.conn.ssl.LenientSslConnectionSocketFactory -  peer principal: CN=apigw-soap-st.telus.com, O=TELUS Corp., L=Vancouver, ST=British Columbia, C=CA
13:04:54.766 [main] DEBUG karate.org.apache.http.conn.ssl.LenientSslConnectionSocketFactory -  peer alternative names: [apigw-soap-st.telus.com, apigw-st.telus.com, apigw-qidc-st.telus.com, apigw-kidc-st.telus.com, apigw-soap-qidc-st.telus.com, apigw-soap-kidc-st.telus.com]
13:04:54.766 [main] DEBUG karate.org.apache.http.conn.ssl.LenientSslConnectionSocketFactory -  issuer principal: CN=DigiCert Global G2 TLS RSA SHA256 2020 CA1, O=DigiCert Inc, C=US
13:04:54.766 [main] DEBUG karate.org.apache.http.impl.conn.DefaultHttpClientConnectionOperator - Connection established 192.168.1.65:54957<->207.219.84.31:443
13:04:54.766 [main] DEBUG karate.org.apache.http.impl.conn.DefaultManagedHttpClientConnection - http-outgoing-21: set socket timeout to 20000
13:04:54.766 [main] DEBUG karate.org.apache.http.impl.execchain.MainClientExec - Executing request GET /customer/contactCenterOdsData/v1/account?businessUnit=BIZ&limit=1&brand=TELUS&lob=WIRELESS&status=ACTIVE HTTP/1.1
13:04:54.766 [main] DEBUG karate.org.apache.http.impl.execchain.MainClientExec - Proxy auth state: UNCHALLENGED
13:04:54.766 [main] DEBUG karate.org.apache.http.headers - http-outgoing-21 >> GET /customer/contactCenterOdsData/v1/account?businessUnit=BIZ&limit=1&brand=TELUS&lob=WIRELESS&status=ACTIVE HTTP/1.1
13:04:54.766 [main] DEBUG karate.org.apache.http.headers - http-outgoing-21 >> Content-Type: application/json
13:04:54.766 [main] DEBUG karate.org.apache.http.headers - http-outgoing-21 >> env: it01
13:04:54.766 [main] DEBUG karate.org.apache.http.headers - http-outgoing-21 >> Authorization: Bearer eyJhbGciOiJSUzI1NiIsImtpZCI6ImNhZGZhMTYyLTU2YzEtNGRiOS1hNjNmLTYwZTM3NzIwMWJkZiIsInBpLmF0bSI6IjMifQ.eyJzY29wZSI6WyI0NzIwIl0sImF1dGhvcml6YXRpb25fZGV0YWlscyI6W10sImNsaWVudF9pZCI6IjUyZTgwYmZhLWI0MmMtNDdkNy05OGI1LThiYjg3YzkyNjIwOSIsImlzcyI6Imh0dHBzOi8vdGVhbXNzby1pdHMwNC50ZWx1cy5jb20iLCJhdWQiOiJrb25nIiwiaWF0IjoxNzIzMjIzMDg5LCJleHAiOjE3MjMyMjMzODl9.flESEmYyI_eCkBmzn54OkGfP2lAIxnyqs2XbjtABUAmEnkCOQe8uoiUdROg_nBCNsbluJLTMIyv2VQYcEFeVpzwJIN4AH00KC-3px8L7DRMcbbbRqgIOGamUVRjytKBt3cFR1XVCW32bLo_XlS6M0CPdsCtowSRRwenf6htGC3loiXiWZ8pxuYaJNnmQfuSN9rWpZNHc8y-eYDl0xm6EoEXQSfatP3EAxDBw6tgqlb5patcu_afyMqKiHha9IdISwDeMrqyfvgoAR4Sqhdy3Uxp_k_xzmM-XWElgzY0YfiUnRnIl01fsIz1UO7xaed3xVyVlwsYrq6nB9I57SYDk-A
13:04:54.766 [main] DEBUG karate.org.apache.http.headers - http-outgoing-21 >> Host: apigw-st.telus.com
13:04:54.766 [main] DEBUG karate.org.apache.http.headers - http-outgoing-21 >> Connection: Keep-Alive
13:04:54.766 [main] DEBUG karate.org.apache.http.headers - http-outgoing-21 >> User-Agent: Apache-HttpClient/4.5.13 (Java/20.0.2)
13:04:54.766 [main] DEBUG karate.org.apache.http.headers - http-outgoing-21 >> Accept-Encoding: gzip,deflate
13:04:54.766 [main] DEBUG karate.org.apache.http.wire - http-outgoing-21 >> "GET /customer/contactCenterOdsData/v1/account?businessUnit=BIZ&limit=1&brand=TELUS&lob=WIRELESS&status=ACTIVE HTTP/1.1[\r][\n]"
13:04:54.766 [main] DEBUG karate.org.apache.http.wire - http-outgoing-21 >> "Content-Type: application/json[\r][\n]"
13:04:54.766 [main] DEBUG karate.org.apache.http.wire - http-outgoing-21 >> "env: it01[\r][\n]"
13:04:54.766 [main] DEBUG karate.org.apache.http.wire - http-outgoing-21 >> "Authorization: Bearer eyJhbGciOiJSUzI1NiIsImtpZCI6ImNhZGZhMTYyLTU2YzEtNGRiOS1hNjNmLTYwZTM3NzIwMWJkZiIsInBpLmF0bSI6IjMifQ.eyJzY29wZSI6WyI0NzIwIl0sImF1dGhvcml6YXRpb25fZGV0YWlscyI6W10sImNsaWVudF9pZCI6IjUyZTgwYmZhLWI0MmMtNDdkNy05OGI1LThiYjg3YzkyNjIwOSIsImlzcyI6Imh0dHBzOi8vdGVhbXNzby1pdHMwNC50ZWx1cy5jb20iLCJhdWQiOiJrb25nIiwiaWF0IjoxNzIzMjIzMDg5LCJleHAiOjE3MjMyMjMzODl9.flESEmYyI_eCkBmzn54OkGfP2lAIxnyqs2XbjtABUAmEnkCOQe8uoiUdROg_nBCNsbluJLTMIyv2VQYcEFeVpzwJIN4AH00KC-3px8L7DRMcbbbRqgIOGamUVRjytKBt3cFR1XVCW32bLo_XlS6M0CPdsCtowSRRwenf6htGC3loiXiWZ8pxuYaJNnmQfuSN9rWpZNHc8y-eYDl0xm6EoEXQSfatP3EAxDBw6tgqlb5patcu_afyMqKiHha9IdISwDeMrqyfvgoAR4Sqhdy3Uxp_k_xzmM-XWElgzY0YfiUnRnIl01fsIz1UO7xaed3xVyVlwsYrq6nB9I57SYDk-A[\r][\n]"
13:04:54.766 [main] DEBUG karate.org.apache.http.wire - http-outgoing-21 >> "Host: apigw-st.telus.com[\r][\n]"
13:04:54.766 [main] DEBUG karate.org.apache.http.wire - http-outgoing-21 >> "Connection: Keep-Alive[\r][\n]"
13:04:54.766 [main] DEBUG karate.org.apache.http.wire - http-outgoing-21 >> "User-Agent: Apache-HttpClient/4.5.13 (Java/20.0.2)[\r][\n]"
13:04:54.766 [main] DEBUG karate.org.apache.http.wire - http-outgoing-21 >> "Accept-Encoding: gzip,deflate[\r][\n]"
13:04:54.766 [main] DEBUG karate.org.apache.http.wire - http-outgoing-21 >> "[\r][\n]"
13:04:54.814 [main] DEBUG karate.org.apache.http.wire - http-outgoing-21 << "HTTP/1.1 403 Forbidden[\r][\n]"
13:04:54.814 [main] DEBUG karate.org.apache.http.wire - http-outgoing-21 << "Content-Type: application/json; charset=utf-8[\r][\n]"
13:04:54.814 [main] DEBUG karate.org.apache.http.wire - http-outgoing-21 << "Content-Length: 23[\r][\n]"
13:04:54.814 [main] DEBUG karate.org.apache.http.wire - http-outgoing-21 << "Connection: keep-alive[\r][\n]"
13:04:54.814 [main] DEBUG karate.org.apache.http.wire - http-outgoing-21 << "Date: Fri, 09 Aug 2024 17:04:55 GMT[\r][\n]"
13:04:54.814 [main] DEBUG karate.org.apache.http.wire - http-outgoing-21 << "WWW-Authenticate: Bearer realm="telusidentity.apigateway.telus.com", error="insufficient_scope"[\r][\n]"
13:04:54.814 [main] DEBUG karate.org.apache.http.wire - http-outgoing-21 << "Kong-Request-ID: 813137a7-c89b-4b1b-ab8b-01bbb50fe511#396398[\r][\n]"
13:04:54.814 [main] DEBUG karate.org.apache.http.wire - http-outgoing-21 << "vary: Origin[\r][\n]"
13:04:54.814 [main] DEBUG karate.org.apache.http.wire - http-outgoing-21 << "X-Kong-Response-Latency: 2[\r][\n]"
13:04:54.814 [main] DEBUG karate.org.apache.http.wire - http-outgoing-21 << "Server: kong/3.4.3.11-enterprise-edition[\r][\n]"
13:04:54.814 [main] DEBUG karate.org.apache.http.wire - http-outgoing-21 << "X-Kong-Request-Id: 07fcea1fb407de71ae647a22cabd2256[\r][\n]"
13:04:54.814 [main] DEBUG karate.org.apache.http.wire - http-outgoing-21 << "vary: Origin[\r][\n]"
13:04:54.814 [main] DEBUG karate.org.apache.http.wire - http-outgoing-21 << "X-Kong-Upstream-Latency: 5[\r][\n]"
13:04:54.814 [main] DEBUG karate.org.apache.http.wire - http-outgoing-21 << "X-Kong-Proxy-Latency: 1[\r][\n]"
13:04:54.814 [main] DEBUG karate.org.apache.http.wire - http-outgoing-21 << "Via: kong/3.4.3.11-enterprise-edition[\r][\n]"
13:04:54.814 [main] DEBUG karate.org.apache.http.wire - http-outgoing-21 << "[\r][\n]"
13:04:54.815 [main] DEBUG karate.org.apache.http.wire - http-outgoing-21 << "{"message":"Forbidden"}"
13:04:54.815 [main] DEBUG karate.org.apache.http.headers - http-outgoing-21 << HTTP/1.1 403 Forbidden
13:04:54.815 [main] DEBUG karate.org.apache.http.headers - http-outgoing-21 << Content-Type: application/json; charset=utf-8
13:04:54.815 [main] DEBUG karate.org.apache.http.headers - http-outgoing-21 << Content-Length: 23
13:04:54.815 [main] DEBUG karate.org.apache.http.headers - http-outgoing-21 << Connection: keep-alive
13:04:54.815 [main] DEBUG karate.org.apache.http.headers - http-outgoing-21 << Date: Fri, 09 Aug 2024 17:04:55 GMT
13:04:54.815 [main] DEBUG karate.org.apache.http.headers - http-outgoing-21 << WWW-Authenticate: Bearer realm="telusidentity.apigateway.telus.com", error="insufficient_scope"
13:04:54.815 [main] DEBUG karate.org.apache.http.headers - http-outgoing-21 << Kong-Request-ID: 813137a7-c89b-4b1b-ab8b-01bbb50fe511#396398
13:04:54.815 [main] DEBUG karate.org.apache.http.headers - http-outgoing-21 << vary: Origin
13:04:54.815 [main] DEBUG karate.org.apache.http.headers - http-outgoing-21 << X-Kong-Response-Latency: 2
13:04:54.815 [main] DEBUG karate.org.apache.http.headers - http-outgoing-21 << Server: kong/3.4.3.11-enterprise-edition
13:04:54.815 [main] DEBUG karate.org.apache.http.headers - http-outgoing-21 << X-Kong-Request-Id: 07fcea1fb407de71ae647a22cabd2256
13:04:54.815 [main] DEBUG karate.org.apache.http.headers - http-outgoing-21 << vary: Origin
13:04:54.815 [main] DEBUG karate.org.apache.http.headers - http-outgoing-21 << X-Kong-Upstream-Latency: 5
13:04:54.815 [main] DEBUG karate.org.apache.http.headers - http-outgoing-21 << X-Kong-Proxy-Latency: 1
13:04:54.815 [main] DEBUG karate.org.apache.http.headers - http-outgoing-21 << Via: kong/3.4.3.11-enterprise-edition
13:04:54.815 [main] DEBUG karate.org.apache.http.impl.execchain.MainClientExec - Connection can be kept alive indefinitely
13:04:54.815 [main] DEBUG karate.org.apache.http.impl.conn.PoolingHttpClientConnectionManager - Connection [id: 21][route: {s}->https://apigw-st.telus.com:443] can be kept alive indefinitely
13:04:54.815 [main] DEBUG karate.org.apache.http.impl.conn.DefaultManagedHttpClientConnection - http-outgoing-21: set socket timeout to 0
13:04:54.815 [main] DEBUG karate.org.apache.http.impl.conn.PoolingHttpClientConnectionManager - Connection released: [id: 21][route: {s}->https://apigw-st.telus.com:443][total available: 1; route allocated: 1 of 5; total allocated: 1 of 10]
13:04:54.815 [main] DEBUG com.intuit.karate - response time in milliseconds: 150
1 < 403
1 < Content-Type: application/json; charset=utf-8
1 < Content-Length: 23
1 < Connection: keep-alive
1 < Date: Fri, 09 Aug 2024 17:04:55 GMT
1 < WWW-Authenticate: Bearer realm="telusidentity.apigateway.telus.com", error="insufficient_scope"
1 < Kong-Request-ID: 813137a7-c89b-4b1b-ab8b-01bbb50fe511#396398
1 < vary: Origin
1 < vary: Origin
1 < X-Kong-Response-Latency: 2
1 < Server: kong/3.4.3.11-enterprise-edition
1 < X-Kong-Request-Id: 07fcea1fb407de71ae647a22cabd2256
1 < X-Kong-Upstream-Latency: 5
1 < X-Kong-Proxy-Latency: 1
1 < Via: kong/3.4.3.11-enterprise-edition
{"message":"Forbidden"}
13:04:54.816 [main] INFO com.intuit.karate - [print] {
  "message": "Forbidden"
}
 
13:04:54.818 [main] DEBUG com.intuit.karate - write to file: target\testdata\output.json
13:04:54.819 [main] INFO com.intuit.karate - [print] {
  "message": "Forbidden"
}
 
13:04:54.819 [main] INFO com.intuit.karate - << lock released, cached callonce: read("../odsdata/getTestData_Business_Non_Prod.feature@getdatabizWLS")
13:04:54.819 [main] DEBUG com.intuit.karate.core.ScenarioEngine - over-writing existing variable 'mockResponseWLN_BIZ_ACTIVE' with new value: callonce read("../odsdata/getTestData_Business_Non_Prod.feature@getdatabizWLN")
13:04:54.822 [main] INFO com.intuit.karate - >> lock acquired, begin callonce: read("../odsdata/getTestData_Business_Non_Prod.feature@getdatabizWLN")
13:04:54.822 [main] INFO com.intuit.karate.core.FeatureRuntime - classpath:feature/../odsdata/getTestData_Business_Non_Prod.feature - call by tag at line 45: getdatabizWLN
13:04:54.829 [main] INFO com.intuit.karate - [print] {
  "responseHeaders": {
    "Content-Type": [
      "application/json; charset=utf-8"
    ],
    "Content-Length": [
      "23"
    ],
    "Connection": [
      "keep-alive"
    ],
    "Date": [
      "Fri, 09 Aug 2024 17:04:55 GMT"
    ],
    "WWW-Authenticate": [
      "Bearer realm=\"telusidentity.apigateway.telus.com\", error=\"insufficient_scope\""
    ],
    "Kong-Request-ID": [
      "813137a7-c89b-4b1b-ab8b-01bbb50fe511#396398"
    ],
    "vary": [
      "Origin",
      "Origin"
    ],
    "X-Kong-Response-Latency": [
      "2"
    ],
    "Server": [
      "kong/3.4.3.11-enterprise-edition"
    ],
    "X-Kong-Request-Id": [
      "07fcea1fb407de71ae647a22cabd2256"
    ],
    "X-Kong-Upstream-Latency": [
      "5"
    ],
    "X-Kong-Proxy-Latency": [
      "1"
    ],
    "Via": [
      "kong/3.4.3.11-enterprise-edition"
    ]
  },
  "mockResponseWLS_BIZ_ACTIVE": {
    "message": "Forbidden"
  },
  "responseStatus": 403,
  "response": "#ref:java.util.LinkedHashMap"
}
 
13:04:54.829 [main] INFO com.intuit.karate - [print]  
13:04:54.829 [main] INFO com.intuit.karate - [print]  
13:04:54.831 [main] DEBUG karate.org.apache.http.client.protocol.RequestAddCookies - CookieSpec selected: karate
13:04:54.831 [main] DEBUG karate.org.apache.http.client.protocol.RequestAuthCache - Auth cache not set in the context
13:04:54.831 [main] DEBUG com.intuit.karate - request:
1 > GET https://apigw-st.telus.com/customer/contactCenterOdsData/v1/account?businessUnit=BIZ&limit=1&brand=TELUS&lob=WIRELINE&status=ACTIVE
1 > Content-Type: application/json
1 > env: it01
1 > Authorization: Bearer eyJhbGciOiJSUzI1NiIsImtpZCI6ImNhZGZhMTYyLTU2YzEtNGRiOS1hNjNmLTYwZTM3NzIwMWJkZiIsInBpLmF0bSI6IjMifQ.eyJzY29wZSI6WyI0NzIwIl0sImF1dGhvcml6YXRpb25fZGV0YWlscyI6W10sImNsaWVudF9pZCI6IjUyZTgwYmZhLWI0MmMtNDdkNy05OGI1LThiYjg3YzkyNjIwOSIsImlzcyI6Imh0dHBzOi8vdGVhbXNzby1pdHMwNC50ZWx1cy5jb20iLCJhdWQiOiJrb25nIiwiaWF0IjoxNzIzMjIzMDg5LCJleHAiOjE3MjMyMjMzODl9.flESEmYyI_eCkBmzn54OkGfP2lAIxnyqs2XbjtABUAmEnkCOQe8uoiUdROg_nBCNsbluJLTMIyv2VQYcEFeVpzwJIN4AH00KC-3px8L7DRMcbbbRqgIOGamUVRjytKBt3cFR1XVCW32bLo_XlS6M0CPdsCtowSRRwenf6htGC3loiXiWZ8pxuYaJNnmQfuSN9rWpZNHc8y-eYDl0xm6EoEXQSfatP3EAxDBw6tgqlb5patcu_afyMqKiHha9IdISwDeMrqyfvgoAR4Sqhdy3Uxp_k_xzmM-XWElgzY0YfiUnRnIl01fsIz1UO7xaed3xVyVlwsYrq6nB9I57SYDk-A
1 > Host: apigw-st.telus.com
1 > Connection: Keep-Alive
1 > User-Agent: Apache-HttpClient/4.5.13 (Java/20.0.2)
1 > Accept-Encoding: gzip,deflate


13:04:54.831 [main] DEBUG karate.org.apache.http.impl.conn.PoolingHttpClientConnectionManager - Connection request: [route: {s}->https://apigw-st.telus.com:443][total available: 0; route allocated: 0 of 5; total allocated: 0 of 10]
13:04:54.831 [main] DEBUG karate.org.apache.http.impl.conn.PoolingHttpClientConnectionManager - Connection leased: [id: 22][route: {s}->https://apigw-st.telus.com:443][total available: 0; route allocated: 1 of 5; total allocated: 1 of 10]
13:04:54.831 [main] DEBUG karate.org.apache.http.impl.execchain.MainClientExec - Opening connection {s}->https://apigw-st.telus.com:443
13:04:54.831 [main] DEBUG karate.org.apache.http.impl.conn.DefaultHttpClientConnectionOperator - Connecting to apigw-st.telus.com/207.219.84.31:443
13:04:54.831 [main] DEBUG karate.org.apache.http.conn.ssl.LenientSslConnectionSocketFactory - Connecting socket to apigw-st.telus.com/207.219.84.31:443 with timeout 10000
13:04:54.874 [main] DEBUG karate.org.apache.http.conn.ssl.LenientSslConnectionSocketFactory - Enabled protocols: [TLSv1.3, TLSv1.2]
13:04:54.874 [main] DEBUG karate.org.apache.http.conn.ssl.LenientSslConnectionSocketFactory - Enabled cipher suites:[TLS_AES_256_GCM_SHA384, TLS_AES_128_GCM_SHA256, TLS_CHACHA20_POLY1305_SHA256, TLS_ECDHE_ECDSA_WITH_AES_256_GCM_SHA384, TLS_ECDHE_ECDSA_WITH_AES_128_GCM_SHA256, TLS_ECDHE_ECDSA_WITH_CHACHA20_POLY1305_SHA256, TLS_ECDHE_RSA_WITH_AES_256_GCM_SHA384, TLS_ECDHE_RSA_WITH_CHACHA20_POLY1305_SHA256, TLS_ECDHE_RSA_WITH_AES_128_GCM_SHA256, TLS_DHE_RSA_WITH_AES_256_GCM_SHA384, TLS_DHE_RSA_WITH_CHACHA20_POLY1305_SHA256, TLS_DHE_DSS_WITH_AES_256_GCM_SHA384, TLS_DHE_RSA_WITH_AES_128_GCM_SHA256, TLS_DHE_DSS_WITH_AES_128_GCM_SHA256, TLS_ECDHE_ECDSA_WITH_AES_256_CBC_SHA384, TLS_ECDHE_RSA_WITH_AES_256_CBC_SHA384, TLS_ECDHE_ECDSA_WITH_AES_128_CBC_SHA256, TLS_ECDHE_RSA_WITH_AES_128_CBC_SHA256, TLS_DHE_RSA_WITH_AES_256_CBC_SHA256, TLS_DHE_DSS_WITH_AES_256_CBC_SHA256, TLS_DHE_RSA_WITH_AES_128_CBC_SHA256, TLS_DHE_DSS_WITH_AES_128_CBC_SHA256, TLS_ECDHE_ECDSA_WITH_AES_256_CBC_SHA, TLS_ECDHE_RSA_WITH_AES_256_CBC_SHA, TLS_ECDHE_ECDSA_WITH_AES_128_CBC_SHA, TLS_ECDHE_RSA_WITH_AES_128_CBC_SHA, TLS_DHE_RSA_WITH_AES_256_CBC_SHA, TLS_DHE_DSS_WITH_AES_256_CBC_SHA, TLS_DHE_RSA_WITH_AES_128_CBC_SHA, TLS_DHE_DSS_WITH_AES_128_CBC_SHA, TLS_RSA_WITH_AES_256_GCM_SHA384, TLS_RSA_WITH_AES_128_GCM_SHA256, TLS_RSA_WITH_AES_256_CBC_SHA256, TLS_RSA_WITH_AES_128_CBC_SHA256, TLS_RSA_WITH_AES_256_CBC_SHA, TLS_RSA_WITH_AES_128_CBC_SHA, TLS_EMPTY_RENEGOTIATION_INFO_SCSV]
13:04:54.874 [main] DEBUG karate.org.apache.http.conn.ssl.LenientSslConnectionSocketFactory - Starting handshake
13:04:54.926 [main] DEBUG karate.org.apache.http.conn.ssl.LenientSslConnectionSocketFactory - Secure session established
13:04:54.926 [main] DEBUG karate.org.apache.http.conn.ssl.LenientSslConnectionSocketFactory -  negotiated protocol: TLSv1.3
13:04:54.926 [main] DEBUG karate.org.apache.http.conn.ssl.LenientSslConnectionSocketFactory -  negotiated cipher suite: TLS_AES_128_GCM_SHA256
13:04:54.926 [main] DEBUG karate.org.apache.http.conn.ssl.LenientSslConnectionSocketFactory -  peer principal: CN=apigw-soap-st.telus.com, O=TELUS Corp., L=Vancouver, ST=British Columbia, C=CA
13:04:54.926 [main] DEBUG karate.org.apache.http.conn.ssl.LenientSslConnectionSocketFactory -  peer alternative names: [apigw-soap-st.telus.com, apigw-st.telus.com, apigw-qidc-st.telus.com, apigw-kidc-st.telus.com, apigw-soap-qidc-st.telus.com, apigw-soap-kidc-st.telus.com]
13:04:54.926 [main] DEBUG karate.org.apache.http.conn.ssl.LenientSslConnectionSocketFactory -  issuer principal: CN=DigiCert Global G2 TLS RSA SHA256 2020 CA1, O=DigiCert Inc, C=US
13:04:54.926 [main] DEBUG karate.org.apache.http.impl.conn.DefaultHttpClientConnectionOperator - Connection established 192.168.1.65:54958<->207.219.84.31:443
13:04:54.926 [main] DEBUG karate.org.apache.http.impl.conn.DefaultManagedHttpClientConnection - http-outgoing-22: set socket timeout to 20000
13:04:54.926 [main] DEBUG karate.org.apache.http.impl.execchain.MainClientExec - Executing request GET /customer/contactCenterOdsData/v1/account?businessUnit=BIZ&limit=1&brand=TELUS&lob=WIRELINE&status=ACTIVE HTTP/1.1
13:04:54.926 [main] DEBUG karate.org.apache.http.impl.execchain.MainClientExec - Proxy auth state: UNCHALLENGED
13:04:54.927 [main] DEBUG karate.org.apache.http.headers - http-outgoing-22 >> GET /customer/contactCenterOdsData/v1/account?businessUnit=BIZ&limit=1&brand=TELUS&lob=WIRELINE&status=ACTIVE HTTP/1.1
13:04:54.927 [main] DEBUG karate.org.apache.http.headers - http-outgoing-22 >> Content-Type: application/json
13:04:54.927 [main] DEBUG karate.org.apache.http.headers - http-outgoing-22 >> env: it01
13:04:54.927 [main] DEBUG karate.org.apache.http.headers - http-outgoing-22 >> Authorization: Bearer eyJhbGciOiJSUzI1NiIsImtpZCI6ImNhZGZhMTYyLTU2YzEtNGRiOS1hNjNmLTYwZTM3NzIwMWJkZiIsInBpLmF0bSI6IjMifQ.eyJzY29wZSI6WyI0NzIwIl0sImF1dGhvcml6YXRpb25fZGV0YWlscyI6W10sImNsaWVudF9pZCI6IjUyZTgwYmZhLWI0MmMtNDdkNy05OGI1LThiYjg3YzkyNjIwOSIsImlzcyI6Imh0dHBzOi8vdGVhbXNzby1pdHMwNC50ZWx1cy5jb20iLCJhdWQiOiJrb25nIiwiaWF0IjoxNzIzMjIzMDg5LCJleHAiOjE3MjMyMjMzODl9.flESEmYyI_eCkBmzn54OkGfP2lAIxnyqs2XbjtABUAmEnkCOQe8uoiUdROg_nBCNsbluJLTMIyv2VQYcEFeVpzwJIN4AH00KC-3px8L7DRMcbbbRqgIOGamUVRjytKBt3cFR1XVCW32bLo_XlS6M0CPdsCtowSRRwenf6htGC3loiXiWZ8pxuYaJNnmQfuSN9rWpZNHc8y-eYDl0xm6EoEXQSfatP3EAxDBw6tgqlb5patcu_afyMqKiHha9IdISwDeMrqyfvgoAR4Sqhdy3Uxp_k_xzmM-XWElgzY0YfiUnRnIl01fsIz1UO7xaed3xVyVlwsYrq6nB9I57SYDk-A
13:04:54.927 [main] DEBUG karate.org.apache.http.headers - http-outgoing-22 >> Host: apigw-st.telus.com
13:04:54.927 [main] DEBUG karate.org.apache.http.headers - http-outgoing-22 >> Connection: Keep-Alive
13:04:54.927 [main] DEBUG karate.org.apache.http.headers - http-outgoing-22 >> User-Agent: Apache-HttpClient/4.5.13 (Java/20.0.2)
13:04:54.927 [main] DEBUG karate.org.apache.http.headers - http-outgoing-22 >> Accept-Encoding: gzip,deflate
13:04:54.927 [main] DEBUG karate.org.apache.http.wire - http-outgoing-22 >> "GET /customer/contactCenterOdsData/v1/account?businessUnit=BIZ&limit=1&brand=TELUS&lob=WIRELINE&status=ACTIVE HTTP/1.1[\r][\n]"
13:04:54.927 [main] DEBUG karate.org.apache.http.wire - http-outgoing-22 >> "Content-Type: application/json[\r][\n]"
13:04:54.927 [main] DEBUG karate.org.apache.http.wire - http-outgoing-22 >> "env: it01[\r][\n]"
13:04:54.927 [main] DEBUG karate.org.apache.http.wire - http-outgoing-22 >> "Authorization: Bearer eyJhbGciOiJSUzI1NiIsImtpZCI6ImNhZGZhMTYyLTU2YzEtNGRiOS1hNjNmLTYwZTM3NzIwMWJkZiIsInBpLmF0bSI6IjMifQ.eyJzY29wZSI6WyI0NzIwIl0sImF1dGhvcml6YXRpb25fZGV0YWlscyI6W10sImNsaWVudF9pZCI6IjUyZTgwYmZhLWI0MmMtNDdkNy05OGI1LThiYjg3YzkyNjIwOSIsImlzcyI6Imh0dHBzOi8vdGVhbXNzby1pdHMwNC50ZWx1cy5jb20iLCJhdWQiOiJrb25nIiwiaWF0IjoxNzIzMjIzMDg5LCJleHAiOjE3MjMyMjMzODl9.flESEmYyI_eCkBmzn54OkGfP2lAIxnyqs2XbjtABUAmEnkCOQe8uoiUdROg_nBCNsbluJLTMIyv2VQYcEFeVpzwJIN4AH00KC-3px8L7DRMcbbbRqgIOGamUVRjytKBt3cFR1XVCW32bLo_XlS6M0CPdsCtowSRRwenf6htGC3loiXiWZ8pxuYaJNnmQfuSN9rWpZNHc8y-eYDl0xm6EoEXQSfatP3EAxDBw6tgqlb5patcu_afyMqKiHha9IdISwDeMrqyfvgoAR4Sqhdy3Uxp_k_xzmM-XWElgzY0YfiUnRnIl01fsIz1UO7xaed3xVyVlwsYrq6nB9I57SYDk-A[\r][\n]"
13:04:54.927 [main] DEBUG karate.org.apache.http.wire - http-outgoing-22 >> "Host: apigw-st.telus.com[\r][\n]"
13:04:54.927 [main] DEBUG karate.org.apache.http.wire - http-outgoing-22 >> "Connection: Keep-Alive[\r][\n]"
13:04:54.927 [main] DEBUG karate.org.apache.http.wire - http-outgoing-22 >> "User-Agent: Apache-HttpClient/4.5.13 (Java/20.0.2)[\r][\n]"
13:04:54.927 [main] DEBUG karate.org.apache.http.wire - http-outgoing-22 >> "Accept-Encoding: gzip,deflate[\r][\n]"
13:04:54.927 [main] DEBUG karate.org.apache.http.wire - http-outgoing-22 >> "[\r][\n]"
13:04:54.980 [main] DEBUG karate.org.apache.http.wire - http-outgoing-22 << "HTTP/1.1 403 Forbidden[\r][\n]"
13:04:54.980 [main] DEBUG karate.org.apache.http.wire - http-outgoing-22 << "Content-Type: application/json; charset=utf-8[\r][\n]"
13:04:54.980 [main] DEBUG karate.org.apache.http.wire - http-outgoing-22 << "Content-Length: 23[\r][\n]"
13:04:54.980 [main] DEBUG karate.org.apache.http.wire - http-outgoing-22 << "Connection: keep-alive[\r][\n]"
13:04:54.980 [main] DEBUG karate.org.apache.http.wire - http-outgoing-22 << "Date: Fri, 09 Aug 2024 17:04:55 GMT[\r][\n]"
13:04:54.980 [main] DEBUG karate.org.apache.http.wire - http-outgoing-22 << "WWW-Authenticate: Bearer realm="telusidentity.apigateway.telus.com", error="insufficient_scope"[\r][\n]"
13:04:54.980 [main] DEBUG karate.org.apache.http.wire - http-outgoing-22 << "Kong-Request-ID: 3738f01e-16fb-4a3f-a44f-556d9f0df39b#164921[\r][\n]"
13:04:54.980 [main] DEBUG karate.org.apache.http.wire - http-outgoing-22 << "vary: Origin[\r][\n]"
13:04:54.980 [main] DEBUG karate.org.apache.http.wire - http-outgoing-22 << "X-Kong-Response-Latency: 5[\r][\n]"
13:04:54.980 [main] DEBUG karate.org.apache.http.wire - http-outgoing-22 << "Server: kong/3.4.3.11-enterprise-edition[\r][\n]"
13:04:54.980 [main] DEBUG karate.org.apache.http.wire - http-outgoing-22 << "X-Kong-Request-Id: eebe564ca14fe76afbce501493b1b41a[\r][\n]"
13:04:54.980 [main] DEBUG karate.org.apache.http.wire - http-outgoing-22 << "vary: Origin[\r][\n]"
13:04:54.980 [main] DEBUG karate.org.apache.http.wire - http-outgoing-22 << "X-Kong-Upstream-Latency: 8[\r][\n]"
13:04:54.980 [main] DEBUG karate.org.apache.http.wire - http-outgoing-22 << "X-Kong-Proxy-Latency: 3[\r][\n]"
13:04:54.980 [main] DEBUG karate.org.apache.http.wire - http-outgoing-22 << "Via: kong/3.4.3.11-enterprise-edition[\r][\n]"
13:04:54.980 [main] DEBUG karate.org.apache.http.wire - http-outgoing-22 << "[\r][\n]"
13:04:54.980 [main] DEBUG karate.org.apache.http.wire - http-outgoing-22 << "{"message":"Forbidden"}"
13:04:54.980 [main] DEBUG karate.org.apache.http.headers - http-outgoing-22 << HTTP/1.1 403 Forbidden
13:04:54.980 [main] DEBUG karate.org.apache.http.headers - http-outgoing-22 << Content-Type: application/json; charset=utf-8
13:04:54.980 [main] DEBUG karate.org.apache.http.headers - http-outgoing-22 << Content-Length: 23
13:04:54.980 [main] DEBUG karate.org.apache.http.headers - http-outgoing-22 << Connection: keep-alive
13:04:54.980 [main] DEBUG karate.org.apache.http.headers - http-outgoing-22 << Date: Fri, 09 Aug 2024 17:04:55 GMT
13:04:54.980 [main] DEBUG karate.org.apache.http.headers - http-outgoing-22 << WWW-Authenticate: Bearer realm="telusidentity.apigateway.telus.com", error="insufficient_scope"
13:04:54.980 [main] DEBUG karate.org.apache.http.headers - http-outgoing-22 << Kong-Request-ID: 3738f01e-16fb-4a3f-a44f-556d9f0df39b#164921
13:04:54.980 [main] DEBUG karate.org.apache.http.headers - http-outgoing-22 << vary: Origin
13:04:54.980 [main] DEBUG karate.org.apache.http.headers - http-outgoing-22 << X-Kong-Response-Latency: 5
13:04:54.980 [main] DEBUG karate.org.apache.http.headers - http-outgoing-22 << Server: kong/3.4.3.11-enterprise-edition
13:04:54.980 [main] DEBUG karate.org.apache.http.headers - http-outgoing-22 << X-Kong-Request-Id: eebe564ca14fe76afbce501493b1b41a
13:04:54.980 [main] DEBUG karate.org.apache.http.headers - http-outgoing-22 << vary: Origin
13:04:54.980 [main] DEBUG karate.org.apache.http.headers - http-outgoing-22 << X-Kong-Upstream-Latency: 8
13:04:54.980 [main] DEBUG karate.org.apache.http.headers - http-outgoing-22 << X-Kong-Proxy-Latency: 3
13:04:54.980 [main] DEBUG karate.org.apache.http.headers - http-outgoing-22 << Via: kong/3.4.3.11-enterprise-edition
13:04:54.981 [main] DEBUG karate.org.apache.http.impl.execchain.MainClientExec - Connection can be kept alive indefinitely
13:04:54.981 [main] DEBUG karate.org.apache.http.impl.conn.PoolingHttpClientConnectionManager - Connection [id: 22][route: {s}->https://apigw-st.telus.com:443] can be kept alive indefinitely
13:04:54.981 [main] DEBUG karate.org.apache.http.impl.conn.DefaultManagedHttpClientConnection - http-outgoing-22: set socket timeout to 0
13:04:54.981 [main] DEBUG karate.org.apache.http.impl.conn.PoolingHttpClientConnectionManager - Connection released: [id: 22][route: {s}->https://apigw-st.telus.com:443][total available: 1; route allocated: 1 of 5; total allocated: 1 of 10]
13:04:54.981 [main] DEBUG com.intuit.karate - response time in milliseconds: 150
1 < 403
1 < Content-Type: application/json; charset=utf-8
1 < Content-Length: 23
1 < Connection: keep-alive
1 < Date: Fri, 09 Aug 2024 17:04:55 GMT
1 < WWW-Authenticate: Bearer realm="telusidentity.apigateway.telus.com", error="insufficient_scope"
1 < Kong-Request-ID: 3738f01e-16fb-4a3f-a44f-556d9f0df39b#164921
1 < vary: Origin
1 < vary: Origin
1 < X-Kong-Response-Latency: 5
1 < Server: kong/3.4.3.11-enterprise-edition
1 < X-Kong-Request-Id: eebe564ca14fe76afbce501493b1b41a
1 < X-Kong-Upstream-Latency: 8
1 < X-Kong-Proxy-Latency: 3
1 < Via: kong/3.4.3.11-enterprise-edition
{"message":"Forbidden"}
13:04:54.982 [main] INFO com.intuit.karate - [print] {
  "message": "Forbidden"
}
 
13:04:54.984 [main] DEBUG com.intuit.karate - write to file: target\testdata\output.json
13:04:54.984 [main] INFO com.intuit.karate - [print] {
  "message": "Forbidden"
}
 
13:04:54.985 [main] INFO com.intuit.karate - << lock released, cached callonce: read("../odsdata/getTestData_Business_Non_Prod.feature@getdatabizWLN")
13:04:54.987 [main] DEBUG com.jayway.jsonpath.internal.path.CompiledPath - Evaluating path: $
13:04:54.991 [main] INFO com.intuit.karate - karate.env system property was: it01 
13:04:54.991 [main] INFO com.intuit.karate - clientId:52e80bfa-b42c-47d7-98b5-8bb87c926209 
13:04:54.992 [main] INFO com.intuit.karate - Current URL is : https://apigw-st.telus.com 
13:04:54.992 [main] INFO com.intuit.karate - Current Env is : it01 
13:04:54.993 [main] INFO com.intuit.karate - [print] eyJhbGciOiJSUzI1NiIsImtpZCI6ImNhZGZhMTYyLTU2YzEtNGRiOS1hNjNmLTYwZTM3NzIwMWJkZiIsInBpLmF0bSI6IjMifQ.eyJzY29wZSI6WyI0NzIwIl0sImF1dGhvcml6YXRpb25fZGV0YWlscyI6W10sImNsaWVudF9pZCI6IjUyZTgwYmZhLWI0MmMtNDdkNy05OGI1LThiYjg3YzkyNjIwOSIsImlzcyI6Imh0dHBzOi8vdGVhbXNzby1pdHMwNC50ZWx1cy5jb20iLCJhdWQiOiJrb25nIiwiaWF0IjoxNzIzMjIzMDg5LCJleHAiOjE3MjMyMjMzODl9.flESEmYyI_eCkBmzn54OkGfP2lAIxnyqs2XbjtABUAmEnkCOQe8uoiUdROg_nBCNsbluJLTMIyv2VQYcEFeVpzwJIN4AH00KC-3px8L7DRMcbbbRqgIOGamUVRjytKBt3cFR1XVCW32bLo_XlS6M0CPdsCtowSRRwenf6htGC3loiXiWZ8pxuYaJNnmQfuSN9rWpZNHc8y-eYDl0xm6EoEXQSfatP3EAxDBw6tgqlb5patcu_afyMqKiHha9IdISwDeMrqyfvgoAR4Sqhdy3Uxp_k_xzmM-XWElgzY0YfiUnRnIl01fsIz1UO7xaed3xVyVlwsYrq6nB9I57SYDk-A 
13:04:54.993 [main] DEBUG com.intuit.karate.core.ScenarioEngine - over-writing existing variable 'data_file' with new value: 'tn_feature_data.json'
13:04:54.993 [main] DEBUG com.intuit.karate.core.ScenarioEngine - over-writing existing variable 'data_file1' with new value: 'tn_kb_corp_Customer-account_feature_data.json'
13:04:54.994 [main] DEBUG com.intuit.karate.core.ScenarioEngine - over-writing existing variable 'mockResponseWLS_RES_SUSPENDED' with new value: callonce read("../odsdata/getTestData_Consumer_Non_Prod.feature@getdata_resWLS_Suspended")
13:04:54.996 [main] DEBUG com.intuit.karate.core.ScenarioEngine - over-writing existing variable 'mockResponseWLS_RES_ACTIVE' with new value: callonce read("../odsdata/getTestData_Consumer_Non_Prod.feature@getdata_resWLS_Active")
13:04:54.998 [main] DEBUG com.intuit.karate.core.ScenarioEngine - over-writing existing variable 'mockResponseWLN_RES_ACTIVE' with new value: callonce read("../odsdata/getTestData_Consumer_Non_Prod.feature@getdata_resWLN_Active")
13:04:55.001 [main] DEBUG com.intuit.karate.core.ScenarioEngine - over-writing existing variable 'mockResponseWLS_BIZ_ACTIVE' with new value: callonce read("../odsdata/getTestData_Business_Non_Prod.feature@getdatabizWLS")
13:04:55.003 [main] DEBUG com.intuit.karate.core.ScenarioEngine - over-writing existing variable 'mockResponseWLN_BIZ_ACTIVE' with new value: callonce read("../odsdata/getTestData_Business_Non_Prod.feature@getdatabizWLN")
13:04:55.004 [main] DEBUG com.intuit.karate.core.ScenarioEngine - over-writing existing variable 'data_file5' with new value: 'tn_feature_data_morethan3acct.json'
13:04:55.005 [main] DEBUG karate.org.apache.http.client.protocol.RequestAddCookies - CookieSpec selected: karate
13:04:55.006 [main] DEBUG karate.org.apache.http.client.protocol.RequestAuthCache - Auth cache not set in the context
13:04:55.006 [main] DEBUG com.intuit.karate - request:
1 > GET https://apigw-st.telus.com/customer/contactCenterCustomerInfo/v1/account?tn=7788882617
1 > accept: application/json
1 > env: it01
1 > Authorization: Bearer eyJhbGciOiJSUzI1NiIsImtpZCI6ImNhZGZhMTYyLTU2YzEtNGRiOS1hNjNmLTYwZTM3NzIwMWJkZiIsInBpLmF0bSI6IjMifQ.eyJzY29wZSI6WyI0NzIwIl0sImF1dGhvcml6YXRpb25fZGV0YWlscyI6W10sImNsaWVudF9pZCI6IjUyZTgwYmZhLWI0MmMtNDdkNy05OGI1LThiYjg3YzkyNjIwOSIsImlzcyI6Imh0dHBzOi8vdGVhbXNzby1pdHMwNC50ZWx1cy5jb20iLCJhdWQiOiJrb25nIiwiaWF0IjoxNzIzMjIzMDg5LCJleHAiOjE3MjMyMjMzODl9.flESEmYyI_eCkBmzn54OkGfP2lAIxnyqs2XbjtABUAmEnkCOQe8uoiUdROg_nBCNsbluJLTMIyv2VQYcEFeVpzwJIN4AH00KC-3px8L7DRMcbbbRqgIOGamUVRjytKBt3cFR1XVCW32bLo_XlS6M0CPdsCtowSRRwenf6htGC3loiXiWZ8pxuYaJNnmQfuSN9rWpZNHc8y-eYDl0xm6EoEXQSfatP3EAxDBw6tgqlb5patcu_afyMqKiHha9IdISwDeMrqyfvgoAR4Sqhdy3Uxp_k_xzmM-XWElgzY0YfiUnRnIl01fsIz1UO7xaed3xVyVlwsYrq6nB9I57SYDk-A
1 > Host: apigw-st.telus.com
1 > Connection: Keep-Alive
1 > User-Agent: Apache-HttpClient/4.5.13 (Java/20.0.2)
1 > Accept-Encoding: gzip,deflate


13:04:55.006 [main] DEBUG karate.org.apache.http.impl.conn.PoolingHttpClientConnectionManager - Connection request: [route: {s}->https://apigw-st.telus.com:443][total available: 0; route allocated: 0 of 5; total allocated: 0 of 10]
13:04:55.006 [main] DEBUG karate.org.apache.http.impl.conn.PoolingHttpClientConnectionManager - Connection leased: [id: 23][route: {s}->https://apigw-st.telus.com:443][total available: 0; route allocated: 1 of 5; total allocated: 1 of 10]
13:04:55.006 [main] DEBUG karate.org.apache.http.impl.execchain.MainClientExec - Opening connection {s}->https://apigw-st.telus.com:443
13:04:55.006 [main] DEBUG karate.org.apache.http.impl.conn.DefaultHttpClientConnectionOperator - Connecting to apigw-st.telus.com/207.219.84.31:443
13:04:55.006 [main] DEBUG karate.org.apache.http.conn.ssl.LenientSslConnectionSocketFactory - Connecting socket to apigw-st.telus.com/207.219.84.31:443 with timeout 10000
13:04:55.045 [main] DEBUG karate.org.apache.http.conn.ssl.LenientSslConnectionSocketFactory - Enabled protocols: [TLSv1.3, TLSv1.2]
13:04:55.045 [main] DEBUG karate.org.apache.http.conn.ssl.LenientSslConnectionSocketFactory - Enabled cipher suites:[TLS_AES_256_GCM_SHA384, TLS_AES_128_GCM_SHA256, TLS_CHACHA20_POLY1305_SHA256, TLS_ECDHE_ECDSA_WITH_AES_256_GCM_SHA384, TLS_ECDHE_ECDSA_WITH_AES_128_GCM_SHA256, TLS_ECDHE_ECDSA_WITH_CHACHA20_POLY1305_SHA256, TLS_ECDHE_RSA_WITH_AES_256_GCM_SHA384, TLS_ECDHE_RSA_WITH_CHACHA20_POLY1305_SHA256, TLS_ECDHE_RSA_WITH_AES_128_GCM_SHA256, TLS_DHE_RSA_WITH_AES_256_GCM_SHA384, TLS_DHE_RSA_WITH_CHACHA20_POLY1305_SHA256, TLS_DHE_DSS_WITH_AES_256_GCM_SHA384, TLS_DHE_RSA_WITH_AES_128_GCM_SHA256, TLS_DHE_DSS_WITH_AES_128_GCM_SHA256, TLS_ECDHE_ECDSA_WITH_AES_256_CBC_SHA384, TLS_ECDHE_RSA_WITH_AES_256_CBC_SHA384, TLS_ECDHE_ECDSA_WITH_AES_128_CBC_SHA256, TLS_ECDHE_RSA_WITH_AES_128_CBC_SHA256, TLS_DHE_RSA_WITH_AES_256_CBC_SHA256, TLS_DHE_DSS_WITH_AES_256_CBC_SHA256, TLS_DHE_RSA_WITH_AES_128_CBC_SHA256, TLS_DHE_DSS_WITH_AES_128_CBC_SHA256, TLS_ECDHE_ECDSA_WITH_AES_256_CBC_SHA, TLS_ECDHE_RSA_WITH_AES_256_CBC_SHA, TLS_ECDHE_ECDSA_WITH_AES_128_CBC_SHA, TLS_ECDHE_RSA_WITH_AES_128_CBC_SHA, TLS_DHE_RSA_WITH_AES_256_CBC_SHA, TLS_DHE_DSS_WITH_AES_256_CBC_SHA, TLS_DHE_RSA_WITH_AES_128_CBC_SHA, TLS_DHE_DSS_WITH_AES_128_CBC_SHA, TLS_RSA_WITH_AES_256_GCM_SHA384, TLS_RSA_WITH_AES_128_GCM_SHA256, TLS_RSA_WITH_AES_256_CBC_SHA256, TLS_RSA_WITH_AES_128_CBC_SHA256, TLS_RSA_WITH_AES_256_CBC_SHA, TLS_RSA_WITH_AES_128_CBC_SHA, TLS_EMPTY_RENEGOTIATION_INFO_SCSV]
13:04:55.045 [main] DEBUG karate.org.apache.http.conn.ssl.LenientSslConnectionSocketFactory - Starting handshake
13:04:55.100 [main] DEBUG karate.org.apache.http.conn.ssl.LenientSslConnectionSocketFactory - Secure session established
13:04:55.100 [main] DEBUG karate.org.apache.http.conn.ssl.LenientSslConnectionSocketFactory -  negotiated protocol: TLSv1.3
13:04:55.100 [main] DEBUG karate.org.apache.http.conn.ssl.LenientSslConnectionSocketFactory -  negotiated cipher suite: TLS_AES_128_GCM_SHA256
13:04:55.100 [main] DEBUG karate.org.apache.http.conn.ssl.LenientSslConnectionSocketFactory -  peer principal: CN=apigw-soap-st.telus.com, O=TELUS Corp., L=Vancouver, ST=British Columbia, C=CA
13:04:55.100 [main] DEBUG karate.org.apache.http.conn.ssl.LenientSslConnectionSocketFactory -  peer alternative names: [apigw-soap-st.telus.com, apigw-st.telus.com, apigw-qidc-st.telus.com, apigw-kidc-st.telus.com, apigw-soap-qidc-st.telus.com, apigw-soap-kidc-st.telus.com]
13:04:55.100 [main] DEBUG karate.org.apache.http.conn.ssl.LenientSslConnectionSocketFactory -  issuer principal: CN=DigiCert Global G2 TLS RSA SHA256 2020 CA1, O=DigiCert Inc, C=US
13:04:55.100 [main] DEBUG karate.org.apache.http.impl.conn.DefaultHttpClientConnectionOperator - Connection established 192.168.1.65:54959<->207.219.84.31:443
13:04:55.100 [main] DEBUG karate.org.apache.http.impl.conn.DefaultManagedHttpClientConnection - http-outgoing-23: set socket timeout to 20000
13:04:55.100 [main] DEBUG karate.org.apache.http.impl.execchain.MainClientExec - Executing request GET /customer/contactCenterCustomerInfo/v1/account?tn=7788882617 HTTP/1.1
13:04:55.100 [main] DEBUG karate.org.apache.http.impl.execchain.MainClientExec - Proxy auth state: UNCHALLENGED
13:04:55.100 [main] DEBUG karate.org.apache.http.headers - http-outgoing-23 >> GET /customer/contactCenterCustomerInfo/v1/account?tn=7788882617 HTTP/1.1
13:04:55.100 [main] DEBUG karate.org.apache.http.headers - http-outgoing-23 >> accept: application/json
13:04:55.100 [main] DEBUG karate.org.apache.http.headers - http-outgoing-23 >> env: it01
13:04:55.100 [main] DEBUG karate.org.apache.http.headers - http-outgoing-23 >> Authorization: Bearer eyJhbGciOiJSUzI1NiIsImtpZCI6ImNhZGZhMTYyLTU2YzEtNGRiOS1hNjNmLTYwZTM3NzIwMWJkZiIsInBpLmF0bSI6IjMifQ.eyJzY29wZSI6WyI0NzIwIl0sImF1dGhvcml6YXRpb25fZGV0YWlscyI6W10sImNsaWVudF9pZCI6IjUyZTgwYmZhLWI0MmMtNDdkNy05OGI1LThiYjg3YzkyNjIwOSIsImlzcyI6Imh0dHBzOi8vdGVhbXNzby1pdHMwNC50ZWx1cy5jb20iLCJhdWQiOiJrb25nIiwiaWF0IjoxNzIzMjIzMDg5LCJleHAiOjE3MjMyMjMzODl9.flESEmYyI_eCkBmzn54OkGfP2lAIxnyqs2XbjtABUAmEnkCOQe8uoiUdROg_nBCNsbluJLTMIyv2VQYcEFeVpzwJIN4AH00KC-3px8L7DRMcbbbRqgIOGamUVRjytKBt3cFR1XVCW32bLo_XlS6M0CPdsCtowSRRwenf6htGC3loiXiWZ8pxuYaJNnmQfuSN9rWpZNHc8y-eYDl0xm6EoEXQSfatP3EAxDBw6tgqlb5patcu_afyMqKiHha9IdISwDeMrqyfvgoAR4Sqhdy3Uxp_k_xzmM-XWElgzY0YfiUnRnIl01fsIz1UO7xaed3xVyVlwsYrq6nB9I57SYDk-A
13:04:55.100 [main] DEBUG karate.org.apache.http.headers - http-outgoing-23 >> Host: apigw-st.telus.com
13:04:55.101 [main] DEBUG karate.org.apache.http.headers - http-outgoing-23 >> Connection: Keep-Alive
13:04:55.101 [main] DEBUG karate.org.apache.http.headers - http-outgoing-23 >> User-Agent: Apache-HttpClient/4.5.13 (Java/20.0.2)
13:04:55.101 [main] DEBUG karate.org.apache.http.headers - http-outgoing-23 >> Accept-Encoding: gzip,deflate
13:04:55.101 [main] DEBUG karate.org.apache.http.wire - http-outgoing-23 >> "GET /customer/contactCenterCustomerInfo/v1/account?tn=7788882617 HTTP/1.1[\r][\n]"
13:04:55.101 [main] DEBUG karate.org.apache.http.wire - http-outgoing-23 >> "accept: application/json[\r][\n]"
13:04:55.101 [main] DEBUG karate.org.apache.http.wire - http-outgoing-23 >> "env: it01[\r][\n]"
13:04:55.101 [main] DEBUG karate.org.apache.http.wire - http-outgoing-23 >> "Authorization: Bearer eyJhbGciOiJSUzI1NiIsImtpZCI6ImNhZGZhMTYyLTU2YzEtNGRiOS1hNjNmLTYwZTM3NzIwMWJkZiIsInBpLmF0bSI6IjMifQ.eyJzY29wZSI6WyI0NzIwIl0sImF1dGhvcml6YXRpb25fZGV0YWlscyI6W10sImNsaWVudF9pZCI6IjUyZTgwYmZhLWI0MmMtNDdkNy05OGI1LThiYjg3YzkyNjIwOSIsImlzcyI6Imh0dHBzOi8vdGVhbXNzby1pdHMwNC50ZWx1cy5jb20iLCJhdWQiOiJrb25nIiwiaWF0IjoxNzIzMjIzMDg5LCJleHAiOjE3MjMyMjMzODl9.flESEmYyI_eCkBmzn54OkGfP2lAIxnyqs2XbjtABUAmEnkCOQe8uoiUdROg_nBCNsbluJLTMIyv2VQYcEFeVpzwJIN4AH00KC-3px8L7DRMcbbbRqgIOGamUVRjytKBt3cFR1XVCW32bLo_XlS6M0CPdsCtowSRRwenf6htGC3loiXiWZ8pxuYaJNnmQfuSN9rWpZNHc8y-eYDl0xm6EoEXQSfatP3EAxDBw6tgqlb5patcu_afyMqKiHha9IdISwDeMrqyfvgoAR4Sqhdy3Uxp_k_xzmM-XWElgzY0YfiUnRnIl01fsIz1UO7xaed3xVyVlwsYrq6nB9I57SYDk-A[\r][\n]"
13:04:55.101 [main] DEBUG karate.org.apache.http.wire - http-outgoing-23 >> "Host: apigw-st.telus.com[\r][\n]"
13:04:55.101 [main] DEBUG karate.org.apache.http.wire - http-outgoing-23 >> "Connection: Keep-Alive[\r][\n]"
13:04:55.101 [main] DEBUG karate.org.apache.http.wire - http-outgoing-23 >> "User-Agent: Apache-HttpClient/4.5.13 (Java/20.0.2)[\r][\n]"
13:04:55.101 [main] DEBUG karate.org.apache.http.wire - http-outgoing-23 >> "Accept-Encoding: gzip,deflate[\r][\n]"
13:04:55.101 [main] DEBUG karate.org.apache.http.wire - http-outgoing-23 >> "[\r][\n]"
13:04:55.140 [main] DEBUG karate.org.apache.http.wire - http-outgoing-23 << "HTTP/1.1 403 Forbidden[\r][\n]"
13:04:55.140 [main] DEBUG karate.org.apache.http.wire - http-outgoing-23 << "Content-Type: application/json; charset=utf-8[\r][\n]"
13:04:55.140 [main] DEBUG karate.org.apache.http.wire - http-outgoing-23 << "Content-Length: 23[\r][\n]"
13:04:55.140 [main] DEBUG karate.org.apache.http.wire - http-outgoing-23 << "Connection: keep-alive[\r][\n]"
13:04:55.140 [main] DEBUG karate.org.apache.http.wire - http-outgoing-23 << "Date: Fri, 09 Aug 2024 17:04:55 GMT[\r][\n]"
13:04:55.140 [main] DEBUG karate.org.apache.http.wire - http-outgoing-23 << "WWW-Authenticate: Bearer realm="teamsso-its04.telus.com", error="insufficient_scope"[\r][\n]"
13:04:55.141 [main] DEBUG karate.org.apache.http.wire - http-outgoing-23 << "Kong-Request-ID: 2a7d2973-b90b-454f-af4f-d6467f521290#372922[\r][\n]"
13:04:55.141 [main] DEBUG karate.org.apache.http.wire - http-outgoing-23 << "vary: Origin[\r][\n]"
13:04:55.141 [main] DEBUG karate.org.apache.http.wire - http-outgoing-23 << "X-Kong-Response-Latency: 1[\r][\n]"
13:04:55.141 [main] DEBUG karate.org.apache.http.wire - http-outgoing-23 << "Server: kong/3.4.3.11-enterprise-edition[\r][\n]"
13:04:55.141 [main] DEBUG karate.org.apache.http.wire - http-outgoing-23 << "X-Kong-Request-Id: 8192b43fe031a86b5ea84772f67cc74a[\r][\n]"
13:04:55.141 [main] DEBUG karate.org.apache.http.wire - http-outgoing-23 << "vary: Origin[\r][\n]"
13:04:55.141 [main] DEBUG karate.org.apache.http.wire - http-outgoing-23 << "X-Kong-Upstream-Latency: 4[\r][\n]"
13:04:55.141 [main] DEBUG karate.org.apache.http.wire - http-outgoing-23 << "X-Kong-Proxy-Latency: 2[\r][\n]"
13:04:55.141 [main] DEBUG karate.org.apache.http.wire - http-outgoing-23 << "Via: kong/3.4.3.11-enterprise-edition[\r][\n]"
13:04:55.141 [main] DEBUG karate.org.apache.http.wire - http-outgoing-23 << "[\r][\n]"
13:04:55.141 [main] DEBUG karate.org.apache.http.wire - http-outgoing-23 << "{"message":"Forbidden"}"
13:04:55.141 [main] DEBUG karate.org.apache.http.headers - http-outgoing-23 << HTTP/1.1 403 Forbidden
13:04:55.141 [main] DEBUG karate.org.apache.http.headers - http-outgoing-23 << Content-Type: application/json; charset=utf-8
13:04:55.141 [main] DEBUG karate.org.apache.http.headers - http-outgoing-23 << Content-Length: 23
13:04:55.141 [main] DEBUG karate.org.apache.http.headers - http-outgoing-23 << Connection: keep-alive
13:04:55.141 [main] DEBUG karate.org.apache.http.headers - http-outgoing-23 << Date: Fri, 09 Aug 2024 17:04:55 GMT
13:04:55.141 [main] DEBUG karate.org.apache.http.headers - http-outgoing-23 << WWW-Authenticate: Bearer realm="teamsso-its04.telus.com", error="insufficient_scope"
13:04:55.141 [main] DEBUG karate.org.apache.http.headers - http-outgoing-23 << Kong-Request-ID: 2a7d2973-b90b-454f-af4f-d6467f521290#372922
13:04:55.141 [main] DEBUG karate.org.apache.http.headers - http-outgoing-23 << vary: Origin
13:04:55.141 [main] DEBUG karate.org.apache.http.headers - http-outgoing-23 << X-Kong-Response-Latency: 1
13:04:55.141 [main] DEBUG karate.org.apache.http.headers - http-outgoing-23 << Server: kong/3.4.3.11-enterprise-edition
13:04:55.141 [main] DEBUG karate.org.apache.http.headers - http-outgoing-23 << X-Kong-Request-Id: 8192b43fe031a86b5ea84772f67cc74a
13:04:55.141 [main] DEBUG karate.org.apache.http.headers - http-outgoing-23 << vary: Origin
13:04:55.141 [main] DEBUG karate.org.apache.http.headers - http-outgoing-23 << X-Kong-Upstream-Latency: 4
13:04:55.141 [main] DEBUG karate.org.apache.http.headers - http-outgoing-23 << X-Kong-Proxy-Latency: 2
13:04:55.141 [main] DEBUG karate.org.apache.http.headers - http-outgoing-23 << Via: kong/3.4.3.11-enterprise-edition
13:04:55.141 [main] DEBUG karate.org.apache.http.impl.execchain.MainClientExec - Connection can be kept alive indefinitely
13:04:55.141 [main] DEBUG karate.org.apache.http.impl.conn.PoolingHttpClientConnectionManager - Connection [id: 23][route: {s}->https://apigw-st.telus.com:443] can be kept alive indefinitely
13:04:55.141 [main] DEBUG karate.org.apache.http.impl.conn.DefaultManagedHttpClientConnection - http-outgoing-23: set socket timeout to 0
13:04:55.141 [main] DEBUG karate.org.apache.http.impl.conn.PoolingHttpClientConnectionManager - Connection released: [id: 23][route: {s}->https://apigw-st.telus.com:443][total available: 1; route allocated: 1 of 5; total allocated: 1 of 10]
13:04:55.142 [main] DEBUG com.intuit.karate - response time in milliseconds: 135
1 < 403
1 < Content-Type: application/json; charset=utf-8
1 < Content-Length: 23
1 < Connection: keep-alive
1 < Date: Fri, 09 Aug 2024 17:04:55 GMT
1 < WWW-Authenticate: Bearer realm="teamsso-its04.telus.com", error="insufficient_scope"
1 < Kong-Request-ID: 2a7d2973-b90b-454f-af4f-d6467f521290#372922
1 < vary: Origin
1 < vary: Origin
1 < X-Kong-Response-Latency: 1
1 < Server: kong/3.4.3.11-enterprise-edition
1 < X-Kong-Request-Id: 8192b43fe031a86b5ea84772f67cc74a
1 < X-Kong-Upstream-Latency: 4
1 < X-Kong-Proxy-Latency: 2
1 < Via: kong/3.4.3.11-enterprise-edition
{"message":"Forbidden"}
13:04:55.142 [main] ERROR com.intuit.karate - classpath:feature/CCE_TN.feature:25
Then status 200
status code was: 403, expected: 200, response time in milliseconds: 135, url: https://apigw-st.telus.com/customer/contactCenterCustomerInfo/v1/account?tn=7788882617, response: 
{"message":"Forbidden"}
classpath:feature/CCE_TN.feature:25
13:04:55.146 [main] INFO com.intuit.karate - karate.env system property was: it01 
13:04:55.146 [main] INFO com.intuit.karate - clientId:52e80bfa-b42c-47d7-98b5-8bb87c926209 
13:04:55.147 [main] INFO com.intuit.karate - Current URL is : https://apigw-st.telus.com 
13:04:55.147 [main] INFO com.intuit.karate - Current Env is : it01 
13:04:55.149 [main] INFO com.intuit.karate - [print] eyJhbGciOiJSUzI1NiIsImtpZCI6ImNhZGZhMTYyLTU2YzEtNGRiOS1hNjNmLTYwZTM3NzIwMWJkZiIsInBpLmF0bSI6IjMifQ.eyJzY29wZSI6WyI0NzIwIl0sImF1dGhvcml6YXRpb25fZGV0YWlscyI6W10sImNsaWVudF9pZCI6IjUyZTgwYmZhLWI0MmMtNDdkNy05OGI1LThiYjg3YzkyNjIwOSIsImlzcyI6Imh0dHBzOi8vdGVhbXNzby1pdHMwNC50ZWx1cy5jb20iLCJhdWQiOiJrb25nIiwiaWF0IjoxNzIzMjIzMDg5LCJleHAiOjE3MjMyMjMzODl9.flESEmYyI_eCkBmzn54OkGfP2lAIxnyqs2XbjtABUAmEnkCOQe8uoiUdROg_nBCNsbluJLTMIyv2VQYcEFeVpzwJIN4AH00KC-3px8L7DRMcbbbRqgIOGamUVRjytKBt3cFR1XVCW32bLo_XlS6M0CPdsCtowSRRwenf6htGC3loiXiWZ8pxuYaJNnmQfuSN9rWpZNHc8y-eYDl0xm6EoEXQSfatP3EAxDBw6tgqlb5patcu_afyMqKiHha9IdISwDeMrqyfvgoAR4Sqhdy3Uxp_k_xzmM-XWElgzY0YfiUnRnIl01fsIz1UO7xaed3xVyVlwsYrq6nB9I57SYDk-A 
13:04:55.149 [main] DEBUG com.intuit.karate.core.ScenarioEngine - over-writing existing variable 'data_file' with new value: 'tn_feature_data.json'
13:04:55.149 [main] DEBUG com.intuit.karate.core.ScenarioEngine - over-writing existing variable 'data_file1' with new value: 'tn_kb_corp_Customer-account_feature_data.json'
13:04:55.149 [main] DEBUG com.intuit.karate.core.ScenarioEngine - over-writing existing variable 'mockResponseWLS_RES_SUSPENDED' with new value: callonce read("../odsdata/getTestData_Consumer_Non_Prod.feature@getdata_resWLS_Suspended")
13:04:55.152 [main] DEBUG com.intuit.karate.core.ScenarioEngine - over-writing existing variable 'mockResponseWLS_RES_ACTIVE' with new value: callonce read("../odsdata/getTestData_Consumer_Non_Prod.feature@getdata_resWLS_Active")
13:04:55.154 [main] DEBUG com.intuit.karate.core.ScenarioEngine - over-writing existing variable 'mockResponseWLN_RES_ACTIVE' with new value: callonce read("../odsdata/getTestData_Consumer_Non_Prod.feature@getdata_resWLN_Active")
13:04:55.155 [main] DEBUG com.intuit.karate.core.ScenarioEngine - over-writing existing variable 'mockResponseWLS_BIZ_ACTIVE' with new value: callonce read("../odsdata/getTestData_Business_Non_Prod.feature@getdatabizWLS")
13:04:55.156 [main] DEBUG com.intuit.karate.core.ScenarioEngine - over-writing existing variable 'mockResponseWLN_BIZ_ACTIVE' with new value: callonce read("../odsdata/getTestData_Business_Non_Prod.feature@getdatabizWLN")
13:04:55.157 [main] DEBUG com.intuit.karate.core.ScenarioEngine - over-writing existing variable 'data_file5' with new value: 'tn_feature_data_morethan3acct.json'
13:04:55.159 [main] DEBUG karate.org.apache.http.client.protocol.RequestAddCookies - CookieSpec selected: karate
13:04:55.159 [main] DEBUG karate.org.apache.http.client.protocol.RequestAuthCache - Auth cache not set in the context
13:04:55.159 [main] DEBUG com.intuit.karate - request:
1 > GET https://apigw-st.telus.com/customer/contactCenterCustomerInfo/v1/account?tn=9059091706
1 > accept: application/json
1 > env: it01
1 > Authorization: Bearer eyJhbGciOiJSUzI1NiIsImtpZCI6ImNhZGZhMTYyLTU2YzEtNGRiOS1hNjNmLTYwZTM3NzIwMWJkZiIsInBpLmF0bSI6IjMifQ.eyJzY29wZSI6WyI0NzIwIl0sImF1dGhvcml6YXRpb25fZGV0YWlscyI6W10sImNsaWVudF9pZCI6IjUyZTgwYmZhLWI0MmMtNDdkNy05OGI1LThiYjg3YzkyNjIwOSIsImlzcyI6Imh0dHBzOi8vdGVhbXNzby1pdHMwNC50ZWx1cy5jb20iLCJhdWQiOiJrb25nIiwiaWF0IjoxNzIzMjIzMDg5LCJleHAiOjE3MjMyMjMzODl9.flESEmYyI_eCkBmzn54OkGfP2lAIxnyqs2XbjtABUAmEnkCOQe8uoiUdROg_nBCNsbluJLTMIyv2VQYcEFeVpzwJIN4AH00KC-3px8L7DRMcbbbRqgIOGamUVRjytKBt3cFR1XVCW32bLo_XlS6M0CPdsCtowSRRwenf6htGC3loiXiWZ8pxuYaJNnmQfuSN9rWpZNHc8y-eYDl0xm6EoEXQSfatP3EAxDBw6tgqlb5patcu_afyMqKiHha9IdISwDeMrqyfvgoAR4Sqhdy3Uxp_k_xzmM-XWElgzY0YfiUnRnIl01fsIz1UO7xaed3xVyVlwsYrq6nB9I57SYDk-A
1 > Host: apigw-st.telus.com
1 > Connection: Keep-Alive
1 > User-Agent: Apache-HttpClient/4.5.13 (Java/20.0.2)
1 > Accept-Encoding: gzip,deflate


13:04:55.159 [main] DEBUG karate.org.apache.http.impl.conn.PoolingHttpClientConnectionManager - Connection request: [route: {s}->https://apigw-st.telus.com:443][total available: 0; route allocated: 0 of 5; total allocated: 0 of 10]
13:04:55.159 [main] DEBUG karate.org.apache.http.impl.conn.PoolingHttpClientConnectionManager - Connection leased: [id: 24][route: {s}->https://apigw-st.telus.com:443][total available: 0; route allocated: 1 of 5; total allocated: 1 of 10]
13:04:55.159 [main] DEBUG karate.org.apache.http.impl.execchain.MainClientExec - Opening connection {s}->https://apigw-st.telus.com:443
13:04:55.159 [main] DEBUG karate.org.apache.http.impl.conn.DefaultHttpClientConnectionOperator - Connecting to apigw-st.telus.com/207.219.84.31:443
13:04:55.159 [main] DEBUG karate.org.apache.http.conn.ssl.LenientSslConnectionSocketFactory - Connecting socket to apigw-st.telus.com/207.219.84.31:443 with timeout 10000
13:04:55.198 [main] DEBUG karate.org.apache.http.conn.ssl.LenientSslConnectionSocketFactory - Enabled protocols: [TLSv1.3, TLSv1.2]
13:04:55.199 [main] DEBUG karate.org.apache.http.conn.ssl.LenientSslConnectionSocketFactory - Enabled cipher suites:[TLS_AES_256_GCM_SHA384, TLS_AES_128_GCM_SHA256, TLS_CHACHA20_POLY1305_SHA256, TLS_ECDHE_ECDSA_WITH_AES_256_GCM_SHA384, TLS_ECDHE_ECDSA_WITH_AES_128_GCM_SHA256, TLS_ECDHE_ECDSA_WITH_CHACHA20_POLY1305_SHA256, TLS_ECDHE_RSA_WITH_AES_256_GCM_SHA384, TLS_ECDHE_RSA_WITH_CHACHA20_POLY1305_SHA256, TLS_ECDHE_RSA_WITH_AES_128_GCM_SHA256, TLS_DHE_RSA_WITH_AES_256_GCM_SHA384, TLS_DHE_RSA_WITH_CHACHA20_POLY1305_SHA256, TLS_DHE_DSS_WITH_AES_256_GCM_SHA384, TLS_DHE_RSA_WITH_AES_128_GCM_SHA256, TLS_DHE_DSS_WITH_AES_128_GCM_SHA256, TLS_ECDHE_ECDSA_WITH_AES_256_CBC_SHA384, TLS_ECDHE_RSA_WITH_AES_256_CBC_SHA384, TLS_ECDHE_ECDSA_WITH_AES_128_CBC_SHA256, TLS_ECDHE_RSA_WITH_AES_128_CBC_SHA256, TLS_DHE_RSA_WITH_AES_256_CBC_SHA256, TLS_DHE_DSS_WITH_AES_256_CBC_SHA256, TLS_DHE_RSA_WITH_AES_128_CBC_SHA256, TLS_DHE_DSS_WITH_AES_128_CBC_SHA256, TLS_ECDHE_ECDSA_WITH_AES_256_CBC_SHA, TLS_ECDHE_RSA_WITH_AES_256_CBC_SHA, TLS_ECDHE_ECDSA_WITH_AES_128_CBC_SHA, TLS_ECDHE_RSA_WITH_AES_128_CBC_SHA, TLS_DHE_RSA_WITH_AES_256_CBC_SHA, TLS_DHE_DSS_WITH_AES_256_CBC_SHA, TLS_DHE_RSA_WITH_AES_128_CBC_SHA, TLS_DHE_DSS_WITH_AES_128_CBC_SHA, TLS_RSA_WITH_AES_256_GCM_SHA384, TLS_RSA_WITH_AES_128_GCM_SHA256, TLS_RSA_WITH_AES_256_CBC_SHA256, TLS_RSA_WITH_AES_128_CBC_SHA256, TLS_RSA_WITH_AES_256_CBC_SHA, TLS_RSA_WITH_AES_128_CBC_SHA, TLS_EMPTY_RENEGOTIATION_INFO_SCSV]
13:04:55.199 [main] DEBUG karate.org.apache.http.conn.ssl.LenientSslConnectionSocketFactory - Starting handshake
13:04:55.255 [main] DEBUG karate.org.apache.http.conn.ssl.LenientSslConnectionSocketFactory - Secure session established
13:04:55.255 [main] DEBUG karate.org.apache.http.conn.ssl.LenientSslConnectionSocketFactory -  negotiated protocol: TLSv1.3
13:04:55.255 [main] DEBUG karate.org.apache.http.conn.ssl.LenientSslConnectionSocketFactory -  negotiated cipher suite: TLS_AES_128_GCM_SHA256
13:04:55.255 [main] DEBUG karate.org.apache.http.conn.ssl.LenientSslConnectionSocketFactory -  peer principal: CN=apigw-soap-st.telus.com, O=TELUS Corp., L=Vancouver, ST=British Columbia, C=CA
13:04:55.255 [main] DEBUG karate.org.apache.http.conn.ssl.LenientSslConnectionSocketFactory -  peer alternative names: [apigw-soap-st.telus.com, apigw-st.telus.com, apigw-qidc-st.telus.com, apigw-kidc-st.telus.com, apigw-soap-qidc-st.telus.com, apigw-soap-kidc-st.telus.com]
13:04:55.255 [main] DEBUG karate.org.apache.http.conn.ssl.LenientSslConnectionSocketFactory -  issuer principal: CN=DigiCert Global G2 TLS RSA SHA256 2020 CA1, O=DigiCert Inc, C=US
13:04:55.255 [main] DEBUG karate.org.apache.http.impl.conn.DefaultHttpClientConnectionOperator - Connection established 192.168.1.65:54960<->207.219.84.31:443
13:04:55.255 [main] DEBUG karate.org.apache.http.impl.conn.DefaultManagedHttpClientConnection - http-outgoing-24: set socket timeout to 20000
13:04:55.255 [main] DEBUG karate.org.apache.http.impl.execchain.MainClientExec - Executing request GET /customer/contactCenterCustomerInfo/v1/account?tn=9059091706 HTTP/1.1
13:04:55.255 [main] DEBUG karate.org.apache.http.impl.execchain.MainClientExec - Proxy auth state: UNCHALLENGED
13:04:55.255 [main] DEBUG karate.org.apache.http.headers - http-outgoing-24 >> GET /customer/contactCenterCustomerInfo/v1/account?tn=9059091706 HTTP/1.1
13:04:55.255 [main] DEBUG karate.org.apache.http.headers - http-outgoing-24 >> accept: application/json
13:04:55.255 [main] DEBUG karate.org.apache.http.headers - http-outgoing-24 >> env: it01
13:04:55.255 [main] DEBUG karate.org.apache.http.headers - http-outgoing-24 >> Authorization: Bearer eyJhbGciOiJSUzI1NiIsImtpZCI6ImNhZGZhMTYyLTU2YzEtNGRiOS1hNjNmLTYwZTM3NzIwMWJkZiIsInBpLmF0bSI6IjMifQ.eyJzY29wZSI6WyI0NzIwIl0sImF1dGhvcml6YXRpb25fZGV0YWlscyI6W10sImNsaWVudF9pZCI6IjUyZTgwYmZhLWI0MmMtNDdkNy05OGI1LThiYjg3YzkyNjIwOSIsImlzcyI6Imh0dHBzOi8vdGVhbXNzby1pdHMwNC50ZWx1cy5jb20iLCJhdWQiOiJrb25nIiwiaWF0IjoxNzIzMjIzMDg5LCJleHAiOjE3MjMyMjMzODl9.flESEmYyI_eCkBmzn54OkGfP2lAIxnyqs2XbjtABUAmEnkCOQe8uoiUdROg_nBCNsbluJLTMIyv2VQYcEFeVpzwJIN4AH00KC-3px8L7DRMcbbbRqgIOGamUVRjytKBt3cFR1XVCW32bLo_XlS6M0CPdsCtowSRRwenf6htGC3loiXiWZ8pxuYaJNnmQfuSN9rWpZNHc8y-eYDl0xm6EoEXQSfatP3EAxDBw6tgqlb5patcu_afyMqKiHha9IdISwDeMrqyfvgoAR4Sqhdy3Uxp_k_xzmM-XWElgzY0YfiUnRnIl01fsIz1UO7xaed3xVyVlwsYrq6nB9I57SYDk-A
13:04:55.255 [main] DEBUG karate.org.apache.http.headers - http-outgoing-24 >> Host: apigw-st.telus.com
13:04:55.255 [main] DEBUG karate.org.apache.http.headers - http-outgoing-24 >> Connection: Keep-Alive
13:04:55.255 [main] DEBUG karate.org.apache.http.headers - http-outgoing-24 >> User-Agent: Apache-HttpClient/4.5.13 (Java/20.0.2)
13:04:55.255 [main] DEBUG karate.org.apache.http.headers - http-outgoing-24 >> Accept-Encoding: gzip,deflate
13:04:55.255 [main] DEBUG karate.org.apache.http.wire - http-outgoing-24 >> "GET /customer/contactCenterCustomerInfo/v1/account?tn=9059091706 HTTP/1.1[\r][\n]"
13:04:55.255 [main] DEBUG karate.org.apache.http.wire - http-outgoing-24 >> "accept: application/json[\r][\n]"
13:04:55.255 [main] DEBUG karate.org.apache.http.wire - http-outgoing-24 >> "env: it01[\r][\n]"
13:04:55.255 [main] DEBUG karate.org.apache.http.wire - http-outgoing-24 >> "Authorization: Bearer eyJhbGciOiJSUzI1NiIsImtpZCI6ImNhZGZhMTYyLTU2YzEtNGRiOS1hNjNmLTYwZTM3NzIwMWJkZiIsInBpLmF0bSI6IjMifQ.eyJzY29wZSI6WyI0NzIwIl0sImF1dGhvcml6YXRpb25fZGV0YWlscyI6W10sImNsaWVudF9pZCI6IjUyZTgwYmZhLWI0MmMtNDdkNy05OGI1LThiYjg3YzkyNjIwOSIsImlzcyI6Imh0dHBzOi8vdGVhbXNzby1pdHMwNC50ZWx1cy5jb20iLCJhdWQiOiJrb25nIiwiaWF0IjoxNzIzMjIzMDg5LCJleHAiOjE3MjMyMjMzODl9.flESEmYyI_eCkBmzn54OkGfP2lAIxnyqs2XbjtABUAmEnkCOQe8uoiUdROg_nBCNsbluJLTMIyv2VQYcEFeVpzwJIN4AH00KC-3px8L7DRMcbbbRqgIOGamUVRjytKBt3cFR1XVCW32bLo_XlS6M0CPdsCtowSRRwenf6htGC3loiXiWZ8pxuYaJNnmQfuSN9rWpZNHc8y-eYDl0xm6EoEXQSfatP3EAxDBw6tgqlb5patcu_afyMqKiHha9IdISwDeMrqyfvgoAR4Sqhdy3Uxp_k_xzmM-XWElgzY0YfiUnRnIl01fsIz1UO7xaed3xVyVlwsYrq6nB9I57SYDk-A[\r][\n]"
13:04:55.255 [main] DEBUG karate.org.apache.http.wire - http-outgoing-24 >> "Host: apigw-st.telus.com[\r][\n]"
13:04:55.255 [main] DEBUG karate.org.apache.http.wire - http-outgoing-24 >> "Connection: Keep-Alive[\r][\n]"
13:04:55.255 [main] DEBUG karate.org.apache.http.wire - http-outgoing-24 >> "User-Agent: Apache-HttpClient/4.5.13 (Java/20.0.2)[\r][\n]"
13:04:55.255 [main] DEBUG karate.org.apache.http.wire - http-outgoing-24 >> "Accept-Encoding: gzip,deflate[\r][\n]"
13:04:55.255 [main] DEBUG karate.org.apache.http.wire - http-outgoing-24 >> "[\r][\n]"
13:04:55.307 [main] DEBUG karate.org.apache.http.wire - http-outgoing-24 << "HTTP/1.1 403 Forbidden[\r][\n]"
13:04:55.307 [main] DEBUG karate.org.apache.http.wire - http-outgoing-24 << "Content-Type: application/json; charset=utf-8[\r][\n]"
13:04:55.307 [main] DEBUG karate.org.apache.http.wire - http-outgoing-24 << "Content-Length: 23[\r][\n]"
13:04:55.307 [main] DEBUG karate.org.apache.http.wire - http-outgoing-24 << "Connection: keep-alive[\r][\n]"
13:04:55.307 [main] DEBUG karate.org.apache.http.wire - http-outgoing-24 << "Date: Fri, 09 Aug 2024 17:04:55 GMT[\r][\n]"
13:04:55.307 [main] DEBUG karate.org.apache.http.wire - http-outgoing-24 << "WWW-Authenticate: Bearer realm="teamsso-its04.telus.com", error="insufficient_scope"[\r][\n]"
13:04:55.307 [main] DEBUG karate.org.apache.http.wire - http-outgoing-24 << "Kong-Request-ID: 813137a7-c89b-4b1b-ab8b-01bbb50fe511#396399[\r][\n]"
13:04:55.307 [main] DEBUG karate.org.apache.http.wire - http-outgoing-24 << "vary: Origin[\r][\n]"
13:04:55.307 [main] DEBUG karate.org.apache.http.wire - http-outgoing-24 << "X-Kong-Response-Latency: 3[\r][\n]"
13:04:55.307 [main] DEBUG karate.org.apache.http.wire - http-outgoing-24 << "Server: kong/3.4.3.11-enterprise-edition[\r][\n]"
13:04:55.307 [main] DEBUG karate.org.apache.http.wire - http-outgoing-24 << "X-Kong-Request-Id: 7d74556c9d35ab235a5bd0764011b431[\r][\n]"
13:04:55.307 [main] DEBUG karate.org.apache.http.wire - http-outgoing-24 << "vary: Origin[\r][\n]"
13:04:55.307 [main] DEBUG karate.org.apache.http.wire - http-outgoing-24 << "X-Kong-Upstream-Latency: 7[\r][\n]"
13:04:55.307 [main] DEBUG karate.org.apache.http.wire - http-outgoing-24 << "X-Kong-Proxy-Latency: 1[\r][\n]"
13:04:55.307 [main] DEBUG karate.org.apache.http.wire - http-outgoing-24 << "Via: kong/3.4.3.11-enterprise-edition[\r][\n]"
13:04:55.307 [main] DEBUG karate.org.apache.http.wire - http-outgoing-24 << "[\r][\n]"
13:04:55.307 [main] DEBUG karate.org.apache.http.wire - http-outgoing-24 << "{"message":"Forbidden"}"
13:04:55.308 [main] DEBUG karate.org.apache.http.headers - http-outgoing-24 << HTTP/1.1 403 Forbidden
13:04:55.308 [main] DEBUG karate.org.apache.http.headers - http-outgoing-24 << Content-Type: application/json; charset=utf-8
13:04:55.308 [main] DEBUG karate.org.apache.http.headers - http-outgoing-24 << Content-Length: 23
13:04:55.308 [main] DEBUG karate.org.apache.http.headers - http-outgoing-24 << Connection: keep-alive
13:04:55.308 [main] DEBUG karate.org.apache.http.headers - http-outgoing-24 << Date: Fri, 09 Aug 2024 17:04:55 GMT
13:04:55.308 [main] DEBUG karate.org.apache.http.headers - http-outgoing-24 << WWW-Authenticate: Bearer realm="teamsso-its04.telus.com", error="insufficient_scope"
13:04:55.308 [main] DEBUG karate.org.apache.http.headers - http-outgoing-24 << Kong-Request-ID: 813137a7-c89b-4b1b-ab8b-01bbb50fe511#396399
13:04:55.308 [main] DEBUG karate.org.apache.http.headers - http-outgoing-24 << vary: Origin
13:04:55.308 [main] DEBUG karate.org.apache.http.headers - http-outgoing-24 << X-Kong-Response-Latency: 3
13:04:55.308 [main] DEBUG karate.org.apache.http.headers - http-outgoing-24 << Server: kong/3.4.3.11-enterprise-edition
13:04:55.308 [main] DEBUG karate.org.apache.http.headers - http-outgoing-24 << X-Kong-Request-Id: 7d74556c9d35ab235a5bd0764011b431
13:04:55.308 [main] DEBUG karate.org.apache.http.headers - http-outgoing-24 << vary: Origin
13:04:55.308 [main] DEBUG karate.org.apache.http.headers - http-outgoing-24 << X-Kong-Upstream-Latency: 7
13:04:55.308 [main] DEBUG karate.org.apache.http.headers - http-outgoing-24 << X-Kong-Proxy-Latency: 1
13:04:55.308 [main] DEBUG karate.org.apache.http.headers - http-outgoing-24 << Via: kong/3.4.3.11-enterprise-edition
13:04:55.308 [main] DEBUG karate.org.apache.http.impl.execchain.MainClientExec - Connection can be kept alive indefinitely
13:04:55.308 [main] DEBUG karate.org.apache.http.impl.conn.PoolingHttpClientConnectionManager - Connection [id: 24][route: {s}->https://apigw-st.telus.com:443] can be kept alive indefinitely
13:04:55.308 [main] DEBUG karate.org.apache.http.impl.conn.DefaultManagedHttpClientConnection - http-outgoing-24: set socket timeout to 0
13:04:55.308 [main] DEBUG karate.org.apache.http.impl.conn.PoolingHttpClientConnectionManager - Connection released: [id: 24][route: {s}->https://apigw-st.telus.com:443][total available: 1; route allocated: 1 of 5; total allocated: 1 of 10]
13:04:55.308 [main] DEBUG com.intuit.karate - response time in milliseconds: 149
1 < 403
1 < Content-Type: application/json; charset=utf-8
1 < Content-Length: 23
1 < Connection: keep-alive
1 < Date: Fri, 09 Aug 2024 17:04:55 GMT
1 < WWW-Authenticate: Bearer realm="teamsso-its04.telus.com", error="insufficient_scope"
1 < Kong-Request-ID: 813137a7-c89b-4b1b-ab8b-01bbb50fe511#396399
1 < vary: Origin
1 < vary: Origin
1 < X-Kong-Response-Latency: 3
1 < Server: kong/3.4.3.11-enterprise-edition
1 < X-Kong-Request-Id: 7d74556c9d35ab235a5bd0764011b431
1 < X-Kong-Upstream-Latency: 7
1 < X-Kong-Proxy-Latency: 1
1 < Via: kong/3.4.3.11-enterprise-edition
{"message":"Forbidden"}
13:04:55.309 [main] ERROR com.intuit.karate - classpath:feature/CCE_TN.feature:25
Then status 200
status code was: 403, expected: 200, response time in milliseconds: 149, url: https://apigw-st.telus.com/customer/contactCenterCustomerInfo/v1/account?tn=9059091706, response: 
{"message":"Forbidden"}
classpath:feature/CCE_TN.feature:25
13:04:55.313 [main] INFO com.intuit.karate - karate.env system property was: it01 
13:04:55.313 [main] INFO com.intuit.karate - clientId:52e80bfa-b42c-47d7-98b5-8bb87c926209 
13:04:55.314 [main] INFO com.intuit.karate - Current URL is : https://apigw-st.telus.com 
13:04:55.314 [main] INFO com.intuit.karate - Current Env is : it01 
13:04:55.316 [main] INFO com.intuit.karate - [print] eyJhbGciOiJSUzI1NiIsImtpZCI6ImNhZGZhMTYyLTU2YzEtNGRiOS1hNjNmLTYwZTM3NzIwMWJkZiIsInBpLmF0bSI6IjMifQ.eyJzY29wZSI6WyI0NzIwIl0sImF1dGhvcml6YXRpb25fZGV0YWlscyI6W10sImNsaWVudF9pZCI6IjUyZTgwYmZhLWI0MmMtNDdkNy05OGI1LThiYjg3YzkyNjIwOSIsImlzcyI6Imh0dHBzOi8vdGVhbXNzby1pdHMwNC50ZWx1cy5jb20iLCJhdWQiOiJrb25nIiwiaWF0IjoxNzIzMjIzMDg5LCJleHAiOjE3MjMyMjMzODl9.flESEmYyI_eCkBmzn54OkGfP2lAIxnyqs2XbjtABUAmEnkCOQe8uoiUdROg_nBCNsbluJLTMIyv2VQYcEFeVpzwJIN4AH00KC-3px8L7DRMcbbbRqgIOGamUVRjytKBt3cFR1XVCW32bLo_XlS6M0CPdsCtowSRRwenf6htGC3loiXiWZ8pxuYaJNnmQfuSN9rWpZNHc8y-eYDl0xm6EoEXQSfatP3EAxDBw6tgqlb5patcu_afyMqKiHha9IdISwDeMrqyfvgoAR4Sqhdy3Uxp_k_xzmM-XWElgzY0YfiUnRnIl01fsIz1UO7xaed3xVyVlwsYrq6nB9I57SYDk-A 
13:04:55.316 [main] DEBUG com.intuit.karate.core.ScenarioEngine - over-writing existing variable 'data_file' with new value: 'tn_feature_data.json'
13:04:55.316 [main] DEBUG com.intuit.karate.core.ScenarioEngine - over-writing existing variable 'data_file1' with new value: 'tn_kb_corp_Customer-account_feature_data.json'
13:04:55.316 [main] DEBUG com.intuit.karate.core.ScenarioEngine - over-writing existing variable 'mockResponseWLS_RES_SUSPENDED' with new value: callonce read("../odsdata/getTestData_Consumer_Non_Prod.feature@getdata_resWLS_Suspended")
13:04:55.318 [main] DEBUG com.intuit.karate.core.ScenarioEngine - over-writing existing variable 'mockResponseWLS_RES_ACTIVE' with new value: callonce read("../odsdata/getTestData_Consumer_Non_Prod.feature@getdata_resWLS_Active")
13:04:55.320 [main] DEBUG com.intuit.karate.core.ScenarioEngine - over-writing existing variable 'mockResponseWLN_RES_ACTIVE' with new value: callonce read("../odsdata/getTestData_Consumer_Non_Prod.feature@getdata_resWLN_Active")
13:04:55.321 [main] DEBUG com.intuit.karate.core.ScenarioEngine - over-writing existing variable 'mockResponseWLS_BIZ_ACTIVE' with new value: callonce read("../odsdata/getTestData_Business_Non_Prod.feature@getdatabizWLS")
13:04:55.322 [main] DEBUG com.intuit.karate.core.ScenarioEngine - over-writing existing variable 'mockResponseWLN_BIZ_ACTIVE' with new value: callonce read("../odsdata/getTestData_Business_Non_Prod.feature@getdatabizWLN")
13:04:55.323 [main] DEBUG com.intuit.karate.core.ScenarioEngine - over-writing existing variable 'data_file5' with new value: 'tn_feature_data_morethan3acct.json'
13:04:55.325 [main] DEBUG karate.org.apache.http.client.protocol.RequestAddCookies - CookieSpec selected: karate
13:04:55.325 [main] DEBUG karate.org.apache.http.client.protocol.RequestAuthCache - Auth cache not set in the context
13:04:55.325 [main] DEBUG com.intuit.karate - request:
1 > GET https://apigw-st.telus.com/customer/contactCenterCustomerInfo/v1/account?tn=4161543587
1 > accept: application/json
1 > env: it01
1 > Authorization: Bearer eyJhbGciOiJSUzI1NiIsImtpZCI6ImNhZGZhMTYyLTU2YzEtNGRiOS1hNjNmLTYwZTM3NzIwMWJkZiIsInBpLmF0bSI6IjMifQ.eyJzY29wZSI6WyI0NzIwIl0sImF1dGhvcml6YXRpb25fZGV0YWlscyI6W10sImNsaWVudF9pZCI6IjUyZTgwYmZhLWI0MmMtNDdkNy05OGI1LThiYjg3YzkyNjIwOSIsImlzcyI6Imh0dHBzOi8vdGVhbXNzby1pdHMwNC50ZWx1cy5jb20iLCJhdWQiOiJrb25nIiwiaWF0IjoxNzIzMjIzMDg5LCJleHAiOjE3MjMyMjMzODl9.flESEmYyI_eCkBmzn54OkGfP2lAIxnyqs2XbjtABUAmEnkCOQe8uoiUdROg_nBCNsbluJLTMIyv2VQYcEFeVpzwJIN4AH00KC-3px8L7DRMcbbbRqgIOGamUVRjytKBt3cFR1XVCW32bLo_XlS6M0CPdsCtowSRRwenf6htGC3loiXiWZ8pxuYaJNnmQfuSN9rWpZNHc8y-eYDl0xm6EoEXQSfatP3EAxDBw6tgqlb5patcu_afyMqKiHha9IdISwDeMrqyfvgoAR4Sqhdy3Uxp_k_xzmM-XWElgzY0YfiUnRnIl01fsIz1UO7xaed3xVyVlwsYrq6nB9I57SYDk-A
1 > Host: apigw-st.telus.com
1 > Connection: Keep-Alive
1 > User-Agent: Apache-HttpClient/4.5.13 (Java/20.0.2)
1 > Accept-Encoding: gzip,deflate


13:04:55.325 [main] DEBUG karate.org.apache.http.impl.conn.PoolingHttpClientConnectionManager - Connection request: [route: {s}->https://apigw-st.telus.com:443][total available: 0; route allocated: 0 of 5; total allocated: 0 of 10]
13:04:55.325 [main] DEBUG karate.org.apache.http.impl.conn.PoolingHttpClientConnectionManager - Connection leased: [id: 25][route: {s}->https://apigw-st.telus.com:443][total available: 0; route allocated: 1 of 5; total allocated: 1 of 10]
13:04:55.325 [main] DEBUG karate.org.apache.http.impl.execchain.MainClientExec - Opening connection {s}->https://apigw-st.telus.com:443
13:04:55.326 [main] DEBUG karate.org.apache.http.impl.conn.DefaultHttpClientConnectionOperator - Connecting to apigw-st.telus.com/207.219.84.31:443
13:04:55.326 [main] DEBUG karate.org.apache.http.conn.ssl.LenientSslConnectionSocketFactory - Connecting socket to apigw-st.telus.com/207.219.84.31:443 with timeout 10000
13:04:55.358 [main] DEBUG karate.org.apache.http.conn.ssl.LenientSslConnectionSocketFactory - Enabled protocols: [TLSv1.3, TLSv1.2]
13:04:55.359 [main] DEBUG karate.org.apache.http.conn.ssl.LenientSslConnectionSocketFactory - Enabled cipher suites:[TLS_AES_256_GCM_SHA384, TLS_AES_128_GCM_SHA256, TLS_CHACHA20_POLY1305_SHA256, TLS_ECDHE_ECDSA_WITH_AES_256_GCM_SHA384, TLS_ECDHE_ECDSA_WITH_AES_128_GCM_SHA256, TLS_ECDHE_ECDSA_WITH_CHACHA20_POLY1305_SHA256, TLS_ECDHE_RSA_WITH_AES_256_GCM_SHA384, TLS_ECDHE_RSA_WITH_CHACHA20_POLY1305_SHA256, TLS_ECDHE_RSA_WITH_AES_128_GCM_SHA256, TLS_DHE_RSA_WITH_AES_256_GCM_SHA384, TLS_DHE_RSA_WITH_CHACHA20_POLY1305_SHA256, TLS_DHE_DSS_WITH_AES_256_GCM_SHA384, TLS_DHE_RSA_WITH_AES_128_GCM_SHA256, TLS_DHE_DSS_WITH_AES_128_GCM_SHA256, TLS_ECDHE_ECDSA_WITH_AES_256_CBC_SHA384, TLS_ECDHE_RSA_WITH_AES_256_CBC_SHA384, TLS_ECDHE_ECDSA_WITH_AES_128_CBC_SHA256, TLS_ECDHE_RSA_WITH_AES_128_CBC_SHA256, TLS_DHE_RSA_WITH_AES_256_CBC_SHA256, TLS_DHE_DSS_WITH_AES_256_CBC_SHA256, TLS_DHE_RSA_WITH_AES_128_CBC_SHA256, TLS_DHE_DSS_WITH_AES_128_CBC_SHA256, TLS_ECDHE_ECDSA_WITH_AES_256_CBC_SHA, TLS_ECDHE_RSA_WITH_AES_256_CBC_SHA, TLS_ECDHE_ECDSA_WITH_AES_128_CBC_SHA, TLS_ECDHE_RSA_WITH_AES_128_CBC_SHA, TLS_DHE_RSA_WITH_AES_256_CBC_SHA, TLS_DHE_DSS_WITH_AES_256_CBC_SHA, TLS_DHE_RSA_WITH_AES_128_CBC_SHA, TLS_DHE_DSS_WITH_AES_128_CBC_SHA, TLS_RSA_WITH_AES_256_GCM_SHA384, TLS_RSA_WITH_AES_128_GCM_SHA256, TLS_RSA_WITH_AES_256_CBC_SHA256, TLS_RSA_WITH_AES_128_CBC_SHA256, TLS_RSA_WITH_AES_256_CBC_SHA, TLS_RSA_WITH_AES_128_CBC_SHA, TLS_EMPTY_RENEGOTIATION_INFO_SCSV]
13:04:55.359 [main] DEBUG karate.org.apache.http.conn.ssl.LenientSslConnectionSocketFactory - Starting handshake
13:04:55.413 [main] DEBUG karate.org.apache.http.conn.ssl.LenientSslConnectionSocketFactory - Secure session established
13:04:55.413 [main] DEBUG karate.org.apache.http.conn.ssl.LenientSslConnectionSocketFactory -  negotiated protocol: TLSv1.3
13:04:55.413 [main] DEBUG karate.org.apache.http.conn.ssl.LenientSslConnectionSocketFactory -  negotiated cipher suite: TLS_AES_128_GCM_SHA256
13:04:55.413 [main] DEBUG karate.org.apache.http.conn.ssl.LenientSslConnectionSocketFactory -  peer principal: CN=apigw-soap-st.telus.com, O=TELUS Corp., L=Vancouver, ST=British Columbia, C=CA
13:04:55.413 [main] DEBUG karate.org.apache.http.conn.ssl.LenientSslConnectionSocketFactory -  peer alternative names: [apigw-soap-st.telus.com, apigw-st.telus.com, apigw-qidc-st.telus.com, apigw-kidc-st.telus.com, apigw-soap-qidc-st.telus.com, apigw-soap-kidc-st.telus.com]
13:04:55.413 [main] DEBUG karate.org.apache.http.conn.ssl.LenientSslConnectionSocketFactory -  issuer principal: CN=DigiCert Global G2 TLS RSA SHA256 2020 CA1, O=DigiCert Inc, C=US
13:04:55.413 [main] DEBUG karate.org.apache.http.impl.conn.DefaultHttpClientConnectionOperator - Connection established 192.168.1.65:54961<->207.219.84.31:443
13:04:55.413 [main] DEBUG karate.org.apache.http.impl.conn.DefaultManagedHttpClientConnection - http-outgoing-25: set socket timeout to 20000
13:04:55.413 [main] DEBUG karate.org.apache.http.impl.execchain.MainClientExec - Executing request GET /customer/contactCenterCustomerInfo/v1/account?tn=4161543587 HTTP/1.1
13:04:55.413 [main] DEBUG karate.org.apache.http.impl.execchain.MainClientExec - Proxy auth state: UNCHALLENGED
13:04:55.413 [main] DEBUG karate.org.apache.http.headers - http-outgoing-25 >> GET /customer/contactCenterCustomerInfo/v1/account?tn=4161543587 HTTP/1.1
13:04:55.413 [main] DEBUG karate.org.apache.http.headers - http-outgoing-25 >> accept: application/json
13:04:55.413 [main] DEBUG karate.org.apache.http.headers - http-outgoing-25 >> env: it01
13:04:55.413 [main] DEBUG karate.org.apache.http.headers - http-outgoing-25 >> Authorization: Bearer eyJhbGciOiJSUzI1NiIsImtpZCI6ImNhZGZhMTYyLTU2YzEtNGRiOS1hNjNmLTYwZTM3NzIwMWJkZiIsInBpLmF0bSI6IjMifQ.eyJzY29wZSI6WyI0NzIwIl0sImF1dGhvcml6YXRpb25fZGV0YWlscyI6W10sImNsaWVudF9pZCI6IjUyZTgwYmZhLWI0MmMtNDdkNy05OGI1LThiYjg3YzkyNjIwOSIsImlzcyI6Imh0dHBzOi8vdGVhbXNzby1pdHMwNC50ZWx1cy5jb20iLCJhdWQiOiJrb25nIiwiaWF0IjoxNzIzMjIzMDg5LCJleHAiOjE3MjMyMjMzODl9.flESEmYyI_eCkBmzn54OkGfP2lAIxnyqs2XbjtABUAmEnkCOQe8uoiUdROg_nBCNsbluJLTMIyv2VQYcEFeVpzwJIN4AH00KC-3px8L7DRMcbbbRqgIOGamUVRjytKBt3cFR1XVCW32bLo_XlS6M0CPdsCtowSRRwenf6htGC3loiXiWZ8pxuYaJNnmQfuSN9rWpZNHc8y-eYDl0xm6EoEXQSfatP3EAxDBw6tgqlb5patcu_afyMqKiHha9IdISwDeMrqyfvgoAR4Sqhdy3Uxp_k_xzmM-XWElgzY0YfiUnRnIl01fsIz1UO7xaed3xVyVlwsYrq6nB9I57SYDk-A
13:04:55.413 [main] DEBUG karate.org.apache.http.headers - http-outgoing-25 >> Host: apigw-st.telus.com
13:04:55.413 [main] DEBUG karate.org.apache.http.headers - http-outgoing-25 >> Connection: Keep-Alive
13:04:55.413 [main] DEBUG karate.org.apache.http.headers - http-outgoing-25 >> User-Agent: Apache-HttpClient/4.5.13 (Java/20.0.2)
13:04:55.413 [main] DEBUG karate.org.apache.http.headers - http-outgoing-25 >> Accept-Encoding: gzip,deflate
13:04:55.413 [main] DEBUG karate.org.apache.http.wire - http-outgoing-25 >> "GET /customer/contactCenterCustomerInfo/v1/account?tn=4161543587 HTTP/1.1[\r][\n]"
13:04:55.413 [main] DEBUG karate.org.apache.http.wire - http-outgoing-25 >> "accept: application/json[\r][\n]"
13:04:55.413 [main] DEBUG karate.org.apache.http.wire - http-outgoing-25 >> "env: it01[\r][\n]"
13:04:55.413 [main] DEBUG karate.org.apache.http.wire - http-outgoing-25 >> "Authorization: Bearer eyJhbGciOiJSUzI1NiIsImtpZCI6ImNhZGZhMTYyLTU2YzEtNGRiOS1hNjNmLTYwZTM3NzIwMWJkZiIsInBpLmF0bSI6IjMifQ.eyJzY29wZSI6WyI0NzIwIl0sImF1dGhvcml6YXRpb25fZGV0YWlscyI6W10sImNsaWVudF9pZCI6IjUyZTgwYmZhLWI0MmMtNDdkNy05OGI1LThiYjg3YzkyNjIwOSIsImlzcyI6Imh0dHBzOi8vdGVhbXNzby1pdHMwNC50ZWx1cy5jb20iLCJhdWQiOiJrb25nIiwiaWF0IjoxNzIzMjIzMDg5LCJleHAiOjE3MjMyMjMzODl9.flESEmYyI_eCkBmzn54OkGfP2lAIxnyqs2XbjtABUAmEnkCOQe8uoiUdROg_nBCNsbluJLTMIyv2VQYcEFeVpzwJIN4AH00KC-3px8L7DRMcbbbRqgIOGamUVRjytKBt3cFR1XVCW32bLo_XlS6M0CPdsCtowSRRwenf6htGC3loiXiWZ8pxuYaJNnmQfuSN9rWpZNHc8y-eYDl0xm6EoEXQSfatP3EAxDBw6tgqlb5patcu_afyMqKiHha9IdISwDeMrqyfvgoAR4Sqhdy3Uxp_k_xzmM-XWElgzY0YfiUnRnIl01fsIz1UO7xaed3xVyVlwsYrq6nB9I57SYDk-A[\r][\n]"
13:04:55.413 [main] DEBUG karate.org.apache.http.wire - http-outgoing-25 >> "Host: apigw-st.telus.com[\r][\n]"
13:04:55.413 [main] DEBUG karate.org.apache.http.wire - http-outgoing-25 >> "Connection: Keep-Alive[\r][\n]"
13:04:55.413 [main] DEBUG karate.org.apache.http.wire - http-outgoing-25 >> "User-Agent: Apache-HttpClient/4.5.13 (Java/20.0.2)[\r][\n]"
13:04:55.413 [main] DEBUG karate.org.apache.http.wire - http-outgoing-25 >> "Accept-Encoding: gzip,deflate[\r][\n]"
13:04:55.413 [main] DEBUG karate.org.apache.http.wire - http-outgoing-25 >> "[\r][\n]"
13:04:55.469 [main] DEBUG karate.org.apache.http.wire - http-outgoing-25 << "HTTP/1.1 403 Forbidden[\r][\n]"
13:04:55.469 [main] DEBUG karate.org.apache.http.wire - http-outgoing-25 << "Content-Type: application/json; charset=utf-8[\r][\n]"
13:04:55.469 [main] DEBUG karate.org.apache.http.wire - http-outgoing-25 << "Content-Length: 23[\r][\n]"
13:04:55.469 [main] DEBUG karate.org.apache.http.wire - http-outgoing-25 << "Connection: keep-alive[\r][\n]"
13:04:55.469 [main] DEBUG karate.org.apache.http.wire - http-outgoing-25 << "Date: Fri, 09 Aug 2024 17:04:56 GMT[\r][\n]"
13:04:55.469 [main] DEBUG karate.org.apache.http.wire - http-outgoing-25 << "WWW-Authenticate: Bearer realm="teamsso-its04.telus.com", error="insufficient_scope"[\r][\n]"
13:04:55.469 [main] DEBUG karate.org.apache.http.wire - http-outgoing-25 << "Kong-Request-ID: 6f860d23-e116-426f-a706-96141fa2688f#184585[\r][\n]"
13:04:55.469 [main] DEBUG karate.org.apache.http.wire - http-outgoing-25 << "vary: Origin[\r][\n]"
13:04:55.469 [main] DEBUG karate.org.apache.http.wire - http-outgoing-25 << "X-Kong-Response-Latency: 8[\r][\n]"
13:04:55.469 [main] DEBUG karate.org.apache.http.wire - http-outgoing-25 << "Server: kong/3.4.3.11-enterprise-edition[\r][\n]"
13:04:55.469 [main] DEBUG karate.org.apache.http.wire - http-outgoing-25 << "X-Kong-Request-Id: 84fe782322db8d528f5ded35152ca537[\r][\n]"
13:04:55.469 [main] DEBUG karate.org.apache.http.wire - http-outgoing-25 << "vary: Origin[\r][\n]"
13:04:55.469 [main] DEBUG karate.org.apache.http.wire - http-outgoing-25 << "X-Kong-Upstream-Latency: 13[\r][\n]"
13:04:55.469 [main] DEBUG karate.org.apache.http.wire - http-outgoing-25 << "X-Kong-Proxy-Latency: 1[\r][\n]"
13:04:55.469 [main] DEBUG karate.org.apache.http.wire - http-outgoing-25 << "Via: kong/3.4.3.11-enterprise-edition[\r][\n]"
13:04:55.469 [main] DEBUG karate.org.apache.http.wire - http-outgoing-25 << "[\r][\n]"
13:04:55.469 [main] DEBUG karate.org.apache.http.wire - http-outgoing-25 << "{"message":"Forbidden"}"
13:04:55.469 [main] DEBUG karate.org.apache.http.headers - http-outgoing-25 << HTTP/1.1 403 Forbidden
13:04:55.469 [main] DEBUG karate.org.apache.http.headers - http-outgoing-25 << Content-Type: application/json; charset=utf-8
13:04:55.469 [main] DEBUG karate.org.apache.http.headers - http-outgoing-25 << Content-Length: 23
13:04:55.469 [main] DEBUG karate.org.apache.http.headers - http-outgoing-25 << Connection: keep-alive
13:04:55.469 [main] DEBUG karate.org.apache.http.headers - http-outgoing-25 << Date: Fri, 09 Aug 2024 17:04:56 GMT
13:04:55.469 [main] DEBUG karate.org.apache.http.headers - http-outgoing-25 << WWW-Authenticate: Bearer realm="teamsso-its04.telus.com", error="insufficient_scope"
13:04:55.469 [main] DEBUG karate.org.apache.http.headers - http-outgoing-25 << Kong-Request-ID: 6f860d23-e116-426f-a706-96141fa2688f#184585
13:04:55.469 [main] DEBUG karate.org.apache.http.headers - http-outgoing-25 << vary: Origin
13:04:55.469 [main] DEBUG karate.org.apache.http.headers - http-outgoing-25 << X-Kong-Response-Latency: 8
13:04:55.469 [main] DEBUG karate.org.apache.http.headers - http-outgoing-25 << Server: kong/3.4.3.11-enterprise-edition
13:04:55.469 [main] DEBUG karate.org.apache.http.headers - http-outgoing-25 << X-Kong-Request-Id: 84fe782322db8d528f5ded35152ca537
13:04:55.469 [main] DEBUG karate.org.apache.http.headers - http-outgoing-25 << vary: Origin
13:04:55.469 [main] DEBUG karate.org.apache.http.headers - http-outgoing-25 << X-Kong-Upstream-Latency: 13
13:04:55.469 [main] DEBUG karate.org.apache.http.headers - http-outgoing-25 << X-Kong-Proxy-Latency: 1
13:04:55.469 [main] DEBUG karate.org.apache.http.headers - http-outgoing-25 << Via: kong/3.4.3.11-enterprise-edition
13:04:55.469 [main] DEBUG karate.org.apache.http.impl.execchain.MainClientExec - Connection can be kept alive indefinitely
13:04:55.469 [main] DEBUG karate.org.apache.http.impl.conn.PoolingHttpClientConnectionManager - Connection [id: 25][route: {s}->https://apigw-st.telus.com:443] can be kept alive indefinitely
13:04:55.469 [main] DEBUG karate.org.apache.http.impl.conn.DefaultManagedHttpClientConnection - http-outgoing-25: set socket timeout to 0
13:04:55.469 [main] DEBUG karate.org.apache.http.impl.conn.PoolingHttpClientConnectionManager - Connection released: [id: 25][route: {s}->https://apigw-st.telus.com:443][total available: 1; route allocated: 1 of 5; total allocated: 1 of 10]
13:04:55.470 [main] DEBUG com.intuit.karate - response time in milliseconds: 144
1 < 403
1 < Content-Type: application/json; charset=utf-8
1 < Content-Length: 23
1 < Connection: keep-alive
1 < Date: Fri, 09 Aug 2024 17:04:56 GMT
1 < WWW-Authenticate: Bearer realm="teamsso-its04.telus.com", error="insufficient_scope"
1 < Kong-Request-ID: 6f860d23-e116-426f-a706-96141fa2688f#184585
1 < vary: Origin
1 < vary: Origin
1 < X-Kong-Response-Latency: 8
1 < Server: kong/3.4.3.11-enterprise-edition
1 < X-Kong-Request-Id: 84fe782322db8d528f5ded35152ca537
1 < X-Kong-Upstream-Latency: 13
1 < X-Kong-Proxy-Latency: 1
1 < Via: kong/3.4.3.11-enterprise-edition
{"message":"Forbidden"}
13:04:55.470 [main] ERROR com.intuit.karate - classpath:feature/CCE_TN.feature:25
Then status 200
status code was: 403, expected: 200, response time in milliseconds: 144, url: https://apigw-st.telus.com/customer/contactCenterCustomerInfo/v1/account?tn=4161543587, response: 
{"message":"Forbidden"}
classpath:feature/CCE_TN.feature:25
13:04:55.475 [main] INFO com.intuit.karate - karate.env system property was: it01 
13:04:55.475 [main] INFO com.intuit.karate - clientId:52e80bfa-b42c-47d7-98b5-8bb87c926209 
13:04:55.476 [main] INFO com.intuit.karate - Current URL is : https://apigw-st.telus.com 
13:04:55.477 [main] INFO com.intuit.karate - Current Env is : it01 
13:04:55.479 [main] INFO com.intuit.karate - [print] eyJhbGciOiJSUzI1NiIsImtpZCI6ImNhZGZhMTYyLTU2YzEtNGRiOS1hNjNmLTYwZTM3NzIwMWJkZiIsInBpLmF0bSI6IjMifQ.eyJzY29wZSI6WyI0NzIwIl0sImF1dGhvcml6YXRpb25fZGV0YWlscyI6W10sImNsaWVudF9pZCI6IjUyZTgwYmZhLWI0MmMtNDdkNy05OGI1LThiYjg3YzkyNjIwOSIsImlzcyI6Imh0dHBzOi8vdGVhbXNzby1pdHMwNC50ZWx1cy5jb20iLCJhdWQiOiJrb25nIiwiaWF0IjoxNzIzMjIzMDg5LCJleHAiOjE3MjMyMjMzODl9.flESEmYyI_eCkBmzn54OkGfP2lAIxnyqs2XbjtABUAmEnkCOQe8uoiUdROg_nBCNsbluJLTMIyv2VQYcEFeVpzwJIN4AH00KC-3px8L7DRMcbbbRqgIOGamUVRjytKBt3cFR1XVCW32bLo_XlS6M0CPdsCtowSRRwenf6htGC3loiXiWZ8pxuYaJNnmQfuSN9rWpZNHc8y-eYDl0xm6EoEXQSfatP3EAxDBw6tgqlb5patcu_afyMqKiHha9IdISwDeMrqyfvgoAR4Sqhdy3Uxp_k_xzmM-XWElgzY0YfiUnRnIl01fsIz1UO7xaed3xVyVlwsYrq6nB9I57SYDk-A 
13:04:55.479 [main] DEBUG com.intuit.karate.core.ScenarioEngine - over-writing existing variable 'data_file' with new value: 'tn_feature_data.json'
13:04:55.479 [main] DEBUG com.intuit.karate.core.ScenarioEngine - over-writing existing variable 'data_file1' with new value: 'tn_kb_corp_Customer-account_feature_data.json'
13:04:55.479 [main] DEBUG com.intuit.karate.core.ScenarioEngine - over-writing existing variable 'mockResponseWLS_RES_SUSPENDED' with new value: callonce read("../odsdata/getTestData_Consumer_Non_Prod.feature@getdata_resWLS_Suspended")
13:04:55.481 [main] DEBUG com.intuit.karate.core.ScenarioEngine - over-writing existing variable 'mockResponseWLS_RES_ACTIVE' with new value: callonce read("../odsdata/getTestData_Consumer_Non_Prod.feature@getdata_resWLS_Active")
13:04:55.482 [main] DEBUG com.intuit.karate.core.ScenarioEngine - over-writing existing variable 'mockResponseWLN_RES_ACTIVE' with new value: callonce read("../odsdata/getTestData_Consumer_Non_Prod.feature@getdata_resWLN_Active")
13:04:55.482 [main] DEBUG com.intuit.karate.core.ScenarioEngine - over-writing existing variable 'mockResponseWLS_BIZ_ACTIVE' with new value: callonce read("../odsdata/getTestData_Business_Non_Prod.feature@getdatabizWLS")
13:04:55.484 [main] DEBUG com.intuit.karate.core.ScenarioEngine - over-writing existing variable 'mockResponseWLN_BIZ_ACTIVE' with new value: callonce read("../odsdata/getTestData_Business_Non_Prod.feature@getdatabizWLN")
13:04:55.485 [main] DEBUG com.intuit.karate.core.ScenarioEngine - over-writing existing variable 'data_file5' with new value: 'tn_feature_data_morethan3acct.json'
13:04:55.486 [main] DEBUG karate.org.apache.http.client.protocol.RequestAddCookies - CookieSpec selected: karate
13:04:55.486 [main] DEBUG karate.org.apache.http.client.protocol.RequestAuthCache - Auth cache not set in the context
13:04:55.486 [main] DEBUG com.intuit.karate - request:
1 > GET https://apigw-st.telus.com/customer/contactCenterCustomerInfo/v1/account?tn=4031726038
1 > accept: application/json
1 > env: it01
1 > Authorization: Bearer eyJhbGciOiJSUzI1NiIsImtpZCI6ImNhZGZhMTYyLTU2YzEtNGRiOS1hNjNmLTYwZTM3NzIwMWJkZiIsInBpLmF0bSI6IjMifQ.eyJzY29wZSI6WyI0NzIwIl0sImF1dGhvcml6YXRpb25fZGV0YWlscyI6W10sImNsaWVudF9pZCI6IjUyZTgwYmZhLWI0MmMtNDdkNy05OGI1LThiYjg3YzkyNjIwOSIsImlzcyI6Imh0dHBzOi8vdGVhbXNzby1pdHMwNC50ZWx1cy5jb20iLCJhdWQiOiJrb25nIiwiaWF0IjoxNzIzMjIzMDg5LCJleHAiOjE3MjMyMjMzODl9.flESEmYyI_eCkBmzn54OkGfP2lAIxnyqs2XbjtABUAmEnkCOQe8uoiUdROg_nBCNsbluJLTMIyv2VQYcEFeVpzwJIN4AH00KC-3px8L7DRMcbbbRqgIOGamUVRjytKBt3cFR1XVCW32bLo_XlS6M0CPdsCtowSRRwenf6htGC3loiXiWZ8pxuYaJNnmQfuSN9rWpZNHc8y-eYDl0xm6EoEXQSfatP3EAxDBw6tgqlb5patcu_afyMqKiHha9IdISwDeMrqyfvgoAR4Sqhdy3Uxp_k_xzmM-XWElgzY0YfiUnRnIl01fsIz1UO7xaed3xVyVlwsYrq6nB9I57SYDk-A
1 > Host: apigw-st.telus.com
1 > Connection: Keep-Alive
1 > User-Agent: Apache-HttpClient/4.5.13 (Java/20.0.2)
1 > Accept-Encoding: gzip,deflate


13:04:55.486 [main] DEBUG karate.org.apache.http.impl.conn.PoolingHttpClientConnectionManager - Connection request: [route: {s}->https://apigw-st.telus.com:443][total available: 0; route allocated: 0 of 5; total allocated: 0 of 10]
13:04:55.486 [main] DEBUG karate.org.apache.http.impl.conn.PoolingHttpClientConnectionManager - Connection leased: [id: 26][route: {s}->https://apigw-st.telus.com:443][total available: 0; route allocated: 1 of 5; total allocated: 1 of 10]
13:04:55.486 [main] DEBUG karate.org.apache.http.impl.execchain.MainClientExec - Opening connection {s}->https://apigw-st.telus.com:443
13:04:55.487 [main] DEBUG karate.org.apache.http.impl.conn.DefaultHttpClientConnectionOperator - Connecting to apigw-st.telus.com/207.219.84.31:443
13:04:55.487 [main] DEBUG karate.org.apache.http.conn.ssl.LenientSslConnectionSocketFactory - Connecting socket to apigw-st.telus.com/207.219.84.31:443 with timeout 10000
13:04:55.523 [main] DEBUG karate.org.apache.http.conn.ssl.LenientSslConnectionSocketFactory - Enabled protocols: [TLSv1.3, TLSv1.2]
13:04:55.523 [main] DEBUG karate.org.apache.http.conn.ssl.LenientSslConnectionSocketFactory - Enabled cipher suites:[TLS_AES_256_GCM_SHA384, TLS_AES_128_GCM_SHA256, TLS_CHACHA20_POLY1305_SHA256, TLS_ECDHE_ECDSA_WITH_AES_256_GCM_SHA384, TLS_ECDHE_ECDSA_WITH_AES_128_GCM_SHA256, TLS_ECDHE_ECDSA_WITH_CHACHA20_POLY1305_SHA256, TLS_ECDHE_RSA_WITH_AES_256_GCM_SHA384, TLS_ECDHE_RSA_WITH_CHACHA20_POLY1305_SHA256, TLS_ECDHE_RSA_WITH_AES_128_GCM_SHA256, TLS_DHE_RSA_WITH_AES_256_GCM_SHA384, TLS_DHE_RSA_WITH_CHACHA20_POLY1305_SHA256, TLS_DHE_DSS_WITH_AES_256_GCM_SHA384, TLS_DHE_RSA_WITH_AES_128_GCM_SHA256, TLS_DHE_DSS_WITH_AES_128_GCM_SHA256, TLS_ECDHE_ECDSA_WITH_AES_256_CBC_SHA384, TLS_ECDHE_RSA_WITH_AES_256_CBC_SHA384, TLS_ECDHE_ECDSA_WITH_AES_128_CBC_SHA256, TLS_ECDHE_RSA_WITH_AES_128_CBC_SHA256, TLS_DHE_RSA_WITH_AES_256_CBC_SHA256, TLS_DHE_DSS_WITH_AES_256_CBC_SHA256, TLS_DHE_RSA_WITH_AES_128_CBC_SHA256, TLS_DHE_DSS_WITH_AES_128_CBC_SHA256, TLS_ECDHE_ECDSA_WITH_AES_256_CBC_SHA, TLS_ECDHE_RSA_WITH_AES_256_CBC_SHA, TLS_ECDHE_ECDSA_WITH_AES_128_CBC_SHA, TLS_ECDHE_RSA_WITH_AES_128_CBC_SHA, TLS_DHE_RSA_WITH_AES_256_CBC_SHA, TLS_DHE_DSS_WITH_AES_256_CBC_SHA, TLS_DHE_RSA_WITH_AES_128_CBC_SHA, TLS_DHE_DSS_WITH_AES_128_CBC_SHA, TLS_RSA_WITH_AES_256_GCM_SHA384, TLS_RSA_WITH_AES_128_GCM_SHA256, TLS_RSA_WITH_AES_256_CBC_SHA256, TLS_RSA_WITH_AES_128_CBC_SHA256, TLS_RSA_WITH_AES_256_CBC_SHA, TLS_RSA_WITH_AES_128_CBC_SHA, TLS_EMPTY_RENEGOTIATION_INFO_SCSV]
13:04:55.523 [main] DEBUG karate.org.apache.http.conn.ssl.LenientSslConnectionSocketFactory - Starting handshake
13:04:55.582 [main] DEBUG karate.org.apache.http.conn.ssl.LenientSslConnectionSocketFactory - Secure session established
13:04:55.582 [main] DEBUG karate.org.apache.http.conn.ssl.LenientSslConnectionSocketFactory -  negotiated protocol: TLSv1.3
13:04:55.582 [main] DEBUG karate.org.apache.http.conn.ssl.LenientSslConnectionSocketFactory -  negotiated cipher suite: TLS_AES_128_GCM_SHA256
13:04:55.582 [main] DEBUG karate.org.apache.http.conn.ssl.LenientSslConnectionSocketFactory -  peer principal: CN=apigw-soap-st.telus.com, O=TELUS Corp., L=Vancouver, ST=British Columbia, C=CA
13:04:55.582 [main] DEBUG karate.org.apache.http.conn.ssl.LenientSslConnectionSocketFactory -  peer alternative names: [apigw-soap-st.telus.com, apigw-st.telus.com, apigw-qidc-st.telus.com, apigw-kidc-st.telus.com, apigw-soap-qidc-st.telus.com, apigw-soap-kidc-st.telus.com]
13:04:55.582 [main] DEBUG karate.org.apache.http.conn.ssl.LenientSslConnectionSocketFactory -  issuer principal: CN=DigiCert Global G2 TLS RSA SHA256 2020 CA1, O=DigiCert Inc, C=US
13:04:55.582 [main] DEBUG karate.org.apache.http.impl.conn.DefaultHttpClientConnectionOperator - Connection established 192.168.1.65:54962<->207.219.84.31:443
13:04:55.582 [main] DEBUG karate.org.apache.http.impl.conn.DefaultManagedHttpClientConnection - http-outgoing-26: set socket timeout to 20000
13:04:55.582 [main] DEBUG karate.org.apache.http.impl.execchain.MainClientExec - Executing request GET /customer/contactCenterCustomerInfo/v1/account?tn=4031726038 HTTP/1.1
13:04:55.582 [main] DEBUG karate.org.apache.http.impl.execchain.MainClientExec - Proxy auth state: UNCHALLENGED
13:04:55.582 [main] DEBUG karate.org.apache.http.headers - http-outgoing-26 >> GET /customer/contactCenterCustomerInfo/v1/account?tn=4031726038 HTTP/1.1
13:04:55.582 [main] DEBUG karate.org.apache.http.headers - http-outgoing-26 >> accept: application/json
13:04:55.582 [main] DEBUG karate.org.apache.http.headers - http-outgoing-26 >> env: it01
13:04:55.582 [main] DEBUG karate.org.apache.http.headers - http-outgoing-26 >> Authorization: Bearer eyJhbGciOiJSUzI1NiIsImtpZCI6ImNhZGZhMTYyLTU2YzEtNGRiOS1hNjNmLTYwZTM3NzIwMWJkZiIsInBpLmF0bSI6IjMifQ.eyJzY29wZSI6WyI0NzIwIl0sImF1dGhvcml6YXRpb25fZGV0YWlscyI6W10sImNsaWVudF9pZCI6IjUyZTgwYmZhLWI0MmMtNDdkNy05OGI1LThiYjg3YzkyNjIwOSIsImlzcyI6Imh0dHBzOi8vdGVhbXNzby1pdHMwNC50ZWx1cy5jb20iLCJhdWQiOiJrb25nIiwiaWF0IjoxNzIzMjIzMDg5LCJleHAiOjE3MjMyMjMzODl9.flESEmYyI_eCkBmzn54OkGfP2lAIxnyqs2XbjtABUAmEnkCOQe8uoiUdROg_nBCNsbluJLTMIyv2VQYcEFeVpzwJIN4AH00KC-3px8L7DRMcbbbRqgIOGamUVRjytKBt3cFR1XVCW32bLo_XlS6M0CPdsCtowSRRwenf6htGC3loiXiWZ8pxuYaJNnmQfuSN9rWpZNHc8y-eYDl0xm6EoEXQSfatP3EAxDBw6tgqlb5patcu_afyMqKiHha9IdISwDeMrqyfvgoAR4Sqhdy3Uxp_k_xzmM-XWElgzY0YfiUnRnIl01fsIz1UO7xaed3xVyVlwsYrq6nB9I57SYDk-A
13:04:55.582 [main] DEBUG karate.org.apache.http.headers - http-outgoing-26 >> Host: apigw-st.telus.com
13:04:55.582 [main] DEBUG karate.org.apache.http.headers - http-outgoing-26 >> Connection: Keep-Alive
13:04:55.582 [main] DEBUG karate.org.apache.http.headers - http-outgoing-26 >> User-Agent: Apache-HttpClient/4.5.13 (Java/20.0.2)
13:04:55.582 [main] DEBUG karate.org.apache.http.headers - http-outgoing-26 >> Accept-Encoding: gzip,deflate
13:04:55.582 [main] DEBUG karate.org.apache.http.wire - http-outgoing-26 >> "GET /customer/contactCenterCustomerInfo/v1/account?tn=4031726038 HTTP/1.1[\r][\n]"
13:04:55.582 [main] DEBUG karate.org.apache.http.wire - http-outgoing-26 >> "accept: application/json[\r][\n]"
13:04:55.582 [main] DEBUG karate.org.apache.http.wire - http-outgoing-26 >> "env: it01[\r][\n]"
13:04:55.583 [main] DEBUG karate.org.apache.http.wire - http-outgoing-26 >> "Authorization: Bearer eyJhbGciOiJSUzI1NiIsImtpZCI6ImNhZGZhMTYyLTU2YzEtNGRiOS1hNjNmLTYwZTM3NzIwMWJkZiIsInBpLmF0bSI6IjMifQ.eyJzY29wZSI6WyI0NzIwIl0sImF1dGhvcml6YXRpb25fZGV0YWlscyI6W10sImNsaWVudF9pZCI6IjUyZTgwYmZhLWI0MmMtNDdkNy05OGI1LThiYjg3YzkyNjIwOSIsImlzcyI6Imh0dHBzOi8vdGVhbXNzby1pdHMwNC50ZWx1cy5jb20iLCJhdWQiOiJrb25nIiwiaWF0IjoxNzIzMjIzMDg5LCJleHAiOjE3MjMyMjMzODl9.flESEmYyI_eCkBmzn54OkGfP2lAIxnyqs2XbjtABUAmEnkCOQe8uoiUdROg_nBCNsbluJLTMIyv2VQYcEFeVpzwJIN4AH00KC-3px8L7DRMcbbbRqgIOGamUVRjytKBt3cFR1XVCW32bLo_XlS6M0CPdsCtowSRRwenf6htGC3loiXiWZ8pxuYaJNnmQfuSN9rWpZNHc8y-eYDl0xm6EoEXQSfatP3EAxDBw6tgqlb5patcu_afyMqKiHha9IdISwDeMrqyfvgoAR4Sqhdy3Uxp_k_xzmM-XWElgzY0YfiUnRnIl01fsIz1UO7xaed3xVyVlwsYrq6nB9I57SYDk-A[\r][\n]"
13:04:55.583 [main] DEBUG karate.org.apache.http.wire - http-outgoing-26 >> "Host: apigw-st.telus.com[\r][\n]"
13:04:55.583 [main] DEBUG karate.org.apache.http.wire - http-outgoing-26 >> "Connection: Keep-Alive[\r][\n]"
13:04:55.583 [main] DEBUG karate.org.apache.http.wire - http-outgoing-26 >> "User-Agent: Apache-HttpClient/4.5.13 (Java/20.0.2)[\r][\n]"
13:04:55.583 [main] DEBUG karate.org.apache.http.wire - http-outgoing-26 >> "Accept-Encoding: gzip,deflate[\r][\n]"
13:04:55.583 [main] DEBUG karate.org.apache.http.wire - http-outgoing-26 >> "[\r][\n]"
13:04:55.631 [main] DEBUG karate.org.apache.http.wire - http-outgoing-26 << "HTTP/1.1 403 Forbidden[\r][\n]"
13:04:55.631 [main] DEBUG karate.org.apache.http.wire - http-outgoing-26 << "Content-Type: application/json; charset=utf-8[\r][\n]"
13:04:55.631 [main] DEBUG karate.org.apache.http.wire - http-outgoing-26 << "Content-Length: 23[\r][\n]"
13:04:55.631 [main] DEBUG karate.org.apache.http.wire - http-outgoing-26 << "Connection: keep-alive[\r][\n]"
13:04:55.631 [main] DEBUG karate.org.apache.http.wire - http-outgoing-26 << "Date: Fri, 09 Aug 2024 17:04:56 GMT[\r][\n]"
13:04:55.631 [main] DEBUG karate.org.apache.http.wire - http-outgoing-26 << "WWW-Authenticate: Bearer realm="teamsso-its04.telus.com", error="insufficient_scope"[\r][\n]"
13:04:55.631 [main] DEBUG karate.org.apache.http.wire - http-outgoing-26 << "Kong-Request-ID: 2a7d2973-b90b-454f-af4f-d6467f521290#372923[\r][\n]"
13:04:55.631 [main] DEBUG karate.org.apache.http.wire - http-outgoing-26 << "vary: Origin[\r][\n]"
13:04:55.631 [main] DEBUG karate.org.apache.http.wire - http-outgoing-26 << "X-Kong-Response-Latency: 1[\r][\n]"
13:04:55.631 [main] DEBUG karate.org.apache.http.wire - http-outgoing-26 << "Server: kong/3.4.3.11-enterprise-edition[\r][\n]"
13:04:55.631 [main] DEBUG karate.org.apache.http.wire - http-outgoing-26 << "X-Kong-Request-Id: d26f6677284dbe65afecad23934d8c48[\r][\n]"
13:04:55.631 [main] DEBUG karate.org.apache.http.wire - http-outgoing-26 << "vary: Origin[\r][\n]"
13:04:55.631 [main] DEBUG karate.org.apache.http.wire - http-outgoing-26 << "X-Kong-Upstream-Latency: 4[\r][\n]"
13:04:55.631 [main] DEBUG karate.org.apache.http.wire - http-outgoing-26 << "X-Kong-Proxy-Latency: 2[\r][\n]"
13:04:55.631 [main] DEBUG karate.org.apache.http.wire - http-outgoing-26 << "Via: kong/3.4.3.11-enterprise-edition[\r][\n]"
13:04:55.631 [main] DEBUG karate.org.apache.http.wire - http-outgoing-26 << "[\r][\n]"
13:04:55.631 [main] DEBUG karate.org.apache.http.wire - http-outgoing-26 << "{"message":"Forbidden"}"
13:04:55.631 [main] DEBUG karate.org.apache.http.headers - http-outgoing-26 << HTTP/1.1 403 Forbidden
13:04:55.631 [main] DEBUG karate.org.apache.http.headers - http-outgoing-26 << Content-Type: application/json; charset=utf-8
13:04:55.631 [main] DEBUG karate.org.apache.http.headers - http-outgoing-26 << Content-Length: 23
13:04:55.631 [main] DEBUG karate.org.apache.http.headers - http-outgoing-26 << Connection: keep-alive
13:04:55.631 [main] DEBUG karate.org.apache.http.headers - http-outgoing-26 << Date: Fri, 09 Aug 2024 17:04:56 GMT
13:04:55.631 [main] DEBUG karate.org.apache.http.headers - http-outgoing-26 << WWW-Authenticate: Bearer realm="teamsso-its04.telus.com", error="insufficient_scope"
13:04:55.631 [main] DEBUG karate.org.apache.http.headers - http-outgoing-26 << Kong-Request-ID: 2a7d2973-b90b-454f-af4f-d6467f521290#372923
13:04:55.631 [main] DEBUG karate.org.apache.http.headers - http-outgoing-26 << vary: Origin
13:04:55.631 [main] DEBUG karate.org.apache.http.headers - http-outgoing-26 << X-Kong-Response-Latency: 1
13:04:55.631 [main] DEBUG karate.org.apache.http.headers - http-outgoing-26 << Server: kong/3.4.3.11-enterprise-edition
13:04:55.631 [main] DEBUG karate.org.apache.http.headers - http-outgoing-26 << X-Kong-Request-Id: d26f6677284dbe65afecad23934d8c48
13:04:55.631 [main] DEBUG karate.org.apache.http.headers - http-outgoing-26 << vary: Origin
13:04:55.632 [main] DEBUG karate.org.apache.http.headers - http-outgoing-26 << X-Kong-Upstream-Latency: 4
13:04:55.632 [main] DEBUG karate.org.apache.http.headers - http-outgoing-26 << X-Kong-Proxy-Latency: 2
13:04:55.632 [main] DEBUG karate.org.apache.http.headers - http-outgoing-26 << Via: kong/3.4.3.11-enterprise-edition
13:04:55.632 [main] DEBUG karate.org.apache.http.impl.execchain.MainClientExec - Connection can be kept alive indefinitely
13:04:55.632 [main] DEBUG karate.org.apache.http.impl.conn.PoolingHttpClientConnectionManager - Connection [id: 26][route: {s}->https://apigw-st.telus.com:443] can be kept alive indefinitely
13:04:55.632 [main] DEBUG karate.org.apache.http.impl.conn.DefaultManagedHttpClientConnection - http-outgoing-26: set socket timeout to 0
13:04:55.632 [main] DEBUG karate.org.apache.http.impl.conn.PoolingHttpClientConnectionManager - Connection released: [id: 26][route: {s}->https://apigw-st.telus.com:443][total available: 1; route allocated: 1 of 5; total allocated: 1 of 10]
13:04:55.632 [main] DEBUG com.intuit.karate - response time in milliseconds: 146
1 < 403
1 < Content-Type: application/json; charset=utf-8
1 < Content-Length: 23
1 < Connection: keep-alive
1 < Date: Fri, 09 Aug 2024 17:04:56 GMT
1 < WWW-Authenticate: Bearer realm="teamsso-its04.telus.com", error="insufficient_scope"
1 < Kong-Request-ID: 2a7d2973-b90b-454f-af4f-d6467f521290#372923
1 < vary: Origin
1 < vary: Origin
1 < X-Kong-Response-Latency: 1
1 < Server: kong/3.4.3.11-enterprise-edition
1 < X-Kong-Request-Id: d26f6677284dbe65afecad23934d8c48
1 < X-Kong-Upstream-Latency: 4
1 < X-Kong-Proxy-Latency: 2
1 < Via: kong/3.4.3.11-enterprise-edition
{"message":"Forbidden"}
13:04:55.633 [main] ERROR com.intuit.karate - classpath:feature/CCE_TN.feature:25
Then status 200
status code was: 403, expected: 200, response time in milliseconds: 146, url: https://apigw-st.telus.com/customer/contactCenterCustomerInfo/v1/account?tn=4031726038, response: 
{"message":"Forbidden"}
classpath:feature/CCE_TN.feature:25
13:04:55.637 [main] INFO com.intuit.karate - karate.env system property was: it01 
13:04:55.637 [main] INFO com.intuit.karate - clientId:52e80bfa-b42c-47d7-98b5-8bb87c926209 
13:04:55.638 [main] INFO com.intuit.karate - Current URL is : https://apigw-st.telus.com 
13:04:55.638 [main] INFO com.intuit.karate - Current Env is : it01 
13:04:55.639 [main] INFO com.intuit.karate - [print] eyJhbGciOiJSUzI1NiIsImtpZCI6ImNhZGZhMTYyLTU2YzEtNGRiOS1hNjNmLTYwZTM3NzIwMWJkZiIsInBpLmF0bSI6IjMifQ.eyJzY29wZSI6WyI0NzIwIl0sImF1dGhvcml6YXRpb25fZGV0YWlscyI6W10sImNsaWVudF9pZCI6IjUyZTgwYmZhLWI0MmMtNDdkNy05OGI1LThiYjg3YzkyNjIwOSIsImlzcyI6Imh0dHBzOi8vdGVhbXNzby1pdHMwNC50ZWx1cy5jb20iLCJhdWQiOiJrb25nIiwiaWF0IjoxNzIzMjIzMDg5LCJleHAiOjE3MjMyMjMzODl9.flESEmYyI_eCkBmzn54OkGfP2lAIxnyqs2XbjtABUAmEnkCOQe8uoiUdROg_nBCNsbluJLTMIyv2VQYcEFeVpzwJIN4AH00KC-3px8L7DRMcbbbRqgIOGamUVRjytKBt3cFR1XVCW32bLo_XlS6M0CPdsCtowSRRwenf6htGC3loiXiWZ8pxuYaJNnmQfuSN9rWpZNHc8y-eYDl0xm6EoEXQSfatP3EAxDBw6tgqlb5patcu_afyMqKiHha9IdISwDeMrqyfvgoAR4Sqhdy3Uxp_k_xzmM-XWElgzY0YfiUnRnIl01fsIz1UO7xaed3xVyVlwsYrq6nB9I57SYDk-A 
13:04:55.640 [main] DEBUG com.intuit.karate.core.ScenarioEngine - over-writing existing variable 'data_file' with new value: 'tn_feature_data.json'
13:04:55.640 [main] DEBUG com.intuit.karate.core.ScenarioEngine - over-writing existing variable 'data_file1' with new value: 'tn_kb_corp_Customer-account_feature_data.json'
13:04:55.640 [main] DEBUG com.intuit.karate.core.ScenarioEngine - over-writing existing variable 'mockResponseWLS_RES_SUSPENDED' with new value: callonce read("../odsdata/getTestData_Consumer_Non_Prod.feature@getdata_resWLS_Suspended")
13:04:55.641 [main] DEBUG com.intuit.karate.core.ScenarioEngine - over-writing existing variable 'mockResponseWLS_RES_ACTIVE' with new value: callonce read("../odsdata/getTestData_Consumer_Non_Prod.feature@getdata_resWLS_Active")
13:04:55.642 [main] DEBUG com.intuit.karate.core.ScenarioEngine - over-writing existing variable 'mockResponseWLN_RES_ACTIVE' with new value: callonce read("../odsdata/getTestData_Consumer_Non_Prod.feature@getdata_resWLN_Active")
13:04:55.643 [main] DEBUG com.intuit.karate.core.ScenarioEngine - over-writing existing variable 'mockResponseWLS_BIZ_ACTIVE' with new value: callonce read("../odsdata/getTestData_Business_Non_Prod.feature@getdatabizWLS")
13:04:55.644 [main] DEBUG com.intuit.karate.core.ScenarioEngine - over-writing existing variable 'mockResponseWLN_BIZ_ACTIVE' with new value: callonce read("../odsdata/getTestData_Business_Non_Prod.feature@getdatabizWLN")
13:04:55.646 [main] DEBUG com.intuit.karate.core.ScenarioEngine - over-writing existing variable 'data_file5' with new value: 'tn_feature_data_morethan3acct.json'
13:04:55.649 [main] DEBUG karate.org.apache.http.client.protocol.RequestAddCookies - CookieSpec selected: karate
13:04:55.649 [main] DEBUG karate.org.apache.http.client.protocol.RequestAuthCache - Auth cache not set in the context
13:04:55.649 [main] DEBUG com.intuit.karate - request:
1 > GET https://apigw-st.telus.com/customer/contactCenterCustomerInfo/v1/account?tn=4373488823
1 > accept: application/json
1 > env: it01
1 > Authorization: Bearer eyJhbGciOiJSUzI1NiIsImtpZCI6ImNhZGZhMTYyLTU2YzEtNGRiOS1hNjNmLTYwZTM3NzIwMWJkZiIsInBpLmF0bSI6IjMifQ.eyJzY29wZSI6WyI0NzIwIl0sImF1dGhvcml6YXRpb25fZGV0YWlscyI6W10sImNsaWVudF9pZCI6IjUyZTgwYmZhLWI0MmMtNDdkNy05OGI1LThiYjg3YzkyNjIwOSIsImlzcyI6Imh0dHBzOi8vdGVhbXNzby1pdHMwNC50ZWx1cy5jb20iLCJhdWQiOiJrb25nIiwiaWF0IjoxNzIzMjIzMDg5LCJleHAiOjE3MjMyMjMzODl9.flESEmYyI_eCkBmzn54OkGfP2lAIxnyqs2XbjtABUAmEnkCOQe8uoiUdROg_nBCNsbluJLTMIyv2VQYcEFeVpzwJIN4AH00KC-3px8L7DRMcbbbRqgIOGamUVRjytKBt3cFR1XVCW32bLo_XlS6M0CPdsCtowSRRwenf6htGC3loiXiWZ8pxuYaJNnmQfuSN9rWpZNHc8y-eYDl0xm6EoEXQSfatP3EAxDBw6tgqlb5patcu_afyMqKiHha9IdISwDeMrqyfvgoAR4Sqhdy3Uxp_k_xzmM-XWElgzY0YfiUnRnIl01fsIz1UO7xaed3xVyVlwsYrq6nB9I57SYDk-A
1 > Host: apigw-st.telus.com
1 > Connection: Keep-Alive
1 > User-Agent: Apache-HttpClient/4.5.13 (Java/20.0.2)
1 > Accept-Encoding: gzip,deflate


13:04:55.649 [main] DEBUG karate.org.apache.http.impl.conn.PoolingHttpClientConnectionManager - Connection request: [route: {s}->https://apigw-st.telus.com:443][total available: 0; route allocated: 0 of 5; total allocated: 0 of 10]
13:04:55.649 [main] DEBUG karate.org.apache.http.impl.conn.PoolingHttpClientConnectionManager - Connection leased: [id: 27][route: {s}->https://apigw-st.telus.com:443][total available: 0; route allocated: 1 of 5; total allocated: 1 of 10]
13:04:55.649 [main] DEBUG karate.org.apache.http.impl.execchain.MainClientExec - Opening connection {s}->https://apigw-st.telus.com:443
13:04:55.649 [main] DEBUG karate.org.apache.http.impl.conn.DefaultHttpClientConnectionOperator - Connecting to apigw-st.telus.com/207.219.84.31:443
13:04:55.649 [main] DEBUG karate.org.apache.http.conn.ssl.LenientSslConnectionSocketFactory - Connecting socket to apigw-st.telus.com/207.219.84.31:443 with timeout 10000
13:04:55.691 [main] DEBUG karate.org.apache.http.conn.ssl.LenientSslConnectionSocketFactory - Enabled protocols: [TLSv1.3, TLSv1.2]
13:04:55.691 [main] DEBUG karate.org.apache.http.conn.ssl.LenientSslConnectionSocketFactory - Enabled cipher suites:[TLS_AES_256_GCM_SHA384, TLS_AES_128_GCM_SHA256, TLS_CHACHA20_POLY1305_SHA256, TLS_ECDHE_ECDSA_WITH_AES_256_GCM_SHA384, TLS_ECDHE_ECDSA_WITH_AES_128_GCM_SHA256, TLS_ECDHE_ECDSA_WITH_CHACHA20_POLY1305_SHA256, TLS_ECDHE_RSA_WITH_AES_256_GCM_SHA384, TLS_ECDHE_RSA_WITH_CHACHA20_POLY1305_SHA256, TLS_ECDHE_RSA_WITH_AES_128_GCM_SHA256, TLS_DHE_RSA_WITH_AES_256_GCM_SHA384, TLS_DHE_RSA_WITH_CHACHA20_POLY1305_SHA256, TLS_DHE_DSS_WITH_AES_256_GCM_SHA384, TLS_DHE_RSA_WITH_AES_128_GCM_SHA256, TLS_DHE_DSS_WITH_AES_128_GCM_SHA256, TLS_ECDHE_ECDSA_WITH_AES_256_CBC_SHA384, TLS_ECDHE_RSA_WITH_AES_256_CBC_SHA384, TLS_ECDHE_ECDSA_WITH_AES_128_CBC_SHA256, TLS_ECDHE_RSA_WITH_AES_128_CBC_SHA256, TLS_DHE_RSA_WITH_AES_256_CBC_SHA256, TLS_DHE_DSS_WITH_AES_256_CBC_SHA256, TLS_DHE_RSA_WITH_AES_128_CBC_SHA256, TLS_DHE_DSS_WITH_AES_128_CBC_SHA256, TLS_ECDHE_ECDSA_WITH_AES_256_CBC_SHA, TLS_ECDHE_RSA_WITH_AES_256_CBC_SHA, TLS_ECDHE_ECDSA_WITH_AES_128_CBC_SHA, TLS_ECDHE_RSA_WITH_AES_128_CBC_SHA, TLS_DHE_RSA_WITH_AES_256_CBC_SHA, TLS_DHE_DSS_WITH_AES_256_CBC_SHA, TLS_DHE_RSA_WITH_AES_128_CBC_SHA, TLS_DHE_DSS_WITH_AES_128_CBC_SHA, TLS_RSA_WITH_AES_256_GCM_SHA384, TLS_RSA_WITH_AES_128_GCM_SHA256, TLS_RSA_WITH_AES_256_CBC_SHA256, TLS_RSA_WITH_AES_128_CBC_SHA256, TLS_RSA_WITH_AES_256_CBC_SHA, TLS_RSA_WITH_AES_128_CBC_SHA, TLS_EMPTY_RENEGOTIATION_INFO_SCSV]
13:04:55.691 [main] DEBUG karate.org.apache.http.conn.ssl.LenientSslConnectionSocketFactory - Starting handshake
13:04:55.747 [main] DEBUG karate.org.apache.http.conn.ssl.LenientSslConnectionSocketFactory - Secure session established
13:04:55.748 [main] DEBUG karate.org.apache.http.conn.ssl.LenientSslConnectionSocketFactory -  negotiated protocol: TLSv1.3
13:04:55.748 [main] DEBUG karate.org.apache.http.conn.ssl.LenientSslConnectionSocketFactory -  negotiated cipher suite: TLS_AES_128_GCM_SHA256
13:04:55.748 [main] DEBUG karate.org.apache.http.conn.ssl.LenientSslConnectionSocketFactory -  peer principal: CN=apigw-soap-st.telus.com, O=TELUS Corp., L=Vancouver, ST=British Columbia, C=CA
13:04:55.748 [main] DEBUG karate.org.apache.http.conn.ssl.LenientSslConnectionSocketFactory -  peer alternative names: [apigw-soap-st.telus.com, apigw-st.telus.com, apigw-qidc-st.telus.com, apigw-kidc-st.telus.com, apigw-soap-qidc-st.telus.com, apigw-soap-kidc-st.telus.com]
13:04:55.748 [main] DEBUG karate.org.apache.http.conn.ssl.LenientSslConnectionSocketFactory -  issuer principal: CN=DigiCert Global G2 TLS RSA SHA256 2020 CA1, O=DigiCert Inc, C=US
13:04:55.748 [main] DEBUG karate.org.apache.http.impl.conn.DefaultHttpClientConnectionOperator - Connection established 192.168.1.65:54963<->207.219.84.31:443
13:04:55.748 [main] DEBUG karate.org.apache.http.impl.conn.DefaultManagedHttpClientConnection - http-outgoing-27: set socket timeout to 20000
13:04:55.748 [main] DEBUG karate.org.apache.http.impl.execchain.MainClientExec - Executing request GET /customer/contactCenterCustomerInfo/v1/account?tn=4373488823 HTTP/1.1
13:04:55.748 [main] DEBUG karate.org.apache.http.impl.execchain.MainClientExec - Proxy auth state: UNCHALLENGED
13:04:55.748 [main] DEBUG karate.org.apache.http.headers - http-outgoing-27 >> GET /customer/contactCenterCustomerInfo/v1/account?tn=4373488823 HTTP/1.1
13:04:55.748 [main] DEBUG karate.org.apache.http.headers - http-outgoing-27 >> accept: application/json
13:04:55.748 [main] DEBUG karate.org.apache.http.headers - http-outgoing-27 >> env: it01
13:04:55.748 [main] DEBUG karate.org.apache.http.headers - http-outgoing-27 >> Authorization: Bearer eyJhbGciOiJSUzI1NiIsImtpZCI6ImNhZGZhMTYyLTU2YzEtNGRiOS1hNjNmLTYwZTM3NzIwMWJkZiIsInBpLmF0bSI6IjMifQ.eyJzY29wZSI6WyI0NzIwIl0sImF1dGhvcml6YXRpb25fZGV0YWlscyI6W10sImNsaWVudF9pZCI6IjUyZTgwYmZhLWI0MmMtNDdkNy05OGI1LThiYjg3YzkyNjIwOSIsImlzcyI6Imh0dHBzOi8vdGVhbXNzby1pdHMwNC50ZWx1cy5jb20iLCJhdWQiOiJrb25nIiwiaWF0IjoxNzIzMjIzMDg5LCJleHAiOjE3MjMyMjMzODl9.flESEmYyI_eCkBmzn54OkGfP2lAIxnyqs2XbjtABUAmEnkCOQe8uoiUdROg_nBCNsbluJLTMIyv2VQYcEFeVpzwJIN4AH00KC-3px8L7DRMcbbbRqgIOGamUVRjytKBt3cFR1XVCW32bLo_XlS6M0CPdsCtowSRRwenf6htGC3loiXiWZ8pxuYaJNnmQfuSN9rWpZNHc8y-eYDl0xm6EoEXQSfatP3EAxDBw6tgqlb5patcu_afyMqKiHha9IdISwDeMrqyfvgoAR4Sqhdy3Uxp_k_xzmM-XWElgzY0YfiUnRnIl01fsIz1UO7xaed3xVyVlwsYrq6nB9I57SYDk-A
13:04:55.748 [main] DEBUG karate.org.apache.http.headers - http-outgoing-27 >> Host: apigw-st.telus.com
13:04:55.748 [main] DEBUG karate.org.apache.http.headers - http-outgoing-27 >> Connection: Keep-Alive
13:04:55.748 [main] DEBUG karate.org.apache.http.headers - http-outgoing-27 >> User-Agent: Apache-HttpClient/4.5.13 (Java/20.0.2)
13:04:55.748 [main] DEBUG karate.org.apache.http.headers - http-outgoing-27 >> Accept-Encoding: gzip,deflate
13:04:55.748 [main] DEBUG karate.org.apache.http.wire - http-outgoing-27 >> "GET /customer/contactCenterCustomerInfo/v1/account?tn=4373488823 HTTP/1.1[\r][\n]"
13:04:55.748 [main] DEBUG karate.org.apache.http.wire - http-outgoing-27 >> "accept: application/json[\r][\n]"
13:04:55.748 [main] DEBUG karate.org.apache.http.wire - http-outgoing-27 >> "env: it01[\r][\n]"
13:04:55.748 [main] DEBUG karate.org.apache.http.wire - http-outgoing-27 >> "Authorization: Bearer eyJhbGciOiJSUzI1NiIsImtpZCI6ImNhZGZhMTYyLTU2YzEtNGRiOS1hNjNmLTYwZTM3NzIwMWJkZiIsInBpLmF0bSI6IjMifQ.eyJzY29wZSI6WyI0NzIwIl0sImF1dGhvcml6YXRpb25fZGV0YWlscyI6W10sImNsaWVudF9pZCI6IjUyZTgwYmZhLWI0MmMtNDdkNy05OGI1LThiYjg3YzkyNjIwOSIsImlzcyI6Imh0dHBzOi8vdGVhbXNzby1pdHMwNC50ZWx1cy5jb20iLCJhdWQiOiJrb25nIiwiaWF0IjoxNzIzMjIzMDg5LCJleHAiOjE3MjMyMjMzODl9.flESEmYyI_eCkBmzn54OkGfP2lAIxnyqs2XbjtABUAmEnkCOQe8uoiUdROg_nBCNsbluJLTMIyv2VQYcEFeVpzwJIN4AH00KC-3px8L7DRMcbbbRqgIOGamUVRjytKBt3cFR1XVCW32bLo_XlS6M0CPdsCtowSRRwenf6htGC3loiXiWZ8pxuYaJNnmQfuSN9rWpZNHc8y-eYDl0xm6EoEXQSfatP3EAxDBw6tgqlb5patcu_afyMqKiHha9IdISwDeMrqyfvgoAR4Sqhdy3Uxp_k_xzmM-XWElgzY0YfiUnRnIl01fsIz1UO7xaed3xVyVlwsYrq6nB9I57SYDk-A[\r][\n]"
13:04:55.748 [main] DEBUG karate.org.apache.http.wire - http-outgoing-27 >> "Host: apigw-st.telus.com[\r][\n]"
13:04:55.748 [main] DEBUG karate.org.apache.http.wire - http-outgoing-27 >> "Connection: Keep-Alive[\r][\n]"
13:04:55.748 [main] DEBUG karate.org.apache.http.wire - http-outgoing-27 >> "User-Agent: Apache-HttpClient/4.5.13 (Java/20.0.2)[\r][\n]"
13:04:55.748 [main] DEBUG karate.org.apache.http.wire - http-outgoing-27 >> "Accept-Encoding: gzip,deflate[\r][\n]"
13:04:55.748 [main] DEBUG karate.org.apache.http.wire - http-outgoing-27 >> "[\r][\n]"
13:04:55.796 [main] DEBUG karate.org.apache.http.wire - http-outgoing-27 << "HTTP/1.1 403 Forbidden[\r][\n]"
13:04:55.796 [main] DEBUG karate.org.apache.http.wire - http-outgoing-27 << "Content-Type: application/json; charset=utf-8[\r][\n]"
13:04:55.796 [main] DEBUG karate.org.apache.http.wire - http-outgoing-27 << "Content-Length: 23[\r][\n]"
13:04:55.796 [main] DEBUG karate.org.apache.http.wire - http-outgoing-27 << "Connection: keep-alive[\r][\n]"
13:04:55.796 [main] DEBUG karate.org.apache.http.wire - http-outgoing-27 << "Date: Fri, 09 Aug 2024 17:04:56 GMT[\r][\n]"
13:04:55.796 [main] DEBUG karate.org.apache.http.wire - http-outgoing-27 << "WWW-Authenticate: Bearer realm="teamsso-its04.telus.com", error="insufficient_scope"[\r][\n]"
13:04:55.796 [main] DEBUG karate.org.apache.http.wire - http-outgoing-27 << "Kong-Request-ID: e1b9ec92-3c20-4349-9e98-f51c0fe257c5#389189[\r][\n]"
13:04:55.796 [main] DEBUG karate.org.apache.http.wire - http-outgoing-27 << "vary: Origin[\r][\n]"
13:04:55.796 [main] DEBUG karate.org.apache.http.wire - http-outgoing-27 << "X-Kong-Response-Latency: 1[\r][\n]"
13:04:55.796 [main] DEBUG karate.org.apache.http.wire - http-outgoing-27 << "Server: kong/3.4.3.11-enterprise-edition[\r][\n]"
13:04:55.796 [main] DEBUG karate.org.apache.http.wire - http-outgoing-27 << "X-Kong-Request-Id: 5d96191b1c468d57e0e9042167425a24[\r][\n]"
13:04:55.796 [main] DEBUG karate.org.apache.http.wire - http-outgoing-27 << "vary: Origin[\r][\n]"
13:04:55.796 [main] DEBUG karate.org.apache.http.wire - http-outgoing-27 << "X-Kong-Upstream-Latency: 5[\r][\n]"
13:04:55.796 [main] DEBUG karate.org.apache.http.wire - http-outgoing-27 << "X-Kong-Proxy-Latency: 1[\r][\n]"
13:04:55.796 [main] DEBUG karate.org.apache.http.wire - http-outgoing-27 << "Via: kong/3.4.3.11-enterprise-edition[\r][\n]"
13:04:55.796 [main] DEBUG karate.org.apache.http.wire - http-outgoing-27 << "[\r][\n]"
13:04:55.796 [main] DEBUG karate.org.apache.http.wire - http-outgoing-27 << "{"message":"Forbidden"}"
13:04:55.796 [main] DEBUG karate.org.apache.http.headers - http-outgoing-27 << HTTP/1.1 403 Forbidden
13:04:55.796 [main] DEBUG karate.org.apache.http.headers - http-outgoing-27 << Content-Type: application/json; charset=utf-8
13:04:55.796 [main] DEBUG karate.org.apache.http.headers - http-outgoing-27 << Content-Length: 23
13:04:55.796 [main] DEBUG karate.org.apache.http.headers - http-outgoing-27 << Connection: keep-alive
13:04:55.796 [main] DEBUG karate.org.apache.http.headers - http-outgoing-27 << Date: Fri, 09 Aug 2024 17:04:56 GMT
13:04:55.796 [main] DEBUG karate.org.apache.http.headers - http-outgoing-27 << WWW-Authenticate: Bearer realm="teamsso-its04.telus.com", error="insufficient_scope"
13:04:55.796 [main] DEBUG karate.org.apache.http.headers - http-outgoing-27 << Kong-Request-ID: e1b9ec92-3c20-4349-9e98-f51c0fe257c5#389189
13:04:55.796 [main] DEBUG karate.org.apache.http.headers - http-outgoing-27 << vary: Origin
13:04:55.796 [main] DEBUG karate.org.apache.http.headers - http-outgoing-27 << X-Kong-Response-Latency: 1
13:04:55.796 [main] DEBUG karate.org.apache.http.headers - http-outgoing-27 << Server: kong/3.4.3.11-enterprise-edition
13:04:55.797 [main] DEBUG karate.org.apache.http.headers - http-outgoing-27 << X-Kong-Request-Id: 5d96191b1c468d57e0e9042167425a24
13:04:55.797 [main] DEBUG karate.org.apache.http.headers - http-outgoing-27 << vary: Origin
13:04:55.797 [main] DEBUG karate.org.apache.http.headers - http-outgoing-27 << X-Kong-Upstream-Latency: 5
13:04:55.797 [main] DEBUG karate.org.apache.http.headers - http-outgoing-27 << X-Kong-Proxy-Latency: 1
13:04:55.797 [main] DEBUG karate.org.apache.http.headers - http-outgoing-27 << Via: kong/3.4.3.11-enterprise-edition
13:04:55.797 [main] DEBUG karate.org.apache.http.impl.execchain.MainClientExec - Connection can be kept alive indefinitely
13:04:55.797 [main] DEBUG karate.org.apache.http.impl.conn.PoolingHttpClientConnectionManager - Connection [id: 27][route: {s}->https://apigw-st.telus.com:443] can be kept alive indefinitely
13:04:55.797 [main] DEBUG karate.org.apache.http.impl.conn.DefaultManagedHttpClientConnection - http-outgoing-27: set socket timeout to 0
13:04:55.797 [main] DEBUG karate.org.apache.http.impl.conn.PoolingHttpClientConnectionManager - Connection released: [id: 27][route: {s}->https://apigw-st.telus.com:443][total available: 1; route allocated: 1 of 5; total allocated: 1 of 10]
13:04:55.797 [main] DEBUG com.intuit.karate - response time in milliseconds: 148
1 < 403
1 < Content-Type: application/json; charset=utf-8
1 < Content-Length: 23
1 < Connection: keep-alive
1 < Date: Fri, 09 Aug 2024 17:04:56 GMT
1 < WWW-Authenticate: Bearer realm="teamsso-its04.telus.com", error="insufficient_scope"
1 < Kong-Request-ID: e1b9ec92-3c20-4349-9e98-f51c0fe257c5#389189
1 < vary: Origin
1 < vary: Origin
1 < X-Kong-Response-Latency: 1
1 < Server: kong/3.4.3.11-enterprise-edition
1 < X-Kong-Request-Id: 5d96191b1c468d57e0e9042167425a24
1 < X-Kong-Upstream-Latency: 5
1 < X-Kong-Proxy-Latency: 1
1 < Via: kong/3.4.3.11-enterprise-edition
{"message":"Forbidden"}
13:04:55.798 [main] ERROR com.intuit.karate - classpath:feature/CCE_TN.feature:25
Then status 200
status code was: 403, expected: 200, response time in milliseconds: 148, url: https://apigw-st.telus.com/customer/contactCenterCustomerInfo/v1/account?tn=4373488823, response: 
{"message":"Forbidden"}
classpath:feature/CCE_TN.feature:25
13:04:55.800 [main] INFO com.intuit.karate - karate.env system property was: it01 
13:04:55.800 [main] INFO com.intuit.karate - clientId:52e80bfa-b42c-47d7-98b5-8bb87c926209 
13:04:55.801 [main] INFO com.intuit.karate - Current URL is : https://apigw-st.telus.com 
13:04:55.801 [main] INFO com.intuit.karate - Current Env is : it01 
13:04:55.803 [main] INFO com.intuit.karate - [print] eyJhbGciOiJSUzI1NiIsImtpZCI6ImNhZGZhMTYyLTU2YzEtNGRiOS1hNjNmLTYwZTM3NzIwMWJkZiIsInBpLmF0bSI6IjMifQ.eyJzY29wZSI6WyI0NzIwIl0sImF1dGhvcml6YXRpb25fZGV0YWlscyI6W10sImNsaWVudF9pZCI6IjUyZTgwYmZhLWI0MmMtNDdkNy05OGI1LThiYjg3YzkyNjIwOSIsImlzcyI6Imh0dHBzOi8vdGVhbXNzby1pdHMwNC50ZWx1cy5jb20iLCJhdWQiOiJrb25nIiwiaWF0IjoxNzIzMjIzMDg5LCJleHAiOjE3MjMyMjMzODl9.flESEmYyI_eCkBmzn54OkGfP2lAIxnyqs2XbjtABUAmEnkCOQe8uoiUdROg_nBCNsbluJLTMIyv2VQYcEFeVpzwJIN4AH00KC-3px8L7DRMcbbbRqgIOGamUVRjytKBt3cFR1XVCW32bLo_XlS6M0CPdsCtowSRRwenf6htGC3loiXiWZ8pxuYaJNnmQfuSN9rWpZNHc8y-eYDl0xm6EoEXQSfatP3EAxDBw6tgqlb5patcu_afyMqKiHha9IdISwDeMrqyfvgoAR4Sqhdy3Uxp_k_xzmM-XWElgzY0YfiUnRnIl01fsIz1UO7xaed3xVyVlwsYrq6nB9I57SYDk-A 
13:04:55.803 [main] DEBUG com.intuit.karate.core.ScenarioEngine - over-writing existing variable 'mockResponseWLS_RES_SUSPENDED' with new value: callonce read("../odsdata/getTestData_Consumer_Non_Prod.feature@getdata_resWLS_Suspended")
13:04:55.804 [main] DEBUG com.intuit.karate.core.ScenarioEngine - over-writing existing variable 'mockResponseWLS_RES_ACTIVE' with new value: callonce read("../odsdata/getTestData_Consumer_Non_Prod.feature@getdata_resWLS_Active")
13:04:55.805 [main] DEBUG com.intuit.karate.core.ScenarioEngine - over-writing existing variable 'mockResponseWLN_RES_ACTIVE' with new value: callonce read("../odsdata/getTestData_Consumer_Non_Prod.feature@getdata_resWLN_Active")
13:04:55.806 [main] DEBUG com.intuit.karate.core.ScenarioEngine - over-writing existing variable 'mockResponseWLS_BIZ_ACTIVE' with new value: callonce read("../odsdata/getTestData_Business_Non_Prod.feature@getdatabizWLS")
13:04:55.807 [main] DEBUG com.intuit.karate.core.ScenarioEngine - over-writing existing variable 'mockResponseWLN_BIZ_ACTIVE' with new value: callonce read("../odsdata/getTestData_Business_Non_Prod.feature@getdatabizWLN")
13:04:55.810 [main] DEBUG com.jayway.jsonpath.internal.path.CompiledPath - Evaluating path: $
13:04:55.813 [main] INFO com.intuit.karate - karate.env system property was: it01 
13:04:55.813 [main] INFO com.intuit.karate - clientId:52e80bfa-b42c-47d7-98b5-8bb87c926209 
13:04:55.814 [main] INFO com.intuit.karate - Current URL is : https://apigw-st.telus.com 
13:04:55.814 [main] INFO com.intuit.karate - Current Env is : it01 
13:04:55.816 [main] INFO com.intuit.karate - [print] eyJhbGciOiJSUzI1NiIsImtpZCI6ImNhZGZhMTYyLTU2YzEtNGRiOS1hNjNmLTYwZTM3NzIwMWJkZiIsInBpLmF0bSI6IjMifQ.eyJzY29wZSI6WyI0NzIwIl0sImF1dGhvcml6YXRpb25fZGV0YWlscyI6W10sImNsaWVudF9pZCI6IjUyZTgwYmZhLWI0MmMtNDdkNy05OGI1LThiYjg3YzkyNjIwOSIsImlzcyI6Imh0dHBzOi8vdGVhbXNzby1pdHMwNC50ZWx1cy5jb20iLCJhdWQiOiJrb25nIiwiaWF0IjoxNzIzMjIzMDg5LCJleHAiOjE3MjMyMjMzODl9.flESEmYyI_eCkBmzn54OkGfP2lAIxnyqs2XbjtABUAmEnkCOQe8uoiUdROg_nBCNsbluJLTMIyv2VQYcEFeVpzwJIN4AH00KC-3px8L7DRMcbbbRqgIOGamUVRjytKBt3cFR1XVCW32bLo_XlS6M0CPdsCtowSRRwenf6htGC3loiXiWZ8pxuYaJNnmQfuSN9rWpZNHc8y-eYDl0xm6EoEXQSfatP3EAxDBw6tgqlb5patcu_afyMqKiHha9IdISwDeMrqyfvgoAR4Sqhdy3Uxp_k_xzmM-XWElgzY0YfiUnRnIl01fsIz1UO7xaed3xVyVlwsYrq6nB9I57SYDk-A 
13:04:55.816 [main] DEBUG com.intuit.karate.core.ScenarioEngine - over-writing existing variable 'data_file' with new value: 'tn_feature_data.json'
13:04:55.816 [main] DEBUG com.intuit.karate.core.ScenarioEngine - over-writing existing variable 'data_file1' with new value: 'tn_kb_corp_Customer-account_feature_data.json'
13:04:55.816 [main] DEBUG com.intuit.karate.core.ScenarioEngine - over-writing existing variable 'mockResponseWLS_RES_SUSPENDED' with new value: callonce read("../odsdata/getTestData_Consumer_Non_Prod.feature@getdata_resWLS_Suspended")
13:04:55.818 [main] DEBUG com.intuit.karate.core.ScenarioEngine - over-writing existing variable 'mockResponseWLS_RES_ACTIVE' with new value: callonce read("../odsdata/getTestData_Consumer_Non_Prod.feature@getdata_resWLS_Active")
13:04:55.821 [main] DEBUG com.intuit.karate.core.ScenarioEngine - over-writing existing variable 'mockResponseWLN_RES_ACTIVE' with new value: callonce read("../odsdata/getTestData_Consumer_Non_Prod.feature@getdata_resWLN_Active")
13:04:55.823 [main] DEBUG com.intuit.karate.core.ScenarioEngine - over-writing existing variable 'mockResponseWLS_BIZ_ACTIVE' with new value: callonce read("../odsdata/getTestData_Business_Non_Prod.feature@getdatabizWLS")
13:04:55.824 [main] DEBUG com.intuit.karate.core.ScenarioEngine - over-writing existing variable 'mockResponseWLN_BIZ_ACTIVE' with new value: callonce read("../odsdata/getTestData_Business_Non_Prod.feature@getdatabizWLN")
13:04:55.825 [main] DEBUG com.intuit.karate.core.ScenarioEngine - over-writing existing variable 'data_file5' with new value: 'tn_feature_data_morethan3acct.json'
13:04:55.827 [main] DEBUG karate.org.apache.http.client.protocol.RequestAddCookies - CookieSpec selected: karate
13:04:55.827 [main] DEBUG karate.org.apache.http.client.protocol.RequestAuthCache - Auth cache not set in the context
13:04:55.827 [main] DEBUG com.intuit.karate - request:
1 > GET https://apigw-st.telus.com/customer/contactCenterCustomerInfo/v1/account?tn=5141612475
1 > accept: application/json
1 > env: it01
1 > Authorization: Bearer eyJhbGciOiJSUzI1NiIsImtpZCI6ImNhZGZhMTYyLTU2YzEtNGRiOS1hNjNmLTYwZTM3NzIwMWJkZiIsInBpLmF0bSI6IjMifQ.eyJzY29wZSI6WyI0NzIwIl0sImF1dGhvcml6YXRpb25fZGV0YWlscyI6W10sImNsaWVudF9pZCI6IjUyZTgwYmZhLWI0MmMtNDdkNy05OGI1LThiYjg3YzkyNjIwOSIsImlzcyI6Imh0dHBzOi8vdGVhbXNzby1pdHMwNC50ZWx1cy5jb20iLCJhdWQiOiJrb25nIiwiaWF0IjoxNzIzMjIzMDg5LCJleHAiOjE3MjMyMjMzODl9.flESEmYyI_eCkBmzn54OkGfP2lAIxnyqs2XbjtABUAmEnkCOQe8uoiUdROg_nBCNsbluJLTMIyv2VQYcEFeVpzwJIN4AH00KC-3px8L7DRMcbbbRqgIOGamUVRjytKBt3cFR1XVCW32bLo_XlS6M0CPdsCtowSRRwenf6htGC3loiXiWZ8pxuYaJNnmQfuSN9rWpZNHc8y-eYDl0xm6EoEXQSfatP3EAxDBw6tgqlb5patcu_afyMqKiHha9IdISwDeMrqyfvgoAR4Sqhdy3Uxp_k_xzmM-XWElgzY0YfiUnRnIl01fsIz1UO7xaed3xVyVlwsYrq6nB9I57SYDk-A
1 > Host: apigw-st.telus.com
1 > Connection: Keep-Alive
1 > User-Agent: Apache-HttpClient/4.5.13 (Java/20.0.2)
1 > Accept-Encoding: gzip,deflate


13:04:55.827 [main] DEBUG karate.org.apache.http.impl.conn.PoolingHttpClientConnectionManager - Connection request: [route: {s}->https://apigw-st.telus.com:443][total available: 0; route allocated: 0 of 5; total allocated: 0 of 10]
13:04:55.828 [main] DEBUG karate.org.apache.http.impl.conn.PoolingHttpClientConnectionManager - Connection leased: [id: 28][route: {s}->https://apigw-st.telus.com:443][total available: 0; route allocated: 1 of 5; total allocated: 1 of 10]
13:04:55.828 [main] DEBUG karate.org.apache.http.impl.execchain.MainClientExec - Opening connection {s}->https://apigw-st.telus.com:443
13:04:55.828 [main] DEBUG karate.org.apache.http.impl.conn.DefaultHttpClientConnectionOperator - Connecting to apigw-st.telus.com/207.219.84.31:443
13:04:55.828 [main] DEBUG karate.org.apache.http.conn.ssl.LenientSslConnectionSocketFactory - Connecting socket to apigw-st.telus.com/207.219.84.31:443 with timeout 10000
13:04:55.869 [main] DEBUG karate.org.apache.http.conn.ssl.LenientSslConnectionSocketFactory - Enabled protocols: [TLSv1.3, TLSv1.2]
13:04:55.869 [main] DEBUG karate.org.apache.http.conn.ssl.LenientSslConnectionSocketFactory - Enabled cipher suites:[TLS_AES_256_GCM_SHA384, TLS_AES_128_GCM_SHA256, TLS_CHACHA20_POLY1305_SHA256, TLS_ECDHE_ECDSA_WITH_AES_256_GCM_SHA384, TLS_ECDHE_ECDSA_WITH_AES_128_GCM_SHA256, TLS_ECDHE_ECDSA_WITH_CHACHA20_POLY1305_SHA256, TLS_ECDHE_RSA_WITH_AES_256_GCM_SHA384, TLS_ECDHE_RSA_WITH_CHACHA20_POLY1305_SHA256, TLS_ECDHE_RSA_WITH_AES_128_GCM_SHA256, TLS_DHE_RSA_WITH_AES_256_GCM_SHA384, TLS_DHE_RSA_WITH_CHACHA20_POLY1305_SHA256, TLS_DHE_DSS_WITH_AES_256_GCM_SHA384, TLS_DHE_RSA_WITH_AES_128_GCM_SHA256, TLS_DHE_DSS_WITH_AES_128_GCM_SHA256, TLS_ECDHE_ECDSA_WITH_AES_256_CBC_SHA384, TLS_ECDHE_RSA_WITH_AES_256_CBC_SHA384, TLS_ECDHE_ECDSA_WITH_AES_128_CBC_SHA256, TLS_ECDHE_RSA_WITH_AES_128_CBC_SHA256, TLS_DHE_RSA_WITH_AES_256_CBC_SHA256, TLS_DHE_DSS_WITH_AES_256_CBC_SHA256, TLS_DHE_RSA_WITH_AES_128_CBC_SHA256, TLS_DHE_DSS_WITH_AES_128_CBC_SHA256, TLS_ECDHE_ECDSA_WITH_AES_256_CBC_SHA, TLS_ECDHE_RSA_WITH_AES_256_CBC_SHA, TLS_ECDHE_ECDSA_WITH_AES_128_CBC_SHA, TLS_ECDHE_RSA_WITH_AES_128_CBC_SHA, TLS_DHE_RSA_WITH_AES_256_CBC_SHA, TLS_DHE_DSS_WITH_AES_256_CBC_SHA, TLS_DHE_RSA_WITH_AES_128_CBC_SHA, TLS_DHE_DSS_WITH_AES_128_CBC_SHA, TLS_RSA_WITH_AES_256_GCM_SHA384, TLS_RSA_WITH_AES_128_GCM_SHA256, TLS_RSA_WITH_AES_256_CBC_SHA256, TLS_RSA_WITH_AES_128_CBC_SHA256, TLS_RSA_WITH_AES_256_CBC_SHA, TLS_RSA_WITH_AES_128_CBC_SHA, TLS_EMPTY_RENEGOTIATION_INFO_SCSV]
13:04:55.869 [main] DEBUG karate.org.apache.http.conn.ssl.LenientSslConnectionSocketFactory - Starting handshake
13:04:55.937 [main] DEBUG karate.org.apache.http.conn.ssl.LenientSslConnectionSocketFactory - Secure session established
13:04:55.937 [main] DEBUG karate.org.apache.http.conn.ssl.LenientSslConnectionSocketFactory -  negotiated protocol: TLSv1.3
13:04:55.937 [main] DEBUG karate.org.apache.http.conn.ssl.LenientSslConnectionSocketFactory -  negotiated cipher suite: TLS_AES_128_GCM_SHA256
13:04:55.937 [main] DEBUG karate.org.apache.http.conn.ssl.LenientSslConnectionSocketFactory -  peer principal: CN=apigw-soap-st.telus.com, O=TELUS Corp., L=Vancouver, ST=British Columbia, C=CA
13:04:55.938 [main] DEBUG karate.org.apache.http.conn.ssl.LenientSslConnectionSocketFactory -  peer alternative names: [apigw-soap-st.telus.com, apigw-st.telus.com, apigw-qidc-st.telus.com, apigw-kidc-st.telus.com, apigw-soap-qidc-st.telus.com, apigw-soap-kidc-st.telus.com]
13:04:55.938 [main] DEBUG karate.org.apache.http.conn.ssl.LenientSslConnectionSocketFactory -  issuer principal: CN=DigiCert Global G2 TLS RSA SHA256 2020 CA1, O=DigiCert Inc, C=US
13:04:55.938 [main] DEBUG karate.org.apache.http.impl.conn.DefaultHttpClientConnectionOperator - Connection established 192.168.1.65:54964<->207.219.84.31:443
13:04:55.938 [main] DEBUG karate.org.apache.http.impl.conn.DefaultManagedHttpClientConnection - http-outgoing-28: set socket timeout to 20000
13:04:55.938 [main] DEBUG karate.org.apache.http.impl.execchain.MainClientExec - Executing request GET /customer/contactCenterCustomerInfo/v1/account?tn=5141612475 HTTP/1.1
13:04:55.938 [main] DEBUG karate.org.apache.http.impl.execchain.MainClientExec - Proxy auth state: UNCHALLENGED
13:04:55.938 [main] DEBUG karate.org.apache.http.headers - http-outgoing-28 >> GET /customer/contactCenterCustomerInfo/v1/account?tn=5141612475 HTTP/1.1
13:04:55.938 [main] DEBUG karate.org.apache.http.headers - http-outgoing-28 >> accept: application/json
13:04:55.938 [main] DEBUG karate.org.apache.http.headers - http-outgoing-28 >> env: it01
13:04:55.938 [main] DEBUG karate.org.apache.http.headers - http-outgoing-28 >> Authorization: Bearer eyJhbGciOiJSUzI1NiIsImtpZCI6ImNhZGZhMTYyLTU2YzEtNGRiOS1hNjNmLTYwZTM3NzIwMWJkZiIsInBpLmF0bSI6IjMifQ.eyJzY29wZSI6WyI0NzIwIl0sImF1dGhvcml6YXRpb25fZGV0YWlscyI6W10sImNsaWVudF9pZCI6IjUyZTgwYmZhLWI0MmMtNDdkNy05OGI1LThiYjg3YzkyNjIwOSIsImlzcyI6Imh0dHBzOi8vdGVhbXNzby1pdHMwNC50ZWx1cy5jb20iLCJhdWQiOiJrb25nIiwiaWF0IjoxNzIzMjIzMDg5LCJleHAiOjE3MjMyMjMzODl9.flESEmYyI_eCkBmzn54OkGfP2lAIxnyqs2XbjtABUAmEnkCOQe8uoiUdROg_nBCNsbluJLTMIyv2VQYcEFeVpzwJIN4AH00KC-3px8L7DRMcbbbRqgIOGamUVRjytKBt3cFR1XVCW32bLo_XlS6M0CPdsCtowSRRwenf6htGC3loiXiWZ8pxuYaJNnmQfuSN9rWpZNHc8y-eYDl0xm6EoEXQSfatP3EAxDBw6tgqlb5patcu_afyMqKiHha9IdISwDeMrqyfvgoAR4Sqhdy3Uxp_k_xzmM-XWElgzY0YfiUnRnIl01fsIz1UO7xaed3xVyVlwsYrq6nB9I57SYDk-A
13:04:55.938 [main] DEBUG karate.org.apache.http.headers - http-outgoing-28 >> Host: apigw-st.telus.com
13:04:55.938 [main] DEBUG karate.org.apache.http.headers - http-outgoing-28 >> Connection: Keep-Alive
13:04:55.938 [main] DEBUG karate.org.apache.http.headers - http-outgoing-28 >> User-Agent: Apache-HttpClient/4.5.13 (Java/20.0.2)
13:04:55.938 [main] DEBUG karate.org.apache.http.headers - http-outgoing-28 >> Accept-Encoding: gzip,deflate
13:04:55.938 [main] DEBUG karate.org.apache.http.wire - http-outgoing-28 >> "GET /customer/contactCenterCustomerInfo/v1/account?tn=5141612475 HTTP/1.1[\r][\n]"
13:04:55.938 [main] DEBUG karate.org.apache.http.wire - http-outgoing-28 >> "accept: application/json[\r][\n]"
13:04:55.938 [main] DEBUG karate.org.apache.http.wire - http-outgoing-28 >> "env: it01[\r][\n]"
13:04:55.938 [main] DEBUG karate.org.apache.http.wire - http-outgoing-28 >> "Authorization: Bearer eyJhbGciOiJSUzI1NiIsImtpZCI6ImNhZGZhMTYyLTU2YzEtNGRiOS1hNjNmLTYwZTM3NzIwMWJkZiIsInBpLmF0bSI6IjMifQ.eyJzY29wZSI6WyI0NzIwIl0sImF1dGhvcml6YXRpb25fZGV0YWlscyI6W10sImNsaWVudF9pZCI6IjUyZTgwYmZhLWI0MmMtNDdkNy05OGI1LThiYjg3YzkyNjIwOSIsImlzcyI6Imh0dHBzOi8vdGVhbXNzby1pdHMwNC50ZWx1cy5jb20iLCJhdWQiOiJrb25nIiwiaWF0IjoxNzIzMjIzMDg5LCJleHAiOjE3MjMyMjMzODl9.flESEmYyI_eCkBmzn54OkGfP2lAIxnyqs2XbjtABUAmEnkCOQe8uoiUdROg_nBCNsbluJLTMIyv2VQYcEFeVpzwJIN4AH00KC-3px8L7DRMcbbbRqgIOGamUVRjytKBt3cFR1XVCW32bLo_XlS6M0CPdsCtowSRRwenf6htGC3loiXiWZ8pxuYaJNnmQfuSN9rWpZNHc8y-eYDl0xm6EoEXQSfatP3EAxDBw6tgqlb5patcu_afyMqKiHha9IdISwDeMrqyfvgoAR4Sqhdy3Uxp_k_xzmM-XWElgzY0YfiUnRnIl01fsIz1UO7xaed3xVyVlwsYrq6nB9I57SYDk-A[\r][\n]"
13:04:55.938 [main] DEBUG karate.org.apache.http.wire - http-outgoing-28 >> "Host: apigw-st.telus.com[\r][\n]"
13:04:55.938 [main] DEBUG karate.org.apache.http.wire - http-outgoing-28 >> "Connection: Keep-Alive[\r][\n]"
13:04:55.938 [main] DEBUG karate.org.apache.http.wire - http-outgoing-28 >> "User-Agent: Apache-HttpClient/4.5.13 (Java/20.0.2)[\r][\n]"
13:04:55.938 [main] DEBUG karate.org.apache.http.wire - http-outgoing-28 >> "Accept-Encoding: gzip,deflate[\r][\n]"
13:04:55.938 [main] DEBUG karate.org.apache.http.wire - http-outgoing-28 >> "[\r][\n]"
13:04:55.989 [main] DEBUG karate.org.apache.http.wire - http-outgoing-28 << "HTTP/1.1 403 Forbidden[\r][\n]"
13:04:55.989 [main] DEBUG karate.org.apache.http.wire - http-outgoing-28 << "Content-Type: application/json; charset=utf-8[\r][\n]"
13:04:55.989 [main] DEBUG karate.org.apache.http.wire - http-outgoing-28 << "Content-Length: 23[\r][\n]"
13:04:55.989 [main] DEBUG karate.org.apache.http.wire - http-outgoing-28 << "Connection: keep-alive[\r][\n]"
13:04:55.989 [main] DEBUG karate.org.apache.http.wire - http-outgoing-28 << "Date: Fri, 09 Aug 2024 17:04:56 GMT[\r][\n]"
13:04:55.989 [main] DEBUG karate.org.apache.http.wire - http-outgoing-28 << "WWW-Authenticate: Bearer realm="teamsso-its04.telus.com", error="insufficient_scope"[\r][\n]"
13:04:55.989 [main] DEBUG karate.org.apache.http.wire - http-outgoing-28 << "Kong-Request-ID: dca444e0-7183-43df-b091-a672316acf23#385469[\r][\n]"
13:04:55.990 [main] DEBUG karate.org.apache.http.wire - http-outgoing-28 << "vary: Origin[\r][\n]"
13:04:55.990 [main] DEBUG karate.org.apache.http.wire - http-outgoing-28 << "X-Kong-Response-Latency: 1[\r][\n]"
13:04:55.990 [main] DEBUG karate.org.apache.http.wire - http-outgoing-28 << "Server: kong/3.4.3.11-enterprise-edition[\r][\n]"
13:04:55.990 [main] DEBUG karate.org.apache.http.wire - http-outgoing-28 << "X-Kong-Request-Id: c3a8954007a39a1438c1fc0222efe44f[\r][\n]"
13:04:55.990 [main] DEBUG karate.org.apache.http.wire - http-outgoing-28 << "vary: Origin[\r][\n]"
13:04:55.990 [main] DEBUG karate.org.apache.http.wire - http-outgoing-28 << "X-Kong-Upstream-Latency: 5[\r][\n]"
13:04:55.990 [main] DEBUG karate.org.apache.http.wire - http-outgoing-28 << "X-Kong-Proxy-Latency: 1[\r][\n]"
13:04:55.990 [main] DEBUG karate.org.apache.http.wire - http-outgoing-28 << "Via: kong/3.4.3.11-enterprise-edition[\r][\n]"
13:04:55.990 [main] DEBUG karate.org.apache.http.wire - http-outgoing-28 << "[\r][\n]"
13:04:55.990 [main] DEBUG karate.org.apache.http.wire - http-outgoing-28 << "{"message":"Forbidden"}"
13:04:55.990 [main] DEBUG karate.org.apache.http.headers - http-outgoing-28 << HTTP/1.1 403 Forbidden
13:04:55.990 [main] DEBUG karate.org.apache.http.headers - http-outgoing-28 << Content-Type: application/json; charset=utf-8
13:04:55.990 [main] DEBUG karate.org.apache.http.headers - http-outgoing-28 << Content-Length: 23
13:04:55.990 [main] DEBUG karate.org.apache.http.headers - http-outgoing-28 << Connection: keep-alive
13:04:55.990 [main] DEBUG karate.org.apache.http.headers - http-outgoing-28 << Date: Fri, 09 Aug 2024 17:04:56 GMT
13:04:55.990 [main] DEBUG karate.org.apache.http.headers - http-outgoing-28 << WWW-Authenticate: Bearer realm="teamsso-its04.telus.com", error="insufficient_scope"
13:04:55.990 [main] DEBUG karate.org.apache.http.headers - http-outgoing-28 << Kong-Request-ID: dca444e0-7183-43df-b091-a672316acf23#385469
13:04:55.990 [main] DEBUG karate.org.apache.http.headers - http-outgoing-28 << vary: Origin
13:04:55.990 [main] DEBUG karate.org.apache.http.headers - http-outgoing-28 << X-Kong-Response-Latency: 1
13:04:55.990 [main] DEBUG karate.org.apache.http.headers - http-outgoing-28 << Server: kong/3.4.3.11-enterprise-edition
13:04:55.990 [main] DEBUG karate.org.apache.http.headers - http-outgoing-28 << X-Kong-Request-Id: c3a8954007a39a1438c1fc0222efe44f
13:04:55.990 [main] DEBUG karate.org.apache.http.headers - http-outgoing-28 << vary: Origin
13:04:55.990 [main] DEBUG karate.org.apache.http.headers - http-outgoing-28 << X-Kong-Upstream-Latency: 5
13:04:55.990 [main] DEBUG karate.org.apache.http.headers - http-outgoing-28 << X-Kong-Proxy-Latency: 1
13:04:55.990 [main] DEBUG karate.org.apache.http.headers - http-outgoing-28 << Via: kong/3.4.3.11-enterprise-edition
13:04:55.990 [main] DEBUG karate.org.apache.http.impl.execchain.MainClientExec - Connection can be kept alive indefinitely
13:04:55.991 [main] DEBUG karate.org.apache.http.impl.conn.PoolingHttpClientConnectionManager - Connection [id: 28][route: {s}->https://apigw-st.telus.com:443] can be kept alive indefinitely
13:04:55.991 [main] DEBUG karate.org.apache.http.impl.conn.DefaultManagedHttpClientConnection - http-outgoing-28: set socket timeout to 0
13:04:55.991 [main] DEBUG karate.org.apache.http.impl.conn.PoolingHttpClientConnectionManager - Connection released: [id: 28][route: {s}->https://apigw-st.telus.com:443][total available: 1; route allocated: 1 of 5; total allocated: 1 of 10]
13:04:55.991 [main] DEBUG com.intuit.karate - response time in milliseconds: 164
1 < 403
1 < Content-Type: application/json; charset=utf-8
1 < Content-Length: 23
1 < Connection: keep-alive
1 < Date: Fri, 09 Aug 2024 17:04:56 GMT
1 < WWW-Authenticate: Bearer realm="teamsso-its04.telus.com", error="insufficient_scope"
1 < Kong-Request-ID: dca444e0-7183-43df-b091-a672316acf23#385469
1 < vary: Origin
1 < vary: Origin
1 < X-Kong-Response-Latency: 1
1 < Server: kong/3.4.3.11-enterprise-edition
1 < X-Kong-Request-Id: c3a8954007a39a1438c1fc0222efe44f
1 < X-Kong-Upstream-Latency: 5
1 < X-Kong-Proxy-Latency: 1
1 < Via: kong/3.4.3.11-enterprise-edition
{"message":"Forbidden"}
13:04:55.991 [main] ERROR com.intuit.karate - classpath:feature/CCE_TN.feature:35
Then status 200
status code was: 403, expected: 200, response time in milliseconds: 164, url: https://apigw-st.telus.com/customer/contactCenterCustomerInfo/v1/account?tn=5141612475, response: 
{"message":"Forbidden"}
classpath:feature/CCE_TN.feature:35
13:04:55.995 [main] INFO com.intuit.karate - karate.env system property was: it01 
13:04:55.995 [main] INFO com.intuit.karate - clientId:52e80bfa-b42c-47d7-98b5-8bb87c926209 
13:04:55.995 [main] INFO com.intuit.karate - Current URL is : https://apigw-st.telus.com 
13:04:55.995 [main] INFO com.intuit.karate - Current Env is : it01 
13:04:55.997 [main] INFO com.intuit.karate - [print] eyJhbGciOiJSUzI1NiIsImtpZCI6ImNhZGZhMTYyLTU2YzEtNGRiOS1hNjNmLTYwZTM3NzIwMWJkZiIsInBpLmF0bSI6IjMifQ.eyJzY29wZSI6WyI0NzIwIl0sImF1dGhvcml6YXRpb25fZGV0YWlscyI6W10sImNsaWVudF9pZCI6IjUyZTgwYmZhLWI0MmMtNDdkNy05OGI1LThiYjg3YzkyNjIwOSIsImlzcyI6Imh0dHBzOi8vdGVhbXNzby1pdHMwNC50ZWx1cy5jb20iLCJhdWQiOiJrb25nIiwiaWF0IjoxNzIzMjIzMDg5LCJleHAiOjE3MjMyMjMzODl9.flESEmYyI_eCkBmzn54OkGfP2lAIxnyqs2XbjtABUAmEnkCOQe8uoiUdROg_nBCNsbluJLTMIyv2VQYcEFeVpzwJIN4AH00KC-3px8L7DRMcbbbRqgIOGamUVRjytKBt3cFR1XVCW32bLo_XlS6M0CPdsCtowSRRwenf6htGC3loiXiWZ8pxuYaJNnmQfuSN9rWpZNHc8y-eYDl0xm6EoEXQSfatP3EAxDBw6tgqlb5patcu_afyMqKiHha9IdISwDeMrqyfvgoAR4Sqhdy3Uxp_k_xzmM-XWElgzY0YfiUnRnIl01fsIz1UO7xaed3xVyVlwsYrq6nB9I57SYDk-A 
13:04:55.997 [main] DEBUG com.intuit.karate.core.ScenarioEngine - over-writing existing variable 'mockResponseWLS_RES_SUSPENDED' with new value: callonce read("../odsdata/getTestData_Consumer_Non_Prod.feature@getdata_resWLS_Suspended")
13:04:55.999 [main] DEBUG com.intuit.karate.core.ScenarioEngine - over-writing existing variable 'mockResponseWLS_RES_ACTIVE' with new value: callonce read("../odsdata/getTestData_Consumer_Non_Prod.feature@getdata_resWLS_Active")
13:04:56.001 [main] DEBUG com.intuit.karate.core.ScenarioEngine - over-writing existing variable 'mockResponseWLN_RES_ACTIVE' with new value: callonce read("../odsdata/getTestData_Consumer_Non_Prod.feature@getdata_resWLN_Active")
13:04:56.003 [main] DEBUG com.intuit.karate.core.ScenarioEngine - over-writing existing variable 'mockResponseWLS_BIZ_ACTIVE' with new value: callonce read("../odsdata/getTestData_Business_Non_Prod.feature@getdatabizWLS")
13:04:56.004 [main] DEBUG com.intuit.karate.core.ScenarioEngine - over-writing existing variable 'mockResponseWLN_BIZ_ACTIVE' with new value: callonce read("../odsdata/getTestData_Business_Non_Prod.feature@getdatabizWLN")
13:04:56.009 [main] INFO com.intuit.karate - karate.env system property was: it01 
13:04:56.009 [main] INFO com.intuit.karate - clientId:52e80bfa-b42c-47d7-98b5-8bb87c926209 
13:04:56.011 [main] INFO com.intuit.karate - Current URL is : https://apigw-st.telus.com 
13:04:56.011 [main] INFO com.intuit.karate - Current Env is : it01 
13:04:56.013 [main] INFO com.intuit.karate - [print] eyJhbGciOiJSUzI1NiIsImtpZCI6ImNhZGZhMTYyLTU2YzEtNGRiOS1hNjNmLTYwZTM3NzIwMWJkZiIsInBpLmF0bSI6IjMifQ.eyJzY29wZSI6WyI0NzIwIl0sImF1dGhvcml6YXRpb25fZGV0YWlscyI6W10sImNsaWVudF9pZCI6IjUyZTgwYmZhLWI0MmMtNDdkNy05OGI1LThiYjg3YzkyNjIwOSIsImlzcyI6Imh0dHBzOi8vdGVhbXNzby1pdHMwNC50ZWx1cy5jb20iLCJhdWQiOiJrb25nIiwiaWF0IjoxNzIzMjIzMDg5LCJleHAiOjE3MjMyMjMzODl9.flESEmYyI_eCkBmzn54OkGfP2lAIxnyqs2XbjtABUAmEnkCOQe8uoiUdROg_nBCNsbluJLTMIyv2VQYcEFeVpzwJIN4AH00KC-3px8L7DRMcbbbRqgIOGamUVRjytKBt3cFR1XVCW32bLo_XlS6M0CPdsCtowSRRwenf6htGC3loiXiWZ8pxuYaJNnmQfuSN9rWpZNHc8y-eYDl0xm6EoEXQSfatP3EAxDBw6tgqlb5patcu_afyMqKiHha9IdISwDeMrqyfvgoAR4Sqhdy3Uxp_k_xzmM-XWElgzY0YfiUnRnIl01fsIz1UO7xaed3xVyVlwsYrq6nB9I57SYDk-A 
13:04:56.013 [main] DEBUG com.intuit.karate.core.ScenarioEngine - over-writing existing variable 'mockResponseWLS_RES_SUSPENDED' with new value: callonce read("../odsdata/getTestData_Consumer_Non_Prod.feature@getdata_resWLS_Suspended")
13:04:56.015 [main] DEBUG com.intuit.karate.core.ScenarioEngine - over-writing existing variable 'mockResponseWLS_RES_ACTIVE' with new value: callonce read("../odsdata/getTestData_Consumer_Non_Prod.feature@getdata_resWLS_Active")
13:04:56.017 [main] DEBUG com.intuit.karate.core.ScenarioEngine - over-writing existing variable 'mockResponseWLN_RES_ACTIVE' with new value: callonce read("../odsdata/getTestData_Consumer_Non_Prod.feature@getdata_resWLN_Active")
13:04:56.018 [main] DEBUG com.intuit.karate.core.ScenarioEngine - over-writing existing variable 'mockResponseWLS_BIZ_ACTIVE' with new value: callonce read("../odsdata/getTestData_Business_Non_Prod.feature@getdatabizWLS")
13:04:56.020 [main] DEBUG com.intuit.karate.core.ScenarioEngine - over-writing existing variable 'mockResponseWLN_BIZ_ACTIVE' with new value: callonce read("../odsdata/getTestData_Business_Non_Prod.feature@getdatabizWLN")
13:04:56.030 [main] INFO com.intuit.karate - karate.env system property was: it01 
13:04:56.031 [main] INFO com.intuit.karate - clientId:52e80bfa-b42c-47d7-98b5-8bb87c926209 
13:04:56.031 [main] INFO com.intuit.karate - Current URL is : https://apigw-st.telus.com 
13:04:56.031 [main] INFO com.intuit.karate - Current Env is : it01 
13:04:56.034 [main] INFO com.intuit.karate - [print] eyJhbGciOiJSUzI1NiIsImtpZCI6ImNhZGZhMTYyLTU2YzEtNGRiOS1hNjNmLTYwZTM3NzIwMWJkZiIsInBpLmF0bSI6IjMifQ.eyJzY29wZSI6WyI0NzIwIl0sImF1dGhvcml6YXRpb25fZGV0YWlscyI6W10sImNsaWVudF9pZCI6IjUyZTgwYmZhLWI0MmMtNDdkNy05OGI1LThiYjg3YzkyNjIwOSIsImlzcyI6Imh0dHBzOi8vdGVhbXNzby1pdHMwNC50ZWx1cy5jb20iLCJhdWQiOiJrb25nIiwiaWF0IjoxNzIzMjIzMDg5LCJleHAiOjE3MjMyMjMzODl9.flESEmYyI_eCkBmzn54OkGfP2lAIxnyqs2XbjtABUAmEnkCOQe8uoiUdROg_nBCNsbluJLTMIyv2VQYcEFeVpzwJIN4AH00KC-3px8L7DRMcbbbRqgIOGamUVRjytKBt3cFR1XVCW32bLo_XlS6M0CPdsCtowSRRwenf6htGC3loiXiWZ8pxuYaJNnmQfuSN9rWpZNHc8y-eYDl0xm6EoEXQSfatP3EAxDBw6tgqlb5patcu_afyMqKiHha9IdISwDeMrqyfvgoAR4Sqhdy3Uxp_k_xzmM-XWElgzY0YfiUnRnIl01fsIz1UO7xaed3xVyVlwsYrq6nB9I57SYDk-A 
13:04:56.034 [main] DEBUG com.intuit.karate.core.ScenarioEngine - over-writing existing variable 'mockResponseWLS_RES_SUSPENDED' with new value: callonce read("../odsdata/getTestData_Consumer_Non_Prod.feature@getdata_resWLS_Suspended")
13:04:56.037 [main] DEBUG com.intuit.karate.core.ScenarioEngine - over-writing existing variable 'mockResponseWLS_RES_ACTIVE' with new value: callonce read("../odsdata/getTestData_Consumer_Non_Prod.feature@getdata_resWLS_Active")
13:04:56.038 [main] DEBUG com.intuit.karate.core.ScenarioEngine - over-writing existing variable 'mockResponseWLN_RES_ACTIVE' with new value: callonce read("../odsdata/getTestData_Consumer_Non_Prod.feature@getdata_resWLN_Active")
13:04:56.039 [main] DEBUG com.intuit.karate.core.ScenarioEngine - over-writing existing variable 'mockResponseWLS_BIZ_ACTIVE' with new value: callonce read("../odsdata/getTestData_Business_Non_Prod.feature@getdatabizWLS")
13:04:56.041 [main] DEBUG com.intuit.karate.core.ScenarioEngine - over-writing existing variable 'mockResponseWLN_BIZ_ACTIVE' with new value: callonce read("../odsdata/getTestData_Business_Non_Prod.feature@getdatabizWLN")
13:04:56.046 [main] INFO com.intuit.karate - karate.env system property was: it01 
13:04:56.046 [main] INFO com.intuit.karate - clientId:52e80bfa-b42c-47d7-98b5-8bb87c926209 
13:04:56.046 [main] INFO com.intuit.karate - Current URL is : https://apigw-st.telus.com 
13:04:56.046 [main] INFO com.intuit.karate - Current Env is : it01 
13:04:56.048 [main] INFO com.intuit.karate - [print] eyJhbGciOiJSUzI1NiIsImtpZCI6ImNhZGZhMTYyLTU2YzEtNGRiOS1hNjNmLTYwZTM3NzIwMWJkZiIsInBpLmF0bSI6IjMifQ.eyJzY29wZSI6WyI0NzIwIl0sImF1dGhvcml6YXRpb25fZGV0YWlscyI6W10sImNsaWVudF9pZCI6IjUyZTgwYmZhLWI0MmMtNDdkNy05OGI1LThiYjg3YzkyNjIwOSIsImlzcyI6Imh0dHBzOi8vdGVhbXNzby1pdHMwNC50ZWx1cy5jb20iLCJhdWQiOiJrb25nIiwiaWF0IjoxNzIzMjIzMDg5LCJleHAiOjE3MjMyMjMzODl9.flESEmYyI_eCkBmzn54OkGfP2lAIxnyqs2XbjtABUAmEnkCOQe8uoiUdROg_nBCNsbluJLTMIyv2VQYcEFeVpzwJIN4AH00KC-3px8L7DRMcbbbRqgIOGamUVRjytKBt3cFR1XVCW32bLo_XlS6M0CPdsCtowSRRwenf6htGC3loiXiWZ8pxuYaJNnmQfuSN9rWpZNHc8y-eYDl0xm6EoEXQSfatP3EAxDBw6tgqlb5patcu_afyMqKiHha9IdISwDeMrqyfvgoAR4Sqhdy3Uxp_k_xzmM-XWElgzY0YfiUnRnIl01fsIz1UO7xaed3xVyVlwsYrq6nB9I57SYDk-A 
13:04:56.049 [main] DEBUG com.intuit.karate.core.ScenarioEngine - over-writing existing variable 'mockResponseWLS_RES_SUSPENDED' with new value: callonce read("../odsdata/getTestData_Consumer_Non_Prod.feature@getdata_resWLS_Suspended")
13:04:56.050 [main] DEBUG com.intuit.karate.core.ScenarioEngine - over-writing existing variable 'mockResponseWLS_RES_ACTIVE' with new value: callonce read("../odsdata/getTestData_Consumer_Non_Prod.feature@getdata_resWLS_Active")
13:04:56.052 [main] DEBUG com.intuit.karate.core.ScenarioEngine - over-writing existing variable 'mockResponseWLN_RES_ACTIVE' with new value: callonce read("../odsdata/getTestData_Consumer_Non_Prod.feature@getdata_resWLN_Active")
13:04:56.053 [main] DEBUG com.intuit.karate.core.ScenarioEngine - over-writing existing variable 'mockResponseWLS_BIZ_ACTIVE' with new value: callonce read("../odsdata/getTestData_Business_Non_Prod.feature@getdatabizWLS")
13:04:56.054 [main] DEBUG com.intuit.karate.core.ScenarioEngine - over-writing existing variable 'mockResponseWLN_BIZ_ACTIVE' with new value: callonce read("../odsdata/getTestData_Business_Non_Prod.feature@getdatabizWLN")
13:04:56.062 [main] INFO com.intuit.karate - karate.env system property was: it01 
13:04:56.062 [main] INFO com.intuit.karate - clientId:52e80bfa-b42c-47d7-98b5-8bb87c926209 
13:04:56.062 [main] INFO com.intuit.karate - Current URL is : https://apigw-st.telus.com 
13:04:56.062 [main] INFO com.intuit.karate - Current Env is : it01 
13:04:56.065 [main] INFO com.intuit.karate - [print] eyJhbGciOiJSUzI1NiIsImtpZCI6ImNhZGZhMTYyLTU2YzEtNGRiOS1hNjNmLTYwZTM3NzIwMWJkZiIsInBpLmF0bSI6IjMifQ.eyJzY29wZSI6WyI0NzIwIl0sImF1dGhvcml6YXRpb25fZGV0YWlscyI6W10sImNsaWVudF9pZCI6IjUyZTgwYmZhLWI0MmMtNDdkNy05OGI1LThiYjg3YzkyNjIwOSIsImlzcyI6Imh0dHBzOi8vdGVhbXNzby1pdHMwNC50ZWx1cy5jb20iLCJhdWQiOiJrb25nIiwiaWF0IjoxNzIzMjIzMDg5LCJleHAiOjE3MjMyMjMzODl9.flESEmYyI_eCkBmzn54OkGfP2lAIxnyqs2XbjtABUAmEnkCOQe8uoiUdROg_nBCNsbluJLTMIyv2VQYcEFeVpzwJIN4AH00KC-3px8L7DRMcbbbRqgIOGamUVRjytKBt3cFR1XVCW32bLo_XlS6M0CPdsCtowSRRwenf6htGC3loiXiWZ8pxuYaJNnmQfuSN9rWpZNHc8y-eYDl0xm6EoEXQSfatP3EAxDBw6tgqlb5patcu_afyMqKiHha9IdISwDeMrqyfvgoAR4Sqhdy3Uxp_k_xzmM-XWElgzY0YfiUnRnIl01fsIz1UO7xaed3xVyVlwsYrq6nB9I57SYDk-A 
13:04:56.065 [main] DEBUG com.intuit.karate.core.ScenarioEngine - over-writing existing variable 'mockResponseWLS_RES_SUSPENDED' with new value: callonce read("../odsdata/getTestData_Consumer_Non_Prod.feature@getdata_resWLS_Suspended")
13:04:56.067 [main] DEBUG com.intuit.karate.core.ScenarioEngine - over-writing existing variable 'mockResponseWLS_RES_ACTIVE' with new value: callonce read("../odsdata/getTestData_Consumer_Non_Prod.feature@getdata_resWLS_Active")
13:04:56.069 [main] DEBUG com.intuit.karate.core.ScenarioEngine - over-writing existing variable 'mockResponseWLN_RES_ACTIVE' with new value: callonce read("../odsdata/getTestData_Consumer_Non_Prod.feature@getdata_resWLN_Active")
13:04:56.070 [main] DEBUG com.intuit.karate.core.ScenarioEngine - over-writing existing variable 'mockResponseWLS_BIZ_ACTIVE' with new value: callonce read("../odsdata/getTestData_Business_Non_Prod.feature@getdatabizWLS")
13:04:56.071 [main] DEBUG com.intuit.karate.core.ScenarioEngine - over-writing existing variable 'mockResponseWLN_BIZ_ACTIVE' with new value: callonce read("../odsdata/getTestData_Business_Non_Prod.feature@getdatabizWLN")
13:04:56.077 [main] INFO com.intuit.karate - karate.env system property was: it01 
13:04:56.077 [main] INFO com.intuit.karate - clientId:52e80bfa-b42c-47d7-98b5-8bb87c926209 
13:04:56.077 [main] INFO com.intuit.karate - Current URL is : https://apigw-st.telus.com 
13:04:56.077 [main] INFO com.intuit.karate - Current Env is : it01 
13:04:56.079 [main] INFO com.intuit.karate - [print] eyJhbGciOiJSUzI1NiIsImtpZCI6ImNhZGZhMTYyLTU2YzEtNGRiOS1hNjNmLTYwZTM3NzIwMWJkZiIsInBpLmF0bSI6IjMifQ.eyJzY29wZSI6WyI0NzIwIl0sImF1dGhvcml6YXRpb25fZGV0YWlscyI6W10sImNsaWVudF9pZCI6IjUyZTgwYmZhLWI0MmMtNDdkNy05OGI1LThiYjg3YzkyNjIwOSIsImlzcyI6Imh0dHBzOi8vdGVhbXNzby1pdHMwNC50ZWx1cy5jb20iLCJhdWQiOiJrb25nIiwiaWF0IjoxNzIzMjIzMDg5LCJleHAiOjE3MjMyMjMzODl9.flESEmYyI_eCkBmzn54OkGfP2lAIxnyqs2XbjtABUAmEnkCOQe8uoiUdROg_nBCNsbluJLTMIyv2VQYcEFeVpzwJIN4AH00KC-3px8L7DRMcbbbRqgIOGamUVRjytKBt3cFR1XVCW32bLo_XlS6M0CPdsCtowSRRwenf6htGC3loiXiWZ8pxuYaJNnmQfuSN9rWpZNHc8y-eYDl0xm6EoEXQSfatP3EAxDBw6tgqlb5patcu_afyMqKiHha9IdISwDeMrqyfvgoAR4Sqhdy3Uxp_k_xzmM-XWElgzY0YfiUnRnIl01fsIz1UO7xaed3xVyVlwsYrq6nB9I57SYDk-A 
13:04:56.080 [main] DEBUG com.intuit.karate.core.ScenarioEngine - over-writing existing variable 'mockResponseWLS_RES_SUSPENDED' with new value: callonce read("../odsdata/getTestData_Consumer_Non_Prod.feature@getdata_resWLS_Suspended")
13:04:56.081 [main] DEBUG com.intuit.karate.core.ScenarioEngine - over-writing existing variable 'mockResponseWLS_RES_ACTIVE' with new value: callonce read("../odsdata/getTestData_Consumer_Non_Prod.feature@getdata_resWLS_Active")
13:04:56.082 [main] DEBUG com.intuit.karate.core.ScenarioEngine - over-writing existing variable 'mockResponseWLN_RES_ACTIVE' with new value: callonce read("../odsdata/getTestData_Consumer_Non_Prod.feature@getdata_resWLN_Active")
13:04:56.083 [main] DEBUG com.intuit.karate.core.ScenarioEngine - over-writing existing variable 'mockResponseWLS_BIZ_ACTIVE' with new value: callonce read("../odsdata/getTestData_Business_Non_Prod.feature@getdatabizWLS")
13:04:56.085 [main] DEBUG com.intuit.karate.core.ScenarioEngine - over-writing existing variable 'mockResponseWLN_BIZ_ACTIVE' with new value: callonce read("../odsdata/getTestData_Business_Non_Prod.feature@getdatabizWLN")
13:04:56.088 [main] DEBUG com.jayway.jsonpath.internal.path.CompiledPath - Evaluating path: $
13:04:56.095 [main] INFO com.intuit.karate - karate.env system property was: it01 
13:04:56.095 [main] INFO com.intuit.karate - clientId:52e80bfa-b42c-47d7-98b5-8bb87c926209 
13:04:56.097 [main] INFO com.intuit.karate - Current URL is : https://apigw-st.telus.com 
13:04:56.098 [main] INFO com.intuit.karate - Current Env is : it01 
13:04:56.099 [main] INFO com.intuit.karate - [print] eyJhbGciOiJSUzI1NiIsImtpZCI6ImNhZGZhMTYyLTU2YzEtNGRiOS1hNjNmLTYwZTM3NzIwMWJkZiIsInBpLmF0bSI6IjMifQ.eyJzY29wZSI6WyI0NzIwIl0sImF1dGhvcml6YXRpb25fZGV0YWlscyI6W10sImNsaWVudF9pZCI6IjUyZTgwYmZhLWI0MmMtNDdkNy05OGI1LThiYjg3YzkyNjIwOSIsImlzcyI6Imh0dHBzOi8vdGVhbXNzby1pdHMwNC50ZWx1cy5jb20iLCJhdWQiOiJrb25nIiwiaWF0IjoxNzIzMjIzMDg5LCJleHAiOjE3MjMyMjMzODl9.flESEmYyI_eCkBmzn54OkGfP2lAIxnyqs2XbjtABUAmEnkCOQe8uoiUdROg_nBCNsbluJLTMIyv2VQYcEFeVpzwJIN4AH00KC-3px8L7DRMcbbbRqgIOGamUVRjytKBt3cFR1XVCW32bLo_XlS6M0CPdsCtowSRRwenf6htGC3loiXiWZ8pxuYaJNnmQfuSN9rWpZNHc8y-eYDl0xm6EoEXQSfatP3EAxDBw6tgqlb5patcu_afyMqKiHha9IdISwDeMrqyfvgoAR4Sqhdy3Uxp_k_xzmM-XWElgzY0YfiUnRnIl01fsIz1UO7xaed3xVyVlwsYrq6nB9I57SYDk-A 
13:04:56.099 [main] DEBUG com.intuit.karate.core.ScenarioEngine - over-writing existing variable 'data_file' with new value: 'tn_feature_data.json'
13:04:56.099 [main] DEBUG com.intuit.karate.core.ScenarioEngine - over-writing existing variable 'data_file1' with new value: 'tn_kb_corp_Customer-account_feature_data.json'
13:04:56.100 [main] DEBUG com.intuit.karate.core.ScenarioEngine - over-writing existing variable 'mockResponseWLS_RES_SUSPENDED' with new value: callonce read("../odsdata/getTestData_Consumer_Non_Prod.feature@getdata_resWLS_Suspended")
13:04:56.102 [main] DEBUG com.intuit.karate.core.ScenarioEngine - over-writing existing variable 'mockResponseWLS_RES_ACTIVE' with new value: callonce read("../odsdata/getTestData_Consumer_Non_Prod.feature@getdata_resWLS_Active")
13:04:56.103 [main] DEBUG com.intuit.karate.core.ScenarioEngine - over-writing existing variable 'mockResponseWLN_RES_ACTIVE' with new value: callonce read("../odsdata/getTestData_Consumer_Non_Prod.feature@getdata_resWLN_Active")
13:04:56.104 [main] DEBUG com.intuit.karate.core.ScenarioEngine - over-writing existing variable 'mockResponseWLS_BIZ_ACTIVE' with new value: callonce read("../odsdata/getTestData_Business_Non_Prod.feature@getdatabizWLS")
13:04:56.106 [main] DEBUG com.intuit.karate.core.ScenarioEngine - over-writing existing variable 'mockResponseWLN_BIZ_ACTIVE' with new value: callonce read("../odsdata/getTestData_Business_Non_Prod.feature@getdatabizWLN")
13:04:56.107 [main] DEBUG com.intuit.karate.core.ScenarioEngine - over-writing existing variable 'data_file5' with new value: 'tn_feature_data_morethan3acct.json'
13:04:56.109 [main] DEBUG karate.org.apache.http.client.protocol.RequestAddCookies - CookieSpec selected: karate
13:04:56.109 [main] DEBUG karate.org.apache.http.client.protocol.RequestAuthCache - Auth cache not set in the context
13:04:56.109 [main] DEBUG com.intuit.karate - request:
1 > GET https://apigw-st.telus.com/customer/contactCenterCustomerInfo/v1/account?tn=4161542580
1 > accept: application/json
1 > env: it01
1 > Authorization: Bearer eyJhbGciOiJSUzI1NiIsImtpZCI6ImNhZGZhMTYyLTU2YzEtNGRiOS1hNjNmLTYwZTM3NzIwMWJkZiIsInBpLmF0bSI6IjMifQ.eyJzY29wZSI6WyI0NzIwIl0sImF1dGhvcml6YXRpb25fZGV0YWlscyI6W10sImNsaWVudF9pZCI6IjUyZTgwYmZhLWI0MmMtNDdkNy05OGI1LThiYjg3YzkyNjIwOSIsImlzcyI6Imh0dHBzOi8vdGVhbXNzby1pdHMwNC50ZWx1cy5jb20iLCJhdWQiOiJrb25nIiwiaWF0IjoxNzIzMjIzMDg5LCJleHAiOjE3MjMyMjMzODl9.flESEmYyI_eCkBmzn54OkGfP2lAIxnyqs2XbjtABUAmEnkCOQe8uoiUdROg_nBCNsbluJLTMIyv2VQYcEFeVpzwJIN4AH00KC-3px8L7DRMcbbbRqgIOGamUVRjytKBt3cFR1XVCW32bLo_XlS6M0CPdsCtowSRRwenf6htGC3loiXiWZ8pxuYaJNnmQfuSN9rWpZNHc8y-eYDl0xm6EoEXQSfatP3EAxDBw6tgqlb5patcu_afyMqKiHha9IdISwDeMrqyfvgoAR4Sqhdy3Uxp_k_xzmM-XWElgzY0YfiUnRnIl01fsIz1UO7xaed3xVyVlwsYrq6nB9I57SYDk-A
1 > Host: apigw-st.telus.com
1 > Connection: Keep-Alive
1 > User-Agent: Apache-HttpClient/4.5.13 (Java/20.0.2)
1 > Accept-Encoding: gzip,deflate


13:04:56.109 [main] DEBUG karate.org.apache.http.impl.conn.PoolingHttpClientConnectionManager - Connection request: [route: {s}->https://apigw-st.telus.com:443][total available: 0; route allocated: 0 of 5; total allocated: 0 of 10]
13:04:56.109 [main] DEBUG karate.org.apache.http.impl.conn.PoolingHttpClientConnectionManager - Connection leased: [id: 29][route: {s}->https://apigw-st.telus.com:443][total available: 0; route allocated: 1 of 5; total allocated: 1 of 10]
13:04:56.110 [main] DEBUG karate.org.apache.http.impl.execchain.MainClientExec - Opening connection {s}->https://apigw-st.telus.com:443
13:04:56.110 [main] DEBUG karate.org.apache.http.impl.conn.DefaultHttpClientConnectionOperator - Connecting to apigw-st.telus.com/207.219.84.31:443
13:04:56.110 [main] DEBUG karate.org.apache.http.conn.ssl.LenientSslConnectionSocketFactory - Connecting socket to apigw-st.telus.com/207.219.84.31:443 with timeout 10000
13:04:56.151 [main] DEBUG karate.org.apache.http.conn.ssl.LenientSslConnectionSocketFactory - Enabled protocols: [TLSv1.3, TLSv1.2]
13:04:56.151 [main] DEBUG karate.org.apache.http.conn.ssl.LenientSslConnectionSocketFactory - Enabled cipher suites:[TLS_AES_256_GCM_SHA384, TLS_AES_128_GCM_SHA256, TLS_CHACHA20_POLY1305_SHA256, TLS_ECDHE_ECDSA_WITH_AES_256_GCM_SHA384, TLS_ECDHE_ECDSA_WITH_AES_128_GCM_SHA256, TLS_ECDHE_ECDSA_WITH_CHACHA20_POLY1305_SHA256, TLS_ECDHE_RSA_WITH_AES_256_GCM_SHA384, TLS_ECDHE_RSA_WITH_CHACHA20_POLY1305_SHA256, TLS_ECDHE_RSA_WITH_AES_128_GCM_SHA256, TLS_DHE_RSA_WITH_AES_256_GCM_SHA384, TLS_DHE_RSA_WITH_CHACHA20_POLY1305_SHA256, TLS_DHE_DSS_WITH_AES_256_GCM_SHA384, TLS_DHE_RSA_WITH_AES_128_GCM_SHA256, TLS_DHE_DSS_WITH_AES_128_GCM_SHA256, TLS_ECDHE_ECDSA_WITH_AES_256_CBC_SHA384, TLS_ECDHE_RSA_WITH_AES_256_CBC_SHA384, TLS_ECDHE_ECDSA_WITH_AES_128_CBC_SHA256, TLS_ECDHE_RSA_WITH_AES_128_CBC_SHA256, TLS_DHE_RSA_WITH_AES_256_CBC_SHA256, TLS_DHE_DSS_WITH_AES_256_CBC_SHA256, TLS_DHE_RSA_WITH_AES_128_CBC_SHA256, TLS_DHE_DSS_WITH_AES_128_CBC_SHA256, TLS_ECDHE_ECDSA_WITH_AES_256_CBC_SHA, TLS_ECDHE_RSA_WITH_AES_256_CBC_SHA, TLS_ECDHE_ECDSA_WITH_AES_128_CBC_SHA, TLS_ECDHE_RSA_WITH_AES_128_CBC_SHA, TLS_DHE_RSA_WITH_AES_256_CBC_SHA, TLS_DHE_DSS_WITH_AES_256_CBC_SHA, TLS_DHE_RSA_WITH_AES_128_CBC_SHA, TLS_DHE_DSS_WITH_AES_128_CBC_SHA, TLS_RSA_WITH_AES_256_GCM_SHA384, TLS_RSA_WITH_AES_128_GCM_SHA256, TLS_RSA_WITH_AES_256_CBC_SHA256, TLS_RSA_WITH_AES_128_CBC_SHA256, TLS_RSA_WITH_AES_256_CBC_SHA, TLS_RSA_WITH_AES_128_CBC_SHA, TLS_EMPTY_RENEGOTIATION_INFO_SCSV]
13:04:56.151 [main] DEBUG karate.org.apache.http.conn.ssl.LenientSslConnectionSocketFactory - Starting handshake
13:04:56.207 [main] DEBUG karate.org.apache.http.conn.ssl.LenientSslConnectionSocketFactory - Secure session established
13:04:56.207 [main] DEBUG karate.org.apache.http.conn.ssl.LenientSslConnectionSocketFactory -  negotiated protocol: TLSv1.3
13:04:56.207 [main] DEBUG karate.org.apache.http.conn.ssl.LenientSslConnectionSocketFactory -  negotiated cipher suite: TLS_AES_128_GCM_SHA256
13:04:56.207 [main] DEBUG karate.org.apache.http.conn.ssl.LenientSslConnectionSocketFactory -  peer principal: CN=apigw-soap-st.telus.com, O=TELUS Corp., L=Vancouver, ST=British Columbia, C=CA
13:04:56.207 [main] DEBUG karate.org.apache.http.conn.ssl.LenientSslConnectionSocketFactory -  peer alternative names: [apigw-soap-st.telus.com, apigw-st.telus.com, apigw-qidc-st.telus.com, apigw-kidc-st.telus.com, apigw-soap-qidc-st.telus.com, apigw-soap-kidc-st.telus.com]
13:04:56.207 [main] DEBUG karate.org.apache.http.conn.ssl.LenientSslConnectionSocketFactory -  issuer principal: CN=DigiCert Global G2 TLS RSA SHA256 2020 CA1, O=DigiCert Inc, C=US
13:04:56.207 [main] DEBUG karate.org.apache.http.impl.conn.DefaultHttpClientConnectionOperator - Connection established 192.168.1.65:54965<->207.219.84.31:443
13:04:56.207 [main] DEBUG karate.org.apache.http.impl.conn.DefaultManagedHttpClientConnection - http-outgoing-29: set socket timeout to 20000
13:04:56.208 [main] DEBUG karate.org.apache.http.impl.execchain.MainClientExec - Executing request GET /customer/contactCenterCustomerInfo/v1/account?tn=4161542580 HTTP/1.1
13:04:56.208 [main] DEBUG karate.org.apache.http.impl.execchain.MainClientExec - Proxy auth state: UNCHALLENGED
13:04:56.208 [main] DEBUG karate.org.apache.http.headers - http-outgoing-29 >> GET /customer/contactCenterCustomerInfo/v1/account?tn=4161542580 HTTP/1.1
13:04:56.208 [main] DEBUG karate.org.apache.http.headers - http-outgoing-29 >> accept: application/json
13:04:56.208 [main] DEBUG karate.org.apache.http.headers - http-outgoing-29 >> env: it01
13:04:56.208 [main] DEBUG karate.org.apache.http.headers - http-outgoing-29 >> Authorization: Bearer eyJhbGciOiJSUzI1NiIsImtpZCI6ImNhZGZhMTYyLTU2YzEtNGRiOS1hNjNmLTYwZTM3NzIwMWJkZiIsInBpLmF0bSI6IjMifQ.eyJzY29wZSI6WyI0NzIwIl0sImF1dGhvcml6YXRpb25fZGV0YWlscyI6W10sImNsaWVudF9pZCI6IjUyZTgwYmZhLWI0MmMtNDdkNy05OGI1LThiYjg3YzkyNjIwOSIsImlzcyI6Imh0dHBzOi8vdGVhbXNzby1pdHMwNC50ZWx1cy5jb20iLCJhdWQiOiJrb25nIiwiaWF0IjoxNzIzMjIzMDg5LCJleHAiOjE3MjMyMjMzODl9.flESEmYyI_eCkBmzn54OkGfP2lAIxnyqs2XbjtABUAmEnkCOQe8uoiUdROg_nBCNsbluJLTMIyv2VQYcEFeVpzwJIN4AH00KC-3px8L7DRMcbbbRqgIOGamUVRjytKBt3cFR1XVCW32bLo_XlS6M0CPdsCtowSRRwenf6htGC3loiXiWZ8pxuYaJNnmQfuSN9rWpZNHc8y-eYDl0xm6EoEXQSfatP3EAxDBw6tgqlb5patcu_afyMqKiHha9IdISwDeMrqyfvgoAR4Sqhdy3Uxp_k_xzmM-XWElgzY0YfiUnRnIl01fsIz1UO7xaed3xVyVlwsYrq6nB9I57SYDk-A
13:04:56.208 [main] DEBUG karate.org.apache.http.headers - http-outgoing-29 >> Host: apigw-st.telus.com
13:04:56.208 [main] DEBUG karate.org.apache.http.headers - http-outgoing-29 >> Connection: Keep-Alive
13:04:56.208 [main] DEBUG karate.org.apache.http.headers - http-outgoing-29 >> User-Agent: Apache-HttpClient/4.5.13 (Java/20.0.2)
13:04:56.208 [main] DEBUG karate.org.apache.http.headers - http-outgoing-29 >> Accept-Encoding: gzip,deflate
13:04:56.208 [main] DEBUG karate.org.apache.http.wire - http-outgoing-29 >> "GET /customer/contactCenterCustomerInfo/v1/account?tn=4161542580 HTTP/1.1[\r][\n]"
13:04:56.208 [main] DEBUG karate.org.apache.http.wire - http-outgoing-29 >> "accept: application/json[\r][\n]"
13:04:56.208 [main] DEBUG karate.org.apache.http.wire - http-outgoing-29 >> "env: it01[\r][\n]"
13:04:56.208 [main] DEBUG karate.org.apache.http.wire - http-outgoing-29 >> "Authorization: Bearer eyJhbGciOiJSUzI1NiIsImtpZCI6ImNhZGZhMTYyLTU2YzEtNGRiOS1hNjNmLTYwZTM3NzIwMWJkZiIsInBpLmF0bSI6IjMifQ.eyJzY29wZSI6WyI0NzIwIl0sImF1dGhvcml6YXRpb25fZGV0YWlscyI6W10sImNsaWVudF9pZCI6IjUyZTgwYmZhLWI0MmMtNDdkNy05OGI1LThiYjg3YzkyNjIwOSIsImlzcyI6Imh0dHBzOi8vdGVhbXNzby1pdHMwNC50ZWx1cy5jb20iLCJhdWQiOiJrb25nIiwiaWF0IjoxNzIzMjIzMDg5LCJleHAiOjE3MjMyMjMzODl9.flESEmYyI_eCkBmzn54OkGfP2lAIxnyqs2XbjtABUAmEnkCOQe8uoiUdROg_nBCNsbluJLTMIyv2VQYcEFeVpzwJIN4AH00KC-3px8L7DRMcbbbRqgIOGamUVRjytKBt3cFR1XVCW32bLo_XlS6M0CPdsCtowSRRwenf6htGC3loiXiWZ8pxuYaJNnmQfuSN9rWpZNHc8y-eYDl0xm6EoEXQSfatP3EAxDBw6tgqlb5patcu_afyMqKiHha9IdISwDeMrqyfvgoAR4Sqhdy3Uxp_k_xzmM-XWElgzY0YfiUnRnIl01fsIz1UO7xaed3xVyVlwsYrq6nB9I57SYDk-A[\r][\n]"
13:04:56.208 [main] DEBUG karate.org.apache.http.wire - http-outgoing-29 >> "Host: apigw-st.telus.com[\r][\n]"
13:04:56.208 [main] DEBUG karate.org.apache.http.wire - http-outgoing-29 >> "Connection: Keep-Alive[\r][\n]"
13:04:56.208 [main] DEBUG karate.org.apache.http.wire - http-outgoing-29 >> "User-Agent: Apache-HttpClient/4.5.13 (Java/20.0.2)[\r][\n]"
13:04:56.208 [main] DEBUG karate.org.apache.http.wire - http-outgoing-29 >> "Accept-Encoding: gzip,deflate[\r][\n]"
13:04:56.208 [main] DEBUG karate.org.apache.http.wire - http-outgoing-29 >> "[\r][\n]"
13:04:56.260 [main] DEBUG karate.org.apache.http.wire - http-outgoing-29 << "HTTP/1.1 403 Forbidden[\r][\n]"
13:04:56.260 [main] DEBUG karate.org.apache.http.wire - http-outgoing-29 << "Content-Type: application/json; charset=utf-8[\r][\n]"
13:04:56.260 [main] DEBUG karate.org.apache.http.wire - http-outgoing-29 << "Content-Length: 23[\r][\n]"
13:04:56.260 [main] DEBUG karate.org.apache.http.wire - http-outgoing-29 << "Connection: keep-alive[\r][\n]"
13:04:56.260 [main] DEBUG karate.org.apache.http.wire - http-outgoing-29 << "Date: Fri, 09 Aug 2024 17:04:56 GMT[\r][\n]"
13:04:56.260 [main] DEBUG karate.org.apache.http.wire - http-outgoing-29 << "WWW-Authenticate: Bearer realm="teamsso-its04.telus.com", error="insufficient_scope"[\r][\n]"
13:04:56.260 [main] DEBUG karate.org.apache.http.wire - http-outgoing-29 << "Kong-Request-ID: 3738f01e-16fb-4a3f-a44f-556d9f0df39b#164922[\r][\n]"
13:04:56.260 [main] DEBUG karate.org.apache.http.wire - http-outgoing-29 << "vary: Origin[\r][\n]"
13:04:56.260 [main] DEBUG karate.org.apache.http.wire - http-outgoing-29 << "X-Kong-Response-Latency: 4[\r][\n]"
13:04:56.260 [main] DEBUG karate.org.apache.http.wire - http-outgoing-29 << "Server: kong/3.4.3.11-enterprise-edition[\r][\n]"
13:04:56.260 [main] DEBUG karate.org.apache.http.wire - http-outgoing-29 << "X-Kong-Request-Id: b47de4167c409966c11ca75a9b1d9445[\r][\n]"
13:04:56.260 [main] DEBUG karate.org.apache.http.wire - http-outgoing-29 << "vary: Origin[\r][\n]"
13:04:56.260 [main] DEBUG karate.org.apache.http.wire - http-outgoing-29 << "X-Kong-Upstream-Latency: 8[\r][\n]"
13:04:56.260 [main] DEBUG karate.org.apache.http.wire - http-outgoing-29 << "X-Kong-Proxy-Latency: 2[\r][\n]"
13:04:56.260 [main] DEBUG karate.org.apache.http.wire - http-outgoing-29 << "Via: kong/3.4.3.11-enterprise-edition[\r][\n]"
13:04:56.260 [main] DEBUG karate.org.apache.http.wire - http-outgoing-29 << "[\r][\n]"
13:04:56.260 [main] DEBUG karate.org.apache.http.wire - http-outgoing-29 << "{"message":"Forbidden"}"
13:04:56.260 [main] DEBUG karate.org.apache.http.headers - http-outgoing-29 << HTTP/1.1 403 Forbidden
13:04:56.260 [main] DEBUG karate.org.apache.http.headers - http-outgoing-29 << Content-Type: application/json; charset=utf-8
13:04:56.260 [main] DEBUG karate.org.apache.http.headers - http-outgoing-29 << Content-Length: 23
13:04:56.260 [main] DEBUG karate.org.apache.http.headers - http-outgoing-29 << Connection: keep-alive
13:04:56.260 [main] DEBUG karate.org.apache.http.headers - http-outgoing-29 << Date: Fri, 09 Aug 2024 17:04:56 GMT
13:04:56.260 [main] DEBUG karate.org.apache.http.headers - http-outgoing-29 << WWW-Authenticate: Bearer realm="teamsso-its04.telus.com", error="insufficient_scope"
13:04:56.260 [main] DEBUG karate.org.apache.http.headers - http-outgoing-29 << Kong-Request-ID: 3738f01e-16fb-4a3f-a44f-556d9f0df39b#164922
13:04:56.260 [main] DEBUG karate.org.apache.http.headers - http-outgoing-29 << vary: Origin
13:04:56.260 [main] DEBUG karate.org.apache.http.headers - http-outgoing-29 << X-Kong-Response-Latency: 4
13:04:56.260 [main] DEBUG karate.org.apache.http.headers - http-outgoing-29 << Server: kong/3.4.3.11-enterprise-edition
13:04:56.260 [main] DEBUG karate.org.apache.http.headers - http-outgoing-29 << X-Kong-Request-Id: b47de4167c409966c11ca75a9b1d9445
13:04:56.260 [main] DEBUG karate.org.apache.http.headers - http-outgoing-29 << vary: Origin
13:04:56.260 [main] DEBUG karate.org.apache.http.headers - http-outgoing-29 << X-Kong-Upstream-Latency: 8
13:04:56.260 [main] DEBUG karate.org.apache.http.headers - http-outgoing-29 << X-Kong-Proxy-Latency: 2
13:04:56.260 [main] DEBUG karate.org.apache.http.headers - http-outgoing-29 << Via: kong/3.4.3.11-enterprise-edition
13:04:56.260 [main] DEBUG karate.org.apache.http.impl.execchain.MainClientExec - Connection can be kept alive indefinitely
13:04:56.261 [main] DEBUG karate.org.apache.http.impl.conn.PoolingHttpClientConnectionManager - Connection [id: 29][route: {s}->https://apigw-st.telus.com:443] can be kept alive indefinitely
13:04:56.261 [main] DEBUG karate.org.apache.http.impl.conn.DefaultManagedHttpClientConnection - http-outgoing-29: set socket timeout to 0
13:04:56.261 [main] DEBUG karate.org.apache.http.impl.conn.PoolingHttpClientConnectionManager - Connection released: [id: 29][route: {s}->https://apigw-st.telus.com:443][total available: 1; route allocated: 1 of 5; total allocated: 1 of 10]
13:04:56.261 [main] DEBUG com.intuit.karate - response time in milliseconds: 152
1 < 403
1 < Content-Type: application/json; charset=utf-8
1 < Content-Length: 23
1 < Connection: keep-alive
1 < Date: Fri, 09 Aug 2024 17:04:56 GMT
1 < WWW-Authenticate: Bearer realm="teamsso-its04.telus.com", error="insufficient_scope"
1 < Kong-Request-ID: 3738f01e-16fb-4a3f-a44f-556d9f0df39b#164922
1 < vary: Origin
1 < vary: Origin
1 < X-Kong-Response-Latency: 4
1 < Server: kong/3.4.3.11-enterprise-edition
1 < X-Kong-Request-Id: b47de4167c409966c11ca75a9b1d9445
1 < X-Kong-Upstream-Latency: 8
1 < X-Kong-Proxy-Latency: 2
1 < Via: kong/3.4.3.11-enterprise-edition
{"message":"Forbidden"}
13:04:56.262 [main] ERROR com.intuit.karate - classpath:feature/CCE_TN.feature:106
Then status 200
status code was: 403, expected: 200, response time in milliseconds: 152, url: https://apigw-st.telus.com/customer/contactCenterCustomerInfo/v1/account?tn=4161542580, response: 
{"message":"Forbidden"}
classpath:feature/CCE_TN.feature:106
13:04:56.266 [main] INFO com.intuit.karate - karate.env system property was: it01 
13:04:56.266 [main] INFO com.intuit.karate - clientId:52e80bfa-b42c-47d7-98b5-8bb87c926209 
13:04:56.266 [main] INFO com.intuit.karate - Current URL is : https://apigw-st.telus.com 
13:04:56.266 [main] INFO com.intuit.karate - Current Env is : it01 
13:04:56.269 [main] INFO com.intuit.karate - [print] eyJhbGciOiJSUzI1NiIsImtpZCI6ImNhZGZhMTYyLTU2YzEtNGRiOS1hNjNmLTYwZTM3NzIwMWJkZiIsInBpLmF0bSI6IjMifQ.eyJzY29wZSI6WyI0NzIwIl0sImF1dGhvcml6YXRpb25fZGV0YWlscyI6W10sImNsaWVudF9pZCI6IjUyZTgwYmZhLWI0MmMtNDdkNy05OGI1LThiYjg3YzkyNjIwOSIsImlzcyI6Imh0dHBzOi8vdGVhbXNzby1pdHMwNC50ZWx1cy5jb20iLCJhdWQiOiJrb25nIiwiaWF0IjoxNzIzMjIzMDg5LCJleHAiOjE3MjMyMjMzODl9.flESEmYyI_eCkBmzn54OkGfP2lAIxnyqs2XbjtABUAmEnkCOQe8uoiUdROg_nBCNsbluJLTMIyv2VQYcEFeVpzwJIN4AH00KC-3px8L7DRMcbbbRqgIOGamUVRjytKBt3cFR1XVCW32bLo_XlS6M0CPdsCtowSRRwenf6htGC3loiXiWZ8pxuYaJNnmQfuSN9rWpZNHc8y-eYDl0xm6EoEXQSfatP3EAxDBw6tgqlb5patcu_afyMqKiHha9IdISwDeMrqyfvgoAR4Sqhdy3Uxp_k_xzmM-XWElgzY0YfiUnRnIl01fsIz1UO7xaed3xVyVlwsYrq6nB9I57SYDk-A 
13:04:56.270 [main] DEBUG com.intuit.karate.core.ScenarioEngine - over-writing existing variable 'mockResponseWLS_RES_SUSPENDED' with new value: callonce read("../odsdata/getTestData_Consumer_Non_Prod.feature@getdata_resWLS_Suspended")
13:04:56.272 [main] DEBUG com.intuit.karate.core.ScenarioEngine - over-writing existing variable 'mockResponseWLS_RES_ACTIVE' with new value: callonce read("../odsdata/getTestData_Consumer_Non_Prod.feature@getdata_resWLS_Active")
13:04:56.273 [main] DEBUG com.intuit.karate.core.ScenarioEngine - over-writing existing variable 'mockResponseWLN_RES_ACTIVE' with new value: callonce read("../odsdata/getTestData_Consumer_Non_Prod.feature@getdata_resWLN_Active")
13:04:56.274 [main] DEBUG com.intuit.karate.core.ScenarioEngine - over-writing existing variable 'mockResponseWLS_BIZ_ACTIVE' with new value: callonce read("../odsdata/getTestData_Business_Non_Prod.feature@getdatabizWLS")
13:04:56.281 [Finalizer] DEBUG karate.org.apache.http.impl.conn.PoolingHttpClientConnectionManager - Connection manager is shutting down
13:04:56.281 [Finalizer] DEBUG karate.org.apache.http.impl.conn.DefaultManagedHttpClientConnection - http-outgoing-18: Close connection
13:04:56.282 [main] DEBUG com.intuit.karate.core.ScenarioEngine - over-writing existing variable 'mockResponseWLN_BIZ_ACTIVE' with new value: callonce read("../odsdata/getTestData_Business_Non_Prod.feature@getdatabizWLN")
13:04:56.282 [Finalizer] DEBUG karate.org.apache.http.impl.conn.PoolingHttpClientConnectionManager - Connection manager shut down
13:04:56.282 [Finalizer] DEBUG karate.org.apache.http.impl.conn.PoolingHttpClientConnectionManager - Connection manager is shutting down
13:04:56.282 [Finalizer] DEBUG karate.org.apache.http.impl.conn.DefaultManagedHttpClientConnection - http-outgoing-19: Close connection
13:04:56.283 [Finalizer] DEBUG karate.org.apache.http.impl.conn.PoolingHttpClientConnectionManager - Connection manager shut down
13:04:56.283 [Finalizer] DEBUG karate.org.apache.http.impl.conn.PoolingHttpClientConnectionManager - Connection manager is shutting down
13:04:56.283 [Finalizer] DEBUG karate.org.apache.http.impl.conn.DefaultManagedHttpClientConnection - http-outgoing-20: Close connection
13:04:56.283 [Finalizer] DEBUG karate.org.apache.http.impl.conn.PoolingHttpClientConnectionManager - Connection manager shut down
13:04:56.283 [Finalizer] DEBUG karate.org.apache.http.impl.conn.PoolingHttpClientConnectionManager - Connection manager is shutting down
13:04:56.283 [Finalizer] DEBUG karate.org.apache.http.impl.conn.DefaultManagedHttpClientConnection - http-outgoing-21: Close connection
13:04:56.283 [Finalizer] DEBUG karate.org.apache.http.impl.conn.PoolingHttpClientConnectionManager - Connection manager shut down
13:04:56.283 [Finalizer] DEBUG karate.org.apache.http.impl.conn.PoolingHttpClientConnectionManager - Connection manager is shutting down
13:04:56.283 [Finalizer] DEBUG karate.org.apache.http.impl.conn.DefaultManagedHttpClientConnection - http-outgoing-22: Close connection
13:04:56.284 [Finalizer] DEBUG karate.org.apache.http.impl.conn.PoolingHttpClientConnectionManager - Connection manager shut down
13:04:56.284 [Finalizer] DEBUG karate.org.apache.http.impl.conn.PoolingHttpClientConnectionManager - Connection manager is shutting down
13:04:56.284 [Finalizer] DEBUG karate.org.apache.http.impl.conn.DefaultManagedHttpClientConnection - http-outgoing-25: Close connection
13:04:56.284 [Finalizer] DEBUG karate.org.apache.http.impl.conn.PoolingHttpClientConnectionManager - Connection manager shut down
13:04:56.284 [Finalizer] DEBUG karate.org.apache.http.impl.conn.PoolingHttpClientConnectionManager - Connection manager is shutting down
13:04:56.284 [Finalizer] DEBUG karate.org.apache.http.impl.conn.DefaultManagedHttpClientConnection - http-outgoing-26: Close connection
13:04:56.284 [Finalizer] DEBUG karate.org.apache.http.impl.conn.PoolingHttpClientConnectionManager - Connection manager shut down
13:04:56.285 [Finalizer] DEBUG karate.org.apache.http.impl.conn.PoolingHttpClientConnectionManager - Connection manager is shutting down
13:04:56.285 [Finalizer] DEBUG karate.org.apache.http.impl.conn.DefaultManagedHttpClientConnection - http-outgoing-27: Close connection
13:04:56.285 [Finalizer] DEBUG karate.org.apache.http.impl.conn.PoolingHttpClientConnectionManager - Connection manager shut down
13:04:56.285 [Finalizer] DEBUG karate.org.apache.http.impl.conn.PoolingHttpClientConnectionManager - Connection manager is shutting down
13:04:56.285 [Finalizer] DEBUG karate.org.apache.http.impl.conn.DefaultManagedHttpClientConnection - http-outgoing-28: Close connection
13:04:56.285 [Finalizer] DEBUG karate.org.apache.http.impl.conn.PoolingHttpClientConnectionManager - Connection manager shut down
13:04:56.285 [Finalizer] DEBUG karate.org.apache.http.impl.conn.PoolingHttpClientConnectionManager - Connection manager is shutting down
13:04:56.285 [Finalizer] DEBUG karate.org.apache.http.impl.conn.DefaultManagedHttpClientConnection - http-outgoing-29: Close connection
13:04:56.285 [Finalizer] DEBUG karate.org.apache.http.impl.conn.PoolingHttpClientConnectionManager - Connection manager shut down
13:04:56.285 [Finalizer] DEBUG karate.org.apache.http.impl.conn.PoolingHttpClientConnectionManager - Connection manager is shutting down
13:04:56.285 [Finalizer] DEBUG karate.org.apache.http.impl.conn.DefaultManagedHttpClientConnection - http-outgoing-23: Close connection
13:04:56.286 [Finalizer] DEBUG karate.org.apache.http.impl.conn.PoolingHttpClientConnectionManager - Connection manager shut down
13:04:56.286 [Finalizer] DEBUG karate.org.apache.http.impl.conn.PoolingHttpClientConnectionManager - Connection manager is shutting down
13:04:56.286 [Finalizer] DEBUG karate.org.apache.http.impl.conn.DefaultManagedHttpClientConnection - http-outgoing-24: Close connection
13:04:56.286 [Finalizer] DEBUG karate.org.apache.http.impl.conn.PoolingHttpClientConnectionManager - Connection manager shut down
13:04:56.299 [main] DEBUG karate.org.thymeleaf.TemplateEngine - [THYMELEAF] INITIALIZING TEMPLATE ENGINE
13:04:56.309 [main] DEBUG karate.org.thymeleaf.TemplateEngine.CONFIG - Initializing Thymeleaf Template engine configuration...
[THYMELEAF] TEMPLATE ENGINE CONFIGURATION:
[THYMELEAF] * Thymeleaf version: 3.0.12.RELEASE (built 2020-12-21T00:26:28+0000)
[THYMELEAF] * Cache Manager implementation: karate.org.thymeleaf.cache.StandardCacheManager
[THYMELEAF] * Template resolvers:
[THYMELEAF]     * [1] com.intuit.karate.template.ResourceHtmlTemplateResolver
[THYMELEAF] * Message resolvers:
[THYMELEAF]     * karate.org.thymeleaf.messageresolver.StandardMessageResolver
[THYMELEAF] * Link builders:
[THYMELEAF]     * karate.org.thymeleaf.linkbuilder.StandardLinkBuilder
[THYMELEAF] * Dialect [1 of 2]: Standard (com.intuit.karate.template.KarateStandardDialect)
[THYMELEAF]     * Prefix: "th"
[THYMELEAF]     * Processors for Template Mode: HTML
[THYMELEAF]         * Element Tag Processors by [matching element and attribute name] [precedence]:
[THYMELEAF]             * [* {th:include,data-th-include}] [100]: karate.org.thymeleaf.standard.processor.StandardIncludeTagProcessor
[THYMELEAF]             * [* {th:insert,data-th-insert}] [100]: karate.org.thymeleaf.standard.processor.StandardInsertTagProcessor
[THYMELEAF]             * [* {th:replace,data-th-replace}] [100]: karate.org.thymeleaf.standard.processor.StandardReplaceTagProcessor
[THYMELEAF]             * [* {th:substituteby,data-th-substituteby}] [100]: karate.org.thymeleaf.standard.processor.StandardSubstituteByTagProcessor
[THYMELEAF]             * [* {th:each,data-th-each}] [200]: com.intuit.karate.template.KarateEachTagProcessor
[THYMELEAF]             * [* {th:switch,data-th-switch}] [250]: karate.org.thymeleaf.standard.processor.StandardSwitchTagProcessor
[THYMELEAF]             * [* {th:case,data-th-case}] [275]: karate.org.thymeleaf.standard.processor.StandardCaseTagProcessor
[THYMELEAF]             * [* {th:if,data-th-if}] [300]: karate.org.thymeleaf.standard.processor.StandardIfTagProcessor
[THYMELEAF]             * [* {th:unless,data-th-unless}] [400]: karate.org.thymeleaf.standard.processor.StandardUnlessTagProcessor
[THYMELEAF]             * [* {th:object,data-th-object}] [500]: karate.org.thymeleaf.standard.processor.StandardObjectTagProcessor
[THYMELEAF]             * [* {th:with,data-th-with}] [600]: com.intuit.karate.template.KarateWithTagProcessor
[THYMELEAF]             * [* {th:attr,data-th-attr}] [700]: com.intuit.karate.template.KarateAttributeTagProcessor.KarateAttrTagProcessor
[THYMELEAF]             * [* {th:attrappend,data-th-attrappend}] [900]: com.intuit.karate.template.KarateAttributeTagProcessor.KarateAttrappendTagProcessor
[THYMELEAF]             * [* {th:attrprepend,data-th-attrprepend}] [900]: com.intuit.karate.template.KarateAttributeTagProcessor.KarateAttrprependTagProcessor
[THYMELEAF]             * [* {th:alt-title,data-th-alt-title}] [990]: karate.org.thymeleaf.standard.processor.StandardAltTitleTagProcessor
[THYMELEAF]             * [* {th:lang-xmllang,data-th-lang-xmllang}] [990]: karate.org.thymeleaf.standard.processor.StandardLangXmlLangTagProcessor
[THYMELEAF]             * [* {th:action,data-th-action}] [1000]: karate.org.thymeleaf.standard.processor.StandardActionTagProcessor
[THYMELEAF]             * [* {th:checked,data-th-checked}] [1000]: karate.org.thymeleaf.standard.processor.StandardConditionalFixedValueTagProcessor
[THYMELEAF]             * [* {th:nowrap,data-th-nowrap}] [1000]: karate.org.thymeleaf.standard.processor.StandardConditionalFixedValueTagProcessor
[THYMELEAF]             * [* {th:required,data-th-required}] [1000]: karate.org.thymeleaf.standard.processor.StandardConditionalFixedValueTagProcessor
[THYMELEAF]             * [* {th:pubdate,data-th-pubdate}] [1000]: karate.org.thymeleaf.standard.processor.StandardConditionalFixedValueTagProcessor
[THYMELEAF]             * [* {th:novalidate,data-th-novalidate}] [1000]: karate.org.thymeleaf.standard.processor.StandardConditionalFixedValueTagProcessor
[THYMELEAF]             * [* {th:autoplay,data-th-autoplay}] [1000]: karate.org.thymeleaf.standard.processor.StandardConditionalFixedValueTagProcessor
[THYMELEAF]             * [* {th:autofocus,data-th-autofocus}] [1000]: karate.org.thymeleaf.standard.processor.StandardConditionalFixedValueTagProcessor
[THYMELEAF]             * [* {th:async,data-th-async}] [1000]: karate.org.thymeleaf.standard.processor.StandardConditionalFixedValueTagProcessor
[THYMELEAF]             * [* {th:ismap,data-th-ismap}] [1000]: karate.org.thymeleaf.standard.processor.StandardConditionalFixedValueTagProcessor
[THYMELEAF]             * [* {th:disabled,data-th-disabled}] [1000]: karate.org.thymeleaf.standard.processor.StandardConditionalFixedValueTagProcessor
[THYMELEAF]             * [* {th:formnovalidate,data-th-formnovalidate}] [1000]: karate.org.thymeleaf.standard.processor.StandardConditionalFixedValueTagProcessor
[THYMELEAF]             * [* {th:reversed,data-th-reversed}] [1000]: karate.org.thymeleaf.standard.processor.StandardConditionalFixedValueTagProcessor
[THYMELEAF]             * [* {th:readonly,data-th-readonly}] [1000]: karate.org.thymeleaf.standard.processor.StandardConditionalFixedValueTagProcessor
[THYMELEAF]             * [* {th:declare,data-th-declare}] [1000]: karate.org.thymeleaf.standard.processor.StandardConditionalFixedValueTagProcessor
[THYMELEAF]             * [* {th:hidden,data-th-hidden}] [1000]: karate.org.thymeleaf.standard.processor.StandardConditionalFixedValueTagProcessor
[THYMELEAF]             * [* {th:controls,data-th-controls}] [1000]: karate.org.thymeleaf.standard.processor.StandardConditionalFixedValueTagProcessor
[THYMELEAF]             * [* {th:loop,data-th-loop}] [1000]: karate.org.thymeleaf.standard.processor.StandardConditionalFixedValueTagProcessor
[THYMELEAF]             * [* {th:selected,data-th-selected}] [1000]: karate.org.thymeleaf.standard.processor.StandardConditionalFixedValueTagProcessor
[THYMELEAF]             * [* {th:default,data-th-default}] [1000]: karate.org.thymeleaf.standard.processor.StandardConditionalFixedValueTagProcessor
[THYMELEAF]             * [* {th:defer,data-th-defer}] [1000]: karate.org.thymeleaf.standard.processor.StandardConditionalFixedValueTagProcessor
[THYMELEAF]             * [* {th:open,data-th-open}] [1000]: karate.org.thymeleaf.standard.processor.StandardConditionalFixedValueTagProcessor
[THYMELEAF]             * [* {th:seamless,data-th-seamless}] [1000]: karate.org.thymeleaf.standard.processor.StandardConditionalFixedValueTagProcessor
[THYMELEAF]             * [* {th:multiple,data-th-multiple}] [1000]: karate.org.thymeleaf.standard.processor.StandardConditionalFixedValueTagProcessor
[THYMELEAF]             * [* {th:scoped,data-th-scoped}] [1000]: karate.org.thymeleaf.standard.processor.StandardConditionalFixedValueTagProcessor
[THYMELEAF]             * [* {th:onpopstate,data-th-onpopstate}] [1000]: karate.org.thymeleaf.standard.processor.StandardDOMEventAttributeTagProcessor
[THYMELEAF]             * [* {th:onerror,data-th-onerror}] [1000]: karate.org.thymeleaf.standard.processor.StandardDOMEventAttributeTagProcessor
[THYMELEAF]             * [* {th:onundo,data-th-onundo}] [1000]: karate.org.thymeleaf.standard.processor.StandardDOMEventAttributeTagProcessor
[THYMELEAF]             * [* {th:onkeyup,data-th-onkeyup}] [1000]: karate.org.thymeleaf.standard.processor.StandardDOMEventAttributeTagProcessor
[THYMELEAF]             * [* {th:onpause,data-th-onpause}] [1000]: karate.org.thymeleaf.standard.processor.StandardDOMEventAttributeTagProcessor
[THYMELEAF]             * [* {th:onseeked,data-th-onseeked}] [1000]: karate.org.thymeleaf.standard.processor.StandardDOMEventAttributeTagProcessor
[THYMELEAF]             * [* {th:onselect,data-th-onselect}] [1000]: karate.org.thymeleaf.standard.processor.StandardDOMEventAttributeTagProcessor
[THYMELEAF]             * [* {th:onemptied,data-th-onemptied}] [1000]: karate.org.thymeleaf.standard.processor.StandardDOMEventAttributeTagProcessor
[THYMELEAF]             * [* {th:ondragend,data-th-ondragend}] [1000]: karate.org.thymeleaf.standard.processor.StandardDOMEventAttributeTagProcessor
[THYMELEAF]             * [* {th:onmousedown,data-th-onmousedown}] [1000]: karate.org.thymeleaf.standard.processor.StandardDOMEventAttributeTagProcessor
[THYMELEAF]             * [* {th:ondrag,data-th-ondrag}] [1000]: karate.org.thymeleaf.standard.processor.StandardDOMEventAttributeTagProcessor
[THYMELEAF]             * [* {th:ondurationchange,data-th-ondurationchange}] [1000]: karate.org.thymeleaf.standard.processor.StandardDOMEventAttributeTagProcessor
[THYMELEAF]             * [* {th:ondrop,data-th-ondrop}] [1000]: karate.org.thymeleaf.standard.processor.StandardDOMEventAttributeTagProcessor
[THYMELEAF]             * [* {th:oninvalid,data-th-oninvalid}] [1000]: karate.org.thymeleaf.standard.processor.StandardDOMEventAttributeTagProcessor
[THYMELEAF]             * [* {th:onloadedmetadata,data-th-onloadedmetadata}] [1000]: karate.org.thymeleaf.standard.processor.StandardDOMEventAttributeTagProcessor
[THYMELEAF]             * [* {th:onvolumechange,data-th-onvolumechange}] [1000]: karate.org.thymeleaf.standard.processor.StandardDOMEventAttributeTagProcessor
[THYMELEAF]             * [* {th:onloadstart,data-th-onloadstart}] [1000]: karate.org.thymeleaf.standard.processor.StandardDOMEventAttributeTagProcessor
[THYMELEAF]             * [* {th:onafterprint,data-th-onafterprint}] [1000]: karate.org.thymeleaf.standard.processor.StandardDOMEventAttributeTagProcessor
[THYMELEAF]             * [* {th:ononline,data-th-ononline}] [1000]: karate.org.thymeleaf.standard.processor.StandardDOMEventAttributeTagProcessor
[THYMELEAF]             * [* {th:onmouseup,data-th-onmouseup}] [1000]: karate.org.thymeleaf.standard.processor.StandardDOMEventAttributeTagProcessor
[THYMELEAF]             * [* {th:ondragleave,data-th-ondragleave}] [1000]: karate.org.thymeleaf.standard.processor.StandardDOMEventAttributeTagProcessor
[THYMELEAF]             * [* {th:ondragover,data-th-ondragover}] [1000]: karate.org.thymeleaf.standard.processor.StandardDOMEventAttributeTagProcessor
[THYMELEAF]             * [* {th:onload,data-th-onload}] [1000]: karate.org.thymeleaf.standard.processor.StandardDOMEventAttributeTagProcessor
[THYMELEAF]             * [* {th:onkeypress,data-th-onkeypress}] [1000]: karate.org.thymeleaf.standard.processor.StandardDOMEventAttributeTagProcessor
[THYMELEAF]             * [* {th:onmouseover,data-th-onmouseover}] [1000]: karate.org.thymeleaf.standard.processor.StandardDOMEventAttributeTagProcessor
[THYMELEAF]             * [* {th:onhashchange,data-th-onhashchange}] [1000]: karate.org.thymeleaf.standard.processor.StandardDOMEventAttributeTagProcessor
[THYMELEAF]             * [* {th:onforminput,data-th-onforminput}] [1000]: karate.org.thymeleaf.standard.processor.StandardDOMEventAttributeTagProcessor
[THYMELEAF]             * [* {th:onresize,data-th-onresize}] [1000]: karate.org.thymeleaf.standard.processor.StandardDOMEventAttributeTagProcessor
[THYMELEAF]             * [* {th:oncanplaythrough,data-th-oncanplaythrough}] [1000]: karate.org.thymeleaf.standard.processor.StandardDOMEventAttributeTagProcessor
[THYMELEAF]             * [* {th:onfocus,data-th-onfocus}] [1000]: karate.org.thymeleaf.standard.processor.StandardDOMEventAttributeTagProcessor
[THYMELEAF]             * [* {th:onchange,data-th-onchange}] [1000]: karate.org.thymeleaf.standard.processor.StandardDOMEventAttributeTagProcessor
[THYMELEAF]             * [* {th:onmouseout,data-th-onmouseout}] [1000]: karate.org.thymeleaf.standard.processor.StandardDOMEventAttributeTagProcessor
[THYMELEAF]             * [* {th:onbeforeprint,data-th-onbeforeprint}] [1000]: karate.org.thymeleaf.standard.processor.StandardDOMEventAttributeTagProcessor
[THYMELEAF]             * [* {th:onclick,data-th-onclick}] [1000]: karate.org.thymeleaf.standard.processor.StandardDOMEventAttributeTagProcessor
[THYMELEAF]             * [* {th:onabort,data-th-onabort}] [1000]: karate.org.thymeleaf.standard.processor.StandardDOMEventAttributeTagProcessor
[THYMELEAF]             * [* {th:ondragstart,data-th-ondragstart}] [1000]: karate.org.thymeleaf.standard.processor.StandardDOMEventAttributeTagProcessor
[THYMELEAF]             * [* {th:onstalled,data-th-onstalled}] [1000]: karate.org.thymeleaf.standard.processor.StandardDOMEventAttributeTagProcessor
[THYMELEAF]             * [* {th:onscroll,data-th-onscroll}] [1000]: karate.org.thymeleaf.standard.processor.StandardDOMEventAttributeTagProcessor
[THYMELEAF]             * [* {th:onbeforeunload,data-th-onbeforeunload}] [1000]: karate.org.thymeleaf.standard.processor.StandardDOMEventAttributeTagProcessor
[THYMELEAF]             * [* {th:oncontextmenu,data-th-oncontextmenu}] [1000]: karate.org.thymeleaf.standard.processor.StandardDOMEventAttributeTagProcessor
[THYMELEAF]             * [* {th:onkeydown,data-th-onkeydown}] [1000]: karate.org.thymeleaf.standard.processor.StandardDOMEventAttributeTagProcessor
[THYMELEAF]             * [* {th:onreset,data-th-onreset}] [1000]: karate.org.thymeleaf.standard.processor.StandardDOMEventAttributeTagProcessor
[THYMELEAF]             * [* {th:onsubmit,data-th-onsubmit}] [1000]: karate.org.thymeleaf.standard.processor.StandardDOMEventAttributeTagProcessor
[THYMELEAF]             * [* {th:onredo,data-th-onredo}] [1000]: karate.org.thymeleaf.standard.processor.StandardDOMEventAttributeTagProcessor
[THYMELEAF]             * [* {th:onunload,data-th-onunload}] [1000]: karate.org.thymeleaf.standard.processor.StandardDOMEventAttributeTagProcessor
[THYMELEAF]             * [* {th:onprogress,data-th-onprogress}] [1000]: karate.org.thymeleaf.standard.processor.StandardDOMEventAttributeTagProcessor
[THYMELEAF]             * [* {th:onplaying,data-th-onplaying}] [1000]: karate.org.thymeleaf.standard.processor.StandardDOMEventAttributeTagProcessor
[THYMELEAF]             * [* {th:onreadystatechange,data-th-onreadystatechange}] [1000]: karate.org.thymeleaf.standard.processor.StandardDOMEventAttributeTagProcessor
[THYMELEAF]             * [* {th:onmousemove,data-th-onmousemove}] [1000]: karate.org.thymeleaf.standard.processor.StandardDOMEventAttributeTagProcessor
[THYMELEAF]             * [* {th:ondragenter,data-th-ondragenter}] [1000]: karate.org.thymeleaf.standard.processor.StandardDOMEventAttributeTagProcessor
[THYMELEAF]             * [* {th:onformchange,data-th-onformchange}] [1000]: karate.org.thymeleaf.standard.processor.StandardDOMEventAttributeTagProcessor
[THYMELEAF]             * [* {th:onwaiting,data-th-onwaiting}] [1000]: karate.org.thymeleaf.standard.processor.StandardDOMEventAttributeTagProcessor
[THYMELEAF]             * [* {th:ondblclick,data-th-ondblclick}] [1000]: karate.org.thymeleaf.standard.processor.StandardDOMEventAttributeTagProcessor
[THYMELEAF]             * [* {th:onended,data-th-onended}] [1000]: karate.org.thymeleaf.standard.processor.StandardDOMEventAttributeTagProcessor
[THYMELEAF]             * [* {th:onoffline,data-th-onoffline}] [1000]: karate.org.thymeleaf.standard.processor.StandardDOMEventAttributeTagProcessor
[THYMELEAF]             * [* {th:onratechange,data-th-onratechange}] [1000]: karate.org.thymeleaf.standard.processor.StandardDOMEventAttributeTagProcessor
[THYMELEAF]             * [* {th:onstorage,data-th-onstorage}] [1000]: karate.org.thymeleaf.standard.processor.StandardDOMEventAttributeTagProcessor
[THYMELEAF]             * [* {th:ontimeupdate,data-th-ontimeupdate}] [1000]: karate.org.thymeleaf.standard.processor.StandardDOMEventAttributeTagProcessor
[THYMELEAF]             * [* {th:onplay,data-th-onplay}] [1000]: karate.org.thymeleaf.standard.processor.StandardDOMEventAttributeTagProcessor
[THYMELEAF]             * [* {th:oninput,data-th-oninput}] [1000]: karate.org.thymeleaf.standard.processor.StandardDOMEventAttributeTagProcessor
[THYMELEAF]             * [* {th:onmousewheel,data-th-onmousewheel}] [1000]: karate.org.thymeleaf.standard.processor.StandardDOMEventAttributeTagProcessor
[THYMELEAF]             * [* {th:onshow,data-th-onshow}] [1000]: karate.org.thymeleaf.standard.processor.StandardDOMEventAttributeTagProcessor
[THYMELEAF]             * [* {th:onsuspend,data-th-onsuspend}] [1000]: karate.org.thymeleaf.standard.processor.StandardDOMEventAttributeTagProcessor
[THYMELEAF]             * [* {th:onloadeddata,data-th-onloadeddata}] [1000]: karate.org.thymeleaf.standard.processor.StandardDOMEventAttributeTagProcessor
[THYMELEAF]             * [* {th:onseeking,data-th-onseeking}] [1000]: karate.org.thymeleaf.standard.processor.StandardDOMEventAttributeTagProcessor
[THYMELEAF]             * [* {th:onmessage,data-th-onmessage}] [1000]: karate.org.thymeleaf.standard.processor.StandardDOMEventAttributeTagProcessor
[THYMELEAF]             * [* {th:oncanplay,data-th-oncanplay}] [1000]: karate.org.thymeleaf.standard.processor.StandardDOMEventAttributeTagProcessor
[THYMELEAF]             * [* {th:onblur,data-th-onblur}] [1000]: karate.org.thymeleaf.standard.processor.StandardDOMEventAttributeTagProcessor
[THYMELEAF]             * [* {th:href,data-th-href}] [1000]: karate.org.thymeleaf.standard.processor.StandardHrefTagProcessor
[THYMELEAF]             * [* {th:inline,data-th-inline}] [1000]: karate.org.thymeleaf.standard.processor.StandardInlineHTMLTagProcessor
[THYMELEAF]             * [* {th:method,data-th-method}] [1000]: karate.org.thymeleaf.standard.processor.StandardMethodTagProcessor
[THYMELEAF]             * [* {th:type,data-th-type}] [1000]: karate.org.thymeleaf.standard.processor.StandardNonRemovableAttributeTagProcessor
[THYMELEAF]             * [* {th:name,data-th-name}] [1000]: karate.org.thymeleaf.standard.processor.StandardNonRemovableAttributeTagProcessor
[THYMELEAF]             * [* {th:border,data-th-border}] [1000]: karate.org.thymeleaf.standard.processor.StandardRemovableAttributeTagProcessor
[THYMELEAF]             * [* {th:srclang,data-th-srclang}] [1000]: karate.org.thymeleaf.standard.processor.StandardRemovableAttributeTagProcessor
[THYMELEAF]             * [* {th:height,data-th-height}] [1000]: karate.org.thymeleaf.standard.processor.StandardRemovableAttributeTagProcessor
[THYMELEAF]             * [* {th:high,data-th-high}] [1000]: karate.org.thymeleaf.standard.processor.StandardRemovableAttributeTagProcessor
[THYMELEAF]             * [* {th:icon,data-th-icon}] [1000]: karate.org.thymeleaf.standard.processor.StandardRemovableAttributeTagProcessor
[THYMELEAF]             * [* {th:manifest,data-th-manifest}] [1000]: karate.org.thymeleaf.standard.processor.StandardRemovableAttributeTagProcessor
[THYMELEAF]             * [* {th:hreflang,data-th-hreflang}] [1000]: karate.org.thymeleaf.standard.processor.StandardRemovableAttributeTagProcessor
[THYMELEAF]             * [* {th:usemap,data-th-usemap}] [1000]: karate.org.thymeleaf.standard.processor.StandardRemovableAttributeTagProcessor
[THYMELEAF]             * [* {th:rel,data-th-rel}] [1000]: karate.org.thymeleaf.standard.processor.StandardRemovableAttributeTagProcessor
[THYMELEAF]             * [* {th:summary,data-th-summary}] [1000]: karate.org.thymeleaf.standard.processor.StandardRemovableAttributeTagProcessor
[THYMELEAF]             * [* {th:rows,data-th-rows}] [1000]: karate.org.thymeleaf.standard.processor.StandardRemovableAttributeTagProcessor
[THYMELEAF]             * [* {th:rowspan,data-th-rowspan}] [1000]: karate.org.thymeleaf.standard.processor.StandardRemovableAttributeTagProcessor
[THYMELEAF]             * [* {th:target,data-th-target}] [1000]: karate.org.thymeleaf.standard.processor.StandardRemovableAttributeTagProcessor
[THYMELEAF]             * [* {th:formaction,data-th-formaction}] [1000]: karate.org.thymeleaf.standard.processor.StandardRemovableAttributeTagProcessor
[THYMELEAF]             * [* {th:pattern,data-th-pattern}] [1000]: karate.org.thymeleaf.standard.processor.StandardRemovableAttributeTagProcessor
[THYMELEAF]             * [* {th:poster,data-th-poster}] [1000]: karate.org.thymeleaf.standard.processor.StandardRemovableAttributeTagProcessor
[THYMELEAF]             * [* {th:width,data-th-width}] [1000]: karate.org.thymeleaf.standard.processor.StandardRemovableAttributeTagProcessor
[THYMELEAF]             * [* {th:scrolling,data-th-scrolling}] [1000]: karate.org.thymeleaf.standard.processor.StandardRemovableAttributeTagProcessor
[THYMELEAF]             * [* {th:kind,data-th-kind}] [1000]: karate.org.thymeleaf.standard.processor.StandardRemovableAttributeTagProcessor
[THYMELEAF]             * [* {th:colspan,data-th-colspan}] [1000]: karate.org.thymeleaf.standard.processor.StandardRemovableAttributeTagProcessor
[THYMELEAF]             * [* {th:vspace,data-th-vspace}] [1000]: karate.org.thymeleaf.standard.processor.StandardRemovableAttributeTagProcessor
[THYMELEAF]             * [* {th:contextmenu,data-th-contextmenu}] [1000]: karate.org.thymeleaf.standard.processor.StandardRemovableAttributeTagProcessor
[THYMELEAF]             * [* {th:compact,data-th-compact}] [1000]: karate.org.thymeleaf.standard.processor.StandardRemovableAttributeTagProcessor
[THYMELEAF]             * [* {th:dropzone,data-th-dropzone}] [1000]: karate.org.thymeleaf.standard.processor.StandardRemovableAttributeTagProcessor
[THYMELEAF]             * [* {th:http-equiv,data-th-http-equiv}] [1000]: karate.org.thymeleaf.standard.processor.StandardRemovableAttributeTagProcessor
[THYMELEAF]             * [* {th:title,data-th-title}] [1000]: karate.org.thymeleaf.standard.processor.StandardRemovableAttributeTagProcessor
[THYMELEAF]             * [* {th:media,data-th-media}] [1000]: karate.org.thymeleaf.standard.processor.StandardRemovableAttributeTagProcessor
[THYMELEAF]             * [* {th:for,data-th-for}] [1000]: karate.org.thymeleaf.standard.processor.StandardRemovableAttributeTagProcessor
[THYMELEAF]             * [* {th:accept-charset,data-th-accept-charset}] [1000]: karate.org.thymeleaf.standard.processor.StandardRemovableAttributeTagProcessor
[THYMELEAF]             * [* {th:span,data-th-span}] [1000]: karate.org.thymeleaf.standard.processor.StandardRemovableAttributeTagProcessor
[THYMELEAF]             * [* {th:accept,data-th-accept}] [1000]: karate.org.thymeleaf.standard.processor.StandardRemovableAttributeTagProcessor
[THYMELEAF]             * [* {th:axis,data-th-axis}] [1000]: karate.org.thymeleaf.standard.processor.StandardRemovableAttributeTagProcessor
[THYMELEAF]             * [* {th:sandbox,data-th-sandbox}] [1000]: karate.org.thymeleaf.standard.processor.StandardRemovableAttributeTagProcessor
[THYMELEAF]             * [* {th:cite,data-th-cite}] [1000]: karate.org.thymeleaf.standard.processor.StandardRemovableAttributeTagProcessor
[THYMELEAF]             * [* {th:autocomplete,data-th-autocomplete}] [1000]: karate.org.thymeleaf.standard.processor.StandardRemovableAttributeTagProcessor
[THYMELEAF]             * [* {th:archive,data-th-archive}] [1000]: karate.org.thymeleaf.standard.processor.StandardRemovableAttributeTagProcessor
[THYMELEAF]             * [* {th:valuetype,data-th-valuetype}] [1000]: karate.org.thymeleaf.standard.processor.StandardRemovableAttributeTagProcessor
[THYMELEAF]             * [* {th:dir,data-th-dir}] [1000]: karate.org.thymeleaf.standard.processor.StandardRemovableAttributeTagProcessor
[THYMELEAF]             * [* {th:hspace,data-th-hspace}] [1000]: karate.org.thymeleaf.standard.processor.StandardRemovableAttributeTagProcessor
[THYMELEAF]             * [* {th:enctype,data-th-enctype}] [1000]: karate.org.thymeleaf.standard.processor.StandardRemovableAttributeTagProcessor
[THYMELEAF]             * [* {th:accesskey,data-th-accesskey}] [1000]: karate.org.thymeleaf.standard.processor.StandardRemovableAttributeTagProcessor
[THYMELEAF]             * [* {th:longdesc,data-th-longdesc}] [1000]: karate.org.thymeleaf.standard.processor.StandardRemovableAttributeTagProcessor
[THYMELEAF]             * [* {th:scope,data-th-scope}] [1000]: karate.org.thymeleaf.standard.processor.StandardRemovableAttributeTagProcessor
[THYMELEAF]             * [* {th:headers,data-th-headers}] [1000]: karate.org.thymeleaf.standard.processor.StandardRemovableAttributeTagProcessor
[THYMELEAF]             * [* {th:frame,data-th-frame}] [1000]: karate.org.thymeleaf.standard.processor.StandardRemovableAttributeTagProcessor
[THYMELEAF]             * [* {th:standby,data-th-standby}] [1000]: karate.org.thymeleaf.standard.processor.StandardRemovableAttributeTagProcessor
[THYMELEAF]             * [* {th:contenteditable,data-th-contenteditable}] [1000]: karate.org.thymeleaf.standard.processor.StandardRemovableAttributeTagProcessor
[THYMELEAF]             * [* {th:formtarget,data-th-formtarget}] [1000]: karate.org.thymeleaf.standard.processor.StandardRemovableAttributeTagProcessor
[THYMELEAF]             * [* {th:scheme,data-th-scheme}] [1000]: karate.org.thymeleaf.standard.processor.StandardRemovableAttributeTagProcessor
[THYMELEAF]             * [* {th:rev,data-th-rev}] [1000]: karate.org.thymeleaf.standard.processor.StandardRemovableAttributeTagProcessor
[THYMELEAF]             * [* {th:start,data-th-start}] [1000]: karate.org.thymeleaf.standard.processor.StandardRemovableAttributeTagProcessor
[THYMELEAF]             * [* {th:bgcolor,data-th-bgcolor}] [1000]: karate.org.thymeleaf.standard.processor.StandardRemovableAttributeTagProcessor
[THYMELEAF]             * [* {th:form,data-th-form}] [1000]: karate.org.thymeleaf.standard.processor.StandardRemovableAttributeTagProcessor
[THYMELEAF]             * [* {th:lang,data-th-lang}] [1000]: karate.org.thymeleaf.standard.processor.StandardRemovableAttributeTagProcessor
[THYMELEAF]             * [* {th:formmethod,data-th-formmethod}] [1000]: karate.org.thymeleaf.standard.processor.StandardRemovableAttributeTagProcessor
[THYMELEAF]             * [* {th:preload,data-th-preload}] [1000]: karate.org.thymeleaf.standard.processor.StandardRemovableAttributeTagProcessor
[THYMELEAF]             * [* {th:class,data-th-class}] [1000]: karate.org.thymeleaf.standard.processor.StandardRemovableAttributeTagProcessor
[THYMELEAF]             * [* {th:label,data-th-label}] [1000]: karate.org.thymeleaf.standard.processor.StandardRemovableAttributeTagProcessor
[THYMELEAF]             * [* {th:frameborder,data-th-frameborder}] [1000]: karate.org.thymeleaf.standard.processor.StandardRemovableAttributeTagProcessor
[THYMELEAF]             * [* {th:abbr,data-th-abbr}] [1000]: karate.org.thymeleaf.standard.processor.StandardRemovableAttributeTagProcessor
[THYMELEAF]             * [* {th:challenge,data-th-challenge}] [1000]: karate.org.thymeleaf.standard.processor.StandardRemovableAttributeTagProcessor
[THYMELEAF]             * [* {th:formenctype,data-th-formenctype}] [1000]: karate.org.thymeleaf.standard.processor.StandardRemovableAttributeTagProcessor
[THYMELEAF]             * [* {th:max,data-th-max}] [1000]: karate.org.thymeleaf.standard.processor.StandardRemovableAttributeTagProcessor
[THYMELEAF]             * [* {th:data,data-th-data}] [1000]: karate.org.thymeleaf.standard.processor.StandardRemovableAttributeTagProcessor
[THYMELEAF]             * [* {th:style,data-th-style}] [1000]: karate.org.thymeleaf.standard.processor.StandardRemovableAttributeTagProcessor
[THYMELEAF]             * [* {th:cellspacing,data-th-cellspacing}] [1000]: karate.org.thymeleaf.standard.processor.StandardRemovableAttributeTagProcessor
[THYMELEAF]             * [* {th:marginwidth,data-th-marginwidth}] [1000]: karate.org.thymeleaf.standard.processor.StandardRemovableAttributeTagProcessor
[THYMELEAF]             * [* {th:placeholder,data-th-placeholder}] [1000]: karate.org.thymeleaf.standard.processor.StandardRemovableAttributeTagProcessor
[THYMELEAF]             * [* {th:min,data-th-min}] [1000]: karate.org.thymeleaf.standard.processor.StandardRemovableAttributeTagProcessor
[THYMELEAF]             * [* {th:audio,data-th-audio}] [1000]: karate.org.thymeleaf.standard.processor.StandardRemovableAttributeTagProcessor
[THYMELEAF]             * [* {th:optimum,data-th-optimum}] [1000]: karate.org.thymeleaf.standard.processor.StandardRemovableAttributeTagProcessor
[THYMELEAF]             * [* {th:draggable,data-th-draggable}] [1000]: karate.org.thymeleaf.standard.processor.StandardRemovableAttributeTagProcessor
[THYMELEAF]             * [* {th:list,data-th-list}] [1000]: karate.org.thymeleaf.standard.processor.StandardRemovableAttributeTagProcessor
[THYMELEAF]             * [* {th:codetype,data-th-codetype}] [1000]: karate.org.thymeleaf.standard.processor.StandardRemovableAttributeTagProcessor
[THYMELEAF]             * [* {th:classid,data-th-classid}] [1000]: karate.org.thymeleaf.standard.processor.StandardRemovableAttributeTagProcessor
[THYMELEAF]             * [* {th:id,data-th-id}] [1000]: karate.org.thymeleaf.standard.processor.StandardRemovableAttributeTagProcessor
[THYMELEAF]             * [* {th:tabindex,data-th-tabindex}] [1000]: karate.org.thymeleaf.standard.processor.StandardRemovableAttributeTagProcessor
[THYMELEAF]             * [* {th:size,data-th-size}] [1000]: karate.org.thymeleaf.standard.processor.StandardRemovableAttributeTagProcessor
[THYMELEAF]             * [* {th:low,data-th-low}] [1000]: karate.org.thymeleaf.standard.processor.StandardRemovableAttributeTagProcessor
[THYMELEAF]             * [* {th:cols,data-th-cols}] [1000]: karate.org.thymeleaf.standard.processor.StandardRemovableAttributeTagProcessor
[THYMELEAF]             * [* {th:alt,data-th-alt}] [1000]: karate.org.thymeleaf.standard.processor.StandardRemovableAttributeTagProcessor
[THYMELEAF]             * [* {th:marginheight,data-th-marginheight}] [1000]: karate.org.thymeleaf.standard.processor.StandardRemovableAttributeTagProcessor
[THYMELEAF]             * [* {th:datetime,data-th-datetime}] [1000]: karate.org.thymeleaf.standard.processor.StandardRemovableAttributeTagProcessor
[THYMELEAF]             * [* {th:cellpadding,data-th-cellpadding}] [1000]: karate.org.thymeleaf.standard.processor.StandardRemovableAttributeTagProcessor
[THYMELEAF]             * [* {th:charset,data-th-charset}] [1000]: karate.org.thymeleaf.standard.processor.StandardRemovableAttributeTagProcessor
[THYMELEAF]             * [* {th:maxlength,data-th-maxlength}] [1000]: karate.org.thymeleaf.standard.processor.StandardRemovableAttributeTagProcessor
[THYMELEAF]             * [* {th:codebase,data-th-codebase}] [1000]: karate.org.thymeleaf.standard.processor.StandardRemovableAttributeTagProcessor
[THYMELEAF]             * [* {th:step,data-th-step}] [1000]: karate.org.thymeleaf.standard.processor.StandardRemovableAttributeTagProcessor
[THYMELEAF]             * [* {th:radiogroup,data-th-radiogroup}] [1000]: karate.org.thymeleaf.standard.processor.StandardRemovableAttributeTagProcessor
[THYMELEAF]             * [* {th:wrap,data-th-wrap}] [1000]: karate.org.thymeleaf.standard.processor.StandardRemovableAttributeTagProcessor
[THYMELEAF]             * [* {th:align,data-th-align}] [1000]: karate.org.thymeleaf.standard.processor.StandardRemovableAttributeTagProcessor
[THYMELEAF]             * [* {th:spellcheck,data-th-spellcheck}] [1000]: karate.org.thymeleaf.standard.processor.StandardRemovableAttributeTagProcessor
[THYMELEAF]             * [* {th:sizes,data-th-sizes}] [1000]: karate.org.thymeleaf.standard.processor.StandardRemovableAttributeTagProcessor
[THYMELEAF]             * [* {th:rules,data-th-rules}] [1000]: karate.org.thymeleaf.standard.processor.StandardRemovableAttributeTagProcessor
[THYMELEAF]             * [* {th:content,data-th-content}] [1000]: karate.org.thymeleaf.standard.processor.StandardRemovableAttributeTagProcessor
[THYMELEAF]             * [* {th:background,data-th-background}] [1000]: karate.org.thymeleaf.standard.processor.StandardRemovableAttributeTagProcessor
[THYMELEAF]             * [* {th:keytype,data-th-keytype}] [1000]: karate.org.thymeleaf.standard.processor.StandardRemovableAttributeTagProcessor
[THYMELEAF]             * [* {th:src,data-th-src}] [1000]: karate.org.thymeleaf.standard.processor.StandardSrcTagProcessor
[THYMELEAF]             * [* {th:value,data-th-value}] [1000]: karate.org.thymeleaf.standard.processor.StandardValueTagProcessor
[THYMELEAF]             * [* {th:xmlbase,data-th-xmlbase}] [1000]: karate.org.thymeleaf.standard.processor.StandardXmlBaseTagProcessor
[THYMELEAF]             * [* {th:xmllang,data-th-xmllang}] [1000]: karate.org.thymeleaf.standard.processor.StandardXmlLangTagProcessor
[THYMELEAF]             * [* {xmlns:th}] [1000]: karate.org.thymeleaf.standard.processor.StandardXmlNsTagProcessor
[THYMELEAF]             * [* {th:xmlspace,data-th-xmlspace}] [1000]: karate.org.thymeleaf.standard.processor.StandardXmlSpaceTagProcessor
[THYMELEAF]             * [* {th:classappend,data-th-classappend}] [1100]: karate.org.thymeleaf.standard.processor.StandardClassappendTagProcessor
[THYMELEAF]             * [* {th:styleappend,data-th-styleappend}] [1100]: karate.org.thymeleaf.standard.processor.StandardStyleappendTagProcessor
[THYMELEAF]             * [* {th:text,data-th-text}] [1300]: karate.org.thymeleaf.standard.processor.StandardTextTagProcessor
[THYMELEAF]             * [* {th:utext,data-th-utext}] [1400]: karate.org.thymeleaf.standard.processor.StandardUtextTagProcessor
[THYMELEAF]             * [* {th:fragment,data-th-fragment}] [1500]: karate.org.thymeleaf.standard.processor.StandardFragmentTagProcessor
[THYMELEAF]             * [* {th:assert,data-th-assert}] [1550]: karate.org.thymeleaf.standard.processor.StandardAssertTagProcessor
[THYMELEAF]             * [* {th:remove,data-th-remove}] [1600]: karate.org.thymeleaf.standard.processor.StandardRemoveTagProcessor
[THYMELEAF]             * [* {th:ref,data-th-ref}] [10000]: karate.org.thymeleaf.standard.processor.StandardRefAttributeTagProcessor
[THYMELEAF]             * [{th:block,th-block} *] [100000]: karate.org.thymeleaf.standard.processor.StandardBlockTagProcessor
[THYMELEAF]             * [* th:*] [2147483647]: karate.org.thymeleaf.standard.processor.StandardDefaultAttributesTagProcessor
[THYMELEAF]         * Text Processors by [precedence]:
[THYMELEAF]             * [1000]: karate.org.thymeleaf.standard.processor.StandardInliningTextProcessor
[THYMELEAF]         * DOCTYPE Processors by [precedence]:
[THYMELEAF]             * [1000]: karate.org.thymeleaf.standard.processor.StandardTranslationDocTypeProcessor
[THYMELEAF]         * CDATA Section Processors by [precedence]:
[THYMELEAF]             * [1000]: karate.org.thymeleaf.standard.processor.StandardInliningCDATASectionProcessor
[THYMELEAF]         * Comment Processors by [precedence]:
[THYMELEAF]             * [1000]: karate.org.thymeleaf.standard.processor.StandardInliningCommentProcessor
[THYMELEAF]             * [1100]: karate.org.thymeleaf.standard.processor.StandardConditionalCommentProcessor
[THYMELEAF]     * Processors for Template Mode: XML
[THYMELEAF]         * Element Tag Processors by [matching element and attribute name] [precedence]:
[THYMELEAF]             * [* {th:include}] [100]: karate.org.thymeleaf.standard.processor.StandardIncludeTagProcessor
[THYMELEAF]             * [* {th:insert}] [100]: karate.org.thymeleaf.standard.processor.StandardInsertTagProcessor
[THYMELEAF]             * [* {th:replace}] [100]: karate.org.thymeleaf.standard.processor.StandardReplaceTagProcessor
[THYMELEAF]             * [* {th:substituteby}] [100]: karate.org.thymeleaf.standard.processor.StandardSubstituteByTagProcessor
[THYMELEAF]             * [* {th:each}] [200]: com.intuit.karate.template.KarateEachTagProcessor
[THYMELEAF]             * [* {th:switch}] [250]: karate.org.thymeleaf.standard.processor.StandardSwitchTagProcessor
[THYMELEAF]             * [* {th:case}] [275]: karate.org.thymeleaf.standard.processor.StandardCaseTagProcessor
[THYMELEAF]             * [* {th:if}] [300]: karate.org.thymeleaf.standard.processor.StandardIfTagProcessor
[THYMELEAF]             * [* {th:unless}] [400]: karate.org.thymeleaf.standard.processor.StandardUnlessTagProcessor
[THYMELEAF]             * [* {th:object}] [500]: karate.org.thymeleaf.standard.processor.StandardObjectTagProcessor
[THYMELEAF]             * [* {th:with}] [600]: com.intuit.karate.template.KarateWithTagProcessor
[THYMELEAF]             * [* {th:attr}] [700]: com.intuit.karate.template.KarateAttributeTagProcessor.KarateAttrTagProcessor
[THYMELEAF]             * [* {th:attrappend}] [900]: com.intuit.karate.template.KarateAttributeTagProcessor.KarateAttrappendTagProcessor
[THYMELEAF]             * [* {th:attrprepend}] [900]: com.intuit.karate.template.KarateAttributeTagProcessor.KarateAttrprependTagProcessor
[THYMELEAF]             * [* {th:inline}] [1000]: karate.org.thymeleaf.standard.processor.StandardInlineXMLTagProcessor
[THYMELEAF]             * [* {xmlns:th}] [1000]: karate.org.thymeleaf.standard.processor.StandardXmlNsTagProcessor
[THYMELEAF]             * [* {th:text}] [1300]: karate.org.thymeleaf.standard.processor.StandardTextTagProcessor
[THYMELEAF]             * [* {th:utext}] [1400]: karate.org.thymeleaf.standard.processor.StandardUtextTagProcessor
[THYMELEAF]             * [* {th:fragment}] [1500]: karate.org.thymeleaf.standard.processor.StandardFragmentTagProcessor
[THYMELEAF]             * [* {th:assert}] [1550]: karate.org.thymeleaf.standard.processor.StandardAssertTagProcessor
[THYMELEAF]             * [* {th:remove}] [1600]: karate.org.thymeleaf.standard.processor.StandardRemoveTagProcessor
[THYMELEAF]             * [* {th:ref}] [10000]: karate.org.thymeleaf.standard.processor.StandardRefAttributeTagProcessor
[THYMELEAF]             * [{th:block} *] [100000]: karate.org.thymeleaf.standard.processor.StandardBlockTagProcessor
[THYMELEAF]             * [* th:*] [2147483647]: karate.org.thymeleaf.standard.processor.StandardDefaultAttributesTagProcessor
[THYMELEAF]         * Text Processors by [precedence]:
[THYMELEAF]             * [1000]: karate.org.thymeleaf.standard.processor.StandardInliningTextProcessor
[THYMELEAF]         * CDATA Section Processors by [precedence]:
[THYMELEAF]             * [1000]: karate.org.thymeleaf.standard.processor.StandardInliningCDATASectionProcessor
[THYMELEAF]         * Comment Processors by [precedence]:
[THYMELEAF]             * [1000]: karate.org.thymeleaf.standard.processor.StandardInliningCommentProcessor
[THYMELEAF]     * Processors for Template Mode: TEXT
[THYMELEAF]         * Element Tag Processors by [matching element and attribute name] [precedence]:
[THYMELEAF]             * [* {th:insert}] [100]: karate.org.thymeleaf.standard.processor.StandardInsertTagProcessor
[THYMELEAF]             * [* {th:replace}] [100]: karate.org.thymeleaf.standard.processor.StandardReplaceTagProcessor
[THYMELEAF]             * [* {th:each}] [200]: com.intuit.karate.template.KarateEachTagProcessor
[THYMELEAF]             * [* {th:switch}] [250]: karate.org.thymeleaf.standard.processor.StandardSwitchTagProcessor
[THYMELEAF]             * [* {th:case}] [275]: karate.org.thymeleaf.standard.processor.StandardCaseTagProcessor
[THYMELEAF]             * [* {th:if}] [300]: karate.org.thymeleaf.standard.processor.StandardIfTagProcessor
[THYMELEAF]             * [* {th:unless}] [400]: karate.org.thymeleaf.standard.processor.StandardUnlessTagProcessor
[THYMELEAF]             * [* {th:object}] [500]: karate.org.thymeleaf.standard.processor.StandardObjectTagProcessor
[THYMELEAF]             * [* {th:with}] [600]: com.intuit.karate.template.KarateWithTagProcessor
[THYMELEAF]             * [* {th:inline}] [1000]: karate.org.thymeleaf.standard.processor.StandardInlineTextualTagProcessor
[THYMELEAF]             * [* {th:text}] [1300]: karate.org.thymeleaf.standard.processor.StandardTextTagProcessor
[THYMELEAF]             * [* {th:utext}] [1400]: karate.org.thymeleaf.standard.processor.StandardUtextTagProcessor
[THYMELEAF]             * [* {th:assert}] [1550]: karate.org.thymeleaf.standard.processor.StandardAssertTagProcessor
[THYMELEAF]             * [* {th:remove}] [1600]: karate.org.thymeleaf.standard.processor.StandardRemoveTagProcessor
[THYMELEAF]             * [* 100000] [karate.org.thymeleaf.standard.processor.StandardBlockTagProcessor]: {}
[THYMELEAF]             * [{th:block} *] [100000]: karate.org.thymeleaf.standard.processor.StandardBlockTagProcessor
[THYMELEAF]         * Text Processors by [precedence]:
[THYMELEAF]             * [1000]: karate.org.thymeleaf.standard.processor.StandardInliningTextProcessor
[THYMELEAF]     * Processors for Template Mode: JAVASCRIPT
[THYMELEAF]         * Element Tag Processors by [matching element and attribute name] [precedence]:
[THYMELEAF]             * [* {th:insert}] [100]: karate.org.thymeleaf.standard.processor.StandardInsertTagProcessor
[THYMELEAF]             * [* {th:replace}] [100]: karate.org.thymeleaf.standard.processor.StandardReplaceTagProcessor
[THYMELEAF]             * [* {th:each}] [200]: com.intuit.karate.template.KarateEachTagProcessor
[THYMELEAF]             * [* {th:switch}] [250]: karate.org.thymeleaf.standard.processor.StandardSwitchTagProcessor
[THYMELEAF]             * [* {th:case}] [275]: karate.org.thymeleaf.standard.processor.StandardCaseTagProcessor
[THYMELEAF]             * [* {th:if}] [300]: karate.org.thymeleaf.standard.processor.StandardIfTagProcessor
[THYMELEAF]             * [* {th:unless}] [400]: karate.org.thymeleaf.standard.processor.StandardUnlessTagProcessor
[THYMELEAF]             * [* {th:object}] [500]: karate.org.thymeleaf.standard.processor.StandardObjectTagProcessor
[THYMELEAF]             * [* {th:with}] [600]: com.intuit.karate.template.KarateWithTagProcessor
[THYMELEAF]             * [* {th:inline}] [1000]: karate.org.thymeleaf.standard.processor.StandardInlineTextualTagProcessor
[THYMELEAF]             * [* {th:text}] [1300]: karate.org.thymeleaf.standard.processor.StandardTextTagProcessor
[THYMELEAF]             * [* {th:utext}] [1400]: karate.org.thymeleaf.standard.processor.StandardUtextTagProcessor
[THYMELEAF]             * [* {th:assert}] [1550]: karate.org.thymeleaf.standard.processor.StandardAssertTagProcessor
[THYMELEAF]             * [* {th:remove}] [1600]: karate.org.thymeleaf.standard.processor.StandardRemoveTagProcessor
[THYMELEAF]             * [* 100000] [karate.org.thymeleaf.standard.processor.StandardBlockTagProcessor]: {}
[THYMELEAF]             * [{th:block} *] [100000]: karate.org.thymeleaf.standard.processor.StandardBlockTagProcessor
[THYMELEAF]         * Text Processors by [precedence]:
[THYMELEAF]             * [1000]: karate.org.thymeleaf.standard.processor.StandardInliningTextProcessor
[THYMELEAF]     * Processors for Template Mode: CSS
[THYMELEAF]         * Element Tag Processors by [matching element and attribute name] [precedence]:
[THYMELEAF]             * [* {th:insert}] [100]: karate.org.thymeleaf.standard.processor.StandardInsertTagProcessor
[THYMELEAF]             * [* {th:replace}] [100]: karate.org.thymeleaf.standard.processor.StandardReplaceTagProcessor
[THYMELEAF]             * [* {th:each}] [200]: com.intuit.karate.template.KarateEachTagProcessor
[THYMELEAF]             * [* {th:switch}] [250]: karate.org.thymeleaf.standard.processor.StandardSwitchTagProcessor
[THYMELEAF]             * [* {th:case}] [275]: karate.org.thymeleaf.standard.processor.StandardCaseTagProcessor
[THYMELEAF]             * [* {th:if}] [300]: karate.org.thymeleaf.standard.processor.StandardIfTagProcessor
[THYMELEAF]             * [* {th:unless}] [400]: karate.org.thymeleaf.standard.processor.StandardUnlessTagProcessor
[THYMELEAF]             * [* {th:object}] [500]: karate.org.thymeleaf.standard.processor.StandardObjectTagProcessor
[THYMELEAF]             * [* {th:with}] [600]: com.intuit.karate.template.KarateWithTagProcessor
[THYMELEAF]             * [* {th:inline}] [1000]: karate.org.thymeleaf.standard.processor.StandardInlineTextualTagProcessor
[THYMELEAF]             * [* {th:text}] [1300]: karate.org.thymeleaf.standard.processor.StandardTextTagProcessor
[THYMELEAF]             * [* {th:utext}] [1400]: karate.org.thymeleaf.standard.processor.StandardUtextTagProcessor
[THYMELEAF]             * [* {th:assert}] [1550]: karate.org.thymeleaf.standard.processor.StandardAssertTagProcessor
[THYMELEAF]             * [* {th:remove}] [1600]: karate.org.thymeleaf.standard.processor.StandardRemoveTagProcessor
[THYMELEAF]             * [{th:block} *] [100000]: karate.org.thymeleaf.standard.processor.StandardBlockTagProcessor
[THYMELEAF]             * [* 100000] [karate.org.thymeleaf.standard.processor.StandardBlockTagProcessor]: {}
[THYMELEAF]         * Text Processors by [precedence]:
[THYMELEAF]             * [1000]: karate.org.thymeleaf.standard.processor.StandardInliningTextProcessor
[THYMELEAF]     * Expression Objects:
[THYMELEAF]         * #ctx
[THYMELEAF]         * #root
[THYMELEAF]         * #vars
[THYMELEAF]         * #object
[THYMELEAF]         * #locale
[THYMELEAF]         * #request
[THYMELEAF]         * #response
[THYMELEAF]         * #session
[THYMELEAF]         * #servletContext
[THYMELEAF]         * #conversions
[THYMELEAF]         * #uris
[THYMELEAF]         * #calendars
[THYMELEAF]         * #dates
[THYMELEAF]         * #bools
[THYMELEAF]         * #numbers
[THYMELEAF]         * #objects
[THYMELEAF]         * #strings
[THYMELEAF]         * #arrays
[THYMELEAF]         * #lists
[THYMELEAF]         * #sets
[THYMELEAF]         * #maps
[THYMELEAF]         * #aggregates
[THYMELEAF]         * #messages
[THYMELEAF]         * #ids
[THYMELEAF]         * #execInfo
[THYMELEAF]         * #httpServletRequest
[THYMELEAF]         * #httpSession
[THYMELEAF]     * Execution Attributes:
[THYMELEAF]         * "StandardExpressionParser": com.intuit.karate.template.KarateStandardDialect@7a7f9d45
[THYMELEAF]         * "StandardJavaScriptSerializer": karate.org.thymeleaf.standard.serializer.StandardJavaScriptSerializer@2b62475a
[THYMELEAF]         * "StandardCSSSerializer": karate.org.thymeleaf.standard.serializer.StandardCSSSerializer@4990b335
[THYMELEAF]         * "StandardVariableExpressionEvaluator": com.intuit.karate.template.KarateStandardDialect@7a7f9d45
[THYMELEAF]         * "StandardConversionService": karate.org.thymeleaf.standard.expression.StandardConversionService@624d778e
[THYMELEAF] * Dialect [2 of 2]: karate (com.intuit.karate.template.KarateScriptDialect)
[THYMELEAF]     * Prefix: "ka"
[THYMELEAF]     * Processors for Template Mode: HTML
[THYMELEAF]         * Element Tag Processors by [matching element and attribute name] [precedence]:
[THYMELEAF]             * [* {src}] [1000]: com.intuit.karate.template.KaScriptAttrProcessor
[THYMELEAF]         * Element Model Processors by [matching element and attribute name] [precedence]:
[THYMELEAF]             * [{script} {ka:scope,data-ka-scope}] [1000]: com.intuit.karate.template.KaScriptElemProcessor
[THYMELEAF]             * [* {ka:set,data-ka-set}] [1000]: com.intuit.karate.template.KaSetElemProcessor
[THYMELEAF] TEMPLATE ENGINE CONFIGURED OK
13:04:56.310 [main] DEBUG karate.org.thymeleaf.TemplateEngine - [THYMELEAF] TEMPLATE ENGINE INITIALIZED
---------------------------------------------------------
feature: classpath:feature/CCE_TN.feature
scenarios: 13 | passed:  0 | failed: 13 | time: 1.1838
---------------------------------------------------------

13:04:56.491 [main] INFO com.intuit.karate.Suite - <<fail>> feature 6 of 12 (0 remaining) classpath:feature/CCE_TN.feature
13:04:56.497 [main] INFO com.intuit.karate - karate.env system property was: it01 
13:04:56.497 [main] INFO com.intuit.karate - clientId:52e80bfa-b42c-47d7-98b5-8bb87c926209 
13:04:56.498 [main] INFO com.intuit.karate - Current URL is : https://apigw-st.telus.com 
13:04:56.498 [main] INFO com.intuit.karate - Current Env is : it01 
13:04:56.502 [main] INFO com.intuit.karate - [print] eyJhbGciOiJSUzI1NiIsImtpZCI6ImNhZGZhMTYyLTU2YzEtNGRiOS1hNjNmLTYwZTM3NzIwMWJkZiIsInBpLmF0bSI6IjMifQ.eyJzY29wZSI6WyI0NzIwIl0sImF1dGhvcml6YXRpb25fZGV0YWlscyI6W10sImNsaWVudF9pZCI6IjUyZTgwYmZhLWI0MmMtNDdkNy05OGI1LThiYjg3YzkyNjIwOSIsImlzcyI6Imh0dHBzOi8vdGVhbXNzby1pdHMwNC50ZWx1cy5jb20iLCJhdWQiOiJrb25nIiwiaWF0IjoxNzIzMjIzMDg5LCJleHAiOjE3MjMyMjMzODl9.flESEmYyI_eCkBmzn54OkGfP2lAIxnyqs2XbjtABUAmEnkCOQe8uoiUdROg_nBCNsbluJLTMIyv2VQYcEFeVpzwJIN4AH00KC-3px8L7DRMcbbbRqgIOGamUVRjytKBt3cFR1XVCW32bLo_XlS6M0CPdsCtowSRRwenf6htGC3loiXiWZ8pxuYaJNnmQfuSN9rWpZNHc8y-eYDl0xm6EoEXQSfatP3EAxDBw6tgqlb5patcu_afyMqKiHha9IdISwDeMrqyfvgoAR4Sqhdy3Uxp_k_xzmM-XWElgzY0YfiUnRnIl01fsIz1UO7xaed3xVyVlwsYrq6nB9I57SYDk-A 
13:04:56.502 [main] DEBUG com.intuit.karate.core.ScenarioEngine - over-writing existing variable 'mockResponseWLS_RES_ACTIVE' with new value: callonce read("../odsdata/getTestData_Consumer_Non_Prod.feature@getdata_resWLS_Active")
13:04:56.504 [main] INFO com.intuit.karate - >> lock acquired, begin callonce: read("../odsdata/getTestData_Consumer_Non_Prod.feature@getdata_resWLS_Active")
13:04:56.504 [main] INFO com.intuit.karate.core.FeatureRuntime - classpath:feature/../odsdata/getTestData_Consumer_Non_Prod.feature - call by tag at line 18: getdata_resWLS_Active
13:04:56.508 [main] INFO com.intuit.karate - [print]  
13:04:56.508 [main] INFO com.intuit.karate - [print]  
13:04:56.509 [main] INFO com.intuit.karate - [print]  
13:04:56.511 [main] DEBUG karate.org.apache.http.client.protocol.RequestAddCookies - CookieSpec selected: karate
13:04:56.512 [main] DEBUG karate.org.apache.http.client.protocol.RequestAuthCache - Auth cache not set in the context
13:04:56.512 [main] DEBUG com.intuit.karate - request:
1 > GET https://apigw-st.telus.com/customer/contactCenterOdsData/v1/account?businessUnit=RES&limit=1&brand=TELUS&lob=WIRELESS&status=ACTIVE
1 > Content-Type: application/json
1 > env: it01
1 > Authorization: Bearer eyJhbGciOiJSUzI1NiIsImtpZCI6ImNhZGZhMTYyLTU2YzEtNGRiOS1hNjNmLTYwZTM3NzIwMWJkZiIsInBpLmF0bSI6IjMifQ.eyJzY29wZSI6WyI0NzIwIl0sImF1dGhvcml6YXRpb25fZGV0YWlscyI6W10sImNsaWVudF9pZCI6IjUyZTgwYmZhLWI0MmMtNDdkNy05OGI1LThiYjg3YzkyNjIwOSIsImlzcyI6Imh0dHBzOi8vdGVhbXNzby1pdHMwNC50ZWx1cy5jb20iLCJhdWQiOiJrb25nIiwiaWF0IjoxNzIzMjIzMDg5LCJleHAiOjE3MjMyMjMzODl9.flESEmYyI_eCkBmzn54OkGfP2lAIxnyqs2XbjtABUAmEnkCOQe8uoiUdROg_nBCNsbluJLTMIyv2VQYcEFeVpzwJIN4AH00KC-3px8L7DRMcbbbRqgIOGamUVRjytKBt3cFR1XVCW32bLo_XlS6M0CPdsCtowSRRwenf6htGC3loiXiWZ8pxuYaJNnmQfuSN9rWpZNHc8y-eYDl0xm6EoEXQSfatP3EAxDBw6tgqlb5patcu_afyMqKiHha9IdISwDeMrqyfvgoAR4Sqhdy3Uxp_k_xzmM-XWElgzY0YfiUnRnIl01fsIz1UO7xaed3xVyVlwsYrq6nB9I57SYDk-A
1 > Host: apigw-st.telus.com
1 > Connection: Keep-Alive
1 > User-Agent: Apache-HttpClient/4.5.13 (Java/20.0.2)
1 > Accept-Encoding: gzip,deflate


13:04:56.512 [main] DEBUG karate.org.apache.http.impl.conn.PoolingHttpClientConnectionManager - Connection request: [route: {s}->https://apigw-st.telus.com:443][total available: 0; route allocated: 0 of 5; total allocated: 0 of 10]
13:04:56.512 [main] DEBUG karate.org.apache.http.impl.conn.PoolingHttpClientConnectionManager - Connection leased: [id: 30][route: {s}->https://apigw-st.telus.com:443][total available: 0; route allocated: 1 of 5; total allocated: 1 of 10]
13:04:56.512 [main] DEBUG karate.org.apache.http.impl.execchain.MainClientExec - Opening connection {s}->https://apigw-st.telus.com:443
13:04:56.512 [main] DEBUG karate.org.apache.http.impl.conn.DefaultHttpClientConnectionOperator - Connecting to apigw-st.telus.com/207.219.84.31:443
13:04:56.512 [main] DEBUG karate.org.apache.http.conn.ssl.LenientSslConnectionSocketFactory - Connecting socket to apigw-st.telus.com/207.219.84.31:443 with timeout 10000
13:04:56.552 [main] DEBUG karate.org.apache.http.conn.ssl.LenientSslConnectionSocketFactory - Enabled protocols: [TLSv1.3, TLSv1.2]
13:04:56.552 [main] DEBUG karate.org.apache.http.conn.ssl.LenientSslConnectionSocketFactory - Enabled cipher suites:[TLS_AES_256_GCM_SHA384, TLS_AES_128_GCM_SHA256, TLS_CHACHA20_POLY1305_SHA256, TLS_ECDHE_ECDSA_WITH_AES_256_GCM_SHA384, TLS_ECDHE_ECDSA_WITH_AES_128_GCM_SHA256, TLS_ECDHE_ECDSA_WITH_CHACHA20_POLY1305_SHA256, TLS_ECDHE_RSA_WITH_AES_256_GCM_SHA384, TLS_ECDHE_RSA_WITH_CHACHA20_POLY1305_SHA256, TLS_ECDHE_RSA_WITH_AES_128_GCM_SHA256, TLS_DHE_RSA_WITH_AES_256_GCM_SHA384, TLS_DHE_RSA_WITH_CHACHA20_POLY1305_SHA256, TLS_DHE_DSS_WITH_AES_256_GCM_SHA384, TLS_DHE_RSA_WITH_AES_128_GCM_SHA256, TLS_DHE_DSS_WITH_AES_128_GCM_SHA256, TLS_ECDHE_ECDSA_WITH_AES_256_CBC_SHA384, TLS_ECDHE_RSA_WITH_AES_256_CBC_SHA384, TLS_ECDHE_ECDSA_WITH_AES_128_CBC_SHA256, TLS_ECDHE_RSA_WITH_AES_128_CBC_SHA256, TLS_DHE_RSA_WITH_AES_256_CBC_SHA256, TLS_DHE_DSS_WITH_AES_256_CBC_SHA256, TLS_DHE_RSA_WITH_AES_128_CBC_SHA256, TLS_DHE_DSS_WITH_AES_128_CBC_SHA256, TLS_ECDHE_ECDSA_WITH_AES_256_CBC_SHA, TLS_ECDHE_RSA_WITH_AES_256_CBC_SHA, TLS_ECDHE_ECDSA_WITH_AES_128_CBC_SHA, TLS_ECDHE_RSA_WITH_AES_128_CBC_SHA, TLS_DHE_RSA_WITH_AES_256_CBC_SHA, TLS_DHE_DSS_WITH_AES_256_CBC_SHA, TLS_DHE_RSA_WITH_AES_128_CBC_SHA, TLS_DHE_DSS_WITH_AES_128_CBC_SHA, TLS_RSA_WITH_AES_256_GCM_SHA384, TLS_RSA_WITH_AES_128_GCM_SHA256, TLS_RSA_WITH_AES_256_CBC_SHA256, TLS_RSA_WITH_AES_128_CBC_SHA256, TLS_RSA_WITH_AES_256_CBC_SHA, TLS_RSA_WITH_AES_128_CBC_SHA, TLS_EMPTY_RENEGOTIATION_INFO_SCSV]
13:04:56.553 [main] DEBUG karate.org.apache.http.conn.ssl.LenientSslConnectionSocketFactory - Starting handshake
13:04:56.611 [main] DEBUG karate.org.apache.http.conn.ssl.LenientSslConnectionSocketFactory - Secure session established
13:04:56.611 [main] DEBUG karate.org.apache.http.conn.ssl.LenientSslConnectionSocketFactory -  negotiated protocol: TLSv1.3
13:04:56.611 [main] DEBUG karate.org.apache.http.conn.ssl.LenientSslConnectionSocketFactory -  negotiated cipher suite: TLS_AES_128_GCM_SHA256
13:04:56.611 [main] DEBUG karate.org.apache.http.conn.ssl.LenientSslConnectionSocketFactory -  peer principal: CN=apigw-soap-st.telus.com, O=TELUS Corp., L=Vancouver, ST=British Columbia, C=CA
13:04:56.611 [main] DEBUG karate.org.apache.http.conn.ssl.LenientSslConnectionSocketFactory -  peer alternative names: [apigw-soap-st.telus.com, apigw-st.telus.com, apigw-qidc-st.telus.com, apigw-kidc-st.telus.com, apigw-soap-qidc-st.telus.com, apigw-soap-kidc-st.telus.com]
13:04:56.611 [main] DEBUG karate.org.apache.http.conn.ssl.LenientSslConnectionSocketFactory -  issuer principal: CN=DigiCert Global G2 TLS RSA SHA256 2020 CA1, O=DigiCert Inc, C=US
13:04:56.611 [main] DEBUG karate.org.apache.http.impl.conn.DefaultHttpClientConnectionOperator - Connection established 192.168.1.65:54966<->207.219.84.31:443
13:04:56.611 [main] DEBUG karate.org.apache.http.impl.conn.DefaultManagedHttpClientConnection - http-outgoing-30: set socket timeout to 20000
13:04:56.611 [main] DEBUG karate.org.apache.http.impl.execchain.MainClientExec - Executing request GET /customer/contactCenterOdsData/v1/account?businessUnit=RES&limit=1&brand=TELUS&lob=WIRELESS&status=ACTIVE HTTP/1.1
13:04:56.611 [main] DEBUG karate.org.apache.http.impl.execchain.MainClientExec - Proxy auth state: UNCHALLENGED
13:04:56.611 [main] DEBUG karate.org.apache.http.headers - http-outgoing-30 >> GET /customer/contactCenterOdsData/v1/account?businessUnit=RES&limit=1&brand=TELUS&lob=WIRELESS&status=ACTIVE HTTP/1.1
13:04:56.611 [main] DEBUG karate.org.apache.http.headers - http-outgoing-30 >> Content-Type: application/json
13:04:56.611 [main] DEBUG karate.org.apache.http.headers - http-outgoing-30 >> env: it01
13:04:56.611 [main] DEBUG karate.org.apache.http.headers - http-outgoing-30 >> Authorization: Bearer eyJhbGciOiJSUzI1NiIsImtpZCI6ImNhZGZhMTYyLTU2YzEtNGRiOS1hNjNmLTYwZTM3NzIwMWJkZiIsInBpLmF0bSI6IjMifQ.eyJzY29wZSI6WyI0NzIwIl0sImF1dGhvcml6YXRpb25fZGV0YWlscyI6W10sImNsaWVudF9pZCI6IjUyZTgwYmZhLWI0MmMtNDdkNy05OGI1LThiYjg3YzkyNjIwOSIsImlzcyI6Imh0dHBzOi8vdGVhbXNzby1pdHMwNC50ZWx1cy5jb20iLCJhdWQiOiJrb25nIiwiaWF0IjoxNzIzMjIzMDg5LCJleHAiOjE3MjMyMjMzODl9.flESEmYyI_eCkBmzn54OkGfP2lAIxnyqs2XbjtABUAmEnkCOQe8uoiUdROg_nBCNsbluJLTMIyv2VQYcEFeVpzwJIN4AH00KC-3px8L7DRMcbbbRqgIOGamUVRjytKBt3cFR1XVCW32bLo_XlS6M0CPdsCtowSRRwenf6htGC3loiXiWZ8pxuYaJNnmQfuSN9rWpZNHc8y-eYDl0xm6EoEXQSfatP3EAxDBw6tgqlb5patcu_afyMqKiHha9IdISwDeMrqyfvgoAR4Sqhdy3Uxp_k_xzmM-XWElgzY0YfiUnRnIl01fsIz1UO7xaed3xVyVlwsYrq6nB9I57SYDk-A
13:04:56.611 [main] DEBUG karate.org.apache.http.headers - http-outgoing-30 >> Host: apigw-st.telus.com
13:04:56.611 [main] DEBUG karate.org.apache.http.headers - http-outgoing-30 >> Connection: Keep-Alive
13:04:56.611 [main] DEBUG karate.org.apache.http.headers - http-outgoing-30 >> User-Agent: Apache-HttpClient/4.5.13 (Java/20.0.2)
13:04:56.611 [main] DEBUG karate.org.apache.http.headers - http-outgoing-30 >> Accept-Encoding: gzip,deflate
13:04:56.611 [main] DEBUG karate.org.apache.http.wire - http-outgoing-30 >> "GET /customer/contactCenterOdsData/v1/account?businessUnit=RES&limit=1&brand=TELUS&lob=WIRELESS&status=ACTIVE HTTP/1.1[\r][\n]"
13:04:56.611 [main] DEBUG karate.org.apache.http.wire - http-outgoing-30 >> "Content-Type: application/json[\r][\n]"
13:04:56.611 [main] DEBUG karate.org.apache.http.wire - http-outgoing-30 >> "env: it01[\r][\n]"
13:04:56.611 [main] DEBUG karate.org.apache.http.wire - http-outgoing-30 >> "Authorization: Bearer eyJhbGciOiJSUzI1NiIsImtpZCI6ImNhZGZhMTYyLTU2YzEtNGRiOS1hNjNmLTYwZTM3NzIwMWJkZiIsInBpLmF0bSI6IjMifQ.eyJzY29wZSI6WyI0NzIwIl0sImF1dGhvcml6YXRpb25fZGV0YWlscyI6W10sImNsaWVudF9pZCI6IjUyZTgwYmZhLWI0MmMtNDdkNy05OGI1LThiYjg3YzkyNjIwOSIsImlzcyI6Imh0dHBzOi8vdGVhbXNzby1pdHMwNC50ZWx1cy5jb20iLCJhdWQiOiJrb25nIiwiaWF0IjoxNzIzMjIzMDg5LCJleHAiOjE3MjMyMjMzODl9.flESEmYyI_eCkBmzn54OkGfP2lAIxnyqs2XbjtABUAmEnkCOQe8uoiUdROg_nBCNsbluJLTMIyv2VQYcEFeVpzwJIN4AH00KC-3px8L7DRMcbbbRqgIOGamUVRjytKBt3cFR1XVCW32bLo_XlS6M0CPdsCtowSRRwenf6htGC3loiXiWZ8pxuYaJNnmQfuSN9rWpZNHc8y-eYDl0xm6EoEXQSfatP3EAxDBw6tgqlb5patcu_afyMqKiHha9IdISwDeMrqyfvgoAR4Sqhdy3Uxp_k_xzmM-XWElgzY0YfiUnRnIl01fsIz1UO7xaed3xVyVlwsYrq6nB9I57SYDk-A[\r][\n]"
13:04:56.611 [main] DEBUG karate.org.apache.http.wire - http-outgoing-30 >> "Host: apigw-st.telus.com[\r][\n]"
13:04:56.611 [main] DEBUG karate.org.apache.http.wire - http-outgoing-30 >> "Connection: Keep-Alive[\r][\n]"
13:04:56.611 [main] DEBUG karate.org.apache.http.wire - http-outgoing-30 >> "User-Agent: Apache-HttpClient/4.5.13 (Java/20.0.2)[\r][\n]"
13:04:56.611 [main] DEBUG karate.org.apache.http.wire - http-outgoing-30 >> "Accept-Encoding: gzip,deflate[\r][\n]"
13:04:56.611 [main] DEBUG karate.org.apache.http.wire - http-outgoing-30 >> "[\r][\n]"
13:04:56.668 [main] DEBUG karate.org.apache.http.wire - http-outgoing-30 << "HTTP/1.1 403 Forbidden[\r][\n]"
13:04:56.668 [main] DEBUG karate.org.apache.http.wire - http-outgoing-30 << "Content-Type: application/json; charset=utf-8[\r][\n]"
13:04:56.668 [main] DEBUG karate.org.apache.http.wire - http-outgoing-30 << "Content-Length: 23[\r][\n]"
13:04:56.668 [main] DEBUG karate.org.apache.http.wire - http-outgoing-30 << "Connection: keep-alive[\r][\n]"
13:04:56.668 [main] DEBUG karate.org.apache.http.wire - http-outgoing-30 << "Date: Fri, 09 Aug 2024 17:04:57 GMT[\r][\n]"
13:04:56.668 [main] DEBUG karate.org.apache.http.wire - http-outgoing-30 << "WWW-Authenticate: Bearer realm="telusidentity.apigateway.telus.com", error="insufficient_scope"[\r][\n]"
13:04:56.668 [main] DEBUG karate.org.apache.http.wire - http-outgoing-30 << "Kong-Request-ID: eb6f4909-f352-4285-b4d5-4bac0431873c#182305[\r][\n]"
13:04:56.668 [main] DEBUG karate.org.apache.http.wire - http-outgoing-30 << "vary: Origin[\r][\n]"
13:04:56.668 [main] DEBUG karate.org.apache.http.wire - http-outgoing-30 << "X-Kong-Response-Latency: 6[\r][\n]"
13:04:56.668 [main] DEBUG karate.org.apache.http.wire - http-outgoing-30 << "Server: kong/3.4.3.11-enterprise-edition[\r][\n]"
13:04:56.668 [main] DEBUG karate.org.apache.http.wire - http-outgoing-30 << "X-Kong-Request-Id: 2c7cb2405042284669906905e5b5cc17[\r][\n]"
13:04:56.668 [main] DEBUG karate.org.apache.http.wire - http-outgoing-30 << "vary: Origin[\r][\n]"
13:04:56.668 [main] DEBUG karate.org.apache.http.wire - http-outgoing-30 << "X-Kong-Upstream-Latency: 11[\r][\n]"
13:04:56.668 [main] DEBUG karate.org.apache.http.wire - http-outgoing-30 << "X-Kong-Proxy-Latency: 2[\r][\n]"
13:04:56.668 [main] DEBUG karate.org.apache.http.wire - http-outgoing-30 << "Via: kong/3.4.3.11-enterprise-edition[\r][\n]"
13:04:56.668 [main] DEBUG karate.org.apache.http.wire - http-outgoing-30 << "[\r][\n]"
13:04:56.668 [main] DEBUG karate.org.apache.http.wire - http-outgoing-30 << "{"message":"Forbidden"}"
13:04:56.669 [main] DEBUG karate.org.apache.http.headers - http-outgoing-30 << HTTP/1.1 403 Forbidden
13:04:56.669 [main] DEBUG karate.org.apache.http.headers - http-outgoing-30 << Content-Type: application/json; charset=utf-8
13:04:56.669 [main] DEBUG karate.org.apache.http.headers - http-outgoing-30 << Content-Length: 23
13:04:56.669 [main] DEBUG karate.org.apache.http.headers - http-outgoing-30 << Connection: keep-alive
13:04:56.669 [main] DEBUG karate.org.apache.http.headers - http-outgoing-30 << Date: Fri, 09 Aug 2024 17:04:57 GMT
13:04:56.669 [main] DEBUG karate.org.apache.http.headers - http-outgoing-30 << WWW-Authenticate: Bearer realm="telusidentity.apigateway.telus.com", error="insufficient_scope"
13:04:56.669 [main] DEBUG karate.org.apache.http.headers - http-outgoing-30 << Kong-Request-ID: eb6f4909-f352-4285-b4d5-4bac0431873c#182305
13:04:56.669 [main] DEBUG karate.org.apache.http.headers - http-outgoing-30 << vary: Origin
13:04:56.669 [main] DEBUG karate.org.apache.http.headers - http-outgoing-30 << X-Kong-Response-Latency: 6
13:04:56.669 [main] DEBUG karate.org.apache.http.headers - http-outgoing-30 << Server: kong/3.4.3.11-enterprise-edition
13:04:56.669 [main] DEBUG karate.org.apache.http.headers - http-outgoing-30 << X-Kong-Request-Id: 2c7cb2405042284669906905e5b5cc17
13:04:56.669 [main] DEBUG karate.org.apache.http.headers - http-outgoing-30 << vary: Origin
13:04:56.669 [main] DEBUG karate.org.apache.http.headers - http-outgoing-30 << X-Kong-Upstream-Latency: 11
13:04:56.669 [main] DEBUG karate.org.apache.http.headers - http-outgoing-30 << X-Kong-Proxy-Latency: 2
13:04:56.669 [main] DEBUG karate.org.apache.http.headers - http-outgoing-30 << Via: kong/3.4.3.11-enterprise-edition
13:04:56.669 [main] DEBUG karate.org.apache.http.impl.execchain.MainClientExec - Connection can be kept alive indefinitely
13:04:56.669 [main] DEBUG karate.org.apache.http.impl.conn.PoolingHttpClientConnectionManager - Connection [id: 30][route: {s}->https://apigw-st.telus.com:443] can be kept alive indefinitely
13:04:56.669 [main] DEBUG karate.org.apache.http.impl.conn.DefaultManagedHttpClientConnection - http-outgoing-30: set socket timeout to 0
13:04:56.669 [main] DEBUG karate.org.apache.http.impl.conn.PoolingHttpClientConnectionManager - Connection released: [id: 30][route: {s}->https://apigw-st.telus.com:443][total available: 1; route allocated: 1 of 5; total allocated: 1 of 10]
13:04:56.670 [main] DEBUG com.intuit.karate - response time in milliseconds: 157
1 < 403
1 < Content-Type: application/json; charset=utf-8
1 < Content-Length: 23
1 < Connection: keep-alive
1 < Date: Fri, 09 Aug 2024 17:04:57 GMT
1 < WWW-Authenticate: Bearer realm="telusidentity.apigateway.telus.com", error="insufficient_scope"
1 < Kong-Request-ID: eb6f4909-f352-4285-b4d5-4bac0431873c#182305
1 < vary: Origin
1 < vary: Origin
1 < X-Kong-Response-Latency: 6
1 < Server: kong/3.4.3.11-enterprise-edition
1 < X-Kong-Request-Id: 2c7cb2405042284669906905e5b5cc17
1 < X-Kong-Upstream-Latency: 11
1 < X-Kong-Proxy-Latency: 2
1 < Via: kong/3.4.3.11-enterprise-edition
{"message":"Forbidden"}
13:04:56.671 [main] INFO com.intuit.karate - [print] {
  "message": "Forbidden"
}
 
13:04:56.675 [main] DEBUG com.intuit.karate - write to file: target\testdata\output.json
13:04:56.675 [main] INFO com.intuit.karate - [print] {
  "message": "Forbidden"
}
 
13:04:56.676 [main] INFO com.intuit.karate - << lock released, cached callonce: read("../odsdata/getTestData_Consumer_Non_Prod.feature@getdata_resWLS_Active")
13:04:56.676 [main] DEBUG com.intuit.karate.core.ScenarioEngine - over-writing existing variable 'mockResponseWLN_BIZ_ACTIVE' with new value: callonce read("../odsdata/getTestData_Business_Non_Prod.feature@getdatabizWLN")
13:04:56.678 [main] INFO com.intuit.karate - >> lock acquired, begin callonce: read("../odsdata/getTestData_Business_Non_Prod.feature@getdatabizWLN")
13:04:56.678 [main] INFO com.intuit.karate.core.FeatureRuntime - classpath:feature/../odsdata/getTestData_Business_Non_Prod.feature - call by tag at line 45: getdatabizWLN
13:04:56.682 [main] INFO com.intuit.karate - [print]  
13:04:56.683 [main] INFO com.intuit.karate - [print]  
13:04:56.683 [main] INFO com.intuit.karate - [print]  
13:04:56.685 [main] DEBUG karate.org.apache.http.client.protocol.RequestAddCookies - CookieSpec selected: karate
13:04:56.686 [main] DEBUG karate.org.apache.http.client.protocol.RequestAuthCache - Auth cache not set in the context
13:04:56.686 [main] DEBUG com.intuit.karate - request:
1 > GET https://apigw-st.telus.com/customer/contactCenterOdsData/v1/account?businessUnit=BIZ&limit=1&brand=TELUS&lob=WIRELINE&status=ACTIVE
1 > Content-Type: application/json
1 > env: it01
1 > Authorization: Bearer eyJhbGciOiJSUzI1NiIsImtpZCI6ImNhZGZhMTYyLTU2YzEtNGRiOS1hNjNmLTYwZTM3NzIwMWJkZiIsInBpLmF0bSI6IjMifQ.eyJzY29wZSI6WyI0NzIwIl0sImF1dGhvcml6YXRpb25fZGV0YWlscyI6W10sImNsaWVudF9pZCI6IjUyZTgwYmZhLWI0MmMtNDdkNy05OGI1LThiYjg3YzkyNjIwOSIsImlzcyI6Imh0dHBzOi8vdGVhbXNzby1pdHMwNC50ZWx1cy5jb20iLCJhdWQiOiJrb25nIiwiaWF0IjoxNzIzMjIzMDg5LCJleHAiOjE3MjMyMjMzODl9.flESEmYyI_eCkBmzn54OkGfP2lAIxnyqs2XbjtABUAmEnkCOQe8uoiUdROg_nBCNsbluJLTMIyv2VQYcEFeVpzwJIN4AH00KC-3px8L7DRMcbbbRqgIOGamUVRjytKBt3cFR1XVCW32bLo_XlS6M0CPdsCtowSRRwenf6htGC3loiXiWZ8pxuYaJNnmQfuSN9rWpZNHc8y-eYDl0xm6EoEXQSfatP3EAxDBw6tgqlb5patcu_afyMqKiHha9IdISwDeMrqyfvgoAR4Sqhdy3Uxp_k_xzmM-XWElgzY0YfiUnRnIl01fsIz1UO7xaed3xVyVlwsYrq6nB9I57SYDk-A
1 > Host: apigw-st.telus.com
1 > Connection: Keep-Alive
1 > User-Agent: Apache-HttpClient/4.5.13 (Java/20.0.2)
1 > Accept-Encoding: gzip,deflate


13:04:56.686 [main] DEBUG karate.org.apache.http.impl.conn.PoolingHttpClientConnectionManager - Connection request: [route: {s}->https://apigw-st.telus.com:443][total available: 0; route allocated: 0 of 5; total allocated: 0 of 10]
13:04:56.686 [main] DEBUG karate.org.apache.http.impl.conn.PoolingHttpClientConnectionManager - Connection leased: [id: 31][route: {s}->https://apigw-st.telus.com:443][total available: 0; route allocated: 1 of 5; total allocated: 1 of 10]
13:04:56.686 [main] DEBUG karate.org.apache.http.impl.execchain.MainClientExec - Opening connection {s}->https://apigw-st.telus.com:443
13:04:56.686 [main] DEBUG karate.org.apache.http.impl.conn.DefaultHttpClientConnectionOperator - Connecting to apigw-st.telus.com/207.219.84.31:443
13:04:56.686 [main] DEBUG karate.org.apache.http.conn.ssl.LenientSslConnectionSocketFactory - Connecting socket to apigw-st.telus.com/207.219.84.31:443 with timeout 10000
13:04:56.719 [main] DEBUG karate.org.apache.http.conn.ssl.LenientSslConnectionSocketFactory - Enabled protocols: [TLSv1.3, TLSv1.2]
13:04:56.719 [main] DEBUG karate.org.apache.http.conn.ssl.LenientSslConnectionSocketFactory - Enabled cipher suites:[TLS_AES_256_GCM_SHA384, TLS_AES_128_GCM_SHA256, TLS_CHACHA20_POLY1305_SHA256, TLS_ECDHE_ECDSA_WITH_AES_256_GCM_SHA384, TLS_ECDHE_ECDSA_WITH_AES_128_GCM_SHA256, TLS_ECDHE_ECDSA_WITH_CHACHA20_POLY1305_SHA256, TLS_ECDHE_RSA_WITH_AES_256_GCM_SHA384, TLS_ECDHE_RSA_WITH_CHACHA20_POLY1305_SHA256, TLS_ECDHE_RSA_WITH_AES_128_GCM_SHA256, TLS_DHE_RSA_WITH_AES_256_GCM_SHA384, TLS_DHE_RSA_WITH_CHACHA20_POLY1305_SHA256, TLS_DHE_DSS_WITH_AES_256_GCM_SHA384, TLS_DHE_RSA_WITH_AES_128_GCM_SHA256, TLS_DHE_DSS_WITH_AES_128_GCM_SHA256, TLS_ECDHE_ECDSA_WITH_AES_256_CBC_SHA384, TLS_ECDHE_RSA_WITH_AES_256_CBC_SHA384, TLS_ECDHE_ECDSA_WITH_AES_128_CBC_SHA256, TLS_ECDHE_RSA_WITH_AES_128_CBC_SHA256, TLS_DHE_RSA_WITH_AES_256_CBC_SHA256, TLS_DHE_DSS_WITH_AES_256_CBC_SHA256, TLS_DHE_RSA_WITH_AES_128_CBC_SHA256, TLS_DHE_DSS_WITH_AES_128_CBC_SHA256, TLS_ECDHE_ECDSA_WITH_AES_256_CBC_SHA, TLS_ECDHE_RSA_WITH_AES_256_CBC_SHA, TLS_ECDHE_ECDSA_WITH_AES_128_CBC_SHA, TLS_ECDHE_RSA_WITH_AES_128_CBC_SHA, TLS_DHE_RSA_WITH_AES_256_CBC_SHA, TLS_DHE_DSS_WITH_AES_256_CBC_SHA, TLS_DHE_RSA_WITH_AES_128_CBC_SHA, TLS_DHE_DSS_WITH_AES_128_CBC_SHA, TLS_RSA_WITH_AES_256_GCM_SHA384, TLS_RSA_WITH_AES_128_GCM_SHA256, TLS_RSA_WITH_AES_256_CBC_SHA256, TLS_RSA_WITH_AES_128_CBC_SHA256, TLS_RSA_WITH_AES_256_CBC_SHA, TLS_RSA_WITH_AES_128_CBC_SHA, TLS_EMPTY_RENEGOTIATION_INFO_SCSV]
13:04:56.719 [main] DEBUG karate.org.apache.http.conn.ssl.LenientSslConnectionSocketFactory - Starting handshake
13:04:56.775 [main] DEBUG karate.org.apache.http.conn.ssl.LenientSslConnectionSocketFactory - Secure session established
13:04:56.775 [main] DEBUG karate.org.apache.http.conn.ssl.LenientSslConnectionSocketFactory -  negotiated protocol: TLSv1.3
13:04:56.776 [main] DEBUG karate.org.apache.http.conn.ssl.LenientSslConnectionSocketFactory -  negotiated cipher suite: TLS_AES_128_GCM_SHA256
13:04:56.776 [main] DEBUG karate.org.apache.http.conn.ssl.LenientSslConnectionSocketFactory -  peer principal: CN=apigw-soap-st.telus.com, O=TELUS Corp., L=Vancouver, ST=British Columbia, C=CA
13:04:56.776 [main] DEBUG karate.org.apache.http.conn.ssl.LenientSslConnectionSocketFactory -  peer alternative names: [apigw-soap-st.telus.com, apigw-st.telus.com, apigw-qidc-st.telus.com, apigw-kidc-st.telus.com, apigw-soap-qidc-st.telus.com, apigw-soap-kidc-st.telus.com]
13:04:56.776 [main] DEBUG karate.org.apache.http.conn.ssl.LenientSslConnectionSocketFactory -  issuer principal: CN=DigiCert Global G2 TLS RSA SHA256 2020 CA1, O=DigiCert Inc, C=US
13:04:56.776 [main] DEBUG karate.org.apache.http.impl.conn.DefaultHttpClientConnectionOperator - Connection established 192.168.1.65:54969<->207.219.84.31:443
13:04:56.776 [main] DEBUG karate.org.apache.http.impl.conn.DefaultManagedHttpClientConnection - http-outgoing-31: set socket timeout to 20000
13:04:56.776 [main] DEBUG karate.org.apache.http.impl.execchain.MainClientExec - Executing request GET /customer/contactCenterOdsData/v1/account?businessUnit=BIZ&limit=1&brand=TELUS&lob=WIRELINE&status=ACTIVE HTTP/1.1
13:04:56.776 [main] DEBUG karate.org.apache.http.impl.execchain.MainClientExec - Proxy auth state: UNCHALLENGED
13:04:56.776 [main] DEBUG karate.org.apache.http.headers - http-outgoing-31 >> GET /customer/contactCenterOdsData/v1/account?businessUnit=BIZ&limit=1&brand=TELUS&lob=WIRELINE&status=ACTIVE HTTP/1.1
13:04:56.776 [main] DEBUG karate.org.apache.http.headers - http-outgoing-31 >> Content-Type: application/json
13:04:56.776 [main] DEBUG karate.org.apache.http.headers - http-outgoing-31 >> env: it01
13:04:56.776 [main] DEBUG karate.org.apache.http.headers - http-outgoing-31 >> Authorization: Bearer eyJhbGciOiJSUzI1NiIsImtpZCI6ImNhZGZhMTYyLTU2YzEtNGRiOS1hNjNmLTYwZTM3NzIwMWJkZiIsInBpLmF0bSI6IjMifQ.eyJzY29wZSI6WyI0NzIwIl0sImF1dGhvcml6YXRpb25fZGV0YWlscyI6W10sImNsaWVudF9pZCI6IjUyZTgwYmZhLWI0MmMtNDdkNy05OGI1LThiYjg3YzkyNjIwOSIsImlzcyI6Imh0dHBzOi8vdGVhbXNzby1pdHMwNC50ZWx1cy5jb20iLCJhdWQiOiJrb25nIiwiaWF0IjoxNzIzMjIzMDg5LCJleHAiOjE3MjMyMjMzODl9.flESEmYyI_eCkBmzn54OkGfP2lAIxnyqs2XbjtABUAmEnkCOQe8uoiUdROg_nBCNsbluJLTMIyv2VQYcEFeVpzwJIN4AH00KC-3px8L7DRMcbbbRqgIOGamUVRjytKBt3cFR1XVCW32bLo_XlS6M0CPdsCtowSRRwenf6htGC3loiXiWZ8pxuYaJNnmQfuSN9rWpZNHc8y-eYDl0xm6EoEXQSfatP3EAxDBw6tgqlb5patcu_afyMqKiHha9IdISwDeMrqyfvgoAR4Sqhdy3Uxp_k_xzmM-XWElgzY0YfiUnRnIl01fsIz1UO7xaed3xVyVlwsYrq6nB9I57SYDk-A
13:04:56.776 [main] DEBUG karate.org.apache.http.headers - http-outgoing-31 >> Host: apigw-st.telus.com
13:04:56.776 [main] DEBUG karate.org.apache.http.headers - http-outgoing-31 >> Connection: Keep-Alive
13:04:56.776 [main] DEBUG karate.org.apache.http.headers - http-outgoing-31 >> User-Agent: Apache-HttpClient/4.5.13 (Java/20.0.2)
13:04:56.776 [main] DEBUG karate.org.apache.http.headers - http-outgoing-31 >> Accept-Encoding: gzip,deflate
13:04:56.776 [main] DEBUG karate.org.apache.http.wire - http-outgoing-31 >> "GET /customer/contactCenterOdsData/v1/account?businessUnit=BIZ&limit=1&brand=TELUS&lob=WIRELINE&status=ACTIVE HTTP/1.1[\r][\n]"
13:04:56.776 [main] DEBUG karate.org.apache.http.wire - http-outgoing-31 >> "Content-Type: application/json[\r][\n]"
13:04:56.776 [main] DEBUG karate.org.apache.http.wire - http-outgoing-31 >> "env: it01[\r][\n]"
13:04:56.777 [main] DEBUG karate.org.apache.http.wire - http-outgoing-31 >> "Authorization: Bearer eyJhbGciOiJSUzI1NiIsImtpZCI6ImNhZGZhMTYyLTU2YzEtNGRiOS1hNjNmLTYwZTM3NzIwMWJkZiIsInBpLmF0bSI6IjMifQ.eyJzY29wZSI6WyI0NzIwIl0sImF1dGhvcml6YXRpb25fZGV0YWlscyI6W10sImNsaWVudF9pZCI6IjUyZTgwYmZhLWI0MmMtNDdkNy05OGI1LThiYjg3YzkyNjIwOSIsImlzcyI6Imh0dHBzOi8vdGVhbXNzby1pdHMwNC50ZWx1cy5jb20iLCJhdWQiOiJrb25nIiwiaWF0IjoxNzIzMjIzMDg5LCJleHAiOjE3MjMyMjMzODl9.flESEmYyI_eCkBmzn54OkGfP2lAIxnyqs2XbjtABUAmEnkCOQe8uoiUdROg_nBCNsbluJLTMIyv2VQYcEFeVpzwJIN4AH00KC-3px8L7DRMcbbbRqgIOGamUVRjytKBt3cFR1XVCW32bLo_XlS6M0CPdsCtowSRRwenf6htGC3loiXiWZ8pxuYaJNnmQfuSN9rWpZNHc8y-eYDl0xm6EoEXQSfatP3EAxDBw6tgqlb5patcu_afyMqKiHha9IdISwDeMrqyfvgoAR4Sqhdy3Uxp_k_xzmM-XWElgzY0YfiUnRnIl01fsIz1UO7xaed3xVyVlwsYrq6nB9I57SYDk-A[\r][\n]"
13:04:56.777 [main] DEBUG karate.org.apache.http.wire - http-outgoing-31 >> "Host: apigw-st.telus.com[\r][\n]"
13:04:56.777 [main] DEBUG karate.org.apache.http.wire - http-outgoing-31 >> "Connection: Keep-Alive[\r][\n]"
13:04:56.777 [main] DEBUG karate.org.apache.http.wire - http-outgoing-31 >> "User-Agent: Apache-HttpClient/4.5.13 (Java/20.0.2)[\r][\n]"
13:04:56.777 [main] DEBUG karate.org.apache.http.wire - http-outgoing-31 >> "Accept-Encoding: gzip,deflate[\r][\n]"
13:04:56.777 [main] DEBUG karate.org.apache.http.wire - http-outgoing-31 >> "[\r][\n]"
13:04:56.826 [main] DEBUG karate.org.apache.http.wire - http-outgoing-31 << "HTTP/1.1 403 Forbidden[\r][\n]"
13:04:56.826 [main] DEBUG karate.org.apache.http.wire - http-outgoing-31 << "Content-Type: application/json; charset=utf-8[\r][\n]"
13:04:56.826 [main] DEBUG karate.org.apache.http.wire - http-outgoing-31 << "Content-Length: 23[\r][\n]"
13:04:56.826 [main] DEBUG karate.org.apache.http.wire - http-outgoing-31 << "Connection: keep-alive[\r][\n]"
13:04:56.826 [main] DEBUG karate.org.apache.http.wire - http-outgoing-31 << "Date: Fri, 09 Aug 2024 17:04:57 GMT[\r][\n]"
13:04:56.826 [main] DEBUG karate.org.apache.http.wire - http-outgoing-31 << "WWW-Authenticate: Bearer realm="telusidentity.apigateway.telus.com", error="insufficient_scope"[\r][\n]"
13:04:56.826 [main] DEBUG karate.org.apache.http.wire - http-outgoing-31 << "Kong-Request-ID: 9df030cd-e549-46fc-a886-0445fff0e82d#347210[\r][\n]"
13:04:56.826 [main] DEBUG karate.org.apache.http.wire - http-outgoing-31 << "vary: Origin[\r][\n]"
13:04:56.826 [main] DEBUG karate.org.apache.http.wire - http-outgoing-31 << "X-Kong-Response-Latency: 2[\r][\n]"
13:04:56.826 [main] DEBUG karate.org.apache.http.wire - http-outgoing-31 << "Server: kong/3.4.3.11-enterprise-edition[\r][\n]"
13:04:56.826 [main] DEBUG karate.org.apache.http.wire - http-outgoing-31 << "X-Kong-Request-Id: 2210087f734bb67107088e442273c56b[\r][\n]"
13:04:56.826 [main] DEBUG karate.org.apache.http.wire - http-outgoing-31 << "vary: Origin[\r][\n]"
13:04:56.826 [main] DEBUG karate.org.apache.http.wire - http-outgoing-31 << "X-Kong-Upstream-Latency: 5[\r][\n]"
13:04:56.826 [main] DEBUG karate.org.apache.http.wire - http-outgoing-31 << "X-Kong-Proxy-Latency: 1[\r][\n]"
13:04:56.826 [main] DEBUG karate.org.apache.http.wire - http-outgoing-31 << "Via: kong/3.4.3.11-enterprise-edition[\r][\n]"
13:04:56.826 [main] DEBUG karate.org.apache.http.wire - http-outgoing-31 << "[\r][\n]"
13:04:56.827 [main] DEBUG karate.org.apache.http.wire - http-outgoing-31 << "{"message":"Forbidden"}"
13:04:56.827 [main] DEBUG karate.org.apache.http.headers - http-outgoing-31 << HTTP/1.1 403 Forbidden
13:04:56.827 [main] DEBUG karate.org.apache.http.headers - http-outgoing-31 << Content-Type: application/json; charset=utf-8
13:04:56.827 [main] DEBUG karate.org.apache.http.headers - http-outgoing-31 << Content-Length: 23
13:04:56.827 [main] DEBUG karate.org.apache.http.headers - http-outgoing-31 << Connection: keep-alive
13:04:56.827 [main] DEBUG karate.org.apache.http.headers - http-outgoing-31 << Date: Fri, 09 Aug 2024 17:04:57 GMT
13:04:56.827 [main] DEBUG karate.org.apache.http.headers - http-outgoing-31 << WWW-Authenticate: Bearer realm="telusidentity.apigateway.telus.com", error="insufficient_scope"
13:04:56.827 [main] DEBUG karate.org.apache.http.headers - http-outgoing-31 << Kong-Request-ID: 9df030cd-e549-46fc-a886-0445fff0e82d#347210
13:04:56.827 [main] DEBUG karate.org.apache.http.headers - http-outgoing-31 << vary: Origin
13:04:56.827 [main] DEBUG karate.org.apache.http.headers - http-outgoing-31 << X-Kong-Response-Latency: 2
13:04:56.827 [main] DEBUG karate.org.apache.http.headers - http-outgoing-31 << Server: kong/3.4.3.11-enterprise-edition
13:04:56.827 [main] DEBUG karate.org.apache.http.headers - http-outgoing-31 << X-Kong-Request-Id: 2210087f734bb67107088e442273c56b
13:04:56.827 [main] DEBUG karate.org.apache.http.headers - http-outgoing-31 << vary: Origin
13:04:56.827 [main] DEBUG karate.org.apache.http.headers - http-outgoing-31 << X-Kong-Upstream-Latency: 5
13:04:56.827 [main] DEBUG karate.org.apache.http.headers - http-outgoing-31 << X-Kong-Proxy-Latency: 1
13:04:56.827 [main] DEBUG karate.org.apache.http.headers - http-outgoing-31 << Via: kong/3.4.3.11-enterprise-edition
13:04:56.827 [main] DEBUG karate.org.apache.http.impl.execchain.MainClientExec - Connection can be kept alive indefinitely
13:04:56.827 [main] DEBUG karate.org.apache.http.impl.conn.PoolingHttpClientConnectionManager - Connection [id: 31][route: {s}->https://apigw-st.telus.com:443] can be kept alive indefinitely
13:04:56.827 [main] DEBUG karate.org.apache.http.impl.conn.DefaultManagedHttpClientConnection - http-outgoing-31: set socket timeout to 0
13:04:56.827 [main] DEBUG karate.org.apache.http.impl.conn.PoolingHttpClientConnectionManager - Connection released: [id: 31][route: {s}->https://apigw-st.telus.com:443][total available: 1; route allocated: 1 of 5; total allocated: 1 of 10]
13:04:56.827 [main] DEBUG com.intuit.karate - response time in milliseconds: 141
1 < 403
1 < Content-Type: application/json; charset=utf-8
1 < Content-Length: 23
1 < Connection: keep-alive
1 < Date: Fri, 09 Aug 2024 17:04:57 GMT
1 < WWW-Authenticate: Bearer realm="telusidentity.apigateway.telus.com", error="insufficient_scope"
1 < Kong-Request-ID: 9df030cd-e549-46fc-a886-0445fff0e82d#347210
1 < vary: Origin
1 < vary: Origin
1 < X-Kong-Response-Latency: 2
1 < Server: kong/3.4.3.11-enterprise-edition
1 < X-Kong-Request-Id: 2210087f734bb67107088e442273c56b
1 < X-Kong-Upstream-Latency: 5
1 < X-Kong-Proxy-Latency: 1
1 < Via: kong/3.4.3.11-enterprise-edition
{"message":"Forbidden"}
13:04:56.828 [main] INFO com.intuit.karate - [print] {
  "message": "Forbidden"
}
 
13:04:56.830 [main] DEBUG com.intuit.karate - write to file: target\testdata\output.json
13:04:56.831 [main] INFO com.intuit.karate - [print] {
  "message": "Forbidden"
}
 
13:04:56.831 [main] INFO com.intuit.karate - << lock released, cached callonce: read("../odsdata/getTestData_Business_Non_Prod.feature@getdatabizWLN")
13:04:56.831 [main] DEBUG com.intuit.karate.core.ScenarioEngine - over-writing existing variable 'mockResponseWLS_BIZ_ACTIVE' with new value: callonce read("../odsdata/getTestData_Business_Non_Prod.feature@getdatabizWLS")
13:04:56.833 [main] INFO com.intuit.karate - >> lock acquired, begin callonce: read("../odsdata/getTestData_Business_Non_Prod.feature@getdatabizWLS")
13:04:56.834 [main] INFO com.intuit.karate.core.FeatureRuntime - classpath:feature/../odsdata/getTestData_Business_Non_Prod.feature - call by tag at line 17: getdatabizWLS
13:04:56.838 [main] INFO com.intuit.karate - [print]  
13:04:56.838 [main] INFO com.intuit.karate - [print]  
13:04:56.838 [main] INFO com.intuit.karate - [print] {
  "responseHeaders": {
    "Content-Type": [
      "application/json; charset=utf-8"
    ],
    "Content-Length": [
      "23"
    ],
    "Connection": [
      "keep-alive"
    ],
    "Date": [
      "Fri, 09 Aug 2024 17:04:57 GMT"
    ],
    "WWW-Authenticate": [
      "Bearer realm=\"telusidentity.apigateway.telus.com\", error=\"insufficient_scope\""
    ],
    "Kong-Request-ID": [
      "9df030cd-e549-46fc-a886-0445fff0e82d#347210"
    ],
    "vary": [
      "Origin",
      "Origin"
    ],
    "X-Kong-Response-Latency": [
      "2"
    ],
    "Server": [
      "kong/3.4.3.11-enterprise-edition"
    ],
    "X-Kong-Request-Id": [
      "2210087f734bb67107088e442273c56b"
    ],
    "X-Kong-Upstream-Latency": [
      "5"
    ],
    "X-Kong-Proxy-Latency": [
      "1"
    ],
    "Via": [
      "kong/3.4.3.11-enterprise-edition"
    ]
  },
  "responseStatus": 403,
  "response": {
    "message": "Forbidden"
  },
  "mockResponseWLN_BIZ_ACTIVE": "#ref:java.util.LinkedHashMap"
}
 
13:04:56.840 [main] DEBUG karate.org.apache.http.client.protocol.RequestAddCookies - CookieSpec selected: karate
13:04:56.840 [main] DEBUG karate.org.apache.http.client.protocol.RequestAuthCache - Auth cache not set in the context
13:04:56.840 [main] DEBUG com.intuit.karate - request:
1 > GET https://apigw-st.telus.com/customer/contactCenterOdsData/v1/account?businessUnit=BIZ&limit=1&brand=TELUS&lob=WIRELESS&status=ACTIVE
1 > Content-Type: application/json
1 > env: it01
1 > Authorization: Bearer eyJhbGciOiJSUzI1NiIsImtpZCI6ImNhZGZhMTYyLTU2YzEtNGRiOS1hNjNmLTYwZTM3NzIwMWJkZiIsInBpLmF0bSI6IjMifQ.eyJzY29wZSI6WyI0NzIwIl0sImF1dGhvcml6YXRpb25fZGV0YWlscyI6W10sImNsaWVudF9pZCI6IjUyZTgwYmZhLWI0MmMtNDdkNy05OGI1LThiYjg3YzkyNjIwOSIsImlzcyI6Imh0dHBzOi8vdGVhbXNzby1pdHMwNC50ZWx1cy5jb20iLCJhdWQiOiJrb25nIiwiaWF0IjoxNzIzMjIzMDg5LCJleHAiOjE3MjMyMjMzODl9.flESEmYyI_eCkBmzn54OkGfP2lAIxnyqs2XbjtABUAmEnkCOQe8uoiUdROg_nBCNsbluJLTMIyv2VQYcEFeVpzwJIN4AH00KC-3px8L7DRMcbbbRqgIOGamUVRjytKBt3cFR1XVCW32bLo_XlS6M0CPdsCtowSRRwenf6htGC3loiXiWZ8pxuYaJNnmQfuSN9rWpZNHc8y-eYDl0xm6EoEXQSfatP3EAxDBw6tgqlb5patcu_afyMqKiHha9IdISwDeMrqyfvgoAR4Sqhdy3Uxp_k_xzmM-XWElgzY0YfiUnRnIl01fsIz1UO7xaed3xVyVlwsYrq6nB9I57SYDk-A
1 > Host: apigw-st.telus.com
1 > Connection: Keep-Alive
1 > User-Agent: Apache-HttpClient/4.5.13 (Java/20.0.2)
1 > Accept-Encoding: gzip,deflate


13:04:56.840 [main] DEBUG karate.org.apache.http.impl.conn.PoolingHttpClientConnectionManager - Connection request: [route: {s}->https://apigw-st.telus.com:443][total available: 0; route allocated: 0 of 5; total allocated: 0 of 10]
13:04:56.840 [main] DEBUG karate.org.apache.http.impl.conn.PoolingHttpClientConnectionManager - Connection leased: [id: 32][route: {s}->https://apigw-st.telus.com:443][total available: 0; route allocated: 1 of 5; total allocated: 1 of 10]
13:04:56.840 [main] DEBUG karate.org.apache.http.impl.execchain.MainClientExec - Opening connection {s}->https://apigw-st.telus.com:443
13:04:56.840 [main] DEBUG karate.org.apache.http.impl.conn.DefaultHttpClientConnectionOperator - Connecting to apigw-st.telus.com/207.219.84.31:443
13:04:56.840 [main] DEBUG karate.org.apache.http.conn.ssl.LenientSslConnectionSocketFactory - Connecting socket to apigw-st.telus.com/207.219.84.31:443 with timeout 10000
13:04:56.876 [main] DEBUG karate.org.apache.http.conn.ssl.LenientSslConnectionSocketFactory - Enabled protocols: [TLSv1.3, TLSv1.2]
13:04:56.876 [main] DEBUG karate.org.apache.http.conn.ssl.LenientSslConnectionSocketFactory - Enabled cipher suites:[TLS_AES_256_GCM_SHA384, TLS_AES_128_GCM_SHA256, TLS_CHACHA20_POLY1305_SHA256, TLS_ECDHE_ECDSA_WITH_AES_256_GCM_SHA384, TLS_ECDHE_ECDSA_WITH_AES_128_GCM_SHA256, TLS_ECDHE_ECDSA_WITH_CHACHA20_POLY1305_SHA256, TLS_ECDHE_RSA_WITH_AES_256_GCM_SHA384, TLS_ECDHE_RSA_WITH_CHACHA20_POLY1305_SHA256, TLS_ECDHE_RSA_WITH_AES_128_GCM_SHA256, TLS_DHE_RSA_WITH_AES_256_GCM_SHA384, TLS_DHE_RSA_WITH_CHACHA20_POLY1305_SHA256, TLS_DHE_DSS_WITH_AES_256_GCM_SHA384, TLS_DHE_RSA_WITH_AES_128_GCM_SHA256, TLS_DHE_DSS_WITH_AES_128_GCM_SHA256, TLS_ECDHE_ECDSA_WITH_AES_256_CBC_SHA384, TLS_ECDHE_RSA_WITH_AES_256_CBC_SHA384, TLS_ECDHE_ECDSA_WITH_AES_128_CBC_SHA256, TLS_ECDHE_RSA_WITH_AES_128_CBC_SHA256, TLS_DHE_RSA_WITH_AES_256_CBC_SHA256, TLS_DHE_DSS_WITH_AES_256_CBC_SHA256, TLS_DHE_RSA_WITH_AES_128_CBC_SHA256, TLS_DHE_DSS_WITH_AES_128_CBC_SHA256, TLS_ECDHE_ECDSA_WITH_AES_256_CBC_SHA, TLS_ECDHE_RSA_WITH_AES_256_CBC_SHA, TLS_ECDHE_ECDSA_WITH_AES_128_CBC_SHA, TLS_ECDHE_RSA_WITH_AES_128_CBC_SHA, TLS_DHE_RSA_WITH_AES_256_CBC_SHA, TLS_DHE_DSS_WITH_AES_256_CBC_SHA, TLS_DHE_RSA_WITH_AES_128_CBC_SHA, TLS_DHE_DSS_WITH_AES_128_CBC_SHA, TLS_RSA_WITH_AES_256_GCM_SHA384, TLS_RSA_WITH_AES_128_GCM_SHA256, TLS_RSA_WITH_AES_256_CBC_SHA256, TLS_RSA_WITH_AES_128_CBC_SHA256, TLS_RSA_WITH_AES_256_CBC_SHA, TLS_RSA_WITH_AES_128_CBC_SHA, TLS_EMPTY_RENEGOTIATION_INFO_SCSV]
13:04:56.876 [main] DEBUG karate.org.apache.http.conn.ssl.LenientSslConnectionSocketFactory - Starting handshake
13:04:56.936 [main] DEBUG karate.org.apache.http.conn.ssl.LenientSslConnectionSocketFactory - Secure session established
13:04:56.936 [main] DEBUG karate.org.apache.http.conn.ssl.LenientSslConnectionSocketFactory -  negotiated protocol: TLSv1.3
13:04:56.936 [main] DEBUG karate.org.apache.http.conn.ssl.LenientSslConnectionSocketFactory -  negotiated cipher suite: TLS_AES_128_GCM_SHA256
13:04:56.936 [main] DEBUG karate.org.apache.http.conn.ssl.LenientSslConnectionSocketFactory -  peer principal: CN=apigw-soap-st.telus.com, O=TELUS Corp., L=Vancouver, ST=British Columbia, C=CA
13:04:56.936 [main] DEBUG karate.org.apache.http.conn.ssl.LenientSslConnectionSocketFactory -  peer alternative names: [apigw-soap-st.telus.com, apigw-st.telus.com, apigw-qidc-st.telus.com, apigw-kidc-st.telus.com, apigw-soap-qidc-st.telus.com, apigw-soap-kidc-st.telus.com]
13:04:56.936 [main] DEBUG karate.org.apache.http.conn.ssl.LenientSslConnectionSocketFactory -  issuer principal: CN=DigiCert Global G2 TLS RSA SHA256 2020 CA1, O=DigiCert Inc, C=US
13:04:56.936 [main] DEBUG karate.org.apache.http.impl.conn.DefaultHttpClientConnectionOperator - Connection established 192.168.1.65:54970<->207.219.84.31:443
13:04:56.936 [main] DEBUG karate.org.apache.http.impl.conn.DefaultManagedHttpClientConnection - http-outgoing-32: set socket timeout to 20000
13:04:56.936 [main] DEBUG karate.org.apache.http.impl.execchain.MainClientExec - Executing request GET /customer/contactCenterOdsData/v1/account?businessUnit=BIZ&limit=1&brand=TELUS&lob=WIRELESS&status=ACTIVE HTTP/1.1
13:04:56.936 [main] DEBUG karate.org.apache.http.impl.execchain.MainClientExec - Proxy auth state: UNCHALLENGED
13:04:56.936 [main] DEBUG karate.org.apache.http.headers - http-outgoing-32 >> GET /customer/contactCenterOdsData/v1/account?businessUnit=BIZ&limit=1&brand=TELUS&lob=WIRELESS&status=ACTIVE HTTP/1.1
13:04:56.936 [main] DEBUG karate.org.apache.http.headers - http-outgoing-32 >> Content-Type: application/json
13:04:56.936 [main] DEBUG karate.org.apache.http.headers - http-outgoing-32 >> env: it01
13:04:56.936 [main] DEBUG karate.org.apache.http.headers - http-outgoing-32 >> Authorization: Bearer eyJhbGciOiJSUzI1NiIsImtpZCI6ImNhZGZhMTYyLTU2YzEtNGRiOS1hNjNmLTYwZTM3NzIwMWJkZiIsInBpLmF0bSI6IjMifQ.eyJzY29wZSI6WyI0NzIwIl0sImF1dGhvcml6YXRpb25fZGV0YWlscyI6W10sImNsaWVudF9pZCI6IjUyZTgwYmZhLWI0MmMtNDdkNy05OGI1LThiYjg3YzkyNjIwOSIsImlzcyI6Imh0dHBzOi8vdGVhbXNzby1pdHMwNC50ZWx1cy5jb20iLCJhdWQiOiJrb25nIiwiaWF0IjoxNzIzMjIzMDg5LCJleHAiOjE3MjMyMjMzODl9.flESEmYyI_eCkBmzn54OkGfP2lAIxnyqs2XbjtABUAmEnkCOQe8uoiUdROg_nBCNsbluJLTMIyv2VQYcEFeVpzwJIN4AH00KC-3px8L7DRMcbbbRqgIOGamUVRjytKBt3cFR1XVCW32bLo_XlS6M0CPdsCtowSRRwenf6htGC3loiXiWZ8pxuYaJNnmQfuSN9rWpZNHc8y-eYDl0xm6EoEXQSfatP3EAxDBw6tgqlb5patcu_afyMqKiHha9IdISwDeMrqyfvgoAR4Sqhdy3Uxp_k_xzmM-XWElgzY0YfiUnRnIl01fsIz1UO7xaed3xVyVlwsYrq6nB9I57SYDk-A
13:04:56.937 [main] DEBUG karate.org.apache.http.headers - http-outgoing-32 >> Host: apigw-st.telus.com
13:04:56.937 [main] DEBUG karate.org.apache.http.headers - http-outgoing-32 >> Connection: Keep-Alive
13:04:56.937 [main] DEBUG karate.org.apache.http.headers - http-outgoing-32 >> User-Agent: Apache-HttpClient/4.5.13 (Java/20.0.2)
13:04:56.937 [main] DEBUG karate.org.apache.http.headers - http-outgoing-32 >> Accept-Encoding: gzip,deflate
13:04:56.937 [main] DEBUG karate.org.apache.http.wire - http-outgoing-32 >> "GET /customer/contactCenterOdsData/v1/account?businessUnit=BIZ&limit=1&brand=TELUS&lob=WIRELESS&status=ACTIVE HTTP/1.1[\r][\n]"
13:04:56.937 [main] DEBUG karate.org.apache.http.wire - http-outgoing-32 >> "Content-Type: application/json[\r][\n]"
13:04:56.937 [main] DEBUG karate.org.apache.http.wire - http-outgoing-32 >> "env: it01[\r][\n]"
13:04:56.937 [main] DEBUG karate.org.apache.http.wire - http-outgoing-32 >> "Authorization: Bearer eyJhbGciOiJSUzI1NiIsImtpZCI6ImNhZGZhMTYyLTU2YzEtNGRiOS1hNjNmLTYwZTM3NzIwMWJkZiIsInBpLmF0bSI6IjMifQ.eyJzY29wZSI6WyI0NzIwIl0sImF1dGhvcml6YXRpb25fZGV0YWlscyI6W10sImNsaWVudF9pZCI6IjUyZTgwYmZhLWI0MmMtNDdkNy05OGI1LThiYjg3YzkyNjIwOSIsImlzcyI6Imh0dHBzOi8vdGVhbXNzby1pdHMwNC50ZWx1cy5jb20iLCJhdWQiOiJrb25nIiwiaWF0IjoxNzIzMjIzMDg5LCJleHAiOjE3MjMyMjMzODl9.flESEmYyI_eCkBmzn54OkGfP2lAIxnyqs2XbjtABUAmEnkCOQe8uoiUdROg_nBCNsbluJLTMIyv2VQYcEFeVpzwJIN4AH00KC-3px8L7DRMcbbbRqgIOGamUVRjytKBt3cFR1XVCW32bLo_XlS6M0CPdsCtowSRRwenf6htGC3loiXiWZ8pxuYaJNnmQfuSN9rWpZNHc8y-eYDl0xm6EoEXQSfatP3EAxDBw6tgqlb5patcu_afyMqKiHha9IdISwDeMrqyfvgoAR4Sqhdy3Uxp_k_xzmM-XWElgzY0YfiUnRnIl01fsIz1UO7xaed3xVyVlwsYrq6nB9I57SYDk-A[\r][\n]"
13:04:56.937 [main] DEBUG karate.org.apache.http.wire - http-outgoing-32 >> "Host: apigw-st.telus.com[\r][\n]"
13:04:56.937 [main] DEBUG karate.org.apache.http.wire - http-outgoing-32 >> "Connection: Keep-Alive[\r][\n]"
13:04:56.937 [main] DEBUG karate.org.apache.http.wire - http-outgoing-32 >> "User-Agent: Apache-HttpClient/4.5.13 (Java/20.0.2)[\r][\n]"
13:04:56.937 [main] DEBUG karate.org.apache.http.wire - http-outgoing-32 >> "Accept-Encoding: gzip,deflate[\r][\n]"
13:04:56.937 [main] DEBUG karate.org.apache.http.wire - http-outgoing-32 >> "[\r][\n]"
13:04:56.984 [main] DEBUG karate.org.apache.http.wire - http-outgoing-32 << "HTTP/1.1 403 Forbidden[\r][\n]"
13:04:56.984 [main] DEBUG karate.org.apache.http.wire - http-outgoing-32 << "Content-Type: application/json; charset=utf-8[\r][\n]"
13:04:56.984 [main] DEBUG karate.org.apache.http.wire - http-outgoing-32 << "Content-Length: 23[\r][\n]"
13:04:56.984 [main] DEBUG karate.org.apache.http.wire - http-outgoing-32 << "Connection: keep-alive[\r][\n]"
13:04:56.984 [main] DEBUG karate.org.apache.http.wire - http-outgoing-32 << "Date: Fri, 09 Aug 2024 17:04:57 GMT[\r][\n]"
13:04:56.984 [main] DEBUG karate.org.apache.http.wire - http-outgoing-32 << "WWW-Authenticate: Bearer realm="telusidentity.apigateway.telus.com", error="insufficient_scope"[\r][\n]"
13:04:56.984 [main] DEBUG karate.org.apache.http.wire - http-outgoing-32 << "Kong-Request-ID: 9df030cd-e549-46fc-a886-0445fff0e82d#347211[\r][\n]"
13:04:56.984 [main] DEBUG karate.org.apache.http.wire - http-outgoing-32 << "vary: Origin[\r][\n]"
13:04:56.984 [main] DEBUG karate.org.apache.http.wire - http-outgoing-32 << "X-Kong-Response-Latency: 2[\r][\n]"
13:04:56.984 [main] DEBUG karate.org.apache.http.wire - http-outgoing-32 << "Server: kong/3.4.3.11-enterprise-edition[\r][\n]"
13:04:56.984 [main] DEBUG karate.org.apache.http.wire - http-outgoing-32 << "X-Kong-Request-Id: a4f59f44f2fcd2101bc36a7a27b6b923[\r][\n]"
13:04:56.984 [main] DEBUG karate.org.apache.http.wire - http-outgoing-32 << "vary: Origin[\r][\n]"
13:04:56.984 [main] DEBUG karate.org.apache.http.wire - http-outgoing-32 << "X-Kong-Upstream-Latency: 5[\r][\n]"
13:04:56.984 [main] DEBUG karate.org.apache.http.wire - http-outgoing-32 << "X-Kong-Proxy-Latency: 1[\r][\n]"
13:04:56.984 [main] DEBUG karate.org.apache.http.wire - http-outgoing-32 << "Via: kong/3.4.3.11-enterprise-edition[\r][\n]"
13:04:56.984 [main] DEBUG karate.org.apache.http.wire - http-outgoing-32 << "[\r][\n]"
13:04:56.984 [main] DEBUG karate.org.apache.http.wire - http-outgoing-32 << "{"message":"Forbidden"}"
13:04:56.984 [main] DEBUG karate.org.apache.http.headers - http-outgoing-32 << HTTP/1.1 403 Forbidden
13:04:56.984 [main] DEBUG karate.org.apache.http.headers - http-outgoing-32 << Content-Type: application/json; charset=utf-8
13:04:56.984 [main] DEBUG karate.org.apache.http.headers - http-outgoing-32 << Content-Length: 23
13:04:56.984 [main] DEBUG karate.org.apache.http.headers - http-outgoing-32 << Connection: keep-alive
13:04:56.984 [main] DEBUG karate.org.apache.http.headers - http-outgoing-32 << Date: Fri, 09 Aug 2024 17:04:57 GMT
13:04:56.984 [main] DEBUG karate.org.apache.http.headers - http-outgoing-32 << WWW-Authenticate: Bearer realm="telusidentity.apigateway.telus.com", error="insufficient_scope"
13:04:56.985 [main] DEBUG karate.org.apache.http.headers - http-outgoing-32 << Kong-Request-ID: 9df030cd-e549-46fc-a886-0445fff0e82d#347211
13:04:56.985 [main] DEBUG karate.org.apache.http.headers - http-outgoing-32 << vary: Origin
13:04:56.985 [main] DEBUG karate.org.apache.http.headers - http-outgoing-32 << X-Kong-Response-Latency: 2
13:04:56.985 [main] DEBUG karate.org.apache.http.headers - http-outgoing-32 << Server: kong/3.4.3.11-enterprise-edition
13:04:56.985 [main] DEBUG karate.org.apache.http.headers - http-outgoing-32 << X-Kong-Request-Id: a4f59f44f2fcd2101bc36a7a27b6b923
13:04:56.985 [main] DEBUG karate.org.apache.http.headers - http-outgoing-32 << vary: Origin
13:04:56.985 [main] DEBUG karate.org.apache.http.headers - http-outgoing-32 << X-Kong-Upstream-Latency: 5
13:04:56.985 [main] DEBUG karate.org.apache.http.headers - http-outgoing-32 << X-Kong-Proxy-Latency: 1
13:04:56.985 [main] DEBUG karate.org.apache.http.headers - http-outgoing-32 << Via: kong/3.4.3.11-enterprise-edition
13:04:56.985 [main] DEBUG karate.org.apache.http.impl.execchain.MainClientExec - Connection can be kept alive indefinitely
13:04:56.985 [main] DEBUG karate.org.apache.http.impl.conn.PoolingHttpClientConnectionManager - Connection [id: 32][route: {s}->https://apigw-st.telus.com:443] can be kept alive indefinitely
13:04:56.985 [main] DEBUG karate.org.apache.http.impl.conn.DefaultManagedHttpClientConnection - http-outgoing-32: set socket timeout to 0
13:04:56.985 [main] DEBUG karate.org.apache.http.impl.conn.PoolingHttpClientConnectionManager - Connection released: [id: 32][route: {s}->https://apigw-st.telus.com:443][total available: 1; route allocated: 1 of 5; total allocated: 1 of 10]
13:04:56.985 [main] DEBUG com.intuit.karate - response time in milliseconds: 145
1 < 403
1 < Content-Type: application/json; charset=utf-8
1 < Content-Length: 23
1 < Connection: keep-alive
1 < Date: Fri, 09 Aug 2024 17:04:57 GMT
1 < WWW-Authenticate: Bearer realm="telusidentity.apigateway.telus.com", error="insufficient_scope"
1 < Kong-Request-ID: 9df030cd-e549-46fc-a886-0445fff0e82d#347211
1 < vary: Origin
1 < vary: Origin
1 < X-Kong-Response-Latency: 2
1 < Server: kong/3.4.3.11-enterprise-edition
1 < X-Kong-Request-Id: a4f59f44f2fcd2101bc36a7a27b6b923
1 < X-Kong-Upstream-Latency: 5
1 < X-Kong-Proxy-Latency: 1
1 < Via: kong/3.4.3.11-enterprise-edition
{"message":"Forbidden"}
13:04:56.985 [main] INFO com.intuit.karate - [print] {
  "message": "Forbidden"
}
 
13:04:56.987 [main] DEBUG com.intuit.karate - write to file: target\testdata\output.json
13:04:56.987 [main] INFO com.intuit.karate - [print] {
  "message": "Forbidden"
}
 
13:04:56.988 [main] INFO com.intuit.karate - << lock released, cached callonce: read("../odsdata/getTestData_Business_Non_Prod.feature@getdatabizWLS")
13:04:56.988 [main] DEBUG com.intuit.karate.core.ScenarioEngine - over-writing existing variable 'mockResponseWLS_CORP_ACTIVE' with new value: callonce read("../odsdata/getTestData_CORP_Non_Prod.feature@getdataCorpActive")
13:04:56.989 [main] INFO com.intuit.karate - >> lock acquired, begin callonce: read("../odsdata/getTestData_CORP_Non_Prod.feature@getdataCorpActive")
13:04:56.990 [main] INFO com.intuit.karate.core.FeatureRuntime - classpath:feature/../odsdata/getTestData_CORP_Non_Prod.feature - call by tag at line 17: getdataCorpActive
13:04:56.995 [main] INFO com.intuit.karate - [print]  
13:04:56.996 [main] INFO com.intuit.karate - [print]  
13:04:56.996 [main] INFO com.intuit.karate - [print]  
13:04:56.998 [main] DEBUG karate.org.apache.http.client.protocol.RequestAddCookies - CookieSpec selected: karate
13:04:56.999 [main] DEBUG karate.org.apache.http.client.protocol.RequestAuthCache - Auth cache not set in the context
13:04:56.999 [main] DEBUG com.intuit.karate - request:
1 > GET https://apigw-st.telus.com/customer/contactCenterOdsData/v1/account?businessUnit=CORP&limit=1&brand=TELUS&lob=WIRELESS&status=ACTIVE
1 > Content-Type: application/json
1 > env: it01
1 > Authorization: Bearer eyJhbGciOiJSUzI1NiIsImtpZCI6ImNhZGZhMTYyLTU2YzEtNGRiOS1hNjNmLTYwZTM3NzIwMWJkZiIsInBpLmF0bSI6IjMifQ.eyJzY29wZSI6WyI0NzIwIl0sImF1dGhvcml6YXRpb25fZGV0YWlscyI6W10sImNsaWVudF9pZCI6IjUyZTgwYmZhLWI0MmMtNDdkNy05OGI1LThiYjg3YzkyNjIwOSIsImlzcyI6Imh0dHBzOi8vdGVhbXNzby1pdHMwNC50ZWx1cy5jb20iLCJhdWQiOiJrb25nIiwiaWF0IjoxNzIzMjIzMDg5LCJleHAiOjE3MjMyMjMzODl9.flESEmYyI_eCkBmzn54OkGfP2lAIxnyqs2XbjtABUAmEnkCOQe8uoiUdROg_nBCNsbluJLTMIyv2VQYcEFeVpzwJIN4AH00KC-3px8L7DRMcbbbRqgIOGamUVRjytKBt3cFR1XVCW32bLo_XlS6M0CPdsCtowSRRwenf6htGC3loiXiWZ8pxuYaJNnmQfuSN9rWpZNHc8y-eYDl0xm6EoEXQSfatP3EAxDBw6tgqlb5patcu_afyMqKiHha9IdISwDeMrqyfvgoAR4Sqhdy3Uxp_k_xzmM-XWElgzY0YfiUnRnIl01fsIz1UO7xaed3xVyVlwsYrq6nB9I57SYDk-A
1 > Host: apigw-st.telus.com
1 > Connection: Keep-Alive
1 > User-Agent: Apache-HttpClient/4.5.13 (Java/20.0.2)
1 > Accept-Encoding: gzip,deflate


13:04:56.999 [main] DEBUG karate.org.apache.http.impl.conn.PoolingHttpClientConnectionManager - Connection request: [route: {s}->https://apigw-st.telus.com:443][total available: 0; route allocated: 0 of 5; total allocated: 0 of 10]
13:04:56.999 [main] DEBUG karate.org.apache.http.impl.conn.PoolingHttpClientConnectionManager - Connection leased: [id: 33][route: {s}->https://apigw-st.telus.com:443][total available: 0; route allocated: 1 of 5; total allocated: 1 of 10]
13:04:56.999 [main] DEBUG karate.org.apache.http.impl.execchain.MainClientExec - Opening connection {s}->https://apigw-st.telus.com:443
13:04:57.000 [main] DEBUG karate.org.apache.http.impl.conn.DefaultHttpClientConnectionOperator - Connecting to apigw-st.telus.com/207.219.84.31:443
13:04:57.000 [main] DEBUG karate.org.apache.http.conn.ssl.LenientSslConnectionSocketFactory - Connecting socket to apigw-st.telus.com/207.219.84.31:443 with timeout 10000
13:04:57.036 [main] DEBUG karate.org.apache.http.conn.ssl.LenientSslConnectionSocketFactory - Enabled protocols: [TLSv1.3, TLSv1.2]
13:04:57.036 [main] DEBUG karate.org.apache.http.conn.ssl.LenientSslConnectionSocketFactory - Enabled cipher suites:[TLS_AES_256_GCM_SHA384, TLS_AES_128_GCM_SHA256, TLS_CHACHA20_POLY1305_SHA256, TLS_ECDHE_ECDSA_WITH_AES_256_GCM_SHA384, TLS_ECDHE_ECDSA_WITH_AES_128_GCM_SHA256, TLS_ECDHE_ECDSA_WITH_CHACHA20_POLY1305_SHA256, TLS_ECDHE_RSA_WITH_AES_256_GCM_SHA384, TLS_ECDHE_RSA_WITH_CHACHA20_POLY1305_SHA256, TLS_ECDHE_RSA_WITH_AES_128_GCM_SHA256, TLS_DHE_RSA_WITH_AES_256_GCM_SHA384, TLS_DHE_RSA_WITH_CHACHA20_POLY1305_SHA256, TLS_DHE_DSS_WITH_AES_256_GCM_SHA384, TLS_DHE_RSA_WITH_AES_128_GCM_SHA256, TLS_DHE_DSS_WITH_AES_128_GCM_SHA256, TLS_ECDHE_ECDSA_WITH_AES_256_CBC_SHA384, TLS_ECDHE_RSA_WITH_AES_256_CBC_SHA384, TLS_ECDHE_ECDSA_WITH_AES_128_CBC_SHA256, TLS_ECDHE_RSA_WITH_AES_128_CBC_SHA256, TLS_DHE_RSA_WITH_AES_256_CBC_SHA256, TLS_DHE_DSS_WITH_AES_256_CBC_SHA256, TLS_DHE_RSA_WITH_AES_128_CBC_SHA256, TLS_DHE_DSS_WITH_AES_128_CBC_SHA256, TLS_ECDHE_ECDSA_WITH_AES_256_CBC_SHA, TLS_ECDHE_RSA_WITH_AES_256_CBC_SHA, TLS_ECDHE_ECDSA_WITH_AES_128_CBC_SHA, TLS_ECDHE_RSA_WITH_AES_128_CBC_SHA, TLS_DHE_RSA_WITH_AES_256_CBC_SHA, TLS_DHE_DSS_WITH_AES_256_CBC_SHA, TLS_DHE_RSA_WITH_AES_128_CBC_SHA, TLS_DHE_DSS_WITH_AES_128_CBC_SHA, TLS_RSA_WITH_AES_256_GCM_SHA384, TLS_RSA_WITH_AES_128_GCM_SHA256, TLS_RSA_WITH_AES_256_CBC_SHA256, TLS_RSA_WITH_AES_128_CBC_SHA256, TLS_RSA_WITH_AES_256_CBC_SHA, TLS_RSA_WITH_AES_128_CBC_SHA, TLS_EMPTY_RENEGOTIATION_INFO_SCSV]
13:04:57.036 [main] DEBUG karate.org.apache.http.conn.ssl.LenientSslConnectionSocketFactory - Starting handshake
13:04:57.089 [main] DEBUG karate.org.apache.http.conn.ssl.LenientSslConnectionSocketFactory - Secure session established
13:04:57.089 [main] DEBUG karate.org.apache.http.conn.ssl.LenientSslConnectionSocketFactory -  negotiated protocol: TLSv1.3
13:04:57.089 [main] DEBUG karate.org.apache.http.conn.ssl.LenientSslConnectionSocketFactory -  negotiated cipher suite: TLS_AES_128_GCM_SHA256
13:04:57.089 [main] DEBUG karate.org.apache.http.conn.ssl.LenientSslConnectionSocketFactory -  peer principal: CN=apigw-soap-st.telus.com, O=TELUS Corp., L=Vancouver, ST=British Columbia, C=CA
13:04:57.089 [main] DEBUG karate.org.apache.http.conn.ssl.LenientSslConnectionSocketFactory -  peer alternative names: [apigw-soap-st.telus.com, apigw-st.telus.com, apigw-qidc-st.telus.com, apigw-kidc-st.telus.com, apigw-soap-qidc-st.telus.com, apigw-soap-kidc-st.telus.com]
13:04:57.089 [main] DEBUG karate.org.apache.http.conn.ssl.LenientSslConnectionSocketFactory -  issuer principal: CN=DigiCert Global G2 TLS RSA SHA256 2020 CA1, O=DigiCert Inc, C=US
13:04:57.090 [main] DEBUG karate.org.apache.http.impl.conn.DefaultHttpClientConnectionOperator - Connection established 192.168.1.65:54971<->207.219.84.31:443
13:04:57.090 [main] DEBUG karate.org.apache.http.impl.conn.DefaultManagedHttpClientConnection - http-outgoing-33: set socket timeout to 20000
13:04:57.090 [main] DEBUG karate.org.apache.http.impl.execchain.MainClientExec - Executing request GET /customer/contactCenterOdsData/v1/account?businessUnit=CORP&limit=1&brand=TELUS&lob=WIRELESS&status=ACTIVE HTTP/1.1
13:04:57.090 [main] DEBUG karate.org.apache.http.impl.execchain.MainClientExec - Proxy auth state: UNCHALLENGED
13:04:57.090 [main] DEBUG karate.org.apache.http.headers - http-outgoing-33 >> GET /customer/contactCenterOdsData/v1/account?businessUnit=CORP&limit=1&brand=TELUS&lob=WIRELESS&status=ACTIVE HTTP/1.1
13:04:57.090 [main] DEBUG karate.org.apache.http.headers - http-outgoing-33 >> Content-Type: application/json
13:04:57.090 [main] DEBUG karate.org.apache.http.headers - http-outgoing-33 >> env: it01
13:04:57.090 [main] DEBUG karate.org.apache.http.headers - http-outgoing-33 >> Authorization: Bearer eyJhbGciOiJSUzI1NiIsImtpZCI6ImNhZGZhMTYyLTU2YzEtNGRiOS1hNjNmLTYwZTM3NzIwMWJkZiIsInBpLmF0bSI6IjMifQ.eyJzY29wZSI6WyI0NzIwIl0sImF1dGhvcml6YXRpb25fZGV0YWlscyI6W10sImNsaWVudF9pZCI6IjUyZTgwYmZhLWI0MmMtNDdkNy05OGI1LThiYjg3YzkyNjIwOSIsImlzcyI6Imh0dHBzOi8vdGVhbXNzby1pdHMwNC50ZWx1cy5jb20iLCJhdWQiOiJrb25nIiwiaWF0IjoxNzIzMjIzMDg5LCJleHAiOjE3MjMyMjMzODl9.flESEmYyI_eCkBmzn54OkGfP2lAIxnyqs2XbjtABUAmEnkCOQe8uoiUdROg_nBCNsbluJLTMIyv2VQYcEFeVpzwJIN4AH00KC-3px8L7DRMcbbbRqgIOGamUVRjytKBt3cFR1XVCW32bLo_XlS6M0CPdsCtowSRRwenf6htGC3loiXiWZ8pxuYaJNnmQfuSN9rWpZNHc8y-eYDl0xm6EoEXQSfatP3EAxDBw6tgqlb5patcu_afyMqKiHha9IdISwDeMrqyfvgoAR4Sqhdy3Uxp_k_xzmM-XWElgzY0YfiUnRnIl01fsIz1UO7xaed3xVyVlwsYrq6nB9I57SYDk-A
13:04:57.090 [main] DEBUG karate.org.apache.http.headers - http-outgoing-33 >> Host: apigw-st.telus.com
13:04:57.090 [main] DEBUG karate.org.apache.http.headers - http-outgoing-33 >> Connection: Keep-Alive
13:04:57.090 [main] DEBUG karate.org.apache.http.headers - http-outgoing-33 >> User-Agent: Apache-HttpClient/4.5.13 (Java/20.0.2)
13:04:57.090 [main] DEBUG karate.org.apache.http.headers - http-outgoing-33 >> Accept-Encoding: gzip,deflate
13:04:57.090 [main] DEBUG karate.org.apache.http.wire - http-outgoing-33 >> "GET /customer/contactCenterOdsData/v1/account?businessUnit=CORP&limit=1&brand=TELUS&lob=WIRELESS&status=ACTIVE HTTP/1.1[\r][\n]"
13:04:57.090 [main] DEBUG karate.org.apache.http.wire - http-outgoing-33 >> "Content-Type: application/json[\r][\n]"
13:04:57.090 [main] DEBUG karate.org.apache.http.wire - http-outgoing-33 >> "env: it01[\r][\n]"
13:04:57.090 [main] DEBUG karate.org.apache.http.wire - http-outgoing-33 >> "Authorization: Bearer eyJhbGciOiJSUzI1NiIsImtpZCI6ImNhZGZhMTYyLTU2YzEtNGRiOS1hNjNmLTYwZTM3NzIwMWJkZiIsInBpLmF0bSI6IjMifQ.eyJzY29wZSI6WyI0NzIwIl0sImF1dGhvcml6YXRpb25fZGV0YWlscyI6W10sImNsaWVudF9pZCI6IjUyZTgwYmZhLWI0MmMtNDdkNy05OGI1LThiYjg3YzkyNjIwOSIsImlzcyI6Imh0dHBzOi8vdGVhbXNzby1pdHMwNC50ZWx1cy5jb20iLCJhdWQiOiJrb25nIiwiaWF0IjoxNzIzMjIzMDg5LCJleHAiOjE3MjMyMjMzODl9.flESEmYyI_eCkBmzn54OkGfP2lAIxnyqs2XbjtABUAmEnkCOQe8uoiUdROg_nBCNsbluJLTMIyv2VQYcEFeVpzwJIN4AH00KC-3px8L7DRMcbbbRqgIOGamUVRjytKBt3cFR1XVCW32bLo_XlS6M0CPdsCtowSRRwenf6htGC3loiXiWZ8pxuYaJNnmQfuSN9rWpZNHc8y-eYDl0xm6EoEXQSfatP3EAxDBw6tgqlb5patcu_afyMqKiHha9IdISwDeMrqyfvgoAR4Sqhdy3Uxp_k_xzmM-XWElgzY0YfiUnRnIl01fsIz1UO7xaed3xVyVlwsYrq6nB9I57SYDk-A[\r][\n]"
13:04:57.090 [main] DEBUG karate.org.apache.http.wire - http-outgoing-33 >> "Host: apigw-st.telus.com[\r][\n]"
13:04:57.090 [main] DEBUG karate.org.apache.http.wire - http-outgoing-33 >> "Connection: Keep-Alive[\r][\n]"
13:04:57.090 [main] DEBUG karate.org.apache.http.wire - http-outgoing-33 >> "User-Agent: Apache-HttpClient/4.5.13 (Java/20.0.2)[\r][\n]"
13:04:57.090 [main] DEBUG karate.org.apache.http.wire - http-outgoing-33 >> "Accept-Encoding: gzip,deflate[\r][\n]"
13:04:57.090 [main] DEBUG karate.org.apache.http.wire - http-outgoing-33 >> "[\r][\n]"
13:04:57.137 [main] DEBUG karate.org.apache.http.wire - http-outgoing-33 << "HTTP/1.1 403 Forbidden[\r][\n]"
13:04:57.137 [main] DEBUG karate.org.apache.http.wire - http-outgoing-33 << "Content-Type: application/json; charset=utf-8[\r][\n]"
13:04:57.137 [main] DEBUG karate.org.apache.http.wire - http-outgoing-33 << "Content-Length: 23[\r][\n]"
13:04:57.137 [main] DEBUG karate.org.apache.http.wire - http-outgoing-33 << "Connection: keep-alive[\r][\n]"
13:04:57.137 [main] DEBUG karate.org.apache.http.wire - http-outgoing-33 << "Date: Fri, 09 Aug 2024 17:04:57 GMT[\r][\n]"
13:04:57.137 [main] DEBUG karate.org.apache.http.wire - http-outgoing-33 << "WWW-Authenticate: Bearer realm="telusidentity.apigateway.telus.com", error="insufficient_scope"[\r][\n]"
13:04:57.137 [main] DEBUG karate.org.apache.http.wire - http-outgoing-33 << "Kong-Request-ID: 813137a7-c89b-4b1b-ab8b-01bbb50fe511#396400[\r][\n]"
13:04:57.137 [main] DEBUG karate.org.apache.http.wire - http-outgoing-33 << "vary: Origin[\r][\n]"
13:04:57.137 [main] DEBUG karate.org.apache.http.wire - http-outgoing-33 << "X-Kong-Response-Latency: 3[\r][\n]"
13:04:57.137 [main] DEBUG karate.org.apache.http.wire - http-outgoing-33 << "Server: kong/3.4.3.11-enterprise-edition[\r][\n]"
13:04:57.137 [main] DEBUG karate.org.apache.http.wire - http-outgoing-33 << "X-Kong-Request-Id: afdab337fb1a073dc11b85198e884763[\r][\n]"
13:04:57.137 [main] DEBUG karate.org.apache.http.wire - http-outgoing-33 << "vary: Origin[\r][\n]"
13:04:57.137 [main] DEBUG karate.org.apache.http.wire - http-outgoing-33 << "X-Kong-Upstream-Latency: 6[\r][\n]"
13:04:57.137 [main] DEBUG karate.org.apache.http.wire - http-outgoing-33 << "X-Kong-Proxy-Latency: 1[\r][\n]"
13:04:57.137 [main] DEBUG karate.org.apache.http.wire - http-outgoing-33 << "Via: kong/3.4.3.11-enterprise-edition[\r][\n]"
13:04:57.137 [main] DEBUG karate.org.apache.http.wire - http-outgoing-33 << "[\r][\n]"
13:04:57.137 [main] DEBUG karate.org.apache.http.wire - http-outgoing-33 << "{"message":"Forbidden"}"
13:04:57.137 [main] DEBUG karate.org.apache.http.headers - http-outgoing-33 << HTTP/1.1 403 Forbidden
13:04:57.137 [main] DEBUG karate.org.apache.http.headers - http-outgoing-33 << Content-Type: application/json; charset=utf-8
13:04:57.137 [main] DEBUG karate.org.apache.http.headers - http-outgoing-33 << Content-Length: 23
13:04:57.137 [main] DEBUG karate.org.apache.http.headers - http-outgoing-33 << Connection: keep-alive
13:04:57.137 [main] DEBUG karate.org.apache.http.headers - http-outgoing-33 << Date: Fri, 09 Aug 2024 17:04:57 GMT
13:04:57.137 [main] DEBUG karate.org.apache.http.headers - http-outgoing-33 << WWW-Authenticate: Bearer realm="telusidentity.apigateway.telus.com", error="insufficient_scope"
13:04:57.137 [main] DEBUG karate.org.apache.http.headers - http-outgoing-33 << Kong-Request-ID: 813137a7-c89b-4b1b-ab8b-01bbb50fe511#396400
13:04:57.137 [main] DEBUG karate.org.apache.http.headers - http-outgoing-33 << vary: Origin
13:04:57.137 [main] DEBUG karate.org.apache.http.headers - http-outgoing-33 << X-Kong-Response-Latency: 3
13:04:57.137 [main] DEBUG karate.org.apache.http.headers - http-outgoing-33 << Server: kong/3.4.3.11-enterprise-edition
13:04:57.137 [main] DEBUG karate.org.apache.http.headers - http-outgoing-33 << X-Kong-Request-Id: afdab337fb1a073dc11b85198e884763
13:04:57.137 [main] DEBUG karate.org.apache.http.headers - http-outgoing-33 << vary: Origin
13:04:57.137 [main] DEBUG karate.org.apache.http.headers - http-outgoing-33 << X-Kong-Upstream-Latency: 6
13:04:57.137 [main] DEBUG karate.org.apache.http.headers - http-outgoing-33 << X-Kong-Proxy-Latency: 1
13:04:57.137 [main] DEBUG karate.org.apache.http.headers - http-outgoing-33 << Via: kong/3.4.3.11-enterprise-edition
13:04:57.137 [main] DEBUG karate.org.apache.http.impl.execchain.MainClientExec - Connection can be kept alive indefinitely
13:04:57.138 [main] DEBUG karate.org.apache.http.impl.conn.PoolingHttpClientConnectionManager - Connection [id: 33][route: {s}->https://apigw-st.telus.com:443] can be kept alive indefinitely
13:04:57.138 [main] DEBUG karate.org.apache.http.impl.conn.DefaultManagedHttpClientConnection - http-outgoing-33: set socket timeout to 0
13:04:57.138 [main] DEBUG karate.org.apache.http.impl.conn.PoolingHttpClientConnectionManager - Connection released: [id: 33][route: {s}->https://apigw-st.telus.com:443][total available: 1; route allocated: 1 of 5; total allocated: 1 of 10]
13:04:57.138 [main] DEBUG com.intuit.karate - response time in milliseconds: 139
1 < 403
1 < Content-Type: application/json; charset=utf-8
1 < Content-Length: 23
1 < Connection: keep-alive
1 < Date: Fri, 09 Aug 2024 17:04:57 GMT
1 < WWW-Authenticate: Bearer realm="telusidentity.apigateway.telus.com", error="insufficient_scope"
1 < Kong-Request-ID: 813137a7-c89b-4b1b-ab8b-01bbb50fe511#396400
1 < vary: Origin
1 < vary: Origin
1 < X-Kong-Response-Latency: 3
1 < Server: kong/3.4.3.11-enterprise-edition
1 < X-Kong-Request-Id: afdab337fb1a073dc11b85198e884763
1 < X-Kong-Upstream-Latency: 6
1 < X-Kong-Proxy-Latency: 1
1 < Via: kong/3.4.3.11-enterprise-edition
{"message":"Forbidden"}
13:04:57.139 [main] INFO com.intuit.karate - [print] {
  "message": "Forbidden"
}
 
13:04:57.141 [main] DEBUG com.intuit.karate - write to file: target\testdata\output.json
13:04:57.141 [main] INFO com.intuit.karate - [print] {
  "message": "Forbidden"
}
 
13:04:57.142 [main] INFO com.intuit.karate - << lock released, cached callonce: read("../odsdata/getTestData_CORP_Non_Prod.feature@getdataCorpActive")
13:04:57.142 [main] DEBUG com.intuit.karate.core.ScenarioEngine - over-writing existing variable 'mockResponseWLS_CORP_SUSPENDED' with new value: callonce read("../odsdata/getTestData_CORP_Non_Prod.feature@getdataCorpSuspended")
13:04:57.143 [main] INFO com.intuit.karate - >> lock acquired, begin callonce: read("../odsdata/getTestData_CORP_Non_Prod.feature@getdataCorpSuspended")
13:04:57.143 [main] INFO com.intuit.karate.core.FeatureRuntime - classpath:feature/../odsdata/getTestData_CORP_Non_Prod.feature - call by tag at line 31: getdataCorpSuspended
13:04:57.146 [main] INFO com.intuit.karate - [print] {
  "responseHeaders": {
    "Content-Type": [
      "application/json; charset=utf-8"
    ],
    "Content-Length": [
      "23"
    ],
    "Connection": [
      "keep-alive"
    ],
    "Date": [
      "Fri, 09 Aug 2024 17:04:57 GMT"
    ],
    "WWW-Authenticate": [
      "Bearer realm=\"telusidentity.apigateway.telus.com\", error=\"insufficient_scope\""
    ],
    "Kong-Request-ID": [
      "813137a7-c89b-4b1b-ab8b-01bbb50fe511#396400"
    ],
    "vary": [
      "Origin",
      "Origin"
    ],
    "X-Kong-Response-Latency": [
      "3"
    ],
    "Server": [
      "kong/3.4.3.11-enterprise-edition"
    ],
    "X-Kong-Request-Id": [
      "afdab337fb1a073dc11b85198e884763"
    ],
    "X-Kong-Upstream-Latency": [
      "6"
    ],
    "X-Kong-Proxy-Latency": [
      "1"
    ],
    "Via": [
      "kong/3.4.3.11-enterprise-edition"
    ]
  },
  "responseStatus": 403,
  "response": {
    "message": "Forbidden"
  },
  "mockResponseWLS_CORP_ACTIVE": "#ref:java.util.LinkedHashMap"
}
 
13:04:57.146 [main] INFO com.intuit.karate - [print]  
13:04:57.146 [main] INFO com.intuit.karate - [print]  
13:04:57.148 [main] DEBUG karate.org.apache.http.client.protocol.RequestAddCookies - CookieSpec selected: karate
13:04:57.148 [main] DEBUG karate.org.apache.http.client.protocol.RequestAuthCache - Auth cache not set in the context
13:04:57.148 [main] DEBUG com.intuit.karate - request:
1 > GET https://apigw-st.telus.com/customer/contactCenterOdsData/v1/account?businessUnit=CORP&limit=1&brand=TELUS&lob=WIRELESS&status=SUSPENDED
1 > Content-Type: application/json
1 > env: it01
1 > Authorization: Bearer eyJhbGciOiJSUzI1NiIsImtpZCI6ImNhZGZhMTYyLTU2YzEtNGRiOS1hNjNmLTYwZTM3NzIwMWJkZiIsInBpLmF0bSI6IjMifQ.eyJzY29wZSI6WyI0NzIwIl0sImF1dGhvcml6YXRpb25fZGV0YWlscyI6W10sImNsaWVudF9pZCI6IjUyZTgwYmZhLWI0MmMtNDdkNy05OGI1LThiYjg3YzkyNjIwOSIsImlzcyI6Imh0dHBzOi8vdGVhbXNzby1pdHMwNC50ZWx1cy5jb20iLCJhdWQiOiJrb25nIiwiaWF0IjoxNzIzMjIzMDg5LCJleHAiOjE3MjMyMjMzODl9.flESEmYyI_eCkBmzn54OkGfP2lAIxnyqs2XbjtABUAmEnkCOQe8uoiUdROg_nBCNsbluJLTMIyv2VQYcEFeVpzwJIN4AH00KC-3px8L7DRMcbbbRqgIOGamUVRjytKBt3cFR1XVCW32bLo_XlS6M0CPdsCtowSRRwenf6htGC3loiXiWZ8pxuYaJNnmQfuSN9rWpZNHc8y-eYDl0xm6EoEXQSfatP3EAxDBw6tgqlb5patcu_afyMqKiHha9IdISwDeMrqyfvgoAR4Sqhdy3Uxp_k_xzmM-XWElgzY0YfiUnRnIl01fsIz1UO7xaed3xVyVlwsYrq6nB9I57SYDk-A
1 > Host: apigw-st.telus.com
1 > Connection: Keep-Alive
1 > User-Agent: Apache-HttpClient/4.5.13 (Java/20.0.2)
1 > Accept-Encoding: gzip,deflate


13:04:57.148 [main] DEBUG karate.org.apache.http.impl.conn.PoolingHttpClientConnectionManager - Connection request: [route: {s}->https://apigw-st.telus.com:443][total available: 0; route allocated: 0 of 5; total allocated: 0 of 10]
13:04:57.148 [main] DEBUG karate.org.apache.http.impl.conn.PoolingHttpClientConnectionManager - Connection leased: [id: 34][route: {s}->https://apigw-st.telus.com:443][total available: 0; route allocated: 1 of 5; total allocated: 1 of 10]
13:04:57.148 [main] DEBUG karate.org.apache.http.impl.execchain.MainClientExec - Opening connection {s}->https://apigw-st.telus.com:443
13:04:57.148 [main] DEBUG karate.org.apache.http.impl.conn.DefaultHttpClientConnectionOperator - Connecting to apigw-st.telus.com/207.219.84.31:443
13:04:57.149 [main] DEBUG karate.org.apache.http.conn.ssl.LenientSslConnectionSocketFactory - Connecting socket to apigw-st.telus.com/207.219.84.31:443 with timeout 10000
13:04:57.189 [main] DEBUG karate.org.apache.http.conn.ssl.LenientSslConnectionSocketFactory - Enabled protocols: [TLSv1.3, TLSv1.2]
13:04:57.189 [main] DEBUG karate.org.apache.http.conn.ssl.LenientSslConnectionSocketFactory - Enabled cipher suites:[TLS_AES_256_GCM_SHA384, TLS_AES_128_GCM_SHA256, TLS_CHACHA20_POLY1305_SHA256, TLS_ECDHE_ECDSA_WITH_AES_256_GCM_SHA384, TLS_ECDHE_ECDSA_WITH_AES_128_GCM_SHA256, TLS_ECDHE_ECDSA_WITH_CHACHA20_POLY1305_SHA256, TLS_ECDHE_RSA_WITH_AES_256_GCM_SHA384, TLS_ECDHE_RSA_WITH_CHACHA20_POLY1305_SHA256, TLS_ECDHE_RSA_WITH_AES_128_GCM_SHA256, TLS_DHE_RSA_WITH_AES_256_GCM_SHA384, TLS_DHE_RSA_WITH_CHACHA20_POLY1305_SHA256, TLS_DHE_DSS_WITH_AES_256_GCM_SHA384, TLS_DHE_RSA_WITH_AES_128_GCM_SHA256, TLS_DHE_DSS_WITH_AES_128_GCM_SHA256, TLS_ECDHE_ECDSA_WITH_AES_256_CBC_SHA384, TLS_ECDHE_RSA_WITH_AES_256_CBC_SHA384, TLS_ECDHE_ECDSA_WITH_AES_128_CBC_SHA256, TLS_ECDHE_RSA_WITH_AES_128_CBC_SHA256, TLS_DHE_RSA_WITH_AES_256_CBC_SHA256, TLS_DHE_DSS_WITH_AES_256_CBC_SHA256, TLS_DHE_RSA_WITH_AES_128_CBC_SHA256, TLS_DHE_DSS_WITH_AES_128_CBC_SHA256, TLS_ECDHE_ECDSA_WITH_AES_256_CBC_SHA, TLS_ECDHE_RSA_WITH_AES_256_CBC_SHA, TLS_ECDHE_ECDSA_WITH_AES_128_CBC_SHA, TLS_ECDHE_RSA_WITH_AES_128_CBC_SHA, TLS_DHE_RSA_WITH_AES_256_CBC_SHA, TLS_DHE_DSS_WITH_AES_256_CBC_SHA, TLS_DHE_RSA_WITH_AES_128_CBC_SHA, TLS_DHE_DSS_WITH_AES_128_CBC_SHA, TLS_RSA_WITH_AES_256_GCM_SHA384, TLS_RSA_WITH_AES_128_GCM_SHA256, TLS_RSA_WITH_AES_256_CBC_SHA256, TLS_RSA_WITH_AES_128_CBC_SHA256, TLS_RSA_WITH_AES_256_CBC_SHA, TLS_RSA_WITH_AES_128_CBC_SHA, TLS_EMPTY_RENEGOTIATION_INFO_SCSV]
13:04:57.189 [main] DEBUG karate.org.apache.http.conn.ssl.LenientSslConnectionSocketFactory - Starting handshake
13:04:57.252 [main] DEBUG karate.org.apache.http.conn.ssl.LenientSslConnectionSocketFactory - Secure session established
13:04:57.252 [main] DEBUG karate.org.apache.http.conn.ssl.LenientSslConnectionSocketFactory -  negotiated protocol: TLSv1.3
13:04:57.252 [main] DEBUG karate.org.apache.http.conn.ssl.LenientSslConnectionSocketFactory -  negotiated cipher suite: TLS_AES_128_GCM_SHA256
13:04:57.252 [main] DEBUG karate.org.apache.http.conn.ssl.LenientSslConnectionSocketFactory -  peer principal: CN=apigw-soap-st.telus.com, O=TELUS Corp., L=Vancouver, ST=British Columbia, C=CA
13:04:57.252 [main] DEBUG karate.org.apache.http.conn.ssl.LenientSslConnectionSocketFactory -  peer alternative names: [apigw-soap-st.telus.com, apigw-st.telus.com, apigw-qidc-st.telus.com, apigw-kidc-st.telus.com, apigw-soap-qidc-st.telus.com, apigw-soap-kidc-st.telus.com]
13:04:57.252 [main] DEBUG karate.org.apache.http.conn.ssl.LenientSslConnectionSocketFactory -  issuer principal: CN=DigiCert Global G2 TLS RSA SHA256 2020 CA1, O=DigiCert Inc, C=US
13:04:57.252 [main] DEBUG karate.org.apache.http.impl.conn.DefaultHttpClientConnectionOperator - Connection established 192.168.1.65:54972<->207.219.84.31:443
13:04:57.252 [main] DEBUG karate.org.apache.http.impl.conn.DefaultManagedHttpClientConnection - http-outgoing-34: set socket timeout to 20000
13:04:57.252 [main] DEBUG karate.org.apache.http.impl.execchain.MainClientExec - Executing request GET /customer/contactCenterOdsData/v1/account?businessUnit=CORP&limit=1&brand=TELUS&lob=WIRELESS&status=SUSPENDED HTTP/1.1
13:04:57.252 [main] DEBUG karate.org.apache.http.impl.execchain.MainClientExec - Proxy auth state: UNCHALLENGED
13:04:57.253 [main] DEBUG karate.org.apache.http.headers - http-outgoing-34 >> GET /customer/contactCenterOdsData/v1/account?businessUnit=CORP&limit=1&brand=TELUS&lob=WIRELESS&status=SUSPENDED HTTP/1.1
13:04:57.253 [main] DEBUG karate.org.apache.http.headers - http-outgoing-34 >> Content-Type: application/json
13:04:57.253 [main] DEBUG karate.org.apache.http.headers - http-outgoing-34 >> env: it01
13:04:57.253 [main] DEBUG karate.org.apache.http.headers - http-outgoing-34 >> Authorization: Bearer eyJhbGciOiJSUzI1NiIsImtpZCI6ImNhZGZhMTYyLTU2YzEtNGRiOS1hNjNmLTYwZTM3NzIwMWJkZiIsInBpLmF0bSI6IjMifQ.eyJzY29wZSI6WyI0NzIwIl0sImF1dGhvcml6YXRpb25fZGV0YWlscyI6W10sImNsaWVudF9pZCI6IjUyZTgwYmZhLWI0MmMtNDdkNy05OGI1LThiYjg3YzkyNjIwOSIsImlzcyI6Imh0dHBzOi8vdGVhbXNzby1pdHMwNC50ZWx1cy5jb20iLCJhdWQiOiJrb25nIiwiaWF0IjoxNzIzMjIzMDg5LCJleHAiOjE3MjMyMjMzODl9.flESEmYyI_eCkBmzn54OkGfP2lAIxnyqs2XbjtABUAmEnkCOQe8uoiUdROg_nBCNsbluJLTMIyv2VQYcEFeVpzwJIN4AH00KC-3px8L7DRMcbbbRqgIOGamUVRjytKBt3cFR1XVCW32bLo_XlS6M0CPdsCtowSRRwenf6htGC3loiXiWZ8pxuYaJNnmQfuSN9rWpZNHc8y-eYDl0xm6EoEXQSfatP3EAxDBw6tgqlb5patcu_afyMqKiHha9IdISwDeMrqyfvgoAR4Sqhdy3Uxp_k_xzmM-XWElgzY0YfiUnRnIl01fsIz1UO7xaed3xVyVlwsYrq6nB9I57SYDk-A
13:04:57.253 [main] DEBUG karate.org.apache.http.headers - http-outgoing-34 >> Host: apigw-st.telus.com
13:04:57.253 [main] DEBUG karate.org.apache.http.headers - http-outgoing-34 >> Connection: Keep-Alive
13:04:57.253 [main] DEBUG karate.org.apache.http.headers - http-outgoing-34 >> User-Agent: Apache-HttpClient/4.5.13 (Java/20.0.2)
13:04:57.253 [main] DEBUG karate.org.apache.http.headers - http-outgoing-34 >> Accept-Encoding: gzip,deflate
13:04:57.253 [main] DEBUG karate.org.apache.http.wire - http-outgoing-34 >> "GET /customer/contactCenterOdsData/v1/account?businessUnit=CORP&limit=1&brand=TELUS&lob=WIRELESS&status=SUSPENDED HTTP/1.1[\r][\n]"
13:04:57.253 [main] DEBUG karate.org.apache.http.wire - http-outgoing-34 >> "Content-Type: application/json[\r][\n]"
13:04:57.253 [main] DEBUG karate.org.apache.http.wire - http-outgoing-34 >> "env: it01[\r][\n]"
13:04:57.253 [main] DEBUG karate.org.apache.http.wire - http-outgoing-34 >> "Authorization: Bearer eyJhbGciOiJSUzI1NiIsImtpZCI6ImNhZGZhMTYyLTU2YzEtNGRiOS1hNjNmLTYwZTM3NzIwMWJkZiIsInBpLmF0bSI6IjMifQ.eyJzY29wZSI6WyI0NzIwIl0sImF1dGhvcml6YXRpb25fZGV0YWlscyI6W10sImNsaWVudF9pZCI6IjUyZTgwYmZhLWI0MmMtNDdkNy05OGI1LThiYjg3YzkyNjIwOSIsImlzcyI6Imh0dHBzOi8vdGVhbXNzby1pdHMwNC50ZWx1cy5jb20iLCJhdWQiOiJrb25nIiwiaWF0IjoxNzIzMjIzMDg5LCJleHAiOjE3MjMyMjMzODl9.flESEmYyI_eCkBmzn54OkGfP2lAIxnyqs2XbjtABUAmEnkCOQe8uoiUdROg_nBCNsbluJLTMIyv2VQYcEFeVpzwJIN4AH00KC-3px8L7DRMcbbbRqgIOGamUVRjytKBt3cFR1XVCW32bLo_XlS6M0CPdsCtowSRRwenf6htGC3loiXiWZ8pxuYaJNnmQfuSN9rWpZNHc8y-eYDl0xm6EoEXQSfatP3EAxDBw6tgqlb5patcu_afyMqKiHha9IdISwDeMrqyfvgoAR4Sqhdy3Uxp_k_xzmM-XWElgzY0YfiUnRnIl01fsIz1UO7xaed3xVyVlwsYrq6nB9I57SYDk-A[\r][\n]"
13:04:57.253 [main] DEBUG karate.org.apache.http.wire - http-outgoing-34 >> "Host: apigw-st.telus.com[\r][\n]"
13:04:57.253 [main] DEBUG karate.org.apache.http.wire - http-outgoing-34 >> "Connection: Keep-Alive[\r][\n]"
13:04:57.253 [main] DEBUG karate.org.apache.http.wire - http-outgoing-34 >> "User-Agent: Apache-HttpClient/4.5.13 (Java/20.0.2)[\r][\n]"
13:04:57.253 [main] DEBUG karate.org.apache.http.wire - http-outgoing-34 >> "Accept-Encoding: gzip,deflate[\r][\n]"
13:04:57.253 [main] DEBUG karate.org.apache.http.wire - http-outgoing-34 >> "[\r][\n]"
13:04:57.302 [main] DEBUG karate.org.apache.http.wire - http-outgoing-34 << "HTTP/1.1 403 Forbidden[\r][\n]"
13:04:57.302 [main] DEBUG karate.org.apache.http.wire - http-outgoing-34 << "Content-Type: application/json; charset=utf-8[\r][\n]"
13:04:57.302 [main] DEBUG karate.org.apache.http.wire - http-outgoing-34 << "Content-Length: 23[\r][\n]"
13:04:57.302 [main] DEBUG karate.org.apache.http.wire - http-outgoing-34 << "Connection: keep-alive[\r][\n]"
13:04:57.302 [main] DEBUG karate.org.apache.http.wire - http-outgoing-34 << "Date: Fri, 09 Aug 2024 17:04:57 GMT[\r][\n]"
13:04:57.302 [main] DEBUG karate.org.apache.http.wire - http-outgoing-34 << "WWW-Authenticate: Bearer realm="telusidentity.apigateway.telus.com", error="insufficient_scope"[\r][\n]"
13:04:57.302 [main] DEBUG karate.org.apache.http.wire - http-outgoing-34 << "Kong-Request-ID: 3738f01e-16fb-4a3f-a44f-556d9f0df39b#164923[\r][\n]"
13:04:57.302 [main] DEBUG karate.org.apache.http.wire - http-outgoing-34 << "vary: Origin[\r][\n]"
13:04:57.302 [main] DEBUG karate.org.apache.http.wire - http-outgoing-34 << "X-Kong-Response-Latency: 1[\r][\n]"
13:04:57.302 [main] DEBUG karate.org.apache.http.wire - http-outgoing-34 << "Server: kong/3.4.3.11-enterprise-edition[\r][\n]"
13:04:57.302 [main] DEBUG karate.org.apache.http.wire - http-outgoing-34 << "X-Kong-Request-Id: 350ffb2a5c5628147bf6472a4334054e[\r][\n]"
13:04:57.303 [main] DEBUG karate.org.apache.http.wire - http-outgoing-34 << "vary: Origin[\r][\n]"
13:04:57.303 [main] DEBUG karate.org.apache.http.wire - http-outgoing-34 << "X-Kong-Upstream-Latency: 4[\r][\n]"
13:04:57.303 [main] DEBUG karate.org.apache.http.wire - http-outgoing-34 << "X-Kong-Proxy-Latency: 3[\r][\n]"
13:04:57.303 [main] DEBUG karate.org.apache.http.wire - http-outgoing-34 << "Via: kong/3.4.3.11-enterprise-edition[\r][\n]"
13:04:57.303 [main] DEBUG karate.org.apache.http.wire - http-outgoing-34 << "[\r][\n]"
13:04:57.303 [main] DEBUG karate.org.apache.http.wire - http-outgoing-34 << "{"message":"Forbidden"}"
13:04:57.303 [main] DEBUG karate.org.apache.http.headers - http-outgoing-34 << HTTP/1.1 403 Forbidden
13:04:57.303 [main] DEBUG karate.org.apache.http.headers - http-outgoing-34 << Content-Type: application/json; charset=utf-8
13:04:57.303 [main] DEBUG karate.org.apache.http.headers - http-outgoing-34 << Content-Length: 23
13:04:57.303 [main] DEBUG karate.org.apache.http.headers - http-outgoing-34 << Connection: keep-alive
13:04:57.303 [main] DEBUG karate.org.apache.http.headers - http-outgoing-34 << Date: Fri, 09 Aug 2024 17:04:57 GMT
13:04:57.303 [main] DEBUG karate.org.apache.http.headers - http-outgoing-34 << WWW-Authenticate: Bearer realm="telusidentity.apigateway.telus.com", error="insufficient_scope"
13:04:57.303 [main] DEBUG karate.org.apache.http.headers - http-outgoing-34 << Kong-Request-ID: 3738f01e-16fb-4a3f-a44f-556d9f0df39b#164923
13:04:57.303 [main] DEBUG karate.org.apache.http.headers - http-outgoing-34 << vary: Origin
13:04:57.303 [main] DEBUG karate.org.apache.http.headers - http-outgoing-34 << X-Kong-Response-Latency: 1
13:04:57.303 [main] DEBUG karate.org.apache.http.headers - http-outgoing-34 << Server: kong/3.4.3.11-enterprise-edition
13:04:57.303 [main] DEBUG karate.org.apache.http.headers - http-outgoing-34 << X-Kong-Request-Id: 350ffb2a5c5628147bf6472a4334054e
13:04:57.303 [main] DEBUG karate.org.apache.http.headers - http-outgoing-34 << vary: Origin
13:04:57.303 [main] DEBUG karate.org.apache.http.headers - http-outgoing-34 << X-Kong-Upstream-Latency: 4
13:04:57.303 [main] DEBUG karate.org.apache.http.headers - http-outgoing-34 << X-Kong-Proxy-Latency: 3
13:04:57.303 [main] DEBUG karate.org.apache.http.headers - http-outgoing-34 << Via: kong/3.4.3.11-enterprise-edition
13:04:57.303 [main] DEBUG karate.org.apache.http.impl.execchain.MainClientExec - Connection can be kept alive indefinitely
13:04:57.303 [main] DEBUG karate.org.apache.http.impl.conn.PoolingHttpClientConnectionManager - Connection [id: 34][route: {s}->https://apigw-st.telus.com:443] can be kept alive indefinitely
13:04:57.303 [main] DEBUG karate.org.apache.http.impl.conn.DefaultManagedHttpClientConnection - http-outgoing-34: set socket timeout to 0
13:04:57.303 [main] DEBUG karate.org.apache.http.impl.conn.PoolingHttpClientConnectionManager - Connection released: [id: 34][route: {s}->https://apigw-st.telus.com:443][total available: 1; route allocated: 1 of 5; total allocated: 1 of 10]
13:04:57.303 [main] DEBUG com.intuit.karate - response time in milliseconds: 155
1 < 403
1 < Content-Type: application/json; charset=utf-8
1 < Content-Length: 23
1 < Connection: keep-alive
1 < Date: Fri, 09 Aug 2024 17:04:57 GMT
1 < WWW-Authenticate: Bearer realm="telusidentity.apigateway.telus.com", error="insufficient_scope"
1 < Kong-Request-ID: 3738f01e-16fb-4a3f-a44f-556d9f0df39b#164923
1 < vary: Origin
1 < vary: Origin
1 < X-Kong-Response-Latency: 1
1 < Server: kong/3.4.3.11-enterprise-edition
1 < X-Kong-Request-Id: 350ffb2a5c5628147bf6472a4334054e
1 < X-Kong-Upstream-Latency: 4
1 < X-Kong-Proxy-Latency: 3
1 < Via: kong/3.4.3.11-enterprise-edition
{"message":"Forbidden"}
13:04:57.304 [main] INFO com.intuit.karate - [print] {
  "message": "Forbidden"
}
 
13:04:57.307 [main] DEBUG com.intuit.karate - write to file: target\testdata\output.json
13:04:57.307 [main] INFO com.intuit.karate - [print] {
  "message": "Forbidden"
}
 
13:04:57.308 [main] INFO com.intuit.karate - << lock released, cached callonce: read("../odsdata/getTestData_CORP_Non_Prod.feature@getdataCorpSuspended")
13:04:57.308 [main] DEBUG com.intuit.karate.core.ScenarioEngine - over-writing existing variable 'mockResponseWLS_CORP_CANCELLED' with new value: callonce read("../odsdata/getTestData_CORP_Non_Prod.feature@getdataCorpCancelled")
13:04:57.309 [main] INFO com.intuit.karate - >> lock acquired, begin callonce: read("../odsdata/getTestData_CORP_Non_Prod.feature@getdataCorpCancelled")
13:04:57.310 [main] INFO com.intuit.karate.core.FeatureRuntime - classpath:feature/../odsdata/getTestData_CORP_Non_Prod.feature - call by tag at line 45: getdataCorpCancelled
13:04:57.314 [main] INFO com.intuit.karate - [print] {
  "responseHeaders": {
    "Content-Type": [
      "application/json; charset=utf-8"
    ],
    "Content-Length": [
      "23"
    ],
    "Connection": [
      "keep-alive"
    ],
    "Date": [
      "Fri, 09 Aug 2024 17:04:57 GMT"
    ],
    "WWW-Authenticate": [
      "Bearer realm=\"telusidentity.apigateway.telus.com\", error=\"insufficient_scope\""
    ],
    "Kong-Request-ID": [
      "813137a7-c89b-4b1b-ab8b-01bbb50fe511#396400"
    ],
    "vary": [
      "Origin",
      "Origin"
    ],
    "X-Kong-Response-Latency": [
      "3"
    ],
    "Server": [
      "kong/3.4.3.11-enterprise-edition"
    ],
    "X-Kong-Request-Id": [
      "afdab337fb1a073dc11b85198e884763"
    ],
    "X-Kong-Upstream-Latency": [
      "6"
    ],
    "X-Kong-Proxy-Latency": [
      "1"
    ],
    "Via": [
      "kong/3.4.3.11-enterprise-edition"
    ]
  },
  "responseStatus": 403,
  "response": {
    "message": "Forbidden"
  },
  "mockResponseWLS_CORP_ACTIVE": "#ref:java.util.LinkedHashMap"
}
 
13:04:57.314 [main] INFO com.intuit.karate - [print] {
  "responseHeaders": {
    "Content-Type": [
      "application/json; charset=utf-8"
    ],
    "Content-Length": [
      "23"
    ],
    "Connection": [
      "keep-alive"
    ],
    "Date": [
      "Fri, 09 Aug 2024 17:04:57 GMT"
    ],
    "WWW-Authenticate": [
      "Bearer realm=\"telusidentity.apigateway.telus.com\", error=\"insufficient_scope\""
    ],
    "Kong-Request-ID": [
      "3738f01e-16fb-4a3f-a44f-556d9f0df39b#164923"
    ],
    "vary": [
      "Origin",
      "Origin"
    ],
    "X-Kong-Response-Latency": [
      "1"
    ],
    "Server": [
      "kong/3.4.3.11-enterprise-edition"
    ],
    "X-Kong-Request-Id": [
      "350ffb2a5c5628147bf6472a4334054e"
    ],
    "X-Kong-Upstream-Latency": [
      "4"
    ],
    "X-Kong-Proxy-Latency": [
      "3"
    ],
    "Via": [
      "kong/3.4.3.11-enterprise-edition"
    ]
  },
  "responseStatus": 403,
  "response": {
    "message": "Forbidden"
  },
  "mockResponseWLS_CORP_SUSPENDED": "#ref:java.util.LinkedHashMap"
}
 
13:04:57.314 [main] INFO com.intuit.karate - [print]  
13:04:57.316 [main] DEBUG karate.org.apache.http.client.protocol.RequestAddCookies - CookieSpec selected: karate
13:04:57.316 [main] DEBUG karate.org.apache.http.client.protocol.RequestAuthCache - Auth cache not set in the context
13:04:57.316 [main] DEBUG com.intuit.karate - request:
1 > GET https://apigw-st.telus.com/customer/contactCenterOdsData/v1/account?businessUnit=CORP&limit=5&brand=TELUS&lob=WIRELESS&status=Cancelled
1 > Content-Type: application/json
1 > env: it01
1 > Authorization: Bearer eyJhbGciOiJSUzI1NiIsImtpZCI6ImNhZGZhMTYyLTU2YzEtNGRiOS1hNjNmLTYwZTM3NzIwMWJkZiIsInBpLmF0bSI6IjMifQ.eyJzY29wZSI6WyI0NzIwIl0sImF1dGhvcml6YXRpb25fZGV0YWlscyI6W10sImNsaWVudF9pZCI6IjUyZTgwYmZhLWI0MmMtNDdkNy05OGI1LThiYjg3YzkyNjIwOSIsImlzcyI6Imh0dHBzOi8vdGVhbXNzby1pdHMwNC50ZWx1cy5jb20iLCJhdWQiOiJrb25nIiwiaWF0IjoxNzIzMjIzMDg5LCJleHAiOjE3MjMyMjMzODl9.flESEmYyI_eCkBmzn54OkGfP2lAIxnyqs2XbjtABUAmEnkCOQe8uoiUdROg_nBCNsbluJLTMIyv2VQYcEFeVpzwJIN4AH00KC-3px8L7DRMcbbbRqgIOGamUVRjytKBt3cFR1XVCW32bLo_XlS6M0CPdsCtowSRRwenf6htGC3loiXiWZ8pxuYaJNnmQfuSN9rWpZNHc8y-eYDl0xm6EoEXQSfatP3EAxDBw6tgqlb5patcu_afyMqKiHha9IdISwDeMrqyfvgoAR4Sqhdy3Uxp_k_xzmM-XWElgzY0YfiUnRnIl01fsIz1UO7xaed3xVyVlwsYrq6nB9I57SYDk-A
1 > Host: apigw-st.telus.com
1 > Connection: Keep-Alive
1 > User-Agent: Apache-HttpClient/4.5.13 (Java/20.0.2)
1 > Accept-Encoding: gzip,deflate


13:04:57.316 [main] DEBUG karate.org.apache.http.impl.conn.PoolingHttpClientConnectionManager - Connection request: [route: {s}->https://apigw-st.telus.com:443][total available: 0; route allocated: 0 of 5; total allocated: 0 of 10]
13:04:57.316 [main] DEBUG karate.org.apache.http.impl.conn.PoolingHttpClientConnectionManager - Connection leased: [id: 35][route: {s}->https://apigw-st.telus.com:443][total available: 0; route allocated: 1 of 5; total allocated: 1 of 10]
13:04:57.316 [main] DEBUG karate.org.apache.http.impl.execchain.MainClientExec - Opening connection {s}->https://apigw-st.telus.com:443
13:04:57.317 [main] DEBUG karate.org.apache.http.impl.conn.DefaultHttpClientConnectionOperator - Connecting to apigw-st.telus.com/207.219.84.31:443
13:04:57.317 [main] DEBUG karate.org.apache.http.conn.ssl.LenientSslConnectionSocketFactory - Connecting socket to apigw-st.telus.com/207.219.84.31:443 with timeout 10000
13:04:57.351 [main] DEBUG karate.org.apache.http.conn.ssl.LenientSslConnectionSocketFactory - Enabled protocols: [TLSv1.3, TLSv1.2]
13:04:57.351 [main] DEBUG karate.org.apache.http.conn.ssl.LenientSslConnectionSocketFactory - Enabled cipher suites:[TLS_AES_256_GCM_SHA384, TLS_AES_128_GCM_SHA256, TLS_CHACHA20_POLY1305_SHA256, TLS_ECDHE_ECDSA_WITH_AES_256_GCM_SHA384, TLS_ECDHE_ECDSA_WITH_AES_128_GCM_SHA256, TLS_ECDHE_ECDSA_WITH_CHACHA20_POLY1305_SHA256, TLS_ECDHE_RSA_WITH_AES_256_GCM_SHA384, TLS_ECDHE_RSA_WITH_CHACHA20_POLY1305_SHA256, TLS_ECDHE_RSA_WITH_AES_128_GCM_SHA256, TLS_DHE_RSA_WITH_AES_256_GCM_SHA384, TLS_DHE_RSA_WITH_CHACHA20_POLY1305_SHA256, TLS_DHE_DSS_WITH_AES_256_GCM_SHA384, TLS_DHE_RSA_WITH_AES_128_GCM_SHA256, TLS_DHE_DSS_WITH_AES_128_GCM_SHA256, TLS_ECDHE_ECDSA_WITH_AES_256_CBC_SHA384, TLS_ECDHE_RSA_WITH_AES_256_CBC_SHA384, TLS_ECDHE_ECDSA_WITH_AES_128_CBC_SHA256, TLS_ECDHE_RSA_WITH_AES_128_CBC_SHA256, TLS_DHE_RSA_WITH_AES_256_CBC_SHA256, TLS_DHE_DSS_WITH_AES_256_CBC_SHA256, TLS_DHE_RSA_WITH_AES_128_CBC_SHA256, TLS_DHE_DSS_WITH_AES_128_CBC_SHA256, TLS_ECDHE_ECDSA_WITH_AES_256_CBC_SHA, TLS_ECDHE_RSA_WITH_AES_256_CBC_SHA, TLS_ECDHE_ECDSA_WITH_AES_128_CBC_SHA, TLS_ECDHE_RSA_WITH_AES_128_CBC_SHA, TLS_DHE_RSA_WITH_AES_256_CBC_SHA, TLS_DHE_DSS_WITH_AES_256_CBC_SHA, TLS_DHE_RSA_WITH_AES_128_CBC_SHA, TLS_DHE_DSS_WITH_AES_128_CBC_SHA, TLS_RSA_WITH_AES_256_GCM_SHA384, TLS_RSA_WITH_AES_128_GCM_SHA256, TLS_RSA_WITH_AES_256_CBC_SHA256, TLS_RSA_WITH_AES_128_CBC_SHA256, TLS_RSA_WITH_AES_256_CBC_SHA, TLS_RSA_WITH_AES_128_CBC_SHA, TLS_EMPTY_RENEGOTIATION_INFO_SCSV]
13:04:57.351 [main] DEBUG karate.org.apache.http.conn.ssl.LenientSslConnectionSocketFactory - Starting handshake
13:04:57.404 [main] DEBUG karate.org.apache.http.conn.ssl.LenientSslConnectionSocketFactory - Secure session established
13:04:57.404 [main] DEBUG karate.org.apache.http.conn.ssl.LenientSslConnectionSocketFactory -  negotiated protocol: TLSv1.3
13:04:57.404 [main] DEBUG karate.org.apache.http.conn.ssl.LenientSslConnectionSocketFactory -  negotiated cipher suite: TLS_AES_128_GCM_SHA256
13:04:57.404 [main] DEBUG karate.org.apache.http.conn.ssl.LenientSslConnectionSocketFactory -  peer principal: CN=apigw-soap-st.telus.com, O=TELUS Corp., L=Vancouver, ST=British Columbia, C=CA
13:04:57.404 [main] DEBUG karate.org.apache.http.conn.ssl.LenientSslConnectionSocketFactory -  peer alternative names: [apigw-soap-st.telus.com, apigw-st.telus.com, apigw-qidc-st.telus.com, apigw-kidc-st.telus.com, apigw-soap-qidc-st.telus.com, apigw-soap-kidc-st.telus.com]
13:04:57.404 [main] DEBUG karate.org.apache.http.conn.ssl.LenientSslConnectionSocketFactory -  issuer principal: CN=DigiCert Global G2 TLS RSA SHA256 2020 CA1, O=DigiCert Inc, C=US
13:04:57.404 [main] DEBUG karate.org.apache.http.impl.conn.DefaultHttpClientConnectionOperator - Connection established 192.168.1.65:54973<->207.219.84.31:443
13:04:57.404 [main] DEBUG karate.org.apache.http.impl.conn.DefaultManagedHttpClientConnection - http-outgoing-35: set socket timeout to 20000
13:04:57.404 [main] DEBUG karate.org.apache.http.impl.execchain.MainClientExec - Executing request GET /customer/contactCenterOdsData/v1/account?businessUnit=CORP&limit=5&brand=TELUS&lob=WIRELESS&status=Cancelled HTTP/1.1
13:04:57.404 [main] DEBUG karate.org.apache.http.impl.execchain.MainClientExec - Proxy auth state: UNCHALLENGED
13:04:57.404 [main] DEBUG karate.org.apache.http.headers - http-outgoing-35 >> GET /customer/contactCenterOdsData/v1/account?businessUnit=CORP&limit=5&brand=TELUS&lob=WIRELESS&status=Cancelled HTTP/1.1
13:04:57.404 [main] DEBUG karate.org.apache.http.headers - http-outgoing-35 >> Content-Type: application/json
13:04:57.404 [main] DEBUG karate.org.apache.http.headers - http-outgoing-35 >> env: it01
13:04:57.404 [main] DEBUG karate.org.apache.http.headers - http-outgoing-35 >> Authorization: Bearer eyJhbGciOiJSUzI1NiIsImtpZCI6ImNhZGZhMTYyLTU2YzEtNGRiOS1hNjNmLTYwZTM3NzIwMWJkZiIsInBpLmF0bSI6IjMifQ.eyJzY29wZSI6WyI0NzIwIl0sImF1dGhvcml6YXRpb25fZGV0YWlscyI6W10sImNsaWVudF9pZCI6IjUyZTgwYmZhLWI0MmMtNDdkNy05OGI1LThiYjg3YzkyNjIwOSIsImlzcyI6Imh0dHBzOi8vdGVhbXNzby1pdHMwNC50ZWx1cy5jb20iLCJhdWQiOiJrb25nIiwiaWF0IjoxNzIzMjIzMDg5LCJleHAiOjE3MjMyMjMzODl9.flESEmYyI_eCkBmzn54OkGfP2lAIxnyqs2XbjtABUAmEnkCOQe8uoiUdROg_nBCNsbluJLTMIyv2VQYcEFeVpzwJIN4AH00KC-3px8L7DRMcbbbRqgIOGamUVRjytKBt3cFR1XVCW32bLo_XlS6M0CPdsCtowSRRwenf6htGC3loiXiWZ8pxuYaJNnmQfuSN9rWpZNHc8y-eYDl0xm6EoEXQSfatP3EAxDBw6tgqlb5patcu_afyMqKiHha9IdISwDeMrqyfvgoAR4Sqhdy3Uxp_k_xzmM-XWElgzY0YfiUnRnIl01fsIz1UO7xaed3xVyVlwsYrq6nB9I57SYDk-A
13:04:57.404 [main] DEBUG karate.org.apache.http.headers - http-outgoing-35 >> Host: apigw-st.telus.com
13:04:57.404 [main] DEBUG karate.org.apache.http.headers - http-outgoing-35 >> Connection: Keep-Alive
13:04:57.404 [main] DEBUG karate.org.apache.http.headers - http-outgoing-35 >> User-Agent: Apache-HttpClient/4.5.13 (Java/20.0.2)
13:04:57.404 [main] DEBUG karate.org.apache.http.headers - http-outgoing-35 >> Accept-Encoding: gzip,deflate
13:04:57.404 [main] DEBUG karate.org.apache.http.wire - http-outgoing-35 >> "GET /customer/contactCenterOdsData/v1/account?businessUnit=CORP&limit=5&brand=TELUS&lob=WIRELESS&status=Cancelled HTTP/1.1[\r][\n]"
13:04:57.404 [main] DEBUG karate.org.apache.http.wire - http-outgoing-35 >> "Content-Type: application/json[\r][\n]"
13:04:57.404 [main] DEBUG karate.org.apache.http.wire - http-outgoing-35 >> "env: it01[\r][\n]"
13:04:57.404 [main] DEBUG karate.org.apache.http.wire - http-outgoing-35 >> "Authorization: Bearer eyJhbGciOiJSUzI1NiIsImtpZCI6ImNhZGZhMTYyLTU2YzEtNGRiOS1hNjNmLTYwZTM3NzIwMWJkZiIsInBpLmF0bSI6IjMifQ.eyJzY29wZSI6WyI0NzIwIl0sImF1dGhvcml6YXRpb25fZGV0YWlscyI6W10sImNsaWVudF9pZCI6IjUyZTgwYmZhLWI0MmMtNDdkNy05OGI1LThiYjg3YzkyNjIwOSIsImlzcyI6Imh0dHBzOi8vdGVhbXNzby1pdHMwNC50ZWx1cy5jb20iLCJhdWQiOiJrb25nIiwiaWF0IjoxNzIzMjIzMDg5LCJleHAiOjE3MjMyMjMzODl9.flESEmYyI_eCkBmzn54OkGfP2lAIxnyqs2XbjtABUAmEnkCOQe8uoiUdROg_nBCNsbluJLTMIyv2VQYcEFeVpzwJIN4AH00KC-3px8L7DRMcbbbRqgIOGamUVRjytKBt3cFR1XVCW32bLo_XlS6M0CPdsCtowSRRwenf6htGC3loiXiWZ8pxuYaJNnmQfuSN9rWpZNHc8y-eYDl0xm6EoEXQSfatP3EAxDBw6tgqlb5patcu_afyMqKiHha9IdISwDeMrqyfvgoAR4Sqhdy3Uxp_k_xzmM-XWElgzY0YfiUnRnIl01fsIz1UO7xaed3xVyVlwsYrq6nB9I57SYDk-A[\r][\n]"
13:04:57.404 [main] DEBUG karate.org.apache.http.wire - http-outgoing-35 >> "Host: apigw-st.telus.com[\r][\n]"
13:04:57.404 [main] DEBUG karate.org.apache.http.wire - http-outgoing-35 >> "Connection: Keep-Alive[\r][\n]"
13:04:57.404 [main] DEBUG karate.org.apache.http.wire - http-outgoing-35 >> "User-Agent: Apache-HttpClient/4.5.13 (Java/20.0.2)[\r][\n]"
13:04:57.404 [main] DEBUG karate.org.apache.http.wire - http-outgoing-35 >> "Accept-Encoding: gzip,deflate[\r][\n]"
13:04:57.404 [main] DEBUG karate.org.apache.http.wire - http-outgoing-35 >> "[\r][\n]"
13:04:57.466 [main] DEBUG karate.org.apache.http.wire - http-outgoing-35 << "HTTP/1.1 403 Forbidden[\r][\n]"
13:04:57.466 [main] DEBUG karate.org.apache.http.wire - http-outgoing-35 << "Content-Type: application/json; charset=utf-8[\r][\n]"
13:04:57.466 [main] DEBUG karate.org.apache.http.wire - http-outgoing-35 << "Content-Length: 23[\r][\n]"
13:04:57.466 [main] DEBUG karate.org.apache.http.wire - http-outgoing-35 << "Connection: keep-alive[\r][\n]"
13:04:57.466 [main] DEBUG karate.org.apache.http.wire - http-outgoing-35 << "Date: Fri, 09 Aug 2024 17:04:58 GMT[\r][\n]"
13:04:57.466 [main] DEBUG karate.org.apache.http.wire - http-outgoing-35 << "WWW-Authenticate: Bearer realm="telusidentity.apigateway.telus.com", error="insufficient_scope"[\r][\n]"
13:04:57.466 [main] DEBUG karate.org.apache.http.wire - http-outgoing-35 << "Kong-Request-ID: b4511ed7-1411-4db6-9ebf-710fb2a491a1#178653[\r][\n]"
13:04:57.466 [main] DEBUG karate.org.apache.http.wire - http-outgoing-35 << "vary: Origin[\r][\n]"
13:04:57.466 [main] DEBUG karate.org.apache.http.wire - http-outgoing-35 << "X-Kong-Response-Latency: 7[\r][\n]"
13:04:57.466 [main] DEBUG karate.org.apache.http.wire - http-outgoing-35 << "Server: kong/3.4.3.11-enterprise-edition[\r][\n]"
13:04:57.466 [main] DEBUG karate.org.apache.http.wire - http-outgoing-35 << "X-Kong-Request-Id: e4d48f373db6dc3cdbbce71730950a64[\r][\n]"
13:04:57.466 [main] DEBUG karate.org.apache.http.wire - http-outgoing-35 << "vary: Origin[\r][\n]"
13:04:57.466 [main] DEBUG karate.org.apache.http.wire - http-outgoing-35 << "X-Kong-Upstream-Latency: 12[\r][\n]"
13:04:57.466 [main] DEBUG karate.org.apache.http.wire - http-outgoing-35 << "X-Kong-Proxy-Latency: 1[\r][\n]"
13:04:57.466 [main] DEBUG karate.org.apache.http.wire - http-outgoing-35 << "Via: kong/3.4.3.11-enterprise-edition[\r][\n]"
13:04:57.466 [main] DEBUG karate.org.apache.http.wire - http-outgoing-35 << "[\r][\n]"
13:04:57.466 [main] DEBUG karate.org.apache.http.wire - http-outgoing-35 << "{"message":"Forbidden"}"
13:04:57.467 [main] DEBUG karate.org.apache.http.headers - http-outgoing-35 << HTTP/1.1 403 Forbidden
13:04:57.467 [main] DEBUG karate.org.apache.http.headers - http-outgoing-35 << Content-Type: application/json; charset=utf-8
13:04:57.467 [main] DEBUG karate.org.apache.http.headers - http-outgoing-35 << Content-Length: 23
13:04:57.467 [main] DEBUG karate.org.apache.http.headers - http-outgoing-35 << Connection: keep-alive
13:04:57.467 [main] DEBUG karate.org.apache.http.headers - http-outgoing-35 << Date: Fri, 09 Aug 2024 17:04:58 GMT
13:04:57.467 [main] DEBUG karate.org.apache.http.headers - http-outgoing-35 << WWW-Authenticate: Bearer realm="telusidentity.apigateway.telus.com", error="insufficient_scope"
13:04:57.467 [main] DEBUG karate.org.apache.http.headers - http-outgoing-35 << Kong-Request-ID: b4511ed7-1411-4db6-9ebf-710fb2a491a1#178653
13:04:57.467 [main] DEBUG karate.org.apache.http.headers - http-outgoing-35 << vary: Origin
13:04:57.467 [main] DEBUG karate.org.apache.http.headers - http-outgoing-35 << X-Kong-Response-Latency: 7
13:04:57.467 [main] DEBUG karate.org.apache.http.headers - http-outgoing-35 << Server: kong/3.4.3.11-enterprise-edition
13:04:57.467 [main] DEBUG karate.org.apache.http.headers - http-outgoing-35 << X-Kong-Request-Id: e4d48f373db6dc3cdbbce71730950a64
13:04:57.467 [main] DEBUG karate.org.apache.http.headers - http-outgoing-35 << vary: Origin
13:04:57.467 [main] DEBUG karate.org.apache.http.headers - http-outgoing-35 << X-Kong-Upstream-Latency: 12
13:04:57.467 [main] DEBUG karate.org.apache.http.headers - http-outgoing-35 << X-Kong-Proxy-Latency: 1
13:04:57.467 [main] DEBUG karate.org.apache.http.headers - http-outgoing-35 << Via: kong/3.4.3.11-enterprise-edition
13:04:57.467 [main] DEBUG karate.org.apache.http.impl.execchain.MainClientExec - Connection can be kept alive indefinitely
13:04:57.467 [main] DEBUG karate.org.apache.http.impl.conn.PoolingHttpClientConnectionManager - Connection [id: 35][route: {s}->https://apigw-st.telus.com:443] can be kept alive indefinitely
13:04:57.467 [main] DEBUG karate.org.apache.http.impl.conn.DefaultManagedHttpClientConnection - http-outgoing-35: set socket timeout to 0
13:04:57.467 [main] DEBUG karate.org.apache.http.impl.conn.PoolingHttpClientConnectionManager - Connection released: [id: 35][route: {s}->https://apigw-st.telus.com:443][total available: 1; route allocated: 1 of 5; total allocated: 1 of 10]
13:04:57.467 [main] DEBUG com.intuit.karate - response time in milliseconds: 151
1 < 403
1 < Content-Type: application/json; charset=utf-8
1 < Content-Length: 23
1 < Connection: keep-alive
1 < Date: Fri, 09 Aug 2024 17:04:58 GMT
1 < WWW-Authenticate: Bearer realm="telusidentity.apigateway.telus.com", error="insufficient_scope"
1 < Kong-Request-ID: b4511ed7-1411-4db6-9ebf-710fb2a491a1#178653
1 < vary: Origin
1 < vary: Origin
1 < X-Kong-Response-Latency: 7
1 < Server: kong/3.4.3.11-enterprise-edition
1 < X-Kong-Request-Id: e4d48f373db6dc3cdbbce71730950a64
1 < X-Kong-Upstream-Latency: 12
1 < X-Kong-Proxy-Latency: 1
1 < Via: kong/3.4.3.11-enterprise-edition
{"message":"Forbidden"}
13:04:57.468 [main] INFO com.intuit.karate - [print] {
  "message": "Forbidden"
}
 
13:04:57.471 [main] DEBUG com.intuit.karate - write to file: target\testdata\output.json
13:04:57.471 [main] INFO com.intuit.karate - [print] {
  "message": "Forbidden"
}
 
13:04:57.471 [main] INFO com.intuit.karate - << lock released, cached callonce: read("../odsdata/getTestData_CORP_Non_Prod.feature@getdataCorpCancelled")
13:04:57.471 [main] DEBUG com.intuit.karate.core.ScenarioEngine - over-writing existing variable 'mockResponseWLN_RES_ACTIVE' with new value: callonce read("../odsdata/getTestData_Consumer_Non_Prod.feature@getdata_resWLN_Active")
13:04:57.473 [main] INFO com.intuit.karate - >> lock acquired, begin callonce: read("../odsdata/getTestData_Consumer_Non_Prod.feature@getdata_resWLN_Active")
13:04:57.474 [main] INFO com.intuit.karate.core.FeatureRuntime - classpath:feature/../odsdata/getTestData_Consumer_Non_Prod.feature - call by tag at line 46: getdata_resWLN_Active
13:04:57.478 [main] INFO com.intuit.karate - [print] {
  "responseHeaders": {
    "Content-Type": [
      "application/json; charset=utf-8"
    ],
    "Content-Length": [
      "23"
    ],
    "Connection": [
      "keep-alive"
    ],
    "Date": [
      "Fri, 09 Aug 2024 17:04:57 GMT"
    ],
    "WWW-Authenticate": [
      "Bearer realm=\"telusidentity.apigateway.telus.com\", error=\"insufficient_scope\""
    ],
    "Kong-Request-ID": [
      "eb6f4909-f352-4285-b4d5-4bac0431873c#182305"
    ],
    "vary": [
      "Origin",
      "Origin"
    ],
    "X-Kong-Response-Latency": [
      "6"
    ],
    "Server": [
      "kong/3.4.3.11-enterprise-edition"
    ],
    "X-Kong-Request-Id": [
      "2c7cb2405042284669906905e5b5cc17"
    ],
    "X-Kong-Upstream-Latency": [
      "11"
    ],
    "X-Kong-Proxy-Latency": [
      "2"
    ],
    "Via": [
      "kong/3.4.3.11-enterprise-edition"
    ]
  },
  "mockResponseWLS_RES_ACTIVE": {
    "message": "Forbidden"
  },
  "responseStatus": 403,
  "response": "#ref:java.util.LinkedHashMap"
}
 
13:04:57.479 [main] INFO com.intuit.karate - [print]  
13:04:57.479 [main] INFO com.intuit.karate - [print]  
13:04:57.480 [main] DEBUG karate.org.apache.http.client.protocol.RequestAddCookies - CookieSpec selected: karate
13:04:57.481 [main] DEBUG karate.org.apache.http.client.protocol.RequestAuthCache - Auth cache not set in the context
13:04:57.481 [main] DEBUG com.intuit.karate - request:
1 > GET https://apigw-st.telus.com/customer/contactCenterOdsData/v1/account?businessUnit=RES&limit=1&brand=TELUS&lob=WIRELINE&status=ACTIVE
1 > Content-Type: application/json
1 > env: it01
1 > Authorization: Bearer eyJhbGciOiJSUzI1NiIsImtpZCI6ImNhZGZhMTYyLTU2YzEtNGRiOS1hNjNmLTYwZTM3NzIwMWJkZiIsInBpLmF0bSI6IjMifQ.eyJzY29wZSI6WyI0NzIwIl0sImF1dGhvcml6YXRpb25fZGV0YWlscyI6W10sImNsaWVudF9pZCI6IjUyZTgwYmZhLWI0MmMtNDdkNy05OGI1LThiYjg3YzkyNjIwOSIsImlzcyI6Imh0dHBzOi8vdGVhbXNzby1pdHMwNC50ZWx1cy5jb20iLCJhdWQiOiJrb25nIiwiaWF0IjoxNzIzMjIzMDg5LCJleHAiOjE3MjMyMjMzODl9.flESEmYyI_eCkBmzn54OkGfP2lAIxnyqs2XbjtABUAmEnkCOQe8uoiUdROg_nBCNsbluJLTMIyv2VQYcEFeVpzwJIN4AH00KC-3px8L7DRMcbbbRqgIOGamUVRjytKBt3cFR1XVCW32bLo_XlS6M0CPdsCtowSRRwenf6htGC3loiXiWZ8pxuYaJNnmQfuSN9rWpZNHc8y-eYDl0xm6EoEXQSfatP3EAxDBw6tgqlb5patcu_afyMqKiHha9IdISwDeMrqyfvgoAR4Sqhdy3Uxp_k_xzmM-XWElgzY0YfiUnRnIl01fsIz1UO7xaed3xVyVlwsYrq6nB9I57SYDk-A
1 > Host: apigw-st.telus.com
1 > Connection: Keep-Alive
1 > User-Agent: Apache-HttpClient/4.5.13 (Java/20.0.2)
1 > Accept-Encoding: gzip,deflate


13:04:57.481 [main] DEBUG karate.org.apache.http.impl.conn.PoolingHttpClientConnectionManager - Connection request: [route: {s}->https://apigw-st.telus.com:443][total available: 0; route allocated: 0 of 5; total allocated: 0 of 10]
13:04:57.481 [main] DEBUG karate.org.apache.http.impl.conn.PoolingHttpClientConnectionManager - Connection leased: [id: 36][route: {s}->https://apigw-st.telus.com:443][total available: 0; route allocated: 1 of 5; total allocated: 1 of 10]
13:04:57.481 [main] DEBUG karate.org.apache.http.impl.execchain.MainClientExec - Opening connection {s}->https://apigw-st.telus.com:443
13:04:57.481 [main] DEBUG karate.org.apache.http.impl.conn.DefaultHttpClientConnectionOperator - Connecting to apigw-st.telus.com/207.219.84.31:443
13:04:57.481 [main] DEBUG karate.org.apache.http.conn.ssl.LenientSslConnectionSocketFactory - Connecting socket to apigw-st.telus.com/207.219.84.31:443 with timeout 10000
13:04:57.512 [main] DEBUG karate.org.apache.http.conn.ssl.LenientSslConnectionSocketFactory - Enabled protocols: [TLSv1.3, TLSv1.2]
13:04:57.512 [main] DEBUG karate.org.apache.http.conn.ssl.LenientSslConnectionSocketFactory - Enabled cipher suites:[TLS_AES_256_GCM_SHA384, TLS_AES_128_GCM_SHA256, TLS_CHACHA20_POLY1305_SHA256, TLS_ECDHE_ECDSA_WITH_AES_256_GCM_SHA384, TLS_ECDHE_ECDSA_WITH_AES_128_GCM_SHA256, TLS_ECDHE_ECDSA_WITH_CHACHA20_POLY1305_SHA256, TLS_ECDHE_RSA_WITH_AES_256_GCM_SHA384, TLS_ECDHE_RSA_WITH_CHACHA20_POLY1305_SHA256, TLS_ECDHE_RSA_WITH_AES_128_GCM_SHA256, TLS_DHE_RSA_WITH_AES_256_GCM_SHA384, TLS_DHE_RSA_WITH_CHACHA20_POLY1305_SHA256, TLS_DHE_DSS_WITH_AES_256_GCM_SHA384, TLS_DHE_RSA_WITH_AES_128_GCM_SHA256, TLS_DHE_DSS_WITH_AES_128_GCM_SHA256, TLS_ECDHE_ECDSA_WITH_AES_256_CBC_SHA384, TLS_ECDHE_RSA_WITH_AES_256_CBC_SHA384, TLS_ECDHE_ECDSA_WITH_AES_128_CBC_SHA256, TLS_ECDHE_RSA_WITH_AES_128_CBC_SHA256, TLS_DHE_RSA_WITH_AES_256_CBC_SHA256, TLS_DHE_DSS_WITH_AES_256_CBC_SHA256, TLS_DHE_RSA_WITH_AES_128_CBC_SHA256, TLS_DHE_DSS_WITH_AES_128_CBC_SHA256, TLS_ECDHE_ECDSA_WITH_AES_256_CBC_SHA, TLS_ECDHE_RSA_WITH_AES_256_CBC_SHA, TLS_ECDHE_ECDSA_WITH_AES_128_CBC_SHA, TLS_ECDHE_RSA_WITH_AES_128_CBC_SHA, TLS_DHE_RSA_WITH_AES_256_CBC_SHA, TLS_DHE_DSS_WITH_AES_256_CBC_SHA, TLS_DHE_RSA_WITH_AES_128_CBC_SHA, TLS_DHE_DSS_WITH_AES_128_CBC_SHA, TLS_RSA_WITH_AES_256_GCM_SHA384, TLS_RSA_WITH_AES_128_GCM_SHA256, TLS_RSA_WITH_AES_256_CBC_SHA256, TLS_RSA_WITH_AES_128_CBC_SHA256, TLS_RSA_WITH_AES_256_CBC_SHA, TLS_RSA_WITH_AES_128_CBC_SHA, TLS_EMPTY_RENEGOTIATION_INFO_SCSV]
13:04:57.512 [main] DEBUG karate.org.apache.http.conn.ssl.LenientSslConnectionSocketFactory - Starting handshake
13:04:57.568 [main] DEBUG karate.org.apache.http.conn.ssl.LenientSslConnectionSocketFactory - Secure session established
13:04:57.568 [main] DEBUG karate.org.apache.http.conn.ssl.LenientSslConnectionSocketFactory -  negotiated protocol: TLSv1.3
13:04:57.568 [main] DEBUG karate.org.apache.http.conn.ssl.LenientSslConnectionSocketFactory -  negotiated cipher suite: TLS_AES_128_GCM_SHA256
13:04:57.568 [main] DEBUG karate.org.apache.http.conn.ssl.LenientSslConnectionSocketFactory -  peer principal: CN=apigw-soap-st.telus.com, O=TELUS Corp., L=Vancouver, ST=British Columbia, C=CA
13:04:57.568 [main] DEBUG karate.org.apache.http.conn.ssl.LenientSslConnectionSocketFactory -  peer alternative names: [apigw-soap-st.telus.com, apigw-st.telus.com, apigw-qidc-st.telus.com, apigw-kidc-st.telus.com, apigw-soap-qidc-st.telus.com, apigw-soap-kidc-st.telus.com]
13:04:57.568 [main] DEBUG karate.org.apache.http.conn.ssl.LenientSslConnectionSocketFactory -  issuer principal: CN=DigiCert Global G2 TLS RSA SHA256 2020 CA1, O=DigiCert Inc, C=US
13:04:57.568 [main] DEBUG karate.org.apache.http.impl.conn.DefaultHttpClientConnectionOperator - Connection established 192.168.1.65:54974<->207.219.84.31:443
13:04:57.569 [main] DEBUG karate.org.apache.http.impl.conn.DefaultManagedHttpClientConnection - http-outgoing-36: set socket timeout to 20000
13:04:57.569 [main] DEBUG karate.org.apache.http.impl.execchain.MainClientExec - Executing request GET /customer/contactCenterOdsData/v1/account?businessUnit=RES&limit=1&brand=TELUS&lob=WIRELINE&status=ACTIVE HTTP/1.1
13:04:57.569 [main] DEBUG karate.org.apache.http.impl.execchain.MainClientExec - Proxy auth state: UNCHALLENGED
13:04:57.569 [main] DEBUG karate.org.apache.http.headers - http-outgoing-36 >> GET /customer/contactCenterOdsData/v1/account?businessUnit=RES&limit=1&brand=TELUS&lob=WIRELINE&status=ACTIVE HTTP/1.1
13:04:57.569 [main] DEBUG karate.org.apache.http.headers - http-outgoing-36 >> Content-Type: application/json
13:04:57.569 [main] DEBUG karate.org.apache.http.headers - http-outgoing-36 >> env: it01
13:04:57.569 [main] DEBUG karate.org.apache.http.headers - http-outgoing-36 >> Authorization: Bearer eyJhbGciOiJSUzI1NiIsImtpZCI6ImNhZGZhMTYyLTU2YzEtNGRiOS1hNjNmLTYwZTM3NzIwMWJkZiIsInBpLmF0bSI6IjMifQ.eyJzY29wZSI6WyI0NzIwIl0sImF1dGhvcml6YXRpb25fZGV0YWlscyI6W10sImNsaWVudF9pZCI6IjUyZTgwYmZhLWI0MmMtNDdkNy05OGI1LThiYjg3YzkyNjIwOSIsImlzcyI6Imh0dHBzOi8vdGVhbXNzby1pdHMwNC50ZWx1cy5jb20iLCJhdWQiOiJrb25nIiwiaWF0IjoxNzIzMjIzMDg5LCJleHAiOjE3MjMyMjMzODl9.flESEmYyI_eCkBmzn54OkGfP2lAIxnyqs2XbjtABUAmEnkCOQe8uoiUdROg_nBCNsbluJLTMIyv2VQYcEFeVpzwJIN4AH00KC-3px8L7DRMcbbbRqgIOGamUVRjytKBt3cFR1XVCW32bLo_XlS6M0CPdsCtowSRRwenf6htGC3loiXiWZ8pxuYaJNnmQfuSN9rWpZNHc8y-eYDl0xm6EoEXQSfatP3EAxDBw6tgqlb5patcu_afyMqKiHha9IdISwDeMrqyfvgoAR4Sqhdy3Uxp_k_xzmM-XWElgzY0YfiUnRnIl01fsIz1UO7xaed3xVyVlwsYrq6nB9I57SYDk-A
13:04:57.569 [main] DEBUG karate.org.apache.http.headers - http-outgoing-36 >> Host: apigw-st.telus.com
13:04:57.569 [main] DEBUG karate.org.apache.http.headers - http-outgoing-36 >> Connection: Keep-Alive
13:04:57.569 [main] DEBUG karate.org.apache.http.headers - http-outgoing-36 >> User-Agent: Apache-HttpClient/4.5.13 (Java/20.0.2)
13:04:57.569 [main] DEBUG karate.org.apache.http.headers - http-outgoing-36 >> Accept-Encoding: gzip,deflate
13:04:57.569 [main] DEBUG karate.org.apache.http.wire - http-outgoing-36 >> "GET /customer/contactCenterOdsData/v1/account?businessUnit=RES&limit=1&brand=TELUS&lob=WIRELINE&status=ACTIVE HTTP/1.1[\r][\n]"
13:04:57.569 [main] DEBUG karate.org.apache.http.wire - http-outgoing-36 >> "Content-Type: application/json[\r][\n]"
13:04:57.569 [main] DEBUG karate.org.apache.http.wire - http-outgoing-36 >> "env: it01[\r][\n]"
13:04:57.569 [main] DEBUG karate.org.apache.http.wire - http-outgoing-36 >> "Authorization: Bearer eyJhbGciOiJSUzI1NiIsImtpZCI6ImNhZGZhMTYyLTU2YzEtNGRiOS1hNjNmLTYwZTM3NzIwMWJkZiIsInBpLmF0bSI6IjMifQ.eyJzY29wZSI6WyI0NzIwIl0sImF1dGhvcml6YXRpb25fZGV0YWlscyI6W10sImNsaWVudF9pZCI6IjUyZTgwYmZhLWI0MmMtNDdkNy05OGI1LThiYjg3YzkyNjIwOSIsImlzcyI6Imh0dHBzOi8vdGVhbXNzby1pdHMwNC50ZWx1cy5jb20iLCJhdWQiOiJrb25nIiwiaWF0IjoxNzIzMjIzMDg5LCJleHAiOjE3MjMyMjMzODl9.flESEmYyI_eCkBmzn54OkGfP2lAIxnyqs2XbjtABUAmEnkCOQe8uoiUdROg_nBCNsbluJLTMIyv2VQYcEFeVpzwJIN4AH00KC-3px8L7DRMcbbbRqgIOGamUVRjytKBt3cFR1XVCW32bLo_XlS6M0CPdsCtowSRRwenf6htGC3loiXiWZ8pxuYaJNnmQfuSN9rWpZNHc8y-eYDl0xm6EoEXQSfatP3EAxDBw6tgqlb5patcu_afyMqKiHha9IdISwDeMrqyfvgoAR4Sqhdy3Uxp_k_xzmM-XWElgzY0YfiUnRnIl01fsIz1UO7xaed3xVyVlwsYrq6nB9I57SYDk-A[\r][\n]"
13:04:57.569 [main] DEBUG karate.org.apache.http.wire - http-outgoing-36 >> "Host: apigw-st.telus.com[\r][\n]"
13:04:57.569 [main] DEBUG karate.org.apache.http.wire - http-outgoing-36 >> "Connection: Keep-Alive[\r][\n]"
13:04:57.569 [main] DEBUG karate.org.apache.http.wire - http-outgoing-36 >> "User-Agent: Apache-HttpClient/4.5.13 (Java/20.0.2)[\r][\n]"
13:04:57.569 [main] DEBUG karate.org.apache.http.wire - http-outgoing-36 >> "Accept-Encoding: gzip,deflate[\r][\n]"
13:04:57.569 [main] DEBUG karate.org.apache.http.wire - http-outgoing-36 >> "[\r][\n]"
13:04:57.619 [main] DEBUG karate.org.apache.http.wire - http-outgoing-36 << "HTTP/1.1 403 Forbidden[\r][\n]"
13:04:57.619 [main] DEBUG karate.org.apache.http.wire - http-outgoing-36 << "Content-Type: application/json; charset=utf-8[\r][\n]"
13:04:57.619 [main] DEBUG karate.org.apache.http.wire - http-outgoing-36 << "Content-Length: 23[\r][\n]"
13:04:57.619 [main] DEBUG karate.org.apache.http.wire - http-outgoing-36 << "Connection: keep-alive[\r][\n]"
13:04:57.619 [main] DEBUG karate.org.apache.http.wire - http-outgoing-36 << "Date: Fri, 09 Aug 2024 17:04:58 GMT[\r][\n]"
13:04:57.619 [main] DEBUG karate.org.apache.http.wire - http-outgoing-36 << "WWW-Authenticate: Bearer realm="telusidentity.apigateway.telus.com", error="insufficient_scope"[\r][\n]"
13:04:57.619 [main] DEBUG karate.org.apache.http.wire - http-outgoing-36 << "Kong-Request-ID: 3aa5f36c-7f69-4b8a-8ad5-11779bbbdd62#359208[\r][\n]"
13:04:57.619 [main] DEBUG karate.org.apache.http.wire - http-outgoing-36 << "vary: Origin[\r][\n]"
13:04:57.619 [main] DEBUG karate.org.apache.http.wire - http-outgoing-36 << "X-Kong-Response-Latency: 1[\r][\n]"
13:04:57.619 [main] DEBUG karate.org.apache.http.wire - http-outgoing-36 << "Server: kong/3.4.3.11-enterprise-edition[\r][\n]"
13:04:57.619 [main] DEBUG karate.org.apache.http.wire - http-outgoing-36 << "X-Kong-Request-Id: d288406a2708ed40a7ca443967ca6329[\r][\n]"
13:04:57.619 [main] DEBUG karate.org.apache.http.wire - http-outgoing-36 << "vary: Origin[\r][\n]"
13:04:57.619 [main] DEBUG karate.org.apache.http.wire - http-outgoing-36 << "X-Kong-Upstream-Latency: 4[\r][\n]"
13:04:57.619 [main] DEBUG karate.org.apache.http.wire - http-outgoing-36 << "X-Kong-Proxy-Latency: 1[\r][\n]"
13:04:57.619 [main] DEBUG karate.org.apache.http.wire - http-outgoing-36 << "Via: kong/3.4.3.11-enterprise-edition[\r][\n]"
13:04:57.619 [main] DEBUG karate.org.apache.http.wire - http-outgoing-36 << "[\r][\n]"
13:04:57.619 [main] DEBUG karate.org.apache.http.wire - http-outgoing-36 << "{"message":"Forbidden"}"
13:04:57.619 [main] DEBUG karate.org.apache.http.headers - http-outgoing-36 << HTTP/1.1 403 Forbidden
13:04:57.619 [main] DEBUG karate.org.apache.http.headers - http-outgoing-36 << Content-Type: application/json; charset=utf-8
13:04:57.619 [main] DEBUG karate.org.apache.http.headers - http-outgoing-36 << Content-Length: 23
13:04:57.619 [main] DEBUG karate.org.apache.http.headers - http-outgoing-36 << Connection: keep-alive
13:04:57.619 [main] DEBUG karate.org.apache.http.headers - http-outgoing-36 << Date: Fri, 09 Aug 2024 17:04:58 GMT
13:04:57.619 [main] DEBUG karate.org.apache.http.headers - http-outgoing-36 << WWW-Authenticate: Bearer realm="telusidentity.apigateway.telus.com", error="insufficient_scope"
13:04:57.620 [main] DEBUG karate.org.apache.http.headers - http-outgoing-36 << Kong-Request-ID: 3aa5f36c-7f69-4b8a-8ad5-11779bbbdd62#359208
13:04:57.620 [main] DEBUG karate.org.apache.http.headers - http-outgoing-36 << vary: Origin
13:04:57.620 [main] DEBUG karate.org.apache.http.headers - http-outgoing-36 << X-Kong-Response-Latency: 1
13:04:57.620 [main] DEBUG karate.org.apache.http.headers - http-outgoing-36 << Server: kong/3.4.3.11-enterprise-edition
13:04:57.620 [main] DEBUG karate.org.apache.http.headers - http-outgoing-36 << X-Kong-Request-Id: d288406a2708ed40a7ca443967ca6329
13:04:57.620 [main] DEBUG karate.org.apache.http.headers - http-outgoing-36 << vary: Origin
13:04:57.620 [main] DEBUG karate.org.apache.http.headers - http-outgoing-36 << X-Kong-Upstream-Latency: 4
13:04:57.620 [main] DEBUG karate.org.apache.http.headers - http-outgoing-36 << X-Kong-Proxy-Latency: 1
13:04:57.620 [main] DEBUG karate.org.apache.http.headers - http-outgoing-36 << Via: kong/3.4.3.11-enterprise-edition
13:04:57.620 [main] DEBUG karate.org.apache.http.impl.execchain.MainClientExec - Connection can be kept alive indefinitely
13:04:57.620 [main] DEBUG karate.org.apache.http.impl.conn.PoolingHttpClientConnectionManager - Connection [id: 36][route: {s}->https://apigw-st.telus.com:443] can be kept alive indefinitely
13:04:57.620 [main] DEBUG karate.org.apache.http.impl.conn.DefaultManagedHttpClientConnection - http-outgoing-36: set socket timeout to 0
13:04:57.620 [main] DEBUG karate.org.apache.http.impl.conn.PoolingHttpClientConnectionManager - Connection released: [id: 36][route: {s}->https://apigw-st.telus.com:443][total available: 1; route allocated: 1 of 5; total allocated: 1 of 10]
13:04:57.620 [main] DEBUG com.intuit.karate - response time in milliseconds: 139
1 < 403
1 < Content-Type: application/json; charset=utf-8
1 < Content-Length: 23
1 < Connection: keep-alive
1 < Date: Fri, 09 Aug 2024 17:04:58 GMT
1 < WWW-Authenticate: Bearer realm="telusidentity.apigateway.telus.com", error="insufficient_scope"
1 < Kong-Request-ID: 3aa5f36c-7f69-4b8a-8ad5-11779bbbdd62#359208
1 < vary: Origin
1 < vary: Origin
1 < X-Kong-Response-Latency: 1
1 < Server: kong/3.4.3.11-enterprise-edition
1 < X-Kong-Request-Id: d288406a2708ed40a7ca443967ca6329
1 < X-Kong-Upstream-Latency: 4
1 < X-Kong-Proxy-Latency: 1
1 < Via: kong/3.4.3.11-enterprise-edition
{"message":"Forbidden"}
13:04:57.621 [main] INFO com.intuit.karate - [print] {
  "message": "Forbidden"
}
 
13:04:57.624 [main] DEBUG com.intuit.karate - write to file: target\testdata\output.json
13:04:57.624 [main] INFO com.intuit.karate - [print] {
  "message": "Forbidden"
}
 
13:04:57.625 [main] INFO com.intuit.karate - << lock released, cached callonce: read("../odsdata/getTestData_Consumer_Non_Prod.feature@getdata_resWLN_Active")
13:04:57.625 [main] DEBUG com.intuit.karate.core.ScenarioEngine - over-writing existing variable 'mockResponseWLS_BIZ_SUSPENDED' with new value: callonce read("../odsdata/getTestData_Business_Non_Prod.feature@getdatabizWLS_Suspended")
13:04:57.626 [main] INFO com.intuit.karate - >> lock acquired, begin callonce: read("../odsdata/getTestData_Business_Non_Prod.feature@getdatabizWLS_Suspended")
13:04:57.627 [main] INFO com.intuit.karate.core.FeatureRuntime - classpath:feature/../odsdata/getTestData_Business_Non_Prod.feature - call by tag at line 31: getdatabizWLS_Suspended
13:04:57.631 [main] INFO com.intuit.karate - [print] {
  "responseHeaders": {
    "Content-Type": [
      "application/json; charset=utf-8"
    ],
    "Content-Length": [
      "23"
    ],
    "Connection": [
      "keep-alive"
    ],
    "Date": [
      "Fri, 09 Aug 2024 17:04:57 GMT"
    ],
    "WWW-Authenticate": [
      "Bearer realm=\"telusidentity.apigateway.telus.com\", error=\"insufficient_scope\""
    ],
    "Kong-Request-ID": [
      "9df030cd-e549-46fc-a886-0445fff0e82d#347211"
    ],
    "vary": [
      "Origin",
      "Origin"
    ],
    "X-Kong-Response-Latency": [
      "2"
    ],
    "Server": [
      "kong/3.4.3.11-enterprise-edition"
    ],
    "X-Kong-Request-Id": [
      "a4f59f44f2fcd2101bc36a7a27b6b923"
    ],
    "X-Kong-Upstream-Latency": [
      "5"
    ],
    "X-Kong-Proxy-Latency": [
      "1"
    ],
    "Via": [
      "kong/3.4.3.11-enterprise-edition"
    ]
  },
  "mockResponseWLS_BIZ_ACTIVE": {
    "message": "Forbidden"
  },
  "responseStatus": 403,
  "response": "#ref:java.util.LinkedHashMap"
}
 
13:04:57.631 [main] INFO com.intuit.karate - [print]  
13:04:57.632 [main] INFO com.intuit.karate - [print] {
  "responseHeaders": {
    "Content-Type": [
      "application/json; charset=utf-8"
    ],
    "Content-Length": [
      "23"
    ],
    "Connection": [
      "keep-alive"
    ],
    "Date": [
      "Fri, 09 Aug 2024 17:04:57 GMT"
    ],
    "WWW-Authenticate": [
      "Bearer realm=\"telusidentity.apigateway.telus.com\", error=\"insufficient_scope\""
    ],
    "Kong-Request-ID": [
      "9df030cd-e549-46fc-a886-0445fff0e82d#347210"
    ],
    "vary": [
      "Origin",
      "Origin"
    ],
    "X-Kong-Response-Latency": [
      "2"
    ],
    "Server": [
      "kong/3.4.3.11-enterprise-edition"
    ],
    "X-Kong-Request-Id": [
      "2210087f734bb67107088e442273c56b"
    ],
    "X-Kong-Upstream-Latency": [
      "5"
    ],
    "X-Kong-Proxy-Latency": [
      "1"
    ],
    "Via": [
      "kong/3.4.3.11-enterprise-edition"
    ]
  },
  "responseStatus": 403,
  "response": {
    "message": "Forbidden"
  },
  "mockResponseWLN_BIZ_ACTIVE": "#ref:java.util.LinkedHashMap"
}
 
13:04:57.634 [main] DEBUG karate.org.apache.http.client.protocol.RequestAddCookies - CookieSpec selected: karate
13:04:57.634 [main] DEBUG karate.org.apache.http.client.protocol.RequestAuthCache - Auth cache not set in the context
13:04:57.634 [main] DEBUG com.intuit.karate - request:
1 > GET https://apigw-st.telus.com/customer/contactCenterOdsData/v1/account?businessUnit=BIZ&limit=1&brand=TELUS&lob=WIRELESS&status=Suspended
1 > Content-Type: application/json
1 > env: it01
1 > Authorization: Bearer eyJhbGciOiJSUzI1NiIsImtpZCI6ImNhZGZhMTYyLTU2YzEtNGRiOS1hNjNmLTYwZTM3NzIwMWJkZiIsInBpLmF0bSI6IjMifQ.eyJzY29wZSI6WyI0NzIwIl0sImF1dGhvcml6YXRpb25fZGV0YWlscyI6W10sImNsaWVudF9pZCI6IjUyZTgwYmZhLWI0MmMtNDdkNy05OGI1LThiYjg3YzkyNjIwOSIsImlzcyI6Imh0dHBzOi8vdGVhbXNzby1pdHMwNC50ZWx1cy5jb20iLCJhdWQiOiJrb25nIiwiaWF0IjoxNzIzMjIzMDg5LCJleHAiOjE3MjMyMjMzODl9.flESEmYyI_eCkBmzn54OkGfP2lAIxnyqs2XbjtABUAmEnkCOQe8uoiUdROg_nBCNsbluJLTMIyv2VQYcEFeVpzwJIN4AH00KC-3px8L7DRMcbbbRqgIOGamUVRjytKBt3cFR1XVCW32bLo_XlS6M0CPdsCtowSRRwenf6htGC3loiXiWZ8pxuYaJNnmQfuSN9rWpZNHc8y-eYDl0xm6EoEXQSfatP3EAxDBw6tgqlb5patcu_afyMqKiHha9IdISwDeMrqyfvgoAR4Sqhdy3Uxp_k_xzmM-XWElgzY0YfiUnRnIl01fsIz1UO7xaed3xVyVlwsYrq6nB9I57SYDk-A
1 > Host: apigw-st.telus.com
1 > Connection: Keep-Alive
1 > User-Agent: Apache-HttpClient/4.5.13 (Java/20.0.2)
1 > Accept-Encoding: gzip,deflate


13:04:57.634 [main] DEBUG karate.org.apache.http.impl.conn.PoolingHttpClientConnectionManager - Connection request: [route: {s}->https://apigw-st.telus.com:443][total available: 0; route allocated: 0 of 5; total allocated: 0 of 10]
13:04:57.634 [main] DEBUG karate.org.apache.http.impl.conn.PoolingHttpClientConnectionManager - Connection leased: [id: 37][route: {s}->https://apigw-st.telus.com:443][total available: 0; route allocated: 1 of 5; total allocated: 1 of 10]
13:04:57.634 [main] DEBUG karate.org.apache.http.impl.execchain.MainClientExec - Opening connection {s}->https://apigw-st.telus.com:443
13:04:57.634 [main] DEBUG karate.org.apache.http.impl.conn.DefaultHttpClientConnectionOperator - Connecting to apigw-st.telus.com/207.219.84.31:443
13:04:57.635 [main] DEBUG karate.org.apache.http.conn.ssl.LenientSslConnectionSocketFactory - Connecting socket to apigw-st.telus.com/207.219.84.31:443 with timeout 10000
13:04:57.681 [main] DEBUG karate.org.apache.http.conn.ssl.LenientSslConnectionSocketFactory - Enabled protocols: [TLSv1.3, TLSv1.2]
13:04:57.682 [main] DEBUG karate.org.apache.http.conn.ssl.LenientSslConnectionSocketFactory - Enabled cipher suites:[TLS_AES_256_GCM_SHA384, TLS_AES_128_GCM_SHA256, TLS_CHACHA20_POLY1305_SHA256, TLS_ECDHE_ECDSA_WITH_AES_256_GCM_SHA384, TLS_ECDHE_ECDSA_WITH_AES_128_GCM_SHA256, TLS_ECDHE_ECDSA_WITH_CHACHA20_POLY1305_SHA256, TLS_ECDHE_RSA_WITH_AES_256_GCM_SHA384, TLS_ECDHE_RSA_WITH_CHACHA20_POLY1305_SHA256, TLS_ECDHE_RSA_WITH_AES_128_GCM_SHA256, TLS_DHE_RSA_WITH_AES_256_GCM_SHA384, TLS_DHE_RSA_WITH_CHACHA20_POLY1305_SHA256, TLS_DHE_DSS_WITH_AES_256_GCM_SHA384, TLS_DHE_RSA_WITH_AES_128_GCM_SHA256, TLS_DHE_DSS_WITH_AES_128_GCM_SHA256, TLS_ECDHE_ECDSA_WITH_AES_256_CBC_SHA384, TLS_ECDHE_RSA_WITH_AES_256_CBC_SHA384, TLS_ECDHE_ECDSA_WITH_AES_128_CBC_SHA256, TLS_ECDHE_RSA_WITH_AES_128_CBC_SHA256, TLS_DHE_RSA_WITH_AES_256_CBC_SHA256, TLS_DHE_DSS_WITH_AES_256_CBC_SHA256, TLS_DHE_RSA_WITH_AES_128_CBC_SHA256, TLS_DHE_DSS_WITH_AES_128_CBC_SHA256, TLS_ECDHE_ECDSA_WITH_AES_256_CBC_SHA, TLS_ECDHE_RSA_WITH_AES_256_CBC_SHA, TLS_ECDHE_ECDSA_WITH_AES_128_CBC_SHA, TLS_ECDHE_RSA_WITH_AES_128_CBC_SHA, TLS_DHE_RSA_WITH_AES_256_CBC_SHA, TLS_DHE_DSS_WITH_AES_256_CBC_SHA, TLS_DHE_RSA_WITH_AES_128_CBC_SHA, TLS_DHE_DSS_WITH_AES_128_CBC_SHA, TLS_RSA_WITH_AES_256_GCM_SHA384, TLS_RSA_WITH_AES_128_GCM_SHA256, TLS_RSA_WITH_AES_256_CBC_SHA256, TLS_RSA_WITH_AES_128_CBC_SHA256, TLS_RSA_WITH_AES_256_CBC_SHA, TLS_RSA_WITH_AES_128_CBC_SHA, TLS_EMPTY_RENEGOTIATION_INFO_SCSV]
13:04:57.682 [main] DEBUG karate.org.apache.http.conn.ssl.LenientSslConnectionSocketFactory - Starting handshake
13:04:57.737 [main] DEBUG karate.org.apache.http.conn.ssl.LenientSslConnectionSocketFactory - Secure session established
13:04:57.737 [main] DEBUG karate.org.apache.http.conn.ssl.LenientSslConnectionSocketFactory -  negotiated protocol: TLSv1.3
13:04:57.737 [main] DEBUG karate.org.apache.http.conn.ssl.LenientSslConnectionSocketFactory -  negotiated cipher suite: TLS_AES_128_GCM_SHA256
13:04:57.737 [main] DEBUG karate.org.apache.http.conn.ssl.LenientSslConnectionSocketFactory -  peer principal: CN=apigw-soap-st.telus.com, O=TELUS Corp., L=Vancouver, ST=British Columbia, C=CA
13:04:57.737 [main] DEBUG karate.org.apache.http.conn.ssl.LenientSslConnectionSocketFactory -  peer alternative names: [apigw-soap-st.telus.com, apigw-st.telus.com, apigw-qidc-st.telus.com, apigw-kidc-st.telus.com, apigw-soap-qidc-st.telus.com, apigw-soap-kidc-st.telus.com]
13:04:57.737 [main] DEBUG karate.org.apache.http.conn.ssl.LenientSslConnectionSocketFactory -  issuer principal: CN=DigiCert Global G2 TLS RSA SHA256 2020 CA1, O=DigiCert Inc, C=US
13:04:57.737 [main] DEBUG karate.org.apache.http.impl.conn.DefaultHttpClientConnectionOperator - Connection established 192.168.1.65:54975<->207.219.84.31:443
13:04:57.737 [main] DEBUG karate.org.apache.http.impl.conn.DefaultManagedHttpClientConnection - http-outgoing-37: set socket timeout to 20000
13:04:57.737 [main] DEBUG karate.org.apache.http.impl.execchain.MainClientExec - Executing request GET /customer/contactCenterOdsData/v1/account?businessUnit=BIZ&limit=1&brand=TELUS&lob=WIRELESS&status=Suspended HTTP/1.1
13:04:57.737 [main] DEBUG karate.org.apache.http.impl.execchain.MainClientExec - Proxy auth state: UNCHALLENGED
13:04:57.737 [main] DEBUG karate.org.apache.http.headers - http-outgoing-37 >> GET /customer/contactCenterOdsData/v1/account?businessUnit=BIZ&limit=1&brand=TELUS&lob=WIRELESS&status=Suspended HTTP/1.1
13:04:57.737 [main] DEBUG karate.org.apache.http.headers - http-outgoing-37 >> Content-Type: application/json
13:04:57.737 [main] DEBUG karate.org.apache.http.headers - http-outgoing-37 >> env: it01
13:04:57.737 [main] DEBUG karate.org.apache.http.headers - http-outgoing-37 >> Authorization: Bearer eyJhbGciOiJSUzI1NiIsImtpZCI6ImNhZGZhMTYyLTU2YzEtNGRiOS1hNjNmLTYwZTM3NzIwMWJkZiIsInBpLmF0bSI6IjMifQ.eyJzY29wZSI6WyI0NzIwIl0sImF1dGhvcml6YXRpb25fZGV0YWlscyI6W10sImNsaWVudF9pZCI6IjUyZTgwYmZhLWI0MmMtNDdkNy05OGI1LThiYjg3YzkyNjIwOSIsImlzcyI6Imh0dHBzOi8vdGVhbXNzby1pdHMwNC50ZWx1cy5jb20iLCJhdWQiOiJrb25nIiwiaWF0IjoxNzIzMjIzMDg5LCJleHAiOjE3MjMyMjMzODl9.flESEmYyI_eCkBmzn54OkGfP2lAIxnyqs2XbjtABUAmEnkCOQe8uoiUdROg_nBCNsbluJLTMIyv2VQYcEFeVpzwJIN4AH00KC-3px8L7DRMcbbbRqgIOGamUVRjytKBt3cFR1XVCW32bLo_XlS6M0CPdsCtowSRRwenf6htGC3loiXiWZ8pxuYaJNnmQfuSN9rWpZNHc8y-eYDl0xm6EoEXQSfatP3EAxDBw6tgqlb5patcu_afyMqKiHha9IdISwDeMrqyfvgoAR4Sqhdy3Uxp_k_xzmM-XWElgzY0YfiUnRnIl01fsIz1UO7xaed3xVyVlwsYrq6nB9I57SYDk-A
13:04:57.737 [main] DEBUG karate.org.apache.http.headers - http-outgoing-37 >> Host: apigw-st.telus.com
13:04:57.737 [main] DEBUG karate.org.apache.http.headers - http-outgoing-37 >> Connection: Keep-Alive
13:04:57.737 [main] DEBUG karate.org.apache.http.headers - http-outgoing-37 >> User-Agent: Apache-HttpClient/4.5.13 (Java/20.0.2)
13:04:57.737 [main] DEBUG karate.org.apache.http.headers - http-outgoing-37 >> Accept-Encoding: gzip,deflate
13:04:57.737 [main] DEBUG karate.org.apache.http.wire - http-outgoing-37 >> "GET /customer/contactCenterOdsData/v1/account?businessUnit=BIZ&limit=1&brand=TELUS&lob=WIRELESS&status=Suspended HTTP/1.1[\r][\n]"
13:04:57.737 [main] DEBUG karate.org.apache.http.wire - http-outgoing-37 >> "Content-Type: application/json[\r][\n]"
13:04:57.737 [main] DEBUG karate.org.apache.http.wire - http-outgoing-37 >> "env: it01[\r][\n]"
13:04:57.737 [main] DEBUG karate.org.apache.http.wire - http-outgoing-37 >> "Authorization: Bearer eyJhbGciOiJSUzI1NiIsImtpZCI6ImNhZGZhMTYyLTU2YzEtNGRiOS1hNjNmLTYwZTM3NzIwMWJkZiIsInBpLmF0bSI6IjMifQ.eyJzY29wZSI6WyI0NzIwIl0sImF1dGhvcml6YXRpb25fZGV0YWlscyI6W10sImNsaWVudF9pZCI6IjUyZTgwYmZhLWI0MmMtNDdkNy05OGI1LThiYjg3YzkyNjIwOSIsImlzcyI6Imh0dHBzOi8vdGVhbXNzby1pdHMwNC50ZWx1cy5jb20iLCJhdWQiOiJrb25nIiwiaWF0IjoxNzIzMjIzMDg5LCJleHAiOjE3MjMyMjMzODl9.flESEmYyI_eCkBmzn54OkGfP2lAIxnyqs2XbjtABUAmEnkCOQe8uoiUdROg_nBCNsbluJLTMIyv2VQYcEFeVpzwJIN4AH00KC-3px8L7DRMcbbbRqgIOGamUVRjytKBt3cFR1XVCW32bLo_XlS6M0CPdsCtowSRRwenf6htGC3loiXiWZ8pxuYaJNnmQfuSN9rWpZNHc8y-eYDl0xm6EoEXQSfatP3EAxDBw6tgqlb5patcu_afyMqKiHha9IdISwDeMrqyfvgoAR4Sqhdy3Uxp_k_xzmM-XWElgzY0YfiUnRnIl01fsIz1UO7xaed3xVyVlwsYrq6nB9I57SYDk-A[\r][\n]"
13:04:57.737 [main] DEBUG karate.org.apache.http.wire - http-outgoing-37 >> "Host: apigw-st.telus.com[\r][\n]"
13:04:57.737 [main] DEBUG karate.org.apache.http.wire - http-outgoing-37 >> "Connection: Keep-Alive[\r][\n]"
13:04:57.737 [main] DEBUG karate.org.apache.http.wire - http-outgoing-37 >> "User-Agent: Apache-HttpClient/4.5.13 (Java/20.0.2)[\r][\n]"
13:04:57.737 [main] DEBUG karate.org.apache.http.wire - http-outgoing-37 >> "Accept-Encoding: gzip,deflate[\r][\n]"
13:04:57.738 [main] DEBUG karate.org.apache.http.wire - http-outgoing-37 >> "[\r][\n]"
13:04:57.785 [main] DEBUG karate.org.apache.http.wire - http-outgoing-37 << "HTTP/1.1 403 Forbidden[\r][\n]"
13:04:57.785 [main] DEBUG karate.org.apache.http.wire - http-outgoing-37 << "Content-Type: application/json; charset=utf-8[\r][\n]"
13:04:57.785 [main] DEBUG karate.org.apache.http.wire - http-outgoing-37 << "Content-Length: 23[\r][\n]"
13:04:57.785 [main] DEBUG karate.org.apache.http.wire - http-outgoing-37 << "Connection: keep-alive[\r][\n]"
13:04:57.785 [main] DEBUG karate.org.apache.http.wire - http-outgoing-37 << "Date: Fri, 09 Aug 2024 17:04:58 GMT[\r][\n]"
13:04:57.785 [main] DEBUG karate.org.apache.http.wire - http-outgoing-37 << "WWW-Authenticate: Bearer realm="telusidentity.apigateway.telus.com", error="insufficient_scope"[\r][\n]"
13:04:57.785 [main] DEBUG karate.org.apache.http.wire - http-outgoing-37 << "Kong-Request-ID: dca444e0-7183-43df-b091-a672316acf23#385470[\r][\n]"
13:04:57.785 [main] DEBUG karate.org.apache.http.wire - http-outgoing-37 << "vary: Origin[\r][\n]"
13:04:57.785 [main] DEBUG karate.org.apache.http.wire - http-outgoing-37 << "X-Kong-Response-Latency: 1[\r][\n]"
13:04:57.785 [main] DEBUG karate.org.apache.http.wire - http-outgoing-37 << "Server: kong/3.4.3.11-enterprise-edition[\r][\n]"
13:04:57.785 [main] DEBUG karate.org.apache.http.wire - http-outgoing-37 << "X-Kong-Request-Id: 217c9659be49f0257738497a0b0f4618[\r][\n]"
13:04:57.785 [main] DEBUG karate.org.apache.http.wire - http-outgoing-37 << "vary: Origin[\r][\n]"
13:04:57.785 [main] DEBUG karate.org.apache.http.wire - http-outgoing-37 << "X-Kong-Upstream-Latency: 4[\r][\n]"
13:04:57.785 [main] DEBUG karate.org.apache.http.wire - http-outgoing-37 << "X-Kong-Proxy-Latency: 2[\r][\n]"
13:04:57.785 [main] DEBUG karate.org.apache.http.wire - http-outgoing-37 << "Via: kong/3.4.3.11-enterprise-edition[\r][\n]"
13:04:57.785 [main] DEBUG karate.org.apache.http.wire - http-outgoing-37 << "[\r][\n]"
13:04:57.785 [main] DEBUG karate.org.apache.http.wire - http-outgoing-37 << "{"message":"Forbidden"}"
13:04:57.785 [main] DEBUG karate.org.apache.http.headers - http-outgoing-37 << HTTP/1.1 403 Forbidden
13:04:57.785 [main] DEBUG karate.org.apache.http.headers - http-outgoing-37 << Content-Type: application/json; charset=utf-8
13:04:57.785 [main] DEBUG karate.org.apache.http.headers - http-outgoing-37 << Content-Length: 23
13:04:57.785 [main] DEBUG karate.org.apache.http.headers - http-outgoing-37 << Connection: keep-alive
13:04:57.785 [main] DEBUG karate.org.apache.http.headers - http-outgoing-37 << Date: Fri, 09 Aug 2024 17:04:58 GMT
13:04:57.785 [main] DEBUG karate.org.apache.http.headers - http-outgoing-37 << WWW-Authenticate: Bearer realm="telusidentity.apigateway.telus.com", error="insufficient_scope"
13:04:57.786 [main] DEBUG karate.org.apache.http.headers - http-outgoing-37 << Kong-Request-ID: dca444e0-7183-43df-b091-a672316acf23#385470
13:04:57.786 [main] DEBUG karate.org.apache.http.headers - http-outgoing-37 << vary: Origin
13:04:57.786 [main] DEBUG karate.org.apache.http.headers - http-outgoing-37 << X-Kong-Response-Latency: 1
13:04:57.786 [main] DEBUG karate.org.apache.http.headers - http-outgoing-37 << Server: kong/3.4.3.11-enterprise-edition
13:04:57.786 [main] DEBUG karate.org.apache.http.headers - http-outgoing-37 << X-Kong-Request-Id: 217c9659be49f0257738497a0b0f4618
13:04:57.786 [main] DEBUG karate.org.apache.http.headers - http-outgoing-37 << vary: Origin
13:04:57.786 [main] DEBUG karate.org.apache.http.headers - http-outgoing-37 << X-Kong-Upstream-Latency: 4
13:04:57.786 [main] DEBUG karate.org.apache.http.headers - http-outgoing-37 << X-Kong-Proxy-Latency: 2
13:04:57.786 [main] DEBUG karate.org.apache.http.headers - http-outgoing-37 << Via: kong/3.4.3.11-enterprise-edition
13:04:57.786 [main] DEBUG karate.org.apache.http.impl.execchain.MainClientExec - Connection can be kept alive indefinitely
13:04:57.786 [main] DEBUG karate.org.apache.http.impl.conn.PoolingHttpClientConnectionManager - Connection [id: 37][route: {s}->https://apigw-st.telus.com:443] can be kept alive indefinitely
13:04:57.786 [main] DEBUG karate.org.apache.http.impl.conn.DefaultManagedHttpClientConnection - http-outgoing-37: set socket timeout to 0
13:04:57.786 [main] DEBUG karate.org.apache.http.impl.conn.PoolingHttpClientConnectionManager - Connection released: [id: 37][route: {s}->https://apigw-st.telus.com:443][total available: 1; route allocated: 1 of 5; total allocated: 1 of 10]
13:04:57.786 [main] DEBUG com.intuit.karate - response time in milliseconds: 152
1 < 403
1 < Content-Type: application/json; charset=utf-8
1 < Content-Length: 23
1 < Connection: keep-alive
1 < Date: Fri, 09 Aug 2024 17:04:58 GMT
1 < WWW-Authenticate: Bearer realm="telusidentity.apigateway.telus.com", error="insufficient_scope"
1 < Kong-Request-ID: dca444e0-7183-43df-b091-a672316acf23#385470
1 < vary: Origin
1 < vary: Origin
1 < X-Kong-Response-Latency: 1
1 < Server: kong/3.4.3.11-enterprise-edition
1 < X-Kong-Request-Id: 217c9659be49f0257738497a0b0f4618
1 < X-Kong-Upstream-Latency: 4
1 < X-Kong-Proxy-Latency: 2
1 < Via: kong/3.4.3.11-enterprise-edition
{"message":"Forbidden"}
13:04:57.787 [main] INFO com.intuit.karate - [print] {
  "message": "Forbidden"
}
 
13:04:57.788 [main] DEBUG com.intuit.karate - write to file: target\testdata\output.json
13:04:57.789 [main] INFO com.intuit.karate - [print] {
  "message": "Forbidden"
}
 
13:04:57.789 [main] INFO com.intuit.karate - << lock released, cached callonce: read("../odsdata/getTestData_Business_Non_Prod.feature@getdatabizWLS_Suspended")
13:04:57.795 [main] INFO com.intuit.karate - karate.env system property was: it01 
13:04:57.795 [main] INFO com.intuit.karate - clientId:52e80bfa-b42c-47d7-98b5-8bb87c926209 
13:04:57.795 [main] INFO com.intuit.karate - Current URL is : https://apigw-st.telus.com 
13:04:57.795 [main] INFO com.intuit.karate - Current Env is : it01 
13:04:57.797 [main] INFO com.intuit.karate - [print] eyJhbGciOiJSUzI1NiIsImtpZCI6ImNhZGZhMTYyLTU2YzEtNGRiOS1hNjNmLTYwZTM3NzIwMWJkZiIsInBpLmF0bSI6IjMifQ.eyJzY29wZSI6WyI0NzIwIl0sImF1dGhvcml6YXRpb25fZGV0YWlscyI6W10sImNsaWVudF9pZCI6IjUyZTgwYmZhLWI0MmMtNDdkNy05OGI1LThiYjg3YzkyNjIwOSIsImlzcyI6Imh0dHBzOi8vdGVhbXNzby1pdHMwNC50ZWx1cy5jb20iLCJhdWQiOiJrb25nIiwiaWF0IjoxNzIzMjIzMDg5LCJleHAiOjE3MjMyMjMzODl9.flESEmYyI_eCkBmzn54OkGfP2lAIxnyqs2XbjtABUAmEnkCOQe8uoiUdROg_nBCNsbluJLTMIyv2VQYcEFeVpzwJIN4AH00KC-3px8L7DRMcbbbRqgIOGamUVRjytKBt3cFR1XVCW32bLo_XlS6M0CPdsCtowSRRwenf6htGC3loiXiWZ8pxuYaJNnmQfuSN9rWpZNHc8y-eYDl0xm6EoEXQSfatP3EAxDBw6tgqlb5patcu_afyMqKiHha9IdISwDeMrqyfvgoAR4Sqhdy3Uxp_k_xzmM-XWElgzY0YfiUnRnIl01fsIz1UO7xaed3xVyVlwsYrq6nB9I57SYDk-A 
13:04:57.797 [main] DEBUG com.intuit.karate.core.ScenarioEngine - over-writing existing variable 'mockResponseWLS_RES_ACTIVE' with new value: callonce read("../odsdata/getTestData_Consumer_Non_Prod.feature@getdata_resWLS_Active")
13:04:57.798 [main] DEBUG com.intuit.karate.core.ScenarioEngine - over-writing existing variable 'mockResponseWLN_BIZ_ACTIVE' with new value: callonce read("../odsdata/getTestData_Business_Non_Prod.feature@getdatabizWLN")
13:04:57.800 [main] DEBUG com.intuit.karate.core.ScenarioEngine - over-writing existing variable 'mockResponseWLS_BIZ_ACTIVE' with new value: callonce read("../odsdata/getTestData_Business_Non_Prod.feature@getdatabizWLS")
13:04:57.801 [main] DEBUG com.intuit.karate.core.ScenarioEngine - over-writing existing variable 'mockResponseWLS_CORP_ACTIVE' with new value: callonce read("../odsdata/getTestData_CORP_Non_Prod.feature@getdataCorpActive")
13:04:57.802 [main] DEBUG com.intuit.karate.core.ScenarioEngine - over-writing existing variable 'mockResponseWLS_CORP_SUSPENDED' with new value: callonce read("../odsdata/getTestData_CORP_Non_Prod.feature@getdataCorpSuspended")
13:04:57.803 [main] DEBUG com.intuit.karate.core.ScenarioEngine - over-writing existing variable 'mockResponseWLS_CORP_CANCELLED' with new value: callonce read("../odsdata/getTestData_CORP_Non_Prod.feature@getdataCorpCancelled")
13:04:57.805 [main] DEBUG com.intuit.karate.core.ScenarioEngine - over-writing existing variable 'mockResponseWLN_RES_ACTIVE' with new value: callonce read("../odsdata/getTestData_Consumer_Non_Prod.feature@getdata_resWLN_Active")
13:04:57.809 [main] DEBUG com.intuit.karate.core.ScenarioEngine - over-writing existing variable 'mockResponseWLS_BIZ_SUSPENDED' with new value: callonce read("../odsdata/getTestData_Business_Non_Prod.feature@getdatabizWLS_Suspended")
13:04:57.809 [Finalizer] DEBUG karate.org.apache.http.impl.conn.PoolingHttpClientConnectionManager - Connection manager is shutting down
13:04:57.809 [Finalizer] DEBUG karate.org.apache.http.impl.conn.DefaultManagedHttpClientConnection - http-outgoing-33: Close connection
13:04:57.810 [Finalizer] DEBUG karate.org.apache.http.impl.conn.PoolingHttpClientConnectionManager - Connection manager shut down
13:04:57.810 [Finalizer] DEBUG karate.org.apache.http.impl.conn.PoolingHttpClientConnectionManager - Connection manager is shutting down
13:04:57.810 [Finalizer] DEBUG karate.org.apache.http.impl.conn.DefaultManagedHttpClientConnection - http-outgoing-34: Close connection
13:04:57.810 [Finalizer] DEBUG karate.org.apache.http.impl.conn.PoolingHttpClientConnectionManager - Connection manager shut down
13:04:57.810 [Finalizer] DEBUG karate.org.apache.http.impl.conn.PoolingHttpClientConnectionManager - Connection manager is shutting down
13:04:57.810 [Finalizer] DEBUG karate.org.apache.http.impl.conn.DefaultManagedHttpClientConnection - http-outgoing-35: Close connection
13:04:57.810 [Finalizer] DEBUG karate.org.apache.http.impl.conn.PoolingHttpClientConnectionManager - Connection manager shut down
13:04:57.810 [Finalizer] DEBUG karate.org.apache.http.impl.conn.PoolingHttpClientConnectionManager - Connection manager is shutting down
13:04:57.810 [Finalizer] DEBUG karate.org.apache.http.impl.conn.DefaultManagedHttpClientConnection - http-outgoing-30: Close connection
13:04:57.811 [Finalizer] DEBUG karate.org.apache.http.impl.conn.PoolingHttpClientConnectionManager - Connection manager shut down
13:04:57.811 [Finalizer] DEBUG karate.org.apache.http.impl.conn.PoolingHttpClientConnectionManager - Connection manager is shutting down
13:04:57.811 [Finalizer] DEBUG karate.org.apache.http.impl.conn.DefaultManagedHttpClientConnection - http-outgoing-31: Close connection
13:04:57.811 [Finalizer] DEBUG karate.org.apache.http.impl.conn.PoolingHttpClientConnectionManager - Connection manager shut down
13:04:57.811 [Finalizer] DEBUG karate.org.apache.http.impl.conn.PoolingHttpClientConnectionManager - Connection manager is shutting down
13:04:57.811 [Finalizer] DEBUG karate.org.apache.http.impl.conn.DefaultManagedHttpClientConnection - http-outgoing-32: Close connection
13:04:57.812 [Finalizer] DEBUG karate.org.apache.http.impl.conn.PoolingHttpClientConnectionManager - Connection manager shut down
13:04:57.812 [Finalizer] DEBUG karate.org.apache.http.impl.conn.PoolingHttpClientConnectionManager - Connection manager is shutting down
13:04:57.812 [Finalizer] DEBUG karate.org.apache.http.impl.conn.DefaultManagedHttpClientConnection - http-outgoing-36: Close connection
13:04:57.812 [Finalizer] DEBUG karate.org.apache.http.impl.conn.PoolingHttpClientConnectionManager - Connection manager shut down
13:04:57.812 [Finalizer] DEBUG karate.org.apache.http.impl.conn.PoolingHttpClientConnectionManager - Connection manager is shutting down
13:04:57.812 [Finalizer] DEBUG karate.org.apache.http.impl.conn.DefaultManagedHttpClientConnection - http-outgoing-37: Close connection
13:04:57.812 [Finalizer] DEBUG karate.org.apache.http.impl.conn.PoolingHttpClientConnectionManager - Connection manager shut down
13:04:57.818 [main] INFO com.intuit.karate - karate.env system property was: it01 
13:04:57.818 [main] INFO com.intuit.karate - clientId:52e80bfa-b42c-47d7-98b5-8bb87c926209 
13:04:57.819 [main] INFO com.intuit.karate - Current URL is : https://apigw-st.telus.com 
13:04:57.819 [main] INFO com.intuit.karate - Current Env is : it01 
13:04:57.822 [main] INFO com.intuit.karate - [print] eyJhbGciOiJSUzI1NiIsImtpZCI6ImNhZGZhMTYyLTU2YzEtNGRiOS1hNjNmLTYwZTM3NzIwMWJkZiIsInBpLmF0bSI6IjMifQ.eyJzY29wZSI6WyI0NzIwIl0sImF1dGhvcml6YXRpb25fZGV0YWlscyI6W10sImNsaWVudF9pZCI6IjUyZTgwYmZhLWI0MmMtNDdkNy05OGI1LThiYjg3YzkyNjIwOSIsImlzcyI6Imh0dHBzOi8vdGVhbXNzby1pdHMwNC50ZWx1cy5jb20iLCJhdWQiOiJrb25nIiwiaWF0IjoxNzIzMjIzMDg5LCJleHAiOjE3MjMyMjMzODl9.flESEmYyI_eCkBmzn54OkGfP2lAIxnyqs2XbjtABUAmEnkCOQe8uoiUdROg_nBCNsbluJLTMIyv2VQYcEFeVpzwJIN4AH00KC-3px8L7DRMcbbbRqgIOGamUVRjytKBt3cFR1XVCW32bLo_XlS6M0CPdsCtowSRRwenf6htGC3loiXiWZ8pxuYaJNnmQfuSN9rWpZNHc8y-eYDl0xm6EoEXQSfatP3EAxDBw6tgqlb5patcu_afyMqKiHha9IdISwDeMrqyfvgoAR4Sqhdy3Uxp_k_xzmM-XWElgzY0YfiUnRnIl01fsIz1UO7xaed3xVyVlwsYrq6nB9I57SYDk-A 
13:04:57.822 [main] DEBUG com.intuit.karate.core.ScenarioEngine - over-writing existing variable 'mockResponseWLS_RES_ACTIVE' with new value: callonce read("../odsdata/getTestData_Consumer_Non_Prod.feature@getdata_resWLS_Active")
13:04:57.825 [main] DEBUG com.intuit.karate.core.ScenarioEngine - over-writing existing variable 'mockResponseWLN_BIZ_ACTIVE' with new value: callonce read("../odsdata/getTestData_Business_Non_Prod.feature@getdatabizWLN")
13:04:57.827 [main] DEBUG com.intuit.karate.core.ScenarioEngine - over-writing existing variable 'mockResponseWLS_BIZ_ACTIVE' with new value: callonce read("../odsdata/getTestData_Business_Non_Prod.feature@getdatabizWLS")
13:04:57.829 [main] DEBUG com.intuit.karate.core.ScenarioEngine - over-writing existing variable 'mockResponseWLS_CORP_ACTIVE' with new value: callonce read("../odsdata/getTestData_CORP_Non_Prod.feature@getdataCorpActive")
13:04:57.831 [main] DEBUG com.intuit.karate.core.ScenarioEngine - over-writing existing variable 'mockResponseWLS_CORP_SUSPENDED' with new value: callonce read("../odsdata/getTestData_CORP_Non_Prod.feature@getdataCorpSuspended")
13:04:57.832 [main] DEBUG com.intuit.karate.core.ScenarioEngine - over-writing existing variable 'mockResponseWLS_CORP_CANCELLED' with new value: callonce read("../odsdata/getTestData_CORP_Non_Prod.feature@getdataCorpCancelled")
13:04:57.833 [main] DEBUG com.intuit.karate.core.ScenarioEngine - over-writing existing variable 'mockResponseWLN_RES_ACTIVE' with new value: callonce read("../odsdata/getTestData_Consumer_Non_Prod.feature@getdata_resWLN_Active")
13:04:57.835 [main] DEBUG com.intuit.karate.core.ScenarioEngine - over-writing existing variable 'mockResponseWLS_BIZ_SUSPENDED' with new value: callonce read("../odsdata/getTestData_Business_Non_Prod.feature@getdatabizWLS_Suspended")
13:04:57.839 [main] INFO com.intuit.karate - karate.env system property was: it01 
13:04:57.839 [main] INFO com.intuit.karate - clientId:52e80bfa-b42c-47d7-98b5-8bb87c926209 
13:04:57.839 [main] INFO com.intuit.karate - Current URL is : https://apigw-st.telus.com 
13:04:57.839 [main] INFO com.intuit.karate - Current Env is : it01 
13:04:57.841 [main] INFO com.intuit.karate - [print] eyJhbGciOiJSUzI1NiIsImtpZCI6ImNhZGZhMTYyLTU2YzEtNGRiOS1hNjNmLTYwZTM3NzIwMWJkZiIsInBpLmF0bSI6IjMifQ.eyJzY29wZSI6WyI0NzIwIl0sImF1dGhvcml6YXRpb25fZGV0YWlscyI6W10sImNsaWVudF9pZCI6IjUyZTgwYmZhLWI0MmMtNDdkNy05OGI1LThiYjg3YzkyNjIwOSIsImlzcyI6Imh0dHBzOi8vdGVhbXNzby1pdHMwNC50ZWx1cy5jb20iLCJhdWQiOiJrb25nIiwiaWF0IjoxNzIzMjIzMDg5LCJleHAiOjE3MjMyMjMzODl9.flESEmYyI_eCkBmzn54OkGfP2lAIxnyqs2XbjtABUAmEnkCOQe8uoiUdROg_nBCNsbluJLTMIyv2VQYcEFeVpzwJIN4AH00KC-3px8L7DRMcbbbRqgIOGamUVRjytKBt3cFR1XVCW32bLo_XlS6M0CPdsCtowSRRwenf6htGC3loiXiWZ8pxuYaJNnmQfuSN9rWpZNHc8y-eYDl0xm6EoEXQSfatP3EAxDBw6tgqlb5patcu_afyMqKiHha9IdISwDeMrqyfvgoAR4Sqhdy3Uxp_k_xzmM-XWElgzY0YfiUnRnIl01fsIz1UO7xaed3xVyVlwsYrq6nB9I57SYDk-A 
13:04:57.841 [main] DEBUG com.intuit.karate.core.ScenarioEngine - over-writing existing variable 'mockResponseWLS_RES_ACTIVE' with new value: callonce read("../odsdata/getTestData_Consumer_Non_Prod.feature@getdata_resWLS_Active")
13:04:57.842 [main] DEBUG com.intuit.karate.core.ScenarioEngine - over-writing existing variable 'mockResponseWLN_BIZ_ACTIVE' with new value: callonce read("../odsdata/getTestData_Business_Non_Prod.feature@getdatabizWLN")
13:04:57.843 [main] DEBUG com.intuit.karate.core.ScenarioEngine - over-writing existing variable 'mockResponseWLS_BIZ_ACTIVE' with new value: callonce read("../odsdata/getTestData_Business_Non_Prod.feature@getdatabizWLS")
13:04:57.845 [main] DEBUG com.intuit.karate.core.ScenarioEngine - over-writing existing variable 'mockResponseWLS_CORP_ACTIVE' with new value: callonce read("../odsdata/getTestData_CORP_Non_Prod.feature@getdataCorpActive")
13:04:57.846 [main] DEBUG com.intuit.karate.core.ScenarioEngine - over-writing existing variable 'mockResponseWLS_CORP_SUSPENDED' with new value: callonce read("../odsdata/getTestData_CORP_Non_Prod.feature@getdataCorpSuspended")
13:04:57.846 [main] DEBUG com.intuit.karate.core.ScenarioEngine - over-writing existing variable 'mockResponseWLS_CORP_CANCELLED' with new value: callonce read("../odsdata/getTestData_CORP_Non_Prod.feature@getdataCorpCancelled")
13:04:57.847 [main] DEBUG com.intuit.karate.core.ScenarioEngine - over-writing existing variable 'mockResponseWLN_RES_ACTIVE' with new value: callonce read("../odsdata/getTestData_Consumer_Non_Prod.feature@getdata_resWLN_Active")
13:04:57.848 [main] DEBUG com.intuit.karate.core.ScenarioEngine - over-writing existing variable 'mockResponseWLS_BIZ_SUSPENDED' with new value: callonce read("../odsdata/getTestData_Business_Non_Prod.feature@getdatabizWLS_Suspended")
13:04:57.853 [main] INFO com.intuit.karate - karate.env system property was: it01 
13:04:57.853 [main] INFO com.intuit.karate - clientId:52e80bfa-b42c-47d7-98b5-8bb87c926209 
13:04:57.854 [main] INFO com.intuit.karate - Current URL is : https://apigw-st.telus.com 
13:04:57.854 [main] INFO com.intuit.karate - Current Env is : it01 
13:04:57.857 [main] INFO com.intuit.karate - [print] eyJhbGciOiJSUzI1NiIsImtpZCI6ImNhZGZhMTYyLTU2YzEtNGRiOS1hNjNmLTYwZTM3NzIwMWJkZiIsInBpLmF0bSI6IjMifQ.eyJzY29wZSI6WyI0NzIwIl0sImF1dGhvcml6YXRpb25fZGV0YWlscyI6W10sImNsaWVudF9pZCI6IjUyZTgwYmZhLWI0MmMtNDdkNy05OGI1LThiYjg3YzkyNjIwOSIsImlzcyI6Imh0dHBzOi8vdGVhbXNzby1pdHMwNC50ZWx1cy5jb20iLCJhdWQiOiJrb25nIiwiaWF0IjoxNzIzMjIzMDg5LCJleHAiOjE3MjMyMjMzODl9.flESEmYyI_eCkBmzn54OkGfP2lAIxnyqs2XbjtABUAmEnkCOQe8uoiUdROg_nBCNsbluJLTMIyv2VQYcEFeVpzwJIN4AH00KC-3px8L7DRMcbbbRqgIOGamUVRjytKBt3cFR1XVCW32bLo_XlS6M0CPdsCtowSRRwenf6htGC3loiXiWZ8pxuYaJNnmQfuSN9rWpZNHc8y-eYDl0xm6EoEXQSfatP3EAxDBw6tgqlb5patcu_afyMqKiHha9IdISwDeMrqyfvgoAR4Sqhdy3Uxp_k_xzmM-XWElgzY0YfiUnRnIl01fsIz1UO7xaed3xVyVlwsYrq6nB9I57SYDk-A 
13:04:57.857 [main] DEBUG com.intuit.karate.core.ScenarioEngine - over-writing existing variable 'mockResponseWLS_RES_ACTIVE' with new value: callonce read("../odsdata/getTestData_Consumer_Non_Prod.feature@getdata_resWLS_Active")
13:04:57.859 [main] DEBUG com.intuit.karate.core.ScenarioEngine - over-writing existing variable 'mockResponseWLN_BIZ_ACTIVE' with new value: callonce read("../odsdata/getTestData_Business_Non_Prod.feature@getdatabizWLN")
13:04:57.860 [main] DEBUG com.intuit.karate.core.ScenarioEngine - over-writing existing variable 'mockResponseWLS_BIZ_ACTIVE' with new value: callonce read("../odsdata/getTestData_Business_Non_Prod.feature@getdatabizWLS")
13:04:57.861 [main] DEBUG com.intuit.karate.core.ScenarioEngine - over-writing existing variable 'mockResponseWLS_CORP_ACTIVE' with new value: callonce read("../odsdata/getTestData_CORP_Non_Prod.feature@getdataCorpActive")
13:04:57.863 [main] DEBUG com.intuit.karate.core.ScenarioEngine - over-writing existing variable 'mockResponseWLS_CORP_SUSPENDED' with new value: callonce read("../odsdata/getTestData_CORP_Non_Prod.feature@getdataCorpSuspended")
13:04:57.864 [main] DEBUG com.intuit.karate.core.ScenarioEngine - over-writing existing variable 'mockResponseWLS_CORP_CANCELLED' with new value: callonce read("../odsdata/getTestData_CORP_Non_Prod.feature@getdataCorpCancelled")
13:04:57.866 [main] DEBUG com.intuit.karate.core.ScenarioEngine - over-writing existing variable 'mockResponseWLN_RES_ACTIVE' with new value: callonce read("../odsdata/getTestData_Consumer_Non_Prod.feature@getdata_resWLN_Active")
13:04:57.867 [main] DEBUG com.intuit.karate.core.ScenarioEngine - over-writing existing variable 'mockResponseWLS_BIZ_SUSPENDED' with new value: callonce read("../odsdata/getTestData_Business_Non_Prod.feature@getdatabizWLS_Suspended")
13:04:57.873 [main] INFO com.intuit.karate - karate.env system property was: it01 
13:04:57.873 [main] INFO com.intuit.karate - clientId:52e80bfa-b42c-47d7-98b5-8bb87c926209 
13:04:57.873 [main] INFO com.intuit.karate - Current URL is : https://apigw-st.telus.com 
13:04:57.873 [main] INFO com.intuit.karate - Current Env is : it01 
13:04:57.875 [main] INFO com.intuit.karate - [print] eyJhbGciOiJSUzI1NiIsImtpZCI6ImNhZGZhMTYyLTU2YzEtNGRiOS1hNjNmLTYwZTM3NzIwMWJkZiIsInBpLmF0bSI6IjMifQ.eyJzY29wZSI6WyI0NzIwIl0sImF1dGhvcml6YXRpb25fZGV0YWlscyI6W10sImNsaWVudF9pZCI6IjUyZTgwYmZhLWI0MmMtNDdkNy05OGI1LThiYjg3YzkyNjIwOSIsImlzcyI6Imh0dHBzOi8vdGVhbXNzby1pdHMwNC50ZWx1cy5jb20iLCJhdWQiOiJrb25nIiwiaWF0IjoxNzIzMjIzMDg5LCJleHAiOjE3MjMyMjMzODl9.flESEmYyI_eCkBmzn54OkGfP2lAIxnyqs2XbjtABUAmEnkCOQe8uoiUdROg_nBCNsbluJLTMIyv2VQYcEFeVpzwJIN4AH00KC-3px8L7DRMcbbbRqgIOGamUVRjytKBt3cFR1XVCW32bLo_XlS6M0CPdsCtowSRRwenf6htGC3loiXiWZ8pxuYaJNnmQfuSN9rWpZNHc8y-eYDl0xm6EoEXQSfatP3EAxDBw6tgqlb5patcu_afyMqKiHha9IdISwDeMrqyfvgoAR4Sqhdy3Uxp_k_xzmM-XWElgzY0YfiUnRnIl01fsIz1UO7xaed3xVyVlwsYrq6nB9I57SYDk-A 
13:04:57.875 [main] DEBUG com.intuit.karate.core.ScenarioEngine - over-writing existing variable 'mockResponseWLS_RES_ACTIVE' with new value: callonce read("../odsdata/getTestData_Consumer_Non_Prod.feature@getdata_resWLS_Active")
13:04:57.876 [main] DEBUG com.intuit.karate.core.ScenarioEngine - over-writing existing variable 'mockResponseWLN_BIZ_ACTIVE' with new value: callonce read("../odsdata/getTestData_Business_Non_Prod.feature@getdatabizWLN")
13:04:57.877 [main] DEBUG com.intuit.karate.core.ScenarioEngine - over-writing existing variable 'mockResponseWLS_BIZ_ACTIVE' with new value: callonce read("../odsdata/getTestData_Business_Non_Prod.feature@getdatabizWLS")
13:04:57.878 [main] DEBUG com.intuit.karate.core.ScenarioEngine - over-writing existing variable 'mockResponseWLS_CORP_ACTIVE' with new value: callonce read("../odsdata/getTestData_CORP_Non_Prod.feature@getdataCorpActive")
13:04:57.879 [main] DEBUG com.intuit.karate.core.ScenarioEngine - over-writing existing variable 'mockResponseWLS_CORP_SUSPENDED' with new value: callonce read("../odsdata/getTestData_CORP_Non_Prod.feature@getdataCorpSuspended")
13:04:57.879 [main] DEBUG com.intuit.karate.core.ScenarioEngine - over-writing existing variable 'mockResponseWLS_CORP_CANCELLED' with new value: callonce read("../odsdata/getTestData_CORP_Non_Prod.feature@getdataCorpCancelled")
13:04:57.880 [main] DEBUG com.intuit.karate.core.ScenarioEngine - over-writing existing variable 'mockResponseWLN_RES_ACTIVE' with new value: callonce read("../odsdata/getTestData_Consumer_Non_Prod.feature@getdata_resWLN_Active")
13:04:57.881 [main] DEBUG com.intuit.karate.core.ScenarioEngine - over-writing existing variable 'mockResponseWLS_BIZ_SUSPENDED' with new value: callonce read("../odsdata/getTestData_Business_Non_Prod.feature@getdatabizWLS_Suspended")
13:04:57.887 [main] INFO com.intuit.karate - karate.env system property was: it01 
13:04:57.887 [main] INFO com.intuit.karate - clientId:52e80bfa-b42c-47d7-98b5-8bb87c926209 
13:04:57.887 [main] INFO com.intuit.karate - Current URL is : https://apigw-st.telus.com 
13:04:57.887 [main] INFO com.intuit.karate - Current Env is : it01 
13:04:57.889 [main] INFO com.intuit.karate - [print] eyJhbGciOiJSUzI1NiIsImtpZCI6ImNhZGZhMTYyLTU2YzEtNGRiOS1hNjNmLTYwZTM3NzIwMWJkZiIsInBpLmF0bSI6IjMifQ.eyJzY29wZSI6WyI0NzIwIl0sImF1dGhvcml6YXRpb25fZGV0YWlscyI6W10sImNsaWVudF9pZCI6IjUyZTgwYmZhLWI0MmMtNDdkNy05OGI1LThiYjg3YzkyNjIwOSIsImlzcyI6Imh0dHBzOi8vdGVhbXNzby1pdHMwNC50ZWx1cy5jb20iLCJhdWQiOiJrb25nIiwiaWF0IjoxNzIzMjIzMDg5LCJleHAiOjE3MjMyMjMzODl9.flESEmYyI_eCkBmzn54OkGfP2lAIxnyqs2XbjtABUAmEnkCOQe8uoiUdROg_nBCNsbluJLTMIyv2VQYcEFeVpzwJIN4AH00KC-3px8L7DRMcbbbRqgIOGamUVRjytKBt3cFR1XVCW32bLo_XlS6M0CPdsCtowSRRwenf6htGC3loiXiWZ8pxuYaJNnmQfuSN9rWpZNHc8y-eYDl0xm6EoEXQSfatP3EAxDBw6tgqlb5patcu_afyMqKiHha9IdISwDeMrqyfvgoAR4Sqhdy3Uxp_k_xzmM-XWElgzY0YfiUnRnIl01fsIz1UO7xaed3xVyVlwsYrq6nB9I57SYDk-A 
13:04:57.889 [main] DEBUG com.intuit.karate.core.ScenarioEngine - over-writing existing variable 'mockResponseWLS_RES_ACTIVE' with new value: callonce read("../odsdata/getTestData_Consumer_Non_Prod.feature@getdata_resWLS_Active")
13:04:57.891 [main] DEBUG com.intuit.karate.core.ScenarioEngine - over-writing existing variable 'mockResponseWLN_BIZ_ACTIVE' with new value: callonce read("../odsdata/getTestData_Business_Non_Prod.feature@getdatabizWLN")
13:04:57.893 [main] DEBUG com.intuit.karate.core.ScenarioEngine - over-writing existing variable 'mockResponseWLS_BIZ_ACTIVE' with new value: callonce read("../odsdata/getTestData_Business_Non_Prod.feature@getdatabizWLS")
13:04:57.894 [main] DEBUG com.intuit.karate.core.ScenarioEngine - over-writing existing variable 'mockResponseWLS_CORP_ACTIVE' with new value: callonce read("../odsdata/getTestData_CORP_Non_Prod.feature@getdataCorpActive")
13:04:57.895 [main] DEBUG com.intuit.karate.core.ScenarioEngine - over-writing existing variable 'mockResponseWLS_CORP_SUSPENDED' with new value: callonce read("../odsdata/getTestData_CORP_Non_Prod.feature@getdataCorpSuspended")
13:04:57.896 [main] DEBUG com.intuit.karate.core.ScenarioEngine - over-writing existing variable 'mockResponseWLS_CORP_CANCELLED' with new value: callonce read("../odsdata/getTestData_CORP_Non_Prod.feature@getdataCorpCancelled")
13:04:57.897 [main] DEBUG com.intuit.karate.core.ScenarioEngine - over-writing existing variable 'mockResponseWLN_RES_ACTIVE' with new value: callonce read("../odsdata/getTestData_Consumer_Non_Prod.feature@getdata_resWLN_Active")
13:04:57.905 [main] DEBUG com.intuit.karate.core.ScenarioEngine - over-writing existing variable 'mockResponseWLS_BIZ_SUSPENDED' with new value: callonce read("../odsdata/getTestData_Business_Non_Prod.feature@getdatabizWLS_Suspended")
13:04:57.912 [main] INFO com.intuit.karate - karate.env system property was: it01 
13:04:57.912 [main] INFO com.intuit.karate - clientId:52e80bfa-b42c-47d7-98b5-8bb87c926209 
13:04:57.912 [main] INFO com.intuit.karate - Current URL is : https://apigw-st.telus.com 
13:04:57.912 [main] INFO com.intuit.karate - Current Env is : it01 
13:04:57.914 [main] INFO com.intuit.karate - [print] eyJhbGciOiJSUzI1NiIsImtpZCI6ImNhZGZhMTYyLTU2YzEtNGRiOS1hNjNmLTYwZTM3NzIwMWJkZiIsInBpLmF0bSI6IjMifQ.eyJzY29wZSI6WyI0NzIwIl0sImF1dGhvcml6YXRpb25fZGV0YWlscyI6W10sImNsaWVudF9pZCI6IjUyZTgwYmZhLWI0MmMtNDdkNy05OGI1LThiYjg3YzkyNjIwOSIsImlzcyI6Imh0dHBzOi8vdGVhbXNzby1pdHMwNC50ZWx1cy5jb20iLCJhdWQiOiJrb25nIiwiaWF0IjoxNzIzMjIzMDg5LCJleHAiOjE3MjMyMjMzODl9.flESEmYyI_eCkBmzn54OkGfP2lAIxnyqs2XbjtABUAmEnkCOQe8uoiUdROg_nBCNsbluJLTMIyv2VQYcEFeVpzwJIN4AH00KC-3px8L7DRMcbbbRqgIOGamUVRjytKBt3cFR1XVCW32bLo_XlS6M0CPdsCtowSRRwenf6htGC3loiXiWZ8pxuYaJNnmQfuSN9rWpZNHc8y-eYDl0xm6EoEXQSfatP3EAxDBw6tgqlb5patcu_afyMqKiHha9IdISwDeMrqyfvgoAR4Sqhdy3Uxp_k_xzmM-XWElgzY0YfiUnRnIl01fsIz1UO7xaed3xVyVlwsYrq6nB9I57SYDk-A 
13:04:57.914 [main] DEBUG com.intuit.karate.core.ScenarioEngine - over-writing existing variable 'mockResponseWLS_RES_ACTIVE' with new value: callonce read("../odsdata/getTestData_Consumer_Non_Prod.feature@getdata_resWLS_Active")
13:04:57.922 [main] DEBUG com.intuit.karate.core.ScenarioEngine - over-writing existing variable 'mockResponseWLN_BIZ_ACTIVE' with new value: callonce read("../odsdata/getTestData_Business_Non_Prod.feature@getdatabizWLN")
13:04:57.923 [main] DEBUG com.intuit.karate.core.ScenarioEngine - over-writing existing variable 'mockResponseWLS_BIZ_ACTIVE' with new value: callonce read("../odsdata/getTestData_Business_Non_Prod.feature@getdatabizWLS")
13:04:57.925 [main] DEBUG com.intuit.karate.core.ScenarioEngine - over-writing existing variable 'mockResponseWLS_CORP_ACTIVE' with new value: callonce read("../odsdata/getTestData_CORP_Non_Prod.feature@getdataCorpActive")
13:04:57.926 [main] DEBUG com.intuit.karate.core.ScenarioEngine - over-writing existing variable 'mockResponseWLS_CORP_SUSPENDED' with new value: callonce read("../odsdata/getTestData_CORP_Non_Prod.feature@getdataCorpSuspended")
13:04:57.928 [main] DEBUG com.intuit.karate.core.ScenarioEngine - over-writing existing variable 'mockResponseWLS_CORP_CANCELLED' with new value: callonce read("../odsdata/getTestData_CORP_Non_Prod.feature@getdataCorpCancelled")
13:04:57.929 [main] DEBUG com.intuit.karate.core.ScenarioEngine - over-writing existing variable 'mockResponseWLN_RES_ACTIVE' with new value: callonce read("../odsdata/getTestData_Consumer_Non_Prod.feature@getdata_resWLN_Active")
13:04:57.931 [main] DEBUG com.intuit.karate.core.ScenarioEngine - over-writing existing variable 'mockResponseWLS_BIZ_SUSPENDED' with new value: callonce read("../odsdata/getTestData_Business_Non_Prod.feature@getdatabizWLS_Suspended")
13:04:57.937 [main] INFO com.intuit.karate - karate.env system property was: it01 
13:04:57.937 [main] INFO com.intuit.karate - clientId:52e80bfa-b42c-47d7-98b5-8bb87c926209 
13:04:57.937 [main] INFO com.intuit.karate - Current URL is : https://apigw-st.telus.com 
13:04:57.937 [main] INFO com.intuit.karate - Current Env is : it01 
13:04:57.938 [main] INFO com.intuit.karate - [print] eyJhbGciOiJSUzI1NiIsImtpZCI6ImNhZGZhMTYyLTU2YzEtNGRiOS1hNjNmLTYwZTM3NzIwMWJkZiIsInBpLmF0bSI6IjMifQ.eyJzY29wZSI6WyI0NzIwIl0sImF1dGhvcml6YXRpb25fZGV0YWlscyI6W10sImNsaWVudF9pZCI6IjUyZTgwYmZhLWI0MmMtNDdkNy05OGI1LThiYjg3YzkyNjIwOSIsImlzcyI6Imh0dHBzOi8vdGVhbXNzby1pdHMwNC50ZWx1cy5jb20iLCJhdWQiOiJrb25nIiwiaWF0IjoxNzIzMjIzMDg5LCJleHAiOjE3MjMyMjMzODl9.flESEmYyI_eCkBmzn54OkGfP2lAIxnyqs2XbjtABUAmEnkCOQe8uoiUdROg_nBCNsbluJLTMIyv2VQYcEFeVpzwJIN4AH00KC-3px8L7DRMcbbbRqgIOGamUVRjytKBt3cFR1XVCW32bLo_XlS6M0CPdsCtowSRRwenf6htGC3loiXiWZ8pxuYaJNnmQfuSN9rWpZNHc8y-eYDl0xm6EoEXQSfatP3EAxDBw6tgqlb5patcu_afyMqKiHha9IdISwDeMrqyfvgoAR4Sqhdy3Uxp_k_xzmM-XWElgzY0YfiUnRnIl01fsIz1UO7xaed3xVyVlwsYrq6nB9I57SYDk-A 
13:04:57.938 [main] DEBUG com.intuit.karate.core.ScenarioEngine - over-writing existing variable 'mockResponseWLS_RES_ACTIVE' with new value: callonce read("../odsdata/getTestData_Consumer_Non_Prod.feature@getdata_resWLS_Active")
13:04:57.940 [main] DEBUG com.intuit.karate.core.ScenarioEngine - over-writing existing variable 'mockResponseWLN_BIZ_ACTIVE' with new value: callonce read("../odsdata/getTestData_Business_Non_Prod.feature@getdatabizWLN")
13:04:57.940 [main] DEBUG com.intuit.karate.core.ScenarioEngine - over-writing existing variable 'mockResponseWLS_BIZ_ACTIVE' with new value: callonce read("../odsdata/getTestData_Business_Non_Prod.feature@getdatabizWLS")
13:04:57.941 [main] DEBUG com.intuit.karate.core.ScenarioEngine - over-writing existing variable 'mockResponseWLS_CORP_ACTIVE' with new value: callonce read("../odsdata/getTestData_CORP_Non_Prod.feature@getdataCorpActive")
13:04:57.942 [main] DEBUG com.intuit.karate.core.ScenarioEngine - over-writing existing variable 'mockResponseWLS_CORP_SUSPENDED' with new value: callonce read("../odsdata/getTestData_CORP_Non_Prod.feature@getdataCorpSuspended")
13:04:57.943 [main] DEBUG com.intuit.karate.core.ScenarioEngine - over-writing existing variable 'mockResponseWLS_CORP_CANCELLED' with new value: callonce read("../odsdata/getTestData_CORP_Non_Prod.feature@getdataCorpCancelled")
13:04:57.944 [main] DEBUG com.intuit.karate.core.ScenarioEngine - over-writing existing variable 'mockResponseWLN_RES_ACTIVE' with new value: callonce read("../odsdata/getTestData_Consumer_Non_Prod.feature@getdata_resWLN_Active")
13:04:57.945 [main] DEBUG com.intuit.karate.core.ScenarioEngine - over-writing existing variable 'mockResponseWLS_BIZ_SUSPENDED' with new value: callonce read("../odsdata/getTestData_Business_Non_Prod.feature@getdatabizWLS_Suspended")
13:04:57.947 [main] DEBUG com.jayway.jsonpath.internal.path.CompiledPath - Evaluating path: $
13:04:57.947 [main] DEBUG com.jayway.jsonpath.internal.path.CompiledPath - Evaluating path: $
13:04:57.947 [main] DEBUG com.jayway.jsonpath.internal.path.CompiledPath - Evaluating path: $
13:04:57.948 [main] DEBUG com.jayway.jsonpath.internal.path.CompiledPath - Evaluating path: $
13:04:57.948 [main] DEBUG com.jayway.jsonpath.internal.path.CompiledPath - Evaluating path: $
13:04:57.948 [main] DEBUG com.jayway.jsonpath.internal.path.CompiledPath - Evaluating path: $
13:04:57.948 [main] DEBUG com.jayway.jsonpath.internal.path.CompiledPath - Evaluating path: $
13:04:57.948 [main] DEBUG com.jayway.jsonpath.internal.path.CompiledPath - Evaluating path: $
13:04:57.957 [main] DEBUG com.jayway.jsonpath.internal.path.CompiledPath - Evaluating path: $
13:04:57.957 [main] DEBUG com.jayway.jsonpath.internal.path.CompiledPath - Evaluating path: $
13:04:57.957 [main] DEBUG com.jayway.jsonpath.internal.path.CompiledPath - Evaluating path: $
13:04:57.957 [main] DEBUG com.jayway.jsonpath.internal.path.CompiledPath - Evaluating path: $
13:04:57.957 [main] DEBUG com.jayway.jsonpath.internal.path.CompiledPath - Evaluating path: $
13:04:57.957 [main] DEBUG com.jayway.jsonpath.internal.path.CompiledPath - Evaluating path: $
13:04:57.957 [main] DEBUG com.jayway.jsonpath.internal.path.CompiledPath - Evaluating path: $
13:04:57.957 [main] DEBUG com.jayway.jsonpath.internal.path.CompiledPath - Evaluating path: $
13:04:57.960 [main] DEBUG karate.org.thymeleaf.TemplateEngine - [THYMELEAF] INITIALIZING TEMPLATE ENGINE
13:04:57.972 [main] DEBUG karate.org.thymeleaf.TemplateEngine.CONFIG - Initializing Thymeleaf Template engine configuration...
[THYMELEAF] TEMPLATE ENGINE CONFIGURATION:
[THYMELEAF] * Thymeleaf version: 3.0.12.RELEASE (built 2020-12-21T00:26:28+0000)
[THYMELEAF] * Cache Manager implementation: karate.org.thymeleaf.cache.StandardCacheManager
[THYMELEAF] * Template resolvers:
[THYMELEAF]     * [1] com.intuit.karate.template.ResourceHtmlTemplateResolver
[THYMELEAF] * Message resolvers:
[THYMELEAF]     * karate.org.thymeleaf.messageresolver.StandardMessageResolver
[THYMELEAF] * Link builders:
[THYMELEAF]     * karate.org.thymeleaf.linkbuilder.StandardLinkBuilder
[THYMELEAF] * Dialect [1 of 2]: Standard (com.intuit.karate.template.KarateStandardDialect)
[THYMELEAF]     * Prefix: "th"
[THYMELEAF]     * Processors for Template Mode: HTML
[THYMELEAF]         * Element Tag Processors by [matching element and attribute name] [precedence]:
[THYMELEAF]             * [* {th:include,data-th-include}] [100]: karate.org.thymeleaf.standard.processor.StandardIncludeTagProcessor
[THYMELEAF]             * [* {th:insert,data-th-insert}] [100]: karate.org.thymeleaf.standard.processor.StandardInsertTagProcessor
[THYMELEAF]             * [* {th:replace,data-th-replace}] [100]: karate.org.thymeleaf.standard.processor.StandardReplaceTagProcessor
[THYMELEAF]             * [* {th:substituteby,data-th-substituteby}] [100]: karate.org.thymeleaf.standard.processor.StandardSubstituteByTagProcessor
[THYMELEAF]             * [* {th:each,data-th-each}] [200]: com.intuit.karate.template.KarateEachTagProcessor
[THYMELEAF]             * [* {th:switch,data-th-switch}] [250]: karate.org.thymeleaf.standard.processor.StandardSwitchTagProcessor
[THYMELEAF]             * [* {th:case,data-th-case}] [275]: karate.org.thymeleaf.standard.processor.StandardCaseTagProcessor
[THYMELEAF]             * [* {th:if,data-th-if}] [300]: karate.org.thymeleaf.standard.processor.StandardIfTagProcessor
[THYMELEAF]             * [* {th:unless,data-th-unless}] [400]: karate.org.thymeleaf.standard.processor.StandardUnlessTagProcessor
[THYMELEAF]             * [* {th:object,data-th-object}] [500]: karate.org.thymeleaf.standard.processor.StandardObjectTagProcessor
[THYMELEAF]             * [* {th:with,data-th-with}] [600]: com.intuit.karate.template.KarateWithTagProcessor
[THYMELEAF]             * [* {th:attr,data-th-attr}] [700]: com.intuit.karate.template.KarateAttributeTagProcessor.KarateAttrTagProcessor
[THYMELEAF]             * [* {th:attrappend,data-th-attrappend}] [900]: com.intuit.karate.template.KarateAttributeTagProcessor.KarateAttrappendTagProcessor
[THYMELEAF]             * [* {th:attrprepend,data-th-attrprepend}] [900]: com.intuit.karate.template.KarateAttributeTagProcessor.KarateAttrprependTagProcessor
[THYMELEAF]             * [* {th:alt-title,data-th-alt-title}] [990]: karate.org.thymeleaf.standard.processor.StandardAltTitleTagProcessor
[THYMELEAF]             * [* {th:lang-xmllang,data-th-lang-xmllang}] [990]: karate.org.thymeleaf.standard.processor.StandardLangXmlLangTagProcessor
[THYMELEAF]             * [* {th:action,data-th-action}] [1000]: karate.org.thymeleaf.standard.processor.StandardActionTagProcessor
[THYMELEAF]             * [* {th:open,data-th-open}] [1000]: karate.org.thymeleaf.standard.processor.StandardConditionalFixedValueTagProcessor
[THYMELEAF]             * [* {th:readonly,data-th-readonly}] [1000]: karate.org.thymeleaf.standard.processor.StandardConditionalFixedValueTagProcessor
[THYMELEAF]             * [* {th:formnovalidate,data-th-formnovalidate}] [1000]: karate.org.thymeleaf.standard.processor.StandardConditionalFixedValueTagProcessor
[THYMELEAF]             * [* {th:scoped,data-th-scoped}] [1000]: karate.org.thymeleaf.standard.processor.StandardConditionalFixedValueTagProcessor
[THYMELEAF]             * [* {th:hidden,data-th-hidden}] [1000]: karate.org.thymeleaf.standard.processor.StandardConditionalFixedValueTagProcessor
[THYMELEAF]             * [* {th:default,data-th-default}] [1000]: karate.org.thymeleaf.standard.processor.StandardConditionalFixedValueTagProcessor
[THYMELEAF]             * [* {th:controls,data-th-controls}] [1000]: karate.org.thymeleaf.standard.processor.StandardConditionalFixedValueTagProcessor
[THYMELEAF]             * [* {th:multiple,data-th-multiple}] [1000]: karate.org.thymeleaf.standard.processor.StandardConditionalFixedValueTagProcessor
[THYMELEAF]             * [* {th:seamless,data-th-seamless}] [1000]: karate.org.thymeleaf.standard.processor.StandardConditionalFixedValueTagProcessor
[THYMELEAF]             * [* {th:loop,data-th-loop}] [1000]: karate.org.thymeleaf.standard.processor.StandardConditionalFixedValueTagProcessor
[THYMELEAF]             * [* {th:required,data-th-required}] [1000]: karate.org.thymeleaf.standard.processor.StandardConditionalFixedValueTagProcessor
[THYMELEAF]             * [* {th:autoplay,data-th-autoplay}] [1000]: karate.org.thymeleaf.standard.processor.StandardConditionalFixedValueTagProcessor
[THYMELEAF]             * [* {th:defer,data-th-defer}] [1000]: karate.org.thymeleaf.standard.processor.StandardConditionalFixedValueTagProcessor
[THYMELEAF]             * [* {th:pubdate,data-th-pubdate}] [1000]: karate.org.thymeleaf.standard.processor.StandardConditionalFixedValueTagProcessor
[THYMELEAF]             * [* {th:reversed,data-th-reversed}] [1000]: karate.org.thymeleaf.standard.processor.StandardConditionalFixedValueTagProcessor
[THYMELEAF]             * [* {th:autofocus,data-th-autofocus}] [1000]: karate.org.thymeleaf.standard.processor.StandardConditionalFixedValueTagProcessor
[THYMELEAF]             * [* {th:declare,data-th-declare}] [1000]: karate.org.thymeleaf.standard.processor.StandardConditionalFixedValueTagProcessor
[THYMELEAF]             * [* {th:selected,data-th-selected}] [1000]: karate.org.thymeleaf.standard.processor.StandardConditionalFixedValueTagProcessor
[THYMELEAF]             * [* {th:checked,data-th-checked}] [1000]: karate.org.thymeleaf.standard.processor.StandardConditionalFixedValueTagProcessor
[THYMELEAF]             * [* {th:novalidate,data-th-novalidate}] [1000]: karate.org.thymeleaf.standard.processor.StandardConditionalFixedValueTagProcessor
[THYMELEAF]             * [* {th:nowrap,data-th-nowrap}] [1000]: karate.org.thymeleaf.standard.processor.StandardConditionalFixedValueTagProcessor
[THYMELEAF]             * [* {th:disabled,data-th-disabled}] [1000]: karate.org.thymeleaf.standard.processor.StandardConditionalFixedValueTagProcessor
[THYMELEAF]             * [* {th:ismap,data-th-ismap}] [1000]: karate.org.thymeleaf.standard.processor.StandardConditionalFixedValueTagProcessor
[THYMELEAF]             * [* {th:async,data-th-async}] [1000]: karate.org.thymeleaf.standard.processor.StandardConditionalFixedValueTagProcessor
[THYMELEAF]             * [* {th:oncanplay,data-th-oncanplay}] [1000]: karate.org.thymeleaf.standard.processor.StandardDOMEventAttributeTagProcessor
[THYMELEAF]             * [* {th:onseeking,data-th-onseeking}] [1000]: karate.org.thymeleaf.standard.processor.StandardDOMEventAttributeTagProcessor
[THYMELEAF]             * [* {th:onloadeddata,data-th-onloadeddata}] [1000]: karate.org.thymeleaf.standard.processor.StandardDOMEventAttributeTagProcessor
[THYMELEAF]             * [* {th:onwaiting,data-th-onwaiting}] [1000]: karate.org.thymeleaf.standard.processor.StandardDOMEventAttributeTagProcessor
[THYMELEAF]             * [* {th:onprogress,data-th-onprogress}] [1000]: karate.org.thymeleaf.standard.processor.StandardDOMEventAttributeTagProcessor
[THYMELEAF]             * [* {th:onemptied,data-th-onemptied}] [1000]: karate.org.thymeleaf.standard.processor.StandardDOMEventAttributeTagProcessor
[THYMELEAF]             * [* {th:ondragend,data-th-ondragend}] [1000]: karate.org.thymeleaf.standard.processor.StandardDOMEventAttributeTagProcessor
[THYMELEAF]             * [* {th:onplaying,data-th-onplaying}] [1000]: karate.org.thymeleaf.standard.processor.StandardDOMEventAttributeTagProcessor
[THYMELEAF]             * [* {th:ononline,data-th-ononline}] [1000]: karate.org.thymeleaf.standard.processor.StandardDOMEventAttributeTagProcessor
[THYMELEAF]             * [* {th:onreadystatechange,data-th-onreadystatechange}] [1000]: karate.org.thymeleaf.standard.processor.StandardDOMEventAttributeTagProcessor
[THYMELEAF]             * [* {th:onforminput,data-th-onforminput}] [1000]: karate.org.thymeleaf.standard.processor.StandardDOMEventAttributeTagProcessor
[THYMELEAF]             * [* {th:ondragover,data-th-ondragover}] [1000]: karate.org.thymeleaf.standard.processor.StandardDOMEventAttributeTagProcessor
[THYMELEAF]             * [* {th:onratechange,data-th-onratechange}] [1000]: karate.org.thymeleaf.standard.processor.StandardDOMEventAttributeTagProcessor
[THYMELEAF]             * [* {th:oncontextmenu,data-th-oncontextmenu}] [1000]: karate.org.thymeleaf.standard.processor.StandardDOMEventAttributeTagProcessor
[THYMELEAF]             * [* {th:onsuspend,data-th-onsuspend}] [1000]: karate.org.thymeleaf.standard.processor.StandardDOMEventAttributeTagProcessor
[THYMELEAF]             * [* {th:ondragleave,data-th-ondragleave}] [1000]: karate.org.thymeleaf.standard.processor.StandardDOMEventAttributeTagProcessor
[THYMELEAF]             * [* {th:onselect,data-th-onselect}] [1000]: karate.org.thymeleaf.standard.processor.StandardDOMEventAttributeTagProcessor
[THYMELEAF]             * [* {th:onplay,data-th-onplay}] [1000]: karate.org.thymeleaf.standard.processor.StandardDOMEventAttributeTagProcessor
[THYMELEAF]             * [* {th:onunload,data-th-onunload}] [1000]: karate.org.thymeleaf.standard.processor.StandardDOMEventAttributeTagProcessor
[THYMELEAF]             * [* {th:onhashchange,data-th-onhashchange}] [1000]: karate.org.thymeleaf.standard.processor.StandardDOMEventAttributeTagProcessor
[THYMELEAF]             * [* {th:onkeypress,data-th-onkeypress}] [1000]: karate.org.thymeleaf.standard.processor.StandardDOMEventAttributeTagProcessor
[THYMELEAF]             * [* {th:onformchange,data-th-onformchange}] [1000]: karate.org.thymeleaf.standard.processor.StandardDOMEventAttributeTagProcessor
[THYMELEAF]             * [* {th:onchange,data-th-onchange}] [1000]: karate.org.thymeleaf.standard.processor.StandardDOMEventAttributeTagProcessor
[THYMELEAF]             * [* {th:onsubmit,data-th-onsubmit}] [1000]: karate.org.thymeleaf.standard.processor.StandardDOMEventAttributeTagProcessor
[THYMELEAF]             * [* {th:onmouseup,data-th-onmouseup}] [1000]: karate.org.thymeleaf.standard.processor.StandardDOMEventAttributeTagProcessor
[THYMELEAF]             * [* {th:onstalled,data-th-onstalled}] [1000]: karate.org.thymeleaf.standard.processor.StandardDOMEventAttributeTagProcessor
[THYMELEAF]             * [* {th:onvolumechange,data-th-onvolumechange}] [1000]: karate.org.thymeleaf.standard.processor.StandardDOMEventAttributeTagProcessor
[THYMELEAF]             * [* {th:onloadedmetadata,data-th-onloadedmetadata}] [1000]: karate.org.thymeleaf.standard.processor.StandardDOMEventAttributeTagProcessor
[THYMELEAF]             * [* {th:ondrop,data-th-ondrop}] [1000]: karate.org.thymeleaf.standard.processor.StandardDOMEventAttributeTagProcessor
[THYMELEAF]             * [* {th:onbeforeunload,data-th-onbeforeunload}] [1000]: karate.org.thymeleaf.standard.processor.StandardDOMEventAttributeTagProcessor
[THYMELEAF]             * [* {th:onreset,data-th-onreset}] [1000]: karate.org.thymeleaf.standard.processor.StandardDOMEventAttributeTagProcessor
[THYMELEAF]             * [* {th:onmessage,data-th-onmessage}] [1000]: karate.org.thymeleaf.standard.processor.StandardDOMEventAttributeTagProcessor
[THYMELEAF]             * [* {th:onshow,data-th-onshow}] [1000]: karate.org.thymeleaf.standard.processor.StandardDOMEventAttributeTagProcessor
[THYMELEAF]             * [* {th:onkeydown,data-th-onkeydown}] [1000]: karate.org.thymeleaf.standard.processor.StandardDOMEventAttributeTagProcessor
[THYMELEAF]             * [* {th:onloadstart,data-th-onloadstart}] [1000]: karate.org.thymeleaf.standard.processor.StandardDOMEventAttributeTagProcessor
[THYMELEAF]             * [* {th:onoffline,data-th-onoffline}] [1000]: karate.org.thymeleaf.standard.processor.StandardDOMEventAttributeTagProcessor
[THYMELEAF]             * [* {th:ondragstart,data-th-ondragstart}] [1000]: karate.org.thymeleaf.standard.processor.StandardDOMEventAttributeTagProcessor
[THYMELEAF]             * [* {th:onmousedown,data-th-onmousedown}] [1000]: karate.org.thymeleaf.standard.processor.StandardDOMEventAttributeTagProcessor
[THYMELEAF]             * [* {th:onundo,data-th-onundo}] [1000]: karate.org.thymeleaf.standard.processor.StandardDOMEventAttributeTagProcessor
[THYMELEAF]             * [* {th:ondurationchange,data-th-ondurationchange}] [1000]: karate.org.thymeleaf.standard.processor.StandardDOMEventAttributeTagProcessor
[THYMELEAF]             * [* {th:onerror,data-th-onerror}] [1000]: karate.org.thymeleaf.standard.processor.StandardDOMEventAttributeTagProcessor
[THYMELEAF]             * [* {th:onscroll,data-th-onscroll}] [1000]: karate.org.thymeleaf.standard.processor.StandardDOMEventAttributeTagProcessor
[THYMELEAF]             * [* {th:onmouseover,data-th-onmouseover}] [1000]: karate.org.thymeleaf.standard.processor.StandardDOMEventAttributeTagProcessor
[THYMELEAF]             * [* {th:onblur,data-th-onblur}] [1000]: karate.org.thymeleaf.standard.processor.StandardDOMEventAttributeTagProcessor
[THYMELEAF]             * [* {th:onload,data-th-onload}] [1000]: karate.org.thymeleaf.standard.processor.StandardDOMEventAttributeTagProcessor
[THYMELEAF]             * [* {th:onabort,data-th-onabort}] [1000]: karate.org.thymeleaf.standard.processor.StandardDOMEventAttributeTagProcessor
[THYMELEAF]             * [* {th:onbeforeprint,data-th-onbeforeprint}] [1000]: karate.org.thymeleaf.standard.processor.StandardDOMEventAttributeTagProcessor
[THYMELEAF]             * [* {th:ondrag,data-th-ondrag}] [1000]: karate.org.thymeleaf.standard.processor.StandardDOMEventAttributeTagProcessor
[THYMELEAF]             * [* {th:onafterprint,data-th-onafterprint}] [1000]: karate.org.thymeleaf.standard.processor.StandardDOMEventAttributeTagProcessor
[THYMELEAF]             * [* {th:onmousewheel,data-th-onmousewheel}] [1000]: karate.org.thymeleaf.standard.processor.StandardDOMEventAttributeTagProcessor
[THYMELEAF]             * [* {th:onmousemove,data-th-onmousemove}] [1000]: karate.org.thymeleaf.standard.processor.StandardDOMEventAttributeTagProcessor
[THYMELEAF]             * [* {th:onended,data-th-onended}] [1000]: karate.org.thymeleaf.standard.processor.StandardDOMEventAttributeTagProcessor
[THYMELEAF]             * [* {th:onredo,data-th-onredo}] [1000]: karate.org.thymeleaf.standard.processor.StandardDOMEventAttributeTagProcessor
[THYMELEAF]             * [* {th:onmouseout,data-th-onmouseout}] [1000]: karate.org.thymeleaf.standard.processor.StandardDOMEventAttributeTagProcessor
[THYMELEAF]             * [* {th:ondragenter,data-th-ondragenter}] [1000]: karate.org.thymeleaf.standard.processor.StandardDOMEventAttributeTagProcessor
[THYMELEAF]             * [* {th:onkeyup,data-th-onkeyup}] [1000]: karate.org.thymeleaf.standard.processor.StandardDOMEventAttributeTagProcessor
[THYMELEAF]             * [* {th:oncanplaythrough,data-th-oncanplaythrough}] [1000]: karate.org.thymeleaf.standard.processor.StandardDOMEventAttributeTagProcessor
[THYMELEAF]             * [* {th:onclick,data-th-onclick}] [1000]: karate.org.thymeleaf.standard.processor.StandardDOMEventAttributeTagProcessor
[THYMELEAF]             * [* {th:onpause,data-th-onpause}] [1000]: karate.org.thymeleaf.standard.processor.StandardDOMEventAttributeTagProcessor
[THYMELEAF]             * [* {th:onpopstate,data-th-onpopstate}] [1000]: karate.org.thymeleaf.standard.processor.StandardDOMEventAttributeTagProcessor
[THYMELEAF]             * [* {th:onfocus,data-th-onfocus}] [1000]: karate.org.thymeleaf.standard.processor.StandardDOMEventAttributeTagProcessor
[THYMELEAF]             * [* {th:onresize,data-th-onresize}] [1000]: karate.org.thymeleaf.standard.processor.StandardDOMEventAttributeTagProcessor
[THYMELEAF]             * [* {th:ontimeupdate,data-th-ontimeupdate}] [1000]: karate.org.thymeleaf.standard.processor.StandardDOMEventAttributeTagProcessor
[THYMELEAF]             * [* {th:oninput,data-th-oninput}] [1000]: karate.org.thymeleaf.standard.processor.StandardDOMEventAttributeTagProcessor
[THYMELEAF]             * [* {th:ondblclick,data-th-ondblclick}] [1000]: karate.org.thymeleaf.standard.processor.StandardDOMEventAttributeTagProcessor
[THYMELEAF]             * [* {th:oninvalid,data-th-oninvalid}] [1000]: karate.org.thymeleaf.standard.processor.StandardDOMEventAttributeTagProcessor
[THYMELEAF]             * [* {th:onseeked,data-th-onseeked}] [1000]: karate.org.thymeleaf.standard.processor.StandardDOMEventAttributeTagProcessor
[THYMELEAF]             * [* {th:onstorage,data-th-onstorage}] [1000]: karate.org.thymeleaf.standard.processor.StandardDOMEventAttributeTagProcessor
[THYMELEAF]             * [* {th:href,data-th-href}] [1000]: karate.org.thymeleaf.standard.processor.StandardHrefTagProcessor
[THYMELEAF]             * [* {th:inline,data-th-inline}] [1000]: karate.org.thymeleaf.standard.processor.StandardInlineHTMLTagProcessor
[THYMELEAF]             * [* {th:method,data-th-method}] [1000]: karate.org.thymeleaf.standard.processor.StandardMethodTagProcessor
[THYMELEAF]             * [* {th:name,data-th-name}] [1000]: karate.org.thymeleaf.standard.processor.StandardNonRemovableAttributeTagProcessor
[THYMELEAF]             * [* {th:type,data-th-type}] [1000]: karate.org.thymeleaf.standard.processor.StandardNonRemovableAttributeTagProcessor
[THYMELEAF]             * [* {th:summary,data-th-summary}] [1000]: karate.org.thymeleaf.standard.processor.StandardRemovableAttributeTagProcessor
[THYMELEAF]             * [* {th:marginheight,data-th-marginheight}] [1000]: karate.org.thymeleaf.standard.processor.StandardRemovableAttributeTagProcessor
[THYMELEAF]             * [* {th:border,data-th-border}] [1000]: karate.org.thymeleaf.standard.processor.StandardRemovableAttributeTagProcessor
[THYMELEAF]             * [* {th:title,data-th-title}] [1000]: karate.org.thymeleaf.standard.processor.StandardRemovableAttributeTagProcessor
[THYMELEAF]             * [* {th:scheme,data-th-scheme}] [1000]: karate.org.thymeleaf.standard.processor.StandardRemovableAttributeTagProcessor
[THYMELEAF]             * [* {th:align,data-th-align}] [1000]: karate.org.thymeleaf.standard.processor.StandardRemovableAttributeTagProcessor
[THYMELEAF]             * [* {th:lang,data-th-lang}] [1000]: karate.org.thymeleaf.standard.processor.StandardRemovableAttributeTagProcessor
[THYMELEAF]             * [* {th:contenteditable,data-th-contenteditable}] [1000]: karate.org.thymeleaf.standard.processor.StandardRemovableAttributeTagProcessor
[THYMELEAF]             * [* {th:accept,data-th-accept}] [1000]: karate.org.thymeleaf.standard.processor.StandardRemovableAttributeTagProcessor
[THYMELEAF]             * [* {th:formaction,data-th-formaction}] [1000]: karate.org.thymeleaf.standard.processor.StandardRemovableAttributeTagProcessor
[THYMELEAF]             * [* {th:preload,data-th-preload}] [1000]: karate.org.thymeleaf.standard.processor.StandardRemovableAttributeTagProcessor
[THYMELEAF]             * [* {th:rel,data-th-rel}] [1000]: karate.org.thymeleaf.standard.processor.StandardRemovableAttributeTagProcessor
[THYMELEAF]             * [* {th:rules,data-th-rules}] [1000]: karate.org.thymeleaf.standard.processor.StandardRemovableAttributeTagProcessor
[THYMELEAF]             * [* {th:contextmenu,data-th-contextmenu}] [1000]: karate.org.thymeleaf.standard.processor.StandardRemovableAttributeTagProcessor
[THYMELEAF]             * [* {th:for,data-th-for}] [1000]: karate.org.thymeleaf.standard.processor.StandardRemovableAttributeTagProcessor
[THYMELEAF]             * [* {th:start,data-th-start}] [1000]: karate.org.thymeleaf.standard.processor.StandardRemovableAttributeTagProcessor
[THYMELEAF]             * [* {th:wrap,data-th-wrap}] [1000]: karate.org.thymeleaf.standard.processor.StandardRemovableAttributeTagProcessor
[THYMELEAF]             * [* {th:archive,data-th-archive}] [1000]: karate.org.thymeleaf.standard.processor.StandardRemovableAttributeTagProcessor
[THYMELEAF]             * [* {th:cite,data-th-cite}] [1000]: karate.org.thymeleaf.standard.processor.StandardRemovableAttributeTagProcessor
[THYMELEAF]             * [* {th:rowspan,data-th-rowspan}] [1000]: karate.org.thymeleaf.standard.processor.StandardRemovableAttributeTagProcessor
[THYMELEAF]             * [* {th:placeholder,data-th-placeholder}] [1000]: karate.org.thymeleaf.standard.processor.StandardRemovableAttributeTagProcessor
[THYMELEAF]             * [* {th:radiogroup,data-th-radiogroup}] [1000]: karate.org.thymeleaf.standard.processor.StandardRemovableAttributeTagProcessor
[THYMELEAF]             * [* {th:http-equiv,data-th-http-equiv}] [1000]: karate.org.thymeleaf.standard.processor.StandardRemovableAttributeTagProcessor
[THYMELEAF]             * [* {th:step,data-th-step}] [1000]: karate.org.thymeleaf.standard.processor.StandardRemovableAttributeTagProcessor
[THYMELEAF]             * [* {th:high,data-th-high}] [1000]: karate.org.thymeleaf.standard.processor.StandardRemovableAttributeTagProcessor
[THYMELEAF]             * [* {th:cellspacing,data-th-cellspacing}] [1000]: karate.org.thymeleaf.standard.processor.StandardRemovableAttributeTagProcessor
[THYMELEAF]             * [* {th:form,data-th-form}] [1000]: karate.org.thymeleaf.standard.processor.StandardRemovableAttributeTagProcessor
[THYMELEAF]             * [* {th:standby,data-th-standby}] [1000]: karate.org.thymeleaf.standard.processor.StandardRemovableAttributeTagProcessor
[THYMELEAF]             * [* {th:dir,data-th-dir}] [1000]: karate.org.thymeleaf.standard.processor.StandardRemovableAttributeTagProcessor
[THYMELEAF]             * [* {th:pattern,data-th-pattern}] [1000]: karate.org.thymeleaf.standard.processor.StandardRemovableAttributeTagProcessor
[THYMELEAF]             * [* {th:label,data-th-label}] [1000]: karate.org.thymeleaf.standard.processor.StandardRemovableAttributeTagProcessor
[THYMELEAF]             * [* {th:kind,data-th-kind}] [1000]: karate.org.thymeleaf.standard.processor.StandardRemovableAttributeTagProcessor
[THYMELEAF]             * [* {th:tabindex,data-th-tabindex}] [1000]: karate.org.thymeleaf.standard.processor.StandardRemovableAttributeTagProcessor
[THYMELEAF]             * [* {th:compact,data-th-compact}] [1000]: karate.org.thymeleaf.standard.processor.StandardRemovableAttributeTagProcessor
[THYMELEAF]             * [* {th:sandbox,data-th-sandbox}] [1000]: karate.org.thymeleaf.standard.processor.StandardRemovableAttributeTagProcessor
[THYMELEAF]             * [* {th:hspace,data-th-hspace}] [1000]: karate.org.thymeleaf.standard.processor.StandardRemovableAttributeTagProcessor
[THYMELEAF]             * [* {th:class,data-th-class}] [1000]: karate.org.thymeleaf.standard.processor.StandardRemovableAttributeTagProcessor
[THYMELEAF]             * [* {th:rows,data-th-rows}] [1000]: karate.org.thymeleaf.standard.processor.StandardRemovableAttributeTagProcessor
[THYMELEAF]             * [* {th:cellpadding,data-th-cellpadding}] [1000]: karate.org.thymeleaf.standard.processor.StandardRemovableAttributeTagProcessor
[THYMELEAF]             * [* {th:content,data-th-content}] [1000]: karate.org.thymeleaf.standard.processor.StandardRemovableAttributeTagProcessor
[THYMELEAF]             * [* {th:min,data-th-min}] [1000]: karate.org.thymeleaf.standard.processor.StandardRemovableAttributeTagProcessor
[THYMELEAF]             * [* {th:alt,data-th-alt}] [1000]: karate.org.thymeleaf.standard.processor.StandardRemovableAttributeTagProcessor
[THYMELEAF]             * [* {th:colspan,data-th-colspan}] [1000]: karate.org.thymeleaf.standard.processor.StandardRemovableAttributeTagProcessor
[THYMELEAF]             * [* {th:keytype,data-th-keytype}] [1000]: karate.org.thymeleaf.standard.processor.StandardRemovableAttributeTagProcessor
[THYMELEAF]             * [* {th:accesskey,data-th-accesskey}] [1000]: karate.org.thymeleaf.standard.processor.StandardRemovableAttributeTagProcessor
[THYMELEAF]             * [* {th:width,data-th-width}] [1000]: karate.org.thymeleaf.standard.processor.StandardRemovableAttributeTagProcessor
[THYMELEAF]             * [* {th:background,data-th-background}] [1000]: karate.org.thymeleaf.standard.processor.StandardRemovableAttributeTagProcessor
[THYMELEAF]             * [* {th:data,data-th-data}] [1000]: karate.org.thymeleaf.standard.processor.StandardRemovableAttributeTagProcessor
[THYMELEAF]             * [* {th:headers,data-th-headers}] [1000]: karate.org.thymeleaf.standard.processor.StandardRemovableAttributeTagProcessor
[THYMELEAF]             * [* {th:rev,data-th-rev}] [1000]: karate.org.thymeleaf.standard.processor.StandardRemovableAttributeTagProcessor
[THYMELEAF]             * [* {th:longdesc,data-th-longdesc}] [1000]: karate.org.thymeleaf.standard.processor.StandardRemovableAttributeTagProcessor
[THYMELEAF]             * [* {th:audio,data-th-audio}] [1000]: karate.org.thymeleaf.standard.processor.StandardRemovableAttributeTagProcessor
[THYMELEAF]             * [* {th:srclang,data-th-srclang}] [1000]: karate.org.thymeleaf.standard.processor.StandardRemovableAttributeTagProcessor
[THYMELEAF]             * [* {th:span,data-th-span}] [1000]: karate.org.thymeleaf.standard.processor.StandardRemovableAttributeTagProcessor
[THYMELEAF]             * [* {th:poster,data-th-poster}] [1000]: karate.org.thymeleaf.standard.processor.StandardRemovableAttributeTagProcessor
[THYMELEAF]             * [* {th:dropzone,data-th-dropzone}] [1000]: karate.org.thymeleaf.standard.processor.StandardRemovableAttributeTagProcessor
[THYMELEAF]             * [* {th:media,data-th-media}] [1000]: karate.org.thymeleaf.standard.processor.StandardRemovableAttributeTagProcessor
[THYMELEAF]             * [* {th:size,data-th-size}] [1000]: karate.org.thymeleaf.standard.processor.StandardRemovableAttributeTagProcessor
[THYMELEAF]             * [* {th:codebase,data-th-codebase}] [1000]: karate.org.thymeleaf.standard.processor.StandardRemovableAttributeTagProcessor
[THYMELEAF]             * [* {th:id,data-th-id}] [1000]: karate.org.thymeleaf.standard.processor.StandardRemovableAttributeTagProcessor
[THYMELEAF]             * [* {th:manifest,data-th-manifest}] [1000]: karate.org.thymeleaf.standard.processor.StandardRemovableAttributeTagProcessor
[THYMELEAF]             * [* {th:abbr,data-th-abbr}] [1000]: karate.org.thymeleaf.standard.processor.StandardRemovableAttributeTagProcessor
[THYMELEAF]             * [* {th:height,data-th-height}] [1000]: karate.org.thymeleaf.standard.processor.StandardRemovableAttributeTagProcessor
[THYMELEAF]             * [* {th:maxlength,data-th-maxlength}] [1000]: karate.org.thymeleaf.standard.processor.StandardRemovableAttributeTagProcessor
[THYMELEAF]             * [* {th:frameborder,data-th-frameborder}] [1000]: karate.org.thymeleaf.standard.processor.StandardRemovableAttributeTagProcessor
[THYMELEAF]             * [* {th:cols,data-th-cols}] [1000]: karate.org.thymeleaf.standard.processor.StandardRemovableAttributeTagProcessor
[THYMELEAF]             * [* {th:optimum,data-th-optimum}] [1000]: karate.org.thymeleaf.standard.processor.StandardRemovableAttributeTagProcessor
[THYMELEAF]             * [* {th:spellcheck,data-th-spellcheck}] [1000]: karate.org.thymeleaf.standard.processor.StandardRemovableAttributeTagProcessor
[THYMELEAF]             * [* {th:scrolling,data-th-scrolling}] [1000]: karate.org.thymeleaf.standard.processor.StandardRemovableAttributeTagProcessor
[THYMELEAF]             * [* {th:valuetype,data-th-valuetype}] [1000]: karate.org.thymeleaf.standard.processor.StandardRemovableAttributeTagProcessor
[THYMELEAF]             * [* {th:classid,data-th-classid}] [1000]: karate.org.thymeleaf.standard.processor.StandardRemovableAttributeTagProcessor
[THYMELEAF]             * [* {th:vspace,data-th-vspace}] [1000]: karate.org.thymeleaf.standard.processor.StandardRemovableAttributeTagProcessor
[THYMELEAF]             * [* {th:challenge,data-th-challenge}] [1000]: karate.org.thymeleaf.standard.processor.StandardRemovableAttributeTagProcessor
[THYMELEAF]             * [* {th:max,data-th-max}] [1000]: karate.org.thymeleaf.standard.processor.StandardRemovableAttributeTagProcessor
[THYMELEAF]             * [* {th:low,data-th-low}] [1000]: karate.org.thymeleaf.standard.processor.StandardRemovableAttributeTagProcessor
[THYMELEAF]             * [* {th:codetype,data-th-codetype}] [1000]: karate.org.thymeleaf.standard.processor.StandardRemovableAttributeTagProcessor
[THYMELEAF]             * [* {th:scope,data-th-scope}] [1000]: karate.org.thymeleaf.standard.processor.StandardRemovableAttributeTagProcessor
[THYMELEAF]             * [* {th:icon,data-th-icon}] [1000]: karate.org.thymeleaf.standard.processor.StandardRemovableAttributeTagProcessor
[THYMELEAF]             * [* {th:sizes,data-th-sizes}] [1000]: karate.org.thymeleaf.standard.processor.StandardRemovableAttributeTagProcessor
[THYMELEAF]             * [* {th:accept-charset,data-th-accept-charset}] [1000]: karate.org.thymeleaf.standard.processor.StandardRemovableAttributeTagProcessor
[THYMELEAF]             * [* {th:charset,data-th-charset}] [1000]: karate.org.thymeleaf.standard.processor.StandardRemovableAttributeTagProcessor
[THYMELEAF]             * [* {th:hreflang,data-th-hreflang}] [1000]: karate.org.thymeleaf.standard.processor.StandardRemovableAttributeTagProcessor
[THYMELEAF]             * [* {th:usemap,data-th-usemap}] [1000]: karate.org.thymeleaf.standard.processor.StandardRemovableAttributeTagProcessor
[THYMELEAF]             * [* {th:target,data-th-target}] [1000]: karate.org.thymeleaf.standard.processor.StandardRemovableAttributeTagProcessor
[THYMELEAF]             * [* {th:draggable,data-th-draggable}] [1000]: karate.org.thymeleaf.standard.processor.StandardRemovableAttributeTagProcessor
[THYMELEAF]             * [* {th:enctype,data-th-enctype}] [1000]: karate.org.thymeleaf.standard.processor.StandardRemovableAttributeTagProcessor
[THYMELEAF]             * [* {th:frame,data-th-frame}] [1000]: karate.org.thymeleaf.standard.processor.StandardRemovableAttributeTagProcessor
[THYMELEAF]             * [* {th:marginwidth,data-th-marginwidth}] [1000]: karate.org.thymeleaf.standard.processor.StandardRemovableAttributeTagProcessor
[THYMELEAF]             * [* {th:formtarget,data-th-formtarget}] [1000]: karate.org.thymeleaf.standard.processor.StandardRemovableAttributeTagProcessor
[THYMELEAF]             * [* {th:autocomplete,data-th-autocomplete}] [1000]: karate.org.thymeleaf.standard.processor.StandardRemovableAttributeTagProcessor
[THYMELEAF]             * [* {th:formenctype,data-th-formenctype}] [1000]: karate.org.thymeleaf.standard.processor.StandardRemovableAttributeTagProcessor
[THYMELEAF]             * [* {th:datetime,data-th-datetime}] [1000]: karate.org.thymeleaf.standard.processor.StandardRemovableAttributeTagProcessor
[THYMELEAF]             * [* {th:list,data-th-list}] [1000]: karate.org.thymeleaf.standard.processor.StandardRemovableAttributeTagProcessor
[THYMELEAF]             * [* {th:style,data-th-style}] [1000]: karate.org.thymeleaf.standard.processor.StandardRemovableAttributeTagProcessor
[THYMELEAF]             * [* {th:bgcolor,data-th-bgcolor}] [1000]: karate.org.thymeleaf.standard.processor.StandardRemovableAttributeTagProcessor
[THYMELEAF]             * [* {th:formmethod,data-th-formmethod}] [1000]: karate.org.thymeleaf.standard.processor.StandardRemovableAttributeTagProcessor
[THYMELEAF]             * [* {th:axis,data-th-axis}] [1000]: karate.org.thymeleaf.standard.processor.StandardRemovableAttributeTagProcessor
[THYMELEAF]             * [* {th:src,data-th-src}] [1000]: karate.org.thymeleaf.standard.processor.StandardSrcTagProcessor
[THYMELEAF]             * [* {th:value,data-th-value}] [1000]: karate.org.thymeleaf.standard.processor.StandardValueTagProcessor
[THYMELEAF]             * [* {th:xmlbase,data-th-xmlbase}] [1000]: karate.org.thymeleaf.standard.processor.StandardXmlBaseTagProcessor
[THYMELEAF]             * [* {th:xmllang,data-th-xmllang}] [1000]: karate.org.thymeleaf.standard.processor.StandardXmlLangTagProcessor
[THYMELEAF]             * [* {xmlns:th}] [1000]: karate.org.thymeleaf.standard.processor.StandardXmlNsTagProcessor
[THYMELEAF]             * [* {th:xmlspace,data-th-xmlspace}] [1000]: karate.org.thymeleaf.standard.processor.StandardXmlSpaceTagProcessor
[THYMELEAF]             * [* {th:classappend,data-th-classappend}] [1100]: karate.org.thymeleaf.standard.processor.StandardClassappendTagProcessor
[THYMELEAF]             * [* {th:styleappend,data-th-styleappend}] [1100]: karate.org.thymeleaf.standard.processor.StandardStyleappendTagProcessor
[THYMELEAF]             * [* {th:text,data-th-text}] [1300]: karate.org.thymeleaf.standard.processor.StandardTextTagProcessor
[THYMELEAF]             * [* {th:utext,data-th-utext}] [1400]: karate.org.thymeleaf.standard.processor.StandardUtextTagProcessor
[THYMELEAF]             * [* {th:fragment,data-th-fragment}] [1500]: karate.org.thymeleaf.standard.processor.StandardFragmentTagProcessor
[THYMELEAF]             * [* {th:assert,data-th-assert}] [1550]: karate.org.thymeleaf.standard.processor.StandardAssertTagProcessor
[THYMELEAF]             * [* {th:remove,data-th-remove}] [1600]: karate.org.thymeleaf.standard.processor.StandardRemoveTagProcessor
[THYMELEAF]             * [* {th:ref,data-th-ref}] [10000]: karate.org.thymeleaf.standard.processor.StandardRefAttributeTagProcessor
[THYMELEAF]             * [{th:block,th-block} *] [100000]: karate.org.thymeleaf.standard.processor.StandardBlockTagProcessor
[THYMELEAF]             * [* th:*] [2147483647]: karate.org.thymeleaf.standard.processor.StandardDefaultAttributesTagProcessor
[THYMELEAF]         * Text Processors by [precedence]:
[THYMELEAF]             * [1000]: karate.org.thymeleaf.standard.processor.StandardInliningTextProcessor
[THYMELEAF]         * DOCTYPE Processors by [precedence]:
[THYMELEAF]             * [1000]: karate.org.thymeleaf.standard.processor.StandardTranslationDocTypeProcessor
[THYMELEAF]         * CDATA Section Processors by [precedence]:
[THYMELEAF]             * [1000]: karate.org.thymeleaf.standard.processor.StandardInliningCDATASectionProcessor
[THYMELEAF]         * Comment Processors by [precedence]:
[THYMELEAF]             * [1000]: karate.org.thymeleaf.standard.processor.StandardInliningCommentProcessor
[THYMELEAF]             * [1100]: karate.org.thymeleaf.standard.processor.StandardConditionalCommentProcessor
[THYMELEAF]     * Processors for Template Mode: XML
[THYMELEAF]         * Element Tag Processors by [matching element and attribute name] [precedence]:
[THYMELEAF]             * [* {th:include}] [100]: karate.org.thymeleaf.standard.processor.StandardIncludeTagProcessor
[THYMELEAF]             * [* {th:insert}] [100]: karate.org.thymeleaf.standard.processor.StandardInsertTagProcessor
[THYMELEAF]             * [* {th:replace}] [100]: karate.org.thymeleaf.standard.processor.StandardReplaceTagProcessor
[THYMELEAF]             * [* {th:substituteby}] [100]: karate.org.thymeleaf.standard.processor.StandardSubstituteByTagProcessor
[THYMELEAF]             * [* {th:each}] [200]: com.intuit.karate.template.KarateEachTagProcessor
[THYMELEAF]             * [* {th:switch}] [250]: karate.org.thymeleaf.standard.processor.StandardSwitchTagProcessor
[THYMELEAF]             * [* {th:case}] [275]: karate.org.thymeleaf.standard.processor.StandardCaseTagProcessor
[THYMELEAF]             * [* {th:if}] [300]: karate.org.thymeleaf.standard.processor.StandardIfTagProcessor
[THYMELEAF]             * [* {th:unless}] [400]: karate.org.thymeleaf.standard.processor.StandardUnlessTagProcessor
[THYMELEAF]             * [* {th:object}] [500]: karate.org.thymeleaf.standard.processor.StandardObjectTagProcessor
[THYMELEAF]             * [* {th:with}] [600]: com.intuit.karate.template.KarateWithTagProcessor
[THYMELEAF]             * [* {th:attr}] [700]: com.intuit.karate.template.KarateAttributeTagProcessor.KarateAttrTagProcessor
[THYMELEAF]             * [* {th:attrappend}] [900]: com.intuit.karate.template.KarateAttributeTagProcessor.KarateAttrappendTagProcessor
[THYMELEAF]             * [* {th:attrprepend}] [900]: com.intuit.karate.template.KarateAttributeTagProcessor.KarateAttrprependTagProcessor
[THYMELEAF]             * [* {th:inline}] [1000]: karate.org.thymeleaf.standard.processor.StandardInlineXMLTagProcessor
[THYMELEAF]             * [* {xmlns:th}] [1000]: karate.org.thymeleaf.standard.processor.StandardXmlNsTagProcessor
[THYMELEAF]             * [* {th:text}] [1300]: karate.org.thymeleaf.standard.processor.StandardTextTagProcessor
[THYMELEAF]             * [* {th:utext}] [1400]: karate.org.thymeleaf.standard.processor.StandardUtextTagProcessor
[THYMELEAF]             * [* {th:fragment}] [1500]: karate.org.thymeleaf.standard.processor.StandardFragmentTagProcessor
[THYMELEAF]             * [* {th:assert}] [1550]: karate.org.thymeleaf.standard.processor.StandardAssertTagProcessor
[THYMELEAF]             * [* {th:remove}] [1600]: karate.org.thymeleaf.standard.processor.StandardRemoveTagProcessor
[THYMELEAF]             * [* {th:ref}] [10000]: karate.org.thymeleaf.standard.processor.StandardRefAttributeTagProcessor
[THYMELEAF]             * [{th:block} *] [100000]: karate.org.thymeleaf.standard.processor.StandardBlockTagProcessor
[THYMELEAF]             * [* th:*] [2147483647]: karate.org.thymeleaf.standard.processor.StandardDefaultAttributesTagProcessor
[THYMELEAF]         * Text Processors by [precedence]:
[THYMELEAF]             * [1000]: karate.org.thymeleaf.standard.processor.StandardInliningTextProcessor
[THYMELEAF]         * CDATA Section Processors by [precedence]:
[THYMELEAF]             * [1000]: karate.org.thymeleaf.standard.processor.StandardInliningCDATASectionProcessor
[THYMELEAF]         * Comment Processors by [precedence]:
[THYMELEAF]             * [1000]: karate.org.thymeleaf.standard.processor.StandardInliningCommentProcessor
[THYMELEAF]     * Processors for Template Mode: TEXT
[THYMELEAF]         * Element Tag Processors by [matching element and attribute name] [precedence]:
[THYMELEAF]             * [* {th:insert}] [100]: karate.org.thymeleaf.standard.processor.StandardInsertTagProcessor
[THYMELEAF]             * [* {th:replace}] [100]: karate.org.thymeleaf.standard.processor.StandardReplaceTagProcessor
[THYMELEAF]             * [* {th:each}] [200]: com.intuit.karate.template.KarateEachTagProcessor
[THYMELEAF]             * [* {th:switch}] [250]: karate.org.thymeleaf.standard.processor.StandardSwitchTagProcessor
[THYMELEAF]             * [* {th:case}] [275]: karate.org.thymeleaf.standard.processor.StandardCaseTagProcessor
[THYMELEAF]             * [* {th:if}] [300]: karate.org.thymeleaf.standard.processor.StandardIfTagProcessor
[THYMELEAF]             * [* {th:unless}] [400]: karate.org.thymeleaf.standard.processor.StandardUnlessTagProcessor
[THYMELEAF]             * [* {th:object}] [500]: karate.org.thymeleaf.standard.processor.StandardObjectTagProcessor
[THYMELEAF]             * [* {th:with}] [600]: com.intuit.karate.template.KarateWithTagProcessor
[THYMELEAF]             * [* {th:inline}] [1000]: karate.org.thymeleaf.standard.processor.StandardInlineTextualTagProcessor
[THYMELEAF]             * [* {th:text}] [1300]: karate.org.thymeleaf.standard.processor.StandardTextTagProcessor
[THYMELEAF]             * [* {th:utext}] [1400]: karate.org.thymeleaf.standard.processor.StandardUtextTagProcessor
[THYMELEAF]             * [* {th:assert}] [1550]: karate.org.thymeleaf.standard.processor.StandardAssertTagProcessor
[THYMELEAF]             * [* {th:remove}] [1600]: karate.org.thymeleaf.standard.processor.StandardRemoveTagProcessor
[THYMELEAF]             * [{th:block} *] [100000]: karate.org.thymeleaf.standard.processor.StandardBlockTagProcessor
[THYMELEAF]             * [* 100000] [karate.org.thymeleaf.standard.processor.StandardBlockTagProcessor]: {}
[THYMELEAF]         * Text Processors by [precedence]:
[THYMELEAF]             * [1000]: karate.org.thymeleaf.standard.processor.StandardInliningTextProcessor
[THYMELEAF]     * Processors for Template Mode: JAVASCRIPT
[THYMELEAF]         * Element Tag Processors by [matching element and attribute name] [precedence]:
[THYMELEAF]             * [* {th:insert}] [100]: karate.org.thymeleaf.standard.processor.StandardInsertTagProcessor
[THYMELEAF]             * [* {th:replace}] [100]: karate.org.thymeleaf.standard.processor.StandardReplaceTagProcessor
[THYMELEAF]             * [* {th:each}] [200]: com.intuit.karate.template.KarateEachTagProcessor
[THYMELEAF]             * [* {th:switch}] [250]: karate.org.thymeleaf.standard.processor.StandardSwitchTagProcessor
[THYMELEAF]             * [* {th:case}] [275]: karate.org.thymeleaf.standard.processor.StandardCaseTagProcessor
[THYMELEAF]             * [* {th:if}] [300]: karate.org.thymeleaf.standard.processor.StandardIfTagProcessor
[THYMELEAF]             * [* {th:unless}] [400]: karate.org.thymeleaf.standard.processor.StandardUnlessTagProcessor
[THYMELEAF]             * [* {th:object}] [500]: karate.org.thymeleaf.standard.processor.StandardObjectTagProcessor
[THYMELEAF]             * [* {th:with}] [600]: com.intuit.karate.template.KarateWithTagProcessor
[THYMELEAF]             * [* {th:inline}] [1000]: karate.org.thymeleaf.standard.processor.StandardInlineTextualTagProcessor
[THYMELEAF]             * [* {th:text}] [1300]: karate.org.thymeleaf.standard.processor.StandardTextTagProcessor
[THYMELEAF]             * [* {th:utext}] [1400]: karate.org.thymeleaf.standard.processor.StandardUtextTagProcessor
[THYMELEAF]             * [* {th:assert}] [1550]: karate.org.thymeleaf.standard.processor.StandardAssertTagProcessor
[THYMELEAF]             * [* {th:remove}] [1600]: karate.org.thymeleaf.standard.processor.StandardRemoveTagProcessor
[THYMELEAF]             * [{th:block} *] [100000]: karate.org.thymeleaf.standard.processor.StandardBlockTagProcessor
[THYMELEAF]             * [* 100000] [karate.org.thymeleaf.standard.processor.StandardBlockTagProcessor]: {}
[THYMELEAF]         * Text Processors by [precedence]:
[THYMELEAF]             * [1000]: karate.org.thymeleaf.standard.processor.StandardInliningTextProcessor
[THYMELEAF]     * Processors for Template Mode: CSS
[THYMELEAF]         * Element Tag Processors by [matching element and attribute name] [precedence]:
[THYMELEAF]             * [* {th:insert}] [100]: karate.org.thymeleaf.standard.processor.StandardInsertTagProcessor
[THYMELEAF]             * [* {th:replace}] [100]: karate.org.thymeleaf.standard.processor.StandardReplaceTagProcessor
[THYMELEAF]             * [* {th:each}] [200]: com.intuit.karate.template.KarateEachTagProcessor
[THYMELEAF]             * [* {th:switch}] [250]: karate.org.thymeleaf.standard.processor.StandardSwitchTagProcessor
[THYMELEAF]             * [* {th:case}] [275]: karate.org.thymeleaf.standard.processor.StandardCaseTagProcessor
[THYMELEAF]             * [* {th:if}] [300]: karate.org.thymeleaf.standard.processor.StandardIfTagProcessor
[THYMELEAF]             * [* {th:unless}] [400]: karate.org.thymeleaf.standard.processor.StandardUnlessTagProcessor
[THYMELEAF]             * [* {th:object}] [500]: karate.org.thymeleaf.standard.processor.StandardObjectTagProcessor
[THYMELEAF]             * [* {th:with}] [600]: com.intuit.karate.template.KarateWithTagProcessor
[THYMELEAF]             * [* {th:inline}] [1000]: karate.org.thymeleaf.standard.processor.StandardInlineTextualTagProcessor
[THYMELEAF]             * [* {th:text}] [1300]: karate.org.thymeleaf.standard.processor.StandardTextTagProcessor
[THYMELEAF]             * [* {th:utext}] [1400]: karate.org.thymeleaf.standard.processor.StandardUtextTagProcessor
[THYMELEAF]             * [* {th:assert}] [1550]: karate.org.thymeleaf.standard.processor.StandardAssertTagProcessor
[THYMELEAF]             * [* {th:remove}] [1600]: karate.org.thymeleaf.standard.processor.StandardRemoveTagProcessor
[THYMELEAF]             * [* 100000] [karate.org.thymeleaf.standard.processor.StandardBlockTagProcessor]: {}
[THYMELEAF]             * [{th:block} *] [100000]: karate.org.thymeleaf.standard.processor.StandardBlockTagProcessor
[THYMELEAF]         * Text Processors by [precedence]:
[THYMELEAF]             * [1000]: karate.org.thymeleaf.standard.processor.StandardInliningTextProcessor
[THYMELEAF]     * Expression Objects:
[THYMELEAF]         * #ctx
[THYMELEAF]         * #root
[THYMELEAF]         * #vars
[THYMELEAF]         * #object
[THYMELEAF]         * #locale
[THYMELEAF]         * #request
[THYMELEAF]         * #response
[THYMELEAF]         * #session
[THYMELEAF]         * #servletContext
[THYMELEAF]         * #conversions
[THYMELEAF]         * #uris
[THYMELEAF]         * #calendars
[THYMELEAF]         * #dates
[THYMELEAF]         * #bools
[THYMELEAF]         * #numbers
[THYMELEAF]         * #objects
[THYMELEAF]         * #strings
[THYMELEAF]         * #arrays
[THYMELEAF]         * #lists
[THYMELEAF]         * #sets
[THYMELEAF]         * #maps
[THYMELEAF]         * #aggregates
[THYMELEAF]         * #messages
[THYMELEAF]         * #ids
[THYMELEAF]         * #execInfo
[THYMELEAF]         * #httpServletRequest
[THYMELEAF]         * #httpSession
[THYMELEAF]     * Execution Attributes:
[THYMELEAF]         * "StandardExpressionParser": com.intuit.karate.template.KarateStandardDialect@4ac0ed65
[THYMELEAF]         * "StandardJavaScriptSerializer": karate.org.thymeleaf.standard.serializer.StandardJavaScriptSerializer@32c6d164
[THYMELEAF]         * "StandardCSSSerializer": karate.org.thymeleaf.standard.serializer.StandardCSSSerializer@645c9f0f
[THYMELEAF]         * "StandardVariableExpressionEvaluator": com.intuit.karate.template.KarateStandardDialect@4ac0ed65
[THYMELEAF]         * "StandardConversionService": karate.org.thymeleaf.standard.expression.StandardConversionService@58068b40
[THYMELEAF] * Dialect [2 of 2]: karate (com.intuit.karate.template.KarateScriptDialect)
[THYMELEAF]     * Prefix: "ka"
[THYMELEAF]     * Processors for Template Mode: HTML
[THYMELEAF]         * Element Tag Processors by [matching element and attribute name] [precedence]:
[THYMELEAF]             * [* {src}] [1000]: com.intuit.karate.template.KaScriptAttrProcessor
[THYMELEAF]         * Element Model Processors by [matching element and attribute name] [precedence]:
[THYMELEAF]             * [{script} {ka:scope,data-ka-scope}] [1000]: com.intuit.karate.template.KaScriptElemProcessor
[THYMELEAF]             * [* {ka:set,data-ka-set}] [1000]: com.intuit.karate.template.KaSetElemProcessor
[THYMELEAF] TEMPLATE ENGINE CONFIGURED OK
13:04:57.973 [main] DEBUG karate.org.thymeleaf.TemplateEngine - [THYMELEAF] TEMPLATE ENGINE INITIALIZED
---------------------------------------------------------
feature: classpath:feature/CCE_TNandBAN.feature
scenarios:  9 | passed:  0 | failed:  9 | time: 1.3902
---------------------------------------------------------

13:04:58.251 [main] INFO com.intuit.karate.Suite - <<fail>> feature 7 of 12 (0 remaining) classpath:feature/CCE_TNandBAN.feature
13:04:58.268 [main] INFO com.intuit.karate - karate.env system property was: it01 
13:04:58.268 [main] INFO com.intuit.karate - clientId:52e80bfa-b42c-47d7-98b5-8bb87c926209 
13:04:58.270 [main] INFO com.intuit.karate - Current URL is : https://apigw-st.telus.com 
13:04:58.270 [main] INFO com.intuit.karate - Current Env is : it01 
13:04:58.275 [main] DEBUG com.jayway.jsonpath.internal.path.CompiledPath - Evaluating path: $
13:04:58.284 [main] INFO com.intuit.karate - [print] [
  {
    "storage_id": "1",
    "group": "a"
  },
  {
    "storage_id": "2",
    "group": "b"
  }
]
 
13:04:58.287 [main] DEBUG com.jayway.jsonpath.internal.path.CompiledPath - Evaluating path: $..['storage_id']
13:04:58.288 [main] INFO com.intuit.karate - [print] 1 
13:04:58.288 [main] DEBUG com.jayway.jsonpath.internal.path.CompiledPath - Evaluating path: $..['storage_id']
13:04:58.289 [main] INFO com.intuit.karate - [print] 1 
13:04:58.290 [main] DEBUG com.jayway.jsonpath.internal.path.CompiledPath - Evaluating path: $..['group']
13:04:58.290 [main] DEBUG com.jayway.jsonpath.internal.path.CompiledPath - Evaluating path: $..['group']
13:04:58.290 [main] INFO com.intuit.karate - [print] a 
13:04:58.291 [main] INFO com.intuit.karate - [print] eyJhbGciOiJSUzI1NiIsImtpZCI6ImNhZGZhMTYyLTU2YzEtNGRiOS1hNjNmLTYwZTM3NzIwMWJkZiIsInBpLmF0bSI6IjMifQ.eyJzY29wZSI6WyI0NzIwIl0sImF1dGhvcml6YXRpb25fZGV0YWlscyI6W10sImNsaWVudF9pZCI6IjUyZTgwYmZhLWI0MmMtNDdkNy05OGI1LThiYjg3YzkyNjIwOSIsImlzcyI6Imh0dHBzOi8vdGVhbXNzby1pdHMwNC50ZWx1cy5jb20iLCJhdWQiOiJrb25nIiwiaWF0IjoxNzIzMjIzMDg5LCJleHAiOjE3MjMyMjMzODl9.flESEmYyI_eCkBmzn54OkGfP2lAIxnyqs2XbjtABUAmEnkCOQe8uoiUdROg_nBCNsbluJLTMIyv2VQYcEFeVpzwJIN4AH00KC-3px8L7DRMcbbbRqgIOGamUVRjytKBt3cFR1XVCW32bLo_XlS6M0CPdsCtowSRRwenf6htGC3loiXiWZ8pxuYaJNnmQfuSN9rWpZNHc8y-eYDl0xm6EoEXQSfatP3EAxDBw6tgqlb5patcu_afyMqKiHha9IdISwDeMrqyfvgoAR4Sqhdy3Uxp_k_xzmM-XWElgzY0YfiUnRnIl01fsIz1UO7xaed3xVyVlwsYrq6nB9I57SYDk-A 
13:04:58.291 [main] INFO com.intuit.karate - [print] 1 
13:04:58.296 [main] DEBUG karate.org.apache.http.client.protocol.RequestAddCookies - CookieSpec selected: karate
13:04:58.296 [main] DEBUG karate.org.apache.http.client.protocol.RequestAuthCache - Auth cache not set in the context
13:04:58.296 [main] DEBUG com.intuit.karate - request:
1 > POST https://apigw-st.telus.com/customer/contactCenterTempStorage/v1/storage/1/create?ttl=10000&group=a
1 > env: it01
1 > Content-Type: application/json; charset=UTF-8
1 > Authorization: Bearer eyJhbGciOiJSUzI1NiIsImtpZCI6ImNhZGZhMTYyLTU2YzEtNGRiOS1hNjNmLTYwZTM3NzIwMWJkZiIsInBpLmF0bSI6IjMifQ.eyJzY29wZSI6WyI0NzIwIl0sImF1dGhvcml6YXRpb25fZGV0YWlscyI6W10sImNsaWVudF9pZCI6IjUyZTgwYmZhLWI0MmMtNDdkNy05OGI1LThiYjg3YzkyNjIwOSIsImlzcyI6Imh0dHBzOi8vdGVhbXNzby1pdHMwNC50ZWx1cy5jb20iLCJhdWQiOiJrb25nIiwiaWF0IjoxNzIzMjIzMDg5LCJleHAiOjE3MjMyMjMzODl9.flESEmYyI_eCkBmzn54OkGfP2lAIxnyqs2XbjtABUAmEnkCOQe8uoiUdROg_nBCNsbluJLTMIyv2VQYcEFeVpzwJIN4AH00KC-3px8L7DRMcbbbRqgIOGamUVRjytKBt3cFR1XVCW32bLo_XlS6M0CPdsCtowSRRwenf6htGC3loiXiWZ8pxuYaJNnmQfuSN9rWpZNHc8y-eYDl0xm6EoEXQSfatP3EAxDBw6tgqlb5patcu_afyMqKiHha9IdISwDeMrqyfvgoAR4Sqhdy3Uxp_k_xzmM-XWElgzY0YfiUnRnIl01fsIz1UO7xaed3xVyVlwsYrq6nB9I57SYDk-A
1 > Content-Length: 112
1 > Host: apigw-st.telus.com
1 > Connection: Keep-Alive
1 > User-Agent: Apache-HttpClient/4.5.13 (Java/20.0.2)
1 > Accept-Encoding: gzip,deflate
{"name":"Deepak Rawat1","sport":{"hockey":"good Garçon À la carte Maître d\u2019hôtel","football":"better"}}

13:04:58.297 [main] DEBUG karate.org.apache.http.impl.conn.PoolingHttpClientConnectionManager - Connection request: [route: {s}->https://apigw-st.telus.com:443][total available: 0; route allocated: 0 of 5; total allocated: 0 of 10]
13:04:58.297 [main] DEBUG karate.org.apache.http.impl.conn.PoolingHttpClientConnectionManager - Connection leased: [id: 38][route: {s}->https://apigw-st.telus.com:443][total available: 0; route allocated: 1 of 5; total allocated: 1 of 10]
13:04:58.297 [main] DEBUG karate.org.apache.http.impl.execchain.MainClientExec - Opening connection {s}->https://apigw-st.telus.com:443
13:04:58.297 [main] DEBUG karate.org.apache.http.impl.conn.DefaultHttpClientConnectionOperator - Connecting to apigw-st.telus.com/207.219.84.31:443
13:04:58.297 [main] DEBUG karate.org.apache.http.conn.ssl.LenientSslConnectionSocketFactory - Connecting socket to apigw-st.telus.com/207.219.84.31:443 with timeout 10000
13:04:58.337 [main] DEBUG karate.org.apache.http.conn.ssl.LenientSslConnectionSocketFactory - Enabled protocols: [TLSv1.3, TLSv1.2]
13:04:58.337 [main] DEBUG karate.org.apache.http.conn.ssl.LenientSslConnectionSocketFactory - Enabled cipher suites:[TLS_AES_256_GCM_SHA384, TLS_AES_128_GCM_SHA256, TLS_CHACHA20_POLY1305_SHA256, TLS_ECDHE_ECDSA_WITH_AES_256_GCM_SHA384, TLS_ECDHE_ECDSA_WITH_AES_128_GCM_SHA256, TLS_ECDHE_ECDSA_WITH_CHACHA20_POLY1305_SHA256, TLS_ECDHE_RSA_WITH_AES_256_GCM_SHA384, TLS_ECDHE_RSA_WITH_CHACHA20_POLY1305_SHA256, TLS_ECDHE_RSA_WITH_AES_128_GCM_SHA256, TLS_DHE_RSA_WITH_AES_256_GCM_SHA384, TLS_DHE_RSA_WITH_CHACHA20_POLY1305_SHA256, TLS_DHE_DSS_WITH_AES_256_GCM_SHA384, TLS_DHE_RSA_WITH_AES_128_GCM_SHA256, TLS_DHE_DSS_WITH_AES_128_GCM_SHA256, TLS_ECDHE_ECDSA_WITH_AES_256_CBC_SHA384, TLS_ECDHE_RSA_WITH_AES_256_CBC_SHA384, TLS_ECDHE_ECDSA_WITH_AES_128_CBC_SHA256, TLS_ECDHE_RSA_WITH_AES_128_CBC_SHA256, TLS_DHE_RSA_WITH_AES_256_CBC_SHA256, TLS_DHE_DSS_WITH_AES_256_CBC_SHA256, TLS_DHE_RSA_WITH_AES_128_CBC_SHA256, TLS_DHE_DSS_WITH_AES_128_CBC_SHA256, TLS_ECDHE_ECDSA_WITH_AES_256_CBC_SHA, TLS_ECDHE_RSA_WITH_AES_256_CBC_SHA, TLS_ECDHE_ECDSA_WITH_AES_128_CBC_SHA, TLS_ECDHE_RSA_WITH_AES_128_CBC_SHA, TLS_DHE_RSA_WITH_AES_256_CBC_SHA, TLS_DHE_DSS_WITH_AES_256_CBC_SHA, TLS_DHE_RSA_WITH_AES_128_CBC_SHA, TLS_DHE_DSS_WITH_AES_128_CBC_SHA, TLS_RSA_WITH_AES_256_GCM_SHA384, TLS_RSA_WITH_AES_128_GCM_SHA256, TLS_RSA_WITH_AES_256_CBC_SHA256, TLS_RSA_WITH_AES_128_CBC_SHA256, TLS_RSA_WITH_AES_256_CBC_SHA, TLS_RSA_WITH_AES_128_CBC_SHA, TLS_EMPTY_RENEGOTIATION_INFO_SCSV]
13:04:58.337 [main] DEBUG karate.org.apache.http.conn.ssl.LenientSslConnectionSocketFactory - Starting handshake
13:04:58.387 [main] DEBUG karate.org.apache.http.conn.ssl.LenientSslConnectionSocketFactory - Secure session established
13:04:58.387 [main] DEBUG karate.org.apache.http.conn.ssl.LenientSslConnectionSocketFactory -  negotiated protocol: TLSv1.3
13:04:58.387 [main] DEBUG karate.org.apache.http.conn.ssl.LenientSslConnectionSocketFactory -  negotiated cipher suite: TLS_AES_128_GCM_SHA256
13:04:58.387 [main] DEBUG karate.org.apache.http.conn.ssl.LenientSslConnectionSocketFactory -  peer principal: CN=apigw-soap-st.telus.com, O=TELUS Corp., L=Vancouver, ST=British Columbia, C=CA
13:04:58.387 [main] DEBUG karate.org.apache.http.conn.ssl.LenientSslConnectionSocketFactory -  peer alternative names: [apigw-soap-st.telus.com, apigw-st.telus.com, apigw-qidc-st.telus.com, apigw-kidc-st.telus.com, apigw-soap-qidc-st.telus.com, apigw-soap-kidc-st.telus.com]
13:04:58.387 [main] DEBUG karate.org.apache.http.conn.ssl.LenientSslConnectionSocketFactory -  issuer principal: CN=DigiCert Global G2 TLS RSA SHA256 2020 CA1, O=DigiCert Inc, C=US
13:04:58.388 [main] DEBUG karate.org.apache.http.impl.conn.DefaultHttpClientConnectionOperator - Connection established 192.168.1.65:54976<->207.219.84.31:443
13:04:58.388 [main] DEBUG karate.org.apache.http.impl.conn.DefaultManagedHttpClientConnection - http-outgoing-38: set socket timeout to 20000
13:04:58.388 [main] DEBUG karate.org.apache.http.impl.execchain.MainClientExec - Executing request POST /customer/contactCenterTempStorage/v1/storage/1/create?ttl=10000&group=a HTTP/1.1
13:04:58.388 [main] DEBUG karate.org.apache.http.impl.execchain.MainClientExec - Proxy auth state: UNCHALLENGED
13:04:58.388 [main] DEBUG karate.org.apache.http.headers - http-outgoing-38 >> POST /customer/contactCenterTempStorage/v1/storage/1/create?ttl=10000&group=a HTTP/1.1
13:04:58.388 [main] DEBUG karate.org.apache.http.headers - http-outgoing-38 >> env: it01
13:04:58.388 [main] DEBUG karate.org.apache.http.headers - http-outgoing-38 >> Content-Type: application/json; charset=UTF-8
13:04:58.388 [main] DEBUG karate.org.apache.http.headers - http-outgoing-38 >> Authorization: Bearer eyJhbGciOiJSUzI1NiIsImtpZCI6ImNhZGZhMTYyLTU2YzEtNGRiOS1hNjNmLTYwZTM3NzIwMWJkZiIsInBpLmF0bSI6IjMifQ.eyJzY29wZSI6WyI0NzIwIl0sImF1dGhvcml6YXRpb25fZGV0YWlscyI6W10sImNsaWVudF9pZCI6IjUyZTgwYmZhLWI0MmMtNDdkNy05OGI1LThiYjg3YzkyNjIwOSIsImlzcyI6Imh0dHBzOi8vdGVhbXNzby1pdHMwNC50ZWx1cy5jb20iLCJhdWQiOiJrb25nIiwiaWF0IjoxNzIzMjIzMDg5LCJleHAiOjE3MjMyMjMzODl9.flESEmYyI_eCkBmzn54OkGfP2lAIxnyqs2XbjtABUAmEnkCOQe8uoiUdROg_nBCNsbluJLTMIyv2VQYcEFeVpzwJIN4AH00KC-3px8L7DRMcbbbRqgIOGamUVRjytKBt3cFR1XVCW32bLo_XlS6M0CPdsCtowSRRwenf6htGC3loiXiWZ8pxuYaJNnmQfuSN9rWpZNHc8y-eYDl0xm6EoEXQSfatP3EAxDBw6tgqlb5patcu_afyMqKiHha9IdISwDeMrqyfvgoAR4Sqhdy3Uxp_k_xzmM-XWElgzY0YfiUnRnIl01fsIz1UO7xaed3xVyVlwsYrq6nB9I57SYDk-A
13:04:58.388 [main] DEBUG karate.org.apache.http.headers - http-outgoing-38 >> Content-Length: 112
13:04:58.388 [main] DEBUG karate.org.apache.http.headers - http-outgoing-38 >> Host: apigw-st.telus.com
13:04:58.388 [main] DEBUG karate.org.apache.http.headers - http-outgoing-38 >> Connection: Keep-Alive
13:04:58.388 [main] DEBUG karate.org.apache.http.headers - http-outgoing-38 >> User-Agent: Apache-HttpClient/4.5.13 (Java/20.0.2)
13:04:58.388 [main] DEBUG karate.org.apache.http.headers - http-outgoing-38 >> Accept-Encoding: gzip,deflate
13:04:58.388 [main] DEBUG karate.org.apache.http.wire - http-outgoing-38 >> "POST /customer/contactCenterTempStorage/v1/storage/1/create?ttl=10000&group=a HTTP/1.1[\r][\n]"
13:04:58.388 [main] DEBUG karate.org.apache.http.wire - http-outgoing-38 >> "env: it01[\r][\n]"
13:04:58.388 [main] DEBUG karate.org.apache.http.wire - http-outgoing-38 >> "Content-Type: application/json; charset=UTF-8[\r][\n]"
13:04:58.388 [main] DEBUG karate.org.apache.http.wire - http-outgoing-38 >> "Authorization: Bearer eyJhbGciOiJSUzI1NiIsImtpZCI6ImNhZGZhMTYyLTU2YzEtNGRiOS1hNjNmLTYwZTM3NzIwMWJkZiIsInBpLmF0bSI6IjMifQ.eyJzY29wZSI6WyI0NzIwIl0sImF1dGhvcml6YXRpb25fZGV0YWlscyI6W10sImNsaWVudF9pZCI6IjUyZTgwYmZhLWI0MmMtNDdkNy05OGI1LThiYjg3YzkyNjIwOSIsImlzcyI6Imh0dHBzOi8vdGVhbXNzby1pdHMwNC50ZWx1cy5jb20iLCJhdWQiOiJrb25nIiwiaWF0IjoxNzIzMjIzMDg5LCJleHAiOjE3MjMyMjMzODl9.flESEmYyI_eCkBmzn54OkGfP2lAIxnyqs2XbjtABUAmEnkCOQe8uoiUdROg_nBCNsbluJLTMIyv2VQYcEFeVpzwJIN4AH00KC-3px8L7DRMcbbbRqgIOGamUVRjytKBt3cFR1XVCW32bLo_XlS6M0CPdsCtowSRRwenf6htGC3loiXiWZ8pxuYaJNnmQfuSN9rWpZNHc8y-eYDl0xm6EoEXQSfatP3EAxDBw6tgqlb5patcu_afyMqKiHha9IdISwDeMrqyfvgoAR4Sqhdy3Uxp_k_xzmM-XWElgzY0YfiUnRnIl01fsIz1UO7xaed3xVyVlwsYrq6nB9I57SYDk-A[\r][\n]"
13:04:58.388 [main] DEBUG karate.org.apache.http.wire - http-outgoing-38 >> "Content-Length: 112[\r][\n]"
13:04:58.388 [main] DEBUG karate.org.apache.http.wire - http-outgoing-38 >> "Host: apigw-st.telus.com[\r][\n]"
13:04:58.388 [main] DEBUG karate.org.apache.http.wire - http-outgoing-38 >> "Connection: Keep-Alive[\r][\n]"
13:04:58.388 [main] DEBUG karate.org.apache.http.wire - http-outgoing-38 >> "User-Agent: Apache-HttpClient/4.5.13 (Java/20.0.2)[\r][\n]"
13:04:58.388 [main] DEBUG karate.org.apache.http.wire - http-outgoing-38 >> "Accept-Encoding: gzip,deflate[\r][\n]"
13:04:58.388 [main] DEBUG karate.org.apache.http.wire - http-outgoing-38 >> "[\r][\n]"
13:04:58.388 [main] DEBUG karate.org.apache.http.wire - http-outgoing-38 >> "{"name":"Deepak Rawat1","sport":{"hockey":"good Gar[0xc3][0xa7]on [0xc3][0x80] la carte Ma[0xc3][0xae]tre d\u2019h[0xc3][0xb4]tel","football":"better"}}"
13:04:59.026 [main] DEBUG karate.org.apache.http.wire - http-outgoing-38 << "HTTP/1.1 403 Forbidden[\r][\n]"
13:04:59.026 [main] DEBUG karate.org.apache.http.wire - http-outgoing-38 << "Content-Type: application/json;charset=ISO-8859-1[\r][\n]"
13:04:59.026 [main] DEBUG karate.org.apache.http.wire - http-outgoing-38 << "Content-Length: 265[\r][\n]"
13:04:59.026 [main] DEBUG karate.org.apache.http.wire - http-outgoing-38 << "Connection: keep-alive[\r][\n]"
13:04:59.026 [main] DEBUG karate.org.apache.http.wire - http-outgoing-38 << "date: Fri, 09 Aug 2024 17:04:59 GMT[\r][\n]"
13:04:59.026 [main] DEBUG karate.org.apache.http.wire - http-outgoing-38 << "kong-request-id: 6f860d23-e116-426f-a706-96141fa2688f#184586[\r][\n]"
13:04:59.026 [main] DEBUG karate.org.apache.http.wire - http-outgoing-38 << "vary: Origin[\r][\n]"
13:04:59.026 [main] DEBUG karate.org.apache.http.wire - http-outgoing-38 << "x-kong-upstream-latency: 593[\r][\n]"
13:04:59.026 [main] DEBUG karate.org.apache.http.wire - http-outgoing-38 << "x-kong-proxy-latency: 1[\r][\n]"
13:04:59.026 [main] DEBUG karate.org.apache.http.wire - http-outgoing-38 << "via: kong/3.4.3.11-enterprise-edition[\r][\n]"
13:04:59.026 [main] DEBUG karate.org.apache.http.wire - http-outgoing-38 << "x-kong-request-id: a4cebb79cec15b4eeedb9e5183d9bb71[\r][\n]"
13:04:59.026 [main] DEBUG karate.org.apache.http.wire - http-outgoing-38 << "vary: Origin[\r][\n]"
13:04:59.026 [main] DEBUG karate.org.apache.http.wire - http-outgoing-38 << "vary: Origin[\r][\n]"
13:04:59.026 [main] DEBUG karate.org.apache.http.wire - http-outgoing-38 << "[\r][\n]"
13:04:59.026 [main] DEBUG karate.org.apache.http.wire - http-outgoing-38 << "{"code":"403","reason":"you are not allowed for the request","message":"you are not allowed for the request: /customer/TempStorage/v1/storage/1/create","status":"FORBIDDEN","referenceError":"java.lang.Exception: you are not allowed for the request","createTs":null}"
13:04:59.027 [main] DEBUG karate.org.apache.http.headers - http-outgoing-38 << HTTP/1.1 403 Forbidden
13:04:59.027 [main] DEBUG karate.org.apache.http.headers - http-outgoing-38 << Content-Type: application/json;charset=ISO-8859-1
13:04:59.027 [main] DEBUG karate.org.apache.http.headers - http-outgoing-38 << Content-Length: 265
13:04:59.027 [main] DEBUG karate.org.apache.http.headers - http-outgoing-38 << Connection: keep-alive
13:04:59.027 [main] DEBUG karate.org.apache.http.headers - http-outgoing-38 << date: Fri, 09 Aug 2024 17:04:59 GMT
13:04:59.027 [main] DEBUG karate.org.apache.http.headers - http-outgoing-38 << kong-request-id: 6f860d23-e116-426f-a706-96141fa2688f#184586
13:04:59.027 [main] DEBUG karate.org.apache.http.headers - http-outgoing-38 << vary: Origin
13:04:59.027 [main] DEBUG karate.org.apache.http.headers - http-outgoing-38 << x-kong-upstream-latency: 593
13:04:59.027 [main] DEBUG karate.org.apache.http.headers - http-outgoing-38 << x-kong-proxy-latency: 1
13:04:59.027 [main] DEBUG karate.org.apache.http.headers - http-outgoing-38 << via: kong/3.4.3.11-enterprise-edition
13:04:59.027 [main] DEBUG karate.org.apache.http.headers - http-outgoing-38 << x-kong-request-id: a4cebb79cec15b4eeedb9e5183d9bb71
13:04:59.027 [main] DEBUG karate.org.apache.http.headers - http-outgoing-38 << vary: Origin
13:04:59.027 [main] DEBUG karate.org.apache.http.headers - http-outgoing-38 << vary: Origin
13:04:59.027 [main] DEBUG karate.org.apache.http.impl.execchain.MainClientExec - Connection can be kept alive indefinitely
13:04:59.027 [main] DEBUG karate.org.apache.http.impl.conn.PoolingHttpClientConnectionManager - Connection [id: 38][route: {s}->https://apigw-st.telus.com:443] can be kept alive indefinitely
13:04:59.027 [main] DEBUG karate.org.apache.http.impl.conn.DefaultManagedHttpClientConnection - http-outgoing-38: set socket timeout to 0
13:04:59.027 [main] DEBUG karate.org.apache.http.impl.conn.PoolingHttpClientConnectionManager - Connection released: [id: 38][route: {s}->https://apigw-st.telus.com:443][total available: 1; route allocated: 1 of 5; total allocated: 1 of 10]
13:04:59.028 [main] DEBUG com.intuit.karate - response time in milliseconds: 730
1 < 403
1 < Content-Type: application/json;charset=ISO-8859-1
1 < Content-Length: 265
1 < Connection: keep-alive
1 < date: Fri, 09 Aug 2024 17:04:59 GMT
1 < kong-request-id: 6f860d23-e116-426f-a706-96141fa2688f#184586
1 < vary: Origin
1 < vary: Origin
1 < vary: Origin
1 < x-kong-upstream-latency: 593
1 < x-kong-proxy-latency: 1
1 < via: kong/3.4.3.11-enterprise-edition
1 < x-kong-request-id: a4cebb79cec15b4eeedb9e5183d9bb71
{"code":"403","reason":"you are not allowed for the request","message":"you are not allowed for the request: /customer/TempStorage/v1/storage/1/create","status":"FORBIDDEN","referenceError":"java.lang.Exception: you are not allowed for the request","createTs":null}
13:04:59.029 [main] ERROR com.intuit.karate - classpath:feature/TempStorage_a_POST.feature:33
Then status 201
status code was: 403, expected: 201, response time in milliseconds: 730, url: https://apigw-st.telus.com/customer/contactCenterTempStorage/v1/storage/1/create?ttl=10000&group=a, response: 
{"code":"403","reason":"you are not allowed for the request","message":"you are not allowed for the request: /customer/TempStorage/v1/storage/1/create","status":"FORBIDDEN","referenceError":"java.lang.Exception: you are not allowed for the request","createTs":null}
classpath:feature/TempStorage_a_POST.feature:33
13:04:59.034 [main] INFO com.intuit.karate - karate.env system property was: it01 
13:04:59.034 [main] INFO com.intuit.karate - clientId:52e80bfa-b42c-47d7-98b5-8bb87c926209 
13:04:59.034 [main] INFO com.intuit.karate - Current URL is : https://apigw-st.telus.com 
13:04:59.034 [main] INFO com.intuit.karate - Current Env is : it01 
13:04:59.037 [main] DEBUG com.jayway.jsonpath.internal.path.CompiledPath - Evaluating path: $
13:04:59.038 [main] INFO com.intuit.karate - [print] [
  {
    "storage_id": "1",
    "group": "a"
  },
  {
    "storage_id": "2",
    "group": "b"
  }
]
 
13:04:59.038 [main] DEBUG com.jayway.jsonpath.internal.path.CompiledPath - Evaluating path: $..['storage_id']
13:04:59.039 [main] INFO com.intuit.karate - [print] 1 
13:04:59.039 [main] DEBUG com.jayway.jsonpath.internal.path.CompiledPath - Evaluating path: $..['storage_id']
13:04:59.039 [main] INFO com.intuit.karate - [print] 1 
13:04:59.040 [main] DEBUG com.jayway.jsonpath.internal.path.CompiledPath - Evaluating path: $..['group']
13:04:59.040 [main] DEBUG com.jayway.jsonpath.internal.path.CompiledPath - Evaluating path: $..['group']
13:04:59.040 [main] INFO com.intuit.karate - [print] a 
13:04:59.040 [main] INFO com.intuit.karate - [print] eyJhbGciOiJSUzI1NiIsImtpZCI6ImNhZGZhMTYyLTU2YzEtNGRiOS1hNjNmLTYwZTM3NzIwMWJkZiIsInBpLmF0bSI6IjMifQ.eyJzY29wZSI6WyI0NzIwIl0sImF1dGhvcml6YXRpb25fZGV0YWlscyI6W10sImNsaWVudF9pZCI6IjUyZTgwYmZhLWI0MmMtNDdkNy05OGI1LThiYjg3YzkyNjIwOSIsImlzcyI6Imh0dHBzOi8vdGVhbXNzby1pdHMwNC50ZWx1cy5jb20iLCJhdWQiOiJrb25nIiwiaWF0IjoxNzIzMjIzMDg5LCJleHAiOjE3MjMyMjMzODl9.flESEmYyI_eCkBmzn54OkGfP2lAIxnyqs2XbjtABUAmEnkCOQe8uoiUdROg_nBCNsbluJLTMIyv2VQYcEFeVpzwJIN4AH00KC-3px8L7DRMcbbbRqgIOGamUVRjytKBt3cFR1XVCW32bLo_XlS6M0CPdsCtowSRRwenf6htGC3loiXiWZ8pxuYaJNnmQfuSN9rWpZNHc8y-eYDl0xm6EoEXQSfatP3EAxDBw6tgqlb5patcu_afyMqKiHha9IdISwDeMrqyfvgoAR4Sqhdy3Uxp_k_xzmM-XWElgzY0YfiUnRnIl01fsIz1UO7xaed3xVyVlwsYrq6nB9I57SYDk-A 
13:04:59.041 [main] INFO com.intuit.karate - [print] 2 
13:04:59.044 [main] DEBUG karate.org.apache.http.client.protocol.RequestAddCookies - CookieSpec selected: karate
13:04:59.044 [main] DEBUG karate.org.apache.http.client.protocol.RequestAuthCache - Auth cache not set in the context
13:04:59.044 [main] DEBUG com.intuit.karate - request:
1 > POST https://apigw-st.telus.com/customer/contactCenterTempStorage/v1/storage/2/create?ttl=10000&group=a
1 > env: it01
1 > Content-Type: application/json; charset=UTF-8
1 > Authorization: Bearer eyJhbGciOiJSUzI1NiIsImtpZCI6ImNhZGZhMTYyLTU2YzEtNGRiOS1hNjNmLTYwZTM3NzIwMWJkZiIsInBpLmF0bSI6IjMifQ.eyJzY29wZSI6WyI0NzIwIl0sImF1dGhvcml6YXRpb25fZGV0YWlscyI6W10sImNsaWVudF9pZCI6IjUyZTgwYmZhLWI0MmMtNDdkNy05OGI1LThiYjg3YzkyNjIwOSIsImlzcyI6Imh0dHBzOi8vdGVhbXNzby1pdHMwNC50ZWx1cy5jb20iLCJhdWQiOiJrb25nIiwiaWF0IjoxNzIzMjIzMDg5LCJleHAiOjE3MjMyMjMzODl9.flESEmYyI_eCkBmzn54OkGfP2lAIxnyqs2XbjtABUAmEnkCOQe8uoiUdROg_nBCNsbluJLTMIyv2VQYcEFeVpzwJIN4AH00KC-3px8L7DRMcbbbRqgIOGamUVRjytKBt3cFR1XVCW32bLo_XlS6M0CPdsCtowSRRwenf6htGC3loiXiWZ8pxuYaJNnmQfuSN9rWpZNHc8y-eYDl0xm6EoEXQSfatP3EAxDBw6tgqlb5patcu_afyMqKiHha9IdISwDeMrqyfvgoAR4Sqhdy3Uxp_k_xzmM-XWElgzY0YfiUnRnIl01fsIz1UO7xaed3xVyVlwsYrq6nB9I57SYDk-A
1 > Content-Length: 112
1 > Host: apigw-st.telus.com
1 > Connection: Keep-Alive
1 > User-Agent: Apache-HttpClient/4.5.13 (Java/20.0.2)
1 > Accept-Encoding: gzip,deflate
{"name":"Deepak Rawat1","sport":{"hockey":"good Garçon À la carte Maître d\u2019hôtel","football":"better"}}

13:04:59.044 [main] DEBUG karate.org.apache.http.impl.conn.PoolingHttpClientConnectionManager - Connection request: [route: {s}->https://apigw-st.telus.com:443][total available: 0; route allocated: 0 of 5; total allocated: 0 of 10]
13:04:59.045 [main] DEBUG karate.org.apache.http.impl.conn.PoolingHttpClientConnectionManager - Connection leased: [id: 39][route: {s}->https://apigw-st.telus.com:443][total available: 0; route allocated: 1 of 5; total allocated: 1 of 10]
13:04:59.045 [main] DEBUG karate.org.apache.http.impl.execchain.MainClientExec - Opening connection {s}->https://apigw-st.telus.com:443
13:04:59.045 [main] DEBUG karate.org.apache.http.impl.conn.DefaultHttpClientConnectionOperator - Connecting to apigw-st.telus.com/207.219.84.31:443
13:04:59.045 [main] DEBUG karate.org.apache.http.conn.ssl.LenientSslConnectionSocketFactory - Connecting socket to apigw-st.telus.com/207.219.84.31:443 with timeout 10000
13:04:59.087 [main] DEBUG karate.org.apache.http.conn.ssl.LenientSslConnectionSocketFactory - Enabled protocols: [TLSv1.3, TLSv1.2]
13:04:59.087 [main] DEBUG karate.org.apache.http.conn.ssl.LenientSslConnectionSocketFactory - Enabled cipher suites:[TLS_AES_256_GCM_SHA384, TLS_AES_128_GCM_SHA256, TLS_CHACHA20_POLY1305_SHA256, TLS_ECDHE_ECDSA_WITH_AES_256_GCM_SHA384, TLS_ECDHE_ECDSA_WITH_AES_128_GCM_SHA256, TLS_ECDHE_ECDSA_WITH_CHACHA20_POLY1305_SHA256, TLS_ECDHE_RSA_WITH_AES_256_GCM_SHA384, TLS_ECDHE_RSA_WITH_CHACHA20_POLY1305_SHA256, TLS_ECDHE_RSA_WITH_AES_128_GCM_SHA256, TLS_DHE_RSA_WITH_AES_256_GCM_SHA384, TLS_DHE_RSA_WITH_CHACHA20_POLY1305_SHA256, TLS_DHE_DSS_WITH_AES_256_GCM_SHA384, TLS_DHE_RSA_WITH_AES_128_GCM_SHA256, TLS_DHE_DSS_WITH_AES_128_GCM_SHA256, TLS_ECDHE_ECDSA_WITH_AES_256_CBC_SHA384, TLS_ECDHE_RSA_WITH_AES_256_CBC_SHA384, TLS_ECDHE_ECDSA_WITH_AES_128_CBC_SHA256, TLS_ECDHE_RSA_WITH_AES_128_CBC_SHA256, TLS_DHE_RSA_WITH_AES_256_CBC_SHA256, TLS_DHE_DSS_WITH_AES_256_CBC_SHA256, TLS_DHE_RSA_WITH_AES_128_CBC_SHA256, TLS_DHE_DSS_WITH_AES_128_CBC_SHA256, TLS_ECDHE_ECDSA_WITH_AES_256_CBC_SHA, TLS_ECDHE_RSA_WITH_AES_256_CBC_SHA, TLS_ECDHE_ECDSA_WITH_AES_128_CBC_SHA, TLS_ECDHE_RSA_WITH_AES_128_CBC_SHA, TLS_DHE_RSA_WITH_AES_256_CBC_SHA, TLS_DHE_DSS_WITH_AES_256_CBC_SHA, TLS_DHE_RSA_WITH_AES_128_CBC_SHA, TLS_DHE_DSS_WITH_AES_128_CBC_SHA, TLS_RSA_WITH_AES_256_GCM_SHA384, TLS_RSA_WITH_AES_128_GCM_SHA256, TLS_RSA_WITH_AES_256_CBC_SHA256, TLS_RSA_WITH_AES_128_CBC_SHA256, TLS_RSA_WITH_AES_256_CBC_SHA, TLS_RSA_WITH_AES_128_CBC_SHA, TLS_EMPTY_RENEGOTIATION_INFO_SCSV]
13:04:59.087 [main] DEBUG karate.org.apache.http.conn.ssl.LenientSslConnectionSocketFactory - Starting handshake
13:04:59.141 [main] DEBUG karate.org.apache.http.conn.ssl.LenientSslConnectionSocketFactory - Secure session established
13:04:59.142 [main] DEBUG karate.org.apache.http.conn.ssl.LenientSslConnectionSocketFactory -  negotiated protocol: TLSv1.3
13:04:59.142 [main] DEBUG karate.org.apache.http.conn.ssl.LenientSslConnectionSocketFactory -  negotiated cipher suite: TLS_AES_128_GCM_SHA256
13:04:59.142 [main] DEBUG karate.org.apache.http.conn.ssl.LenientSslConnectionSocketFactory -  peer principal: CN=apigw-soap-st.telus.com, O=TELUS Corp., L=Vancouver, ST=British Columbia, C=CA
13:04:59.142 [main] DEBUG karate.org.apache.http.conn.ssl.LenientSslConnectionSocketFactory -  peer alternative names: [apigw-soap-st.telus.com, apigw-st.telus.com, apigw-qidc-st.telus.com, apigw-kidc-st.telus.com, apigw-soap-qidc-st.telus.com, apigw-soap-kidc-st.telus.com]
13:04:59.142 [main] DEBUG karate.org.apache.http.conn.ssl.LenientSslConnectionSocketFactory -  issuer principal: CN=DigiCert Global G2 TLS RSA SHA256 2020 CA1, O=DigiCert Inc, C=US
13:04:59.142 [main] DEBUG karate.org.apache.http.impl.conn.DefaultHttpClientConnectionOperator - Connection established 192.168.1.65:54977<->207.219.84.31:443
13:04:59.142 [main] DEBUG karate.org.apache.http.impl.conn.DefaultManagedHttpClientConnection - http-outgoing-39: set socket timeout to 20000
13:04:59.142 [main] DEBUG karate.org.apache.http.impl.execchain.MainClientExec - Executing request POST /customer/contactCenterTempStorage/v1/storage/2/create?ttl=10000&group=a HTTP/1.1
13:04:59.142 [main] DEBUG karate.org.apache.http.impl.execchain.MainClientExec - Proxy auth state: UNCHALLENGED
13:04:59.142 [main] DEBUG karate.org.apache.http.headers - http-outgoing-39 >> POST /customer/contactCenterTempStorage/v1/storage/2/create?ttl=10000&group=a HTTP/1.1
13:04:59.142 [main] DEBUG karate.org.apache.http.headers - http-outgoing-39 >> env: it01
13:04:59.142 [main] DEBUG karate.org.apache.http.headers - http-outgoing-39 >> Content-Type: application/json; charset=UTF-8
13:04:59.142 [main] DEBUG karate.org.apache.http.headers - http-outgoing-39 >> Authorization: Bearer eyJhbGciOiJSUzI1NiIsImtpZCI6ImNhZGZhMTYyLTU2YzEtNGRiOS1hNjNmLTYwZTM3NzIwMWJkZiIsInBpLmF0bSI6IjMifQ.eyJzY29wZSI6WyI0NzIwIl0sImF1dGhvcml6YXRpb25fZGV0YWlscyI6W10sImNsaWVudF9pZCI6IjUyZTgwYmZhLWI0MmMtNDdkNy05OGI1LThiYjg3YzkyNjIwOSIsImlzcyI6Imh0dHBzOi8vdGVhbXNzby1pdHMwNC50ZWx1cy5jb20iLCJhdWQiOiJrb25nIiwiaWF0IjoxNzIzMjIzMDg5LCJleHAiOjE3MjMyMjMzODl9.flESEmYyI_eCkBmzn54OkGfP2lAIxnyqs2XbjtABUAmEnkCOQe8uoiUdROg_nBCNsbluJLTMIyv2VQYcEFeVpzwJIN4AH00KC-3px8L7DRMcbbbRqgIOGamUVRjytKBt3cFR1XVCW32bLo_XlS6M0CPdsCtowSRRwenf6htGC3loiXiWZ8pxuYaJNnmQfuSN9rWpZNHc8y-eYDl0xm6EoEXQSfatP3EAxDBw6tgqlb5patcu_afyMqKiHha9IdISwDeMrqyfvgoAR4Sqhdy3Uxp_k_xzmM-XWElgzY0YfiUnRnIl01fsIz1UO7xaed3xVyVlwsYrq6nB9I57SYDk-A
13:04:59.142 [main] DEBUG karate.org.apache.http.headers - http-outgoing-39 >> Content-Length: 112
13:04:59.142 [main] DEBUG karate.org.apache.http.headers - http-outgoing-39 >> Host: apigw-st.telus.com
13:04:59.142 [main] DEBUG karate.org.apache.http.headers - http-outgoing-39 >> Connection: Keep-Alive
13:04:59.142 [main] DEBUG karate.org.apache.http.headers - http-outgoing-39 >> User-Agent: Apache-HttpClient/4.5.13 (Java/20.0.2)
13:04:59.142 [main] DEBUG karate.org.apache.http.headers - http-outgoing-39 >> Accept-Encoding: gzip,deflate
13:04:59.142 [main] DEBUG karate.org.apache.http.wire - http-outgoing-39 >> "POST /customer/contactCenterTempStorage/v1/storage/2/create?ttl=10000&group=a HTTP/1.1[\r][\n]"
13:04:59.142 [main] DEBUG karate.org.apache.http.wire - http-outgoing-39 >> "env: it01[\r][\n]"
13:04:59.142 [main] DEBUG karate.org.apache.http.wire - http-outgoing-39 >> "Content-Type: application/json; charset=UTF-8[\r][\n]"
13:04:59.142 [main] DEBUG karate.org.apache.http.wire - http-outgoing-39 >> "Authorization: Bearer eyJhbGciOiJSUzI1NiIsImtpZCI6ImNhZGZhMTYyLTU2YzEtNGRiOS1hNjNmLTYwZTM3NzIwMWJkZiIsInBpLmF0bSI6IjMifQ.eyJzY29wZSI6WyI0NzIwIl0sImF1dGhvcml6YXRpb25fZGV0YWlscyI6W10sImNsaWVudF9pZCI6IjUyZTgwYmZhLWI0MmMtNDdkNy05OGI1LThiYjg3YzkyNjIwOSIsImlzcyI6Imh0dHBzOi8vdGVhbXNzby1pdHMwNC50ZWx1cy5jb20iLCJhdWQiOiJrb25nIiwiaWF0IjoxNzIzMjIzMDg5LCJleHAiOjE3MjMyMjMzODl9.flESEmYyI_eCkBmzn54OkGfP2lAIxnyqs2XbjtABUAmEnkCOQe8uoiUdROg_nBCNsbluJLTMIyv2VQYcEFeVpzwJIN4AH00KC-3px8L7DRMcbbbRqgIOGamUVRjytKBt3cFR1XVCW32bLo_XlS6M0CPdsCtowSRRwenf6htGC3loiXiWZ8pxuYaJNnmQfuSN9rWpZNHc8y-eYDl0xm6EoEXQSfatP3EAxDBw6tgqlb5patcu_afyMqKiHha9IdISwDeMrqyfvgoAR4Sqhdy3Uxp_k_xzmM-XWElgzY0YfiUnRnIl01fsIz1UO7xaed3xVyVlwsYrq6nB9I57SYDk-A[\r][\n]"
13:04:59.142 [main] DEBUG karate.org.apache.http.wire - http-outgoing-39 >> "Content-Length: 112[\r][\n]"
13:04:59.142 [main] DEBUG karate.org.apache.http.wire - http-outgoing-39 >> "Host: apigw-st.telus.com[\r][\n]"
13:04:59.142 [main] DEBUG karate.org.apache.http.wire - http-outgoing-39 >> "Connection: Keep-Alive[\r][\n]"
13:04:59.142 [main] DEBUG karate.org.apache.http.wire - http-outgoing-39 >> "User-Agent: Apache-HttpClient/4.5.13 (Java/20.0.2)[\r][\n]"
13:04:59.142 [main] DEBUG karate.org.apache.http.wire - http-outgoing-39 >> "Accept-Encoding: gzip,deflate[\r][\n]"
13:04:59.142 [main] DEBUG karate.org.apache.http.wire - http-outgoing-39 >> "[\r][\n]"
13:04:59.142 [main] DEBUG karate.org.apache.http.wire - http-outgoing-39 >> "{"name":"Deepak Rawat1","sport":{"hockey":"good Gar[0xc3][0xa7]on [0xc3][0x80] la carte Ma[0xc3][0xae]tre d\u2019h[0xc3][0xb4]tel","football":"better"}}"
13:04:59.274 [main] DEBUG karate.org.apache.http.wire - http-outgoing-39 << "HTTP/1.1 403 Forbidden[\r][\n]"
13:04:59.275 [main] DEBUG karate.org.apache.http.wire - http-outgoing-39 << "Content-Type: application/json;charset=ISO-8859-1[\r][\n]"
13:04:59.275 [main] DEBUG karate.org.apache.http.wire - http-outgoing-39 << "Content-Length: 265[\r][\n]"
13:04:59.275 [main] DEBUG karate.org.apache.http.wire - http-outgoing-39 << "Connection: keep-alive[\r][\n]"
13:04:59.275 [main] DEBUG karate.org.apache.http.wire - http-outgoing-39 << "date: Fri, 09 Aug 2024 17:04:59 GMT[\r][\n]"
13:04:59.275 [main] DEBUG karate.org.apache.http.wire - http-outgoing-39 << "kong-request-id: b4511ed7-1411-4db6-9ebf-710fb2a491a1#178654[\r][\n]"
13:04:59.275 [main] DEBUG karate.org.apache.http.wire - http-outgoing-39 << "vary: Origin[\r][\n]"
13:04:59.275 [main] DEBUG karate.org.apache.http.wire - http-outgoing-39 << "x-kong-upstream-latency: 89[\r][\n]"
13:04:59.275 [main] DEBUG karate.org.apache.http.wire - http-outgoing-39 << "x-kong-proxy-latency: 2[\r][\n]"
13:04:59.275 [main] DEBUG karate.org.apache.http.wire - http-outgoing-39 << "via: kong/3.4.3.11-enterprise-edition[\r][\n]"
13:04:59.275 [main] DEBUG karate.org.apache.http.wire - http-outgoing-39 << "x-kong-request-id: bbd28f17b40e6d5b5cbdaf67645d615f[\r][\n]"
13:04:59.275 [main] DEBUG karate.org.apache.http.wire - http-outgoing-39 << "vary: Origin[\r][\n]"
13:04:59.275 [main] DEBUG karate.org.apache.http.wire - http-outgoing-39 << "vary: Origin[\r][\n]"
13:04:59.275 [main] DEBUG karate.org.apache.http.wire - http-outgoing-39 << "[\r][\n]"
13:04:59.275 [main] DEBUG karate.org.apache.http.wire - http-outgoing-39 << "{"code":"403","reason":"you are not allowed for the request","message":"you are not allowed for the request: /customer/TempStorage/v1/storage/2/create","status":"FORBIDDEN","referenceError":"java.lang.Exception: you are not allowed for the request","createTs":null}"
13:04:59.275 [main] DEBUG karate.org.apache.http.headers - http-outgoing-39 << HTTP/1.1 403 Forbidden
13:04:59.275 [main] DEBUG karate.org.apache.http.headers - http-outgoing-39 << Content-Type: application/json;charset=ISO-8859-1
13:04:59.275 [main] DEBUG karate.org.apache.http.headers - http-outgoing-39 << Content-Length: 265
13:04:59.275 [main] DEBUG karate.org.apache.http.headers - http-outgoing-39 << Connection: keep-alive
13:04:59.275 [main] DEBUG karate.org.apache.http.headers - http-outgoing-39 << date: Fri, 09 Aug 2024 17:04:59 GMT
13:04:59.275 [main] DEBUG karate.org.apache.http.headers - http-outgoing-39 << kong-request-id: b4511ed7-1411-4db6-9ebf-710fb2a491a1#178654
13:04:59.275 [main] DEBUG karate.org.apache.http.headers - http-outgoing-39 << vary: Origin
13:04:59.275 [main] DEBUG karate.org.apache.http.headers - http-outgoing-39 << x-kong-upstream-latency: 89
13:04:59.275 [main] DEBUG karate.org.apache.http.headers - http-outgoing-39 << x-kong-proxy-latency: 2
13:04:59.275 [main] DEBUG karate.org.apache.http.headers - http-outgoing-39 << via: kong/3.4.3.11-enterprise-edition
13:04:59.275 [main] DEBUG karate.org.apache.http.headers - http-outgoing-39 << x-kong-request-id: bbd28f17b40e6d5b5cbdaf67645d615f
13:04:59.275 [main] DEBUG karate.org.apache.http.headers - http-outgoing-39 << vary: Origin
13:04:59.275 [main] DEBUG karate.org.apache.http.headers - http-outgoing-39 << vary: Origin
13:04:59.275 [main] DEBUG karate.org.apache.http.impl.execchain.MainClientExec - Connection can be kept alive indefinitely
13:04:59.275 [main] DEBUG karate.org.apache.http.impl.conn.PoolingHttpClientConnectionManager - Connection [id: 39][route: {s}->https://apigw-st.telus.com:443] can be kept alive indefinitely
13:04:59.275 [main] DEBUG karate.org.apache.http.impl.conn.DefaultManagedHttpClientConnection - http-outgoing-39: set socket timeout to 0
13:04:59.275 [main] DEBUG karate.org.apache.http.impl.conn.PoolingHttpClientConnectionManager - Connection released: [id: 39][route: {s}->https://apigw-st.telus.com:443][total available: 1; route allocated: 1 of 5; total allocated: 1 of 10]
13:04:59.275 [main] DEBUG com.intuit.karate - response time in milliseconds: 231
1 < 403
1 < Content-Type: application/json;charset=ISO-8859-1
1 < Content-Length: 265
1 < Connection: keep-alive
1 < date: Fri, 09 Aug 2024 17:04:59 GMT
1 < kong-request-id: b4511ed7-1411-4db6-9ebf-710fb2a491a1#178654
1 < vary: Origin
1 < vary: Origin
1 < vary: Origin
1 < x-kong-upstream-latency: 89
1 < x-kong-proxy-latency: 2
1 < via: kong/3.4.3.11-enterprise-edition
1 < x-kong-request-id: bbd28f17b40e6d5b5cbdaf67645d615f
{"code":"403","reason":"you are not allowed for the request","message":"you are not allowed for the request: /customer/TempStorage/v1/storage/2/create","status":"FORBIDDEN","referenceError":"java.lang.Exception: you are not allowed for the request","createTs":null}
13:04:59.276 [main] ERROR com.intuit.karate - classpath:feature/TempStorage_a_POST.feature:43
Then status 201
status code was: 403, expected: 201, response time in milliseconds: 231, url: https://apigw-st.telus.com/customer/contactCenterTempStorage/v1/storage/2/create?ttl=10000&group=a, response: 
{"code":"403","reason":"you are not allowed for the request","message":"you are not allowed for the request: /customer/TempStorage/v1/storage/2/create","status":"FORBIDDEN","referenceError":"java.lang.Exception: you are not allowed for the request","createTs":null}
classpath:feature/TempStorage_a_POST.feature:43
13:04:59.280 [main] INFO com.intuit.karate - karate.env system property was: it01 
13:04:59.280 [main] INFO com.intuit.karate - clientId:52e80bfa-b42c-47d7-98b5-8bb87c926209 
13:04:59.280 [main] INFO com.intuit.karate - Current URL is : https://apigw-st.telus.com 
13:04:59.280 [main] INFO com.intuit.karate - Current Env is : it01 
13:04:59.284 [main] DEBUG com.jayway.jsonpath.internal.path.CompiledPath - Evaluating path: $
13:04:59.285 [main] INFO com.intuit.karate - [print] [
  {
    "storage_id": "1",
    "group": "a"
  },
  {
    "storage_id": "2",
    "group": "b"
  }
]
 
13:04:59.286 [main] DEBUG com.jayway.jsonpath.internal.path.CompiledPath - Evaluating path: $..['storage_id']
13:04:59.286 [main] INFO com.intuit.karate - [print] 1 
13:04:59.286 [main] DEBUG com.jayway.jsonpath.internal.path.CompiledPath - Evaluating path: $..['storage_id']
13:04:59.287 [main] INFO com.intuit.karate - [print] 1 
13:04:59.287 [main] DEBUG com.jayway.jsonpath.internal.path.CompiledPath - Evaluating path: $..['group']
13:04:59.288 [main] DEBUG com.jayway.jsonpath.internal.path.CompiledPath - Evaluating path: $..['group']
13:04:59.288 [main] INFO com.intuit.karate - [print] a 
13:04:59.289 [main] INFO com.intuit.karate - [print] eyJhbGciOiJSUzI1NiIsImtpZCI6ImNhZGZhMTYyLTU2YzEtNGRiOS1hNjNmLTYwZTM3NzIwMWJkZiIsInBpLmF0bSI6IjMifQ.eyJzY29wZSI6WyI0NzIwIl0sImF1dGhvcml6YXRpb25fZGV0YWlscyI6W10sImNsaWVudF9pZCI6IjUyZTgwYmZhLWI0MmMtNDdkNy05OGI1LThiYjg3YzkyNjIwOSIsImlzcyI6Imh0dHBzOi8vdGVhbXNzby1pdHMwNC50ZWx1cy5jb20iLCJhdWQiOiJrb25nIiwiaWF0IjoxNzIzMjIzMDg5LCJleHAiOjE3MjMyMjMzODl9.flESEmYyI_eCkBmzn54OkGfP2lAIxnyqs2XbjtABUAmEnkCOQe8uoiUdROg_nBCNsbluJLTMIyv2VQYcEFeVpzwJIN4AH00KC-3px8L7DRMcbbbRqgIOGamUVRjytKBt3cFR1XVCW32bLo_XlS6M0CPdsCtowSRRwenf6htGC3loiXiWZ8pxuYaJNnmQfuSN9rWpZNHc8y-eYDl0xm6EoEXQSfatP3EAxDBw6tgqlb5patcu_afyMqKiHha9IdISwDeMrqyfvgoAR4Sqhdy3Uxp_k_xzmM-XWElgzY0YfiUnRnIl01fsIz1UO7xaed3xVyVlwsYrq6nB9I57SYDk-A 
13:04:59.289 [main] INFO com.intuit.karate - [print] 2 
13:04:59.293 [main] DEBUG karate.org.apache.http.client.protocol.RequestAddCookies - CookieSpec selected: karate
13:04:59.294 [main] DEBUG karate.org.apache.http.client.protocol.RequestAuthCache - Auth cache not set in the context
13:04:59.294 [main] DEBUG com.intuit.karate - request:
1 > POST https://apigw-st.telus.com/customer/contactCenterTempStorage/v1/storage/2/create?ttl=10000&group=b
1 > env: it01
1 > Content-Type: application/json; charset=UTF-8
1 > Authorization: Bearer eyJhbGciOiJSUzI1NiIsImtpZCI6ImNhZGZhMTYyLTU2YzEtNGRiOS1hNjNmLTYwZTM3NzIwMWJkZiIsInBpLmF0bSI6IjMifQ.eyJzY29wZSI6WyI0NzIwIl0sImF1dGhvcml6YXRpb25fZGV0YWlscyI6W10sImNsaWVudF9pZCI6IjUyZTgwYmZhLWI0MmMtNDdkNy05OGI1LThiYjg3YzkyNjIwOSIsImlzcyI6Imh0dHBzOi8vdGVhbXNzby1pdHMwNC50ZWx1cy5jb20iLCJhdWQiOiJrb25nIiwiaWF0IjoxNzIzMjIzMDg5LCJleHAiOjE3MjMyMjMzODl9.flESEmYyI_eCkBmzn54OkGfP2lAIxnyqs2XbjtABUAmEnkCOQe8uoiUdROg_nBCNsbluJLTMIyv2VQYcEFeVpzwJIN4AH00KC-3px8L7DRMcbbbRqgIOGamUVRjytKBt3cFR1XVCW32bLo_XlS6M0CPdsCtowSRRwenf6htGC3loiXiWZ8pxuYaJNnmQfuSN9rWpZNHc8y-eYDl0xm6EoEXQSfatP3EAxDBw6tgqlb5patcu_afyMqKiHha9IdISwDeMrqyfvgoAR4Sqhdy3Uxp_k_xzmM-XWElgzY0YfiUnRnIl01fsIz1UO7xaed3xVyVlwsYrq6nB9I57SYDk-A
1 > Content-Length: 112
1 > Host: apigw-st.telus.com
1 > Connection: Keep-Alive
1 > User-Agent: Apache-HttpClient/4.5.13 (Java/20.0.2)
1 > Accept-Encoding: gzip,deflate
{"name":"Deepak Rawat1","sport":{"hockey":"good Garçon À la carte Maître d\u2019hôtel","football":"better"}}

13:04:59.294 [main] DEBUG karate.org.apache.http.impl.conn.PoolingHttpClientConnectionManager - Connection request: [route: {s}->https://apigw-st.telus.com:443][total available: 0; route allocated: 0 of 5; total allocated: 0 of 10]
13:04:59.294 [main] DEBUG karate.org.apache.http.impl.conn.PoolingHttpClientConnectionManager - Connection leased: [id: 40][route: {s}->https://apigw-st.telus.com:443][total available: 0; route allocated: 1 of 5; total allocated: 1 of 10]
13:04:59.294 [main] DEBUG karate.org.apache.http.impl.execchain.MainClientExec - Opening connection {s}->https://apigw-st.telus.com:443
13:04:59.294 [main] DEBUG karate.org.apache.http.impl.conn.DefaultHttpClientConnectionOperator - Connecting to apigw-st.telus.com/207.219.84.31:443
13:04:59.295 [main] DEBUG karate.org.apache.http.conn.ssl.LenientSslConnectionSocketFactory - Connecting socket to apigw-st.telus.com/207.219.84.31:443 with timeout 10000
13:04:59.336 [main] DEBUG karate.org.apache.http.conn.ssl.LenientSslConnectionSocketFactory - Enabled protocols: [TLSv1.3, TLSv1.2]
13:04:59.336 [main] DEBUG karate.org.apache.http.conn.ssl.LenientSslConnectionSocketFactory - Enabled cipher suites:[TLS_AES_256_GCM_SHA384, TLS_AES_128_GCM_SHA256, TLS_CHACHA20_POLY1305_SHA256, TLS_ECDHE_ECDSA_WITH_AES_256_GCM_SHA384, TLS_ECDHE_ECDSA_WITH_AES_128_GCM_SHA256, TLS_ECDHE_ECDSA_WITH_CHACHA20_POLY1305_SHA256, TLS_ECDHE_RSA_WITH_AES_256_GCM_SHA384, TLS_ECDHE_RSA_WITH_CHACHA20_POLY1305_SHA256, TLS_ECDHE_RSA_WITH_AES_128_GCM_SHA256, TLS_DHE_RSA_WITH_AES_256_GCM_SHA384, TLS_DHE_RSA_WITH_CHACHA20_POLY1305_SHA256, TLS_DHE_DSS_WITH_AES_256_GCM_SHA384, TLS_DHE_RSA_WITH_AES_128_GCM_SHA256, TLS_DHE_DSS_WITH_AES_128_GCM_SHA256, TLS_ECDHE_ECDSA_WITH_AES_256_CBC_SHA384, TLS_ECDHE_RSA_WITH_AES_256_CBC_SHA384, TLS_ECDHE_ECDSA_WITH_AES_128_CBC_SHA256, TLS_ECDHE_RSA_WITH_AES_128_CBC_SHA256, TLS_DHE_RSA_WITH_AES_256_CBC_SHA256, TLS_DHE_DSS_WITH_AES_256_CBC_SHA256, TLS_DHE_RSA_WITH_AES_128_CBC_SHA256, TLS_DHE_DSS_WITH_AES_128_CBC_SHA256, TLS_ECDHE_ECDSA_WITH_AES_256_CBC_SHA, TLS_ECDHE_RSA_WITH_AES_256_CBC_SHA, TLS_ECDHE_ECDSA_WITH_AES_128_CBC_SHA, TLS_ECDHE_RSA_WITH_AES_128_CBC_SHA, TLS_DHE_RSA_WITH_AES_256_CBC_SHA, TLS_DHE_DSS_WITH_AES_256_CBC_SHA, TLS_DHE_RSA_WITH_AES_128_CBC_SHA, TLS_DHE_DSS_WITH_AES_128_CBC_SHA, TLS_RSA_WITH_AES_256_GCM_SHA384, TLS_RSA_WITH_AES_128_GCM_SHA256, TLS_RSA_WITH_AES_256_CBC_SHA256, TLS_RSA_WITH_AES_128_CBC_SHA256, TLS_RSA_WITH_AES_256_CBC_SHA, TLS_RSA_WITH_AES_128_CBC_SHA, TLS_EMPTY_RENEGOTIATION_INFO_SCSV]
13:04:59.337 [main] DEBUG karate.org.apache.http.conn.ssl.LenientSslConnectionSocketFactory - Starting handshake
13:04:59.393 [main] DEBUG karate.org.apache.http.conn.ssl.LenientSslConnectionSocketFactory - Secure session established
13:04:59.393 [main] DEBUG karate.org.apache.http.conn.ssl.LenientSslConnectionSocketFactory -  negotiated protocol: TLSv1.3
13:04:59.393 [main] DEBUG karate.org.apache.http.conn.ssl.LenientSslConnectionSocketFactory -  negotiated cipher suite: TLS_AES_128_GCM_SHA256
13:04:59.393 [main] DEBUG karate.org.apache.http.conn.ssl.LenientSslConnectionSocketFactory -  peer principal: CN=apigw-soap-st.telus.com, O=TELUS Corp., L=Vancouver, ST=British Columbia, C=CA
13:04:59.393 [main] DEBUG karate.org.apache.http.conn.ssl.LenientSslConnectionSocketFactory -  peer alternative names: [apigw-soap-st.telus.com, apigw-st.telus.com, apigw-qidc-st.telus.com, apigw-kidc-st.telus.com, apigw-soap-qidc-st.telus.com, apigw-soap-kidc-st.telus.com]
13:04:59.393 [main] DEBUG karate.org.apache.http.conn.ssl.LenientSslConnectionSocketFactory -  issuer principal: CN=DigiCert Global G2 TLS RSA SHA256 2020 CA1, O=DigiCert Inc, C=US
13:04:59.394 [main] DEBUG karate.org.apache.http.impl.conn.DefaultHttpClientConnectionOperator - Connection established 192.168.1.65:54978<->207.219.84.31:443
13:04:59.394 [main] DEBUG karate.org.apache.http.impl.conn.DefaultManagedHttpClientConnection - http-outgoing-40: set socket timeout to 20000
13:04:59.394 [main] DEBUG karate.org.apache.http.impl.execchain.MainClientExec - Executing request POST /customer/contactCenterTempStorage/v1/storage/2/create?ttl=10000&group=b HTTP/1.1
13:04:59.394 [main] DEBUG karate.org.apache.http.impl.execchain.MainClientExec - Proxy auth state: UNCHALLENGED
13:04:59.394 [main] DEBUG karate.org.apache.http.headers - http-outgoing-40 >> POST /customer/contactCenterTempStorage/v1/storage/2/create?ttl=10000&group=b HTTP/1.1
13:04:59.394 [main] DEBUG karate.org.apache.http.headers - http-outgoing-40 >> env: it01
13:04:59.394 [main] DEBUG karate.org.apache.http.headers - http-outgoing-40 >> Content-Type: application/json; charset=UTF-8
13:04:59.394 [main] DEBUG karate.org.apache.http.headers - http-outgoing-40 >> Authorization: Bearer eyJhbGciOiJSUzI1NiIsImtpZCI6ImNhZGZhMTYyLTU2YzEtNGRiOS1hNjNmLTYwZTM3NzIwMWJkZiIsInBpLmF0bSI6IjMifQ.eyJzY29wZSI6WyI0NzIwIl0sImF1dGhvcml6YXRpb25fZGV0YWlscyI6W10sImNsaWVudF9pZCI6IjUyZTgwYmZhLWI0MmMtNDdkNy05OGI1LThiYjg3YzkyNjIwOSIsImlzcyI6Imh0dHBzOi8vdGVhbXNzby1pdHMwNC50ZWx1cy5jb20iLCJhdWQiOiJrb25nIiwiaWF0IjoxNzIzMjIzMDg5LCJleHAiOjE3MjMyMjMzODl9.flESEmYyI_eCkBmzn54OkGfP2lAIxnyqs2XbjtABUAmEnkCOQe8uoiUdROg_nBCNsbluJLTMIyv2VQYcEFeVpzwJIN4AH00KC-3px8L7DRMcbbbRqgIOGamUVRjytKBt3cFR1XVCW32bLo_XlS6M0CPdsCtowSRRwenf6htGC3loiXiWZ8pxuYaJNnmQfuSN9rWpZNHc8y-eYDl0xm6EoEXQSfatP3EAxDBw6tgqlb5patcu_afyMqKiHha9IdISwDeMrqyfvgoAR4Sqhdy3Uxp_k_xzmM-XWElgzY0YfiUnRnIl01fsIz1UO7xaed3xVyVlwsYrq6nB9I57SYDk-A
13:04:59.394 [main] DEBUG karate.org.apache.http.headers - http-outgoing-40 >> Content-Length: 112
13:04:59.394 [main] DEBUG karate.org.apache.http.headers - http-outgoing-40 >> Host: apigw-st.telus.com
13:04:59.394 [main] DEBUG karate.org.apache.http.headers - http-outgoing-40 >> Connection: Keep-Alive
13:04:59.394 [main] DEBUG karate.org.apache.http.headers - http-outgoing-40 >> User-Agent: Apache-HttpClient/4.5.13 (Java/20.0.2)
13:04:59.394 [main] DEBUG karate.org.apache.http.headers - http-outgoing-40 >> Accept-Encoding: gzip,deflate
13:04:59.394 [main] DEBUG karate.org.apache.http.wire - http-outgoing-40 >> "POST /customer/contactCenterTempStorage/v1/storage/2/create?ttl=10000&group=b HTTP/1.1[\r][\n]"
13:04:59.394 [main] DEBUG karate.org.apache.http.wire - http-outgoing-40 >> "env: it01[\r][\n]"
13:04:59.394 [main] DEBUG karate.org.apache.http.wire - http-outgoing-40 >> "Content-Type: application/json; charset=UTF-8[\r][\n]"
13:04:59.394 [main] DEBUG karate.org.apache.http.wire - http-outgoing-40 >> "Authorization: Bearer eyJhbGciOiJSUzI1NiIsImtpZCI6ImNhZGZhMTYyLTU2YzEtNGRiOS1hNjNmLTYwZTM3NzIwMWJkZiIsInBpLmF0bSI6IjMifQ.eyJzY29wZSI6WyI0NzIwIl0sImF1dGhvcml6YXRpb25fZGV0YWlscyI6W10sImNsaWVudF9pZCI6IjUyZTgwYmZhLWI0MmMtNDdkNy05OGI1LThiYjg3YzkyNjIwOSIsImlzcyI6Imh0dHBzOi8vdGVhbXNzby1pdHMwNC50ZWx1cy5jb20iLCJhdWQiOiJrb25nIiwiaWF0IjoxNzIzMjIzMDg5LCJleHAiOjE3MjMyMjMzODl9.flESEmYyI_eCkBmzn54OkGfP2lAIxnyqs2XbjtABUAmEnkCOQe8uoiUdROg_nBCNsbluJLTMIyv2VQYcEFeVpzwJIN4AH00KC-3px8L7DRMcbbbRqgIOGamUVRjytKBt3cFR1XVCW32bLo_XlS6M0CPdsCtowSRRwenf6htGC3loiXiWZ8pxuYaJNnmQfuSN9rWpZNHc8y-eYDl0xm6EoEXQSfatP3EAxDBw6tgqlb5patcu_afyMqKiHha9IdISwDeMrqyfvgoAR4Sqhdy3Uxp_k_xzmM-XWElgzY0YfiUnRnIl01fsIz1UO7xaed3xVyVlwsYrq6nB9I57SYDk-A[\r][\n]"
13:04:59.394 [main] DEBUG karate.org.apache.http.wire - http-outgoing-40 >> "Content-Length: 112[\r][\n]"
13:04:59.394 [main] DEBUG karate.org.apache.http.wire - http-outgoing-40 >> "Host: apigw-st.telus.com[\r][\n]"
13:04:59.394 [main] DEBUG karate.org.apache.http.wire - http-outgoing-40 >> "Connection: Keep-Alive[\r][\n]"
13:04:59.394 [main] DEBUG karate.org.apache.http.wire - http-outgoing-40 >> "User-Agent: Apache-HttpClient/4.5.13 (Java/20.0.2)[\r][\n]"
13:04:59.394 [main] DEBUG karate.org.apache.http.wire - http-outgoing-40 >> "Accept-Encoding: gzip,deflate[\r][\n]"
13:04:59.394 [main] DEBUG karate.org.apache.http.wire - http-outgoing-40 >> "[\r][\n]"
13:04:59.394 [main] DEBUG karate.org.apache.http.wire - http-outgoing-40 >> "{"name":"Deepak Rawat1","sport":{"hockey":"good Gar[0xc3][0xa7]on [0xc3][0x80] la carte Ma[0xc3][0xae]tre d\u2019h[0xc3][0xb4]tel","football":"better"}}"
13:04:59.497 [main] DEBUG karate.org.apache.http.wire - http-outgoing-40 << "HTTP/1.1 403 Forbidden[\r][\n]"
13:04:59.497 [main] DEBUG karate.org.apache.http.wire - http-outgoing-40 << "Content-Type: application/json;charset=ISO-8859-1[\r][\n]"
13:04:59.497 [main] DEBUG karate.org.apache.http.wire - http-outgoing-40 << "Content-Length: 265[\r][\n]"
13:04:59.497 [main] DEBUG karate.org.apache.http.wire - http-outgoing-40 << "Connection: keep-alive[\r][\n]"
13:04:59.497 [main] DEBUG karate.org.apache.http.wire - http-outgoing-40 << "date: Fri, 09 Aug 2024 17:04:59 GMT[\r][\n]"
13:04:59.497 [main] DEBUG karate.org.apache.http.wire - http-outgoing-40 << "kong-request-id: 11937d3a-46d7-4488-8f74-486b53fae943#414256[\r][\n]"
13:04:59.497 [main] DEBUG karate.org.apache.http.wire - http-outgoing-40 << "vary: Origin[\r][\n]"
13:04:59.497 [main] DEBUG karate.org.apache.http.wire - http-outgoing-40 << "x-kong-upstream-latency: 59[\r][\n]"
13:04:59.497 [main] DEBUG karate.org.apache.http.wire - http-outgoing-40 << "x-kong-proxy-latency: 2[\r][\n]"
13:04:59.497 [main] DEBUG karate.org.apache.http.wire - http-outgoing-40 << "via: kong/3.4.3.11-enterprise-edition[\r][\n]"
13:04:59.497 [main] DEBUG karate.org.apache.http.wire - http-outgoing-40 << "x-kong-request-id: 5b8e9e4f78c3f73132345b28e2b31145[\r][\n]"
13:04:59.497 [main] DEBUG karate.org.apache.http.wire - http-outgoing-40 << "vary: Origin[\r][\n]"
13:04:59.497 [main] DEBUG karate.org.apache.http.wire - http-outgoing-40 << "vary: Origin[\r][\n]"
13:04:59.497 [main] DEBUG karate.org.apache.http.wire - http-outgoing-40 << "[\r][\n]"
13:04:59.497 [main] DEBUG karate.org.apache.http.wire - http-outgoing-40 << "{"code":"403","reason":"you are not allowed for the request","message":"you are not allowed for the request: /customer/TempStorage/v1/storage/2/create","status":"FORBIDDEN","referenceError":"java.lang.Exception: you are not allowed for the request","createTs":null}"
13:04:59.497 [main] DEBUG karate.org.apache.http.headers - http-outgoing-40 << HTTP/1.1 403 Forbidden
13:04:59.497 [main] DEBUG karate.org.apache.http.headers - http-outgoing-40 << Content-Type: application/json;charset=ISO-8859-1
13:04:59.497 [main] DEBUG karate.org.apache.http.headers - http-outgoing-40 << Content-Length: 265
13:04:59.497 [main] DEBUG karate.org.apache.http.headers - http-outgoing-40 << Connection: keep-alive
13:04:59.497 [main] DEBUG karate.org.apache.http.headers - http-outgoing-40 << date: Fri, 09 Aug 2024 17:04:59 GMT
13:04:59.497 [main] DEBUG karate.org.apache.http.headers - http-outgoing-40 << kong-request-id: 11937d3a-46d7-4488-8f74-486b53fae943#414256
13:04:59.497 [main] DEBUG karate.org.apache.http.headers - http-outgoing-40 << vary: Origin
13:04:59.497 [main] DEBUG karate.org.apache.http.headers - http-outgoing-40 << x-kong-upstream-latency: 59
13:04:59.497 [main] DEBUG karate.org.apache.http.headers - http-outgoing-40 << x-kong-proxy-latency: 2
13:04:59.497 [main] DEBUG karate.org.apache.http.headers - http-outgoing-40 << via: kong/3.4.3.11-enterprise-edition
13:04:59.497 [main] DEBUG karate.org.apache.http.headers - http-outgoing-40 << x-kong-request-id: 5b8e9e4f78c3f73132345b28e2b31145
13:04:59.497 [main] DEBUG karate.org.apache.http.headers - http-outgoing-40 << vary: Origin
13:04:59.497 [main] DEBUG karate.org.apache.http.headers - http-outgoing-40 << vary: Origin
13:04:59.497 [main] DEBUG karate.org.apache.http.impl.execchain.MainClientExec - Connection can be kept alive indefinitely
13:04:59.498 [main] DEBUG karate.org.apache.http.impl.conn.PoolingHttpClientConnectionManager - Connection [id: 40][route: {s}->https://apigw-st.telus.com:443] can be kept alive indefinitely
13:04:59.498 [main] DEBUG karate.org.apache.http.impl.conn.DefaultManagedHttpClientConnection - http-outgoing-40: set socket timeout to 0
13:04:59.498 [main] DEBUG karate.org.apache.http.impl.conn.PoolingHttpClientConnectionManager - Connection released: [id: 40][route: {s}->https://apigw-st.telus.com:443][total available: 1; route allocated: 1 of 5; total allocated: 1 of 10]
13:04:59.498 [main] DEBUG com.intuit.karate - response time in milliseconds: 204
1 < 403
1 < Content-Type: application/json;charset=ISO-8859-1
1 < Content-Length: 265
1 < Connection: keep-alive
1 < date: Fri, 09 Aug 2024 17:04:59 GMT
1 < kong-request-id: 11937d3a-46d7-4488-8f74-486b53fae943#414256
1 < vary: Origin
1 < vary: Origin
1 < vary: Origin
1 < x-kong-upstream-latency: 59
1 < x-kong-proxy-latency: 2
1 < via: kong/3.4.3.11-enterprise-edition
1 < x-kong-request-id: 5b8e9e4f78c3f73132345b28e2b31145
{"code":"403","reason":"you are not allowed for the request","message":"you are not allowed for the request: /customer/TempStorage/v1/storage/2/create","status":"FORBIDDEN","referenceError":"java.lang.Exception: you are not allowed for the request","createTs":null}
13:04:59.499 [main] ERROR com.intuit.karate - classpath:feature/TempStorage_a_POST.feature:53
Then status 201
status code was: 403, expected: 201, response time in milliseconds: 204, url: https://apigw-st.telus.com/customer/contactCenterTempStorage/v1/storage/2/create?ttl=10000&group=b, response: 
{"code":"403","reason":"you are not allowed for the request","message":"you are not allowed for the request: /customer/TempStorage/v1/storage/2/create","status":"FORBIDDEN","referenceError":"java.lang.Exception: you are not allowed for the request","createTs":null}
classpath:feature/TempStorage_a_POST.feature:53
13:04:59.510 [main] DEBUG karate.org.thymeleaf.TemplateEngine - [THYMELEAF] INITIALIZING TEMPLATE ENGINE
13:04:59.524 [main] DEBUG karate.org.thymeleaf.TemplateEngine.CONFIG - Initializing Thymeleaf Template engine configuration...
[THYMELEAF] TEMPLATE ENGINE CONFIGURATION:
[THYMELEAF] * Thymeleaf version: 3.0.12.RELEASE (built 2020-12-21T00:26:28+0000)
[THYMELEAF] * Cache Manager implementation: karate.org.thymeleaf.cache.StandardCacheManager
[THYMELEAF] * Template resolvers:
[THYMELEAF]     * [1] com.intuit.karate.template.ResourceHtmlTemplateResolver
[THYMELEAF] * Message resolvers:
[THYMELEAF]     * karate.org.thymeleaf.messageresolver.StandardMessageResolver
[THYMELEAF] * Link builders:
[THYMELEAF]     * karate.org.thymeleaf.linkbuilder.StandardLinkBuilder
[THYMELEAF] * Dialect [1 of 2]: Standard (com.intuit.karate.template.KarateStandardDialect)
[THYMELEAF]     * Prefix: "th"
[THYMELEAF]     * Processors for Template Mode: HTML
[THYMELEAF]         * Element Tag Processors by [matching element and attribute name] [precedence]:
[THYMELEAF]             * [* {th:include,data-th-include}] [100]: karate.org.thymeleaf.standard.processor.StandardIncludeTagProcessor
[THYMELEAF]             * [* {th:insert,data-th-insert}] [100]: karate.org.thymeleaf.standard.processor.StandardInsertTagProcessor
[THYMELEAF]             * [* {th:replace,data-th-replace}] [100]: karate.org.thymeleaf.standard.processor.StandardReplaceTagProcessor
[THYMELEAF]             * [* {th:substituteby,data-th-substituteby}] [100]: karate.org.thymeleaf.standard.processor.StandardSubstituteByTagProcessor
[THYMELEAF]             * [* {th:each,data-th-each}] [200]: com.intuit.karate.template.KarateEachTagProcessor
[THYMELEAF]             * [* {th:switch,data-th-switch}] [250]: karate.org.thymeleaf.standard.processor.StandardSwitchTagProcessor
[THYMELEAF]             * [* {th:case,data-th-case}] [275]: karate.org.thymeleaf.standard.processor.StandardCaseTagProcessor
[THYMELEAF]             * [* {th:if,data-th-if}] [300]: karate.org.thymeleaf.standard.processor.StandardIfTagProcessor
[THYMELEAF]             * [* {th:unless,data-th-unless}] [400]: karate.org.thymeleaf.standard.processor.StandardUnlessTagProcessor
[THYMELEAF]             * [* {th:object,data-th-object}] [500]: karate.org.thymeleaf.standard.processor.StandardObjectTagProcessor
[THYMELEAF]             * [* {th:with,data-th-with}] [600]: com.intuit.karate.template.KarateWithTagProcessor
[THYMELEAF]             * [* {th:attr,data-th-attr}] [700]: com.intuit.karate.template.KarateAttributeTagProcessor.KarateAttrTagProcessor
[THYMELEAF]             * [* {th:attrappend,data-th-attrappend}] [900]: com.intuit.karate.template.KarateAttributeTagProcessor.KarateAttrappendTagProcessor
[THYMELEAF]             * [* {th:attrprepend,data-th-attrprepend}] [900]: com.intuit.karate.template.KarateAttributeTagProcessor.KarateAttrprependTagProcessor
[THYMELEAF]             * [* {th:alt-title,data-th-alt-title}] [990]: karate.org.thymeleaf.standard.processor.StandardAltTitleTagProcessor
[THYMELEAF]             * [* {th:lang-xmllang,data-th-lang-xmllang}] [990]: karate.org.thymeleaf.standard.processor.StandardLangXmlLangTagProcessor
[THYMELEAF]             * [* {th:action,data-th-action}] [1000]: karate.org.thymeleaf.standard.processor.StandardActionTagProcessor
[THYMELEAF]             * [* {th:ismap,data-th-ismap}] [1000]: karate.org.thymeleaf.standard.processor.StandardConditionalFixedValueTagProcessor
[THYMELEAF]             * [* {th:pubdate,data-th-pubdate}] [1000]: karate.org.thymeleaf.standard.processor.StandardConditionalFixedValueTagProcessor
[THYMELEAF]             * [* {th:multiple,data-th-multiple}] [1000]: karate.org.thymeleaf.standard.processor.StandardConditionalFixedValueTagProcessor
[THYMELEAF]             * [* {th:autoplay,data-th-autoplay}] [1000]: karate.org.thymeleaf.standard.processor.StandardConditionalFixedValueTagProcessor
[THYMELEAF]             * [* {th:nowrap,data-th-nowrap}] [1000]: karate.org.thymeleaf.standard.processor.StandardConditionalFixedValueTagProcessor
[THYMELEAF]             * [* {th:async,data-th-async}] [1000]: karate.org.thymeleaf.standard.processor.StandardConditionalFixedValueTagProcessor
[THYMELEAF]             * [* {th:formnovalidate,data-th-formnovalidate}] [1000]: karate.org.thymeleaf.standard.processor.StandardConditionalFixedValueTagProcessor
[THYMELEAF]             * [* {th:default,data-th-default}] [1000]: karate.org.thymeleaf.standard.processor.StandardConditionalFixedValueTagProcessor
[THYMELEAF]             * [* {th:novalidate,data-th-novalidate}] [1000]: karate.org.thymeleaf.standard.processor.StandardConditionalFixedValueTagProcessor
[THYMELEAF]             * [* {th:seamless,data-th-seamless}] [1000]: karate.org.thymeleaf.standard.processor.StandardConditionalFixedValueTagProcessor
[THYMELEAF]             * [* {th:required,data-th-required}] [1000]: karate.org.thymeleaf.standard.processor.StandardConditionalFixedValueTagProcessor
[THYMELEAF]             * [* {th:readonly,data-th-readonly}] [1000]: karate.org.thymeleaf.standard.processor.StandardConditionalFixedValueTagProcessor
[THYMELEAF]             * [* {th:defer,data-th-defer}] [1000]: karate.org.thymeleaf.standard.processor.StandardConditionalFixedValueTagProcessor
[THYMELEAF]             * [* {th:controls,data-th-controls}] [1000]: karate.org.thymeleaf.standard.processor.StandardConditionalFixedValueTagProcessor
[THYMELEAF]             * [* {th:open,data-th-open}] [1000]: karate.org.thymeleaf.standard.processor.StandardConditionalFixedValueTagProcessor
[THYMELEAF]             * [* {th:selected,data-th-selected}] [1000]: karate.org.thymeleaf.standard.processor.StandardConditionalFixedValueTagProcessor
[THYMELEAF]             * [* {th:checked,data-th-checked}] [1000]: karate.org.thymeleaf.standard.processor.StandardConditionalFixedValueTagProcessor
[THYMELEAF]             * [* {th:autofocus,data-th-autofocus}] [1000]: karate.org.thymeleaf.standard.processor.StandardConditionalFixedValueTagProcessor
[THYMELEAF]             * [* {th:hidden,data-th-hidden}] [1000]: karate.org.thymeleaf.standard.processor.StandardConditionalFixedValueTagProcessor
[THYMELEAF]             * [* {th:disabled,data-th-disabled}] [1000]: karate.org.thymeleaf.standard.processor.StandardConditionalFixedValueTagProcessor
[THYMELEAF]             * [* {th:loop,data-th-loop}] [1000]: karate.org.thymeleaf.standard.processor.StandardConditionalFixedValueTagProcessor
[THYMELEAF]             * [* {th:scoped,data-th-scoped}] [1000]: karate.org.thymeleaf.standard.processor.StandardConditionalFixedValueTagProcessor
[THYMELEAF]             * [* {th:declare,data-th-declare}] [1000]: karate.org.thymeleaf.standard.processor.StandardConditionalFixedValueTagProcessor
[THYMELEAF]             * [* {th:reversed,data-th-reversed}] [1000]: karate.org.thymeleaf.standard.processor.StandardConditionalFixedValueTagProcessor
[THYMELEAF]             * [* {th:onabort,data-th-onabort}] [1000]: karate.org.thymeleaf.standard.processor.StandardDOMEventAttributeTagProcessor
[THYMELEAF]             * [* {th:onratechange,data-th-onratechange}] [1000]: karate.org.thymeleaf.standard.processor.StandardDOMEventAttributeTagProcessor
[THYMELEAF]             * [* {th:onforminput,data-th-onforminput}] [1000]: karate.org.thymeleaf.standard.processor.StandardDOMEventAttributeTagProcessor
[THYMELEAF]             * [* {th:onerror,data-th-onerror}] [1000]: karate.org.thymeleaf.standard.processor.StandardDOMEventAttributeTagProcessor
[THYMELEAF]             * [* {th:onmouseover,data-th-onmouseover}] [1000]: karate.org.thymeleaf.standard.processor.StandardDOMEventAttributeTagProcessor
[THYMELEAF]             * [* {th:ononline,data-th-ononline}] [1000]: karate.org.thymeleaf.standard.processor.StandardDOMEventAttributeTagProcessor
[THYMELEAF]             * [* {th:onclick,data-th-onclick}] [1000]: karate.org.thymeleaf.standard.processor.StandardDOMEventAttributeTagProcessor
[THYMELEAF]             * [* {th:ondragleave,data-th-ondragleave}] [1000]: karate.org.thymeleaf.standard.processor.StandardDOMEventAttributeTagProcessor
[THYMELEAF]             * [* {th:ondragend,data-th-ondragend}] [1000]: karate.org.thymeleaf.standard.processor.StandardDOMEventAttributeTagProcessor
[THYMELEAF]             * [* {th:onseeking,data-th-onseeking}] [1000]: karate.org.thymeleaf.standard.processor.StandardDOMEventAttributeTagProcessor
[THYMELEAF]             * [* {th:oninvalid,data-th-oninvalid}] [1000]: karate.org.thymeleaf.standard.processor.StandardDOMEventAttributeTagProcessor
[THYMELEAF]             * [* {th:onredo,data-th-onredo}] [1000]: karate.org.thymeleaf.standard.processor.StandardDOMEventAttributeTagProcessor
[THYMELEAF]             * [* {th:ondblclick,data-th-ondblclick}] [1000]: karate.org.thymeleaf.standard.processor.StandardDOMEventAttributeTagProcessor
[THYMELEAF]             * [* {th:oncanplay,data-th-oncanplay}] [1000]: karate.org.thymeleaf.standard.processor.StandardDOMEventAttributeTagProcessor
[THYMELEAF]             * [* {th:onemptied,data-th-onemptied}] [1000]: karate.org.thymeleaf.standard.processor.StandardDOMEventAttributeTagProcessor
[THYMELEAF]             * [* {th:onmousemove,data-th-onmousemove}] [1000]: karate.org.thymeleaf.standard.processor.StandardDOMEventAttributeTagProcessor
[THYMELEAF]             * [* {th:onsubmit,data-th-onsubmit}] [1000]: karate.org.thymeleaf.standard.processor.StandardDOMEventAttributeTagProcessor
[THYMELEAF]             * [* {th:onfocus,data-th-onfocus}] [1000]: karate.org.thymeleaf.standard.processor.StandardDOMEventAttributeTagProcessor
[THYMELEAF]             * [* {th:onselect,data-th-onselect}] [1000]: karate.org.thymeleaf.standard.processor.StandardDOMEventAttributeTagProcessor
[THYMELEAF]             * [* {th:ondragenter,data-th-ondragenter}] [1000]: karate.org.thymeleaf.standard.processor.StandardDOMEventAttributeTagProcessor
[THYMELEAF]             * [* {th:onoffline,data-th-onoffline}] [1000]: karate.org.thymeleaf.standard.processor.StandardDOMEventAttributeTagProcessor
[THYMELEAF]             * [* {th:onbeforeunload,data-th-onbeforeunload}] [1000]: karate.org.thymeleaf.standard.processor.StandardDOMEventAttributeTagProcessor
[THYMELEAF]             * [* {th:onresize,data-th-onresize}] [1000]: karate.org.thymeleaf.standard.processor.StandardDOMEventAttributeTagProcessor
[THYMELEAF]             * [* {th:onseeked,data-th-onseeked}] [1000]: karate.org.thymeleaf.standard.processor.StandardDOMEventAttributeTagProcessor
[THYMELEAF]             * [* {th:onkeyup,data-th-onkeyup}] [1000]: karate.org.thymeleaf.standard.processor.StandardDOMEventAttributeTagProcessor
[THYMELEAF]             * [* {th:onload,data-th-onload}] [1000]: karate.org.thymeleaf.standard.processor.StandardDOMEventAttributeTagProcessor
[THYMELEAF]             * [* {th:ondrag,data-th-ondrag}] [1000]: karate.org.thymeleaf.standard.processor.StandardDOMEventAttributeTagProcessor
[THYMELEAF]             * [* {th:onpopstate,data-th-onpopstate}] [1000]: karate.org.thymeleaf.standard.processor.StandardDOMEventAttributeTagProcessor
[THYMELEAF]             * [* {th:onmouseout,data-th-onmouseout}] [1000]: karate.org.thymeleaf.standard.processor.StandardDOMEventAttributeTagProcessor
[THYMELEAF]             * [* {th:onafterprint,data-th-onafterprint}] [1000]: karate.org.thymeleaf.standard.processor.StandardDOMEventAttributeTagProcessor
[THYMELEAF]             * [* {th:onscroll,data-th-onscroll}] [1000]: karate.org.thymeleaf.standard.processor.StandardDOMEventAttributeTagProcessor
[THYMELEAF]             * [* {th:onundo,data-th-onundo}] [1000]: karate.org.thymeleaf.standard.processor.StandardDOMEventAttributeTagProcessor
[THYMELEAF]             * [* {th:onloadeddata,data-th-onloadeddata}] [1000]: karate.org.thymeleaf.standard.processor.StandardDOMEventAttributeTagProcessor
[THYMELEAF]             * [* {th:onloadedmetadata,data-th-onloadedmetadata}] [1000]: karate.org.thymeleaf.standard.processor.StandardDOMEventAttributeTagProcessor
[THYMELEAF]             * [* {th:onplaying,data-th-onplaying}] [1000]: karate.org.thymeleaf.standard.processor.StandardDOMEventAttributeTagProcessor
[THYMELEAF]             * [* {th:onunload,data-th-onunload}] [1000]: karate.org.thymeleaf.standard.processor.StandardDOMEventAttributeTagProcessor
[THYMELEAF]             * [* {th:onloadstart,data-th-onloadstart}] [1000]: karate.org.thymeleaf.standard.processor.StandardDOMEventAttributeTagProcessor
[THYMELEAF]             * [* {th:onmousewheel,data-th-onmousewheel}] [1000]: karate.org.thymeleaf.standard.processor.StandardDOMEventAttributeTagProcessor
[THYMELEAF]             * [* {th:oncontextmenu,data-th-oncontextmenu}] [1000]: karate.org.thymeleaf.standard.processor.StandardDOMEventAttributeTagProcessor
[THYMELEAF]             * [* {th:onprogress,data-th-onprogress}] [1000]: karate.org.thymeleaf.standard.processor.StandardDOMEventAttributeTagProcessor
[THYMELEAF]             * [* {th:onformchange,data-th-onformchange}] [1000]: karate.org.thymeleaf.standard.processor.StandardDOMEventAttributeTagProcessor
[THYMELEAF]             * [* {th:onmousedown,data-th-onmousedown}] [1000]: karate.org.thymeleaf.standard.processor.StandardDOMEventAttributeTagProcessor
[THYMELEAF]             * [* {th:onkeydown,data-th-onkeydown}] [1000]: karate.org.thymeleaf.standard.processor.StandardDOMEventAttributeTagProcessor
[THYMELEAF]             * [* {th:onreadystatechange,data-th-onreadystatechange}] [1000]: karate.org.thymeleaf.standard.processor.StandardDOMEventAttributeTagProcessor
[THYMELEAF]             * [* {th:onbeforeprint,data-th-onbeforeprint}] [1000]: karate.org.thymeleaf.standard.processor.StandardDOMEventAttributeTagProcessor
[THYMELEAF]             * [* {th:oninput,data-th-oninput}] [1000]: karate.org.thymeleaf.standard.processor.StandardDOMEventAttributeTagProcessor
[THYMELEAF]             * [* {th:ondragover,data-th-ondragover}] [1000]: karate.org.thymeleaf.standard.processor.StandardDOMEventAttributeTagProcessor
[THYMELEAF]             * [* {th:ontimeupdate,data-th-ontimeupdate}] [1000]: karate.org.thymeleaf.standard.processor.StandardDOMEventAttributeTagProcessor
[THYMELEAF]             * [* {th:onsuspend,data-th-onsuspend}] [1000]: karate.org.thymeleaf.standard.processor.StandardDOMEventAttributeTagProcessor
[THYMELEAF]             * [* {th:ondragstart,data-th-ondragstart}] [1000]: karate.org.thymeleaf.standard.processor.StandardDOMEventAttributeTagProcessor
[THYMELEAF]             * [* {th:onplay,data-th-onplay}] [1000]: karate.org.thymeleaf.standard.processor.StandardDOMEventAttributeTagProcessor
[THYMELEAF]             * [* {th:ondrop,data-th-ondrop}] [1000]: karate.org.thymeleaf.standard.processor.StandardDOMEventAttributeTagProcessor
[THYMELEAF]             * [* {th:onmessage,data-th-onmessage}] [1000]: karate.org.thymeleaf.standard.processor.StandardDOMEventAttributeTagProcessor
[THYMELEAF]             * [* {th:onstalled,data-th-onstalled}] [1000]: karate.org.thymeleaf.standard.processor.StandardDOMEventAttributeTagProcessor
[THYMELEAF]             * [* {th:onreset,data-th-onreset}] [1000]: karate.org.thymeleaf.standard.processor.StandardDOMEventAttributeTagProcessor
[THYMELEAF]             * [* {th:onwaiting,data-th-onwaiting}] [1000]: karate.org.thymeleaf.standard.processor.StandardDOMEventAttributeTagProcessor
[THYMELEAF]             * [* {th:onhashchange,data-th-onhashchange}] [1000]: karate.org.thymeleaf.standard.processor.StandardDOMEventAttributeTagProcessor
[THYMELEAF]             * [* {th:onstorage,data-th-onstorage}] [1000]: karate.org.thymeleaf.standard.processor.StandardDOMEventAttributeTagProcessor
[THYMELEAF]             * [* {th:onblur,data-th-onblur}] [1000]: karate.org.thymeleaf.standard.processor.StandardDOMEventAttributeTagProcessor
[THYMELEAF]             * [* {th:onshow,data-th-onshow}] [1000]: karate.org.thymeleaf.standard.processor.StandardDOMEventAttributeTagProcessor
[THYMELEAF]             * [* {th:onended,data-th-onended}] [1000]: karate.org.thymeleaf.standard.processor.StandardDOMEventAttributeTagProcessor
[THYMELEAF]             * [* {th:oncanplaythrough,data-th-oncanplaythrough}] [1000]: karate.org.thymeleaf.standard.processor.StandardDOMEventAttributeTagProcessor
[THYMELEAF]             * [* {th:onmouseup,data-th-onmouseup}] [1000]: karate.org.thymeleaf.standard.processor.StandardDOMEventAttributeTagProcessor
[THYMELEAF]             * [* {th:ondurationchange,data-th-ondurationchange}] [1000]: karate.org.thymeleaf.standard.processor.StandardDOMEventAttributeTagProcessor
[THYMELEAF]             * [* {th:onvolumechange,data-th-onvolumechange}] [1000]: karate.org.thymeleaf.standard.processor.StandardDOMEventAttributeTagProcessor
[THYMELEAF]             * [* {th:onpause,data-th-onpause}] [1000]: karate.org.thymeleaf.standard.processor.StandardDOMEventAttributeTagProcessor
[THYMELEAF]             * [* {th:onchange,data-th-onchange}] [1000]: karate.org.thymeleaf.standard.processor.StandardDOMEventAttributeTagProcessor
[THYMELEAF]             * [* {th:onkeypress,data-th-onkeypress}] [1000]: karate.org.thymeleaf.standard.processor.StandardDOMEventAttributeTagProcessor
[THYMELEAF]             * [* {th:href,data-th-href}] [1000]: karate.org.thymeleaf.standard.processor.StandardHrefTagProcessor
[THYMELEAF]             * [* {th:inline,data-th-inline}] [1000]: karate.org.thymeleaf.standard.processor.StandardInlineHTMLTagProcessor
[THYMELEAF]             * [* {th:method,data-th-method}] [1000]: karate.org.thymeleaf.standard.processor.StandardMethodTagProcessor
[THYMELEAF]             * [* {th:type,data-th-type}] [1000]: karate.org.thymeleaf.standard.processor.StandardNonRemovableAttributeTagProcessor
[THYMELEAF]             * [* {th:name,data-th-name}] [1000]: karate.org.thymeleaf.standard.processor.StandardNonRemovableAttributeTagProcessor
[THYMELEAF]             * [* {th:background,data-th-background}] [1000]: karate.org.thymeleaf.standard.processor.StandardRemovableAttributeTagProcessor
[THYMELEAF]             * [* {th:content,data-th-content}] [1000]: karate.org.thymeleaf.standard.processor.StandardRemovableAttributeTagProcessor
[THYMELEAF]             * [* {th:accept-charset,data-th-accept-charset}] [1000]: karate.org.thymeleaf.standard.processor.StandardRemovableAttributeTagProcessor
[THYMELEAF]             * [* {th:hspace,data-th-hspace}] [1000]: karate.org.thymeleaf.standard.processor.StandardRemovableAttributeTagProcessor
[THYMELEAF]             * [* {th:audio,data-th-audio}] [1000]: karate.org.thymeleaf.standard.processor.StandardRemovableAttributeTagProcessor
[THYMELEAF]             * [* {th:dir,data-th-dir}] [1000]: karate.org.thymeleaf.standard.processor.StandardRemovableAttributeTagProcessor
[THYMELEAF]             * [* {th:size,data-th-size}] [1000]: karate.org.thymeleaf.standard.processor.StandardRemovableAttributeTagProcessor
[THYMELEAF]             * [* {th:step,data-th-step}] [1000]: karate.org.thymeleaf.standard.processor.StandardRemovableAttributeTagProcessor
[THYMELEAF]             * [* {th:form,data-th-form}] [1000]: karate.org.thymeleaf.standard.processor.StandardRemovableAttributeTagProcessor
[THYMELEAF]             * [* {th:sandbox,data-th-sandbox}] [1000]: karate.org.thymeleaf.standard.processor.StandardRemovableAttributeTagProcessor
[THYMELEAF]             * [* {th:icon,data-th-icon}] [1000]: karate.org.thymeleaf.standard.processor.StandardRemovableAttributeTagProcessor
[THYMELEAF]             * [* {th:compact,data-th-compact}] [1000]: karate.org.thymeleaf.standard.processor.StandardRemovableAttributeTagProcessor
[THYMELEAF]             * [* {th:tabindex,data-th-tabindex}] [1000]: karate.org.thymeleaf.standard.processor.StandardRemovableAttributeTagProcessor
[THYMELEAF]             * [* {th:span,data-th-span}] [1000]: karate.org.thymeleaf.standard.processor.StandardRemovableAttributeTagProcessor
[THYMELEAF]             * [* {th:optimum,data-th-optimum}] [1000]: karate.org.thymeleaf.standard.processor.StandardRemovableAttributeTagProcessor
[THYMELEAF]             * [* {th:pattern,data-th-pattern}] [1000]: karate.org.thymeleaf.standard.processor.StandardRemovableAttributeTagProcessor
[THYMELEAF]             * [* {th:srclang,data-th-srclang}] [1000]: karate.org.thymeleaf.standard.processor.StandardRemovableAttributeTagProcessor
[THYMELEAF]             * [* {th:formenctype,data-th-formenctype}] [1000]: karate.org.thymeleaf.standard.processor.StandardRemovableAttributeTagProcessor
[THYMELEAF]             * [* {th:http-equiv,data-th-http-equiv}] [1000]: karate.org.thymeleaf.standard.processor.StandardRemovableAttributeTagProcessor
[THYMELEAF]             * [* {th:formtarget,data-th-formtarget}] [1000]: karate.org.thymeleaf.standard.processor.StandardRemovableAttributeTagProcessor
[THYMELEAF]             * [* {th:preload,data-th-preload}] [1000]: karate.org.thymeleaf.standard.processor.StandardRemovableAttributeTagProcessor
[THYMELEAF]             * [* {th:colspan,data-th-colspan}] [1000]: karate.org.thymeleaf.standard.processor.StandardRemovableAttributeTagProcessor
[THYMELEAF]             * [* {th:challenge,data-th-challenge}] [1000]: karate.org.thymeleaf.standard.processor.StandardRemovableAttributeTagProcessor
[THYMELEAF]             * [* {th:target,data-th-target}] [1000]: karate.org.thymeleaf.standard.processor.StandardRemovableAttributeTagProcessor
[THYMELEAF]             * [* {th:min,data-th-min}] [1000]: karate.org.thymeleaf.standard.processor.StandardRemovableAttributeTagProcessor
[THYMELEAF]             * [* {th:contenteditable,data-th-contenteditable}] [1000]: karate.org.thymeleaf.standard.processor.StandardRemovableAttributeTagProcessor
[THYMELEAF]             * [* {th:cellpadding,data-th-cellpadding}] [1000]: karate.org.thymeleaf.standard.processor.StandardRemovableAttributeTagProcessor
[THYMELEAF]             * [* {th:list,data-th-list}] [1000]: karate.org.thymeleaf.standard.processor.StandardRemovableAttributeTagProcessor
[THYMELEAF]             * [* {th:usemap,data-th-usemap}] [1000]: karate.org.thymeleaf.standard.processor.StandardRemovableAttributeTagProcessor
[THYMELEAF]             * [* {th:axis,data-th-axis}] [1000]: karate.org.thymeleaf.standard.processor.StandardRemovableAttributeTagProcessor
[THYMELEAF]             * [* {th:standby,data-th-standby}] [1000]: karate.org.thymeleaf.standard.processor.StandardRemovableAttributeTagProcessor
[THYMELEAF]             * [* {th:height,data-th-height}] [1000]: karate.org.thymeleaf.standard.processor.StandardRemovableAttributeTagProcessor
[THYMELEAF]             * [* {th:contextmenu,data-th-contextmenu}] [1000]: karate.org.thymeleaf.standard.processor.StandardRemovableAttributeTagProcessor
[THYMELEAF]             * [* {th:autocomplete,data-th-autocomplete}] [1000]: karate.org.thymeleaf.standard.processor.StandardRemovableAttributeTagProcessor
[THYMELEAF]             * [* {th:for,data-th-for}] [1000]: karate.org.thymeleaf.standard.processor.StandardRemovableAttributeTagProcessor
[THYMELEAF]             * [* {th:codebase,data-th-codebase}] [1000]: karate.org.thymeleaf.standard.processor.StandardRemovableAttributeTagProcessor
[THYMELEAF]             * [* {th:accesskey,data-th-accesskey}] [1000]: karate.org.thymeleaf.standard.processor.StandardRemovableAttributeTagProcessor
[THYMELEAF]             * [* {th:frameborder,data-th-frameborder}] [1000]: karate.org.thymeleaf.standard.processor.StandardRemovableAttributeTagProcessor
[THYMELEAF]             * [* {th:sizes,data-th-sizes}] [1000]: karate.org.thymeleaf.standard.processor.StandardRemovableAttributeTagProcessor
[THYMELEAF]             * [* {th:hreflang,data-th-hreflang}] [1000]: karate.org.thymeleaf.standard.processor.StandardRemovableAttributeTagProcessor
[THYMELEAF]             * [* {th:rev,data-th-rev}] [1000]: karate.org.thymeleaf.standard.processor.StandardRemovableAttributeTagProcessor
[THYMELEAF]             * [* {th:data,data-th-data}] [1000]: karate.org.thymeleaf.standard.processor.StandardRemovableAttributeTagProcessor
[THYMELEAF]             * [* {th:scrolling,data-th-scrolling}] [1000]: karate.org.thymeleaf.standard.processor.StandardRemovableAttributeTagProcessor
[THYMELEAF]             * [* {th:high,data-th-high}] [1000]: karate.org.thymeleaf.standard.processor.StandardRemovableAttributeTagProcessor
[THYMELEAF]             * [* {th:classid,data-th-classid}] [1000]: karate.org.thymeleaf.standard.processor.StandardRemovableAttributeTagProcessor
[THYMELEAF]             * [* {th:codetype,data-th-codetype}] [1000]: karate.org.thymeleaf.standard.processor.StandardRemovableAttributeTagProcessor
[THYMELEAF]             * [* {th:kind,data-th-kind}] [1000]: karate.org.thymeleaf.standard.processor.StandardRemovableAttributeTagProcessor
[THYMELEAF]             * [* {th:draggable,data-th-draggable}] [1000]: karate.org.thymeleaf.standard.processor.StandardRemovableAttributeTagProcessor
[THYMELEAF]             * [* {th:marginheight,data-th-marginheight}] [1000]: karate.org.thymeleaf.standard.processor.StandardRemovableAttributeTagProcessor
[THYMELEAF]             * [* {th:headers,data-th-headers}] [1000]: karate.org.thymeleaf.standard.processor.StandardRemovableAttributeTagProcessor
[THYMELEAF]             * [* {th:summary,data-th-summary}] [1000]: karate.org.thymeleaf.standard.processor.StandardRemovableAttributeTagProcessor
[THYMELEAF]             * [* {th:start,data-th-start}] [1000]: karate.org.thymeleaf.standard.processor.StandardRemovableAttributeTagProcessor
[THYMELEAF]             * [* {th:datetime,data-th-datetime}] [1000]: karate.org.thymeleaf.standard.processor.StandardRemovableAttributeTagProcessor
[THYMELEAF]             * [* {th:title,data-th-title}] [1000]: karate.org.thymeleaf.standard.processor.StandardRemovableAttributeTagProcessor
[THYMELEAF]             * [* {th:vspace,data-th-vspace}] [1000]: karate.org.thymeleaf.standard.processor.StandardRemovableAttributeTagProcessor
[THYMELEAF]             * [* {th:archive,data-th-archive}] [1000]: karate.org.thymeleaf.standard.processor.StandardRemovableAttributeTagProcessor
[THYMELEAF]             * [* {th:marginwidth,data-th-marginwidth}] [1000]: karate.org.thymeleaf.standard.processor.StandardRemovableAttributeTagProcessor
[THYMELEAF]             * [* {th:rows,data-th-rows}] [1000]: karate.org.thymeleaf.standard.processor.StandardRemovableAttributeTagProcessor
[THYMELEAF]             * [* {th:formmethod,data-th-formmethod}] [1000]: karate.org.thymeleaf.standard.processor.StandardRemovableAttributeTagProcessor
[THYMELEAF]             * [* {th:wrap,data-th-wrap}] [1000]: karate.org.thymeleaf.standard.processor.StandardRemovableAttributeTagProcessor
[THYMELEAF]             * [* {th:alt,data-th-alt}] [1000]: karate.org.thymeleaf.standard.processor.StandardRemovableAttributeTagProcessor
[THYMELEAF]             * [* {th:enctype,data-th-enctype}] [1000]: karate.org.thymeleaf.standard.processor.StandardRemovableAttributeTagProcessor
[THYMELEAF]             * [* {th:poster,data-th-poster}] [1000]: karate.org.thymeleaf.standard.processor.StandardRemovableAttributeTagProcessor
[THYMELEAF]             * [* {th:longdesc,data-th-longdesc}] [1000]: karate.org.thymeleaf.standard.processor.StandardRemovableAttributeTagProcessor
[THYMELEAF]             * [* {th:manifest,data-th-manifest}] [1000]: karate.org.thymeleaf.standard.processor.StandardRemovableAttributeTagProcessor
[THYMELEAF]             * [* {th:bgcolor,data-th-bgcolor}] [1000]: karate.org.thymeleaf.standard.processor.StandardRemovableAttributeTagProcessor
[THYMELEAF]             * [* {th:abbr,data-th-abbr}] [1000]: karate.org.thymeleaf.standard.processor.StandardRemovableAttributeTagProcessor
[THYMELEAF]             * [* {th:media,data-th-media}] [1000]: karate.org.thymeleaf.standard.processor.StandardRemovableAttributeTagProcessor
[THYMELEAF]             * [* {th:id,data-th-id}] [1000]: karate.org.thymeleaf.standard.processor.StandardRemovableAttributeTagProcessor
[THYMELEAF]             * [* {th:class,data-th-class}] [1000]: karate.org.thymeleaf.standard.processor.StandardRemovableAttributeTagProcessor
[THYMELEAF]             * [* {th:charset,data-th-charset}] [1000]: karate.org.thymeleaf.standard.processor.StandardRemovableAttributeTagProcessor
[THYMELEAF]             * [* {th:dropzone,data-th-dropzone}] [1000]: karate.org.thymeleaf.standard.processor.StandardRemovableAttributeTagProcessor
[THYMELEAF]             * [* {th:accept,data-th-accept}] [1000]: karate.org.thymeleaf.standard.processor.StandardRemovableAttributeTagProcessor
[THYMELEAF]             * [* {th:align,data-th-align}] [1000]: karate.org.thymeleaf.standard.processor.StandardRemovableAttributeTagProcessor
[THYMELEAF]             * [* {th:rowspan,data-th-rowspan}] [1000]: karate.org.thymeleaf.standard.processor.StandardRemovableAttributeTagProcessor
[THYMELEAF]             * [* {th:low,data-th-low}] [1000]: karate.org.thymeleaf.standard.processor.StandardRemovableAttributeTagProcessor
[THYMELEAF]             * [* {th:width,data-th-width}] [1000]: karate.org.thymeleaf.standard.processor.StandardRemovableAttributeTagProcessor
[THYMELEAF]             * [* {th:spellcheck,data-th-spellcheck}] [1000]: karate.org.thymeleaf.standard.processor.StandardRemovableAttributeTagProcessor
[THYMELEAF]             * [* {th:scheme,data-th-scheme}] [1000]: karate.org.thymeleaf.standard.processor.StandardRemovableAttributeTagProcessor
[THYMELEAF]             * [* {th:label,data-th-label}] [1000]: karate.org.thymeleaf.standard.processor.StandardRemovableAttributeTagProcessor
[THYMELEAF]             * [* {th:valuetype,data-th-valuetype}] [1000]: karate.org.thymeleaf.standard.processor.StandardRemovableAttributeTagProcessor
[THYMELEAF]             * [* {th:frame,data-th-frame}] [1000]: karate.org.thymeleaf.standard.processor.StandardRemovableAttributeTagProcessor
[THYMELEAF]             * [* {th:rules,data-th-rules}] [1000]: karate.org.thymeleaf.standard.processor.StandardRemovableAttributeTagProcessor
[THYMELEAF]             * [* {th:cite,data-th-cite}] [1000]: karate.org.thymeleaf.standard.processor.StandardRemovableAttributeTagProcessor
[THYMELEAF]             * [* {th:border,data-th-border}] [1000]: karate.org.thymeleaf.standard.processor.StandardRemovableAttributeTagProcessor
[THYMELEAF]             * [* {th:formaction,data-th-formaction}] [1000]: karate.org.thymeleaf.standard.processor.StandardRemovableAttributeTagProcessor
[THYMELEAF]             * [* {th:lang,data-th-lang}] [1000]: karate.org.thymeleaf.standard.processor.StandardRemovableAttributeTagProcessor
[THYMELEAF]             * [* {th:style,data-th-style}] [1000]: karate.org.thymeleaf.standard.processor.StandardRemovableAttributeTagProcessor
[THYMELEAF]             * [* {th:scope,data-th-scope}] [1000]: karate.org.thymeleaf.standard.processor.StandardRemovableAttributeTagProcessor
[THYMELEAF]             * [* {th:cols,data-th-cols}] [1000]: karate.org.thymeleaf.standard.processor.StandardRemovableAttributeTagProcessor
[THYMELEAF]             * [* {th:maxlength,data-th-maxlength}] [1000]: karate.org.thymeleaf.standard.processor.StandardRemovableAttributeTagProcessor
[THYMELEAF]             * [* {th:placeholder,data-th-placeholder}] [1000]: karate.org.thymeleaf.standard.processor.StandardRemovableAttributeTagProcessor
[THYMELEAF]             * [* {th:max,data-th-max}] [1000]: karate.org.thymeleaf.standard.processor.StandardRemovableAttributeTagProcessor
[THYMELEAF]             * [* {th:rel,data-th-rel}] [1000]: karate.org.thymeleaf.standard.processor.StandardRemovableAttributeTagProcessor
[THYMELEAF]             * [* {th:radiogroup,data-th-radiogroup}] [1000]: karate.org.thymeleaf.standard.processor.StandardRemovableAttributeTagProcessor
[THYMELEAF]             * [* {th:keytype,data-th-keytype}] [1000]: karate.org.thymeleaf.standard.processor.StandardRemovableAttributeTagProcessor
[THYMELEAF]             * [* {th:cellspacing,data-th-cellspacing}] [1000]: karate.org.thymeleaf.standard.processor.StandardRemovableAttributeTagProcessor
[THYMELEAF]             * [* {th:src,data-th-src}] [1000]: karate.org.thymeleaf.standard.processor.StandardSrcTagProcessor
[THYMELEAF]             * [* {th:value,data-th-value}] [1000]: karate.org.thymeleaf.standard.processor.StandardValueTagProcessor
[THYMELEAF]             * [* {th:xmlbase,data-th-xmlbase}] [1000]: karate.org.thymeleaf.standard.processor.StandardXmlBaseTagProcessor
[THYMELEAF]             * [* {th:xmllang,data-th-xmllang}] [1000]: karate.org.thymeleaf.standard.processor.StandardXmlLangTagProcessor
[THYMELEAF]             * [* {xmlns:th}] [1000]: karate.org.thymeleaf.standard.processor.StandardXmlNsTagProcessor
[THYMELEAF]             * [* {th:xmlspace,data-th-xmlspace}] [1000]: karate.org.thymeleaf.standard.processor.StandardXmlSpaceTagProcessor
[THYMELEAF]             * [* {th:classappend,data-th-classappend}] [1100]: karate.org.thymeleaf.standard.processor.StandardClassappendTagProcessor
[THYMELEAF]             * [* {th:styleappend,data-th-styleappend}] [1100]: karate.org.thymeleaf.standard.processor.StandardStyleappendTagProcessor
[THYMELEAF]             * [* {th:text,data-th-text}] [1300]: karate.org.thymeleaf.standard.processor.StandardTextTagProcessor
[THYMELEAF]             * [* {th:utext,data-th-utext}] [1400]: karate.org.thymeleaf.standard.processor.StandardUtextTagProcessor
[THYMELEAF]             * [* {th:fragment,data-th-fragment}] [1500]: karate.org.thymeleaf.standard.processor.StandardFragmentTagProcessor
[THYMELEAF]             * [* {th:assert,data-th-assert}] [1550]: karate.org.thymeleaf.standard.processor.StandardAssertTagProcessor
[THYMELEAF]             * [* {th:remove,data-th-remove}] [1600]: karate.org.thymeleaf.standard.processor.StandardRemoveTagProcessor
[THYMELEAF]             * [* {th:ref,data-th-ref}] [10000]: karate.org.thymeleaf.standard.processor.StandardRefAttributeTagProcessor
[THYMELEAF]             * [{th:block,th-block} *] [100000]: karate.org.thymeleaf.standard.processor.StandardBlockTagProcessor
[THYMELEAF]             * [* th:*] [2147483647]: karate.org.thymeleaf.standard.processor.StandardDefaultAttributesTagProcessor
[THYMELEAF]         * Text Processors by [precedence]:
[THYMELEAF]             * [1000]: karate.org.thymeleaf.standard.processor.StandardInliningTextProcessor
[THYMELEAF]         * DOCTYPE Processors by [precedence]:
[THYMELEAF]             * [1000]: karate.org.thymeleaf.standard.processor.StandardTranslationDocTypeProcessor
[THYMELEAF]         * CDATA Section Processors by [precedence]:
[THYMELEAF]             * [1000]: karate.org.thymeleaf.standard.processor.StandardInliningCDATASectionProcessor
[THYMELEAF]         * Comment Processors by [precedence]:
[THYMELEAF]             * [1000]: karate.org.thymeleaf.standard.processor.StandardInliningCommentProcessor
[THYMELEAF]             * [1100]: karate.org.thymeleaf.standard.processor.StandardConditionalCommentProcessor
[THYMELEAF]     * Processors for Template Mode: XML
[THYMELEAF]         * Element Tag Processors by [matching element and attribute name] [precedence]:
[THYMELEAF]             * [* {th:include}] [100]: karate.org.thymeleaf.standard.processor.StandardIncludeTagProcessor
[THYMELEAF]             * [* {th:insert}] [100]: karate.org.thymeleaf.standard.processor.StandardInsertTagProcessor
[THYMELEAF]             * [* {th:replace}] [100]: karate.org.thymeleaf.standard.processor.StandardReplaceTagProcessor
[THYMELEAF]             * [* {th:substituteby}] [100]: karate.org.thymeleaf.standard.processor.StandardSubstituteByTagProcessor
[THYMELEAF]             * [* {th:each}] [200]: com.intuit.karate.template.KarateEachTagProcessor
[THYMELEAF]             * [* {th:switch}] [250]: karate.org.thymeleaf.standard.processor.StandardSwitchTagProcessor
[THYMELEAF]             * [* {th:case}] [275]: karate.org.thymeleaf.standard.processor.StandardCaseTagProcessor
[THYMELEAF]             * [* {th:if}] [300]: karate.org.thymeleaf.standard.processor.StandardIfTagProcessor
[THYMELEAF]             * [* {th:unless}] [400]: karate.org.thymeleaf.standard.processor.StandardUnlessTagProcessor
[THYMELEAF]             * [* {th:object}] [500]: karate.org.thymeleaf.standard.processor.StandardObjectTagProcessor
[THYMELEAF]             * [* {th:with}] [600]: com.intuit.karate.template.KarateWithTagProcessor
[THYMELEAF]             * [* {th:attr}] [700]: com.intuit.karate.template.KarateAttributeTagProcessor.KarateAttrTagProcessor
[THYMELEAF]             * [* {th:attrappend}] [900]: com.intuit.karate.template.KarateAttributeTagProcessor.KarateAttrappendTagProcessor
[THYMELEAF]             * [* {th:attrprepend}] [900]: com.intuit.karate.template.KarateAttributeTagProcessor.KarateAttrprependTagProcessor
[THYMELEAF]             * [* {th:inline}] [1000]: karate.org.thymeleaf.standard.processor.StandardInlineXMLTagProcessor
[THYMELEAF]             * [* {xmlns:th}] [1000]: karate.org.thymeleaf.standard.processor.StandardXmlNsTagProcessor
[THYMELEAF]             * [* {th:text}] [1300]: karate.org.thymeleaf.standard.processor.StandardTextTagProcessor
[THYMELEAF]             * [* {th:utext}] [1400]: karate.org.thymeleaf.standard.processor.StandardUtextTagProcessor
[THYMELEAF]             * [* {th:fragment}] [1500]: karate.org.thymeleaf.standard.processor.StandardFragmentTagProcessor
[THYMELEAF]             * [* {th:assert}] [1550]: karate.org.thymeleaf.standard.processor.StandardAssertTagProcessor
[THYMELEAF]             * [* {th:remove}] [1600]: karate.org.thymeleaf.standard.processor.StandardRemoveTagProcessor
[THYMELEAF]             * [* {th:ref}] [10000]: karate.org.thymeleaf.standard.processor.StandardRefAttributeTagProcessor
[THYMELEAF]             * [{th:block} *] [100000]: karate.org.thymeleaf.standard.processor.StandardBlockTagProcessor
[THYMELEAF]             * [* th:*] [2147483647]: karate.org.thymeleaf.standard.processor.StandardDefaultAttributesTagProcessor
[THYMELEAF]         * Text Processors by [precedence]:
[THYMELEAF]             * [1000]: karate.org.thymeleaf.standard.processor.StandardInliningTextProcessor
[THYMELEAF]         * CDATA Section Processors by [precedence]:
[THYMELEAF]             * [1000]: karate.org.thymeleaf.standard.processor.StandardInliningCDATASectionProcessor
[THYMELEAF]         * Comment Processors by [precedence]:
[THYMELEAF]             * [1000]: karate.org.thymeleaf.standard.processor.StandardInliningCommentProcessor
[THYMELEAF]     * Processors for Template Mode: TEXT
[THYMELEAF]         * Element Tag Processors by [matching element and attribute name] [precedence]:
[THYMELEAF]             * [* {th:insert}] [100]: karate.org.thymeleaf.standard.processor.StandardInsertTagProcessor
[THYMELEAF]             * [* {th:replace}] [100]: karate.org.thymeleaf.standard.processor.StandardReplaceTagProcessor
[THYMELEAF]             * [* {th:each}] [200]: com.intuit.karate.template.KarateEachTagProcessor
[THYMELEAF]             * [* {th:switch}] [250]: karate.org.thymeleaf.standard.processor.StandardSwitchTagProcessor
[THYMELEAF]             * [* {th:case}] [275]: karate.org.thymeleaf.standard.processor.StandardCaseTagProcessor
[THYMELEAF]             * [* {th:if}] [300]: karate.org.thymeleaf.standard.processor.StandardIfTagProcessor
[THYMELEAF]             * [* {th:unless}] [400]: karate.org.thymeleaf.standard.processor.StandardUnlessTagProcessor
[THYMELEAF]             * [* {th:object}] [500]: karate.org.thymeleaf.standard.processor.StandardObjectTagProcessor
[THYMELEAF]             * [* {th:with}] [600]: com.intuit.karate.template.KarateWithTagProcessor
[THYMELEAF]             * [* {th:inline}] [1000]: karate.org.thymeleaf.standard.processor.StandardInlineTextualTagProcessor
[THYMELEAF]             * [* {th:text}] [1300]: karate.org.thymeleaf.standard.processor.StandardTextTagProcessor
[THYMELEAF]             * [* {th:utext}] [1400]: karate.org.thymeleaf.standard.processor.StandardUtextTagProcessor
[THYMELEAF]             * [* {th:assert}] [1550]: karate.org.thymeleaf.standard.processor.StandardAssertTagProcessor
[THYMELEAF]             * [* {th:remove}] [1600]: karate.org.thymeleaf.standard.processor.StandardRemoveTagProcessor
[THYMELEAF]             * [* 100000] [karate.org.thymeleaf.standard.processor.StandardBlockTagProcessor]: {}
[THYMELEAF]             * [{th:block} *] [100000]: karate.org.thymeleaf.standard.processor.StandardBlockTagProcessor
[THYMELEAF]         * Text Processors by [precedence]:
[THYMELEAF]             * [1000]: karate.org.thymeleaf.standard.processor.StandardInliningTextProcessor
[THYMELEAF]     * Processors for Template Mode: JAVASCRIPT
[THYMELEAF]         * Element Tag Processors by [matching element and attribute name] [precedence]:
[THYMELEAF]             * [* {th:insert}] [100]: karate.org.thymeleaf.standard.processor.StandardInsertTagProcessor
[THYMELEAF]             * [* {th:replace}] [100]: karate.org.thymeleaf.standard.processor.StandardReplaceTagProcessor
[THYMELEAF]             * [* {th:each}] [200]: com.intuit.karate.template.KarateEachTagProcessor
[THYMELEAF]             * [* {th:switch}] [250]: karate.org.thymeleaf.standard.processor.StandardSwitchTagProcessor
[THYMELEAF]             * [* {th:case}] [275]: karate.org.thymeleaf.standard.processor.StandardCaseTagProcessor
[THYMELEAF]             * [* {th:if}] [300]: karate.org.thymeleaf.standard.processor.StandardIfTagProcessor
[THYMELEAF]             * [* {th:unless}] [400]: karate.org.thymeleaf.standard.processor.StandardUnlessTagProcessor
[THYMELEAF]             * [* {th:object}] [500]: karate.org.thymeleaf.standard.processor.StandardObjectTagProcessor
[THYMELEAF]             * [* {th:with}] [600]: com.intuit.karate.template.KarateWithTagProcessor
[THYMELEAF]             * [* {th:inline}] [1000]: karate.org.thymeleaf.standard.processor.StandardInlineTextualTagProcessor
[THYMELEAF]             * [* {th:text}] [1300]: karate.org.thymeleaf.standard.processor.StandardTextTagProcessor
[THYMELEAF]             * [* {th:utext}] [1400]: karate.org.thymeleaf.standard.processor.StandardUtextTagProcessor
[THYMELEAF]             * [* {th:assert}] [1550]: karate.org.thymeleaf.standard.processor.StandardAssertTagProcessor
[THYMELEAF]             * [* {th:remove}] [1600]: karate.org.thymeleaf.standard.processor.StandardRemoveTagProcessor
[THYMELEAF]             * [{th:block} *] [100000]: karate.org.thymeleaf.standard.processor.StandardBlockTagProcessor
[THYMELEAF]             * [* 100000] [karate.org.thymeleaf.standard.processor.StandardBlockTagProcessor]: {}
[THYMELEAF]         * Text Processors by [precedence]:
[THYMELEAF]             * [1000]: karate.org.thymeleaf.standard.processor.StandardInliningTextProcessor
[THYMELEAF]     * Processors for Template Mode: CSS
[THYMELEAF]         * Element Tag Processors by [matching element and attribute name] [precedence]:
[THYMELEAF]             * [* {th:insert}] [100]: karate.org.thymeleaf.standard.processor.StandardInsertTagProcessor
[THYMELEAF]             * [* {th:replace}] [100]: karate.org.thymeleaf.standard.processor.StandardReplaceTagProcessor
[THYMELEAF]             * [* {th:each}] [200]: com.intuit.karate.template.KarateEachTagProcessor
[THYMELEAF]             * [* {th:switch}] [250]: karate.org.thymeleaf.standard.processor.StandardSwitchTagProcessor
[THYMELEAF]             * [* {th:case}] [275]: karate.org.thymeleaf.standard.processor.StandardCaseTagProcessor
[THYMELEAF]             * [* {th:if}] [300]: karate.org.thymeleaf.standard.processor.StandardIfTagProcessor
[THYMELEAF]             * [* {th:unless}] [400]: karate.org.thymeleaf.standard.processor.StandardUnlessTagProcessor
[THYMELEAF]             * [* {th:object}] [500]: karate.org.thymeleaf.standard.processor.StandardObjectTagProcessor
[THYMELEAF]             * [* {th:with}] [600]: com.intuit.karate.template.KarateWithTagProcessor
[THYMELEAF]             * [* {th:inline}] [1000]: karate.org.thymeleaf.standard.processor.StandardInlineTextualTagProcessor
[THYMELEAF]             * [* {th:text}] [1300]: karate.org.thymeleaf.standard.processor.StandardTextTagProcessor
[THYMELEAF]             * [* {th:utext}] [1400]: karate.org.thymeleaf.standard.processor.StandardUtextTagProcessor
[THYMELEAF]             * [* {th:assert}] [1550]: karate.org.thymeleaf.standard.processor.StandardAssertTagProcessor
[THYMELEAF]             * [* {th:remove}] [1600]: karate.org.thymeleaf.standard.processor.StandardRemoveTagProcessor
[THYMELEAF]             * [{th:block} *] [100000]: karate.org.thymeleaf.standard.processor.StandardBlockTagProcessor
[THYMELEAF]             * [* 100000] [karate.org.thymeleaf.standard.processor.StandardBlockTagProcessor]: {}
[THYMELEAF]         * Text Processors by [precedence]:
[THYMELEAF]             * [1000]: karate.org.thymeleaf.standard.processor.StandardInliningTextProcessor
[THYMELEAF]     * Expression Objects:
[THYMELEAF]         * #ctx
[THYMELEAF]         * #root
[THYMELEAF]         * #vars
[THYMELEAF]         * #object
[THYMELEAF]         * #locale
[THYMELEAF]         * #request
[THYMELEAF]         * #response
[THYMELEAF]         * #session
[THYMELEAF]         * #servletContext
[THYMELEAF]         * #conversions
[THYMELEAF]         * #uris
[THYMELEAF]         * #calendars
[THYMELEAF]         * #dates
[THYMELEAF]         * #bools
[THYMELEAF]         * #numbers
[THYMELEAF]         * #objects
[THYMELEAF]         * #strings
[THYMELEAF]         * #arrays
[THYMELEAF]         * #lists
[THYMELEAF]         * #sets
[THYMELEAF]         * #maps
[THYMELEAF]         * #aggregates
[THYMELEAF]         * #messages
[THYMELEAF]         * #ids
[THYMELEAF]         * #execInfo
[THYMELEAF]         * #httpServletRequest
[THYMELEAF]         * #httpSession
[THYMELEAF]     * Execution Attributes:
[THYMELEAF]         * "StandardExpressionParser": com.intuit.karate.template.KarateStandardDialect@4258106
[THYMELEAF]         * "StandardJavaScriptSerializer": karate.org.thymeleaf.standard.serializer.StandardJavaScriptSerializer@1dadd172
[THYMELEAF]         * "StandardCSSSerializer": karate.org.thymeleaf.standard.serializer.StandardCSSSerializer@33c9f1ac
[THYMELEAF]         * "StandardVariableExpressionEvaluator": com.intuit.karate.template.KarateStandardDialect@4258106
[THYMELEAF]         * "StandardConversionService": karate.org.thymeleaf.standard.expression.StandardConversionService@4070c4ff
[THYMELEAF] * Dialect [2 of 2]: karate (com.intuit.karate.template.KarateScriptDialect)
[THYMELEAF]     * Prefix: "ka"
[THYMELEAF]     * Processors for Template Mode: HTML
[THYMELEAF]         * Element Tag Processors by [matching element and attribute name] [precedence]:
[THYMELEAF]             * [* {src}] [1000]: com.intuit.karate.template.KaScriptAttrProcessor
[THYMELEAF]         * Element Model Processors by [matching element and attribute name] [precedence]:
[THYMELEAF]             * [{script} {ka:scope,data-ka-scope}] [1000]: com.intuit.karate.template.KaScriptElemProcessor
[THYMELEAF]             * [* {ka:set,data-ka-set}] [1000]: com.intuit.karate.template.KaSetElemProcessor
[THYMELEAF] TEMPLATE ENGINE CONFIGURED OK
13:04:59.525 [main] DEBUG karate.org.thymeleaf.TemplateEngine - [THYMELEAF] TEMPLATE ENGINE INITIALIZED
---------------------------------------------------------
feature: classpath:feature/TempStorage_a_POST.feature
scenarios:  3 | passed:  0 | failed:  3 | time: 1.2150
---------------------------------------------------------

13:04:59.604 [main] INFO com.intuit.karate.Suite - <<fail>> feature 10 of 12 (0 remaining) classpath:feature/TempStorage_a_POST.feature
13:04:59.609 [main] INFO com.intuit.karate - karate.env system property was: it01 
13:04:59.609 [main] INFO com.intuit.karate - clientId:52e80bfa-b42c-47d7-98b5-8bb87c926209 
13:04:59.609 [main] INFO com.intuit.karate - Current URL is : https://apigw-st.telus.com 
13:04:59.609 [main] INFO com.intuit.karate - Current Env is : it01 
13:04:59.613 [main] INFO com.intuit.karate - >> lock acquired, begin callSingle: classpath:feature/TempStorage_a_POST.feature
13:04:59.620 [main] DEBUG com.jayway.jsonpath.internal.path.CompiledPath - Evaluating path: $
13:04:59.621 [main] INFO com.intuit.karate - [print] [
  {
    "storage_id": "1",
    "group": "a"
  },
  {
    "storage_id": "2",
    "group": "b"
  }
]
 
13:04:59.621 [main] DEBUG com.jayway.jsonpath.internal.path.CompiledPath - Evaluating path: $..['storage_id']
13:04:59.622 [main] INFO com.intuit.karate - [print] 1 
13:04:59.622 [main] DEBUG com.jayway.jsonpath.internal.path.CompiledPath - Evaluating path: $..['storage_id']
13:04:59.622 [main] INFO com.intuit.karate - [print] 1 
13:04:59.623 [main] DEBUG com.jayway.jsonpath.internal.path.CompiledPath - Evaluating path: $..['group']
13:04:59.623 [main] DEBUG com.jayway.jsonpath.internal.path.CompiledPath - Evaluating path: $..['group']
13:04:59.624 [main] INFO com.intuit.karate - [print] a 
13:04:59.624 [main] INFO com.intuit.karate - [print] eyJhbGciOiJSUzI1NiIsImtpZCI6ImNhZGZhMTYyLTU2YzEtNGRiOS1hNjNmLTYwZTM3NzIwMWJkZiIsInBpLmF0bSI6IjMifQ.eyJzY29wZSI6WyI0NzIwIl0sImF1dGhvcml6YXRpb25fZGV0YWlscyI6W10sImNsaWVudF9pZCI6IjUyZTgwYmZhLWI0MmMtNDdkNy05OGI1LThiYjg3YzkyNjIwOSIsImlzcyI6Imh0dHBzOi8vdGVhbXNzby1pdHMwNC50ZWx1cy5jb20iLCJhdWQiOiJrb25nIiwiaWF0IjoxNzIzMjIzMDg5LCJleHAiOjE3MjMyMjMzODl9.flESEmYyI_eCkBmzn54OkGfP2lAIxnyqs2XbjtABUAmEnkCOQe8uoiUdROg_nBCNsbluJLTMIyv2VQYcEFeVpzwJIN4AH00KC-3px8L7DRMcbbbRqgIOGamUVRjytKBt3cFR1XVCW32bLo_XlS6M0CPdsCtowSRRwenf6htGC3loiXiWZ8pxuYaJNnmQfuSN9rWpZNHc8y-eYDl0xm6EoEXQSfatP3EAxDBw6tgqlb5patcu_afyMqKiHha9IdISwDeMrqyfvgoAR4Sqhdy3Uxp_k_xzmM-XWElgzY0YfiUnRnIl01fsIz1UO7xaed3xVyVlwsYrq6nB9I57SYDk-A 
13:04:59.630 [main] INFO com.intuit.karate - [print] 1 
13:04:59.632 [main] DEBUG karate.org.apache.http.client.protocol.RequestAddCookies - CookieSpec selected: karate
13:04:59.632 [main] DEBUG karate.org.apache.http.client.protocol.RequestAuthCache - Auth cache not set in the context
13:04:59.632 [main] DEBUG com.intuit.karate - request:
1 > POST https://apigw-st.telus.com/customer/contactCenterTempStorage/v1/storage/1/create?ttl=10000&group=a
1 > env: it01
1 > Content-Type: application/json; charset=UTF-8
1 > Authorization: Bearer eyJhbGciOiJSUzI1NiIsImtpZCI6ImNhZGZhMTYyLTU2YzEtNGRiOS1hNjNmLTYwZTM3NzIwMWJkZiIsInBpLmF0bSI6IjMifQ.eyJzY29wZSI6WyI0NzIwIl0sImF1dGhvcml6YXRpb25fZGV0YWlscyI6W10sImNsaWVudF9pZCI6IjUyZTgwYmZhLWI0MmMtNDdkNy05OGI1LThiYjg3YzkyNjIwOSIsImlzcyI6Imh0dHBzOi8vdGVhbXNzby1pdHMwNC50ZWx1cy5jb20iLCJhdWQiOiJrb25nIiwiaWF0IjoxNzIzMjIzMDg5LCJleHAiOjE3MjMyMjMzODl9.flESEmYyI_eCkBmzn54OkGfP2lAIxnyqs2XbjtABUAmEnkCOQe8uoiUdROg_nBCNsbluJLTMIyv2VQYcEFeVpzwJIN4AH00KC-3px8L7DRMcbbbRqgIOGamUVRjytKBt3cFR1XVCW32bLo_XlS6M0CPdsCtowSRRwenf6htGC3loiXiWZ8pxuYaJNnmQfuSN9rWpZNHc8y-eYDl0xm6EoEXQSfatP3EAxDBw6tgqlb5patcu_afyMqKiHha9IdISwDeMrqyfvgoAR4Sqhdy3Uxp_k_xzmM-XWElgzY0YfiUnRnIl01fsIz1UO7xaed3xVyVlwsYrq6nB9I57SYDk-A
1 > Content-Length: 112
1 > Host: apigw-st.telus.com
1 > Connection: Keep-Alive
1 > User-Agent: Apache-HttpClient/4.5.13 (Java/20.0.2)
1 > Accept-Encoding: gzip,deflate
{"name":"Deepak Rawat1","sport":{"hockey":"good Garçon À la carte Maître d\u2019hôtel","football":"better"}}

13:04:59.633 [main] DEBUG karate.org.apache.http.impl.conn.PoolingHttpClientConnectionManager - Connection request: [route: {s}->https://apigw-st.telus.com:443][total available: 0; route allocated: 0 of 5; total allocated: 0 of 10]
13:04:59.633 [main] DEBUG karate.org.apache.http.impl.conn.PoolingHttpClientConnectionManager - Connection leased: [id: 41][route: {s}->https://apigw-st.telus.com:443][total available: 0; route allocated: 1 of 5; total allocated: 1 of 10]
13:04:59.633 [main] DEBUG karate.org.apache.http.impl.execchain.MainClientExec - Opening connection {s}->https://apigw-st.telus.com:443
13:04:59.633 [main] DEBUG karate.org.apache.http.impl.conn.DefaultHttpClientConnectionOperator - Connecting to apigw-st.telus.com/207.219.84.31:443
13:04:59.633 [main] DEBUG karate.org.apache.http.conn.ssl.LenientSslConnectionSocketFactory - Connecting socket to apigw-st.telus.com/207.219.84.31:443 with timeout 10000
13:04:59.671 [main] DEBUG karate.org.apache.http.conn.ssl.LenientSslConnectionSocketFactory - Enabled protocols: [TLSv1.3, TLSv1.2]
13:04:59.672 [main] DEBUG karate.org.apache.http.conn.ssl.LenientSslConnectionSocketFactory - Enabled cipher suites:[TLS_AES_256_GCM_SHA384, TLS_AES_128_GCM_SHA256, TLS_CHACHA20_POLY1305_SHA256, TLS_ECDHE_ECDSA_WITH_AES_256_GCM_SHA384, TLS_ECDHE_ECDSA_WITH_AES_128_GCM_SHA256, TLS_ECDHE_ECDSA_WITH_CHACHA20_POLY1305_SHA256, TLS_ECDHE_RSA_WITH_AES_256_GCM_SHA384, TLS_ECDHE_RSA_WITH_CHACHA20_POLY1305_SHA256, TLS_ECDHE_RSA_WITH_AES_128_GCM_SHA256, TLS_DHE_RSA_WITH_AES_256_GCM_SHA384, TLS_DHE_RSA_WITH_CHACHA20_POLY1305_SHA256, TLS_DHE_DSS_WITH_AES_256_GCM_SHA384, TLS_DHE_RSA_WITH_AES_128_GCM_SHA256, TLS_DHE_DSS_WITH_AES_128_GCM_SHA256, TLS_ECDHE_ECDSA_WITH_AES_256_CBC_SHA384, TLS_ECDHE_RSA_WITH_AES_256_CBC_SHA384, TLS_ECDHE_ECDSA_WITH_AES_128_CBC_SHA256, TLS_ECDHE_RSA_WITH_AES_128_CBC_SHA256, TLS_DHE_RSA_WITH_AES_256_CBC_SHA256, TLS_DHE_DSS_WITH_AES_256_CBC_SHA256, TLS_DHE_RSA_WITH_AES_128_CBC_SHA256, TLS_DHE_DSS_WITH_AES_128_CBC_SHA256, TLS_ECDHE_ECDSA_WITH_AES_256_CBC_SHA, TLS_ECDHE_RSA_WITH_AES_256_CBC_SHA, TLS_ECDHE_ECDSA_WITH_AES_128_CBC_SHA, TLS_ECDHE_RSA_WITH_AES_128_CBC_SHA, TLS_DHE_RSA_WITH_AES_256_CBC_SHA, TLS_DHE_DSS_WITH_AES_256_CBC_SHA, TLS_DHE_RSA_WITH_AES_128_CBC_SHA, TLS_DHE_DSS_WITH_AES_128_CBC_SHA, TLS_RSA_WITH_AES_256_GCM_SHA384, TLS_RSA_WITH_AES_128_GCM_SHA256, TLS_RSA_WITH_AES_256_CBC_SHA256, TLS_RSA_WITH_AES_128_CBC_SHA256, TLS_RSA_WITH_AES_256_CBC_SHA, TLS_RSA_WITH_AES_128_CBC_SHA, TLS_EMPTY_RENEGOTIATION_INFO_SCSV]
13:04:59.672 [main] DEBUG karate.org.apache.http.conn.ssl.LenientSslConnectionSocketFactory - Starting handshake
13:04:59.734 [main] DEBUG karate.org.apache.http.conn.ssl.LenientSslConnectionSocketFactory - Secure session established
13:04:59.734 [main] DEBUG karate.org.apache.http.conn.ssl.LenientSslConnectionSocketFactory -  negotiated protocol: TLSv1.3
13:04:59.734 [main] DEBUG karate.org.apache.http.conn.ssl.LenientSslConnectionSocketFactory -  negotiated cipher suite: TLS_AES_128_GCM_SHA256
13:04:59.734 [main] DEBUG karate.org.apache.http.conn.ssl.LenientSslConnectionSocketFactory -  peer principal: CN=apigw-soap-st.telus.com, O=TELUS Corp., L=Vancouver, ST=British Columbia, C=CA
13:04:59.734 [main] DEBUG karate.org.apache.http.conn.ssl.LenientSslConnectionSocketFactory -  peer alternative names: [apigw-soap-st.telus.com, apigw-st.telus.com, apigw-qidc-st.telus.com, apigw-kidc-st.telus.com, apigw-soap-qidc-st.telus.com, apigw-soap-kidc-st.telus.com]
13:04:59.734 [main] DEBUG karate.org.apache.http.conn.ssl.LenientSslConnectionSocketFactory -  issuer principal: CN=DigiCert Global G2 TLS RSA SHA256 2020 CA1, O=DigiCert Inc, C=US
13:04:59.734 [main] DEBUG karate.org.apache.http.impl.conn.DefaultHttpClientConnectionOperator - Connection established 192.168.1.65:54979<->207.219.84.31:443
13:04:59.734 [main] DEBUG karate.org.apache.http.impl.conn.DefaultManagedHttpClientConnection - http-outgoing-41: set socket timeout to 20000
13:04:59.734 [main] DEBUG karate.org.apache.http.impl.execchain.MainClientExec - Executing request POST /customer/contactCenterTempStorage/v1/storage/1/create?ttl=10000&group=a HTTP/1.1
13:04:59.734 [main] DEBUG karate.org.apache.http.impl.execchain.MainClientExec - Proxy auth state: UNCHALLENGED
13:04:59.735 [main] DEBUG karate.org.apache.http.headers - http-outgoing-41 >> POST /customer/contactCenterTempStorage/v1/storage/1/create?ttl=10000&group=a HTTP/1.1
13:04:59.735 [main] DEBUG karate.org.apache.http.headers - http-outgoing-41 >> env: it01
13:04:59.735 [main] DEBUG karate.org.apache.http.headers - http-outgoing-41 >> Content-Type: application/json; charset=UTF-8
13:04:59.735 [main] DEBUG karate.org.apache.http.headers - http-outgoing-41 >> Authorization: Bearer eyJhbGciOiJSUzI1NiIsImtpZCI6ImNhZGZhMTYyLTU2YzEtNGRiOS1hNjNmLTYwZTM3NzIwMWJkZiIsInBpLmF0bSI6IjMifQ.eyJzY29wZSI6WyI0NzIwIl0sImF1dGhvcml6YXRpb25fZGV0YWlscyI6W10sImNsaWVudF9pZCI6IjUyZTgwYmZhLWI0MmMtNDdkNy05OGI1LThiYjg3YzkyNjIwOSIsImlzcyI6Imh0dHBzOi8vdGVhbXNzby1pdHMwNC50ZWx1cy5jb20iLCJhdWQiOiJrb25nIiwiaWF0IjoxNzIzMjIzMDg5LCJleHAiOjE3MjMyMjMzODl9.flESEmYyI_eCkBmzn54OkGfP2lAIxnyqs2XbjtABUAmEnkCOQe8uoiUdROg_nBCNsbluJLTMIyv2VQYcEFeVpzwJIN4AH00KC-3px8L7DRMcbbbRqgIOGamUVRjytKBt3cFR1XVCW32bLo_XlS6M0CPdsCtowSRRwenf6htGC3loiXiWZ8pxuYaJNnmQfuSN9rWpZNHc8y-eYDl0xm6EoEXQSfatP3EAxDBw6tgqlb5patcu_afyMqKiHha9IdISwDeMrqyfvgoAR4Sqhdy3Uxp_k_xzmM-XWElgzY0YfiUnRnIl01fsIz1UO7xaed3xVyVlwsYrq6nB9I57SYDk-A
13:04:59.735 [main] DEBUG karate.org.apache.http.headers - http-outgoing-41 >> Content-Length: 112
13:04:59.735 [main] DEBUG karate.org.apache.http.headers - http-outgoing-41 >> Host: apigw-st.telus.com
13:04:59.735 [main] DEBUG karate.org.apache.http.headers - http-outgoing-41 >> Connection: Keep-Alive
13:04:59.735 [main] DEBUG karate.org.apache.http.headers - http-outgoing-41 >> User-Agent: Apache-HttpClient/4.5.13 (Java/20.0.2)
13:04:59.735 [main] DEBUG karate.org.apache.http.headers - http-outgoing-41 >> Accept-Encoding: gzip,deflate
13:04:59.735 [main] DEBUG karate.org.apache.http.wire - http-outgoing-41 >> "POST /customer/contactCenterTempStorage/v1/storage/1/create?ttl=10000&group=a HTTP/1.1[\r][\n]"
13:04:59.735 [main] DEBUG karate.org.apache.http.wire - http-outgoing-41 >> "env: it01[\r][\n]"
13:04:59.735 [main] DEBUG karate.org.apache.http.wire - http-outgoing-41 >> "Content-Type: application/json; charset=UTF-8[\r][\n]"
13:04:59.735 [main] DEBUG karate.org.apache.http.wire - http-outgoing-41 >> "Authorization: Bearer eyJhbGciOiJSUzI1NiIsImtpZCI6ImNhZGZhMTYyLTU2YzEtNGRiOS1hNjNmLTYwZTM3NzIwMWJkZiIsInBpLmF0bSI6IjMifQ.eyJzY29wZSI6WyI0NzIwIl0sImF1dGhvcml6YXRpb25fZGV0YWlscyI6W10sImNsaWVudF9pZCI6IjUyZTgwYmZhLWI0MmMtNDdkNy05OGI1LThiYjg3YzkyNjIwOSIsImlzcyI6Imh0dHBzOi8vdGVhbXNzby1pdHMwNC50ZWx1cy5jb20iLCJhdWQiOiJrb25nIiwiaWF0IjoxNzIzMjIzMDg5LCJleHAiOjE3MjMyMjMzODl9.flESEmYyI_eCkBmzn54OkGfP2lAIxnyqs2XbjtABUAmEnkCOQe8uoiUdROg_nBCNsbluJLTMIyv2VQYcEFeVpzwJIN4AH00KC-3px8L7DRMcbbbRqgIOGamUVRjytKBt3cFR1XVCW32bLo_XlS6M0CPdsCtowSRRwenf6htGC3loiXiWZ8pxuYaJNnmQfuSN9rWpZNHc8y-eYDl0xm6EoEXQSfatP3EAxDBw6tgqlb5patcu_afyMqKiHha9IdISwDeMrqyfvgoAR4Sqhdy3Uxp_k_xzmM-XWElgzY0YfiUnRnIl01fsIz1UO7xaed3xVyVlwsYrq6nB9I57SYDk-A[\r][\n]"
13:04:59.735 [main] DEBUG karate.org.apache.http.wire - http-outgoing-41 >> "Content-Length: 112[\r][\n]"
13:04:59.735 [main] DEBUG karate.org.apache.http.wire - http-outgoing-41 >> "Host: apigw-st.telus.com[\r][\n]"
13:04:59.735 [main] DEBUG karate.org.apache.http.wire - http-outgoing-41 >> "Connection: Keep-Alive[\r][\n]"
13:04:59.735 [main] DEBUG karate.org.apache.http.wire - http-outgoing-41 >> "User-Agent: Apache-HttpClient/4.5.13 (Java/20.0.2)[\r][\n]"
13:04:59.735 [main] DEBUG karate.org.apache.http.wire - http-outgoing-41 >> "Accept-Encoding: gzip,deflate[\r][\n]"
13:04:59.735 [main] DEBUG karate.org.apache.http.wire - http-outgoing-41 >> "[\r][\n]"
13:04:59.735 [main] DEBUG karate.org.apache.http.wire - http-outgoing-41 >> "{"name":"Deepak Rawat1","sport":{"hockey":"good Gar[0xc3][0xa7]on [0xc3][0x80] la carte Ma[0xc3][0xae]tre d\u2019h[0xc3][0xb4]tel","football":"better"}}"
13:04:59.805 [main] DEBUG karate.org.apache.http.wire - http-outgoing-41 << "HTTP/1.1 403 Forbidden[\r][\n]"
13:04:59.805 [main] DEBUG karate.org.apache.http.wire - http-outgoing-41 << "Content-Type: application/json;charset=ISO-8859-1[\r][\n]"
13:04:59.805 [main] DEBUG karate.org.apache.http.wire - http-outgoing-41 << "Content-Length: 265[\r][\n]"
13:04:59.805 [main] DEBUG karate.org.apache.http.wire - http-outgoing-41 << "Connection: keep-alive[\r][\n]"
13:04:59.805 [main] DEBUG karate.org.apache.http.wire - http-outgoing-41 << "date: Fri, 09 Aug 2024 17:04:59 GMT[\r][\n]"
13:04:59.805 [main] DEBUG karate.org.apache.http.wire - http-outgoing-41 << "kong-request-id: 3aa5f36c-7f69-4b8a-8ad5-11779bbbdd62#359210[\r][\n]"
13:04:59.805 [main] DEBUG karate.org.apache.http.wire - http-outgoing-41 << "vary: Origin[\r][\n]"
13:04:59.805 [main] DEBUG karate.org.apache.http.wire - http-outgoing-41 << "x-kong-upstream-latency: 28[\r][\n]"
13:04:59.805 [main] DEBUG karate.org.apache.http.wire - http-outgoing-41 << "x-kong-proxy-latency: 1[\r][\n]"
13:04:59.805 [main] DEBUG karate.org.apache.http.wire - http-outgoing-41 << "via: kong/3.4.3.11-enterprise-edition[\r][\n]"
13:04:59.805 [main] DEBUG karate.org.apache.http.wire - http-outgoing-41 << "x-kong-request-id: e004051792e3bb017a4ec76ec952bc26[\r][\n]"
13:04:59.805 [main] DEBUG karate.org.apache.http.wire - http-outgoing-41 << "vary: Origin[\r][\n]"
13:04:59.805 [main] DEBUG karate.org.apache.http.wire - http-outgoing-41 << "vary: Origin[\r][\n]"
13:04:59.805 [main] DEBUG karate.org.apache.http.wire - http-outgoing-41 << "[\r][\n]"
13:04:59.805 [main] DEBUG karate.org.apache.http.wire - http-outgoing-41 << "{"code":"403","reason":"you are not allowed for the request","message":"you are not allowed for the request: /customer/TempStorage/v1/storage/1/create","status":"FORBIDDEN","referenceError":"java.lang.Exception: you are not allowed for the request","createTs":null}"
13:04:59.805 [main] DEBUG karate.org.apache.http.headers - http-outgoing-41 << HTTP/1.1 403 Forbidden
13:04:59.805 [main] DEBUG karate.org.apache.http.headers - http-outgoing-41 << Content-Type: application/json;charset=ISO-8859-1
13:04:59.805 [main] DEBUG karate.org.apache.http.headers - http-outgoing-41 << Content-Length: 265
13:04:59.805 [main] DEBUG karate.org.apache.http.headers - http-outgoing-41 << Connection: keep-alive
13:04:59.805 [main] DEBUG karate.org.apache.http.headers - http-outgoing-41 << date: Fri, 09 Aug 2024 17:04:59 GMT
13:04:59.805 [main] DEBUG karate.org.apache.http.headers - http-outgoing-41 << kong-request-id: 3aa5f36c-7f69-4b8a-8ad5-11779bbbdd62#359210
13:04:59.805 [main] DEBUG karate.org.apache.http.headers - http-outgoing-41 << vary: Origin
13:04:59.805 [main] DEBUG karate.org.apache.http.headers - http-outgoing-41 << x-kong-upstream-latency: 28
13:04:59.805 [main] DEBUG karate.org.apache.http.headers - http-outgoing-41 << x-kong-proxy-latency: 1
13:04:59.805 [main] DEBUG karate.org.apache.http.headers - http-outgoing-41 << via: kong/3.4.3.11-enterprise-edition
13:04:59.805 [main] DEBUG karate.org.apache.http.headers - http-outgoing-41 << x-kong-request-id: e004051792e3bb017a4ec76ec952bc26
13:04:59.805 [main] DEBUG karate.org.apache.http.headers - http-outgoing-41 << vary: Origin
13:04:59.805 [main] DEBUG karate.org.apache.http.headers - http-outgoing-41 << vary: Origin
13:04:59.805 [main] DEBUG karate.org.apache.http.impl.execchain.MainClientExec - Connection can be kept alive indefinitely
13:04:59.805 [main] DEBUG karate.org.apache.http.impl.conn.PoolingHttpClientConnectionManager - Connection [id: 41][route: {s}->https://apigw-st.telus.com:443] can be kept alive indefinitely
13:04:59.805 [main] DEBUG karate.org.apache.http.impl.conn.DefaultManagedHttpClientConnection - http-outgoing-41: set socket timeout to 0
13:04:59.805 [main] DEBUG karate.org.apache.http.impl.conn.PoolingHttpClientConnectionManager - Connection released: [id: 41][route: {s}->https://apigw-st.telus.com:443][total available: 1; route allocated: 1 of 5; total allocated: 1 of 10]
13:04:59.806 [main] DEBUG com.intuit.karate - response time in milliseconds: 172
1 < 403
1 < Content-Type: application/json;charset=ISO-8859-1
1 < Content-Length: 265
1 < Connection: keep-alive
1 < date: Fri, 09 Aug 2024 17:04:59 GMT
1 < kong-request-id: 3aa5f36c-7f69-4b8a-8ad5-11779bbbdd62#359210
1 < vary: Origin
1 < vary: Origin
1 < vary: Origin
1 < x-kong-upstream-latency: 28
1 < x-kong-proxy-latency: 1
1 < via: kong/3.4.3.11-enterprise-edition
1 < x-kong-request-id: e004051792e3bb017a4ec76ec952bc26
{"code":"403","reason":"you are not allowed for the request","message":"you are not allowed for the request: /customer/TempStorage/v1/storage/1/create","status":"FORBIDDEN","referenceError":"java.lang.Exception: you are not allowed for the request","createTs":null}
13:04:59.806 [main] ERROR com.intuit.karate - classpath:feature/TempStorage_a_POST.feature:33
Then status 201
status code was: 403, expected: 201, response time in milliseconds: 172, url: https://apigw-st.telus.com/customer/contactCenterTempStorage/v1/storage/1/create?ttl=10000&group=a, response: 
{"code":"403","reason":"you are not allowed for the request","message":"you are not allowed for the request: /customer/TempStorage/v1/storage/1/create","status":"FORBIDDEN","referenceError":"java.lang.Exception: you are not allowed for the request","createTs":null}
classpath:feature/TempStorage_a_POST.feature:33
13:04:59.814 [main] DEBUG com.jayway.jsonpath.internal.path.CompiledPath - Evaluating path: $
13:04:59.815 [main] INFO com.intuit.karate - [print] [
  {
    "storage_id": "1",
    "group": "a"
  },
  {
    "storage_id": "2",
    "group": "b"
  }
]
 
13:04:59.816 [main] DEBUG com.jayway.jsonpath.internal.path.CompiledPath - Evaluating path: $..['storage_id']
13:04:59.817 [main] INFO com.intuit.karate - [print] 1 
13:04:59.817 [main] DEBUG com.jayway.jsonpath.internal.path.CompiledPath - Evaluating path: $..['storage_id']
13:04:59.818 [main] INFO com.intuit.karate - [print] 1 
13:04:59.819 [main] DEBUG com.jayway.jsonpath.internal.path.CompiledPath - Evaluating path: $..['group']
13:04:59.819 [main] DEBUG com.jayway.jsonpath.internal.path.CompiledPath - Evaluating path: $..['group']
13:04:59.819 [main] INFO com.intuit.karate - [print] a 
13:04:59.819 [main] INFO com.intuit.karate - [print] eyJhbGciOiJSUzI1NiIsImtpZCI6ImNhZGZhMTYyLTU2YzEtNGRiOS1hNjNmLTYwZTM3NzIwMWJkZiIsInBpLmF0bSI6IjMifQ.eyJzY29wZSI6WyI0NzIwIl0sImF1dGhvcml6YXRpb25fZGV0YWlscyI6W10sImNsaWVudF9pZCI6IjUyZTgwYmZhLWI0MmMtNDdkNy05OGI1LThiYjg3YzkyNjIwOSIsImlzcyI6Imh0dHBzOi8vdGVhbXNzby1pdHMwNC50ZWx1cy5jb20iLCJhdWQiOiJrb25nIiwiaWF0IjoxNzIzMjIzMDg5LCJleHAiOjE3MjMyMjMzODl9.flESEmYyI_eCkBmzn54OkGfP2lAIxnyqs2XbjtABUAmEnkCOQe8uoiUdROg_nBCNsbluJLTMIyv2VQYcEFeVpzwJIN4AH00KC-3px8L7DRMcbbbRqgIOGamUVRjytKBt3cFR1XVCW32bLo_XlS6M0CPdsCtowSRRwenf6htGC3loiXiWZ8pxuYaJNnmQfuSN9rWpZNHc8y-eYDl0xm6EoEXQSfatP3EAxDBw6tgqlb5patcu_afyMqKiHha9IdISwDeMrqyfvgoAR4Sqhdy3Uxp_k_xzmM-XWElgzY0YfiUnRnIl01fsIz1UO7xaed3xVyVlwsYrq6nB9I57SYDk-A 
13:04:59.820 [main] INFO com.intuit.karate - [print] 2 
13:04:59.821 [main] DEBUG karate.org.apache.http.client.protocol.RequestAddCookies - CookieSpec selected: karate
13:04:59.821 [main] DEBUG karate.org.apache.http.client.protocol.RequestAuthCache - Auth cache not set in the context
13:04:59.821 [main] DEBUG com.intuit.karate - request:
1 > POST https://apigw-st.telus.com/customer/contactCenterTempStorage/v1/storage/2/create?ttl=10000&group=a
1 > env: it01
1 > Content-Type: application/json; charset=UTF-8
1 > Authorization: Bearer eyJhbGciOiJSUzI1NiIsImtpZCI6ImNhZGZhMTYyLTU2YzEtNGRiOS1hNjNmLTYwZTM3NzIwMWJkZiIsInBpLmF0bSI6IjMifQ.eyJzY29wZSI6WyI0NzIwIl0sImF1dGhvcml6YXRpb25fZGV0YWlscyI6W10sImNsaWVudF9pZCI6IjUyZTgwYmZhLWI0MmMtNDdkNy05OGI1LThiYjg3YzkyNjIwOSIsImlzcyI6Imh0dHBzOi8vdGVhbXNzby1pdHMwNC50ZWx1cy5jb20iLCJhdWQiOiJrb25nIiwiaWF0IjoxNzIzMjIzMDg5LCJleHAiOjE3MjMyMjMzODl9.flESEmYyI_eCkBmzn54OkGfP2lAIxnyqs2XbjtABUAmEnkCOQe8uoiUdROg_nBCNsbluJLTMIyv2VQYcEFeVpzwJIN4AH00KC-3px8L7DRMcbbbRqgIOGamUVRjytKBt3cFR1XVCW32bLo_XlS6M0CPdsCtowSRRwenf6htGC3loiXiWZ8pxuYaJNnmQfuSN9rWpZNHc8y-eYDl0xm6EoEXQSfatP3EAxDBw6tgqlb5patcu_afyMqKiHha9IdISwDeMrqyfvgoAR4Sqhdy3Uxp_k_xzmM-XWElgzY0YfiUnRnIl01fsIz1UO7xaed3xVyVlwsYrq6nB9I57SYDk-A
1 > Content-Length: 112
1 > Host: apigw-st.telus.com
1 > Connection: Keep-Alive
1 > User-Agent: Apache-HttpClient/4.5.13 (Java/20.0.2)
1 > Accept-Encoding: gzip,deflate
{"name":"Deepak Rawat1","sport":{"hockey":"good Garçon À la carte Maître d\u2019hôtel","football":"better"}}

13:04:59.821 [main] DEBUG karate.org.apache.http.impl.conn.PoolingHttpClientConnectionManager - Connection request: [route: {s}->https://apigw-st.telus.com:443][total available: 0; route allocated: 0 of 5; total allocated: 0 of 10]
13:04:59.821 [main] DEBUG karate.org.apache.http.impl.conn.PoolingHttpClientConnectionManager - Connection leased: [id: 42][route: {s}->https://apigw-st.telus.com:443][total available: 0; route allocated: 1 of 5; total allocated: 1 of 10]
13:04:59.821 [main] DEBUG karate.org.apache.http.impl.execchain.MainClientExec - Opening connection {s}->https://apigw-st.telus.com:443
13:04:59.822 [main] DEBUG karate.org.apache.http.impl.conn.DefaultHttpClientConnectionOperator - Connecting to apigw-st.telus.com/207.219.84.31:443
13:04:59.822 [main] DEBUG karate.org.apache.http.conn.ssl.LenientSslConnectionSocketFactory - Connecting socket to apigw-st.telus.com/207.219.84.31:443 with timeout 10000
13:04:59.861 [main] DEBUG karate.org.apache.http.conn.ssl.LenientSslConnectionSocketFactory - Enabled protocols: [TLSv1.3, TLSv1.2]
13:04:59.862 [main] DEBUG karate.org.apache.http.conn.ssl.LenientSslConnectionSocketFactory - Enabled cipher suites:[TLS_AES_256_GCM_SHA384, TLS_AES_128_GCM_SHA256, TLS_CHACHA20_POLY1305_SHA256, TLS_ECDHE_ECDSA_WITH_AES_256_GCM_SHA384, TLS_ECDHE_ECDSA_WITH_AES_128_GCM_SHA256, TLS_ECDHE_ECDSA_WITH_CHACHA20_POLY1305_SHA256, TLS_ECDHE_RSA_WITH_AES_256_GCM_SHA384, TLS_ECDHE_RSA_WITH_CHACHA20_POLY1305_SHA256, TLS_ECDHE_RSA_WITH_AES_128_GCM_SHA256, TLS_DHE_RSA_WITH_AES_256_GCM_SHA384, TLS_DHE_RSA_WITH_CHACHA20_POLY1305_SHA256, TLS_DHE_DSS_WITH_AES_256_GCM_SHA384, TLS_DHE_RSA_WITH_AES_128_GCM_SHA256, TLS_DHE_DSS_WITH_AES_128_GCM_SHA256, TLS_ECDHE_ECDSA_WITH_AES_256_CBC_SHA384, TLS_ECDHE_RSA_WITH_AES_256_CBC_SHA384, TLS_ECDHE_ECDSA_WITH_AES_128_CBC_SHA256, TLS_ECDHE_RSA_WITH_AES_128_CBC_SHA256, TLS_DHE_RSA_WITH_AES_256_CBC_SHA256, TLS_DHE_DSS_WITH_AES_256_CBC_SHA256, TLS_DHE_RSA_WITH_AES_128_CBC_SHA256, TLS_DHE_DSS_WITH_AES_128_CBC_SHA256, TLS_ECDHE_ECDSA_WITH_AES_256_CBC_SHA, TLS_ECDHE_RSA_WITH_AES_256_CBC_SHA, TLS_ECDHE_ECDSA_WITH_AES_128_CBC_SHA, TLS_ECDHE_RSA_WITH_AES_128_CBC_SHA, TLS_DHE_RSA_WITH_AES_256_CBC_SHA, TLS_DHE_DSS_WITH_AES_256_CBC_SHA, TLS_DHE_RSA_WITH_AES_128_CBC_SHA, TLS_DHE_DSS_WITH_AES_128_CBC_SHA, TLS_RSA_WITH_AES_256_GCM_SHA384, TLS_RSA_WITH_AES_128_GCM_SHA256, TLS_RSA_WITH_AES_256_CBC_SHA256, TLS_RSA_WITH_AES_128_CBC_SHA256, TLS_RSA_WITH_AES_256_CBC_SHA, TLS_RSA_WITH_AES_128_CBC_SHA, TLS_EMPTY_RENEGOTIATION_INFO_SCSV]
13:04:59.862 [main] DEBUG karate.org.apache.http.conn.ssl.LenientSslConnectionSocketFactory - Starting handshake
13:04:59.917 [main] DEBUG karate.org.apache.http.conn.ssl.LenientSslConnectionSocketFactory - Secure session established
13:04:59.917 [main] DEBUG karate.org.apache.http.conn.ssl.LenientSslConnectionSocketFactory -  negotiated protocol: TLSv1.3
13:04:59.917 [main] DEBUG karate.org.apache.http.conn.ssl.LenientSslConnectionSocketFactory -  negotiated cipher suite: TLS_AES_128_GCM_SHA256
13:04:59.917 [main] DEBUG karate.org.apache.http.conn.ssl.LenientSslConnectionSocketFactory -  peer principal: CN=apigw-soap-st.telus.com, O=TELUS Corp., L=Vancouver, ST=British Columbia, C=CA
13:04:59.917 [main] DEBUG karate.org.apache.http.conn.ssl.LenientSslConnectionSocketFactory -  peer alternative names: [apigw-soap-st.telus.com, apigw-st.telus.com, apigw-qidc-st.telus.com, apigw-kidc-st.telus.com, apigw-soap-qidc-st.telus.com, apigw-soap-kidc-st.telus.com]
13:04:59.917 [main] DEBUG karate.org.apache.http.conn.ssl.LenientSslConnectionSocketFactory -  issuer principal: CN=DigiCert Global G2 TLS RSA SHA256 2020 CA1, O=DigiCert Inc, C=US
13:04:59.917 [main] DEBUG karate.org.apache.http.impl.conn.DefaultHttpClientConnectionOperator - Connection established 192.168.1.65:54980<->207.219.84.31:443
13:04:59.917 [main] DEBUG karate.org.apache.http.impl.conn.DefaultManagedHttpClientConnection - http-outgoing-42: set socket timeout to 20000
13:04:59.917 [main] DEBUG karate.org.apache.http.impl.execchain.MainClientExec - Executing request POST /customer/contactCenterTempStorage/v1/storage/2/create?ttl=10000&group=a HTTP/1.1
13:04:59.917 [main] DEBUG karate.org.apache.http.impl.execchain.MainClientExec - Proxy auth state: UNCHALLENGED
13:04:59.918 [main] DEBUG karate.org.apache.http.headers - http-outgoing-42 >> POST /customer/contactCenterTempStorage/v1/storage/2/create?ttl=10000&group=a HTTP/1.1
13:04:59.918 [main] DEBUG karate.org.apache.http.headers - http-outgoing-42 >> env: it01
13:04:59.918 [main] DEBUG karate.org.apache.http.headers - http-outgoing-42 >> Content-Type: application/json; charset=UTF-8
13:04:59.918 [main] DEBUG karate.org.apache.http.headers - http-outgoing-42 >> Authorization: Bearer eyJhbGciOiJSUzI1NiIsImtpZCI6ImNhZGZhMTYyLTU2YzEtNGRiOS1hNjNmLTYwZTM3NzIwMWJkZiIsInBpLmF0bSI6IjMifQ.eyJzY29wZSI6WyI0NzIwIl0sImF1dGhvcml6YXRpb25fZGV0YWlscyI6W10sImNsaWVudF9pZCI6IjUyZTgwYmZhLWI0MmMtNDdkNy05OGI1LThiYjg3YzkyNjIwOSIsImlzcyI6Imh0dHBzOi8vdGVhbXNzby1pdHMwNC50ZWx1cy5jb20iLCJhdWQiOiJrb25nIiwiaWF0IjoxNzIzMjIzMDg5LCJleHAiOjE3MjMyMjMzODl9.flESEmYyI_eCkBmzn54OkGfP2lAIxnyqs2XbjtABUAmEnkCOQe8uoiUdROg_nBCNsbluJLTMIyv2VQYcEFeVpzwJIN4AH00KC-3px8L7DRMcbbbRqgIOGamUVRjytKBt3cFR1XVCW32bLo_XlS6M0CPdsCtowSRRwenf6htGC3loiXiWZ8pxuYaJNnmQfuSN9rWpZNHc8y-eYDl0xm6EoEXQSfatP3EAxDBw6tgqlb5patcu_afyMqKiHha9IdISwDeMrqyfvgoAR4Sqhdy3Uxp_k_xzmM-XWElgzY0YfiUnRnIl01fsIz1UO7xaed3xVyVlwsYrq6nB9I57SYDk-A
13:04:59.918 [main] DEBUG karate.org.apache.http.headers - http-outgoing-42 >> Content-Length: 112
13:04:59.918 [main] DEBUG karate.org.apache.http.headers - http-outgoing-42 >> Host: apigw-st.telus.com
13:04:59.918 [main] DEBUG karate.org.apache.http.headers - http-outgoing-42 >> Connection: Keep-Alive
13:04:59.918 [main] DEBUG karate.org.apache.http.headers - http-outgoing-42 >> User-Agent: Apache-HttpClient/4.5.13 (Java/20.0.2)
13:04:59.918 [main] DEBUG karate.org.apache.http.headers - http-outgoing-42 >> Accept-Encoding: gzip,deflate
13:04:59.918 [main] DEBUG karate.org.apache.http.wire - http-outgoing-42 >> "POST /customer/contactCenterTempStorage/v1/storage/2/create?ttl=10000&group=a HTTP/1.1[\r][\n]"
13:04:59.918 [main] DEBUG karate.org.apache.http.wire - http-outgoing-42 >> "env: it01[\r][\n]"
13:04:59.918 [main] DEBUG karate.org.apache.http.wire - http-outgoing-42 >> "Content-Type: application/json; charset=UTF-8[\r][\n]"
13:04:59.918 [main] DEBUG karate.org.apache.http.wire - http-outgoing-42 >> "Authorization: Bearer eyJhbGciOiJSUzI1NiIsImtpZCI6ImNhZGZhMTYyLTU2YzEtNGRiOS1hNjNmLTYwZTM3NzIwMWJkZiIsInBpLmF0bSI6IjMifQ.eyJzY29wZSI6WyI0NzIwIl0sImF1dGhvcml6YXRpb25fZGV0YWlscyI6W10sImNsaWVudF9pZCI6IjUyZTgwYmZhLWI0MmMtNDdkNy05OGI1LThiYjg3YzkyNjIwOSIsImlzcyI6Imh0dHBzOi8vdGVhbXNzby1pdHMwNC50ZWx1cy5jb20iLCJhdWQiOiJrb25nIiwiaWF0IjoxNzIzMjIzMDg5LCJleHAiOjE3MjMyMjMzODl9.flESEmYyI_eCkBmzn54OkGfP2lAIxnyqs2XbjtABUAmEnkCOQe8uoiUdROg_nBCNsbluJLTMIyv2VQYcEFeVpzwJIN4AH00KC-3px8L7DRMcbbbRqgIOGamUVRjytKBt3cFR1XVCW32bLo_XlS6M0CPdsCtowSRRwenf6htGC3loiXiWZ8pxuYaJNnmQfuSN9rWpZNHc8y-eYDl0xm6EoEXQSfatP3EAxDBw6tgqlb5patcu_afyMqKiHha9IdISwDeMrqyfvgoAR4Sqhdy3Uxp_k_xzmM-XWElgzY0YfiUnRnIl01fsIz1UO7xaed3xVyVlwsYrq6nB9I57SYDk-A[\r][\n]"
13:04:59.918 [main] DEBUG karate.org.apache.http.wire - http-outgoing-42 >> "Content-Length: 112[\r][\n]"
13:04:59.918 [main] DEBUG karate.org.apache.http.wire - http-outgoing-42 >> "Host: apigw-st.telus.com[\r][\n]"
13:04:59.918 [main] DEBUG karate.org.apache.http.wire - http-outgoing-42 >> "Connection: Keep-Alive[\r][\n]"
13:04:59.918 [main] DEBUG karate.org.apache.http.wire - http-outgoing-42 >> "User-Agent: Apache-HttpClient/4.5.13 (Java/20.0.2)[\r][\n]"
13:04:59.918 [main] DEBUG karate.org.apache.http.wire - http-outgoing-42 >> "Accept-Encoding: gzip,deflate[\r][\n]"
13:04:59.918 [main] DEBUG karate.org.apache.http.wire - http-outgoing-42 >> "[\r][\n]"
13:04:59.918 [main] DEBUG karate.org.apache.http.wire - http-outgoing-42 >> "{"name":"Deepak Rawat1","sport":{"hockey":"good Gar[0xc3][0xa7]on [0xc3][0x80] la carte Ma[0xc3][0xae]tre d\u2019h[0xc3][0xb4]tel","football":"better"}}"
13:05:00.007 [main] DEBUG karate.org.apache.http.wire - http-outgoing-42 << "HTTP/1.1 403 Forbidden[\r][\n]"
13:05:00.007 [main] DEBUG karate.org.apache.http.wire - http-outgoing-42 << "Content-Type: application/json;charset=ISO-8859-1[\r][\n]"
13:05:00.007 [main] DEBUG karate.org.apache.http.wire - http-outgoing-42 << "Content-Length: 265[\r][\n]"
13:05:00.007 [main] DEBUG karate.org.apache.http.wire - http-outgoing-42 << "Connection: keep-alive[\r][\n]"
13:05:00.007 [main] DEBUG karate.org.apache.http.wire - http-outgoing-42 << "date: Fri, 09 Aug 2024 17:04:59 GMT[\r][\n]"
13:05:00.007 [main] DEBUG karate.org.apache.http.wire - http-outgoing-42 << "kong-request-id: b4511ed7-1411-4db6-9ebf-710fb2a491a1#178655[\r][\n]"
13:05:00.007 [main] DEBUG karate.org.apache.http.wire - http-outgoing-42 << "vary: Origin[\r][\n]"
13:05:00.007 [main] DEBUG karate.org.apache.http.wire - http-outgoing-42 << "x-kong-upstream-latency: 47[\r][\n]"
13:05:00.007 [main] DEBUG karate.org.apache.http.wire - http-outgoing-42 << "x-kong-proxy-latency: 2[\r][\n]"
13:05:00.007 [main] DEBUG karate.org.apache.http.wire - http-outgoing-42 << "via: kong/3.4.3.11-enterprise-edition[\r][\n]"
13:05:00.007 [main] DEBUG karate.org.apache.http.wire - http-outgoing-42 << "x-kong-request-id: 8a0566566e8904461dcaf536a65e9277[\r][\n]"
13:05:00.007 [main] DEBUG karate.org.apache.http.wire - http-outgoing-42 << "vary: Origin[\r][\n]"
13:05:00.007 [main] DEBUG karate.org.apache.http.wire - http-outgoing-42 << "vary: Origin[\r][\n]"
13:05:00.007 [main] DEBUG karate.org.apache.http.wire - http-outgoing-42 << "[\r][\n]"
13:05:00.007 [main] DEBUG karate.org.apache.http.wire - http-outgoing-42 << "{"code":"403","reason":"you are not allowed for the request","message":"you are not allowed for the request: /customer/TempStorage/v1/storage/2/create","status":"FORBIDDEN","referenceError":"java.lang.Exception: you are not allowed for the request","createTs":null}"
13:05:00.007 [main] DEBUG karate.org.apache.http.headers - http-outgoing-42 << HTTP/1.1 403 Forbidden
13:05:00.007 [main] DEBUG karate.org.apache.http.headers - http-outgoing-42 << Content-Type: application/json;charset=ISO-8859-1
13:05:00.008 [main] DEBUG karate.org.apache.http.headers - http-outgoing-42 << Content-Length: 265
13:05:00.008 [main] DEBUG karate.org.apache.http.headers - http-outgoing-42 << Connection: keep-alive
13:05:00.008 [main] DEBUG karate.org.apache.http.headers - http-outgoing-42 << date: Fri, 09 Aug 2024 17:04:59 GMT
13:05:00.008 [main] DEBUG karate.org.apache.http.headers - http-outgoing-42 << kong-request-id: b4511ed7-1411-4db6-9ebf-710fb2a491a1#178655
13:05:00.008 [main] DEBUG karate.org.apache.http.headers - http-outgoing-42 << vary: Origin
13:05:00.008 [main] DEBUG karate.org.apache.http.headers - http-outgoing-42 << x-kong-upstream-latency: 47
13:05:00.008 [main] DEBUG karate.org.apache.http.headers - http-outgoing-42 << x-kong-proxy-latency: 2
13:05:00.008 [main] DEBUG karate.org.apache.http.headers - http-outgoing-42 << via: kong/3.4.3.11-enterprise-edition
13:05:00.008 [main] DEBUG karate.org.apache.http.headers - http-outgoing-42 << x-kong-request-id: 8a0566566e8904461dcaf536a65e9277
13:05:00.008 [main] DEBUG karate.org.apache.http.headers - http-outgoing-42 << vary: Origin
13:05:00.008 [main] DEBUG karate.org.apache.http.headers - http-outgoing-42 << vary: Origin
13:05:00.008 [main] DEBUG karate.org.apache.http.impl.execchain.MainClientExec - Connection can be kept alive indefinitely
13:05:00.008 [main] DEBUG karate.org.apache.http.impl.conn.PoolingHttpClientConnectionManager - Connection [id: 42][route: {s}->https://apigw-st.telus.com:443] can be kept alive indefinitely
13:05:00.008 [main] DEBUG karate.org.apache.http.impl.conn.DefaultManagedHttpClientConnection - http-outgoing-42: set socket timeout to 0
13:05:00.009 [main] DEBUG karate.org.apache.http.impl.conn.PoolingHttpClientConnectionManager - Connection released: [id: 42][route: {s}->https://apigw-st.telus.com:443][total available: 1; route allocated: 1 of 5; total allocated: 1 of 10]
13:05:00.009 [main] DEBUG com.intuit.karate - response time in milliseconds: 188
1 < 403
1 < Content-Type: application/json;charset=ISO-8859-1
1 < Content-Length: 265
1 < Connection: keep-alive
1 < date: Fri, 09 Aug 2024 17:04:59 GMT
1 < kong-request-id: b4511ed7-1411-4db6-9ebf-710fb2a491a1#178655
1 < vary: Origin
1 < vary: Origin
1 < vary: Origin
1 < x-kong-upstream-latency: 47
1 < x-kong-proxy-latency: 2
1 < via: kong/3.4.3.11-enterprise-edition
1 < x-kong-request-id: 8a0566566e8904461dcaf536a65e9277
{"code":"403","reason":"you are not allowed for the request","message":"you are not allowed for the request: /customer/TempStorage/v1/storage/2/create","status":"FORBIDDEN","referenceError":"java.lang.Exception: you are not allowed for the request","createTs":null}
13:05:00.010 [main] ERROR com.intuit.karate - classpath:feature/TempStorage_a_POST.feature:43
Then status 201
status code was: 403, expected: 201, response time in milliseconds: 188, url: https://apigw-st.telus.com/customer/contactCenterTempStorage/v1/storage/2/create?ttl=10000&group=a, response: 
{"code":"403","reason":"you are not allowed for the request","message":"you are not allowed for the request: /customer/TempStorage/v1/storage/2/create","status":"FORBIDDEN","referenceError":"java.lang.Exception: you are not allowed for the request","createTs":null}
classpath:feature/TempStorage_a_POST.feature:43
13:05:00.016 [main] DEBUG com.jayway.jsonpath.internal.path.CompiledPath - Evaluating path: $
13:05:00.018 [main] INFO com.intuit.karate - [print] [
  {
    "storage_id": "1",
    "group": "a"
  },
  {
    "storage_id": "2",
    "group": "b"
  }
]
 
13:05:00.018 [main] DEBUG com.jayway.jsonpath.internal.path.CompiledPath - Evaluating path: $..['storage_id']
13:05:00.018 [main] INFO com.intuit.karate - [print] 1 
13:05:00.018 [main] DEBUG com.jayway.jsonpath.internal.path.CompiledPath - Evaluating path: $..['storage_id']
13:05:00.019 [main] INFO com.intuit.karate - [print] 1 
13:05:00.020 [main] DEBUG com.jayway.jsonpath.internal.path.CompiledPath - Evaluating path: $..['group']
13:05:00.020 [main] DEBUG com.jayway.jsonpath.internal.path.CompiledPath - Evaluating path: $..['group']
13:05:00.020 [main] INFO com.intuit.karate - [print] a 
13:05:00.020 [main] INFO com.intuit.karate - [print] eyJhbGciOiJSUzI1NiIsImtpZCI6ImNhZGZhMTYyLTU2YzEtNGRiOS1hNjNmLTYwZTM3NzIwMWJkZiIsInBpLmF0bSI6IjMifQ.eyJzY29wZSI6WyI0NzIwIl0sImF1dGhvcml6YXRpb25fZGV0YWlscyI6W10sImNsaWVudF9pZCI6IjUyZTgwYmZhLWI0MmMtNDdkNy05OGI1LThiYjg3YzkyNjIwOSIsImlzcyI6Imh0dHBzOi8vdGVhbXNzby1pdHMwNC50ZWx1cy5jb20iLCJhdWQiOiJrb25nIiwiaWF0IjoxNzIzMjIzMDg5LCJleHAiOjE3MjMyMjMzODl9.flESEmYyI_eCkBmzn54OkGfP2lAIxnyqs2XbjtABUAmEnkCOQe8uoiUdROg_nBCNsbluJLTMIyv2VQYcEFeVpzwJIN4AH00KC-3px8L7DRMcbbbRqgIOGamUVRjytKBt3cFR1XVCW32bLo_XlS6M0CPdsCtowSRRwenf6htGC3loiXiWZ8pxuYaJNnmQfuSN9rWpZNHc8y-eYDl0xm6EoEXQSfatP3EAxDBw6tgqlb5patcu_afyMqKiHha9IdISwDeMrqyfvgoAR4Sqhdy3Uxp_k_xzmM-XWElgzY0YfiUnRnIl01fsIz1UO7xaed3xVyVlwsYrq6nB9I57SYDk-A 
13:05:00.020 [main] INFO com.intuit.karate - [print] 2 
13:05:00.022 [main] DEBUG karate.org.apache.http.client.protocol.RequestAddCookies - CookieSpec selected: karate
13:05:00.022 [main] DEBUG karate.org.apache.http.client.protocol.RequestAuthCache - Auth cache not set in the context
13:05:00.022 [main] DEBUG com.intuit.karate - request:
1 > POST https://apigw-st.telus.com/customer/contactCenterTempStorage/v1/storage/2/create?ttl=10000&group=b
1 > env: it01
1 > Content-Type: application/json; charset=UTF-8
1 > Authorization: Bearer eyJhbGciOiJSUzI1NiIsImtpZCI6ImNhZGZhMTYyLTU2YzEtNGRiOS1hNjNmLTYwZTM3NzIwMWJkZiIsInBpLmF0bSI6IjMifQ.eyJzY29wZSI6WyI0NzIwIl0sImF1dGhvcml6YXRpb25fZGV0YWlscyI6W10sImNsaWVudF9pZCI6IjUyZTgwYmZhLWI0MmMtNDdkNy05OGI1LThiYjg3YzkyNjIwOSIsImlzcyI6Imh0dHBzOi8vdGVhbXNzby1pdHMwNC50ZWx1cy5jb20iLCJhdWQiOiJrb25nIiwiaWF0IjoxNzIzMjIzMDg5LCJleHAiOjE3MjMyMjMzODl9.flESEmYyI_eCkBmzn54OkGfP2lAIxnyqs2XbjtABUAmEnkCOQe8uoiUdROg_nBCNsbluJLTMIyv2VQYcEFeVpzwJIN4AH00KC-3px8L7DRMcbbbRqgIOGamUVRjytKBt3cFR1XVCW32bLo_XlS6M0CPdsCtowSRRwenf6htGC3loiXiWZ8pxuYaJNnmQfuSN9rWpZNHc8y-eYDl0xm6EoEXQSfatP3EAxDBw6tgqlb5patcu_afyMqKiHha9IdISwDeMrqyfvgoAR4Sqhdy3Uxp_k_xzmM-XWElgzY0YfiUnRnIl01fsIz1UO7xaed3xVyVlwsYrq6nB9I57SYDk-A
1 > Content-Length: 112
1 > Host: apigw-st.telus.com
1 > Connection: Keep-Alive
1 > User-Agent: Apache-HttpClient/4.5.13 (Java/20.0.2)
1 > Accept-Encoding: gzip,deflate
{"name":"Deepak Rawat1","sport":{"hockey":"good Garçon À la carte Maître d\u2019hôtel","football":"better"}}

13:05:00.022 [main] DEBUG karate.org.apache.http.impl.conn.PoolingHttpClientConnectionManager - Connection request: [route: {s}->https://apigw-st.telus.com:443][total available: 0; route allocated: 0 of 5; total allocated: 0 of 10]
13:05:00.022 [main] DEBUG karate.org.apache.http.impl.conn.PoolingHttpClientConnectionManager - Connection leased: [id: 43][route: {s}->https://apigw-st.telus.com:443][total available: 0; route allocated: 1 of 5; total allocated: 1 of 10]
13:05:00.022 [main] DEBUG karate.org.apache.http.impl.execchain.MainClientExec - Opening connection {s}->https://apigw-st.telus.com:443
13:05:00.023 [main] DEBUG karate.org.apache.http.impl.conn.DefaultHttpClientConnectionOperator - Connecting to apigw-st.telus.com/207.219.84.31:443
13:05:00.023 [main] DEBUG karate.org.apache.http.conn.ssl.LenientSslConnectionSocketFactory - Connecting socket to apigw-st.telus.com/207.219.84.31:443 with timeout 10000
13:05:00.062 [main] DEBUG karate.org.apache.http.conn.ssl.LenientSslConnectionSocketFactory - Enabled protocols: [TLSv1.3, TLSv1.2]
13:05:00.062 [main] DEBUG karate.org.apache.http.conn.ssl.LenientSslConnectionSocketFactory - Enabled cipher suites:[TLS_AES_256_GCM_SHA384, TLS_AES_128_GCM_SHA256, TLS_CHACHA20_POLY1305_SHA256, TLS_ECDHE_ECDSA_WITH_AES_256_GCM_SHA384, TLS_ECDHE_ECDSA_WITH_AES_128_GCM_SHA256, TLS_ECDHE_ECDSA_WITH_CHACHA20_POLY1305_SHA256, TLS_ECDHE_RSA_WITH_AES_256_GCM_SHA384, TLS_ECDHE_RSA_WITH_CHACHA20_POLY1305_SHA256, TLS_ECDHE_RSA_WITH_AES_128_GCM_SHA256, TLS_DHE_RSA_WITH_AES_256_GCM_SHA384, TLS_DHE_RSA_WITH_CHACHA20_POLY1305_SHA256, TLS_DHE_DSS_WITH_AES_256_GCM_SHA384, TLS_DHE_RSA_WITH_AES_128_GCM_SHA256, TLS_DHE_DSS_WITH_AES_128_GCM_SHA256, TLS_ECDHE_ECDSA_WITH_AES_256_CBC_SHA384, TLS_ECDHE_RSA_WITH_AES_256_CBC_SHA384, TLS_ECDHE_ECDSA_WITH_AES_128_CBC_SHA256, TLS_ECDHE_RSA_WITH_AES_128_CBC_SHA256, TLS_DHE_RSA_WITH_AES_256_CBC_SHA256, TLS_DHE_DSS_WITH_AES_256_CBC_SHA256, TLS_DHE_RSA_WITH_AES_128_CBC_SHA256, TLS_DHE_DSS_WITH_AES_128_CBC_SHA256, TLS_ECDHE_ECDSA_WITH_AES_256_CBC_SHA, TLS_ECDHE_RSA_WITH_AES_256_CBC_SHA, TLS_ECDHE_ECDSA_WITH_AES_128_CBC_SHA, TLS_ECDHE_RSA_WITH_AES_128_CBC_SHA, TLS_DHE_RSA_WITH_AES_256_CBC_SHA, TLS_DHE_DSS_WITH_AES_256_CBC_SHA, TLS_DHE_RSA_WITH_AES_128_CBC_SHA, TLS_DHE_DSS_WITH_AES_128_CBC_SHA, TLS_RSA_WITH_AES_256_GCM_SHA384, TLS_RSA_WITH_AES_128_GCM_SHA256, TLS_RSA_WITH_AES_256_CBC_SHA256, TLS_RSA_WITH_AES_128_CBC_SHA256, TLS_RSA_WITH_AES_256_CBC_SHA, TLS_RSA_WITH_AES_128_CBC_SHA, TLS_EMPTY_RENEGOTIATION_INFO_SCSV]
13:05:00.062 [main] DEBUG karate.org.apache.http.conn.ssl.LenientSslConnectionSocketFactory - Starting handshake
13:05:00.114 [main] DEBUG karate.org.apache.http.conn.ssl.LenientSslConnectionSocketFactory - Secure session established
13:05:00.114 [main] DEBUG karate.org.apache.http.conn.ssl.LenientSslConnectionSocketFactory -  negotiated protocol: TLSv1.3
13:05:00.114 [main] DEBUG karate.org.apache.http.conn.ssl.LenientSslConnectionSocketFactory -  negotiated cipher suite: TLS_AES_128_GCM_SHA256
13:05:00.114 [main] DEBUG karate.org.apache.http.conn.ssl.LenientSslConnectionSocketFactory -  peer principal: CN=apigw-soap-st.telus.com, O=TELUS Corp., L=Vancouver, ST=British Columbia, C=CA
13:05:00.114 [main] DEBUG karate.org.apache.http.conn.ssl.LenientSslConnectionSocketFactory -  peer alternative names: [apigw-soap-st.telus.com, apigw-st.telus.com, apigw-qidc-st.telus.com, apigw-kidc-st.telus.com, apigw-soap-qidc-st.telus.com, apigw-soap-kidc-st.telus.com]
13:05:00.114 [main] DEBUG karate.org.apache.http.conn.ssl.LenientSslConnectionSocketFactory -  issuer principal: CN=DigiCert Global G2 TLS RSA SHA256 2020 CA1, O=DigiCert Inc, C=US
13:05:00.114 [main] DEBUG karate.org.apache.http.impl.conn.DefaultHttpClientConnectionOperator - Connection established 192.168.1.65:54981<->207.219.84.31:443
13:05:00.114 [main] DEBUG karate.org.apache.http.impl.conn.DefaultManagedHttpClientConnection - http-outgoing-43: set socket timeout to 20000
13:05:00.115 [main] DEBUG karate.org.apache.http.impl.execchain.MainClientExec - Executing request POST /customer/contactCenterTempStorage/v1/storage/2/create?ttl=10000&group=b HTTP/1.1
13:05:00.115 [main] DEBUG karate.org.apache.http.impl.execchain.MainClientExec - Proxy auth state: UNCHALLENGED
13:05:00.115 [main] DEBUG karate.org.apache.http.headers - http-outgoing-43 >> POST /customer/contactCenterTempStorage/v1/storage/2/create?ttl=10000&group=b HTTP/1.1
13:05:00.115 [main] DEBUG karate.org.apache.http.headers - http-outgoing-43 >> env: it01
13:05:00.115 [main] DEBUG karate.org.apache.http.headers - http-outgoing-43 >> Content-Type: application/json; charset=UTF-8
13:05:00.115 [main] DEBUG karate.org.apache.http.headers - http-outgoing-43 >> Authorization: Bearer eyJhbGciOiJSUzI1NiIsImtpZCI6ImNhZGZhMTYyLTU2YzEtNGRiOS1hNjNmLTYwZTM3NzIwMWJkZiIsInBpLmF0bSI6IjMifQ.eyJzY29wZSI6WyI0NzIwIl0sImF1dGhvcml6YXRpb25fZGV0YWlscyI6W10sImNsaWVudF9pZCI6IjUyZTgwYmZhLWI0MmMtNDdkNy05OGI1LThiYjg3YzkyNjIwOSIsImlzcyI6Imh0dHBzOi8vdGVhbXNzby1pdHMwNC50ZWx1cy5jb20iLCJhdWQiOiJrb25nIiwiaWF0IjoxNzIzMjIzMDg5LCJleHAiOjE3MjMyMjMzODl9.flESEmYyI_eCkBmzn54OkGfP2lAIxnyqs2XbjtABUAmEnkCOQe8uoiUdROg_nBCNsbluJLTMIyv2VQYcEFeVpzwJIN4AH00KC-3px8L7DRMcbbbRqgIOGamUVRjytKBt3cFR1XVCW32bLo_XlS6M0CPdsCtowSRRwenf6htGC3loiXiWZ8pxuYaJNnmQfuSN9rWpZNHc8y-eYDl0xm6EoEXQSfatP3EAxDBw6tgqlb5patcu_afyMqKiHha9IdISwDeMrqyfvgoAR4Sqhdy3Uxp_k_xzmM-XWElgzY0YfiUnRnIl01fsIz1UO7xaed3xVyVlwsYrq6nB9I57SYDk-A
13:05:00.115 [main] DEBUG karate.org.apache.http.headers - http-outgoing-43 >> Content-Length: 112
13:05:00.115 [main] DEBUG karate.org.apache.http.headers - http-outgoing-43 >> Host: apigw-st.telus.com
13:05:00.115 [main] DEBUG karate.org.apache.http.headers - http-outgoing-43 >> Connection: Keep-Alive
13:05:00.115 [main] DEBUG karate.org.apache.http.headers - http-outgoing-43 >> User-Agent: Apache-HttpClient/4.5.13 (Java/20.0.2)
13:05:00.115 [main] DEBUG karate.org.apache.http.headers - http-outgoing-43 >> Accept-Encoding: gzip,deflate
13:05:00.115 [main] DEBUG karate.org.apache.http.wire - http-outgoing-43 >> "POST /customer/contactCenterTempStorage/v1/storage/2/create?ttl=10000&group=b HTTP/1.1[\r][\n]"
13:05:00.115 [main] DEBUG karate.org.apache.http.wire - http-outgoing-43 >> "env: it01[\r][\n]"
13:05:00.115 [main] DEBUG karate.org.apache.http.wire - http-outgoing-43 >> "Content-Type: application/json; charset=UTF-8[\r][\n]"
13:05:00.115 [main] DEBUG karate.org.apache.http.wire - http-outgoing-43 >> "Authorization: Bearer eyJhbGciOiJSUzI1NiIsImtpZCI6ImNhZGZhMTYyLTU2YzEtNGRiOS1hNjNmLTYwZTM3NzIwMWJkZiIsInBpLmF0bSI6IjMifQ.eyJzY29wZSI6WyI0NzIwIl0sImF1dGhvcml6YXRpb25fZGV0YWlscyI6W10sImNsaWVudF9pZCI6IjUyZTgwYmZhLWI0MmMtNDdkNy05OGI1LThiYjg3YzkyNjIwOSIsImlzcyI6Imh0dHBzOi8vdGVhbXNzby1pdHMwNC50ZWx1cy5jb20iLCJhdWQiOiJrb25nIiwiaWF0IjoxNzIzMjIzMDg5LCJleHAiOjE3MjMyMjMzODl9.flESEmYyI_eCkBmzn54OkGfP2lAIxnyqs2XbjtABUAmEnkCOQe8uoiUdROg_nBCNsbluJLTMIyv2VQYcEFeVpzwJIN4AH00KC-3px8L7DRMcbbbRqgIOGamUVRjytKBt3cFR1XVCW32bLo_XlS6M0CPdsCtowSRRwenf6htGC3loiXiWZ8pxuYaJNnmQfuSN9rWpZNHc8y-eYDl0xm6EoEXQSfatP3EAxDBw6tgqlb5patcu_afyMqKiHha9IdISwDeMrqyfvgoAR4Sqhdy3Uxp_k_xzmM-XWElgzY0YfiUnRnIl01fsIz1UO7xaed3xVyVlwsYrq6nB9I57SYDk-A[\r][\n]"
13:05:00.115 [main] DEBUG karate.org.apache.http.wire - http-outgoing-43 >> "Content-Length: 112[\r][\n]"
13:05:00.115 [main] DEBUG karate.org.apache.http.wire - http-outgoing-43 >> "Host: apigw-st.telus.com[\r][\n]"
13:05:00.115 [main] DEBUG karate.org.apache.http.wire - http-outgoing-43 >> "Connection: Keep-Alive[\r][\n]"
13:05:00.115 [main] DEBUG karate.org.apache.http.wire - http-outgoing-43 >> "User-Agent: Apache-HttpClient/4.5.13 (Java/20.0.2)[\r][\n]"
13:05:00.115 [main] DEBUG karate.org.apache.http.wire - http-outgoing-43 >> "Accept-Encoding: gzip,deflate[\r][\n]"
13:05:00.115 [main] DEBUG karate.org.apache.http.wire - http-outgoing-43 >> "[\r][\n]"
13:05:00.115 [main] DEBUG karate.org.apache.http.wire - http-outgoing-43 >> "{"name":"Deepak Rawat1","sport":{"hockey":"good Gar[0xc3][0xa7]on [0xc3][0x80] la carte Ma[0xc3][0xae]tre d\u2019h[0xc3][0xb4]tel","football":"better"}}"
13:05:00.227 [main] DEBUG karate.org.apache.http.wire - http-outgoing-43 << "HTTP/1.1 403 Forbidden[\r][\n]"
13:05:00.227 [main] DEBUG karate.org.apache.http.wire - http-outgoing-43 << "Content-Type: application/json;charset=ISO-8859-1[\r][\n]"
13:05:00.227 [main] DEBUG karate.org.apache.http.wire - http-outgoing-43 << "Content-Length: 265[\r][\n]"
13:05:00.227 [main] DEBUG karate.org.apache.http.wire - http-outgoing-43 << "Connection: keep-alive[\r][\n]"
13:05:00.227 [main] DEBUG karate.org.apache.http.wire - http-outgoing-43 << "date: Fri, 09 Aug 2024 17:05:00 GMT[\r][\n]"
13:05:00.227 [main] DEBUG karate.org.apache.http.wire - http-outgoing-43 << "kong-request-id: 813137a7-c89b-4b1b-ab8b-01bbb50fe511#396403[\r][\n]"
13:05:00.227 [main] DEBUG karate.org.apache.http.wire - http-outgoing-43 << "vary: Origin[\r][\n]"
13:05:00.228 [main] DEBUG karate.org.apache.http.wire - http-outgoing-43 << "x-kong-upstream-latency: 67[\r][\n]"
13:05:00.228 [main] DEBUG karate.org.apache.http.wire - http-outgoing-43 << "x-kong-proxy-latency: 1[\r][\n]"
13:05:00.228 [main] DEBUG karate.org.apache.http.wire - http-outgoing-43 << "via: kong/3.4.3.11-enterprise-edition[\r][\n]"
13:05:00.228 [main] DEBUG karate.org.apache.http.wire - http-outgoing-43 << "x-kong-request-id: f4f4f32fbf2d1e54b807bc1caa8ef679[\r][\n]"
13:05:00.228 [main] DEBUG karate.org.apache.http.wire - http-outgoing-43 << "vary: Origin[\r][\n]"
13:05:00.228 [main] DEBUG karate.org.apache.http.wire - http-outgoing-43 << "vary: Origin[\r][\n]"
13:05:00.228 [main] DEBUG karate.org.apache.http.wire - http-outgoing-43 << "[\r][\n]"
13:05:00.228 [main] DEBUG karate.org.apache.http.wire - http-outgoing-43 << "{"code":"403","reason":"you are not allowed for the request","message":"you are not allowed for the request: /customer/TempStorage/v1/storage/2/create","status":"FORBIDDEN","referenceError":"java.lang.Exception: you are not allowed for the request","createTs":null}"
13:05:00.228 [main] DEBUG karate.org.apache.http.headers - http-outgoing-43 << HTTP/1.1 403 Forbidden
13:05:00.228 [main] DEBUG karate.org.apache.http.headers - http-outgoing-43 << Content-Type: application/json;charset=ISO-8859-1
13:05:00.228 [main] DEBUG karate.org.apache.http.headers - http-outgoing-43 << Content-Length: 265
13:05:00.228 [main] DEBUG karate.org.apache.http.headers - http-outgoing-43 << Connection: keep-alive
13:05:00.228 [main] DEBUG karate.org.apache.http.headers - http-outgoing-43 << date: Fri, 09 Aug 2024 17:05:00 GMT
13:05:00.228 [main] DEBUG karate.org.apache.http.headers - http-outgoing-43 << kong-request-id: 813137a7-c89b-4b1b-ab8b-01bbb50fe511#396403
13:05:00.228 [main] DEBUG karate.org.apache.http.headers - http-outgoing-43 << vary: Origin
13:05:00.228 [main] DEBUG karate.org.apache.http.headers - http-outgoing-43 << x-kong-upstream-latency: 67
13:05:00.228 [main] DEBUG karate.org.apache.http.headers - http-outgoing-43 << x-kong-proxy-latency: 1
13:05:00.228 [main] DEBUG karate.org.apache.http.headers - http-outgoing-43 << via: kong/3.4.3.11-enterprise-edition
13:05:00.228 [main] DEBUG karate.org.apache.http.headers - http-outgoing-43 << x-kong-request-id: f4f4f32fbf2d1e54b807bc1caa8ef679
13:05:00.228 [main] DEBUG karate.org.apache.http.headers - http-outgoing-43 << vary: Origin
13:05:00.228 [main] DEBUG karate.org.apache.http.headers - http-outgoing-43 << vary: Origin
13:05:00.228 [main] DEBUG karate.org.apache.http.impl.execchain.MainClientExec - Connection can be kept alive indefinitely
13:05:00.228 [main] DEBUG karate.org.apache.http.impl.conn.PoolingHttpClientConnectionManager - Connection [id: 43][route: {s}->https://apigw-st.telus.com:443] can be kept alive indefinitely
13:05:00.228 [main] DEBUG karate.org.apache.http.impl.conn.DefaultManagedHttpClientConnection - http-outgoing-43: set socket timeout to 0
13:05:00.228 [main] DEBUG karate.org.apache.http.impl.conn.PoolingHttpClientConnectionManager - Connection released: [id: 43][route: {s}->https://apigw-st.telus.com:443][total available: 1; route allocated: 1 of 5; total allocated: 1 of 10]
13:05:00.228 [main] DEBUG com.intuit.karate - response time in milliseconds: 206
1 < 403
1 < Content-Type: application/json;charset=ISO-8859-1
1 < Content-Length: 265
1 < Connection: keep-alive
1 < date: Fri, 09 Aug 2024 17:05:00 GMT
1 < kong-request-id: 813137a7-c89b-4b1b-ab8b-01bbb50fe511#396403
1 < vary: Origin
1 < vary: Origin
1 < vary: Origin
1 < x-kong-upstream-latency: 67
1 < x-kong-proxy-latency: 1
1 < via: kong/3.4.3.11-enterprise-edition
1 < x-kong-request-id: f4f4f32fbf2d1e54b807bc1caa8ef679
{"code":"403","reason":"you are not allowed for the request","message":"you are not allowed for the request: /customer/TempStorage/v1/storage/2/create","status":"FORBIDDEN","referenceError":"java.lang.Exception: you are not allowed for the request","createTs":null}
13:05:00.229 [main] ERROR com.intuit.karate - classpath:feature/TempStorage_a_POST.feature:53
Then status 201
status code was: 403, expected: 201, response time in milliseconds: 206, url: https://apigw-st.telus.com/customer/contactCenterTempStorage/v1/storage/2/create?ttl=10000&group=b, response: 
{"code":"403","reason":"you are not allowed for the request","message":"you are not allowed for the request: /customer/TempStorage/v1/storage/2/create","status":"FORBIDDEN","referenceError":"java.lang.Exception: you are not allowed for the request","createTs":null}
classpath:feature/TempStorage_a_POST.feature:53
13:05:00.229 [main] WARN com.intuit.karate - callSingle() will cache an exception
13:05:00.229 [main] INFO com.intuit.karate - << lock released, cached callSingle: classpath:feature/TempStorage_a_POST.feature
13:05:00.229 [main] WARN com.intuit.karate - callSingle() cached result is an exception
13:05:00.280 [main] ERROR com.intuit.karate - classpath:feature/TempStorage_b_GET.feature:12
* def value = karate.callSingle('classpath:feature/TempStorage_a_POST.feature')
js failed:
>>>>
01: karate.callSingle('classpath:feature/TempStorage_a_POST.feature')
<<<<
org.graalvm.polyglot.PolyglotException: status code was: 403, expected: 201, response time in milliseconds: 172, url: https://apigw-st.telus.com/customer/contactCenterTempStorage/v1/storage/1/create?ttl=10000&group=a, response: 
{"code":"403","reason":"you are not allowed for the request","message":"you are not allowed for the request: /customer/TempStorage/v1/storage/1/create","status":"FORBIDDEN","referenceError":"java.lang.Exception: you are not allowed for the request","createTs":null}
classpath:feature/TempStorage_a_POST.feature:33
status code was: 403, expected: 201, response time in milliseconds: 188, url: https://apigw-st.telus.com/customer/contactCenterTempStorage/v1/storage/2/create?ttl=10000&group=a, response: 
{"code":"403","reason":"you are not allowed for the request","message":"you are not allowed for the request: /customer/TempStorage/v1/storage/2/create","status":"FORBIDDEN","referenceError":"java.lang.Exception: you are not allowed for the request","createTs":null}
classpath:feature/TempStorage_a_POST.feature:43
status code was: 403, expected: 201, response time in milliseconds: 206, url: https://apigw-st.telus.com/customer/contactCenterTempStorage/v1/storage/2/create?ttl=10000&group=b, response: 
{"code":"403","reason":"you are not allowed for the request","message":"you are not allowed for the request: /customer/TempStorage/v1/storage/2/create","status":"FORBIDDEN","referenceError":"java.lang.Exception: you are not allowed for the request","createTs":null}
classpath:feature/TempStorage_a_POST.feature:53
- com.intuit.karate.core.ScenarioBridge.callSingle(ScenarioBridge.java:234)
- com.intuit.karate.core.ScenarioBridge.callSingle(ScenarioBridge.java:179)
- <js>.:program(Unnamed:1)

classpath:feature/TempStorage_b_GET.feature:12
13:05:00.285 [main] INFO com.intuit.karate - karate.env system property was: it01 
13:05:00.285 [main] INFO com.intuit.karate - clientId:52e80bfa-b42c-47d7-98b5-8bb87c926209 
13:05:00.286 [main] INFO com.intuit.karate - Current URL is : https://apigw-st.telus.com 
13:05:00.286 [main] INFO com.intuit.karate - Current Env is : it01 
13:05:00.288 [main] WARN com.intuit.karate - callSingle() cached result is an exception
13:05:00.290 [main] ERROR com.intuit.karate - classpath:feature/TempStorage_b_GET.feature:12
* def value = karate.callSingle('classpath:feature/TempStorage_a_POST.feature')
js failed:
>>>>
01: karate.callSingle('classpath:feature/TempStorage_a_POST.feature')
<<<<
org.graalvm.polyglot.PolyglotException: status code was: 403, expected: 201, response time in milliseconds: 172, url: https://apigw-st.telus.com/customer/contactCenterTempStorage/v1/storage/1/create?ttl=10000&group=a, response: 
{"code":"403","reason":"you are not allowed for the request","message":"you are not allowed for the request: /customer/TempStorage/v1/storage/1/create","status":"FORBIDDEN","referenceError":"java.lang.Exception: you are not allowed for the request","createTs":null}
classpath:feature/TempStorage_a_POST.feature:33
status code was: 403, expected: 201, response time in milliseconds: 188, url: https://apigw-st.telus.com/customer/contactCenterTempStorage/v1/storage/2/create?ttl=10000&group=a, response: 
{"code":"403","reason":"you are not allowed for the request","message":"you are not allowed for the request: /customer/TempStorage/v1/storage/2/create","status":"FORBIDDEN","referenceError":"java.lang.Exception: you are not allowed for the request","createTs":null}
classpath:feature/TempStorage_a_POST.feature:43
status code was: 403, expected: 201, response time in milliseconds: 206, url: https://apigw-st.telus.com/customer/contactCenterTempStorage/v1/storage/2/create?ttl=10000&group=b, response: 
{"code":"403","reason":"you are not allowed for the request","message":"you are not allowed for the request: /customer/TempStorage/v1/storage/2/create","status":"FORBIDDEN","referenceError":"java.lang.Exception: you are not allowed for the request","createTs":null}
classpath:feature/TempStorage_a_POST.feature:53
- com.intuit.karate.core.ScenarioBridge.callSingle(ScenarioBridge.java:234)
- com.intuit.karate.core.ScenarioBridge.callSingle(ScenarioBridge.java:179)
- <js>.:program(Unnamed:1)

classpath:feature/TempStorage_b_GET.feature:12
13:05:00.293 [main] INFO com.intuit.karate - karate.env system property was: it01 
13:05:00.293 [main] INFO com.intuit.karate - clientId:52e80bfa-b42c-47d7-98b5-8bb87c926209 
13:05:00.294 [main] INFO com.intuit.karate - Current URL is : https://apigw-st.telus.com 
13:05:00.294 [main] INFO com.intuit.karate - Current Env is : it01 
13:05:00.296 [main] WARN com.intuit.karate - callSingle() cached result is an exception
13:05:00.298 [main] ERROR com.intuit.karate - classpath:feature/TempStorage_b_GET.feature:12
* def value = karate.callSingle('classpath:feature/TempStorage_a_POST.feature')
js failed:
>>>>
01: karate.callSingle('classpath:feature/TempStorage_a_POST.feature')
<<<<
org.graalvm.polyglot.PolyglotException: status code was: 403, expected: 201, response time in milliseconds: 172, url: https://apigw-st.telus.com/customer/contactCenterTempStorage/v1/storage/1/create?ttl=10000&group=a, response: 
{"code":"403","reason":"you are not allowed for the request","message":"you are not allowed for the request: /customer/TempStorage/v1/storage/1/create","status":"FORBIDDEN","referenceError":"java.lang.Exception: you are not allowed for the request","createTs":null}
classpath:feature/TempStorage_a_POST.feature:33
status code was: 403, expected: 201, response time in milliseconds: 188, url: https://apigw-st.telus.com/customer/contactCenterTempStorage/v1/storage/2/create?ttl=10000&group=a, response: 
{"code":"403","reason":"you are not allowed for the request","message":"you are not allowed for the request: /customer/TempStorage/v1/storage/2/create","status":"FORBIDDEN","referenceError":"java.lang.Exception: you are not allowed for the request","createTs":null}
classpath:feature/TempStorage_a_POST.feature:43
status code was: 403, expected: 201, response time in milliseconds: 206, url: https://apigw-st.telus.com/customer/contactCenterTempStorage/v1/storage/2/create?ttl=10000&group=b, response: 
{"code":"403","reason":"you are not allowed for the request","message":"you are not allowed for the request: /customer/TempStorage/v1/storage/2/create","status":"FORBIDDEN","referenceError":"java.lang.Exception: you are not allowed for the request","createTs":null}
classpath:feature/TempStorage_a_POST.feature:53
- com.intuit.karate.core.ScenarioBridge.callSingle(ScenarioBridge.java:234)
- com.intuit.karate.core.ScenarioBridge.callSingle(ScenarioBridge.java:179)
- <js>.:program(Unnamed:1)

classpath:feature/TempStorage_b_GET.feature:12
13:05:00.301 [main] INFO com.intuit.karate - karate.env system property was: it01 
13:05:00.301 [main] INFO com.intuit.karate - clientId:52e80bfa-b42c-47d7-98b5-8bb87c926209 
13:05:00.301 [main] INFO com.intuit.karate - Current URL is : https://apigw-st.telus.com 
13:05:00.301 [main] INFO com.intuit.karate - Current Env is : it01 
13:05:00.303 [main] WARN com.intuit.karate - callSingle() cached result is an exception
13:05:00.303 [main] ERROR com.intuit.karate - classpath:feature/TempStorage_b_GET.feature:12
* def value = karate.callSingle('classpath:feature/TempStorage_a_POST.feature')
js failed:
>>>>
01: karate.callSingle('classpath:feature/TempStorage_a_POST.feature')
<<<<
org.graalvm.polyglot.PolyglotException: status code was: 403, expected: 201, response time in milliseconds: 172, url: https://apigw-st.telus.com/customer/contactCenterTempStorage/v1/storage/1/create?ttl=10000&group=a, response: 
{"code":"403","reason":"you are not allowed for the request","message":"you are not allowed for the request: /customer/TempStorage/v1/storage/1/create","status":"FORBIDDEN","referenceError":"java.lang.Exception: you are not allowed for the request","createTs":null}
classpath:feature/TempStorage_a_POST.feature:33
status code was: 403, expected: 201, response time in milliseconds: 188, url: https://apigw-st.telus.com/customer/contactCenterTempStorage/v1/storage/2/create?ttl=10000&group=a, response: 
{"code":"403","reason":"you are not allowed for the request","message":"you are not allowed for the request: /customer/TempStorage/v1/storage/2/create","status":"FORBIDDEN","referenceError":"java.lang.Exception: you are not allowed for the request","createTs":null}
classpath:feature/TempStorage_a_POST.feature:43
status code was: 403, expected: 201, response time in milliseconds: 206, url: https://apigw-st.telus.com/customer/contactCenterTempStorage/v1/storage/2/create?ttl=10000&group=b, response: 
{"code":"403","reason":"you are not allowed for the request","message":"you are not allowed for the request: /customer/TempStorage/v1/storage/2/create","status":"FORBIDDEN","referenceError":"java.lang.Exception: you are not allowed for the request","createTs":null}
classpath:feature/TempStorage_a_POST.feature:53
- com.intuit.karate.core.ScenarioBridge.callSingle(ScenarioBridge.java:234)
- com.intuit.karate.core.ScenarioBridge.callSingle(ScenarioBridge.java:179)
- <js>.:program(Unnamed:1)

classpath:feature/TempStorage_b_GET.feature:12
13:05:00.304 [main] DEBUG com.jayway.jsonpath.internal.path.CompiledPath - Evaluating path: $
13:05:00.309 [main] DEBUG com.jayway.jsonpath.internal.path.CompiledPath - Evaluating path: $
13:05:00.312 [main] DEBUG karate.org.thymeleaf.TemplateEngine - [THYMELEAF] INITIALIZING TEMPLATE ENGINE
13:05:00.323 [main] DEBUG karate.org.thymeleaf.TemplateEngine.CONFIG - Initializing Thymeleaf Template engine configuration...
[THYMELEAF] TEMPLATE ENGINE CONFIGURATION:
[THYMELEAF] * Thymeleaf version: 3.0.12.RELEASE (built 2020-12-21T00:26:28+0000)
[THYMELEAF] * Cache Manager implementation: karate.org.thymeleaf.cache.StandardCacheManager
[THYMELEAF] * Template resolvers:
[THYMELEAF]     * [1] com.intuit.karate.template.ResourceHtmlTemplateResolver
[THYMELEAF] * Message resolvers:
[THYMELEAF]     * karate.org.thymeleaf.messageresolver.StandardMessageResolver
[THYMELEAF] * Link builders:
[THYMELEAF]     * karate.org.thymeleaf.linkbuilder.StandardLinkBuilder
[THYMELEAF] * Dialect [1 of 2]: Standard (com.intuit.karate.template.KarateStandardDialect)
[THYMELEAF]     * Prefix: "th"
[THYMELEAF]     * Processors for Template Mode: HTML
[THYMELEAF]         * Element Tag Processors by [matching element and attribute name] [precedence]:
[THYMELEAF]             * [* {th:include,data-th-include}] [100]: karate.org.thymeleaf.standard.processor.StandardIncludeTagProcessor
[THYMELEAF]             * [* {th:insert,data-th-insert}] [100]: karate.org.thymeleaf.standard.processor.StandardInsertTagProcessor
[THYMELEAF]             * [* {th:replace,data-th-replace}] [100]: karate.org.thymeleaf.standard.processor.StandardReplaceTagProcessor
[THYMELEAF]             * [* {th:substituteby,data-th-substituteby}] [100]: karate.org.thymeleaf.standard.processor.StandardSubstituteByTagProcessor
[THYMELEAF]             * [* {th:each,data-th-each}] [200]: com.intuit.karate.template.KarateEachTagProcessor
[THYMELEAF]             * [* {th:switch,data-th-switch}] [250]: karate.org.thymeleaf.standard.processor.StandardSwitchTagProcessor
[THYMELEAF]             * [* {th:case,data-th-case}] [275]: karate.org.thymeleaf.standard.processor.StandardCaseTagProcessor
[THYMELEAF]             * [* {th:if,data-th-if}] [300]: karate.org.thymeleaf.standard.processor.StandardIfTagProcessor
[THYMELEAF]             * [* {th:unless,data-th-unless}] [400]: karate.org.thymeleaf.standard.processor.StandardUnlessTagProcessor
[THYMELEAF]             * [* {th:object,data-th-object}] [500]: karate.org.thymeleaf.standard.processor.StandardObjectTagProcessor
[THYMELEAF]             * [* {th:with,data-th-with}] [600]: com.intuit.karate.template.KarateWithTagProcessor
[THYMELEAF]             * [* {th:attr,data-th-attr}] [700]: com.intuit.karate.template.KarateAttributeTagProcessor.KarateAttrTagProcessor
[THYMELEAF]             * [* {th:attrappend,data-th-attrappend}] [900]: com.intuit.karate.template.KarateAttributeTagProcessor.KarateAttrappendTagProcessor
[THYMELEAF]             * [* {th:attrprepend,data-th-attrprepend}] [900]: com.intuit.karate.template.KarateAttributeTagProcessor.KarateAttrprependTagProcessor
[THYMELEAF]             * [* {th:alt-title,data-th-alt-title}] [990]: karate.org.thymeleaf.standard.processor.StandardAltTitleTagProcessor
[THYMELEAF]             * [* {th:lang-xmllang,data-th-lang-xmllang}] [990]: karate.org.thymeleaf.standard.processor.StandardLangXmlLangTagProcessor
[THYMELEAF]             * [* {th:action,data-th-action}] [1000]: karate.org.thymeleaf.standard.processor.StandardActionTagProcessor
[THYMELEAF]             * [* {th:declare,data-th-declare}] [1000]: karate.org.thymeleaf.standard.processor.StandardConditionalFixedValueTagProcessor
[THYMELEAF]             * [* {th:ismap,data-th-ismap}] [1000]: karate.org.thymeleaf.standard.processor.StandardConditionalFixedValueTagProcessor
[THYMELEAF]             * [* {th:async,data-th-async}] [1000]: karate.org.thymeleaf.standard.processor.StandardConditionalFixedValueTagProcessor
[THYMELEAF]             * [* {th:novalidate,data-th-novalidate}] [1000]: karate.org.thymeleaf.standard.processor.StandardConditionalFixedValueTagProcessor
[THYMELEAF]             * [* {th:required,data-th-required}] [1000]: karate.org.thymeleaf.standard.processor.StandardConditionalFixedValueTagProcessor
[THYMELEAF]             * [* {th:default,data-th-default}] [1000]: karate.org.thymeleaf.standard.processor.StandardConditionalFixedValueTagProcessor
[THYMELEAF]             * [* {th:hidden,data-th-hidden}] [1000]: karate.org.thymeleaf.standard.processor.StandardConditionalFixedValueTagProcessor
[THYMELEAF]             * [* {th:open,data-th-open}] [1000]: karate.org.thymeleaf.standard.processor.StandardConditionalFixedValueTagProcessor
[THYMELEAF]             * [* {th:autofocus,data-th-autofocus}] [1000]: karate.org.thymeleaf.standard.processor.StandardConditionalFixedValueTagProcessor
[THYMELEAF]             * [* {th:checked,data-th-checked}] [1000]: karate.org.thymeleaf.standard.processor.StandardConditionalFixedValueTagProcessor
[THYMELEAF]             * [* {th:scoped,data-th-scoped}] [1000]: karate.org.thymeleaf.standard.processor.StandardConditionalFixedValueTagProcessor
[THYMELEAF]             * [* {th:pubdate,data-th-pubdate}] [1000]: karate.org.thymeleaf.standard.processor.StandardConditionalFixedValueTagProcessor
[THYMELEAF]             * [* {th:readonly,data-th-readonly}] [1000]: karate.org.thymeleaf.standard.processor.StandardConditionalFixedValueTagProcessor
[THYMELEAF]             * [* {th:formnovalidate,data-th-formnovalidate}] [1000]: karate.org.thymeleaf.standard.processor.StandardConditionalFixedValueTagProcessor
[THYMELEAF]             * [* {th:defer,data-th-defer}] [1000]: karate.org.thymeleaf.standard.processor.StandardConditionalFixedValueTagProcessor
[THYMELEAF]             * [* {th:disabled,data-th-disabled}] [1000]: karate.org.thymeleaf.standard.processor.StandardConditionalFixedValueTagProcessor
[THYMELEAF]             * [* {th:nowrap,data-th-nowrap}] [1000]: karate.org.thymeleaf.standard.processor.StandardConditionalFixedValueTagProcessor
[THYMELEAF]             * [* {th:multiple,data-th-multiple}] [1000]: karate.org.thymeleaf.standard.processor.StandardConditionalFixedValueTagProcessor
[THYMELEAF]             * [* {th:loop,data-th-loop}] [1000]: karate.org.thymeleaf.standard.processor.StandardConditionalFixedValueTagProcessor
[THYMELEAF]             * [* {th:autoplay,data-th-autoplay}] [1000]: karate.org.thymeleaf.standard.processor.StandardConditionalFixedValueTagProcessor
[THYMELEAF]             * [* {th:selected,data-th-selected}] [1000]: karate.org.thymeleaf.standard.processor.StandardConditionalFixedValueTagProcessor
[THYMELEAF]             * [* {th:controls,data-th-controls}] [1000]: karate.org.thymeleaf.standard.processor.StandardConditionalFixedValueTagProcessor
[THYMELEAF]             * [* {th:seamless,data-th-seamless}] [1000]: karate.org.thymeleaf.standard.processor.StandardConditionalFixedValueTagProcessor
[THYMELEAF]             * [* {th:reversed,data-th-reversed}] [1000]: karate.org.thymeleaf.standard.processor.StandardConditionalFixedValueTagProcessor
[THYMELEAF]             * [* {th:onvolumechange,data-th-onvolumechange}] [1000]: karate.org.thymeleaf.standard.processor.StandardDOMEventAttributeTagProcessor
[THYMELEAF]             * [* {th:onload,data-th-onload}] [1000]: karate.org.thymeleaf.standard.processor.StandardDOMEventAttributeTagProcessor
[THYMELEAF]             * [* {th:onmousemove,data-th-onmousemove}] [1000]: karate.org.thymeleaf.standard.processor.StandardDOMEventAttributeTagProcessor
[THYMELEAF]             * [* {th:onchange,data-th-onchange}] [1000]: karate.org.thymeleaf.standard.processor.StandardDOMEventAttributeTagProcessor
[THYMELEAF]             * [* {th:onseeking,data-th-onseeking}] [1000]: karate.org.thymeleaf.standard.processor.StandardDOMEventAttributeTagProcessor
[THYMELEAF]             * [* {th:onloadstart,data-th-onloadstart}] [1000]: karate.org.thymeleaf.standard.processor.StandardDOMEventAttributeTagProcessor
[THYMELEAF]             * [* {th:onundo,data-th-onundo}] [1000]: karate.org.thymeleaf.standard.processor.StandardDOMEventAttributeTagProcessor
[THYMELEAF]             * [* {th:onplay,data-th-onplay}] [1000]: karate.org.thymeleaf.standard.processor.StandardDOMEventAttributeTagProcessor
[THYMELEAF]             * [* {th:onresize,data-th-onresize}] [1000]: karate.org.thymeleaf.standard.processor.StandardDOMEventAttributeTagProcessor
[THYMELEAF]             * [* {th:onkeyup,data-th-onkeyup}] [1000]: karate.org.thymeleaf.standard.processor.StandardDOMEventAttributeTagProcessor
[THYMELEAF]             * [* {th:onmessage,data-th-onmessage}] [1000]: karate.org.thymeleaf.standard.processor.StandardDOMEventAttributeTagProcessor
[THYMELEAF]             * [* {th:onratechange,data-th-onratechange}] [1000]: karate.org.thymeleaf.standard.processor.StandardDOMEventAttributeTagProcessor
[THYMELEAF]             * [* {th:onended,data-th-onended}] [1000]: karate.org.thymeleaf.standard.processor.StandardDOMEventAttributeTagProcessor
[THYMELEAF]             * [* {th:onkeypress,data-th-onkeypress}] [1000]: karate.org.thymeleaf.standard.processor.StandardDOMEventAttributeTagProcessor
[THYMELEAF]             * [* {th:onloadedmetadata,data-th-onloadedmetadata}] [1000]: karate.org.thymeleaf.standard.processor.StandardDOMEventAttributeTagProcessor
[THYMELEAF]             * [* {th:onreadystatechange,data-th-onreadystatechange}] [1000]: karate.org.thymeleaf.standard.processor.StandardDOMEventAttributeTagProcessor
[THYMELEAF]             * [* {th:onmouseover,data-th-onmouseover}] [1000]: karate.org.thymeleaf.standard.processor.StandardDOMEventAttributeTagProcessor
[THYMELEAF]             * [* {th:ondrop,data-th-ondrop}] [1000]: karate.org.thymeleaf.standard.processor.StandardDOMEventAttributeTagProcessor
[THYMELEAF]             * [* {th:ondrag,data-th-ondrag}] [1000]: karate.org.thymeleaf.standard.processor.StandardDOMEventAttributeTagProcessor
[THYMELEAF]             * [* {th:onreset,data-th-onreset}] [1000]: karate.org.thymeleaf.standard.processor.StandardDOMEventAttributeTagProcessor
[THYMELEAF]             * [* {th:onerror,data-th-onerror}] [1000]: karate.org.thymeleaf.standard.processor.StandardDOMEventAttributeTagProcessor
[THYMELEAF]             * [* {th:ondragenter,data-th-ondragenter}] [1000]: karate.org.thymeleaf.standard.processor.StandardDOMEventAttributeTagProcessor
[THYMELEAF]             * [* {th:ondragleave,data-th-ondragleave}] [1000]: karate.org.thymeleaf.standard.processor.StandardDOMEventAttributeTagProcessor
[THYMELEAF]             * [* {th:oncanplaythrough,data-th-oncanplaythrough}] [1000]: karate.org.thymeleaf.standard.processor.StandardDOMEventAttributeTagProcessor
[THYMELEAF]             * [* {th:oncanplay,data-th-oncanplay}] [1000]: karate.org.thymeleaf.standard.processor.StandardDOMEventAttributeTagProcessor
[THYMELEAF]             * [* {th:onstalled,data-th-onstalled}] [1000]: karate.org.thymeleaf.standard.processor.StandardDOMEventAttributeTagProcessor
[THYMELEAF]             * [* {th:oninput,data-th-oninput}] [1000]: karate.org.thymeleaf.standard.processor.StandardDOMEventAttributeTagProcessor
[THYMELEAF]             * [* {th:onbeforeprint,data-th-onbeforeprint}] [1000]: karate.org.thymeleaf.standard.processor.StandardDOMEventAttributeTagProcessor
[THYMELEAF]             * [* {th:ononline,data-th-ononline}] [1000]: karate.org.thymeleaf.standard.processor.StandardDOMEventAttributeTagProcessor
[THYMELEAF]             * [* {th:ondragover,data-th-ondragover}] [1000]: karate.org.thymeleaf.standard.processor.StandardDOMEventAttributeTagProcessor
[THYMELEAF]             * [* {th:onforminput,data-th-onforminput}] [1000]: karate.org.thymeleaf.standard.processor.StandardDOMEventAttributeTagProcessor
[THYMELEAF]             * [* {th:onsuspend,data-th-onsuspend}] [1000]: karate.org.thymeleaf.standard.processor.StandardDOMEventAttributeTagProcessor
[THYMELEAF]             * [* {th:onseeked,data-th-onseeked}] [1000]: karate.org.thymeleaf.standard.processor.StandardDOMEventAttributeTagProcessor
[THYMELEAF]             * [* {th:onafterprint,data-th-onafterprint}] [1000]: karate.org.thymeleaf.standard.processor.StandardDOMEventAttributeTagProcessor
[THYMELEAF]             * [* {th:ondblclick,data-th-ondblclick}] [1000]: karate.org.thymeleaf.standard.processor.StandardDOMEventAttributeTagProcessor
[THYMELEAF]             * [* {th:onpause,data-th-onpause}] [1000]: karate.org.thymeleaf.standard.processor.StandardDOMEventAttributeTagProcessor
[THYMELEAF]             * [* {th:onscroll,data-th-onscroll}] [1000]: karate.org.thymeleaf.standard.processor.StandardDOMEventAttributeTagProcessor
[THYMELEAF]             * [* {th:onbeforeunload,data-th-onbeforeunload}] [1000]: karate.org.thymeleaf.standard.processor.StandardDOMEventAttributeTagProcessor
[THYMELEAF]             * [* {th:onsubmit,data-th-onsubmit}] [1000]: karate.org.thymeleaf.standard.processor.StandardDOMEventAttributeTagProcessor
[THYMELEAF]             * [* {th:oncontextmenu,data-th-oncontextmenu}] [1000]: karate.org.thymeleaf.standard.processor.StandardDOMEventAttributeTagProcessor
[THYMELEAF]             * [* {th:onredo,data-th-onredo}] [1000]: karate.org.thymeleaf.standard.processor.StandardDOMEventAttributeTagProcessor
[THYMELEAF]             * [* {th:ondurationchange,data-th-ondurationchange}] [1000]: karate.org.thymeleaf.standard.processor.StandardDOMEventAttributeTagProcessor
[THYMELEAF]             * [* {th:onformchange,data-th-onformchange}] [1000]: karate.org.thymeleaf.standard.processor.StandardDOMEventAttributeTagProcessor
[THYMELEAF]             * [* {th:onstorage,data-th-onstorage}] [1000]: karate.org.thymeleaf.standard.processor.StandardDOMEventAttributeTagProcessor
[THYMELEAF]             * [* {th:onselect,data-th-onselect}] [1000]: karate.org.thymeleaf.standard.processor.StandardDOMEventAttributeTagProcessor
[THYMELEAF]             * [* {th:ontimeupdate,data-th-ontimeupdate}] [1000]: karate.org.thymeleaf.standard.processor.StandardDOMEventAttributeTagProcessor
[THYMELEAF]             * [* {th:ondragend,data-th-ondragend}] [1000]: karate.org.thymeleaf.standard.processor.StandardDOMEventAttributeTagProcessor
[THYMELEAF]             * [* {th:onoffline,data-th-onoffline}] [1000]: karate.org.thymeleaf.standard.processor.StandardDOMEventAttributeTagProcessor
[THYMELEAF]             * [* {th:onprogress,data-th-onprogress}] [1000]: karate.org.thymeleaf.standard.processor.StandardDOMEventAttributeTagProcessor
[THYMELEAF]             * [* {th:onmousedown,data-th-onmousedown}] [1000]: karate.org.thymeleaf.standard.processor.StandardDOMEventAttributeTagProcessor
[THYMELEAF]             * [* {th:onfocus,data-th-onfocus}] [1000]: karate.org.thymeleaf.standard.processor.StandardDOMEventAttributeTagProcessor
[THYMELEAF]             * [* {th:onabort,data-th-onabort}] [1000]: karate.org.thymeleaf.standard.processor.StandardDOMEventAttributeTagProcessor
[THYMELEAF]             * [* {th:onblur,data-th-onblur}] [1000]: karate.org.thymeleaf.standard.processor.StandardDOMEventAttributeTagProcessor
[THYMELEAF]             * [* {th:onshow,data-th-onshow}] [1000]: karate.org.thymeleaf.standard.processor.StandardDOMEventAttributeTagProcessor
[THYMELEAF]             * [* {th:onunload,data-th-onunload}] [1000]: karate.org.thymeleaf.standard.processor.StandardDOMEventAttributeTagProcessor
[THYMELEAF]             * [* {th:onpopstate,data-th-onpopstate}] [1000]: karate.org.thymeleaf.standard.processor.StandardDOMEventAttributeTagProcessor
[THYMELEAF]             * [* {th:ondragstart,data-th-ondragstart}] [1000]: karate.org.thymeleaf.standard.processor.StandardDOMEventAttributeTagProcessor
[THYMELEAF]             * [* {th:onwaiting,data-th-onwaiting}] [1000]: karate.org.thymeleaf.standard.processor.StandardDOMEventAttributeTagProcessor
[THYMELEAF]             * [* {th:onplaying,data-th-onplaying}] [1000]: karate.org.thymeleaf.standard.processor.StandardDOMEventAttributeTagProcessor
[THYMELEAF]             * [* {th:oninvalid,data-th-oninvalid}] [1000]: karate.org.thymeleaf.standard.processor.StandardDOMEventAttributeTagProcessor
[THYMELEAF]             * [* {th:onhashchange,data-th-onhashchange}] [1000]: karate.org.thymeleaf.standard.processor.StandardDOMEventAttributeTagProcessor
[THYMELEAF]             * [* {th:onmouseup,data-th-onmouseup}] [1000]: karate.org.thymeleaf.standard.processor.StandardDOMEventAttributeTagProcessor
[THYMELEAF]             * [* {th:onmousewheel,data-th-onmousewheel}] [1000]: karate.org.thymeleaf.standard.processor.StandardDOMEventAttributeTagProcessor
[THYMELEAF]             * [* {th:onloadeddata,data-th-onloadeddata}] [1000]: karate.org.thymeleaf.standard.processor.StandardDOMEventAttributeTagProcessor
[THYMELEAF]             * [* {th:onmouseout,data-th-onmouseout}] [1000]: karate.org.thymeleaf.standard.processor.StandardDOMEventAttributeTagProcessor
[THYMELEAF]             * [* {th:onkeydown,data-th-onkeydown}] [1000]: karate.org.thymeleaf.standard.processor.StandardDOMEventAttributeTagProcessor
[THYMELEAF]             * [* {th:onclick,data-th-onclick}] [1000]: karate.org.thymeleaf.standard.processor.StandardDOMEventAttributeTagProcessor
[THYMELEAF]             * [* {th:onemptied,data-th-onemptied}] [1000]: karate.org.thymeleaf.standard.processor.StandardDOMEventAttributeTagProcessor
[THYMELEAF]             * [* {th:href,data-th-href}] [1000]: karate.org.thymeleaf.standard.processor.StandardHrefTagProcessor
[THYMELEAF]             * [* {th:inline,data-th-inline}] [1000]: karate.org.thymeleaf.standard.processor.StandardInlineHTMLTagProcessor
[THYMELEAF]             * [* {th:method,data-th-method}] [1000]: karate.org.thymeleaf.standard.processor.StandardMethodTagProcessor
[THYMELEAF]             * [* {th:name,data-th-name}] [1000]: karate.org.thymeleaf.standard.processor.StandardNonRemovableAttributeTagProcessor
[THYMELEAF]             * [* {th:type,data-th-type}] [1000]: karate.org.thymeleaf.standard.processor.StandardNonRemovableAttributeTagProcessor
[THYMELEAF]             * [* {th:http-equiv,data-th-http-equiv}] [1000]: karate.org.thymeleaf.standard.processor.StandardRemovableAttributeTagProcessor
[THYMELEAF]             * [* {th:target,data-th-target}] [1000]: karate.org.thymeleaf.standard.processor.StandardRemovableAttributeTagProcessor
[THYMELEAF]             * [* {th:icon,data-th-icon}] [1000]: karate.org.thymeleaf.standard.processor.StandardRemovableAttributeTagProcessor
[THYMELEAF]             * [* {th:accept-charset,data-th-accept-charset}] [1000]: karate.org.thymeleaf.standard.processor.StandardRemovableAttributeTagProcessor
[THYMELEAF]             * [* {th:align,data-th-align}] [1000]: karate.org.thymeleaf.standard.processor.StandardRemovableAttributeTagProcessor
[THYMELEAF]             * [* {th:hspace,data-th-hspace}] [1000]: karate.org.thymeleaf.standard.processor.StandardRemovableAttributeTagProcessor
[THYMELEAF]             * [* {th:standby,data-th-standby}] [1000]: karate.org.thymeleaf.standard.processor.StandardRemovableAttributeTagProcessor
[THYMELEAF]             * [* {th:preload,data-th-preload}] [1000]: karate.org.thymeleaf.standard.processor.StandardRemovableAttributeTagProcessor
[THYMELEAF]             * [* {th:style,data-th-style}] [1000]: karate.org.thymeleaf.standard.processor.StandardRemovableAttributeTagProcessor
[THYMELEAF]             * [* {th:high,data-th-high}] [1000]: karate.org.thymeleaf.standard.processor.StandardRemovableAttributeTagProcessor
[THYMELEAF]             * [* {th:radiogroup,data-th-radiogroup}] [1000]: karate.org.thymeleaf.standard.processor.StandardRemovableAttributeTagProcessor
[THYMELEAF]             * [* {th:background,data-th-background}] [1000]: karate.org.thymeleaf.standard.processor.StandardRemovableAttributeTagProcessor
[THYMELEAF]             * [* {th:size,data-th-size}] [1000]: karate.org.thymeleaf.standard.processor.StandardRemovableAttributeTagProcessor
[THYMELEAF]             * [* {th:hreflang,data-th-hreflang}] [1000]: karate.org.thymeleaf.standard.processor.StandardRemovableAttributeTagProcessor
[THYMELEAF]             * [* {th:frameborder,data-th-frameborder}] [1000]: karate.org.thymeleaf.standard.processor.StandardRemovableAttributeTagProcessor
[THYMELEAF]             * [* {th:archive,data-th-archive}] [1000]: karate.org.thymeleaf.standard.processor.StandardRemovableAttributeTagProcessor
[THYMELEAF]             * [* {th:rowspan,data-th-rowspan}] [1000]: karate.org.thymeleaf.standard.processor.StandardRemovableAttributeTagProcessor
[THYMELEAF]             * [* {th:autocomplete,data-th-autocomplete}] [1000]: karate.org.thymeleaf.standard.processor.StandardRemovableAttributeTagProcessor
[THYMELEAF]             * [* {th:low,data-th-low}] [1000]: karate.org.thymeleaf.standard.processor.StandardRemovableAttributeTagProcessor
[THYMELEAF]             * [* {th:step,data-th-step}] [1000]: karate.org.thymeleaf.standard.processor.StandardRemovableAttributeTagProcessor
[THYMELEAF]             * [* {th:usemap,data-th-usemap}] [1000]: karate.org.thymeleaf.standard.processor.StandardRemovableAttributeTagProcessor
[THYMELEAF]             * [* {th:compact,data-th-compact}] [1000]: karate.org.thymeleaf.standard.processor.StandardRemovableAttributeTagProcessor
[THYMELEAF]             * [* {th:valuetype,data-th-valuetype}] [1000]: karate.org.thymeleaf.standard.processor.StandardRemovableAttributeTagProcessor
[THYMELEAF]             * [* {th:cellspacing,data-th-cellspacing}] [1000]: karate.org.thymeleaf.standard.processor.StandardRemovableAttributeTagProcessor
[THYMELEAF]             * [* {th:marginheight,data-th-marginheight}] [1000]: karate.org.thymeleaf.standard.processor.StandardRemovableAttributeTagProcessor
[THYMELEAF]             * [* {th:for,data-th-for}] [1000]: karate.org.thymeleaf.standard.processor.StandardRemovableAttributeTagProcessor
[THYMELEAF]             * [* {th:start,data-th-start}] [1000]: karate.org.thymeleaf.standard.processor.StandardRemovableAttributeTagProcessor
[THYMELEAF]             * [* {th:rows,data-th-rows}] [1000]: karate.org.thymeleaf.standard.processor.StandardRemovableAttributeTagProcessor
[THYMELEAF]             * [* {th:rel,data-th-rel}] [1000]: karate.org.thymeleaf.standard.processor.StandardRemovableAttributeTagProcessor
[THYMELEAF]             * [* {th:datetime,data-th-datetime}] [1000]: karate.org.thymeleaf.standard.processor.StandardRemovableAttributeTagProcessor
[THYMELEAF]             * [* {th:contextmenu,data-th-contextmenu}] [1000]: karate.org.thymeleaf.standard.processor.StandardRemovableAttributeTagProcessor
[THYMELEAF]             * [* {th:list,data-th-list}] [1000]: karate.org.thymeleaf.standard.processor.StandardRemovableAttributeTagProcessor
[THYMELEAF]             * [* {th:width,data-th-width}] [1000]: karate.org.thymeleaf.standard.processor.StandardRemovableAttributeTagProcessor
[THYMELEAF]             * [* {th:alt,data-th-alt}] [1000]: karate.org.thymeleaf.standard.processor.StandardRemovableAttributeTagProcessor
[THYMELEAF]             * [* {th:classid,data-th-classid}] [1000]: karate.org.thymeleaf.standard.processor.StandardRemovableAttributeTagProcessor
[THYMELEAF]             * [* {th:bgcolor,data-th-bgcolor}] [1000]: karate.org.thymeleaf.standard.processor.StandardRemovableAttributeTagProcessor
[THYMELEAF]             * [* {th:charset,data-th-charset}] [1000]: karate.org.thymeleaf.standard.processor.StandardRemovableAttributeTagProcessor
[THYMELEAF]             * [* {th:title,data-th-title}] [1000]: karate.org.thymeleaf.standard.processor.StandardRemovableAttributeTagProcessor
[THYMELEAF]             * [* {th:summary,data-th-summary}] [1000]: karate.org.thymeleaf.standard.processor.StandardRemovableAttributeTagProcessor
[THYMELEAF]             * [* {th:scheme,data-th-scheme}] [1000]: karate.org.thymeleaf.standard.processor.StandardRemovableAttributeTagProcessor
[THYMELEAF]             * [* {th:axis,data-th-axis}] [1000]: karate.org.thymeleaf.standard.processor.StandardRemovableAttributeTagProcessor
[THYMELEAF]             * [* {th:contenteditable,data-th-contenteditable}] [1000]: karate.org.thymeleaf.standard.processor.StandardRemovableAttributeTagProcessor
[THYMELEAF]             * [* {th:max,data-th-max}] [1000]: karate.org.thymeleaf.standard.processor.StandardRemovableAttributeTagProcessor
[THYMELEAF]             * [* {th:rev,data-th-rev}] [1000]: karate.org.thymeleaf.standard.processor.StandardRemovableAttributeTagProcessor
[THYMELEAF]             * [* {th:draggable,data-th-draggable}] [1000]: karate.org.thymeleaf.standard.processor.StandardRemovableAttributeTagProcessor
[THYMELEAF]             * [* {th:placeholder,data-th-placeholder}] [1000]: karate.org.thymeleaf.standard.processor.StandardRemovableAttributeTagProcessor
[THYMELEAF]             * [* {th:audio,data-th-audio}] [1000]: karate.org.thymeleaf.standard.processor.StandardRemovableAttributeTagProcessor
[THYMELEAF]             * [* {th:dir,data-th-dir}] [1000]: karate.org.thymeleaf.standard.processor.StandardRemovableAttributeTagProcessor
[THYMELEAF]             * [* {th:frame,data-th-frame}] [1000]: karate.org.thymeleaf.standard.processor.StandardRemovableAttributeTagProcessor
[THYMELEAF]             * [* {th:cite,data-th-cite}] [1000]: karate.org.thymeleaf.standard.processor.StandardRemovableAttributeTagProcessor
[THYMELEAF]             * [* {th:challenge,data-th-challenge}] [1000]: karate.org.thymeleaf.standard.processor.StandardRemovableAttributeTagProcessor
[THYMELEAF]             * [* {th:poster,data-th-poster}] [1000]: karate.org.thymeleaf.standard.processor.StandardRemovableAttributeTagProcessor
[THYMELEAF]             * [* {th:abbr,data-th-abbr}] [1000]: karate.org.thymeleaf.standard.processor.StandardRemovableAttributeTagProcessor
[THYMELEAF]             * [* {th:cellpadding,data-th-cellpadding}] [1000]: karate.org.thymeleaf.standard.processor.StandardRemovableAttributeTagProcessor
[THYMELEAF]             * [* {th:colspan,data-th-colspan}] [1000]: karate.org.thymeleaf.standard.processor.StandardRemovableAttributeTagProcessor
[THYMELEAF]             * [* {th:border,data-th-border}] [1000]: karate.org.thymeleaf.standard.processor.StandardRemovableAttributeTagProcessor
[THYMELEAF]             * [* {th:vspace,data-th-vspace}] [1000]: karate.org.thymeleaf.standard.processor.StandardRemovableAttributeTagProcessor
[THYMELEAF]             * [* {th:sizes,data-th-sizes}] [1000]: karate.org.thymeleaf.standard.processor.StandardRemovableAttributeTagProcessor
[THYMELEAF]             * [* {th:formmethod,data-th-formmethod}] [1000]: karate.org.thymeleaf.standard.processor.StandardRemovableAttributeTagProcessor
[THYMELEAF]             * [* {th:keytype,data-th-keytype}] [1000]: karate.org.thymeleaf.standard.processor.StandardRemovableAttributeTagProcessor
[THYMELEAF]             * [* {th:form,data-th-form}] [1000]: karate.org.thymeleaf.standard.processor.StandardRemovableAttributeTagProcessor
[THYMELEAF]             * [* {th:formtarget,data-th-formtarget}] [1000]: karate.org.thymeleaf.standard.processor.StandardRemovableAttributeTagProcessor
[THYMELEAF]             * [* {th:spellcheck,data-th-spellcheck}] [1000]: karate.org.thymeleaf.standard.processor.StandardRemovableAttributeTagProcessor
[THYMELEAF]             * [* {th:maxlength,data-th-maxlength}] [1000]: karate.org.thymeleaf.standard.processor.StandardRemovableAttributeTagProcessor
[THYMELEAF]             * [* {th:cols,data-th-cols}] [1000]: karate.org.thymeleaf.standard.processor.StandardRemovableAttributeTagProcessor
[THYMELEAF]             * [* {th:longdesc,data-th-longdesc}] [1000]: karate.org.thymeleaf.standard.processor.StandardRemovableAttributeTagProcessor
[THYMELEAF]             * [* {th:accept,data-th-accept}] [1000]: karate.org.thymeleaf.standard.processor.StandardRemovableAttributeTagProcessor
[THYMELEAF]             * [* {th:marginwidth,data-th-marginwidth}] [1000]: karate.org.thymeleaf.standard.processor.StandardRemovableAttributeTagProcessor
[THYMELEAF]             * [* {th:label,data-th-label}] [1000]: karate.org.thymeleaf.standard.processor.StandardRemovableAttributeTagProcessor
[THYMELEAF]             * [* {th:media,data-th-media}] [1000]: karate.org.thymeleaf.standard.processor.StandardRemovableAttributeTagProcessor
[THYMELEAF]             * [* {th:enctype,data-th-enctype}] [1000]: karate.org.thymeleaf.standard.processor.StandardRemovableAttributeTagProcessor
[THYMELEAF]             * [* {th:lang,data-th-lang}] [1000]: karate.org.thymeleaf.standard.processor.StandardRemovableAttributeTagProcessor
[THYMELEAF]             * [* {th:optimum,data-th-optimum}] [1000]: karate.org.thymeleaf.standard.processor.StandardRemovableAttributeTagProcessor
[THYMELEAF]             * [* {th:tabindex,data-th-tabindex}] [1000]: karate.org.thymeleaf.standard.processor.StandardRemovableAttributeTagProcessor
[THYMELEAF]             * [* {th:scope,data-th-scope}] [1000]: karate.org.thymeleaf.standard.processor.StandardRemovableAttributeTagProcessor
[THYMELEAF]             * [* {th:scrolling,data-th-scrolling}] [1000]: karate.org.thymeleaf.standard.processor.StandardRemovableAttributeTagProcessor
[THYMELEAF]             * [* {th:formenctype,data-th-formenctype}] [1000]: karate.org.thymeleaf.standard.processor.StandardRemovableAttributeTagProcessor
[THYMELEAF]             * [* {th:kind,data-th-kind}] [1000]: karate.org.thymeleaf.standard.processor.StandardRemovableAttributeTagProcessor
[THYMELEAF]             * [* {th:formaction,data-th-formaction}] [1000]: karate.org.thymeleaf.standard.processor.StandardRemovableAttributeTagProcessor
[THYMELEAF]             * [* {th:sandbox,data-th-sandbox}] [1000]: karate.org.thymeleaf.standard.processor.StandardRemovableAttributeTagProcessor
[THYMELEAF]             * [* {th:span,data-th-span}] [1000]: karate.org.thymeleaf.standard.processor.StandardRemovableAttributeTagProcessor
[THYMELEAF]             * [* {th:srclang,data-th-srclang}] [1000]: karate.org.thymeleaf.standard.processor.StandardRemovableAttributeTagProcessor
[THYMELEAF]             * [* {th:wrap,data-th-wrap}] [1000]: karate.org.thymeleaf.standard.processor.StandardRemovableAttributeTagProcessor
[THYMELEAF]             * [* {th:codetype,data-th-codetype}] [1000]: karate.org.thymeleaf.standard.processor.StandardRemovableAttributeTagProcessor
[THYMELEAF]             * [* {th:id,data-th-id}] [1000]: karate.org.thymeleaf.standard.processor.StandardRemovableAttributeTagProcessor
[THYMELEAF]             * [* {th:pattern,data-th-pattern}] [1000]: karate.org.thymeleaf.standard.processor.StandardRemovableAttributeTagProcessor
[THYMELEAF]             * [* {th:height,data-th-height}] [1000]: karate.org.thymeleaf.standard.processor.StandardRemovableAttributeTagProcessor
[THYMELEAF]             * [* {th:manifest,data-th-manifest}] [1000]: karate.org.thymeleaf.standard.processor.StandardRemovableAttributeTagProcessor
[THYMELEAF]             * [* {th:content,data-th-content}] [1000]: karate.org.thymeleaf.standard.processor.StandardRemovableAttributeTagProcessor
[THYMELEAF]             * [* {th:headers,data-th-headers}] [1000]: karate.org.thymeleaf.standard.processor.StandardRemovableAttributeTagProcessor
[THYMELEAF]             * [* {th:accesskey,data-th-accesskey}] [1000]: karate.org.thymeleaf.standard.processor.StandardRemovableAttributeTagProcessor
[THYMELEAF]             * [* {th:codebase,data-th-codebase}] [1000]: karate.org.thymeleaf.standard.processor.StandardRemovableAttributeTagProcessor
[THYMELEAF]             * [* {th:rules,data-th-rules}] [1000]: karate.org.thymeleaf.standard.processor.StandardRemovableAttributeTagProcessor
[THYMELEAF]             * [* {th:min,data-th-min}] [1000]: karate.org.thymeleaf.standard.processor.StandardRemovableAttributeTagProcessor
[THYMELEAF]             * [* {th:dropzone,data-th-dropzone}] [1000]: karate.org.thymeleaf.standard.processor.StandardRemovableAttributeTagProcessor
[THYMELEAF]             * [* {th:data,data-th-data}] [1000]: karate.org.thymeleaf.standard.processor.StandardRemovableAttributeTagProcessor
[THYMELEAF]             * [* {th:class,data-th-class}] [1000]: karate.org.thymeleaf.standard.processor.StandardRemovableAttributeTagProcessor
[THYMELEAF]             * [* {th:src,data-th-src}] [1000]: karate.org.thymeleaf.standard.processor.StandardSrcTagProcessor
[THYMELEAF]             * [* {th:value,data-th-value}] [1000]: karate.org.thymeleaf.standard.processor.StandardValueTagProcessor
[THYMELEAF]             * [* {th:xmlbase,data-th-xmlbase}] [1000]: karate.org.thymeleaf.standard.processor.StandardXmlBaseTagProcessor
[THYMELEAF]             * [* {th:xmllang,data-th-xmllang}] [1000]: karate.org.thymeleaf.standard.processor.StandardXmlLangTagProcessor
[THYMELEAF]             * [* {xmlns:th}] [1000]: karate.org.thymeleaf.standard.processor.StandardXmlNsTagProcessor
[THYMELEAF]             * [* {th:xmlspace,data-th-xmlspace}] [1000]: karate.org.thymeleaf.standard.processor.StandardXmlSpaceTagProcessor
[THYMELEAF]             * [* {th:classappend,data-th-classappend}] [1100]: karate.org.thymeleaf.standard.processor.StandardClassappendTagProcessor
[THYMELEAF]             * [* {th:styleappend,data-th-styleappend}] [1100]: karate.org.thymeleaf.standard.processor.StandardStyleappendTagProcessor
[THYMELEAF]             * [* {th:text,data-th-text}] [1300]: karate.org.thymeleaf.standard.processor.StandardTextTagProcessor
[THYMELEAF]             * [* {th:utext,data-th-utext}] [1400]: karate.org.thymeleaf.standard.processor.StandardUtextTagProcessor
[THYMELEAF]             * [* {th:fragment,data-th-fragment}] [1500]: karate.org.thymeleaf.standard.processor.StandardFragmentTagProcessor
[THYMELEAF]             * [* {th:assert,data-th-assert}] [1550]: karate.org.thymeleaf.standard.processor.StandardAssertTagProcessor
[THYMELEAF]             * [* {th:remove,data-th-remove}] [1600]: karate.org.thymeleaf.standard.processor.StandardRemoveTagProcessor
[THYMELEAF]             * [* {th:ref,data-th-ref}] [10000]: karate.org.thymeleaf.standard.processor.StandardRefAttributeTagProcessor
[THYMELEAF]             * [{th:block,th-block} *] [100000]: karate.org.thymeleaf.standard.processor.StandardBlockTagProcessor
[THYMELEAF]             * [* th:*] [2147483647]: karate.org.thymeleaf.standard.processor.StandardDefaultAttributesTagProcessor
[THYMELEAF]         * Text Processors by [precedence]:
[THYMELEAF]             * [1000]: karate.org.thymeleaf.standard.processor.StandardInliningTextProcessor
[THYMELEAF]         * DOCTYPE Processors by [precedence]:
[THYMELEAF]             * [1000]: karate.org.thymeleaf.standard.processor.StandardTranslationDocTypeProcessor
[THYMELEAF]         * CDATA Section Processors by [precedence]:
[THYMELEAF]             * [1000]: karate.org.thymeleaf.standard.processor.StandardInliningCDATASectionProcessor
[THYMELEAF]         * Comment Processors by [precedence]:
[THYMELEAF]             * [1000]: karate.org.thymeleaf.standard.processor.StandardInliningCommentProcessor
[THYMELEAF]             * [1100]: karate.org.thymeleaf.standard.processor.StandardConditionalCommentProcessor
[THYMELEAF]     * Processors for Template Mode: XML
[THYMELEAF]         * Element Tag Processors by [matching element and attribute name] [precedence]:
[THYMELEAF]             * [* {th:include}] [100]: karate.org.thymeleaf.standard.processor.StandardIncludeTagProcessor
[THYMELEAF]             * [* {th:insert}] [100]: karate.org.thymeleaf.standard.processor.StandardInsertTagProcessor
[THYMELEAF]             * [* {th:replace}] [100]: karate.org.thymeleaf.standard.processor.StandardReplaceTagProcessor
[THYMELEAF]             * [* {th:substituteby}] [100]: karate.org.thymeleaf.standard.processor.StandardSubstituteByTagProcessor
[THYMELEAF]             * [* {th:each}] [200]: com.intuit.karate.template.KarateEachTagProcessor
[THYMELEAF]             * [* {th:switch}] [250]: karate.org.thymeleaf.standard.processor.StandardSwitchTagProcessor
[THYMELEAF]             * [* {th:case}] [275]: karate.org.thymeleaf.standard.processor.StandardCaseTagProcessor
[THYMELEAF]             * [* {th:if}] [300]: karate.org.thymeleaf.standard.processor.StandardIfTagProcessor
[THYMELEAF]             * [* {th:unless}] [400]: karate.org.thymeleaf.standard.processor.StandardUnlessTagProcessor
[THYMELEAF]             * [* {th:object}] [500]: karate.org.thymeleaf.standard.processor.StandardObjectTagProcessor
[THYMELEAF]             * [* {th:with}] [600]: com.intuit.karate.template.KarateWithTagProcessor
[THYMELEAF]             * [* {th:attr}] [700]: com.intuit.karate.template.KarateAttributeTagProcessor.KarateAttrTagProcessor
[THYMELEAF]             * [* {th:attrappend}] [900]: com.intuit.karate.template.KarateAttributeTagProcessor.KarateAttrappendTagProcessor
[THYMELEAF]             * [* {th:attrprepend}] [900]: com.intuit.karate.template.KarateAttributeTagProcessor.KarateAttrprependTagProcessor
[THYMELEAF]             * [* {th:inline}] [1000]: karate.org.thymeleaf.standard.processor.StandardInlineXMLTagProcessor
[THYMELEAF]             * [* {xmlns:th}] [1000]: karate.org.thymeleaf.standard.processor.StandardXmlNsTagProcessor
[THYMELEAF]             * [* {th:text}] [1300]: karate.org.thymeleaf.standard.processor.StandardTextTagProcessor
[THYMELEAF]             * [* {th:utext}] [1400]: karate.org.thymeleaf.standard.processor.StandardUtextTagProcessor
[THYMELEAF]             * [* {th:fragment}] [1500]: karate.org.thymeleaf.standard.processor.StandardFragmentTagProcessor
[THYMELEAF]             * [* {th:assert}] [1550]: karate.org.thymeleaf.standard.processor.StandardAssertTagProcessor
[THYMELEAF]             * [* {th:remove}] [1600]: karate.org.thymeleaf.standard.processor.StandardRemoveTagProcessor
[THYMELEAF]             * [* {th:ref}] [10000]: karate.org.thymeleaf.standard.processor.StandardRefAttributeTagProcessor
[THYMELEAF]             * [{th:block} *] [100000]: karate.org.thymeleaf.standard.processor.StandardBlockTagProcessor
[THYMELEAF]             * [* th:*] [2147483647]: karate.org.thymeleaf.standard.processor.StandardDefaultAttributesTagProcessor
[THYMELEAF]         * Text Processors by [precedence]:
[THYMELEAF]             * [1000]: karate.org.thymeleaf.standard.processor.StandardInliningTextProcessor
[THYMELEAF]         * CDATA Section Processors by [precedence]:
[THYMELEAF]             * [1000]: karate.org.thymeleaf.standard.processor.StandardInliningCDATASectionProcessor
[THYMELEAF]         * Comment Processors by [precedence]:
[THYMELEAF]             * [1000]: karate.org.thymeleaf.standard.processor.StandardInliningCommentProcessor
[THYMELEAF]     * Processors for Template Mode: TEXT
[THYMELEAF]         * Element Tag Processors by [matching element and attribute name] [precedence]:
[THYMELEAF]             * [* {th:insert}] [100]: karate.org.thymeleaf.standard.processor.StandardInsertTagProcessor
[THYMELEAF]             * [* {th:replace}] [100]: karate.org.thymeleaf.standard.processor.StandardReplaceTagProcessor
[THYMELEAF]             * [* {th:each}] [200]: com.intuit.karate.template.KarateEachTagProcessor
[THYMELEAF]             * [* {th:switch}] [250]: karate.org.thymeleaf.standard.processor.StandardSwitchTagProcessor
[THYMELEAF]             * [* {th:case}] [275]: karate.org.thymeleaf.standard.processor.StandardCaseTagProcessor
[THYMELEAF]             * [* {th:if}] [300]: karate.org.thymeleaf.standard.processor.StandardIfTagProcessor
[THYMELEAF]             * [* {th:unless}] [400]: karate.org.thymeleaf.standard.processor.StandardUnlessTagProcessor
[THYMELEAF]             * [* {th:object}] [500]: karate.org.thymeleaf.standard.processor.StandardObjectTagProcessor
[THYMELEAF]             * [* {th:with}] [600]: com.intuit.karate.template.KarateWithTagProcessor
[THYMELEAF]             * [* {th:inline}] [1000]: karate.org.thymeleaf.standard.processor.StandardInlineTextualTagProcessor
[THYMELEAF]             * [* {th:text}] [1300]: karate.org.thymeleaf.standard.processor.StandardTextTagProcessor
[THYMELEAF]             * [* {th:utext}] [1400]: karate.org.thymeleaf.standard.processor.StandardUtextTagProcessor
[THYMELEAF]             * [* {th:assert}] [1550]: karate.org.thymeleaf.standard.processor.StandardAssertTagProcessor
[THYMELEAF]             * [* {th:remove}] [1600]: karate.org.thymeleaf.standard.processor.StandardRemoveTagProcessor
[THYMELEAF]             * [* 100000] [karate.org.thymeleaf.standard.processor.StandardBlockTagProcessor]: {}
[THYMELEAF]             * [{th:block} *] [100000]: karate.org.thymeleaf.standard.processor.StandardBlockTagProcessor
[THYMELEAF]         * Text Processors by [precedence]:
[THYMELEAF]             * [1000]: karate.org.thymeleaf.standard.processor.StandardInliningTextProcessor
[THYMELEAF]     * Processors for Template Mode: JAVASCRIPT
[THYMELEAF]         * Element Tag Processors by [matching element and attribute name] [precedence]:
[THYMELEAF]             * [* {th:insert}] [100]: karate.org.thymeleaf.standard.processor.StandardInsertTagProcessor
[THYMELEAF]             * [* {th:replace}] [100]: karate.org.thymeleaf.standard.processor.StandardReplaceTagProcessor
[THYMELEAF]             * [* {th:each}] [200]: com.intuit.karate.template.KarateEachTagProcessor
[THYMELEAF]             * [* {th:switch}] [250]: karate.org.thymeleaf.standard.processor.StandardSwitchTagProcessor
[THYMELEAF]             * [* {th:case}] [275]: karate.org.thymeleaf.standard.processor.StandardCaseTagProcessor
[THYMELEAF]             * [* {th:if}] [300]: karate.org.thymeleaf.standard.processor.StandardIfTagProcessor
[THYMELEAF]             * [* {th:unless}] [400]: karate.org.thymeleaf.standard.processor.StandardUnlessTagProcessor
[THYMELEAF]             * [* {th:object}] [500]: karate.org.thymeleaf.standard.processor.StandardObjectTagProcessor
[THYMELEAF]             * [* {th:with}] [600]: com.intuit.karate.template.KarateWithTagProcessor
[THYMELEAF]             * [* {th:inline}] [1000]: karate.org.thymeleaf.standard.processor.StandardInlineTextualTagProcessor
[THYMELEAF]             * [* {th:text}] [1300]: karate.org.thymeleaf.standard.processor.StandardTextTagProcessor
[THYMELEAF]             * [* {th:utext}] [1400]: karate.org.thymeleaf.standard.processor.StandardUtextTagProcessor
[THYMELEAF]             * [* {th:assert}] [1550]: karate.org.thymeleaf.standard.processor.StandardAssertTagProcessor
[THYMELEAF]             * [* {th:remove}] [1600]: karate.org.thymeleaf.standard.processor.StandardRemoveTagProcessor
[THYMELEAF]             * [* 100000] [karate.org.thymeleaf.standard.processor.StandardBlockTagProcessor]: {}
[THYMELEAF]             * [{th:block} *] [100000]: karate.org.thymeleaf.standard.processor.StandardBlockTagProcessor
[THYMELEAF]         * Text Processors by [precedence]:
[THYMELEAF]             * [1000]: karate.org.thymeleaf.standard.processor.StandardInliningTextProcessor
[THYMELEAF]     * Processors for Template Mode: CSS
[THYMELEAF]         * Element Tag Processors by [matching element and attribute name] [precedence]:
[THYMELEAF]             * [* {th:insert}] [100]: karate.org.thymeleaf.standard.processor.StandardInsertTagProcessor
[THYMELEAF]             * [* {th:replace}] [100]: karate.org.thymeleaf.standard.processor.StandardReplaceTagProcessor
[THYMELEAF]             * [* {th:each}] [200]: com.intuit.karate.template.KarateEachTagProcessor
[THYMELEAF]             * [* {th:switch}] [250]: karate.org.thymeleaf.standard.processor.StandardSwitchTagProcessor
[THYMELEAF]             * [* {th:case}] [275]: karate.org.thymeleaf.standard.processor.StandardCaseTagProcessor
[THYMELEAF]             * [* {th:if}] [300]: karate.org.thymeleaf.standard.processor.StandardIfTagProcessor
[THYMELEAF]             * [* {th:unless}] [400]: karate.org.thymeleaf.standard.processor.StandardUnlessTagProcessor
[THYMELEAF]             * [* {th:object}] [500]: karate.org.thymeleaf.standard.processor.StandardObjectTagProcessor
[THYMELEAF]             * [* {th:with}] [600]: com.intuit.karate.template.KarateWithTagProcessor
[THYMELEAF]             * [* {th:inline}] [1000]: karate.org.thymeleaf.standard.processor.StandardInlineTextualTagProcessor
[THYMELEAF]             * [* {th:text}] [1300]: karate.org.thymeleaf.standard.processor.StandardTextTagProcessor
[THYMELEAF]             * [* {th:utext}] [1400]: karate.org.thymeleaf.standard.processor.StandardUtextTagProcessor
[THYMELEAF]             * [* {th:assert}] [1550]: karate.org.thymeleaf.standard.processor.StandardAssertTagProcessor
[THYMELEAF]             * [* {th:remove}] [1600]: karate.org.thymeleaf.standard.processor.StandardRemoveTagProcessor
[THYMELEAF]             * [* 100000] [karate.org.thymeleaf.standard.processor.StandardBlockTagProcessor]: {}
[THYMELEAF]             * [{th:block} *] [100000]: karate.org.thymeleaf.standard.processor.StandardBlockTagProcessor
[THYMELEAF]         * Text Processors by [precedence]:
[THYMELEAF]             * [1000]: karate.org.thymeleaf.standard.processor.StandardInliningTextProcessor
[THYMELEAF]     * Expression Objects:
[THYMELEAF]         * #ctx
[THYMELEAF]         * #root
[THYMELEAF]         * #vars
[THYMELEAF]         * #object
[THYMELEAF]         * #locale
[THYMELEAF]         * #request
[THYMELEAF]         * #response
[THYMELEAF]         * #session
[THYMELEAF]         * #servletContext
[THYMELEAF]         * #conversions
[THYMELEAF]         * #uris
[THYMELEAF]         * #calendars
[THYMELEAF]         * #dates
[THYMELEAF]         * #bools
[THYMELEAF]         * #numbers
[THYMELEAF]         * #objects
[THYMELEAF]         * #strings
[THYMELEAF]         * #arrays
[THYMELEAF]         * #lists
[THYMELEAF]         * #sets
[THYMELEAF]         * #maps
[THYMELEAF]         * #aggregates
[THYMELEAF]         * #messages
[THYMELEAF]         * #ids
[THYMELEAF]         * #execInfo
[THYMELEAF]         * #httpServletRequest
[THYMELEAF]         * #httpSession
[THYMELEAF]     * Execution Attributes:
[THYMELEAF]         * "StandardExpressionParser": com.intuit.karate.template.KarateStandardDialect@3a17acd4
[THYMELEAF]         * "StandardJavaScriptSerializer": karate.org.thymeleaf.standard.serializer.StandardJavaScriptSerializer@7c9512c6
[THYMELEAF]         * "StandardCSSSerializer": karate.org.thymeleaf.standard.serializer.StandardCSSSerializer@4f65af91
[THYMELEAF]         * "StandardVariableExpressionEvaluator": com.intuit.karate.template.KarateStandardDialect@3a17acd4
[THYMELEAF]         * "StandardConversionService": karate.org.thymeleaf.standard.expression.StandardConversionService@1b79df53
[THYMELEAF] * Dialect [2 of 2]: karate (com.intuit.karate.template.KarateScriptDialect)
[THYMELEAF]     * Prefix: "ka"
[THYMELEAF]     * Processors for Template Mode: HTML
[THYMELEAF]         * Element Tag Processors by [matching element and attribute name] [precedence]:
[THYMELEAF]             * [* {src}] [1000]: com.intuit.karate.template.KaScriptAttrProcessor
[THYMELEAF]         * Element Model Processors by [matching element and attribute name] [precedence]:
[THYMELEAF]             * [{script} {ka:scope,data-ka-scope}] [1000]: com.intuit.karate.template.KaScriptElemProcessor
[THYMELEAF]             * [* {ka:set,data-ka-set}] [1000]: com.intuit.karate.template.KaSetElemProcessor
[THYMELEAF] TEMPLATE ENGINE CONFIGURED OK
13:05:00.324 [main] DEBUG karate.org.thymeleaf.TemplateEngine - [THYMELEAF] TEMPLATE ENGINE INITIALIZED
13:05:00.358 [Finalizer] DEBUG karate.org.apache.http.impl.conn.PoolingHttpClientConnectionManager - Connection manager is shutting down
13:05:00.358 [Finalizer] DEBUG karate.org.apache.http.impl.conn.DefaultManagedHttpClientConnection - http-outgoing-43: Close connection
13:05:00.359 [Finalizer] DEBUG karate.org.apache.http.impl.conn.PoolingHttpClientConnectionManager - Connection manager shut down
13:05:00.359 [Finalizer] DEBUG karate.org.apache.http.impl.conn.PoolingHttpClientConnectionManager - Connection manager is shutting down
13:05:00.359 [Finalizer] DEBUG karate.org.apache.http.impl.conn.DefaultManagedHttpClientConnection - http-outgoing-42: Close connection
13:05:00.360 [Finalizer] DEBUG karate.org.apache.http.impl.conn.PoolingHttpClientConnectionManager - Connection manager shut down
13:05:00.360 [Finalizer] DEBUG karate.org.apache.http.impl.conn.PoolingHttpClientConnectionManager - Connection manager is shutting down
13:05:00.360 [Finalizer] DEBUG karate.org.apache.http.impl.conn.DefaultManagedHttpClientConnection - http-outgoing-41: Close connection
13:05:00.360 [Finalizer] DEBUG karate.org.apache.http.impl.conn.PoolingHttpClientConnectionManager - Connection manager shut down
13:05:00.360 [Finalizer] DEBUG karate.org.apache.http.impl.conn.PoolingHttpClientConnectionManager - Connection manager is shutting down
13:05:00.360 [Finalizer] DEBUG karate.org.apache.http.impl.conn.DefaultManagedHttpClientConnection - http-outgoing-40: Close connection
13:05:00.360 [Finalizer] DEBUG karate.org.apache.http.impl.conn.PoolingHttpClientConnectionManager - Connection manager shut down
13:05:00.360 [Finalizer] DEBUG karate.org.apache.http.impl.conn.PoolingHttpClientConnectionManager - Connection manager is shutting down
13:05:00.360 [Finalizer] DEBUG karate.org.apache.http.impl.conn.DefaultManagedHttpClientConnection - http-outgoing-39: Close connection
13:05:00.361 [Finalizer] DEBUG karate.org.apache.http.impl.conn.PoolingHttpClientConnectionManager - Connection manager shut down
13:05:00.361 [Finalizer] DEBUG karate.org.apache.http.impl.conn.PoolingHttpClientConnectionManager - Connection manager is shutting down
13:05:00.361 [Finalizer] DEBUG karate.org.apache.http.impl.conn.DefaultManagedHttpClientConnection - http-outgoing-38: Close connection
13:05:00.361 [Finalizer] DEBUG karate.org.apache.http.impl.conn.PoolingHttpClientConnectionManager - Connection manager shut down
---------------------------------------------------------
feature: classpath:feature/TempStorage_b_GET.feature
scenarios:  4 | passed:  0 | failed:  4 | time: 0.6778
---------------------------------------------------------

13:05:00.488 [main] INFO com.intuit.karate.Suite - <<fail>> feature 11 of 12 (0 remaining) classpath:feature/TempStorage_b_GET.feature
13:05:00.493 [main] INFO com.intuit.karate - karate.env system property was: it01 
13:05:00.493 [main] INFO com.intuit.karate - clientId:52e80bfa-b42c-47d7-98b5-8bb87c926209 
13:05:00.494 [main] INFO com.intuit.karate - Current URL is : https://apigw-st.telus.com 
13:05:00.494 [main] INFO com.intuit.karate - Current Env is : it01 
13:05:00.498 [main] DEBUG com.jayway.jsonpath.internal.path.CompiledPath - Evaluating path: $
13:05:00.499 [main] INFO com.intuit.karate - [print] [
  {
    "storage_id": "1",
    "group": "a"
  },
  {
    "storage_id": "2",
    "group": "b"
  }
]
 
13:05:00.499 [main] DEBUG com.jayway.jsonpath.internal.path.CompiledPath - Evaluating path: $..['storage_id']
13:05:00.500 [main] INFO com.intuit.karate - [print] 1 
13:05:00.500 [main] DEBUG com.jayway.jsonpath.internal.path.CompiledPath - Evaluating path: $..['storage_id']
13:05:00.500 [main] INFO com.intuit.karate - [print] 1 
13:05:00.501 [main] DEBUG com.jayway.jsonpath.internal.path.CompiledPath - Evaluating path: $..['group']
13:05:00.502 [main] DEBUG com.jayway.jsonpath.internal.path.CompiledPath - Evaluating path: $..['group']
13:05:00.502 [main] INFO com.intuit.karate - [print] a 
13:05:00.502 [main] INFO com.intuit.karate - [print] eyJhbGciOiJSUzI1NiIsImtpZCI6ImNhZGZhMTYyLTU2YzEtNGRiOS1hNjNmLTYwZTM3NzIwMWJkZiIsInBpLmF0bSI6IjMifQ.eyJzY29wZSI6WyI0NzIwIl0sImF1dGhvcml6YXRpb25fZGV0YWlscyI6W10sImNsaWVudF9pZCI6IjUyZTgwYmZhLWI0MmMtNDdkNy05OGI1LThiYjg3YzkyNjIwOSIsImlzcyI6Imh0dHBzOi8vdGVhbXNzby1pdHMwNC50ZWx1cy5jb20iLCJhdWQiOiJrb25nIiwiaWF0IjoxNzIzMjIzMDg5LCJleHAiOjE3MjMyMjMzODl9.flESEmYyI_eCkBmzn54OkGfP2lAIxnyqs2XbjtABUAmEnkCOQe8uoiUdROg_nBCNsbluJLTMIyv2VQYcEFeVpzwJIN4AH00KC-3px8L7DRMcbbbRqgIOGamUVRjytKBt3cFR1XVCW32bLo_XlS6M0CPdsCtowSRRwenf6htGC3loiXiWZ8pxuYaJNnmQfuSN9rWpZNHc8y-eYDl0xm6EoEXQSfatP3EAxDBw6tgqlb5patcu_afyMqKiHha9IdISwDeMrqyfvgoAR4Sqhdy3Uxp_k_xzmM-XWElgzY0YfiUnRnIl01fsIz1UO7xaed3xVyVlwsYrq6nB9I57SYDk-A 
13:05:00.503 [main] INFO com.intuit.karate - [print] {
  "name": "Rajat Doliya007",
  "sport": {
    "cricket": "good Garçon À la carte Maître d\u2019hôtel",
    "archery": "better"
  }
}
 
13:05:00.504 [main] DEBUG karate.org.apache.http.client.protocol.RequestAddCookies - CookieSpec selected: karate
13:05:00.505 [main] DEBUG karate.org.apache.http.client.protocol.RequestAuthCache - Auth cache not set in the context
13:05:00.505 [main] DEBUG com.intuit.karate - request:
1 > PUT https://apigw-st.telus.com/customer/contactCenterTempStorage/v1/storage/1/update?ttl=10000&group=a
1 > env: it01
1 > Content-Type: application/json; charset=UTF-8
1 > Authorization: Bearer eyJhbGciOiJSUzI1NiIsImtpZCI6ImNhZGZhMTYyLTU2YzEtNGRiOS1hNjNmLTYwZTM3NzIwMWJkZiIsInBpLmF0bSI6IjMifQ.eyJzY29wZSI6WyI0NzIwIl0sImF1dGhvcml6YXRpb25fZGV0YWlscyI6W10sImNsaWVudF9pZCI6IjUyZTgwYmZhLWI0MmMtNDdkNy05OGI1LThiYjg3YzkyNjIwOSIsImlzcyI6Imh0dHBzOi8vdGVhbXNzby1pdHMwNC50ZWx1cy5jb20iLCJhdWQiOiJrb25nIiwiaWF0IjoxNzIzMjIzMDg5LCJleHAiOjE3MjMyMjMzODl9.flESEmYyI_eCkBmzn54OkGfP2lAIxnyqs2XbjtABUAmEnkCOQe8uoiUdROg_nBCNsbluJLTMIyv2VQYcEFeVpzwJIN4AH00KC-3px8L7DRMcbbbRqgIOGamUVRjytKBt3cFR1XVCW32bLo_XlS6M0CPdsCtowSRRwenf6htGC3loiXiWZ8pxuYaJNnmQfuSN9rWpZNHc8y-eYDl0xm6EoEXQSfatP3EAxDBw6tgqlb5patcu_afyMqKiHha9IdISwDeMrqyfvgoAR4Sqhdy3Uxp_k_xzmM-XWElgzY0YfiUnRnIl01fsIz1UO7xaed3xVyVlwsYrq6nB9I57SYDk-A
1 > Content-Length: 114
1 > Host: apigw-st.telus.com
1 > Connection: Keep-Alive
1 > User-Agent: Apache-HttpClient/4.5.13 (Java/20.0.2)
1 > Accept-Encoding: gzip,deflate
{"name":"Rajat Doliya007","sport":{"cricket":"good Garçon À la carte Maître d\u2019hôtel","archery":"better"}}

13:05:00.505 [main] DEBUG karate.org.apache.http.impl.conn.PoolingHttpClientConnectionManager - Connection request: [route: {s}->https://apigw-st.telus.com:443][total available: 0; route allocated: 0 of 5; total allocated: 0 of 10]
13:05:00.505 [main] DEBUG karate.org.apache.http.impl.conn.PoolingHttpClientConnectionManager - Connection leased: [id: 44][route: {s}->https://apigw-st.telus.com:443][total available: 0; route allocated: 1 of 5; total allocated: 1 of 10]
13:05:00.505 [main] DEBUG karate.org.apache.http.impl.execchain.MainClientExec - Opening connection {s}->https://apigw-st.telus.com:443
13:05:00.505 [main] DEBUG karate.org.apache.http.impl.conn.DefaultHttpClientConnectionOperator - Connecting to apigw-st.telus.com/207.219.84.31:443
13:05:00.505 [main] DEBUG karate.org.apache.http.conn.ssl.LenientSslConnectionSocketFactory - Connecting socket to apigw-st.telus.com/207.219.84.31:443 with timeout 10000
13:05:00.548 [main] DEBUG karate.org.apache.http.conn.ssl.LenientSslConnectionSocketFactory - Enabled protocols: [TLSv1.3, TLSv1.2]
13:05:00.548 [main] DEBUG karate.org.apache.http.conn.ssl.LenientSslConnectionSocketFactory - Enabled cipher suites:[TLS_AES_256_GCM_SHA384, TLS_AES_128_GCM_SHA256, TLS_CHACHA20_POLY1305_SHA256, TLS_ECDHE_ECDSA_WITH_AES_256_GCM_SHA384, TLS_ECDHE_ECDSA_WITH_AES_128_GCM_SHA256, TLS_ECDHE_ECDSA_WITH_CHACHA20_POLY1305_SHA256, TLS_ECDHE_RSA_WITH_AES_256_GCM_SHA384, TLS_ECDHE_RSA_WITH_CHACHA20_POLY1305_SHA256, TLS_ECDHE_RSA_WITH_AES_128_GCM_SHA256, TLS_DHE_RSA_WITH_AES_256_GCM_SHA384, TLS_DHE_RSA_WITH_CHACHA20_POLY1305_SHA256, TLS_DHE_DSS_WITH_AES_256_GCM_SHA384, TLS_DHE_RSA_WITH_AES_128_GCM_SHA256, TLS_DHE_DSS_WITH_AES_128_GCM_SHA256, TLS_ECDHE_ECDSA_WITH_AES_256_CBC_SHA384, TLS_ECDHE_RSA_WITH_AES_256_CBC_SHA384, TLS_ECDHE_ECDSA_WITH_AES_128_CBC_SHA256, TLS_ECDHE_RSA_WITH_AES_128_CBC_SHA256, TLS_DHE_RSA_WITH_AES_256_CBC_SHA256, TLS_DHE_DSS_WITH_AES_256_CBC_SHA256, TLS_DHE_RSA_WITH_AES_128_CBC_SHA256, TLS_DHE_DSS_WITH_AES_128_CBC_SHA256, TLS_ECDHE_ECDSA_WITH_AES_256_CBC_SHA, TLS_ECDHE_RSA_WITH_AES_256_CBC_SHA, TLS_ECDHE_ECDSA_WITH_AES_128_CBC_SHA, TLS_ECDHE_RSA_WITH_AES_128_CBC_SHA, TLS_DHE_RSA_WITH_AES_256_CBC_SHA, TLS_DHE_DSS_WITH_AES_256_CBC_SHA, TLS_DHE_RSA_WITH_AES_128_CBC_SHA, TLS_DHE_DSS_WITH_AES_128_CBC_SHA, TLS_RSA_WITH_AES_256_GCM_SHA384, TLS_RSA_WITH_AES_128_GCM_SHA256, TLS_RSA_WITH_AES_256_CBC_SHA256, TLS_RSA_WITH_AES_128_CBC_SHA256, TLS_RSA_WITH_AES_256_CBC_SHA, TLS_RSA_WITH_AES_128_CBC_SHA, TLS_EMPTY_RENEGOTIATION_INFO_SCSV]
13:05:00.548 [main] DEBUG karate.org.apache.http.conn.ssl.LenientSslConnectionSocketFactory - Starting handshake
13:05:00.602 [main] DEBUG karate.org.apache.http.conn.ssl.LenientSslConnectionSocketFactory - Secure session established
13:05:00.602 [main] DEBUG karate.org.apache.http.conn.ssl.LenientSslConnectionSocketFactory -  negotiated protocol: TLSv1.3
13:05:00.602 [main] DEBUG karate.org.apache.http.conn.ssl.LenientSslConnectionSocketFactory -  negotiated cipher suite: TLS_AES_128_GCM_SHA256
13:05:00.602 [main] DEBUG karate.org.apache.http.conn.ssl.LenientSslConnectionSocketFactory -  peer principal: CN=apigw-soap-st.telus.com, O=TELUS Corp., L=Vancouver, ST=British Columbia, C=CA
13:05:00.602 [main] DEBUG karate.org.apache.http.conn.ssl.LenientSslConnectionSocketFactory -  peer alternative names: [apigw-soap-st.telus.com, apigw-st.telus.com, apigw-qidc-st.telus.com, apigw-kidc-st.telus.com, apigw-soap-qidc-st.telus.com, apigw-soap-kidc-st.telus.com]
13:05:00.602 [main] DEBUG karate.org.apache.http.conn.ssl.LenientSslConnectionSocketFactory -  issuer principal: CN=DigiCert Global G2 TLS RSA SHA256 2020 CA1, O=DigiCert Inc, C=US
13:05:00.603 [main] DEBUG karate.org.apache.http.impl.conn.DefaultHttpClientConnectionOperator - Connection established 192.168.1.65:54982<->207.219.84.31:443
13:05:00.603 [main] DEBUG karate.org.apache.http.impl.conn.DefaultManagedHttpClientConnection - http-outgoing-44: set socket timeout to 20000
13:05:00.603 [main] DEBUG karate.org.apache.http.impl.execchain.MainClientExec - Executing request PUT /customer/contactCenterTempStorage/v1/storage/1/update?ttl=10000&group=a HTTP/1.1
13:05:00.603 [main] DEBUG karate.org.apache.http.impl.execchain.MainClientExec - Proxy auth state: UNCHALLENGED
13:05:00.603 [main] DEBUG karate.org.apache.http.headers - http-outgoing-44 >> PUT /customer/contactCenterTempStorage/v1/storage/1/update?ttl=10000&group=a HTTP/1.1
13:05:00.603 [main] DEBUG karate.org.apache.http.headers - http-outgoing-44 >> env: it01
13:05:00.603 [main] DEBUG karate.org.apache.http.headers - http-outgoing-44 >> Content-Type: application/json; charset=UTF-8
13:05:00.603 [main] DEBUG karate.org.apache.http.headers - http-outgoing-44 >> Authorization: Bearer eyJhbGciOiJSUzI1NiIsImtpZCI6ImNhZGZhMTYyLTU2YzEtNGRiOS1hNjNmLTYwZTM3NzIwMWJkZiIsInBpLmF0bSI6IjMifQ.eyJzY29wZSI6WyI0NzIwIl0sImF1dGhvcml6YXRpb25fZGV0YWlscyI6W10sImNsaWVudF9pZCI6IjUyZTgwYmZhLWI0MmMtNDdkNy05OGI1LThiYjg3YzkyNjIwOSIsImlzcyI6Imh0dHBzOi8vdGVhbXNzby1pdHMwNC50ZWx1cy5jb20iLCJhdWQiOiJrb25nIiwiaWF0IjoxNzIzMjIzMDg5LCJleHAiOjE3MjMyMjMzODl9.flESEmYyI_eCkBmzn54OkGfP2lAIxnyqs2XbjtABUAmEnkCOQe8uoiUdROg_nBCNsbluJLTMIyv2VQYcEFeVpzwJIN4AH00KC-3px8L7DRMcbbbRqgIOGamUVRjytKBt3cFR1XVCW32bLo_XlS6M0CPdsCtowSRRwenf6htGC3loiXiWZ8pxuYaJNnmQfuSN9rWpZNHc8y-eYDl0xm6EoEXQSfatP3EAxDBw6tgqlb5patcu_afyMqKiHha9IdISwDeMrqyfvgoAR4Sqhdy3Uxp_k_xzmM-XWElgzY0YfiUnRnIl01fsIz1UO7xaed3xVyVlwsYrq6nB9I57SYDk-A
13:05:00.603 [main] DEBUG karate.org.apache.http.headers - http-outgoing-44 >> Content-Length: 114
13:05:00.603 [main] DEBUG karate.org.apache.http.headers - http-outgoing-44 >> Host: apigw-st.telus.com
13:05:00.603 [main] DEBUG karate.org.apache.http.headers - http-outgoing-44 >> Connection: Keep-Alive
13:05:00.603 [main] DEBUG karate.org.apache.http.headers - http-outgoing-44 >> User-Agent: Apache-HttpClient/4.5.13 (Java/20.0.2)
13:05:00.603 [main] DEBUG karate.org.apache.http.headers - http-outgoing-44 >> Accept-Encoding: gzip,deflate
13:05:00.603 [main] DEBUG karate.org.apache.http.wire - http-outgoing-44 >> "PUT /customer/contactCenterTempStorage/v1/storage/1/update?ttl=10000&group=a HTTP/1.1[\r][\n]"
13:05:00.603 [main] DEBUG karate.org.apache.http.wire - http-outgoing-44 >> "env: it01[\r][\n]"
13:05:00.603 [main] DEBUG karate.org.apache.http.wire - http-outgoing-44 >> "Content-Type: application/json; charset=UTF-8[\r][\n]"
13:05:00.603 [main] DEBUG karate.org.apache.http.wire - http-outgoing-44 >> "Authorization: Bearer eyJhbGciOiJSUzI1NiIsImtpZCI6ImNhZGZhMTYyLTU2YzEtNGRiOS1hNjNmLTYwZTM3NzIwMWJkZiIsInBpLmF0bSI6IjMifQ.eyJzY29wZSI6WyI0NzIwIl0sImF1dGhvcml6YXRpb25fZGV0YWlscyI6W10sImNsaWVudF9pZCI6IjUyZTgwYmZhLWI0MmMtNDdkNy05OGI1LThiYjg3YzkyNjIwOSIsImlzcyI6Imh0dHBzOi8vdGVhbXNzby1pdHMwNC50ZWx1cy5jb20iLCJhdWQiOiJrb25nIiwiaWF0IjoxNzIzMjIzMDg5LCJleHAiOjE3MjMyMjMzODl9.flESEmYyI_eCkBmzn54OkGfP2lAIxnyqs2XbjtABUAmEnkCOQe8uoiUdROg_nBCNsbluJLTMIyv2VQYcEFeVpzwJIN4AH00KC-3px8L7DRMcbbbRqgIOGamUVRjytKBt3cFR1XVCW32bLo_XlS6M0CPdsCtowSRRwenf6htGC3loiXiWZ8pxuYaJNnmQfuSN9rWpZNHc8y-eYDl0xm6EoEXQSfatP3EAxDBw6tgqlb5patcu_afyMqKiHha9IdISwDeMrqyfvgoAR4Sqhdy3Uxp_k_xzmM-XWElgzY0YfiUnRnIl01fsIz1UO7xaed3xVyVlwsYrq6nB9I57SYDk-A[\r][\n]"
13:05:00.603 [main] DEBUG karate.org.apache.http.wire - http-outgoing-44 >> "Content-Length: 114[\r][\n]"
13:05:00.603 [main] DEBUG karate.org.apache.http.wire - http-outgoing-44 >> "Host: apigw-st.telus.com[\r][\n]"
13:05:00.603 [main] DEBUG karate.org.apache.http.wire - http-outgoing-44 >> "Connection: Keep-Alive[\r][\n]"
13:05:00.603 [main] DEBUG karate.org.apache.http.wire - http-outgoing-44 >> "User-Agent: Apache-HttpClient/4.5.13 (Java/20.0.2)[\r][\n]"
13:05:00.603 [main] DEBUG karate.org.apache.http.wire - http-outgoing-44 >> "Accept-Encoding: gzip,deflate[\r][\n]"
13:05:00.603 [main] DEBUG karate.org.apache.http.wire - http-outgoing-44 >> "[\r][\n]"
13:05:00.603 [main] DEBUG karate.org.apache.http.wire - http-outgoing-44 >> "{"name":"Rajat Doliya007","sport":{"cricket":"good Gar[0xc3][0xa7]on [0xc3][0x80] la carte Ma[0xc3][0xae]tre d\u2019h[0xc3][0xb4]tel","archery":"better"}}"
13:05:00.680 [main] DEBUG karate.org.apache.http.wire - http-outgoing-44 << "HTTP/1.1 403 Forbidden[\r][\n]"
13:05:00.680 [main] DEBUG karate.org.apache.http.wire - http-outgoing-44 << "Content-Type: application/json;charset=ISO-8859-1[\r][\n]"
13:05:00.680 [main] DEBUG karate.org.apache.http.wire - http-outgoing-44 << "Content-Length: 265[\r][\n]"
13:05:00.680 [main] DEBUG karate.org.apache.http.wire - http-outgoing-44 << "Connection: keep-alive[\r][\n]"
13:05:00.680 [main] DEBUG karate.org.apache.http.wire - http-outgoing-44 << "date: Fri, 09 Aug 2024 17:05:00 GMT[\r][\n]"
13:05:00.680 [main] DEBUG karate.org.apache.http.wire - http-outgoing-44 << "kong-request-id: 3738f01e-16fb-4a3f-a44f-556d9f0df39b#164924[\r][\n]"
13:05:00.680 [main] DEBUG karate.org.apache.http.wire - http-outgoing-44 << "vary: Origin[\r][\n]"
13:05:00.680 [main] DEBUG karate.org.apache.http.wire - http-outgoing-44 << "x-kong-upstream-latency: 31[\r][\n]"
13:05:00.680 [main] DEBUG karate.org.apache.http.wire - http-outgoing-44 << "x-kong-proxy-latency: 3[\r][\n]"
13:05:00.680 [main] DEBUG karate.org.apache.http.wire - http-outgoing-44 << "via: kong/3.4.3.11-enterprise-edition[\r][\n]"
13:05:00.680 [main] DEBUG karate.org.apache.http.wire - http-outgoing-44 << "x-kong-request-id: e8996b32e964727f3cf65330bea70f03[\r][\n]"
13:05:00.680 [main] DEBUG karate.org.apache.http.wire - http-outgoing-44 << "vary: Origin[\r][\n]"
13:05:00.680 [main] DEBUG karate.org.apache.http.wire - http-outgoing-44 << "vary: Origin[\r][\n]"
13:05:00.680 [main] DEBUG karate.org.apache.http.wire - http-outgoing-44 << "[\r][\n]"
13:05:00.680 [main] DEBUG karate.org.apache.http.wire - http-outgoing-44 << "{"code":"403","reason":"you are not allowed for the request","message":"you are not allowed for the request: /customer/TempStorage/v1/storage/1/update","status":"FORBIDDEN","referenceError":"java.lang.Exception: you are not allowed for the request","createTs":null}"
13:05:00.680 [main] DEBUG karate.org.apache.http.headers - http-outgoing-44 << HTTP/1.1 403 Forbidden
13:05:00.680 [main] DEBUG karate.org.apache.http.headers - http-outgoing-44 << Content-Type: application/json;charset=ISO-8859-1
13:05:00.680 [main] DEBUG karate.org.apache.http.headers - http-outgoing-44 << Content-Length: 265
13:05:00.680 [main] DEBUG karate.org.apache.http.headers - http-outgoing-44 << Connection: keep-alive
13:05:00.680 [main] DEBUG karate.org.apache.http.headers - http-outgoing-44 << date: Fri, 09 Aug 2024 17:05:00 GMT
13:05:00.680 [main] DEBUG karate.org.apache.http.headers - http-outgoing-44 << kong-request-id: 3738f01e-16fb-4a3f-a44f-556d9f0df39b#164924
13:05:00.680 [main] DEBUG karate.org.apache.http.headers - http-outgoing-44 << vary: Origin
13:05:00.680 [main] DEBUG karate.org.apache.http.headers - http-outgoing-44 << x-kong-upstream-latency: 31
13:05:00.680 [main] DEBUG karate.org.apache.http.headers - http-outgoing-44 << x-kong-proxy-latency: 3
13:05:00.680 [main] DEBUG karate.org.apache.http.headers - http-outgoing-44 << via: kong/3.4.3.11-enterprise-edition
13:05:00.680 [main] DEBUG karate.org.apache.http.headers - http-outgoing-44 << x-kong-request-id: e8996b32e964727f3cf65330bea70f03
13:05:00.680 [main] DEBUG karate.org.apache.http.headers - http-outgoing-44 << vary: Origin
13:05:00.680 [main] DEBUG karate.org.apache.http.headers - http-outgoing-44 << vary: Origin
13:05:00.680 [main] DEBUG karate.org.apache.http.impl.execchain.MainClientExec - Connection can be kept alive indefinitely
13:05:00.681 [main] DEBUG karate.org.apache.http.impl.conn.PoolingHttpClientConnectionManager - Connection [id: 44][route: {s}->https://apigw-st.telus.com:443] can be kept alive indefinitely
13:05:00.681 [main] DEBUG karate.org.apache.http.impl.conn.DefaultManagedHttpClientConnection - http-outgoing-44: set socket timeout to 0
13:05:00.681 [main] DEBUG karate.org.apache.http.impl.conn.PoolingHttpClientConnectionManager - Connection released: [id: 44][route: {s}->https://apigw-st.telus.com:443][total available: 1; route allocated: 1 of 5; total allocated: 1 of 10]
13:05:00.681 [main] DEBUG com.intuit.karate - response time in milliseconds: 176
1 < 403
1 < Content-Type: application/json;charset=ISO-8859-1
1 < Content-Length: 265
1 < Connection: keep-alive
1 < date: Fri, 09 Aug 2024 17:05:00 GMT
1 < kong-request-id: 3738f01e-16fb-4a3f-a44f-556d9f0df39b#164924
1 < vary: Origin
1 < vary: Origin
1 < vary: Origin
1 < x-kong-upstream-latency: 31
1 < x-kong-proxy-latency: 3
1 < via: kong/3.4.3.11-enterprise-edition
1 < x-kong-request-id: e8996b32e964727f3cf65330bea70f03
{"code":"403","reason":"you are not allowed for the request","message":"you are not allowed for the request: /customer/TempStorage/v1/storage/1/update","status":"FORBIDDEN","referenceError":"java.lang.Exception: you are not allowed for the request","createTs":null}
13:05:00.681 [main] ERROR com.intuit.karate - classpath:feature/TempStorage_c_PUT.feature:32
Then status 200
status code was: 403, expected: 200, response time in milliseconds: 176, url: https://apigw-st.telus.com/customer/contactCenterTempStorage/v1/storage/1/update?ttl=10000&group=a, response: 
{"code":"403","reason":"you are not allowed for the request","message":"you are not allowed for the request: /customer/TempStorage/v1/storage/1/update","status":"FORBIDDEN","referenceError":"java.lang.Exception: you are not allowed for the request","createTs":null}
classpath:feature/TempStorage_c_PUT.feature:32
13:05:00.684 [main] INFO com.intuit.karate - karate.env system property was: it01 
13:05:00.684 [main] INFO com.intuit.karate - clientId:52e80bfa-b42c-47d7-98b5-8bb87c926209 
13:05:00.684 [main] INFO com.intuit.karate - Current URL is : https://apigw-st.telus.com 
13:05:00.684 [main] INFO com.intuit.karate - Current Env is : it01 
13:05:00.686 [main] DEBUG com.jayway.jsonpath.internal.path.CompiledPath - Evaluating path: $
13:05:00.687 [main] INFO com.intuit.karate - [print] [
  {
    "storage_id": "1",
    "group": "a"
  },
  {
    "storage_id": "2",
    "group": "b"
  }
]
 
13:05:00.687 [main] DEBUG com.jayway.jsonpath.internal.path.CompiledPath - Evaluating path: $..['storage_id']
13:05:00.688 [main] INFO com.intuit.karate - [print] 1 
13:05:00.688 [main] DEBUG com.jayway.jsonpath.internal.path.CompiledPath - Evaluating path: $..['storage_id']
13:05:00.688 [main] INFO com.intuit.karate - [print] 1 
13:05:00.689 [main] DEBUG com.jayway.jsonpath.internal.path.CompiledPath - Evaluating path: $..['group']
13:05:00.689 [main] DEBUG com.jayway.jsonpath.internal.path.CompiledPath - Evaluating path: $..['group']
13:05:00.689 [main] INFO com.intuit.karate - [print] a 
13:05:00.689 [main] INFO com.intuit.karate - [print] eyJhbGciOiJSUzI1NiIsImtpZCI6ImNhZGZhMTYyLTU2YzEtNGRiOS1hNjNmLTYwZTM3NzIwMWJkZiIsInBpLmF0bSI6IjMifQ.eyJzY29wZSI6WyI0NzIwIl0sImF1dGhvcml6YXRpb25fZGV0YWlscyI6W10sImNsaWVudF9pZCI6IjUyZTgwYmZhLWI0MmMtNDdkNy05OGI1LThiYjg3YzkyNjIwOSIsImlzcyI6Imh0dHBzOi8vdGVhbXNzby1pdHMwNC50ZWx1cy5jb20iLCJhdWQiOiJrb25nIiwiaWF0IjoxNzIzMjIzMDg5LCJleHAiOjE3MjMyMjMzODl9.flESEmYyI_eCkBmzn54OkGfP2lAIxnyqs2XbjtABUAmEnkCOQe8uoiUdROg_nBCNsbluJLTMIyv2VQYcEFeVpzwJIN4AH00KC-3px8L7DRMcbbbRqgIOGamUVRjytKBt3cFR1XVCW32bLo_XlS6M0CPdsCtowSRRwenf6htGC3loiXiWZ8pxuYaJNnmQfuSN9rWpZNHc8y-eYDl0xm6EoEXQSfatP3EAxDBw6tgqlb5patcu_afyMqKiHha9IdISwDeMrqyfvgoAR4Sqhdy3Uxp_k_xzmM-XWElgzY0YfiUnRnIl01fsIz1UO7xaed3xVyVlwsYrq6nB9I57SYDk-A 
13:05:00.690 [main] DEBUG karate.org.apache.http.client.protocol.RequestAddCookies - CookieSpec selected: karate
13:05:00.690 [main] DEBUG karate.org.apache.http.client.protocol.RequestAuthCache - Auth cache not set in the context
13:05:00.690 [main] DEBUG com.intuit.karate - request:
1 > GET https://apigw-st.telus.com/customer/contactCenterTempStorage/v1/storage/1/retrieve?group=a
1 > env: it01
1 > Content-Type: application/json
1 > Authorization: Bearer eyJhbGciOiJSUzI1NiIsImtpZCI6ImNhZGZhMTYyLTU2YzEtNGRiOS1hNjNmLTYwZTM3NzIwMWJkZiIsInBpLmF0bSI6IjMifQ.eyJzY29wZSI6WyI0NzIwIl0sImF1dGhvcml6YXRpb25fZGV0YWlscyI6W10sImNsaWVudF9pZCI6IjUyZTgwYmZhLWI0MmMtNDdkNy05OGI1LThiYjg3YzkyNjIwOSIsImlzcyI6Imh0dHBzOi8vdGVhbXNzby1pdHMwNC50ZWx1cy5jb20iLCJhdWQiOiJrb25nIiwiaWF0IjoxNzIzMjIzMDg5LCJleHAiOjE3MjMyMjMzODl9.flESEmYyI_eCkBmzn54OkGfP2lAIxnyqs2XbjtABUAmEnkCOQe8uoiUdROg_nBCNsbluJLTMIyv2VQYcEFeVpzwJIN4AH00KC-3px8L7DRMcbbbRqgIOGamUVRjytKBt3cFR1XVCW32bLo_XlS6M0CPdsCtowSRRwenf6htGC3loiXiWZ8pxuYaJNnmQfuSN9rWpZNHc8y-eYDl0xm6EoEXQSfatP3EAxDBw6tgqlb5patcu_afyMqKiHha9IdISwDeMrqyfvgoAR4Sqhdy3Uxp_k_xzmM-XWElgzY0YfiUnRnIl01fsIz1UO7xaed3xVyVlwsYrq6nB9I57SYDk-A
1 > Host: apigw-st.telus.com
1 > Connection: Keep-Alive
1 > User-Agent: Apache-HttpClient/4.5.13 (Java/20.0.2)
1 > Accept-Encoding: gzip,deflate


13:05:00.690 [main] DEBUG karate.org.apache.http.impl.conn.PoolingHttpClientConnectionManager - Connection request: [route: {s}->https://apigw-st.telus.com:443][total available: 0; route allocated: 0 of 5; total allocated: 0 of 10]
13:05:00.691 [main] DEBUG karate.org.apache.http.impl.conn.PoolingHttpClientConnectionManager - Connection leased: [id: 45][route: {s}->https://apigw-st.telus.com:443][total available: 0; route allocated: 1 of 5; total allocated: 1 of 10]
13:05:00.691 [main] DEBUG karate.org.apache.http.impl.execchain.MainClientExec - Opening connection {s}->https://apigw-st.telus.com:443
13:05:00.691 [main] DEBUG karate.org.apache.http.impl.conn.DefaultHttpClientConnectionOperator - Connecting to apigw-st.telus.com/207.219.84.31:443
13:05:00.691 [main] DEBUG karate.org.apache.http.conn.ssl.LenientSslConnectionSocketFactory - Connecting socket to apigw-st.telus.com/207.219.84.31:443 with timeout 10000
13:05:00.732 [main] DEBUG karate.org.apache.http.conn.ssl.LenientSslConnectionSocketFactory - Enabled protocols: [TLSv1.3, TLSv1.2]
13:05:00.732 [main] DEBUG karate.org.apache.http.conn.ssl.LenientSslConnectionSocketFactory - Enabled cipher suites:[TLS_AES_256_GCM_SHA384, TLS_AES_128_GCM_SHA256, TLS_CHACHA20_POLY1305_SHA256, TLS_ECDHE_ECDSA_WITH_AES_256_GCM_SHA384, TLS_ECDHE_ECDSA_WITH_AES_128_GCM_SHA256, TLS_ECDHE_ECDSA_WITH_CHACHA20_POLY1305_SHA256, TLS_ECDHE_RSA_WITH_AES_256_GCM_SHA384, TLS_ECDHE_RSA_WITH_CHACHA20_POLY1305_SHA256, TLS_ECDHE_RSA_WITH_AES_128_GCM_SHA256, TLS_DHE_RSA_WITH_AES_256_GCM_SHA384, TLS_DHE_RSA_WITH_CHACHA20_POLY1305_SHA256, TLS_DHE_DSS_WITH_AES_256_GCM_SHA384, TLS_DHE_RSA_WITH_AES_128_GCM_SHA256, TLS_DHE_DSS_WITH_AES_128_GCM_SHA256, TLS_ECDHE_ECDSA_WITH_AES_256_CBC_SHA384, TLS_ECDHE_RSA_WITH_AES_256_CBC_SHA384, TLS_ECDHE_ECDSA_WITH_AES_128_CBC_SHA256, TLS_ECDHE_RSA_WITH_AES_128_CBC_SHA256, TLS_DHE_RSA_WITH_AES_256_CBC_SHA256, TLS_DHE_DSS_WITH_AES_256_CBC_SHA256, TLS_DHE_RSA_WITH_AES_128_CBC_SHA256, TLS_DHE_DSS_WITH_AES_128_CBC_SHA256, TLS_ECDHE_ECDSA_WITH_AES_256_CBC_SHA, TLS_ECDHE_RSA_WITH_AES_256_CBC_SHA, TLS_ECDHE_ECDSA_WITH_AES_128_CBC_SHA, TLS_ECDHE_RSA_WITH_AES_128_CBC_SHA, TLS_DHE_RSA_WITH_AES_256_CBC_SHA, TLS_DHE_DSS_WITH_AES_256_CBC_SHA, TLS_DHE_RSA_WITH_AES_128_CBC_SHA, TLS_DHE_DSS_WITH_AES_128_CBC_SHA, TLS_RSA_WITH_AES_256_GCM_SHA384, TLS_RSA_WITH_AES_128_GCM_SHA256, TLS_RSA_WITH_AES_256_CBC_SHA256, TLS_RSA_WITH_AES_128_CBC_SHA256, TLS_RSA_WITH_AES_256_CBC_SHA, TLS_RSA_WITH_AES_128_CBC_SHA, TLS_EMPTY_RENEGOTIATION_INFO_SCSV]
13:05:00.732 [main] DEBUG karate.org.apache.http.conn.ssl.LenientSslConnectionSocketFactory - Starting handshake
13:05:00.801 [main] DEBUG karate.org.apache.http.conn.ssl.LenientSslConnectionSocketFactory - Secure session established
13:05:00.801 [main] DEBUG karate.org.apache.http.conn.ssl.LenientSslConnectionSocketFactory -  negotiated protocol: TLSv1.3
13:05:00.801 [main] DEBUG karate.org.apache.http.conn.ssl.LenientSslConnectionSocketFactory -  negotiated cipher suite: TLS_AES_128_GCM_SHA256
13:05:00.801 [main] DEBUG karate.org.apache.http.conn.ssl.LenientSslConnectionSocketFactory -  peer principal: CN=apigw-soap-st.telus.com, O=TELUS Corp., L=Vancouver, ST=British Columbia, C=CA
13:05:00.801 [main] DEBUG karate.org.apache.http.conn.ssl.LenientSslConnectionSocketFactory -  peer alternative names: [apigw-soap-st.telus.com, apigw-st.telus.com, apigw-qidc-st.telus.com, apigw-kidc-st.telus.com, apigw-soap-qidc-st.telus.com, apigw-soap-kidc-st.telus.com]
13:05:00.801 [main] DEBUG karate.org.apache.http.conn.ssl.LenientSslConnectionSocketFactory -  issuer principal: CN=DigiCert Global G2 TLS RSA SHA256 2020 CA1, O=DigiCert Inc, C=US
13:05:00.801 [main] DEBUG karate.org.apache.http.impl.conn.DefaultHttpClientConnectionOperator - Connection established 192.168.1.65:54983<->207.219.84.31:443
13:05:00.801 [main] DEBUG karate.org.apache.http.impl.conn.DefaultManagedHttpClientConnection - http-outgoing-45: set socket timeout to 20000
13:05:00.801 [main] DEBUG karate.org.apache.http.impl.execchain.MainClientExec - Executing request GET /customer/contactCenterTempStorage/v1/storage/1/retrieve?group=a HTTP/1.1
13:05:00.801 [main] DEBUG karate.org.apache.http.impl.execchain.MainClientExec - Proxy auth state: UNCHALLENGED
13:05:00.801 [main] DEBUG karate.org.apache.http.headers - http-outgoing-45 >> GET /customer/contactCenterTempStorage/v1/storage/1/retrieve?group=a HTTP/1.1
13:05:00.801 [main] DEBUG karate.org.apache.http.headers - http-outgoing-45 >> env: it01
13:05:00.801 [main] DEBUG karate.org.apache.http.headers - http-outgoing-45 >> Content-Type: application/json
13:05:00.801 [main] DEBUG karate.org.apache.http.headers - http-outgoing-45 >> Authorization: Bearer eyJhbGciOiJSUzI1NiIsImtpZCI6ImNhZGZhMTYyLTU2YzEtNGRiOS1hNjNmLTYwZTM3NzIwMWJkZiIsInBpLmF0bSI6IjMifQ.eyJzY29wZSI6WyI0NzIwIl0sImF1dGhvcml6YXRpb25fZGV0YWlscyI6W10sImNsaWVudF9pZCI6IjUyZTgwYmZhLWI0MmMtNDdkNy05OGI1LThiYjg3YzkyNjIwOSIsImlzcyI6Imh0dHBzOi8vdGVhbXNzby1pdHMwNC50ZWx1cy5jb20iLCJhdWQiOiJrb25nIiwiaWF0IjoxNzIzMjIzMDg5LCJleHAiOjE3MjMyMjMzODl9.flESEmYyI_eCkBmzn54OkGfP2lAIxnyqs2XbjtABUAmEnkCOQe8uoiUdROg_nBCNsbluJLTMIyv2VQYcEFeVpzwJIN4AH00KC-3px8L7DRMcbbbRqgIOGamUVRjytKBt3cFR1XVCW32bLo_XlS6M0CPdsCtowSRRwenf6htGC3loiXiWZ8pxuYaJNnmQfuSN9rWpZNHc8y-eYDl0xm6EoEXQSfatP3EAxDBw6tgqlb5patcu_afyMqKiHha9IdISwDeMrqyfvgoAR4Sqhdy3Uxp_k_xzmM-XWElgzY0YfiUnRnIl01fsIz1UO7xaed3xVyVlwsYrq6nB9I57SYDk-A
13:05:00.801 [main] DEBUG karate.org.apache.http.headers - http-outgoing-45 >> Host: apigw-st.telus.com
13:05:00.801 [main] DEBUG karate.org.apache.http.headers - http-outgoing-45 >> Connection: Keep-Alive
13:05:00.801 [main] DEBUG karate.org.apache.http.headers - http-outgoing-45 >> User-Agent: Apache-HttpClient/4.5.13 (Java/20.0.2)
13:05:00.801 [main] DEBUG karate.org.apache.http.headers - http-outgoing-45 >> Accept-Encoding: gzip,deflate
13:05:00.801 [main] DEBUG karate.org.apache.http.wire - http-outgoing-45 >> "GET /customer/contactCenterTempStorage/v1/storage/1/retrieve?group=a HTTP/1.1[\r][\n]"
13:05:00.801 [main] DEBUG karate.org.apache.http.wire - http-outgoing-45 >> "env: it01[\r][\n]"
13:05:00.801 [main] DEBUG karate.org.apache.http.wire - http-outgoing-45 >> "Content-Type: application/json[\r][\n]"
13:05:00.801 [main] DEBUG karate.org.apache.http.wire - http-outgoing-45 >> "Authorization: Bearer eyJhbGciOiJSUzI1NiIsImtpZCI6ImNhZGZhMTYyLTU2YzEtNGRiOS1hNjNmLTYwZTM3NzIwMWJkZiIsInBpLmF0bSI6IjMifQ.eyJzY29wZSI6WyI0NzIwIl0sImF1dGhvcml6YXRpb25fZGV0YWlscyI6W10sImNsaWVudF9pZCI6IjUyZTgwYmZhLWI0MmMtNDdkNy05OGI1LThiYjg3YzkyNjIwOSIsImlzcyI6Imh0dHBzOi8vdGVhbXNzby1pdHMwNC50ZWx1cy5jb20iLCJhdWQiOiJrb25nIiwiaWF0IjoxNzIzMjIzMDg5LCJleHAiOjE3MjMyMjMzODl9.flESEmYyI_eCkBmzn54OkGfP2lAIxnyqs2XbjtABUAmEnkCOQe8uoiUdROg_nBCNsbluJLTMIyv2VQYcEFeVpzwJIN4AH00KC-3px8L7DRMcbbbRqgIOGamUVRjytKBt3cFR1XVCW32bLo_XlS6M0CPdsCtowSRRwenf6htGC3loiXiWZ8pxuYaJNnmQfuSN9rWpZNHc8y-eYDl0xm6EoEXQSfatP3EAxDBw6tgqlb5patcu_afyMqKiHha9IdISwDeMrqyfvgoAR4Sqhdy3Uxp_k_xzmM-XWElgzY0YfiUnRnIl01fsIz1UO7xaed3xVyVlwsYrq6nB9I57SYDk-A[\r][\n]"
13:05:00.801 [main] DEBUG karate.org.apache.http.wire - http-outgoing-45 >> "Host: apigw-st.telus.com[\r][\n]"
13:05:00.801 [main] DEBUG karate.org.apache.http.wire - http-outgoing-45 >> "Connection: Keep-Alive[\r][\n]"
13:05:00.801 [main] DEBUG karate.org.apache.http.wire - http-outgoing-45 >> "User-Agent: Apache-HttpClient/4.5.13 (Java/20.0.2)[\r][\n]"
13:05:00.801 [main] DEBUG karate.org.apache.http.wire - http-outgoing-45 >> "Accept-Encoding: gzip,deflate[\r][\n]"
13:05:00.801 [main] DEBUG karate.org.apache.http.wire - http-outgoing-45 >> "[\r][\n]"
13:05:00.878 [main] DEBUG karate.org.apache.http.wire - http-outgoing-45 << "HTTP/1.1 403 Forbidden[\r][\n]"
13:05:00.878 [main] DEBUG karate.org.apache.http.wire - http-outgoing-45 << "Content-Type: application/json;charset=ISO-8859-1[\r][\n]"
13:05:00.878 [main] DEBUG karate.org.apache.http.wire - http-outgoing-45 << "Content-Length: 267[\r][\n]"
13:05:00.878 [main] DEBUG karate.org.apache.http.wire - http-outgoing-45 << "Connection: keep-alive[\r][\n]"
13:05:00.878 [main] DEBUG karate.org.apache.http.wire - http-outgoing-45 << "date: Fri, 09 Aug 2024 17:05:00 GMT[\r][\n]"
13:05:00.878 [main] DEBUG karate.org.apache.http.wire - http-outgoing-45 << "kong-request-id: 9df030cd-e549-46fc-a886-0445fff0e82d#347212[\r][\n]"
13:05:00.878 [main] DEBUG karate.org.apache.http.wire - http-outgoing-45 << "vary: Origin[\r][\n]"
13:05:00.878 [main] DEBUG karate.org.apache.http.wire - http-outgoing-45 << "x-kong-upstream-latency: 32[\r][\n]"
13:05:00.878 [main] DEBUG karate.org.apache.http.wire - http-outgoing-45 << "x-kong-proxy-latency: 2[\r][\n]"
13:05:00.878 [main] DEBUG karate.org.apache.http.wire - http-outgoing-45 << "via: kong/3.4.3.11-enterprise-edition[\r][\n]"
13:05:00.878 [main] DEBUG karate.org.apache.http.wire - http-outgoing-45 << "x-kong-request-id: a3f33d7eadefec602585ae54fc78497b[\r][\n]"
13:05:00.878 [main] DEBUG karate.org.apache.http.wire - http-outgoing-45 << "vary: Origin[\r][\n]"
13:05:00.878 [main] DEBUG karate.org.apache.http.wire - http-outgoing-45 << "vary: Origin[\r][\n]"
13:05:00.878 [main] DEBUG karate.org.apache.http.wire - http-outgoing-45 << "[\r][\n]"
13:05:00.878 [main] DEBUG karate.org.apache.http.wire - http-outgoing-45 << "{"code":"403","reason":"you are not allowed for the request","message":"you are not allowed for the request: /customer/TempStorage/v1/storage/1/retrieve","status":"FORBIDDEN","referenceError":"java.lang.Exception: you are not allowed for the request","createTs":null}"
13:05:00.878 [main] DEBUG karate.org.apache.http.headers - http-outgoing-45 << HTTP/1.1 403 Forbidden
13:05:00.878 [main] DEBUG karate.org.apache.http.headers - http-outgoing-45 << Content-Type: application/json;charset=ISO-8859-1
13:05:00.878 [main] DEBUG karate.org.apache.http.headers - http-outgoing-45 << Content-Length: 267
13:05:00.878 [main] DEBUG karate.org.apache.http.headers - http-outgoing-45 << Connection: keep-alive
13:05:00.878 [main] DEBUG karate.org.apache.http.headers - http-outgoing-45 << date: Fri, 09 Aug 2024 17:05:00 GMT
13:05:00.878 [main] DEBUG karate.org.apache.http.headers - http-outgoing-45 << kong-request-id: 9df030cd-e549-46fc-a886-0445fff0e82d#347212
13:05:00.878 [main] DEBUG karate.org.apache.http.headers - http-outgoing-45 << vary: Origin
13:05:00.878 [main] DEBUG karate.org.apache.http.headers - http-outgoing-45 << x-kong-upstream-latency: 32
13:05:00.878 [main] DEBUG karate.org.apache.http.headers - http-outgoing-45 << x-kong-proxy-latency: 2
13:05:00.878 [main] DEBUG karate.org.apache.http.headers - http-outgoing-45 << via: kong/3.4.3.11-enterprise-edition
13:05:00.878 [main] DEBUG karate.org.apache.http.headers - http-outgoing-45 << x-kong-request-id: a3f33d7eadefec602585ae54fc78497b
13:05:00.878 [main] DEBUG karate.org.apache.http.headers - http-outgoing-45 << vary: Origin
13:05:00.878 [main] DEBUG karate.org.apache.http.headers - http-outgoing-45 << vary: Origin
13:05:00.878 [main] DEBUG karate.org.apache.http.impl.execchain.MainClientExec - Connection can be kept alive indefinitely
13:05:00.879 [main] DEBUG karate.org.apache.http.impl.conn.PoolingHttpClientConnectionManager - Connection [id: 45][route: {s}->https://apigw-st.telus.com:443] can be kept alive indefinitely
13:05:00.879 [main] DEBUG karate.org.apache.http.impl.conn.DefaultManagedHttpClientConnection - http-outgoing-45: set socket timeout to 0
13:05:00.879 [main] DEBUG karate.org.apache.http.impl.conn.PoolingHttpClientConnectionManager - Connection released: [id: 45][route: {s}->https://apigw-st.telus.com:443][total available: 1; route allocated: 1 of 5; total allocated: 1 of 10]
13:05:00.879 [main] DEBUG com.intuit.karate - response time in milliseconds: 189
1 < 403
1 < Content-Type: application/json;charset=ISO-8859-1
1 < Content-Length: 267
1 < Connection: keep-alive
1 < date: Fri, 09 Aug 2024 17:05:00 GMT
1 < kong-request-id: 9df030cd-e549-46fc-a886-0445fff0e82d#347212
1 < vary: Origin
1 < vary: Origin
1 < vary: Origin
1 < x-kong-upstream-latency: 32
1 < x-kong-proxy-latency: 2
1 < via: kong/3.4.3.11-enterprise-edition
1 < x-kong-request-id: a3f33d7eadefec602585ae54fc78497b
{"code":"403","reason":"you are not allowed for the request","message":"you are not allowed for the request: /customer/TempStorage/v1/storage/1/retrieve","status":"FORBIDDEN","referenceError":"java.lang.Exception: you are not allowed for the request","createTs":null}
13:05:00.880 [main] ERROR com.intuit.karate - classpath:feature/TempStorage_c_PUT.feature:39
Then status 200
status code was: 403, expected: 200, response time in milliseconds: 189, url: https://apigw-st.telus.com/customer/contactCenterTempStorage/v1/storage/1/retrieve?group=a, response: 
{"code":"403","reason":"you are not allowed for the request","message":"you are not allowed for the request: /customer/TempStorage/v1/storage/1/retrieve","status":"FORBIDDEN","referenceError":"java.lang.Exception: you are not allowed for the request","createTs":null}
classpath:feature/TempStorage_c_PUT.feature:39
13:05:00.882 [main] INFO com.intuit.karate - karate.env system property was: it01 
13:05:00.882 [main] INFO com.intuit.karate - clientId:52e80bfa-b42c-47d7-98b5-8bb87c926209 
13:05:00.883 [main] INFO com.intuit.karate - Current URL is : https://apigw-st.telus.com 
13:05:00.883 [main] INFO com.intuit.karate - Current Env is : it01 
13:05:00.885 [main] DEBUG com.jayway.jsonpath.internal.path.CompiledPath - Evaluating path: $
13:05:00.885 [main] INFO com.intuit.karate - [print] [
  {
    "storage_id": "1",
    "group": "a"
  },
  {
    "storage_id": "2",
    "group": "b"
  }
]
 
13:05:00.886 [main] DEBUG com.jayway.jsonpath.internal.path.CompiledPath - Evaluating path: $..['storage_id']
13:05:00.886 [main] INFO com.intuit.karate - [print] 1 
13:05:00.886 [main] DEBUG com.jayway.jsonpath.internal.path.CompiledPath - Evaluating path: $..['storage_id']
13:05:00.886 [main] INFO com.intuit.karate - [print] 1 
13:05:00.887 [main] DEBUG com.jayway.jsonpath.internal.path.CompiledPath - Evaluating path: $..['group']
13:05:00.887 [main] DEBUG com.jayway.jsonpath.internal.path.CompiledPath - Evaluating path: $..['group']
13:05:00.887 [main] INFO com.intuit.karate - [print] a 
13:05:00.887 [main] INFO com.intuit.karate - [print] eyJhbGciOiJSUzI1NiIsImtpZCI6ImNhZGZhMTYyLTU2YzEtNGRiOS1hNjNmLTYwZTM3NzIwMWJkZiIsInBpLmF0bSI6IjMifQ.eyJzY29wZSI6WyI0NzIwIl0sImF1dGhvcml6YXRpb25fZGV0YWlscyI6W10sImNsaWVudF9pZCI6IjUyZTgwYmZhLWI0MmMtNDdkNy05OGI1LThiYjg3YzkyNjIwOSIsImlzcyI6Imh0dHBzOi8vdGVhbXNzby1pdHMwNC50ZWx1cy5jb20iLCJhdWQiOiJrb25nIiwiaWF0IjoxNzIzMjIzMDg5LCJleHAiOjE3MjMyMjMzODl9.flESEmYyI_eCkBmzn54OkGfP2lAIxnyqs2XbjtABUAmEnkCOQe8uoiUdROg_nBCNsbluJLTMIyv2VQYcEFeVpzwJIN4AH00KC-3px8L7DRMcbbbRqgIOGamUVRjytKBt3cFR1XVCW32bLo_XlS6M0CPdsCtowSRRwenf6htGC3loiXiWZ8pxuYaJNnmQfuSN9rWpZNHc8y-eYDl0xm6EoEXQSfatP3EAxDBw6tgqlb5patcu_afyMqKiHha9IdISwDeMrqyfvgoAR4Sqhdy3Uxp_k_xzmM-XWElgzY0YfiUnRnIl01fsIz1UO7xaed3xVyVlwsYrq6nB9I57SYDk-A 
13:05:00.888 [main] DEBUG karate.org.apache.http.client.protocol.RequestAddCookies - CookieSpec selected: karate
13:05:00.888 [main] DEBUG karate.org.apache.http.client.protocol.RequestAuthCache - Auth cache not set in the context
13:05:00.889 [main] DEBUG com.intuit.karate - request:
1 > PUT https://apigw-st.telus.com/customer/contactCenterTempStorage/v1/storage/2/update?group=b
1 > env: it01
1 > Content-Type: application/json; charset=UTF-8
1 > Authorization: Bearer eyJhbGciOiJSUzI1NiIsImtpZCI6ImNhZGZhMTYyLTU2YzEtNGRiOS1hNjNmLTYwZTM3NzIwMWJkZiIsInBpLmF0bSI6IjMifQ.eyJzY29wZSI6WyI0NzIwIl0sImF1dGhvcml6YXRpb25fZGV0YWlscyI6W10sImNsaWVudF9pZCI6IjUyZTgwYmZhLWI0MmMtNDdkNy05OGI1LThiYjg3YzkyNjIwOSIsImlzcyI6Imh0dHBzOi8vdGVhbXNzby1pdHMwNC50ZWx1cy5jb20iLCJhdWQiOiJrb25nIiwiaWF0IjoxNzIzMjIzMDg5LCJleHAiOjE3MjMyMjMzODl9.flESEmYyI_eCkBmzn54OkGfP2lAIxnyqs2XbjtABUAmEnkCOQe8uoiUdROg_nBCNsbluJLTMIyv2VQYcEFeVpzwJIN4AH00KC-3px8L7DRMcbbbRqgIOGamUVRjytKBt3cFR1XVCW32bLo_XlS6M0CPdsCtowSRRwenf6htGC3loiXiWZ8pxuYaJNnmQfuSN9rWpZNHc8y-eYDl0xm6EoEXQSfatP3EAxDBw6tgqlb5patcu_afyMqKiHha9IdISwDeMrqyfvgoAR4Sqhdy3Uxp_k_xzmM-XWElgzY0YfiUnRnIl01fsIz1UO7xaed3xVyVlwsYrq6nB9I57SYDk-A
1 > Content-Length: 114
1 > Host: apigw-st.telus.com
1 > Connection: Keep-Alive
1 > User-Agent: Apache-HttpClient/4.5.13 (Java/20.0.2)
1 > Accept-Encoding: gzip,deflate
{"name":"Rajat Doliya007","sport":{"cricket":"good Garçon À la carte Maître d\u2019hôtel","archery":"better"}}

13:05:00.889 [main] DEBUG karate.org.apache.http.impl.conn.PoolingHttpClientConnectionManager - Connection request: [route: {s}->https://apigw-st.telus.com:443][total available: 0; route allocated: 0 of 5; total allocated: 0 of 10]
13:05:00.889 [main] DEBUG karate.org.apache.http.impl.conn.PoolingHttpClientConnectionManager - Connection leased: [id: 46][route: {s}->https://apigw-st.telus.com:443][total available: 0; route allocated: 1 of 5; total allocated: 1 of 10]
13:05:00.889 [main] DEBUG karate.org.apache.http.impl.execchain.MainClientExec - Opening connection {s}->https://apigw-st.telus.com:443
13:05:00.889 [main] DEBUG karate.org.apache.http.impl.conn.DefaultHttpClientConnectionOperator - Connecting to apigw-st.telus.com/207.219.84.31:443
13:05:00.889 [main] DEBUG karate.org.apache.http.conn.ssl.LenientSslConnectionSocketFactory - Connecting socket to apigw-st.telus.com/207.219.84.31:443 with timeout 10000
13:05:00.932 [main] DEBUG karate.org.apache.http.conn.ssl.LenientSslConnectionSocketFactory - Enabled protocols: [TLSv1.3, TLSv1.2]
13:05:00.932 [main] DEBUG karate.org.apache.http.conn.ssl.LenientSslConnectionSocketFactory - Enabled cipher suites:[TLS_AES_256_GCM_SHA384, TLS_AES_128_GCM_SHA256, TLS_CHACHA20_POLY1305_SHA256, TLS_ECDHE_ECDSA_WITH_AES_256_GCM_SHA384, TLS_ECDHE_ECDSA_WITH_AES_128_GCM_SHA256, TLS_ECDHE_ECDSA_WITH_CHACHA20_POLY1305_SHA256, TLS_ECDHE_RSA_WITH_AES_256_GCM_SHA384, TLS_ECDHE_RSA_WITH_CHACHA20_POLY1305_SHA256, TLS_ECDHE_RSA_WITH_AES_128_GCM_SHA256, TLS_DHE_RSA_WITH_AES_256_GCM_SHA384, TLS_DHE_RSA_WITH_CHACHA20_POLY1305_SHA256, TLS_DHE_DSS_WITH_AES_256_GCM_SHA384, TLS_DHE_RSA_WITH_AES_128_GCM_SHA256, TLS_DHE_DSS_WITH_AES_128_GCM_SHA256, TLS_ECDHE_ECDSA_WITH_AES_256_CBC_SHA384, TLS_ECDHE_RSA_WITH_AES_256_CBC_SHA384, TLS_ECDHE_ECDSA_WITH_AES_128_CBC_SHA256, TLS_ECDHE_RSA_WITH_AES_128_CBC_SHA256, TLS_DHE_RSA_WITH_AES_256_CBC_SHA256, TLS_DHE_DSS_WITH_AES_256_CBC_SHA256, TLS_DHE_RSA_WITH_AES_128_CBC_SHA256, TLS_DHE_DSS_WITH_AES_128_CBC_SHA256, TLS_ECDHE_ECDSA_WITH_AES_256_CBC_SHA, TLS_ECDHE_RSA_WITH_AES_256_CBC_SHA, TLS_ECDHE_ECDSA_WITH_AES_128_CBC_SHA, TLS_ECDHE_RSA_WITH_AES_128_CBC_SHA, TLS_DHE_RSA_WITH_AES_256_CBC_SHA, TLS_DHE_DSS_WITH_AES_256_CBC_SHA, TLS_DHE_RSA_WITH_AES_128_CBC_SHA, TLS_DHE_DSS_WITH_AES_128_CBC_SHA, TLS_RSA_WITH_AES_256_GCM_SHA384, TLS_RSA_WITH_AES_128_GCM_SHA256, TLS_RSA_WITH_AES_256_CBC_SHA256, TLS_RSA_WITH_AES_128_CBC_SHA256, TLS_RSA_WITH_AES_256_CBC_SHA, TLS_RSA_WITH_AES_128_CBC_SHA, TLS_EMPTY_RENEGOTIATION_INFO_SCSV]
13:05:00.932 [main] DEBUG karate.org.apache.http.conn.ssl.LenientSslConnectionSocketFactory - Starting handshake
13:05:00.989 [main] DEBUG karate.org.apache.http.conn.ssl.LenientSslConnectionSocketFactory - Secure session established
13:05:00.989 [main] DEBUG karate.org.apache.http.conn.ssl.LenientSslConnectionSocketFactory -  negotiated protocol: TLSv1.3
13:05:00.989 [main] DEBUG karate.org.apache.http.conn.ssl.LenientSslConnectionSocketFactory -  negotiated cipher suite: TLS_AES_128_GCM_SHA256
13:05:00.989 [main] DEBUG karate.org.apache.http.conn.ssl.LenientSslConnectionSocketFactory -  peer principal: CN=apigw-soap-st.telus.com, O=TELUS Corp., L=Vancouver, ST=British Columbia, C=CA
13:05:00.989 [main] DEBUG karate.org.apache.http.conn.ssl.LenientSslConnectionSocketFactory -  peer alternative names: [apigw-soap-st.telus.com, apigw-st.telus.com, apigw-qidc-st.telus.com, apigw-kidc-st.telus.com, apigw-soap-qidc-st.telus.com, apigw-soap-kidc-st.telus.com]
13:05:00.989 [main] DEBUG karate.org.apache.http.conn.ssl.LenientSslConnectionSocketFactory -  issuer principal: CN=DigiCert Global G2 TLS RSA SHA256 2020 CA1, O=DigiCert Inc, C=US
13:05:00.989 [main] DEBUG karate.org.apache.http.impl.conn.DefaultHttpClientConnectionOperator - Connection established 192.168.1.65:54984<->207.219.84.31:443
13:05:00.989 [main] DEBUG karate.org.apache.http.impl.conn.DefaultManagedHttpClientConnection - http-outgoing-46: set socket timeout to 20000
13:05:00.989 [main] DEBUG karate.org.apache.http.impl.execchain.MainClientExec - Executing request PUT /customer/contactCenterTempStorage/v1/storage/2/update?group=b HTTP/1.1
13:05:00.989 [main] DEBUG karate.org.apache.http.impl.execchain.MainClientExec - Proxy auth state: UNCHALLENGED
13:05:00.989 [main] DEBUG karate.org.apache.http.headers - http-outgoing-46 >> PUT /customer/contactCenterTempStorage/v1/storage/2/update?group=b HTTP/1.1
13:05:00.989 [main] DEBUG karate.org.apache.http.headers - http-outgoing-46 >> env: it01
13:05:00.989 [main] DEBUG karate.org.apache.http.headers - http-outgoing-46 >> Content-Type: application/json; charset=UTF-8
13:05:00.989 [main] DEBUG karate.org.apache.http.headers - http-outgoing-46 >> Authorization: Bearer eyJhbGciOiJSUzI1NiIsImtpZCI6ImNhZGZhMTYyLTU2YzEtNGRiOS1hNjNmLTYwZTM3NzIwMWJkZiIsInBpLmF0bSI6IjMifQ.eyJzY29wZSI6WyI0NzIwIl0sImF1dGhvcml6YXRpb25fZGV0YWlscyI6W10sImNsaWVudF9pZCI6IjUyZTgwYmZhLWI0MmMtNDdkNy05OGI1LThiYjg3YzkyNjIwOSIsImlzcyI6Imh0dHBzOi8vdGVhbXNzby1pdHMwNC50ZWx1cy5jb20iLCJhdWQiOiJrb25nIiwiaWF0IjoxNzIzMjIzMDg5LCJleHAiOjE3MjMyMjMzODl9.flESEmYyI_eCkBmzn54OkGfP2lAIxnyqs2XbjtABUAmEnkCOQe8uoiUdROg_nBCNsbluJLTMIyv2VQYcEFeVpzwJIN4AH00KC-3px8L7DRMcbbbRqgIOGamUVRjytKBt3cFR1XVCW32bLo_XlS6M0CPdsCtowSRRwenf6htGC3loiXiWZ8pxuYaJNnmQfuSN9rWpZNHc8y-eYDl0xm6EoEXQSfatP3EAxDBw6tgqlb5patcu_afyMqKiHha9IdISwDeMrqyfvgoAR4Sqhdy3Uxp_k_xzmM-XWElgzY0YfiUnRnIl01fsIz1UO7xaed3xVyVlwsYrq6nB9I57SYDk-A
13:05:00.989 [main] DEBUG karate.org.apache.http.headers - http-outgoing-46 >> Content-Length: 114
13:05:00.989 [main] DEBUG karate.org.apache.http.headers - http-outgoing-46 >> Host: apigw-st.telus.com
13:05:00.989 [main] DEBUG karate.org.apache.http.headers - http-outgoing-46 >> Connection: Keep-Alive
13:05:00.989 [main] DEBUG karate.org.apache.http.headers - http-outgoing-46 >> User-Agent: Apache-HttpClient/4.5.13 (Java/20.0.2)
13:05:00.989 [main] DEBUG karate.org.apache.http.headers - http-outgoing-46 >> Accept-Encoding: gzip,deflate
13:05:00.989 [main] DEBUG karate.org.apache.http.wire - http-outgoing-46 >> "PUT /customer/contactCenterTempStorage/v1/storage/2/update?group=b HTTP/1.1[\r][\n]"
13:05:00.989 [main] DEBUG karate.org.apache.http.wire - http-outgoing-46 >> "env: it01[\r][\n]"
13:05:00.989 [main] DEBUG karate.org.apache.http.wire - http-outgoing-46 >> "Content-Type: application/json; charset=UTF-8[\r][\n]"
13:05:00.989 [main] DEBUG karate.org.apache.http.wire - http-outgoing-46 >> "Authorization: Bearer eyJhbGciOiJSUzI1NiIsImtpZCI6ImNhZGZhMTYyLTU2YzEtNGRiOS1hNjNmLTYwZTM3NzIwMWJkZiIsInBpLmF0bSI6IjMifQ.eyJzY29wZSI6WyI0NzIwIl0sImF1dGhvcml6YXRpb25fZGV0YWlscyI6W10sImNsaWVudF9pZCI6IjUyZTgwYmZhLWI0MmMtNDdkNy05OGI1LThiYjg3YzkyNjIwOSIsImlzcyI6Imh0dHBzOi8vdGVhbXNzby1pdHMwNC50ZWx1cy5jb20iLCJhdWQiOiJrb25nIiwiaWF0IjoxNzIzMjIzMDg5LCJleHAiOjE3MjMyMjMzODl9.flESEmYyI_eCkBmzn54OkGfP2lAIxnyqs2XbjtABUAmEnkCOQe8uoiUdROg_nBCNsbluJLTMIyv2VQYcEFeVpzwJIN4AH00KC-3px8L7DRMcbbbRqgIOGamUVRjytKBt3cFR1XVCW32bLo_XlS6M0CPdsCtowSRRwenf6htGC3loiXiWZ8pxuYaJNnmQfuSN9rWpZNHc8y-eYDl0xm6EoEXQSfatP3EAxDBw6tgqlb5patcu_afyMqKiHha9IdISwDeMrqyfvgoAR4Sqhdy3Uxp_k_xzmM-XWElgzY0YfiUnRnIl01fsIz1UO7xaed3xVyVlwsYrq6nB9I57SYDk-A[\r][\n]"
13:05:00.989 [main] DEBUG karate.org.apache.http.wire - http-outgoing-46 >> "Content-Length: 114[\r][\n]"
13:05:00.989 [main] DEBUG karate.org.apache.http.wire - http-outgoing-46 >> "Host: apigw-st.telus.com[\r][\n]"
13:05:00.989 [main] DEBUG karate.org.apache.http.wire - http-outgoing-46 >> "Connection: Keep-Alive[\r][\n]"
13:05:00.989 [main] DEBUG karate.org.apache.http.wire - http-outgoing-46 >> "User-Agent: Apache-HttpClient/4.5.13 (Java/20.0.2)[\r][\n]"
13:05:00.989 [main] DEBUG karate.org.apache.http.wire - http-outgoing-46 >> "Accept-Encoding: gzip,deflate[\r][\n]"
13:05:00.989 [main] DEBUG karate.org.apache.http.wire - http-outgoing-46 >> "[\r][\n]"
13:05:00.989 [main] DEBUG karate.org.apache.http.wire - http-outgoing-46 >> "{"name":"Rajat Doliya007","sport":{"cricket":"good Gar[0xc3][0xa7]on [0xc3][0x80] la carte Ma[0xc3][0xae]tre d\u2019h[0xc3][0xb4]tel","archery":"better"}}"
13:05:01.122 [main] DEBUG karate.org.apache.http.wire - http-outgoing-46 << "HTTP/1.1 403 Forbidden[\r][\n]"
13:05:01.122 [main] DEBUG karate.org.apache.http.wire - http-outgoing-46 << "Content-Type: application/json;charset=ISO-8859-1[\r][\n]"
13:05:01.122 [main] DEBUG karate.org.apache.http.wire - http-outgoing-46 << "Content-Length: 265[\r][\n]"
13:05:01.122 [main] DEBUG karate.org.apache.http.wire - http-outgoing-46 << "Connection: keep-alive[\r][\n]"
13:05:01.122 [main] DEBUG karate.org.apache.http.wire - http-outgoing-46 << "date: Fri, 09 Aug 2024 17:05:00 GMT[\r][\n]"
13:05:01.122 [main] DEBUG karate.org.apache.http.wire - http-outgoing-46 << "kong-request-id: e1b9ec92-3c20-4349-9e98-f51c0fe257c5#389190[\r][\n]"
13:05:01.122 [main] DEBUG karate.org.apache.http.wire - http-outgoing-46 << "vary: Origin[\r][\n]"
13:05:01.122 [main] DEBUG karate.org.apache.http.wire - http-outgoing-46 << "x-kong-upstream-latency: 96[\r][\n]"
13:05:01.122 [main] DEBUG karate.org.apache.http.wire - http-outgoing-46 << "x-kong-proxy-latency: 1[\r][\n]"
13:05:01.122 [main] DEBUG karate.org.apache.http.wire - http-outgoing-46 << "via: kong/3.4.3.11-enterprise-edition[\r][\n]"
13:05:01.122 [main] DEBUG karate.org.apache.http.wire - http-outgoing-46 << "x-kong-request-id: b21cec6b7da55e0779ea8523f11b8b6f[\r][\n]"
13:05:01.122 [main] DEBUG karate.org.apache.http.wire - http-outgoing-46 << "vary: Origin[\r][\n]"
13:05:01.122 [main] DEBUG karate.org.apache.http.wire - http-outgoing-46 << "vary: Origin[\r][\n]"
13:05:01.122 [main] DEBUG karate.org.apache.http.wire - http-outgoing-46 << "[\r][\n]"
13:05:01.122 [main] DEBUG karate.org.apache.http.wire - http-outgoing-46 << "{"code":"403","reason":"you are not allowed for the request","message":"you are not allowed for the request: /customer/TempStorage/v1/storage/2/update","status":"FORBIDDEN","referenceError":"java.lang.Exception: you are not allowed for the request","createTs":null}"
13:05:01.122 [main] DEBUG karate.org.apache.http.headers - http-outgoing-46 << HTTP/1.1 403 Forbidden
13:05:01.122 [main] DEBUG karate.org.apache.http.headers - http-outgoing-46 << Content-Type: application/json;charset=ISO-8859-1
13:05:01.122 [main] DEBUG karate.org.apache.http.headers - http-outgoing-46 << Content-Length: 265
13:05:01.122 [main] DEBUG karate.org.apache.http.headers - http-outgoing-46 << Connection: keep-alive
13:05:01.122 [main] DEBUG karate.org.apache.http.headers - http-outgoing-46 << date: Fri, 09 Aug 2024 17:05:00 GMT
13:05:01.122 [main] DEBUG karate.org.apache.http.headers - http-outgoing-46 << kong-request-id: e1b9ec92-3c20-4349-9e98-f51c0fe257c5#389190
13:05:01.122 [main] DEBUG karate.org.apache.http.headers - http-outgoing-46 << vary: Origin
13:05:01.122 [main] DEBUG karate.org.apache.http.headers - http-outgoing-46 << x-kong-upstream-latency: 96
13:05:01.122 [main] DEBUG karate.org.apache.http.headers - http-outgoing-46 << x-kong-proxy-latency: 1
13:05:01.122 [main] DEBUG karate.org.apache.http.headers - http-outgoing-46 << via: kong/3.4.3.11-enterprise-edition
13:05:01.122 [main] DEBUG karate.org.apache.http.headers - http-outgoing-46 << x-kong-request-id: b21cec6b7da55e0779ea8523f11b8b6f
13:05:01.122 [main] DEBUG karate.org.apache.http.headers - http-outgoing-46 << vary: Origin
13:05:01.122 [main] DEBUG karate.org.apache.http.headers - http-outgoing-46 << vary: Origin
13:05:01.122 [main] DEBUG karate.org.apache.http.impl.execchain.MainClientExec - Connection can be kept alive indefinitely
13:05:01.122 [main] DEBUG karate.org.apache.http.impl.conn.PoolingHttpClientConnectionManager - Connection [id: 46][route: {s}->https://apigw-st.telus.com:443] can be kept alive indefinitely
13:05:01.122 [main] DEBUG karate.org.apache.http.impl.conn.DefaultManagedHttpClientConnection - http-outgoing-46: set socket timeout to 0
13:05:01.123 [main] DEBUG karate.org.apache.http.impl.conn.PoolingHttpClientConnectionManager - Connection released: [id: 46][route: {s}->https://apigw-st.telus.com:443][total available: 1; route allocated: 1 of 5; total allocated: 1 of 10]
13:05:01.123 [main] DEBUG com.intuit.karate - response time in milliseconds: 234
1 < 403
1 < Content-Type: application/json;charset=ISO-8859-1
1 < Content-Length: 265
1 < Connection: keep-alive
1 < date: Fri, 09 Aug 2024 17:05:00 GMT
1 < kong-request-id: e1b9ec92-3c20-4349-9e98-f51c0fe257c5#389190
1 < vary: Origin
1 < vary: Origin
1 < vary: Origin
1 < x-kong-upstream-latency: 96
1 < x-kong-proxy-latency: 1
1 < via: kong/3.4.3.11-enterprise-edition
1 < x-kong-request-id: b21cec6b7da55e0779ea8523f11b8b6f
{"code":"403","reason":"you are not allowed for the request","message":"you are not allowed for the request: /customer/TempStorage/v1/storage/2/update","status":"FORBIDDEN","referenceError":"java.lang.Exception: you are not allowed for the request","createTs":null}
13:05:01.123 [main] ERROR com.intuit.karate - classpath:feature/TempStorage_c_PUT.feature:51
Then status 200
status code was: 403, expected: 200, response time in milliseconds: 234, url: https://apigw-st.telus.com/customer/contactCenterTempStorage/v1/storage/2/update?group=b, response: 
{"code":"403","reason":"you are not allowed for the request","message":"you are not allowed for the request: /customer/TempStorage/v1/storage/2/update","status":"FORBIDDEN","referenceError":"java.lang.Exception: you are not allowed for the request","createTs":null}
classpath:feature/TempStorage_c_PUT.feature:51
13:05:01.126 [main] INFO com.intuit.karate - karate.env system property was: it01 
13:05:01.126 [main] INFO com.intuit.karate - clientId:52e80bfa-b42c-47d7-98b5-8bb87c926209 
13:05:01.126 [main] INFO com.intuit.karate - Current URL is : https://apigw-st.telus.com 
13:05:01.126 [main] INFO com.intuit.karate - Current Env is : it01 
13:05:01.128 [main] DEBUG com.jayway.jsonpath.internal.path.CompiledPath - Evaluating path: $
13:05:01.129 [main] INFO com.intuit.karate - [print] [
  {
    "storage_id": "1",
    "group": "a"
  },
  {
    "storage_id": "2",
    "group": "b"
  }
]
 
13:05:01.129 [main] DEBUG com.jayway.jsonpath.internal.path.CompiledPath - Evaluating path: $..['storage_id']
13:05:01.130 [main] INFO com.intuit.karate - [print] 1 
13:05:01.130 [main] DEBUG com.jayway.jsonpath.internal.path.CompiledPath - Evaluating path: $..['storage_id']
13:05:01.130 [main] INFO com.intuit.karate - [print] 1 
13:05:01.131 [main] DEBUG com.jayway.jsonpath.internal.path.CompiledPath - Evaluating path: $..['group']
13:05:01.131 [main] DEBUG com.jayway.jsonpath.internal.path.CompiledPath - Evaluating path: $..['group']
13:05:01.131 [main] INFO com.intuit.karate - [print] a 
13:05:01.131 [main] INFO com.intuit.karate - [print] eyJhbGciOiJSUzI1NiIsImtpZCI6ImNhZGZhMTYyLTU2YzEtNGRiOS1hNjNmLTYwZTM3NzIwMWJkZiIsInBpLmF0bSI6IjMifQ.eyJzY29wZSI6WyI0NzIwIl0sImF1dGhvcml6YXRpb25fZGV0YWlscyI6W10sImNsaWVudF9pZCI6IjUyZTgwYmZhLWI0MmMtNDdkNy05OGI1LThiYjg3YzkyNjIwOSIsImlzcyI6Imh0dHBzOi8vdGVhbXNzby1pdHMwNC50ZWx1cy5jb20iLCJhdWQiOiJrb25nIiwiaWF0IjoxNzIzMjIzMDg5LCJleHAiOjE3MjMyMjMzODl9.flESEmYyI_eCkBmzn54OkGfP2lAIxnyqs2XbjtABUAmEnkCOQe8uoiUdROg_nBCNsbluJLTMIyv2VQYcEFeVpzwJIN4AH00KC-3px8L7DRMcbbbRqgIOGamUVRjytKBt3cFR1XVCW32bLo_XlS6M0CPdsCtowSRRwenf6htGC3loiXiWZ8pxuYaJNnmQfuSN9rWpZNHc8y-eYDl0xm6EoEXQSfatP3EAxDBw6tgqlb5patcu_afyMqKiHha9IdISwDeMrqyfvgoAR4Sqhdy3Uxp_k_xzmM-XWElgzY0YfiUnRnIl01fsIz1UO7xaed3xVyVlwsYrq6nB9I57SYDk-A 
13:05:01.133 [main] DEBUG karate.org.apache.http.client.protocol.RequestAddCookies - CookieSpec selected: karate
13:05:01.133 [main] DEBUG karate.org.apache.http.client.protocol.RequestAuthCache - Auth cache not set in the context
13:05:01.133 [main] DEBUG com.intuit.karate - request:
1 > GET https://apigw-st.telus.com/customer/contactCenterTempStorage/v1/storage/2/retrieve?group=b
1 > env: it01
1 > Content-Type: application/json
1 > Authorization: Bearer eyJhbGciOiJSUzI1NiIsImtpZCI6ImNhZGZhMTYyLTU2YzEtNGRiOS1hNjNmLTYwZTM3NzIwMWJkZiIsInBpLmF0bSI6IjMifQ.eyJzY29wZSI6WyI0NzIwIl0sImF1dGhvcml6YXRpb25fZGV0YWlscyI6W10sImNsaWVudF9pZCI6IjUyZTgwYmZhLWI0MmMtNDdkNy05OGI1LThiYjg3YzkyNjIwOSIsImlzcyI6Imh0dHBzOi8vdGVhbXNzby1pdHMwNC50ZWx1cy5jb20iLCJhdWQiOiJrb25nIiwiaWF0IjoxNzIzMjIzMDg5LCJleHAiOjE3MjMyMjMzODl9.flESEmYyI_eCkBmzn54OkGfP2lAIxnyqs2XbjtABUAmEnkCOQe8uoiUdROg_nBCNsbluJLTMIyv2VQYcEFeVpzwJIN4AH00KC-3px8L7DRMcbbbRqgIOGamUVRjytKBt3cFR1XVCW32bLo_XlS6M0CPdsCtowSRRwenf6htGC3loiXiWZ8pxuYaJNnmQfuSN9rWpZNHc8y-eYDl0xm6EoEXQSfatP3EAxDBw6tgqlb5patcu_afyMqKiHha9IdISwDeMrqyfvgoAR4Sqhdy3Uxp_k_xzmM-XWElgzY0YfiUnRnIl01fsIz1UO7xaed3xVyVlwsYrq6nB9I57SYDk-A
1 > Host: apigw-st.telus.com
1 > Connection: Keep-Alive
1 > User-Agent: Apache-HttpClient/4.5.13 (Java/20.0.2)
1 > Accept-Encoding: gzip,deflate


13:05:01.133 [main] DEBUG karate.org.apache.http.impl.conn.PoolingHttpClientConnectionManager - Connection request: [route: {s}->https://apigw-st.telus.com:443][total available: 0; route allocated: 0 of 5; total allocated: 0 of 10]
13:05:01.133 [main] DEBUG karate.org.apache.http.impl.conn.PoolingHttpClientConnectionManager - Connection leased: [id: 47][route: {s}->https://apigw-st.telus.com:443][total available: 0; route allocated: 1 of 5; total allocated: 1 of 10]
13:05:01.133 [main] DEBUG karate.org.apache.http.impl.execchain.MainClientExec - Opening connection {s}->https://apigw-st.telus.com:443
13:05:01.133 [main] DEBUG karate.org.apache.http.impl.conn.DefaultHttpClientConnectionOperator - Connecting to apigw-st.telus.com/207.219.84.31:443
13:05:01.133 [main] DEBUG karate.org.apache.http.conn.ssl.LenientSslConnectionSocketFactory - Connecting socket to apigw-st.telus.com/207.219.84.31:443 with timeout 10000
13:05:01.174 [main] DEBUG karate.org.apache.http.conn.ssl.LenientSslConnectionSocketFactory - Enabled protocols: [TLSv1.3, TLSv1.2]
13:05:01.174 [main] DEBUG karate.org.apache.http.conn.ssl.LenientSslConnectionSocketFactory - Enabled cipher suites:[TLS_AES_256_GCM_SHA384, TLS_AES_128_GCM_SHA256, TLS_CHACHA20_POLY1305_SHA256, TLS_ECDHE_ECDSA_WITH_AES_256_GCM_SHA384, TLS_ECDHE_ECDSA_WITH_AES_128_GCM_SHA256, TLS_ECDHE_ECDSA_WITH_CHACHA20_POLY1305_SHA256, TLS_ECDHE_RSA_WITH_AES_256_GCM_SHA384, TLS_ECDHE_RSA_WITH_CHACHA20_POLY1305_SHA256, TLS_ECDHE_RSA_WITH_AES_128_GCM_SHA256, TLS_DHE_RSA_WITH_AES_256_GCM_SHA384, TLS_DHE_RSA_WITH_CHACHA20_POLY1305_SHA256, TLS_DHE_DSS_WITH_AES_256_GCM_SHA384, TLS_DHE_RSA_WITH_AES_128_GCM_SHA256, TLS_DHE_DSS_WITH_AES_128_GCM_SHA256, TLS_ECDHE_ECDSA_WITH_AES_256_CBC_SHA384, TLS_ECDHE_RSA_WITH_AES_256_CBC_SHA384, TLS_ECDHE_ECDSA_WITH_AES_128_CBC_SHA256, TLS_ECDHE_RSA_WITH_AES_128_CBC_SHA256, TLS_DHE_RSA_WITH_AES_256_CBC_SHA256, TLS_DHE_DSS_WITH_AES_256_CBC_SHA256, TLS_DHE_RSA_WITH_AES_128_CBC_SHA256, TLS_DHE_DSS_WITH_AES_128_CBC_SHA256, TLS_ECDHE_ECDSA_WITH_AES_256_CBC_SHA, TLS_ECDHE_RSA_WITH_AES_256_CBC_SHA, TLS_ECDHE_ECDSA_WITH_AES_128_CBC_SHA, TLS_ECDHE_RSA_WITH_AES_128_CBC_SHA, TLS_DHE_RSA_WITH_AES_256_CBC_SHA, TLS_DHE_DSS_WITH_AES_256_CBC_SHA, TLS_DHE_RSA_WITH_AES_128_CBC_SHA, TLS_DHE_DSS_WITH_AES_128_CBC_SHA, TLS_RSA_WITH_AES_256_GCM_SHA384, TLS_RSA_WITH_AES_128_GCM_SHA256, TLS_RSA_WITH_AES_256_CBC_SHA256, TLS_RSA_WITH_AES_128_CBC_SHA256, TLS_RSA_WITH_AES_256_CBC_SHA, TLS_RSA_WITH_AES_128_CBC_SHA, TLS_EMPTY_RENEGOTIATION_INFO_SCSV]
13:05:01.174 [main] DEBUG karate.org.apache.http.conn.ssl.LenientSslConnectionSocketFactory - Starting handshake
13:05:01.228 [main] DEBUG karate.org.apache.http.conn.ssl.LenientSslConnectionSocketFactory - Secure session established
13:05:01.228 [main] DEBUG karate.org.apache.http.conn.ssl.LenientSslConnectionSocketFactory -  negotiated protocol: TLSv1.3
13:05:01.228 [main] DEBUG karate.org.apache.http.conn.ssl.LenientSslConnectionSocketFactory -  negotiated cipher suite: TLS_AES_128_GCM_SHA256
13:05:01.228 [main] DEBUG karate.org.apache.http.conn.ssl.LenientSslConnectionSocketFactory -  peer principal: CN=apigw-soap-st.telus.com, O=TELUS Corp., L=Vancouver, ST=British Columbia, C=CA
13:05:01.228 [main] DEBUG karate.org.apache.http.conn.ssl.LenientSslConnectionSocketFactory -  peer alternative names: [apigw-soap-st.telus.com, apigw-st.telus.com, apigw-qidc-st.telus.com, apigw-kidc-st.telus.com, apigw-soap-qidc-st.telus.com, apigw-soap-kidc-st.telus.com]
13:05:01.228 [main] DEBUG karate.org.apache.http.conn.ssl.LenientSslConnectionSocketFactory -  issuer principal: CN=DigiCert Global G2 TLS RSA SHA256 2020 CA1, O=DigiCert Inc, C=US
13:05:01.228 [main] DEBUG karate.org.apache.http.impl.conn.DefaultHttpClientConnectionOperator - Connection established 192.168.1.65:54985<->207.219.84.31:443
13:05:01.228 [main] DEBUG karate.org.apache.http.impl.conn.DefaultManagedHttpClientConnection - http-outgoing-47: set socket timeout to 20000
13:05:01.228 [main] DEBUG karate.org.apache.http.impl.execchain.MainClientExec - Executing request GET /customer/contactCenterTempStorage/v1/storage/2/retrieve?group=b HTTP/1.1
13:05:01.228 [main] DEBUG karate.org.apache.http.impl.execchain.MainClientExec - Proxy auth state: UNCHALLENGED
13:05:01.228 [main] DEBUG karate.org.apache.http.headers - http-outgoing-47 >> GET /customer/contactCenterTempStorage/v1/storage/2/retrieve?group=b HTTP/1.1
13:05:01.228 [main] DEBUG karate.org.apache.http.headers - http-outgoing-47 >> env: it01
13:05:01.228 [main] DEBUG karate.org.apache.http.headers - http-outgoing-47 >> Content-Type: application/json
13:05:01.228 [main] DEBUG karate.org.apache.http.headers - http-outgoing-47 >> Authorization: Bearer eyJhbGciOiJSUzI1NiIsImtpZCI6ImNhZGZhMTYyLTU2YzEtNGRiOS1hNjNmLTYwZTM3NzIwMWJkZiIsInBpLmF0bSI6IjMifQ.eyJzY29wZSI6WyI0NzIwIl0sImF1dGhvcml6YXRpb25fZGV0YWlscyI6W10sImNsaWVudF9pZCI6IjUyZTgwYmZhLWI0MmMtNDdkNy05OGI1LThiYjg3YzkyNjIwOSIsImlzcyI6Imh0dHBzOi8vdGVhbXNzby1pdHMwNC50ZWx1cy5jb20iLCJhdWQiOiJrb25nIiwiaWF0IjoxNzIzMjIzMDg5LCJleHAiOjE3MjMyMjMzODl9.flESEmYyI_eCkBmzn54OkGfP2lAIxnyqs2XbjtABUAmEnkCOQe8uoiUdROg_nBCNsbluJLTMIyv2VQYcEFeVpzwJIN4AH00KC-3px8L7DRMcbbbRqgIOGamUVRjytKBt3cFR1XVCW32bLo_XlS6M0CPdsCtowSRRwenf6htGC3loiXiWZ8pxuYaJNnmQfuSN9rWpZNHc8y-eYDl0xm6EoEXQSfatP3EAxDBw6tgqlb5patcu_afyMqKiHha9IdISwDeMrqyfvgoAR4Sqhdy3Uxp_k_xzmM-XWElgzY0YfiUnRnIl01fsIz1UO7xaed3xVyVlwsYrq6nB9I57SYDk-A
13:05:01.228 [main] DEBUG karate.org.apache.http.headers - http-outgoing-47 >> Host: apigw-st.telus.com
13:05:01.228 [main] DEBUG karate.org.apache.http.headers - http-outgoing-47 >> Connection: Keep-Alive
13:05:01.228 [main] DEBUG karate.org.apache.http.headers - http-outgoing-47 >> User-Agent: Apache-HttpClient/4.5.13 (Java/20.0.2)
13:05:01.228 [main] DEBUG karate.org.apache.http.headers - http-outgoing-47 >> Accept-Encoding: gzip,deflate
13:05:01.228 [main] DEBUG karate.org.apache.http.wire - http-outgoing-47 >> "GET /customer/contactCenterTempStorage/v1/storage/2/retrieve?group=b HTTP/1.1[\r][\n]"
13:05:01.228 [main] DEBUG karate.org.apache.http.wire - http-outgoing-47 >> "env: it01[\r][\n]"
13:05:01.228 [main] DEBUG karate.org.apache.http.wire - http-outgoing-47 >> "Content-Type: application/json[\r][\n]"
13:05:01.228 [main] DEBUG karate.org.apache.http.wire - http-outgoing-47 >> "Authorization: Bearer eyJhbGciOiJSUzI1NiIsImtpZCI6ImNhZGZhMTYyLTU2YzEtNGRiOS1hNjNmLTYwZTM3NzIwMWJkZiIsInBpLmF0bSI6IjMifQ.eyJzY29wZSI6WyI0NzIwIl0sImF1dGhvcml6YXRpb25fZGV0YWlscyI6W10sImNsaWVudF9pZCI6IjUyZTgwYmZhLWI0MmMtNDdkNy05OGI1LThiYjg3YzkyNjIwOSIsImlzcyI6Imh0dHBzOi8vdGVhbXNzby1pdHMwNC50ZWx1cy5jb20iLCJhdWQiOiJrb25nIiwiaWF0IjoxNzIzMjIzMDg5LCJleHAiOjE3MjMyMjMzODl9.flESEmYyI_eCkBmzn54OkGfP2lAIxnyqs2XbjtABUAmEnkCOQe8uoiUdROg_nBCNsbluJLTMIyv2VQYcEFeVpzwJIN4AH00KC-3px8L7DRMcbbbRqgIOGamUVRjytKBt3cFR1XVCW32bLo_XlS6M0CPdsCtowSRRwenf6htGC3loiXiWZ8pxuYaJNnmQfuSN9rWpZNHc8y-eYDl0xm6EoEXQSfatP3EAxDBw6tgqlb5patcu_afyMqKiHha9IdISwDeMrqyfvgoAR4Sqhdy3Uxp_k_xzmM-XWElgzY0YfiUnRnIl01fsIz1UO7xaed3xVyVlwsYrq6nB9I57SYDk-A[\r][\n]"
13:05:01.228 [main] DEBUG karate.org.apache.http.wire - http-outgoing-47 >> "Host: apigw-st.telus.com[\r][\n]"
13:05:01.228 [main] DEBUG karate.org.apache.http.wire - http-outgoing-47 >> "Connection: Keep-Alive[\r][\n]"
13:05:01.228 [main] DEBUG karate.org.apache.http.wire - http-outgoing-47 >> "User-Agent: Apache-HttpClient/4.5.13 (Java/20.0.2)[\r][\n]"
13:05:01.228 [main] DEBUG karate.org.apache.http.wire - http-outgoing-47 >> "Accept-Encoding: gzip,deflate[\r][\n]"
13:05:01.228 [main] DEBUG karate.org.apache.http.wire - http-outgoing-47 >> "[\r][\n]"
13:05:01.306 [main] DEBUG karate.org.apache.http.wire - http-outgoing-47 << "HTTP/1.1 403 Forbidden[\r][\n]"
13:05:01.306 [main] DEBUG karate.org.apache.http.wire - http-outgoing-47 << "Content-Type: application/json;charset=ISO-8859-1[\r][\n]"
13:05:01.306 [main] DEBUG karate.org.apache.http.wire - http-outgoing-47 << "Content-Length: 267[\r][\n]"
13:05:01.306 [main] DEBUG karate.org.apache.http.wire - http-outgoing-47 << "Connection: keep-alive[\r][\n]"
13:05:01.306 [main] DEBUG karate.org.apache.http.wire - http-outgoing-47 << "date: Fri, 09 Aug 2024 17:05:01 GMT[\r][\n]"
13:05:01.306 [main] DEBUG karate.org.apache.http.wire - http-outgoing-47 << "kong-request-id: e1b9ec92-3c20-4349-9e98-f51c0fe257c5#389191[\r][\n]"
13:05:01.306 [main] DEBUG karate.org.apache.http.wire - http-outgoing-47 << "vary: Origin[\r][\n]"
13:05:01.306 [main] DEBUG karate.org.apache.http.wire - http-outgoing-47 << "x-kong-upstream-latency: 35[\r][\n]"
13:05:01.306 [main] DEBUG karate.org.apache.http.wire - http-outgoing-47 << "x-kong-proxy-latency: 2[\r][\n]"
13:05:01.306 [main] DEBUG karate.org.apache.http.wire - http-outgoing-47 << "via: kong/3.4.3.11-enterprise-edition[\r][\n]"
13:05:01.306 [main] DEBUG karate.org.apache.http.wire - http-outgoing-47 << "x-kong-request-id: 190d543ecb3e116bfc6896134dee203f[\r][\n]"
13:05:01.306 [main] DEBUG karate.org.apache.http.wire - http-outgoing-47 << "vary: Origin[\r][\n]"
13:05:01.306 [main] DEBUG karate.org.apache.http.wire - http-outgoing-47 << "vary: Origin[\r][\n]"
13:05:01.306 [main] DEBUG karate.org.apache.http.wire - http-outgoing-47 << "[\r][\n]"
13:05:01.306 [main] DEBUG karate.org.apache.http.wire - http-outgoing-47 << "{"code":"403","reason":"you are not allowed for the request","message":"you are not allowed for the request: /customer/TempStorage/v1/storage/2/retrieve","status":"FORBIDDEN","referenceError":"java.lang.Exception: you are not allowed for the request","createTs":null}"
13:05:01.306 [main] DEBUG karate.org.apache.http.headers - http-outgoing-47 << HTTP/1.1 403 Forbidden
13:05:01.306 [main] DEBUG karate.org.apache.http.headers - http-outgoing-47 << Content-Type: application/json;charset=ISO-8859-1
13:05:01.306 [main] DEBUG karate.org.apache.http.headers - http-outgoing-47 << Content-Length: 267
13:05:01.306 [main] DEBUG karate.org.apache.http.headers - http-outgoing-47 << Connection: keep-alive
13:05:01.306 [main] DEBUG karate.org.apache.http.headers - http-outgoing-47 << date: Fri, 09 Aug 2024 17:05:01 GMT
13:05:01.306 [main] DEBUG karate.org.apache.http.headers - http-outgoing-47 << kong-request-id: e1b9ec92-3c20-4349-9e98-f51c0fe257c5#389191
13:05:01.306 [main] DEBUG karate.org.apache.http.headers - http-outgoing-47 << vary: Origin
13:05:01.306 [main] DEBUG karate.org.apache.http.headers - http-outgoing-47 << x-kong-upstream-latency: 35
13:05:01.306 [main] DEBUG karate.org.apache.http.headers - http-outgoing-47 << x-kong-proxy-latency: 2
13:05:01.306 [main] DEBUG karate.org.apache.http.headers - http-outgoing-47 << via: kong/3.4.3.11-enterprise-edition
13:05:01.306 [main] DEBUG karate.org.apache.http.headers - http-outgoing-47 << x-kong-request-id: 190d543ecb3e116bfc6896134dee203f
13:05:01.306 [main] DEBUG karate.org.apache.http.headers - http-outgoing-47 << vary: Origin
13:05:01.306 [main] DEBUG karate.org.apache.http.headers - http-outgoing-47 << vary: Origin
13:05:01.307 [main] DEBUG karate.org.apache.http.impl.execchain.MainClientExec - Connection can be kept alive indefinitely
13:05:01.307 [main] DEBUG karate.org.apache.http.impl.conn.PoolingHttpClientConnectionManager - Connection [id: 47][route: {s}->https://apigw-st.telus.com:443] can be kept alive indefinitely
13:05:01.307 [main] DEBUG karate.org.apache.http.impl.conn.DefaultManagedHttpClientConnection - http-outgoing-47: set socket timeout to 0
13:05:01.307 [main] DEBUG karate.org.apache.http.impl.conn.PoolingHttpClientConnectionManager - Connection released: [id: 47][route: {s}->https://apigw-st.telus.com:443][total available: 1; route allocated: 1 of 5; total allocated: 1 of 10]
13:05:01.307 [main] DEBUG com.intuit.karate - response time in milliseconds: 174
1 < 403
1 < Content-Type: application/json;charset=ISO-8859-1
1 < Content-Length: 267
1 < Connection: keep-alive
1 < date: Fri, 09 Aug 2024 17:05:01 GMT
1 < kong-request-id: e1b9ec92-3c20-4349-9e98-f51c0fe257c5#389191
1 < vary: Origin
1 < vary: Origin
1 < vary: Origin
1 < x-kong-upstream-latency: 35
1 < x-kong-proxy-latency: 2
1 < via: kong/3.4.3.11-enterprise-edition
1 < x-kong-request-id: 190d543ecb3e116bfc6896134dee203f
{"code":"403","reason":"you are not allowed for the request","message":"you are not allowed for the request: /customer/TempStorage/v1/storage/2/retrieve","status":"FORBIDDEN","referenceError":"java.lang.Exception: you are not allowed for the request","createTs":null}
13:05:01.308 [main] ERROR com.intuit.karate - classpath:feature/TempStorage_c_PUT.feature:58
Then status 200
status code was: 403, expected: 200, response time in milliseconds: 174, url: https://apigw-st.telus.com/customer/contactCenterTempStorage/v1/storage/2/retrieve?group=b, response: 
{"code":"403","reason":"you are not allowed for the request","message":"you are not allowed for the request: /customer/TempStorage/v1/storage/2/retrieve","status":"FORBIDDEN","referenceError":"java.lang.Exception: you are not allowed for the request","createTs":null}
classpath:feature/TempStorage_c_PUT.feature:58
13:05:01.318 [main] DEBUG karate.org.thymeleaf.TemplateEngine - [THYMELEAF] INITIALIZING TEMPLATE ENGINE
13:05:01.330 [main] DEBUG karate.org.thymeleaf.TemplateEngine.CONFIG - Initializing Thymeleaf Template engine configuration...
[THYMELEAF] TEMPLATE ENGINE CONFIGURATION:
[THYMELEAF] * Thymeleaf version: 3.0.12.RELEASE (built 2020-12-21T00:26:28+0000)
[THYMELEAF] * Cache Manager implementation: karate.org.thymeleaf.cache.StandardCacheManager
[THYMELEAF] * Template resolvers:
[THYMELEAF]     * [1] com.intuit.karate.template.ResourceHtmlTemplateResolver
[THYMELEAF] * Message resolvers:
[THYMELEAF]     * karate.org.thymeleaf.messageresolver.StandardMessageResolver
[THYMELEAF] * Link builders:
[THYMELEAF]     * karate.org.thymeleaf.linkbuilder.StandardLinkBuilder
[THYMELEAF] * Dialect [1 of 2]: Standard (com.intuit.karate.template.KarateStandardDialect)
[THYMELEAF]     * Prefix: "th"
[THYMELEAF]     * Processors for Template Mode: HTML
[THYMELEAF]         * Element Tag Processors by [matching element and attribute name] [precedence]:
[THYMELEAF]             * [* {th:include,data-th-include}] [100]: karate.org.thymeleaf.standard.processor.StandardIncludeTagProcessor
[THYMELEAF]             * [* {th:insert,data-th-insert}] [100]: karate.org.thymeleaf.standard.processor.StandardInsertTagProcessor
[THYMELEAF]             * [* {th:replace,data-th-replace}] [100]: karate.org.thymeleaf.standard.processor.StandardReplaceTagProcessor
[THYMELEAF]             * [* {th:substituteby,data-th-substituteby}] [100]: karate.org.thymeleaf.standard.processor.StandardSubstituteByTagProcessor
[THYMELEAF]             * [* {th:each,data-th-each}] [200]: com.intuit.karate.template.KarateEachTagProcessor
[THYMELEAF]             * [* {th:switch,data-th-switch}] [250]: karate.org.thymeleaf.standard.processor.StandardSwitchTagProcessor
[THYMELEAF]             * [* {th:case,data-th-case}] [275]: karate.org.thymeleaf.standard.processor.StandardCaseTagProcessor
[THYMELEAF]             * [* {th:if,data-th-if}] [300]: karate.org.thymeleaf.standard.processor.StandardIfTagProcessor
[THYMELEAF]             * [* {th:unless,data-th-unless}] [400]: karate.org.thymeleaf.standard.processor.StandardUnlessTagProcessor
[THYMELEAF]             * [* {th:object,data-th-object}] [500]: karate.org.thymeleaf.standard.processor.StandardObjectTagProcessor
[THYMELEAF]             * [* {th:with,data-th-with}] [600]: com.intuit.karate.template.KarateWithTagProcessor
[THYMELEAF]             * [* {th:attr,data-th-attr}] [700]: com.intuit.karate.template.KarateAttributeTagProcessor.KarateAttrTagProcessor
[THYMELEAF]             * [* {th:attrappend,data-th-attrappend}] [900]: com.intuit.karate.template.KarateAttributeTagProcessor.KarateAttrappendTagProcessor
[THYMELEAF]             * [* {th:attrprepend,data-th-attrprepend}] [900]: com.intuit.karate.template.KarateAttributeTagProcessor.KarateAttrprependTagProcessor
[THYMELEAF]             * [* {th:alt-title,data-th-alt-title}] [990]: karate.org.thymeleaf.standard.processor.StandardAltTitleTagProcessor
[THYMELEAF]             * [* {th:lang-xmllang,data-th-lang-xmllang}] [990]: karate.org.thymeleaf.standard.processor.StandardLangXmlLangTagProcessor
[THYMELEAF]             * [* {th:action,data-th-action}] [1000]: karate.org.thymeleaf.standard.processor.StandardActionTagProcessor
[THYMELEAF]             * [* {th:pubdate,data-th-pubdate}] [1000]: karate.org.thymeleaf.standard.processor.StandardConditionalFixedValueTagProcessor
[THYMELEAF]             * [* {th:loop,data-th-loop}] [1000]: karate.org.thymeleaf.standard.processor.StandardConditionalFixedValueTagProcessor
[THYMELEAF]             * [* {th:scoped,data-th-scoped}] [1000]: karate.org.thymeleaf.standard.processor.StandardConditionalFixedValueTagProcessor
[THYMELEAF]             * [* {th:seamless,data-th-seamless}] [1000]: karate.org.thymeleaf.standard.processor.StandardConditionalFixedValueTagProcessor
[THYMELEAF]             * [* {th:open,data-th-open}] [1000]: karate.org.thymeleaf.standard.processor.StandardConditionalFixedValueTagProcessor
[THYMELEAF]             * [* {th:reversed,data-th-reversed}] [1000]: karate.org.thymeleaf.standard.processor.StandardConditionalFixedValueTagProcessor
[THYMELEAF]             * [* {th:default,data-th-default}] [1000]: karate.org.thymeleaf.standard.processor.StandardConditionalFixedValueTagProcessor
[THYMELEAF]             * [* {th:multiple,data-th-multiple}] [1000]: karate.org.thymeleaf.standard.processor.StandardConditionalFixedValueTagProcessor
[THYMELEAF]             * [* {th:nowrap,data-th-nowrap}] [1000]: karate.org.thymeleaf.standard.processor.StandardConditionalFixedValueTagProcessor
[THYMELEAF]             * [* {th:declare,data-th-declare}] [1000]: karate.org.thymeleaf.standard.processor.StandardConditionalFixedValueTagProcessor
[THYMELEAF]             * [* {th:autoplay,data-th-autoplay}] [1000]: karate.org.thymeleaf.standard.processor.StandardConditionalFixedValueTagProcessor
[THYMELEAF]             * [* {th:selected,data-th-selected}] [1000]: karate.org.thymeleaf.standard.processor.StandardConditionalFixedValueTagProcessor
[THYMELEAF]             * [* {th:defer,data-th-defer}] [1000]: karate.org.thymeleaf.standard.processor.StandardConditionalFixedValueTagProcessor
[THYMELEAF]             * [* {th:novalidate,data-th-novalidate}] [1000]: karate.org.thymeleaf.standard.processor.StandardConditionalFixedValueTagProcessor
[THYMELEAF]             * [* {th:required,data-th-required}] [1000]: karate.org.thymeleaf.standard.processor.StandardConditionalFixedValueTagProcessor
[THYMELEAF]             * [* {th:controls,data-th-controls}] [1000]: karate.org.thymeleaf.standard.processor.StandardConditionalFixedValueTagProcessor
[THYMELEAF]             * [* {th:disabled,data-th-disabled}] [1000]: karate.org.thymeleaf.standard.processor.StandardConditionalFixedValueTagProcessor
[THYMELEAF]             * [* {th:formnovalidate,data-th-formnovalidate}] [1000]: karate.org.thymeleaf.standard.processor.StandardConditionalFixedValueTagProcessor
[THYMELEAF]             * [* {th:async,data-th-async}] [1000]: karate.org.thymeleaf.standard.processor.StandardConditionalFixedValueTagProcessor
[THYMELEAF]             * [* {th:autofocus,data-th-autofocus}] [1000]: karate.org.thymeleaf.standard.processor.StandardConditionalFixedValueTagProcessor
[THYMELEAF]             * [* {th:checked,data-th-checked}] [1000]: karate.org.thymeleaf.standard.processor.StandardConditionalFixedValueTagProcessor
[THYMELEAF]             * [* {th:readonly,data-th-readonly}] [1000]: karate.org.thymeleaf.standard.processor.StandardConditionalFixedValueTagProcessor
[THYMELEAF]             * [* {th:hidden,data-th-hidden}] [1000]: karate.org.thymeleaf.standard.processor.StandardConditionalFixedValueTagProcessor
[THYMELEAF]             * [* {th:ismap,data-th-ismap}] [1000]: karate.org.thymeleaf.standard.processor.StandardConditionalFixedValueTagProcessor
[THYMELEAF]             * [* {th:onreadystatechange,data-th-onreadystatechange}] [1000]: karate.org.thymeleaf.standard.processor.StandardDOMEventAttributeTagProcessor
[THYMELEAF]             * [* {th:onabort,data-th-onabort}] [1000]: karate.org.thymeleaf.standard.processor.StandardDOMEventAttributeTagProcessor
[THYMELEAF]             * [* {th:onscroll,data-th-onscroll}] [1000]: karate.org.thymeleaf.standard.processor.StandardDOMEventAttributeTagProcessor
[THYMELEAF]             * [* {th:ondragover,data-th-ondragover}] [1000]: karate.org.thymeleaf.standard.processor.StandardDOMEventAttributeTagProcessor
[THYMELEAF]             * [* {th:onstalled,data-th-onstalled}] [1000]: karate.org.thymeleaf.standard.processor.StandardDOMEventAttributeTagProcessor
[THYMELEAF]             * [* {th:onshow,data-th-onshow}] [1000]: karate.org.thymeleaf.standard.processor.StandardDOMEventAttributeTagProcessor
[THYMELEAF]             * [* {th:onformchange,data-th-onformchange}] [1000]: karate.org.thymeleaf.standard.processor.StandardDOMEventAttributeTagProcessor
[THYMELEAF]             * [* {th:oncanplaythrough,data-th-oncanplaythrough}] [1000]: karate.org.thymeleaf.standard.processor.StandardDOMEventAttributeTagProcessor
[THYMELEAF]             * [* {th:ondurationchange,data-th-ondurationchange}] [1000]: karate.org.thymeleaf.standard.processor.StandardDOMEventAttributeTagProcessor
[THYMELEAF]             * [* {th:ondragleave,data-th-ondragleave}] [1000]: karate.org.thymeleaf.standard.processor.StandardDOMEventAttributeTagProcessor
[THYMELEAF]             * [* {th:onwaiting,data-th-onwaiting}] [1000]: karate.org.thymeleaf.standard.processor.StandardDOMEventAttributeTagProcessor
[THYMELEAF]             * [* {th:onbeforeunload,data-th-onbeforeunload}] [1000]: karate.org.thymeleaf.standard.processor.StandardDOMEventAttributeTagProcessor
[THYMELEAF]             * [* {th:ondrag,data-th-ondrag}] [1000]: karate.org.thymeleaf.standard.processor.StandardDOMEventAttributeTagProcessor
[THYMELEAF]             * [* {th:onplay,data-th-onplay}] [1000]: karate.org.thymeleaf.standard.processor.StandardDOMEventAttributeTagProcessor
[THYMELEAF]             * [* {th:onfocus,data-th-onfocus}] [1000]: karate.org.thymeleaf.standard.processor.StandardDOMEventAttributeTagProcessor
[THYMELEAF]             * [* {th:ondragenter,data-th-ondragenter}] [1000]: karate.org.thymeleaf.standard.processor.StandardDOMEventAttributeTagProcessor
[THYMELEAF]             * [* {th:ondragend,data-th-ondragend}] [1000]: karate.org.thymeleaf.standard.processor.StandardDOMEventAttributeTagProcessor
[THYMELEAF]             * [* {th:onselect,data-th-onselect}] [1000]: karate.org.thymeleaf.standard.processor.StandardDOMEventAttributeTagProcessor
[THYMELEAF]             * [* {th:onmousedown,data-th-onmousedown}] [1000]: karate.org.thymeleaf.standard.processor.StandardDOMEventAttributeTagProcessor
[THYMELEAF]             * [* {th:onprogress,data-th-onprogress}] [1000]: karate.org.thymeleaf.standard.processor.StandardDOMEventAttributeTagProcessor
[THYMELEAF]             * [* {th:onresize,data-th-onresize}] [1000]: karate.org.thymeleaf.standard.processor.StandardDOMEventAttributeTagProcessor
[THYMELEAF]             * [* {th:onerror,data-th-onerror}] [1000]: karate.org.thymeleaf.standard.processor.StandardDOMEventAttributeTagProcessor
[THYMELEAF]             * [* {th:onloadeddata,data-th-onloadeddata}] [1000]: karate.org.thymeleaf.standard.processor.StandardDOMEventAttributeTagProcessor
[THYMELEAF]             * [* {th:onundo,data-th-onundo}] [1000]: karate.org.thymeleaf.standard.processor.StandardDOMEventAttributeTagProcessor
[THYMELEAF]             * [* {th:onmessage,data-th-onmessage}] [1000]: karate.org.thymeleaf.standard.processor.StandardDOMEventAttributeTagProcessor
[THYMELEAF]             * [* {th:onplaying,data-th-onplaying}] [1000]: karate.org.thymeleaf.standard.processor.StandardDOMEventAttributeTagProcessor
[THYMELEAF]             * [* {th:onstorage,data-th-onstorage}] [1000]: karate.org.thymeleaf.standard.processor.StandardDOMEventAttributeTagProcessor
[THYMELEAF]             * [* {th:onpopstate,data-th-onpopstate}] [1000]: karate.org.thymeleaf.standard.processor.StandardDOMEventAttributeTagProcessor
[THYMELEAF]             * [* {th:onforminput,data-th-onforminput}] [1000]: karate.org.thymeleaf.standard.processor.StandardDOMEventAttributeTagProcessor
[THYMELEAF]             * [* {th:onblur,data-th-onblur}] [1000]: karate.org.thymeleaf.standard.processor.StandardDOMEventAttributeTagProcessor
[THYMELEAF]             * [* {th:ondblclick,data-th-ondblclick}] [1000]: karate.org.thymeleaf.standard.processor.StandardDOMEventAttributeTagProcessor
[THYMELEAF]             * [* {th:onsubmit,data-th-onsubmit}] [1000]: karate.org.thymeleaf.standard.processor.StandardDOMEventAttributeTagProcessor
[THYMELEAF]             * [* {th:onhashchange,data-th-onhashchange}] [1000]: karate.org.thymeleaf.standard.processor.StandardDOMEventAttributeTagProcessor
[THYMELEAF]             * [* {th:onoffline,data-th-onoffline}] [1000]: karate.org.thymeleaf.standard.processor.StandardDOMEventAttributeTagProcessor
[THYMELEAF]             * [* {th:onmousemove,data-th-onmousemove}] [1000]: karate.org.thymeleaf.standard.processor.StandardDOMEventAttributeTagProcessor
[THYMELEAF]             * [* {th:onchange,data-th-onchange}] [1000]: karate.org.thymeleaf.standard.processor.StandardDOMEventAttributeTagProcessor
[THYMELEAF]             * [* {th:onseeking,data-th-onseeking}] [1000]: karate.org.thymeleaf.standard.processor.StandardDOMEventAttributeTagProcessor
[THYMELEAF]             * [* {th:onseeked,data-th-onseeked}] [1000]: karate.org.thymeleaf.standard.processor.StandardDOMEventAttributeTagProcessor
[THYMELEAF]             * [* {th:onclick,data-th-onclick}] [1000]: karate.org.thymeleaf.standard.processor.StandardDOMEventAttributeTagProcessor
[THYMELEAF]             * [* {th:onloadedmetadata,data-th-onloadedmetadata}] [1000]: karate.org.thymeleaf.standard.processor.StandardDOMEventAttributeTagProcessor
[THYMELEAF]             * [* {th:onsuspend,data-th-onsuspend}] [1000]: karate.org.thymeleaf.standard.processor.StandardDOMEventAttributeTagProcessor
[THYMELEAF]             * [* {th:onkeypress,data-th-onkeypress}] [1000]: karate.org.thymeleaf.standard.processor.StandardDOMEventAttributeTagProcessor
[THYMELEAF]             * [* {th:ondrop,data-th-ondrop}] [1000]: karate.org.thymeleaf.standard.processor.StandardDOMEventAttributeTagProcessor
[THYMELEAF]             * [* {th:onended,data-th-onended}] [1000]: karate.org.thymeleaf.standard.processor.StandardDOMEventAttributeTagProcessor
[THYMELEAF]             * [* {th:onafterprint,data-th-onafterprint}] [1000]: karate.org.thymeleaf.standard.processor.StandardDOMEventAttributeTagProcessor
[THYMELEAF]             * [* {th:ondragstart,data-th-ondragstart}] [1000]: karate.org.thymeleaf.standard.processor.StandardDOMEventAttributeTagProcessor
[THYMELEAF]             * [* {th:onreset,data-th-onreset}] [1000]: karate.org.thymeleaf.standard.processor.StandardDOMEventAttributeTagProcessor
[THYMELEAF]             * [* {th:onload,data-th-onload}] [1000]: karate.org.thymeleaf.standard.processor.StandardDOMEventAttributeTagProcessor
[THYMELEAF]             * [* {th:onvolumechange,data-th-onvolumechange}] [1000]: karate.org.thymeleaf.standard.processor.StandardDOMEventAttributeTagProcessor
[THYMELEAF]             * [* {th:onunload,data-th-onunload}] [1000]: karate.org.thymeleaf.standard.processor.StandardDOMEventAttributeTagProcessor
[THYMELEAF]             * [* {th:ontimeupdate,data-th-ontimeupdate}] [1000]: karate.org.thymeleaf.standard.processor.StandardDOMEventAttributeTagProcessor
[THYMELEAF]             * [* {th:ononline,data-th-ononline}] [1000]: karate.org.thymeleaf.standard.processor.StandardDOMEventAttributeTagProcessor
[THYMELEAF]             * [* {th:onkeydown,data-th-onkeydown}] [1000]: karate.org.thymeleaf.standard.processor.StandardDOMEventAttributeTagProcessor
[THYMELEAF]             * [* {th:oninvalid,data-th-oninvalid}] [1000]: karate.org.thymeleaf.standard.processor.StandardDOMEventAttributeTagProcessor
[THYMELEAF]             * [* {th:onratechange,data-th-onratechange}] [1000]: karate.org.thymeleaf.standard.processor.StandardDOMEventAttributeTagProcessor
[THYMELEAF]             * [* {th:onredo,data-th-onredo}] [1000]: karate.org.thymeleaf.standard.processor.StandardDOMEventAttributeTagProcessor
[THYMELEAF]             * [* {th:onloadstart,data-th-onloadstart}] [1000]: karate.org.thymeleaf.standard.processor.StandardDOMEventAttributeTagProcessor
[THYMELEAF]             * [* {th:onbeforeprint,data-th-onbeforeprint}] [1000]: karate.org.thymeleaf.standard.processor.StandardDOMEventAttributeTagProcessor
[THYMELEAF]             * [* {th:onpause,data-th-onpause}] [1000]: karate.org.thymeleaf.standard.processor.StandardDOMEventAttributeTagProcessor
[THYMELEAF]             * [* {th:onmouseup,data-th-onmouseup}] [1000]: karate.org.thymeleaf.standard.processor.StandardDOMEventAttributeTagProcessor
[THYMELEAF]             * [* {th:oninput,data-th-oninput}] [1000]: karate.org.thymeleaf.standard.processor.StandardDOMEventAttributeTagProcessor
[THYMELEAF]             * [* {th:oncontextmenu,data-th-oncontextmenu}] [1000]: karate.org.thymeleaf.standard.processor.StandardDOMEventAttributeTagProcessor
[THYMELEAF]             * [* {th:onkeyup,data-th-onkeyup}] [1000]: karate.org.thymeleaf.standard.processor.StandardDOMEventAttributeTagProcessor
[THYMELEAF]             * [* {th:onmousewheel,data-th-onmousewheel}] [1000]: karate.org.thymeleaf.standard.processor.StandardDOMEventAttributeTagProcessor
[THYMELEAF]             * [* {th:oncanplay,data-th-oncanplay}] [1000]: karate.org.thymeleaf.standard.processor.StandardDOMEventAttributeTagProcessor
[THYMELEAF]             * [* {th:onemptied,data-th-onemptied}] [1000]: karate.org.thymeleaf.standard.processor.StandardDOMEventAttributeTagProcessor
[THYMELEAF]             * [* {th:onmouseout,data-th-onmouseout}] [1000]: karate.org.thymeleaf.standard.processor.StandardDOMEventAttributeTagProcessor
[THYMELEAF]             * [* {th:onmouseover,data-th-onmouseover}] [1000]: karate.org.thymeleaf.standard.processor.StandardDOMEventAttributeTagProcessor
[THYMELEAF]             * [* {th:href,data-th-href}] [1000]: karate.org.thymeleaf.standard.processor.StandardHrefTagProcessor
[THYMELEAF]             * [* {th:inline,data-th-inline}] [1000]: karate.org.thymeleaf.standard.processor.StandardInlineHTMLTagProcessor
[THYMELEAF]             * [* {th:method,data-th-method}] [1000]: karate.org.thymeleaf.standard.processor.StandardMethodTagProcessor
[THYMELEAF]             * [* {th:type,data-th-type}] [1000]: karate.org.thymeleaf.standard.processor.StandardNonRemovableAttributeTagProcessor
[THYMELEAF]             * [* {th:name,data-th-name}] [1000]: karate.org.thymeleaf.standard.processor.StandardNonRemovableAttributeTagProcessor
[THYMELEAF]             * [* {th:scrolling,data-th-scrolling}] [1000]: karate.org.thymeleaf.standard.processor.StandardRemovableAttributeTagProcessor
[THYMELEAF]             * [* {th:cols,data-th-cols}] [1000]: karate.org.thymeleaf.standard.processor.StandardRemovableAttributeTagProcessor
[THYMELEAF]             * [* {th:max,data-th-max}] [1000]: karate.org.thymeleaf.standard.processor.StandardRemovableAttributeTagProcessor
[THYMELEAF]             * [* {th:label,data-th-label}] [1000]: karate.org.thymeleaf.standard.processor.StandardRemovableAttributeTagProcessor
[THYMELEAF]             * [* {th:min,data-th-min}] [1000]: karate.org.thymeleaf.standard.processor.StandardRemovableAttributeTagProcessor
[THYMELEAF]             * [* {th:colspan,data-th-colspan}] [1000]: karate.org.thymeleaf.standard.processor.StandardRemovableAttributeTagProcessor
[THYMELEAF]             * [* {th:sizes,data-th-sizes}] [1000]: karate.org.thymeleaf.standard.processor.StandardRemovableAttributeTagProcessor
[THYMELEAF]             * [* {th:placeholder,data-th-placeholder}] [1000]: karate.org.thymeleaf.standard.processor.StandardRemovableAttributeTagProcessor
[THYMELEAF]             * [* {th:formaction,data-th-formaction}] [1000]: karate.org.thymeleaf.standard.processor.StandardRemovableAttributeTagProcessor
[THYMELEAF]             * [* {th:keytype,data-th-keytype}] [1000]: karate.org.thymeleaf.standard.processor.StandardRemovableAttributeTagProcessor
[THYMELEAF]             * [* {th:enctype,data-th-enctype}] [1000]: karate.org.thymeleaf.standard.processor.StandardRemovableAttributeTagProcessor
[THYMELEAF]             * [* {th:http-equiv,data-th-http-equiv}] [1000]: karate.org.thymeleaf.standard.processor.StandardRemovableAttributeTagProcessor
[THYMELEAF]             * [* {th:draggable,data-th-draggable}] [1000]: karate.org.thymeleaf.standard.processor.StandardRemovableAttributeTagProcessor
[THYMELEAF]             * [* {th:height,data-th-height}] [1000]: karate.org.thymeleaf.standard.processor.StandardRemovableAttributeTagProcessor
[THYMELEAF]             * [* {th:border,data-th-border}] [1000]: karate.org.thymeleaf.standard.processor.StandardRemovableAttributeTagProcessor
[THYMELEAF]             * [* {th:cellspacing,data-th-cellspacing}] [1000]: karate.org.thymeleaf.standard.processor.StandardRemovableAttributeTagProcessor
[THYMELEAF]             * [* {th:size,data-th-size}] [1000]: karate.org.thymeleaf.standard.processor.StandardRemovableAttributeTagProcessor
[THYMELEAF]             * [* {th:pattern,data-th-pattern}] [1000]: karate.org.thymeleaf.standard.processor.StandardRemovableAttributeTagProcessor
[THYMELEAF]             * [* {th:marginheight,data-th-marginheight}] [1000]: karate.org.thymeleaf.standard.processor.StandardRemovableAttributeTagProcessor
[THYMELEAF]             * [* {th:srclang,data-th-srclang}] [1000]: karate.org.thymeleaf.standard.processor.StandardRemovableAttributeTagProcessor
[THYMELEAF]             * [* {th:charset,data-th-charset}] [1000]: karate.org.thymeleaf.standard.processor.StandardRemovableAttributeTagProcessor
[THYMELEAF]             * [* {th:compact,data-th-compact}] [1000]: karate.org.thymeleaf.standard.processor.StandardRemovableAttributeTagProcessor
[THYMELEAF]             * [* {th:longdesc,data-th-longdesc}] [1000]: karate.org.thymeleaf.standard.processor.StandardRemovableAttributeTagProcessor
[THYMELEAF]             * [* {th:bgcolor,data-th-bgcolor}] [1000]: karate.org.thymeleaf.standard.processor.StandardRemovableAttributeTagProcessor
[THYMELEAF]             * [* {th:kind,data-th-kind}] [1000]: karate.org.thymeleaf.standard.processor.StandardRemovableAttributeTagProcessor
[THYMELEAF]             * [* {th:content,data-th-content}] [1000]: karate.org.thymeleaf.standard.processor.StandardRemovableAttributeTagProcessor
[THYMELEAF]             * [* {th:alt,data-th-alt}] [1000]: karate.org.thymeleaf.standard.processor.StandardRemovableAttributeTagProcessor
[THYMELEAF]             * [* {th:high,data-th-high}] [1000]: karate.org.thymeleaf.standard.processor.StandardRemovableAttributeTagProcessor
[THYMELEAF]             * [* {th:rowspan,data-th-rowspan}] [1000]: karate.org.thymeleaf.standard.processor.StandardRemovableAttributeTagProcessor
[THYMELEAF]             * [* {th:icon,data-th-icon}] [1000]: karate.org.thymeleaf.standard.processor.StandardRemovableAttributeTagProcessor
[THYMELEAF]             * [* {th:maxlength,data-th-maxlength}] [1000]: karate.org.thymeleaf.standard.processor.StandardRemovableAttributeTagProcessor
[THYMELEAF]             * [* {th:archive,data-th-archive}] [1000]: karate.org.thymeleaf.standard.processor.StandardRemovableAttributeTagProcessor
[THYMELEAF]             * [* {th:class,data-th-class}] [1000]: karate.org.thymeleaf.standard.processor.StandardRemovableAttributeTagProcessor
[THYMELEAF]             * [* {th:rev,data-th-rev}] [1000]: karate.org.thymeleaf.standard.processor.StandardRemovableAttributeTagProcessor
[THYMELEAF]             * [* {th:frame,data-th-frame}] [1000]: karate.org.thymeleaf.standard.processor.StandardRemovableAttributeTagProcessor
[THYMELEAF]             * [* {th:start,data-th-start}] [1000]: karate.org.thymeleaf.standard.processor.StandardRemovableAttributeTagProcessor
[THYMELEAF]             * [* {th:accept,data-th-accept}] [1000]: karate.org.thymeleaf.standard.processor.StandardRemovableAttributeTagProcessor
[THYMELEAF]             * [* {th:contextmenu,data-th-contextmenu}] [1000]: karate.org.thymeleaf.standard.processor.StandardRemovableAttributeTagProcessor
[THYMELEAF]             * [* {th:lang,data-th-lang}] [1000]: karate.org.thymeleaf.standard.processor.StandardRemovableAttributeTagProcessor
[THYMELEAF]             * [* {th:rules,data-th-rules}] [1000]: karate.org.thymeleaf.standard.processor.StandardRemovableAttributeTagProcessor
[THYMELEAF]             * [* {th:axis,data-th-axis}] [1000]: karate.org.thymeleaf.standard.processor.StandardRemovableAttributeTagProcessor
[THYMELEAF]             * [* {th:manifest,data-th-manifest}] [1000]: karate.org.thymeleaf.standard.processor.StandardRemovableAttributeTagProcessor
[THYMELEAF]             * [* {th:optimum,data-th-optimum}] [1000]: karate.org.thymeleaf.standard.processor.StandardRemovableAttributeTagProcessor
[THYMELEAF]             * [* {th:marginwidth,data-th-marginwidth}] [1000]: karate.org.thymeleaf.standard.processor.StandardRemovableAttributeTagProcessor
[THYMELEAF]             * [* {th:abbr,data-th-abbr}] [1000]: karate.org.thymeleaf.standard.processor.StandardRemovableAttributeTagProcessor
[THYMELEAF]             * [* {th:codetype,data-th-codetype}] [1000]: karate.org.thymeleaf.standard.processor.StandardRemovableAttributeTagProcessor
[THYMELEAF]             * [* {th:radiogroup,data-th-radiogroup}] [1000]: karate.org.thymeleaf.standard.processor.StandardRemovableAttributeTagProcessor
[THYMELEAF]             * [* {th:datetime,data-th-datetime}] [1000]: karate.org.thymeleaf.standard.processor.StandardRemovableAttributeTagProcessor
[THYMELEAF]             * [* {th:autocomplete,data-th-autocomplete}] [1000]: karate.org.thymeleaf.standard.processor.StandardRemovableAttributeTagProcessor
[THYMELEAF]             * [* {th:poster,data-th-poster}] [1000]: karate.org.thymeleaf.standard.processor.StandardRemovableAttributeTagProcessor
[THYMELEAF]             * [* {th:wrap,data-th-wrap}] [1000]: karate.org.thymeleaf.standard.processor.StandardRemovableAttributeTagProcessor
[THYMELEAF]             * [* {th:media,data-th-media}] [1000]: karate.org.thymeleaf.standard.processor.StandardRemovableAttributeTagProcessor
[THYMELEAF]             * [* {th:frameborder,data-th-frameborder}] [1000]: karate.org.thymeleaf.standard.processor.StandardRemovableAttributeTagProcessor
[THYMELEAF]             * [* {th:hspace,data-th-hspace}] [1000]: karate.org.thymeleaf.standard.processor.StandardRemovableAttributeTagProcessor
[THYMELEAF]             * [* {th:standby,data-th-standby}] [1000]: karate.org.thymeleaf.standard.processor.StandardRemovableAttributeTagProcessor
[THYMELEAF]             * [* {th:style,data-th-style}] [1000]: karate.org.thymeleaf.standard.processor.StandardRemovableAttributeTagProcessor
[THYMELEAF]             * [* {th:summary,data-th-summary}] [1000]: karate.org.thymeleaf.standard.processor.StandardRemovableAttributeTagProcessor
[THYMELEAF]             * [* {th:formmethod,data-th-formmethod}] [1000]: karate.org.thymeleaf.standard.processor.StandardRemovableAttributeTagProcessor
[THYMELEAF]             * [* {th:challenge,data-th-challenge}] [1000]: karate.org.thymeleaf.standard.processor.StandardRemovableAttributeTagProcessor
[THYMELEAF]             * [* {th:preload,data-th-preload}] [1000]: karate.org.thymeleaf.standard.processor.StandardRemovableAttributeTagProcessor
[THYMELEAF]             * [* {th:span,data-th-span}] [1000]: karate.org.thymeleaf.standard.processor.StandardRemovableAttributeTagProcessor
[THYMELEAF]             * [* {th:dir,data-th-dir}] [1000]: karate.org.thymeleaf.standard.processor.StandardRemovableAttributeTagProcessor
[THYMELEAF]             * [* {th:width,data-th-width}] [1000]: karate.org.thymeleaf.standard.processor.StandardRemovableAttributeTagProcessor
[THYMELEAF]             * [* {th:codebase,data-th-codebase}] [1000]: karate.org.thymeleaf.standard.processor.StandardRemovableAttributeTagProcessor
[THYMELEAF]             * [* {th:vspace,data-th-vspace}] [1000]: karate.org.thymeleaf.standard.processor.StandardRemovableAttributeTagProcessor
[THYMELEAF]             * [* {th:list,data-th-list}] [1000]: karate.org.thymeleaf.standard.processor.StandardRemovableAttributeTagProcessor
[THYMELEAF]             * [* {th:valuetype,data-th-valuetype}] [1000]: karate.org.thymeleaf.standard.processor.StandardRemovableAttributeTagProcessor
[THYMELEAF]             * [* {th:dropzone,data-th-dropzone}] [1000]: karate.org.thymeleaf.standard.processor.StandardRemovableAttributeTagProcessor
[THYMELEAF]             * [* {th:hreflang,data-th-hreflang}] [1000]: karate.org.thymeleaf.standard.processor.StandardRemovableAttributeTagProcessor
[THYMELEAF]             * [* {th:cellpadding,data-th-cellpadding}] [1000]: karate.org.thymeleaf.standard.processor.StandardRemovableAttributeTagProcessor
[THYMELEAF]             * [* {th:headers,data-th-headers}] [1000]: karate.org.thymeleaf.standard.processor.StandardRemovableAttributeTagProcessor
[THYMELEAF]             * [* {th:tabindex,data-th-tabindex}] [1000]: karate.org.thymeleaf.standard.processor.StandardRemovableAttributeTagProcessor
[THYMELEAF]             * [* {th:accesskey,data-th-accesskey}] [1000]: karate.org.thymeleaf.standard.processor.StandardRemovableAttributeTagProcessor
[THYMELEAF]             * [* {th:formenctype,data-th-formenctype}] [1000]: karate.org.thymeleaf.standard.processor.StandardRemovableAttributeTagProcessor
[THYMELEAF]             * [* {th:cite,data-th-cite}] [1000]: karate.org.thymeleaf.standard.processor.StandardRemovableAttributeTagProcessor
[THYMELEAF]             * [* {th:for,data-th-for}] [1000]: karate.org.thymeleaf.standard.processor.StandardRemovableAttributeTagProcessor
[THYMELEAF]             * [* {th:usemap,data-th-usemap}] [1000]: karate.org.thymeleaf.standard.processor.StandardRemovableAttributeTagProcessor
[THYMELEAF]             * [* {th:id,data-th-id}] [1000]: karate.org.thymeleaf.standard.processor.StandardRemovableAttributeTagProcessor
[THYMELEAF]             * [* {th:formtarget,data-th-formtarget}] [1000]: karate.org.thymeleaf.standard.processor.StandardRemovableAttributeTagProcessor
[THYMELEAF]             * [* {th:low,data-th-low}] [1000]: karate.org.thymeleaf.standard.processor.StandardRemovableAttributeTagProcessor
[THYMELEAF]             * [* {th:scheme,data-th-scheme}] [1000]: karate.org.thymeleaf.standard.processor.StandardRemovableAttributeTagProcessor
[THYMELEAF]             * [* {th:background,data-th-background}] [1000]: karate.org.thymeleaf.standard.processor.StandardRemovableAttributeTagProcessor
[THYMELEAF]             * [* {th:scope,data-th-scope}] [1000]: karate.org.thymeleaf.standard.processor.StandardRemovableAttributeTagProcessor
[THYMELEAF]             * [* {th:rows,data-th-rows}] [1000]: karate.org.thymeleaf.standard.processor.StandardRemovableAttributeTagProcessor
[THYMELEAF]             * [* {th:rel,data-th-rel}] [1000]: karate.org.thymeleaf.standard.processor.StandardRemovableAttributeTagProcessor
[THYMELEAF]             * [* {th:spellcheck,data-th-spellcheck}] [1000]: karate.org.thymeleaf.standard.processor.StandardRemovableAttributeTagProcessor
[THYMELEAF]             * [* {th:form,data-th-form}] [1000]: karate.org.thymeleaf.standard.processor.StandardRemovableAttributeTagProcessor
[THYMELEAF]             * [* {th:sandbox,data-th-sandbox}] [1000]: karate.org.thymeleaf.standard.processor.StandardRemovableAttributeTagProcessor
[THYMELEAF]             * [* {th:accept-charset,data-th-accept-charset}] [1000]: karate.org.thymeleaf.standard.processor.StandardRemovableAttributeTagProcessor
[THYMELEAF]             * [* {th:audio,data-th-audio}] [1000]: karate.org.thymeleaf.standard.processor.StandardRemovableAttributeTagProcessor
[THYMELEAF]             * [* {th:step,data-th-step}] [1000]: karate.org.thymeleaf.standard.processor.StandardRemovableAttributeTagProcessor
[THYMELEAF]             * [* {th:contenteditable,data-th-contenteditable}] [1000]: karate.org.thymeleaf.standard.processor.StandardRemovableAttributeTagProcessor
[THYMELEAF]             * [* {th:classid,data-th-classid}] [1000]: karate.org.thymeleaf.standard.processor.StandardRemovableAttributeTagProcessor
[THYMELEAF]             * [* {th:data,data-th-data}] [1000]: karate.org.thymeleaf.standard.processor.StandardRemovableAttributeTagProcessor
[THYMELEAF]             * [* {th:align,data-th-align}] [1000]: karate.org.thymeleaf.standard.processor.StandardRemovableAttributeTagProcessor
[THYMELEAF]             * [* {th:target,data-th-target}] [1000]: karate.org.thymeleaf.standard.processor.StandardRemovableAttributeTagProcessor
[THYMELEAF]             * [* {th:title,data-th-title}] [1000]: karate.org.thymeleaf.standard.processor.StandardRemovableAttributeTagProcessor
[THYMELEAF]             * [* {th:src,data-th-src}] [1000]: karate.org.thymeleaf.standard.processor.StandardSrcTagProcessor
[THYMELEAF]             * [* {th:value,data-th-value}] [1000]: karate.org.thymeleaf.standard.processor.StandardValueTagProcessor
[THYMELEAF]             * [* {th:xmlbase,data-th-xmlbase}] [1000]: karate.org.thymeleaf.standard.processor.StandardXmlBaseTagProcessor
[THYMELEAF]             * [* {th:xmllang,data-th-xmllang}] [1000]: karate.org.thymeleaf.standard.processor.StandardXmlLangTagProcessor
[THYMELEAF]             * [* {xmlns:th}] [1000]: karate.org.thymeleaf.standard.processor.StandardXmlNsTagProcessor
[THYMELEAF]             * [* {th:xmlspace,data-th-xmlspace}] [1000]: karate.org.thymeleaf.standard.processor.StandardXmlSpaceTagProcessor
[THYMELEAF]             * [* {th:classappend,data-th-classappend}] [1100]: karate.org.thymeleaf.standard.processor.StandardClassappendTagProcessor
[THYMELEAF]             * [* {th:styleappend,data-th-styleappend}] [1100]: karate.org.thymeleaf.standard.processor.StandardStyleappendTagProcessor
[THYMELEAF]             * [* {th:text,data-th-text}] [1300]: karate.org.thymeleaf.standard.processor.StandardTextTagProcessor
[THYMELEAF]             * [* {th:utext,data-th-utext}] [1400]: karate.org.thymeleaf.standard.processor.StandardUtextTagProcessor
[THYMELEAF]             * [* {th:fragment,data-th-fragment}] [1500]: karate.org.thymeleaf.standard.processor.StandardFragmentTagProcessor
[THYMELEAF]             * [* {th:assert,data-th-assert}] [1550]: karate.org.thymeleaf.standard.processor.StandardAssertTagProcessor
[THYMELEAF]             * [* {th:remove,data-th-remove}] [1600]: karate.org.thymeleaf.standard.processor.StandardRemoveTagProcessor
[THYMELEAF]             * [* {th:ref,data-th-ref}] [10000]: karate.org.thymeleaf.standard.processor.StandardRefAttributeTagProcessor
[THYMELEAF]             * [{th:block,th-block} *] [100000]: karate.org.thymeleaf.standard.processor.StandardBlockTagProcessor
[THYMELEAF]             * [* th:*] [2147483647]: karate.org.thymeleaf.standard.processor.StandardDefaultAttributesTagProcessor
[THYMELEAF]         * Text Processors by [precedence]:
[THYMELEAF]             * [1000]: karate.org.thymeleaf.standard.processor.StandardInliningTextProcessor
[THYMELEAF]         * DOCTYPE Processors by [precedence]:
[THYMELEAF]             * [1000]: karate.org.thymeleaf.standard.processor.StandardTranslationDocTypeProcessor
[THYMELEAF]         * CDATA Section Processors by [precedence]:
[THYMELEAF]             * [1000]: karate.org.thymeleaf.standard.processor.StandardInliningCDATASectionProcessor
[THYMELEAF]         * Comment Processors by [precedence]:
[THYMELEAF]             * [1000]: karate.org.thymeleaf.standard.processor.StandardInliningCommentProcessor
[THYMELEAF]             * [1100]: karate.org.thymeleaf.standard.processor.StandardConditionalCommentProcessor
[THYMELEAF]     * Processors for Template Mode: XML
[THYMELEAF]         * Element Tag Processors by [matching element and attribute name] [precedence]:
[THYMELEAF]             * [* {th:include}] [100]: karate.org.thymeleaf.standard.processor.StandardIncludeTagProcessor
[THYMELEAF]             * [* {th:insert}] [100]: karate.org.thymeleaf.standard.processor.StandardInsertTagProcessor
[THYMELEAF]             * [* {th:replace}] [100]: karate.org.thymeleaf.standard.processor.StandardReplaceTagProcessor
[THYMELEAF]             * [* {th:substituteby}] [100]: karate.org.thymeleaf.standard.processor.StandardSubstituteByTagProcessor
[THYMELEAF]             * [* {th:each}] [200]: com.intuit.karate.template.KarateEachTagProcessor
[THYMELEAF]             * [* {th:switch}] [250]: karate.org.thymeleaf.standard.processor.StandardSwitchTagProcessor
[THYMELEAF]             * [* {th:case}] [275]: karate.org.thymeleaf.standard.processor.StandardCaseTagProcessor
[THYMELEAF]             * [* {th:if}] [300]: karate.org.thymeleaf.standard.processor.StandardIfTagProcessor
[THYMELEAF]             * [* {th:unless}] [400]: karate.org.thymeleaf.standard.processor.StandardUnlessTagProcessor
[THYMELEAF]             * [* {th:object}] [500]: karate.org.thymeleaf.standard.processor.StandardObjectTagProcessor
[THYMELEAF]             * [* {th:with}] [600]: com.intuit.karate.template.KarateWithTagProcessor
[THYMELEAF]             * [* {th:attr}] [700]: com.intuit.karate.template.KarateAttributeTagProcessor.KarateAttrTagProcessor
[THYMELEAF]             * [* {th:attrappend}] [900]: com.intuit.karate.template.KarateAttributeTagProcessor.KarateAttrappendTagProcessor
[THYMELEAF]             * [* {th:attrprepend}] [900]: com.intuit.karate.template.KarateAttributeTagProcessor.KarateAttrprependTagProcessor
[THYMELEAF]             * [* {th:inline}] [1000]: karate.org.thymeleaf.standard.processor.StandardInlineXMLTagProcessor
[THYMELEAF]             * [* {xmlns:th}] [1000]: karate.org.thymeleaf.standard.processor.StandardXmlNsTagProcessor
[THYMELEAF]             * [* {th:text}] [1300]: karate.org.thymeleaf.standard.processor.StandardTextTagProcessor
[THYMELEAF]             * [* {th:utext}] [1400]: karate.org.thymeleaf.standard.processor.StandardUtextTagProcessor
[THYMELEAF]             * [* {th:fragment}] [1500]: karate.org.thymeleaf.standard.processor.StandardFragmentTagProcessor
[THYMELEAF]             * [* {th:assert}] [1550]: karate.org.thymeleaf.standard.processor.StandardAssertTagProcessor
[THYMELEAF]             * [* {th:remove}] [1600]: karate.org.thymeleaf.standard.processor.StandardRemoveTagProcessor
[THYMELEAF]             * [* {th:ref}] [10000]: karate.org.thymeleaf.standard.processor.StandardRefAttributeTagProcessor
[THYMELEAF]             * [{th:block} *] [100000]: karate.org.thymeleaf.standard.processor.StandardBlockTagProcessor
[THYMELEAF]             * [* th:*] [2147483647]: karate.org.thymeleaf.standard.processor.StandardDefaultAttributesTagProcessor
[THYMELEAF]         * Text Processors by [precedence]:
[THYMELEAF]             * [1000]: karate.org.thymeleaf.standard.processor.StandardInliningTextProcessor
[THYMELEAF]         * CDATA Section Processors by [precedence]:
[THYMELEAF]             * [1000]: karate.org.thymeleaf.standard.processor.StandardInliningCDATASectionProcessor
[THYMELEAF]         * Comment Processors by [precedence]:
[THYMELEAF]             * [1000]: karate.org.thymeleaf.standard.processor.StandardInliningCommentProcessor
[THYMELEAF]     * Processors for Template Mode: TEXT
[THYMELEAF]         * Element Tag Processors by [matching element and attribute name] [precedence]:
[THYMELEAF]             * [* {th:insert}] [100]: karate.org.thymeleaf.standard.processor.StandardInsertTagProcessor
[THYMELEAF]             * [* {th:replace}] [100]: karate.org.thymeleaf.standard.processor.StandardReplaceTagProcessor
[THYMELEAF]             * [* {th:each}] [200]: com.intuit.karate.template.KarateEachTagProcessor
[THYMELEAF]             * [* {th:switch}] [250]: karate.org.thymeleaf.standard.processor.StandardSwitchTagProcessor
[THYMELEAF]             * [* {th:case}] [275]: karate.org.thymeleaf.standard.processor.StandardCaseTagProcessor
[THYMELEAF]             * [* {th:if}] [300]: karate.org.thymeleaf.standard.processor.StandardIfTagProcessor
[THYMELEAF]             * [* {th:unless}] [400]: karate.org.thymeleaf.standard.processor.StandardUnlessTagProcessor
[THYMELEAF]             * [* {th:object}] [500]: karate.org.thymeleaf.standard.processor.StandardObjectTagProcessor
[THYMELEAF]             * [* {th:with}] [600]: com.intuit.karate.template.KarateWithTagProcessor
[THYMELEAF]             * [* {th:inline}] [1000]: karate.org.thymeleaf.standard.processor.StandardInlineTextualTagProcessor
[THYMELEAF]             * [* {th:text}] [1300]: karate.org.thymeleaf.standard.processor.StandardTextTagProcessor
[THYMELEAF]             * [* {th:utext}] [1400]: karate.org.thymeleaf.standard.processor.StandardUtextTagProcessor
[THYMELEAF]             * [* {th:assert}] [1550]: karate.org.thymeleaf.standard.processor.StandardAssertTagProcessor
[THYMELEAF]             * [* {th:remove}] [1600]: karate.org.thymeleaf.standard.processor.StandardRemoveTagProcessor
[THYMELEAF]             * [{th:block} *] [100000]: karate.org.thymeleaf.standard.processor.StandardBlockTagProcessor
[THYMELEAF]             * [* 100000] [karate.org.thymeleaf.standard.processor.StandardBlockTagProcessor]: {}
[THYMELEAF]         * Text Processors by [precedence]:
[THYMELEAF]             * [1000]: karate.org.thymeleaf.standard.processor.StandardInliningTextProcessor
[THYMELEAF]     * Processors for Template Mode: JAVASCRIPT
[THYMELEAF]         * Element Tag Processors by [matching element and attribute name] [precedence]:
[THYMELEAF]             * [* {th:insert}] [100]: karate.org.thymeleaf.standard.processor.StandardInsertTagProcessor
[THYMELEAF]             * [* {th:replace}] [100]: karate.org.thymeleaf.standard.processor.StandardReplaceTagProcessor
[THYMELEAF]             * [* {th:each}] [200]: com.intuit.karate.template.KarateEachTagProcessor
[THYMELEAF]             * [* {th:switch}] [250]: karate.org.thymeleaf.standard.processor.StandardSwitchTagProcessor
[THYMELEAF]             * [* {th:case}] [275]: karate.org.thymeleaf.standard.processor.StandardCaseTagProcessor
[THYMELEAF]             * [* {th:if}] [300]: karate.org.thymeleaf.standard.processor.StandardIfTagProcessor
[THYMELEAF]             * [* {th:unless}] [400]: karate.org.thymeleaf.standard.processor.StandardUnlessTagProcessor
[THYMELEAF]             * [* {th:object}] [500]: karate.org.thymeleaf.standard.processor.StandardObjectTagProcessor
[THYMELEAF]             * [* {th:with}] [600]: com.intuit.karate.template.KarateWithTagProcessor
[THYMELEAF]             * [* {th:inline}] [1000]: karate.org.thymeleaf.standard.processor.StandardInlineTextualTagProcessor
[THYMELEAF]             * [* {th:text}] [1300]: karate.org.thymeleaf.standard.processor.StandardTextTagProcessor
[THYMELEAF]             * [* {th:utext}] [1400]: karate.org.thymeleaf.standard.processor.StandardUtextTagProcessor
[THYMELEAF]             * [* {th:assert}] [1550]: karate.org.thymeleaf.standard.processor.StandardAssertTagProcessor
[THYMELEAF]             * [* {th:remove}] [1600]: karate.org.thymeleaf.standard.processor.StandardRemoveTagProcessor
[THYMELEAF]             * [{th:block} *] [100000]: karate.org.thymeleaf.standard.processor.StandardBlockTagProcessor
[THYMELEAF]             * [* 100000] [karate.org.thymeleaf.standard.processor.StandardBlockTagProcessor]: {}
[THYMELEAF]         * Text Processors by [precedence]:
[THYMELEAF]             * [1000]: karate.org.thymeleaf.standard.processor.StandardInliningTextProcessor
[THYMELEAF]     * Processors for Template Mode: CSS
[THYMELEAF]         * Element Tag Processors by [matching element and attribute name] [precedence]:
[THYMELEAF]             * [* {th:insert}] [100]: karate.org.thymeleaf.standard.processor.StandardInsertTagProcessor
[THYMELEAF]             * [* {th:replace}] [100]: karate.org.thymeleaf.standard.processor.StandardReplaceTagProcessor
[THYMELEAF]             * [* {th:each}] [200]: com.intuit.karate.template.KarateEachTagProcessor
[THYMELEAF]             * [* {th:switch}] [250]: karate.org.thymeleaf.standard.processor.StandardSwitchTagProcessor
[THYMELEAF]             * [* {th:case}] [275]: karate.org.thymeleaf.standard.processor.StandardCaseTagProcessor
[THYMELEAF]             * [* {th:if}] [300]: karate.org.thymeleaf.standard.processor.StandardIfTagProcessor
[THYMELEAF]             * [* {th:unless}] [400]: karate.org.thymeleaf.standard.processor.StandardUnlessTagProcessor
[THYMELEAF]             * [* {th:object}] [500]: karate.org.thymeleaf.standard.processor.StandardObjectTagProcessor
[THYMELEAF]             * [* {th:with}] [600]: com.intuit.karate.template.KarateWithTagProcessor
[THYMELEAF]             * [* {th:inline}] [1000]: karate.org.thymeleaf.standard.processor.StandardInlineTextualTagProcessor
[THYMELEAF]             * [* {th:text}] [1300]: karate.org.thymeleaf.standard.processor.StandardTextTagProcessor
[THYMELEAF]             * [* {th:utext}] [1400]: karate.org.thymeleaf.standard.processor.StandardUtextTagProcessor
[THYMELEAF]             * [* {th:assert}] [1550]: karate.org.thymeleaf.standard.processor.StandardAssertTagProcessor
[THYMELEAF]             * [* {th:remove}] [1600]: karate.org.thymeleaf.standard.processor.StandardRemoveTagProcessor
[THYMELEAF]             * [* 100000] [karate.org.thymeleaf.standard.processor.StandardBlockTagProcessor]: {}
[THYMELEAF]             * [{th:block} *] [100000]: karate.org.thymeleaf.standard.processor.StandardBlockTagProcessor
[THYMELEAF]         * Text Processors by [precedence]:
[THYMELEAF]             * [1000]: karate.org.thymeleaf.standard.processor.StandardInliningTextProcessor
[THYMELEAF]     * Expression Objects:
[THYMELEAF]         * #ctx
[THYMELEAF]         * #root
[THYMELEAF]         * #vars
[THYMELEAF]         * #object
[THYMELEAF]         * #locale
[THYMELEAF]         * #request
[THYMELEAF]         * #response
[THYMELEAF]         * #session
[THYMELEAF]         * #servletContext
[THYMELEAF]         * #conversions
[THYMELEAF]         * #uris
[THYMELEAF]         * #calendars
[THYMELEAF]         * #dates
[THYMELEAF]         * #bools
[THYMELEAF]         * #numbers
[THYMELEAF]         * #objects
[THYMELEAF]         * #strings
[THYMELEAF]         * #arrays
[THYMELEAF]         * #lists
[THYMELEAF]         * #sets
[THYMELEAF]         * #maps
[THYMELEAF]         * #aggregates
[THYMELEAF]         * #messages
[THYMELEAF]         * #ids
[THYMELEAF]         * #execInfo
[THYMELEAF]         * #httpServletRequest
[THYMELEAF]         * #httpSession
[THYMELEAF]     * Execution Attributes:
[THYMELEAF]         * "StandardExpressionParser": com.intuit.karate.template.KarateStandardDialect@55315a00
[THYMELEAF]         * "StandardJavaScriptSerializer": karate.org.thymeleaf.standard.serializer.StandardJavaScriptSerializer@72a61e61
[THYMELEAF]         * "StandardCSSSerializer": karate.org.thymeleaf.standard.serializer.StandardCSSSerializer@282aea3c
[THYMELEAF]         * "StandardVariableExpressionEvaluator": com.intuit.karate.template.KarateStandardDialect@55315a00
[THYMELEAF]         * "StandardConversionService": karate.org.thymeleaf.standard.expression.StandardConversionService@54a5799f
[THYMELEAF] * Dialect [2 of 2]: karate (com.intuit.karate.template.KarateScriptDialect)
[THYMELEAF]     * Prefix: "ka"
[THYMELEAF]     * Processors for Template Mode: HTML
[THYMELEAF]         * Element Tag Processors by [matching element and attribute name] [precedence]:
[THYMELEAF]             * [* {src}] [1000]: com.intuit.karate.template.KaScriptAttrProcessor
[THYMELEAF]         * Element Model Processors by [matching element and attribute name] [precedence]:
[THYMELEAF]             * [{script} {ka:scope,data-ka-scope}] [1000]: com.intuit.karate.template.KaScriptElemProcessor
[THYMELEAF]             * [* {ka:set,data-ka-set}] [1000]: com.intuit.karate.template.KaSetElemProcessor
[THYMELEAF] TEMPLATE ENGINE CONFIGURED OK
13:05:01.331 [main] DEBUG karate.org.thymeleaf.TemplateEngine - [THYMELEAF] TEMPLATE ENGINE INITIALIZED
---------------------------------------------------------
feature: classpath:feature/TempStorage_c_PUT.feature
scenarios:  4 | passed:  0 | failed:  4 | time: 0.8022
---------------------------------------------------------

13:05:01.445 [main] INFO com.intuit.karate.Suite - <<fail>> feature 12 of 12 (0 remaining) classpath:feature/TempStorage_c_PUT.feature
13:05:01.447 [main] DEBUG com.intuit.karate.Suite - waiting for 12 features to complete
13:05:01.467 [main] DEBUG com.jayway.jsonpath.internal.path.CompiledPath - Evaluating path: $
13:05:01.490 [main] DEBUG com.jayway.jsonpath.internal.path.CompiledPath - Evaluating path: $
13:05:01.501 [main] DEBUG com.jayway.jsonpath.internal.path.CompiledPath - Evaluating path: $
13:05:01.511 [Finalizer] DEBUG karate.org.apache.http.impl.conn.PoolingHttpClientConnectionManager - Connection manager is shutting down
13:05:01.511 [Finalizer] DEBUG karate.org.apache.http.impl.conn.DefaultManagedHttpClientConnection - http-outgoing-45: Close connection
13:05:01.512 [Finalizer] DEBUG karate.org.apache.http.impl.conn.PoolingHttpClientConnectionManager - Connection manager shut down
13:05:01.512 [Finalizer] DEBUG karate.org.apache.http.impl.conn.PoolingHttpClientConnectionManager - Connection manager is shutting down
13:05:01.512 [Finalizer] DEBUG karate.org.apache.http.impl.conn.DefaultManagedHttpClientConnection - http-outgoing-44: Close connection
13:05:01.513 [Finalizer] DEBUG karate.org.apache.http.impl.conn.PoolingHttpClientConnectionManager - Connection manager shut down
13:05:01.513 [Finalizer] DEBUG karate.org.apache.http.impl.conn.PoolingHttpClientConnectionManager - Connection manager is shutting down
13:05:01.513 [Finalizer] DEBUG karate.org.apache.http.impl.conn.DefaultManagedHttpClientConnection - http-outgoing-47: Close connection
13:05:01.513 [Finalizer] DEBUG karate.org.apache.http.impl.conn.PoolingHttpClientConnectionManager - Connection manager shut down
13:05:01.513 [Finalizer] DEBUG karate.org.apache.http.impl.conn.PoolingHttpClientConnectionManager - Connection manager is shutting down
13:05:01.513 [Finalizer] DEBUG karate.org.apache.http.impl.conn.DefaultManagedHttpClientConnection - http-outgoing-46: Close connection
13:05:01.513 [Finalizer] DEBUG karate.org.apache.http.impl.conn.PoolingHttpClientConnectionManager - Connection manager shut down
13:05:01.516 [main] DEBUG com.jayway.jsonpath.internal.path.CompiledPath - Evaluating path: $
13:05:01.530 [main] DEBUG com.jayway.jsonpath.internal.path.CompiledPath - Evaluating path: $
13:05:01.551 [main] DEBUG com.jayway.jsonpath.internal.path.CompiledPath - Evaluating path: $
13:05:01.558 [main] DEBUG com.jayway.jsonpath.internal.path.CompiledPath - Evaluating path: $
13:05:01.564 [main] DEBUG com.jayway.jsonpath.internal.path.CompiledPath - Evaluating path: $
13:05:01.568 [main] DEBUG com.jayway.jsonpath.internal.path.CompiledPath - Evaluating path: $
13:05:01.578 [main] DEBUG com.jayway.jsonpath.internal.path.CompiledPath - Evaluating path: $
Karate version: 1.1.0
======================================================
elapsed:  15.85 | threads:    1 | thread time: 8.26 
features:    10 | skipped:    2 | efficiency: 0.52
scenarios:   51 | passed:     1 | failed: 50
======================================================
>>> failed features:
result is neither list nor function: [type: MAP, value: {message=Forbidden}]
classpath:feature/CCE_TNandBAN.feature:31
result is neither list nor function: [type: MAP, value: {message=Forbidden}]
classpath:feature/CCE_TNandBAN.feature:43
result is neither list nor function: [type: MAP, value: {message=Forbidden}]
classpath:feature/CCE_TNandBAN.feature:54
result is neither list nor function: [type: MAP, value: {message=Forbidden}]
classpath:feature/CCE_TNandBAN.feature:65
result is neither list nor function: [type: MAP, value: {message=Forbidden}]
classpath:feature/CCE_TNandBAN.feature:79
result is neither list nor function: [type: MAP, value: {message=Forbidden}]
classpath:feature/CCE_TNandBAN.feature:93
result is neither list nor function: [type: MAP, value: {message=Forbidden}]
classpath:feature/CCE_TNandBAN.feature:105
result is neither list nor function: [type: MAP, value: {message=Forbidden}]
classpath:feature/CCE_TNandBAN.feature:117
result is neither list nor function: [type: MAP, value: {message=Forbidden}]
classpath:feature/CCE_TNandBAN.feature:129
js failed:
>>>>
01: karate.callSingle('classpath:feature/TempStorage_a_POST.feature')
<<<<
org.graalvm.polyglot.PolyglotException: status code was: 403, expected: 201, response time in milliseconds: 172, url: https://apigw-st.telus.com/customer/contactCenterTempStorage/v1/storage/1/create?ttl=10000&group=a, response: 
{"code":"403","reason":"you are not allowed for the request","message":"you are not allowed for the request: /customer/TempStorage/v1/storage/1/create","status":"FORBIDDEN","referenceError":"java.lang.Exception: you are not allowed for the request","createTs":null}
classpath:feature/TempStorage_a_POST.feature:33
status code was: 403, expected: 201, response time in milliseconds: 188, url: https://apigw-st.telus.com/customer/contactCenterTempStorage/v1/storage/2/create?ttl=10000&group=a, response: 
{"code":"403","reason":"you are not allowed for the request","message":"you are not allowed for the request: /customer/TempStorage/v1/storage/2/create","status":"FORBIDDEN","referenceError":"java.lang.Exception: you are not allowed for the request","createTs":null}
classpath:feature/TempStorage_a_POST.feature:43
status code was: 403, expected: 201, response time in milliseconds: 206, url: https://apigw-st.telus.com/customer/contactCenterTempStorage/v1/storage/2/create?ttl=10000&group=b, response: 
{"code":"403","reason":"you are not allowed for the request","message":"you are not allowed for the request: /customer/TempStorage/v1/storage/2/create","status":"FORBIDDEN","referenceError":"java.lang.Exception: you are not allowed for the request","createTs":null}
classpath:feature/TempStorage_a_POST.feature:53
- com.intuit.karate.core.ScenarioBridge.callSingle(ScenarioBridge.java:234)
- com.intuit.karate.core.ScenarioBridge.callSingle(ScenarioBridge.java:179)
- <js>.:program(Unnamed:1)

classpath:feature/TempStorage_b_GET.feature:12
js failed:
>>>>
01: karate.callSingle('classpath:feature/TempStorage_a_POST.feature')
<<<<
org.graalvm.polyglot.PolyglotException: status code was: 403, expected: 201, response time in milliseconds: 172, url: https://apigw-st.telus.com/customer/contactCenterTempStorage/v1/storage/1/create?ttl=10000&group=a, response: 
{"code":"403","reason":"you are not allowed for the request","message":"you are not allowed for the request: /customer/TempStorage/v1/storage/1/create","status":"FORBIDDEN","referenceError":"java.lang.Exception: you are not allowed for the request","createTs":null}
classpath:feature/TempStorage_a_POST.feature:33
status code was: 403, expected: 201, response time in milliseconds: 188, url: https://apigw-st.telus.com/customer/contactCenterTempStorage/v1/storage/2/create?ttl=10000&group=a, response: 
{"code":"403","reason":"you are not allowed for the request","message":"you are not allowed for the request: /customer/TempStorage/v1/storage/2/create","status":"FORBIDDEN","referenceError":"java.lang.Exception: you are not allowed for the request","createTs":null}
classpath:feature/TempStorage_a_POST.feature:43
status code was: 403, expected: 201, response time in milliseconds: 206, url: https://apigw-st.telus.com/customer/contactCenterTempStorage/v1/storage/2/create?ttl=10000&group=b, response: 
{"code":"403","reason":"you are not allowed for the request","message":"you are not allowed for the request: /customer/TempStorage/v1/storage/2/create","status":"FORBIDDEN","referenceError":"java.lang.Exception: you are not allowed for the request","createTs":null}
classpath:feature/TempStorage_a_POST.feature:53
- com.intuit.karate.core.ScenarioBridge.callSingle(ScenarioBridge.java:234)
- com.intuit.karate.core.ScenarioBridge.callSingle(ScenarioBridge.java:179)
- <js>.:program(Unnamed:1)

classpath:feature/TempStorage_b_GET.feature:12
js failed:
>>>>
01: karate.callSingle('classpath:feature/TempStorage_a_POST.feature')
<<<<
org.graalvm.polyglot.PolyglotException: status code was: 403, expected: 201, response time in milliseconds: 172, url: https://apigw-st.telus.com/customer/contactCenterTempStorage/v1/storage/1/create?ttl=10000&group=a, response: 
{"code":"403","reason":"you are not allowed for the request","message":"you are not allowed for the request: /customer/TempStorage/v1/storage/1/create","status":"FORBIDDEN","referenceError":"java.lang.Exception: you are not allowed for the request","createTs":null}
classpath:feature/TempStorage_a_POST.feature:33
status code was: 403, expected: 201, response time in milliseconds: 188, url: https://apigw-st.telus.com/customer/contactCenterTempStorage/v1/storage/2/create?ttl=10000&group=a, response: 
{"code":"403","reason":"you are not allowed for the request","message":"you are not allowed for the request: /customer/TempStorage/v1/storage/2/create","status":"FORBIDDEN","referenceError":"java.lang.Exception: you are not allowed for the request","createTs":null}
classpath:feature/TempStorage_a_POST.feature:43
status code was: 403, expected: 201, response time in milliseconds: 206, url: https://apigw-st.telus.com/customer/contactCenterTempStorage/v1/storage/2/create?ttl=10000&group=b, response: 
{"code":"403","reason":"you are not allowed for the request","message":"you are not allowed for the request: /customer/TempStorage/v1/storage/2/create","status":"FORBIDDEN","referenceError":"java.lang.Exception: you are not allowed for the request","createTs":null}
classpath:feature/TempStorage_a_POST.feature:53
- com.intuit.karate.core.ScenarioBridge.callSingle(ScenarioBridge.java:234)
- com.intuit.karate.core.ScenarioBridge.callSingle(ScenarioBridge.java:179)
- <js>.:program(Unnamed:1)

classpath:feature/TempStorage_b_GET.feature:12
js failed:
>>>>
01: karate.callSingle('classpath:feature/TempStorage_a_POST.feature')
<<<<
org.graalvm.polyglot.PolyglotException: status code was: 403, expected: 201, response time in milliseconds: 172, url: https://apigw-st.telus.com/customer/contactCenterTempStorage/v1/storage/1/create?ttl=10000&group=a, response: 
{"code":"403","reason":"you are not allowed for the request","message":"you are not allowed for the request: /customer/TempStorage/v1/storage/1/create","status":"FORBIDDEN","referenceError":"java.lang.Exception: you are not allowed for the request","createTs":null}
classpath:feature/TempStorage_a_POST.feature:33
status code was: 403, expected: 201, response time in milliseconds: 188, url: https://apigw-st.telus.com/customer/contactCenterTempStorage/v1/storage/2/create?ttl=10000&group=a, response: 
{"code":"403","reason":"you are not allowed for the request","message":"you are not allowed for the request: /customer/TempStorage/v1/storage/2/create","status":"FORBIDDEN","referenceError":"java.lang.Exception: you are not allowed for the request","createTs":null}
classpath:feature/TempStorage_a_POST.feature:43
status code was: 403, expected: 201, response time in milliseconds: 206, url: https://apigw-st.telus.com/customer/contactCenterTempStorage/v1/storage/2/create?ttl=10000&group=b, response: 
{"code":"403","reason":"you are not allowed for the request","message":"you are not allowed for the request: /customer/TempStorage/v1/storage/2/create","status":"FORBIDDEN","referenceError":"java.lang.Exception: you are not allowed for the request","createTs":null}
classpath:feature/TempStorage_a_POST.feature:53
- com.intuit.karate.core.ScenarioBridge.callSingle(ScenarioBridge.java:234)
- com.intuit.karate.core.ScenarioBridge.callSingle(ScenarioBridge.java:179)
- <js>.:program(Unnamed:1)

classpath:feature/TempStorage_b_GET.feature:12
status code was: 403, expected: 404, response time in milliseconds: 156, url: https://apigw-st.telus.com/customer/contactCenterCustomerInfo/v1/account?ban=70970024, response: 
{"message":"Forbidden"}
classpath:feature/API_Negative_Response_Test.feature:19
status code was: 403, expected: 404, response time in milliseconds: 168, url: https://apigw-st.telus.com/customer/contactCenterCustomerInfo/v1/account?tn=4161404453, response: 
{"message":"Forbidden"}
classpath:feature/API_Negative_Response_Test.feature:26
status code was: 403, expected: 404, response time in milliseconds: 153, url: https://apigw-st.telus.com/customer/contactCenterCustomerInfo/v1/account?tn=4161404453&ban=70970024, response: 
{"message":"Forbidden"}
classpath:feature/API_Negative_Response_Test.feature:34
status code was: 403, expected: 400, response time in milliseconds: 151, url: https://apigw-st.telus.com/customer/contactCenterCustomerInfo/v1/account?ban=4r5t6y6y, response: 
{"message":"Forbidden"}
classpath:feature/API_Negative_Response_Test.feature:41
status code was: 403, expected: 400, response time in milliseconds: 161, url: https://apigw-st.telus.com/customer/contactCenterCustomerInfo/v1/account?tn=7801234567, response: 
{"message":"Forbidden"}
classpath:feature/API_Negative_Response_Test.feature:48
status code was: 403, expected: 400, response time in milliseconds: 148, url: https://apigw-st.telus.com/customer/contactCenterCustomerInfo/v1/account?tn=7801234567&ban=4r5t6y6y, response: 
{"message":"Forbidden"}
classpath:feature/API_Negative_Response_Test.feature:56
status code was: 403, expected: 200, response time in milliseconds: 201, url: https://apigw-st.telus.com/customer/contactCenterCustomerInfo/v1/account?tn=2507166032, response: 
{"message":"Forbidden"}
classpath:feature/AccountAccuracy.feature:22
status code was: 403, expected: 200, response time in milliseconds: 153, url: https://apigw-st.telus.com/customer/contactCenterCustomerInfo/v1/account?tn=6040522394, response: 
{"message":"Forbidden"}
classpath:feature/AccountAccuracy.feature:48
status code was: 403, expected: 404, response time in milliseconds: 156, url: https://apigw-st.telus.com/customer/contactCenterCustomerInfo/v1/account?tn=6040585973, response: 
{"message":"Forbidden"}
classpath:feature/AccountAccuracy.feature:61
result is neither list nor function: [type: MAP, value: {message=Forbidden}]
classpath:feature/CCE_BAN.feature:30
result is neither list nor function: [type: MAP, value: {message=Forbidden}]
classpath:feature/CCE_BAN.feature:41
result is neither list nor function: [type: MAP, value: {message=Forbidden}]
classpath:feature/CCE_BAN.feature:54
result is neither list nor function: [type: MAP, value: {message=Forbidden}]
classpath:feature/CCE_BAN.feature:64
result is neither list nor function: [type: MAP, value: {message=Forbidden}]
classpath:feature/CCE_BAN.feature:75
result is neither list nor function: [type: MAP, value: {message=Forbidden}]
classpath:feature/CCE_BAN.feature:87
status code was: 403, expected: 201, response time in milliseconds: 730, url: https://apigw-st.telus.com/customer/contactCenterTempStorage/v1/storage/1/create?ttl=10000&group=a, response: 
{"code":"403","reason":"you are not allowed for the request","message":"you are not allowed for the request: /customer/TempStorage/v1/storage/1/create","status":"FORBIDDEN","referenceError":"java.lang.Exception: you are not allowed for the request","createTs":null}
classpath:feature/TempStorage_a_POST.feature:33
status code was: 403, expected: 201, response time in milliseconds: 231, url: https://apigw-st.telus.com/customer/contactCenterTempStorage/v1/storage/2/create?ttl=10000&group=a, response: 
{"code":"403","reason":"you are not allowed for the request","message":"you are not allowed for the request: /customer/TempStorage/v1/storage/2/create","status":"FORBIDDEN","referenceError":"java.lang.Exception: you are not allowed for the request","createTs":null}
classpath:feature/TempStorage_a_POST.feature:43
status code was: 403, expected: 201, response time in milliseconds: 204, url: https://apigw-st.telus.com/customer/contactCenterTempStorage/v1/storage/2/create?ttl=10000&group=b, response: 
{"code":"403","reason":"you are not allowed for the request","message":"you are not allowed for the request: /customer/TempStorage/v1/storage/2/create","status":"FORBIDDEN","referenceError":"java.lang.Exception: you are not allowed for the request","createTs":null}
classpath:feature/TempStorage_a_POST.feature:53
status code was: 403, expected: 200, response time in milliseconds: 176, url: https://apigw-st.telus.com/customer/contactCenterTempStorage/v1/storage/1/update?ttl=10000&group=a, response: 
{"code":"403","reason":"you are not allowed for the request","message":"you are not allowed for the request: /customer/TempStorage/v1/storage/1/update","status":"FORBIDDEN","referenceError":"java.lang.Exception: you are not allowed for the request","createTs":null}
classpath:feature/TempStorage_c_PUT.feature:32
status code was: 403, expected: 200, response time in milliseconds: 189, url: https://apigw-st.telus.com/customer/contactCenterTempStorage/v1/storage/1/retrieve?group=a, response: 
{"code":"403","reason":"you are not allowed for the request","message":"you are not allowed for the request: /customer/TempStorage/v1/storage/1/retrieve","status":"FORBIDDEN","referenceError":"java.lang.Exception: you are not allowed for the request","createTs":null}
classpath:feature/TempStorage_c_PUT.feature:39
status code was: 403, expected: 200, response time in milliseconds: 234, url: https://apigw-st.telus.com/customer/contactCenterTempStorage/v1/storage/2/update?group=b, response: 
{"code":"403","reason":"you are not allowed for the request","message":"you are not allowed for the request: /customer/TempStorage/v1/storage/2/update","status":"FORBIDDEN","referenceError":"java.lang.Exception: you are not allowed for the request","createTs":null}
classpath:feature/TempStorage_c_PUT.feature:51
status code was: 403, expected: 200, response time in milliseconds: 174, url: https://apigw-st.telus.com/customer/contactCenterTempStorage/v1/storage/2/retrieve?group=b, response: 
{"code":"403","reason":"you are not allowed for the request","message":"you are not allowed for the request: /customer/TempStorage/v1/storage/2/retrieve","status":"FORBIDDEN","referenceError":"java.lang.Exception: you are not allowed for the request","createTs":null}
classpath:feature/TempStorage_c_PUT.feature:58
status code was: 403, expected: 200, response time in milliseconds: 149, url: https://apigw-st.telus.com/customer/contactCenterCustomerInfo/v1/account?ban=700102278, response: 
{"message":"Forbidden"}
classpath:feature/AccountTag.feature:20
status code was: 403, expected: 200, response time in milliseconds: 168, url: https://apigw-st.telus.com/customer/contactCenterCustomerInfo/v1/account?ban=603958444, response: 
{"message":"Forbidden"}
classpath:feature/AccountTag.feature:32
status code was: 403, expected: 200, response time in milliseconds: 135, url: https://apigw-st.telus.com/customer/contactCenterCustomerInfo/v1/account?tn=7788882617, response: 
{"message":"Forbidden"}
classpath:feature/CCE_TN.feature:25
status code was: 403, expected: 200, response time in milliseconds: 149, url: https://apigw-st.telus.com/customer/contactCenterCustomerInfo/v1/account?tn=9059091706, response: 
{"message":"Forbidden"}
classpath:feature/CCE_TN.feature:25
status code was: 403, expected: 200, response time in milliseconds: 144, url: https://apigw-st.telus.com/customer/contactCenterCustomerInfo/v1/account?tn=4161543587, response: 
{"message":"Forbidden"}
classpath:feature/CCE_TN.feature:25
status code was: 403, expected: 200, response time in milliseconds: 146, url: https://apigw-st.telus.com/customer/contactCenterCustomerInfo/v1/account?tn=4031726038, response: 
{"message":"Forbidden"}
classpath:feature/CCE_TN.feature:25
status code was: 403, expected: 200, response time in milliseconds: 148, url: https://apigw-st.telus.com/customer/contactCenterCustomerInfo/v1/account?tn=4373488823, response: 
{"message":"Forbidden"}
classpath:feature/CCE_TN.feature:25
status code was: 403, expected: 200, response time in milliseconds: 164, url: https://apigw-st.telus.com/customer/contactCenterCustomerInfo/v1/account?tn=5141612475, response: 
{"message":"Forbidden"}
classpath:feature/CCE_TN.feature:35
result is neither list nor function: [type: MAP, value: {message=Forbidden}]
classpath:feature/CCE_TN.feature:53
result is neither list nor function: [type: MAP, value: {message=Forbidden}]
classpath:feature/CCE_TN.feature:63
result is neither list nor function: [type: MAP, value: {message=Forbidden}]
classpath:feature/CCE_TN.feature:75
result is neither list nor function: [type: MAP, value: {message=Forbidden}]
classpath:feature/CCE_TN.feature:86
result is neither list nor function: [type: MAP, value: {message=Forbidden}]
classpath:feature/CCE_TN.feature:99
status code was: 403, expected: 200, response time in milliseconds: 152, url: https://apigw-st.telus.com/customer/contactCenterCustomerInfo/v1/account?tn=4161542580, response: 
{"message":"Forbidden"}
classpath:feature/CCE_TN.feature:106
result is neither list nor function: [type: MAP, value: {message=Forbidden}]
classpath:feature/CCE_TN.feature:123
<<<
13:05:01.594 [main] DEBUG karate.org.thymeleaf.TemplateEngine - [THYMELEAF] INITIALIZING TEMPLATE ENGINE
13:05:01.606 [main] DEBUG karate.org.thymeleaf.TemplateEngine.CONFIG - Initializing Thymeleaf Template engine configuration...
[THYMELEAF] TEMPLATE ENGINE CONFIGURATION:
[THYMELEAF] * Thymeleaf version: 3.0.12.RELEASE (built 2020-12-21T00:26:28+0000)
[THYMELEAF] * Cache Manager implementation: karate.org.thymeleaf.cache.StandardCacheManager
[THYMELEAF] * Template resolvers:
[THYMELEAF]     * [1] com.intuit.karate.template.ResourceHtmlTemplateResolver
[THYMELEAF] * Message resolvers:
[THYMELEAF]     * karate.org.thymeleaf.messageresolver.StandardMessageResolver
[THYMELEAF] * Link builders:
[THYMELEAF]     * karate.org.thymeleaf.linkbuilder.StandardLinkBuilder
[THYMELEAF] * Dialect [1 of 2]: Standard (com.intuit.karate.template.KarateStandardDialect)
[THYMELEAF]     * Prefix: "th"
[THYMELEAF]     * Processors for Template Mode: HTML
[THYMELEAF]         * Element Tag Processors by [matching element and attribute name] [precedence]:
[THYMELEAF]             * [* {th:include,data-th-include}] [100]: karate.org.thymeleaf.standard.processor.StandardIncludeTagProcessor
[THYMELEAF]             * [* {th:insert,data-th-insert}] [100]: karate.org.thymeleaf.standard.processor.StandardInsertTagProcessor
[THYMELEAF]             * [* {th:replace,data-th-replace}] [100]: karate.org.thymeleaf.standard.processor.StandardReplaceTagProcessor
[THYMELEAF]             * [* {th:substituteby,data-th-substituteby}] [100]: karate.org.thymeleaf.standard.processor.StandardSubstituteByTagProcessor
[THYMELEAF]             * [* {th:each,data-th-each}] [200]: com.intuit.karate.template.KarateEachTagProcessor
[THYMELEAF]             * [* {th:switch,data-th-switch}] [250]: karate.org.thymeleaf.standard.processor.StandardSwitchTagProcessor
[THYMELEAF]             * [* {th:case,data-th-case}] [275]: karate.org.thymeleaf.standard.processor.StandardCaseTagProcessor
[THYMELEAF]             * [* {th:if,data-th-if}] [300]: karate.org.thymeleaf.standard.processor.StandardIfTagProcessor
[THYMELEAF]             * [* {th:unless,data-th-unless}] [400]: karate.org.thymeleaf.standard.processor.StandardUnlessTagProcessor
[THYMELEAF]             * [* {th:object,data-th-object}] [500]: karate.org.thymeleaf.standard.processor.StandardObjectTagProcessor
[THYMELEAF]             * [* {th:with,data-th-with}] [600]: com.intuit.karate.template.KarateWithTagProcessor
[THYMELEAF]             * [* {th:attr,data-th-attr}] [700]: com.intuit.karate.template.KarateAttributeTagProcessor.KarateAttrTagProcessor
[THYMELEAF]             * [* {th:attrappend,data-th-attrappend}] [900]: com.intuit.karate.template.KarateAttributeTagProcessor.KarateAttrappendTagProcessor
[THYMELEAF]             * [* {th:attrprepend,data-th-attrprepend}] [900]: com.intuit.karate.template.KarateAttributeTagProcessor.KarateAttrprependTagProcessor
[THYMELEAF]             * [* {th:alt-title,data-th-alt-title}] [990]: karate.org.thymeleaf.standard.processor.StandardAltTitleTagProcessor
[THYMELEAF]             * [* {th:lang-xmllang,data-th-lang-xmllang}] [990]: karate.org.thymeleaf.standard.processor.StandardLangXmlLangTagProcessor
[THYMELEAF]             * [* {th:action,data-th-action}] [1000]: karate.org.thymeleaf.standard.processor.StandardActionTagProcessor
[THYMELEAF]             * [* {th:seamless,data-th-seamless}] [1000]: karate.org.thymeleaf.standard.processor.StandardConditionalFixedValueTagProcessor
[THYMELEAF]             * [* {th:selected,data-th-selected}] [1000]: karate.org.thymeleaf.standard.processor.StandardConditionalFixedValueTagProcessor
[THYMELEAF]             * [* {th:declare,data-th-declare}] [1000]: karate.org.thymeleaf.standard.processor.StandardConditionalFixedValueTagProcessor
[THYMELEAF]             * [* {th:open,data-th-open}] [1000]: karate.org.thymeleaf.standard.processor.StandardConditionalFixedValueTagProcessor
[THYMELEAF]             * [* {th:async,data-th-async}] [1000]: karate.org.thymeleaf.standard.processor.StandardConditionalFixedValueTagProcessor
[THYMELEAF]             * [* {th:defer,data-th-defer}] [1000]: karate.org.thymeleaf.standard.processor.StandardConditionalFixedValueTagProcessor
[THYMELEAF]             * [* {th:autoplay,data-th-autoplay}] [1000]: karate.org.thymeleaf.standard.processor.StandardConditionalFixedValueTagProcessor
[THYMELEAF]             * [* {th:reversed,data-th-reversed}] [1000]: karate.org.thymeleaf.standard.processor.StandardConditionalFixedValueTagProcessor
[THYMELEAF]             * [* {th:autofocus,data-th-autofocus}] [1000]: karate.org.thymeleaf.standard.processor.StandardConditionalFixedValueTagProcessor
[THYMELEAF]             * [* {th:hidden,data-th-hidden}] [1000]: karate.org.thymeleaf.standard.processor.StandardConditionalFixedValueTagProcessor
[THYMELEAF]             * [* {th:novalidate,data-th-novalidate}] [1000]: karate.org.thymeleaf.standard.processor.StandardConditionalFixedValueTagProcessor
[THYMELEAF]             * [* {th:disabled,data-th-disabled}] [1000]: karate.org.thymeleaf.standard.processor.StandardConditionalFixedValueTagProcessor
[THYMELEAF]             * [* {th:required,data-th-required}] [1000]: karate.org.thymeleaf.standard.processor.StandardConditionalFixedValueTagProcessor
[THYMELEAF]             * [* {th:ismap,data-th-ismap}] [1000]: karate.org.thymeleaf.standard.processor.StandardConditionalFixedValueTagProcessor
[THYMELEAF]             * [* {th:formnovalidate,data-th-formnovalidate}] [1000]: karate.org.thymeleaf.standard.processor.StandardConditionalFixedValueTagProcessor
[THYMELEAF]             * [* {th:loop,data-th-loop}] [1000]: karate.org.thymeleaf.standard.processor.StandardConditionalFixedValueTagProcessor
[THYMELEAF]             * [* {th:pubdate,data-th-pubdate}] [1000]: karate.org.thymeleaf.standard.processor.StandardConditionalFixedValueTagProcessor
[THYMELEAF]             * [* {th:controls,data-th-controls}] [1000]: karate.org.thymeleaf.standard.processor.StandardConditionalFixedValueTagProcessor
[THYMELEAF]             * [* {th:multiple,data-th-multiple}] [1000]: karate.org.thymeleaf.standard.processor.StandardConditionalFixedValueTagProcessor
[THYMELEAF]             * [* {th:readonly,data-th-readonly}] [1000]: karate.org.thymeleaf.standard.processor.StandardConditionalFixedValueTagProcessor
[THYMELEAF]             * [* {th:default,data-th-default}] [1000]: karate.org.thymeleaf.standard.processor.StandardConditionalFixedValueTagProcessor
[THYMELEAF]             * [* {th:nowrap,data-th-nowrap}] [1000]: karate.org.thymeleaf.standard.processor.StandardConditionalFixedValueTagProcessor
[THYMELEAF]             * [* {th:checked,data-th-checked}] [1000]: karate.org.thymeleaf.standard.processor.StandardConditionalFixedValueTagProcessor
[THYMELEAF]             * [* {th:scoped,data-th-scoped}] [1000]: karate.org.thymeleaf.standard.processor.StandardConditionalFixedValueTagProcessor
[THYMELEAF]             * [* {th:onload,data-th-onload}] [1000]: karate.org.thymeleaf.standard.processor.StandardDOMEventAttributeTagProcessor
[THYMELEAF]             * [* {th:onstorage,data-th-onstorage}] [1000]: karate.org.thymeleaf.standard.processor.StandardDOMEventAttributeTagProcessor
[THYMELEAF]             * [* {th:onsubmit,data-th-onsubmit}] [1000]: karate.org.thymeleaf.standard.processor.StandardDOMEventAttributeTagProcessor
[THYMELEAF]             * [* {th:onmousewheel,data-th-onmousewheel}] [1000]: karate.org.thymeleaf.standard.processor.StandardDOMEventAttributeTagProcessor
[THYMELEAF]             * [* {th:ondrop,data-th-ondrop}] [1000]: karate.org.thymeleaf.standard.processor.StandardDOMEventAttributeTagProcessor
[THYMELEAF]             * [* {th:onclick,data-th-onclick}] [1000]: karate.org.thymeleaf.standard.processor.StandardDOMEventAttributeTagProcessor
[THYMELEAF]             * [* {th:onvolumechange,data-th-onvolumechange}] [1000]: karate.org.thymeleaf.standard.processor.StandardDOMEventAttributeTagProcessor
[THYMELEAF]             * [* {th:onseeked,data-th-onseeked}] [1000]: karate.org.thymeleaf.standard.processor.StandardDOMEventAttributeTagProcessor
[THYMELEAF]             * [* {th:onundo,data-th-onundo}] [1000]: karate.org.thymeleaf.standard.processor.StandardDOMEventAttributeTagProcessor
[THYMELEAF]             * [* {th:onredo,data-th-onredo}] [1000]: karate.org.thymeleaf.standard.processor.StandardDOMEventAttributeTagProcessor
[THYMELEAF]             * [* {th:onkeydown,data-th-onkeydown}] [1000]: karate.org.thymeleaf.standard.processor.StandardDOMEventAttributeTagProcessor
[THYMELEAF]             * [* {th:onplay,data-th-onplay}] [1000]: karate.org.thymeleaf.standard.processor.StandardDOMEventAttributeTagProcessor
[THYMELEAF]             * [* {th:ontimeupdate,data-th-ontimeupdate}] [1000]: karate.org.thymeleaf.standard.processor.StandardDOMEventAttributeTagProcessor
[THYMELEAF]             * [* {th:onforminput,data-th-onforminput}] [1000]: karate.org.thymeleaf.standard.processor.StandardDOMEventAttributeTagProcessor
[THYMELEAF]             * [* {th:oncanplaythrough,data-th-oncanplaythrough}] [1000]: karate.org.thymeleaf.standard.processor.StandardDOMEventAttributeTagProcessor
[THYMELEAF]             * [* {th:onselect,data-th-onselect}] [1000]: karate.org.thymeleaf.standard.processor.StandardDOMEventAttributeTagProcessor
[THYMELEAF]             * [* {th:onplaying,data-th-onplaying}] [1000]: karate.org.thymeleaf.standard.processor.StandardDOMEventAttributeTagProcessor
[THYMELEAF]             * [* {th:onmessage,data-th-onmessage}] [1000]: karate.org.thymeleaf.standard.processor.StandardDOMEventAttributeTagProcessor
[THYMELEAF]             * [* {th:ondblclick,data-th-ondblclick}] [1000]: karate.org.thymeleaf.standard.processor.StandardDOMEventAttributeTagProcessor
[THYMELEAF]             * [* {th:onresize,data-th-onresize}] [1000]: karate.org.thymeleaf.standard.processor.StandardDOMEventAttributeTagProcessor
[THYMELEAF]             * [* {th:onstalled,data-th-onstalled}] [1000]: karate.org.thymeleaf.standard.processor.StandardDOMEventAttributeTagProcessor
[THYMELEAF]             * [* {th:ondragenter,data-th-ondragenter}] [1000]: karate.org.thymeleaf.standard.processor.StandardDOMEventAttributeTagProcessor
[THYMELEAF]             * [* {th:onshow,data-th-onshow}] [1000]: karate.org.thymeleaf.standard.processor.StandardDOMEventAttributeTagProcessor
[THYMELEAF]             * [* {th:oncanplay,data-th-oncanplay}] [1000]: karate.org.thymeleaf.standard.processor.StandardDOMEventAttributeTagProcessor
[THYMELEAF]             * [* {th:ononline,data-th-ononline}] [1000]: karate.org.thymeleaf.standard.processor.StandardDOMEventAttributeTagProcessor
[THYMELEAF]             * [* {th:onhashchange,data-th-onhashchange}] [1000]: karate.org.thymeleaf.standard.processor.StandardDOMEventAttributeTagProcessor
[THYMELEAF]             * [* {th:ondrag,data-th-ondrag}] [1000]: karate.org.thymeleaf.standard.processor.StandardDOMEventAttributeTagProcessor
[THYMELEAF]             * [* {th:ondragleave,data-th-ondragleave}] [1000]: karate.org.thymeleaf.standard.processor.StandardDOMEventAttributeTagProcessor
[THYMELEAF]             * [* {th:onemptied,data-th-onemptied}] [1000]: karate.org.thymeleaf.standard.processor.StandardDOMEventAttributeTagProcessor
[THYMELEAF]             * [* {th:onscroll,data-th-onscroll}] [1000]: karate.org.thymeleaf.standard.processor.StandardDOMEventAttributeTagProcessor
[THYMELEAF]             * [* {th:onprogress,data-th-onprogress}] [1000]: karate.org.thymeleaf.standard.processor.StandardDOMEventAttributeTagProcessor
[THYMELEAF]             * [* {th:onafterprint,data-th-onafterprint}] [1000]: karate.org.thymeleaf.standard.processor.StandardDOMEventAttributeTagProcessor
[THYMELEAF]             * [* {th:onmousemove,data-th-onmousemove}] [1000]: karate.org.thymeleaf.standard.processor.StandardDOMEventAttributeTagProcessor
[THYMELEAF]             * [* {th:onbeforeunload,data-th-onbeforeunload}] [1000]: karate.org.thymeleaf.standard.processor.StandardDOMEventAttributeTagProcessor
[THYMELEAF]             * [* {th:onratechange,data-th-onratechange}] [1000]: karate.org.thymeleaf.standard.processor.StandardDOMEventAttributeTagProcessor
[THYMELEAF]             * [* {th:onbeforeprint,data-th-onbeforeprint}] [1000]: karate.org.thymeleaf.standard.processor.StandardDOMEventAttributeTagProcessor
[THYMELEAF]             * [* {th:onloadstart,data-th-onloadstart}] [1000]: karate.org.thymeleaf.standard.processor.StandardDOMEventAttributeTagProcessor
[THYMELEAF]             * [* {th:oncontextmenu,data-th-oncontextmenu}] [1000]: karate.org.thymeleaf.standard.processor.StandardDOMEventAttributeTagProcessor
[THYMELEAF]             * [* {th:onmouseup,data-th-onmouseup}] [1000]: karate.org.thymeleaf.standard.processor.StandardDOMEventAttributeTagProcessor
[THYMELEAF]             * [* {th:onloadedmetadata,data-th-onloadedmetadata}] [1000]: karate.org.thymeleaf.standard.processor.StandardDOMEventAttributeTagProcessor
[THYMELEAF]             * [* {th:onpause,data-th-onpause}] [1000]: karate.org.thymeleaf.standard.processor.StandardDOMEventAttributeTagProcessor
[THYMELEAF]             * [* {th:onsuspend,data-th-onsuspend}] [1000]: karate.org.thymeleaf.standard.processor.StandardDOMEventAttributeTagProcessor
[THYMELEAF]             * [* {th:onmousedown,data-th-onmousedown}] [1000]: karate.org.thymeleaf.standard.processor.StandardDOMEventAttributeTagProcessor
[THYMELEAF]             * [* {th:ondragstart,data-th-ondragstart}] [1000]: karate.org.thymeleaf.standard.processor.StandardDOMEventAttributeTagProcessor
[THYMELEAF]             * [* {th:onmouseout,data-th-onmouseout}] [1000]: karate.org.thymeleaf.standard.processor.StandardDOMEventAttributeTagProcessor
[THYMELEAF]             * [* {th:onseeking,data-th-onseeking}] [1000]: karate.org.thymeleaf.standard.processor.StandardDOMEventAttributeTagProcessor
[THYMELEAF]             * [* {th:onunload,data-th-onunload}] [1000]: karate.org.thymeleaf.standard.processor.StandardDOMEventAttributeTagProcessor
[THYMELEAF]             * [* {th:onblur,data-th-onblur}] [1000]: karate.org.thymeleaf.standard.processor.StandardDOMEventAttributeTagProcessor
[THYMELEAF]             * [* {th:onreset,data-th-onreset}] [1000]: karate.org.thymeleaf.standard.processor.StandardDOMEventAttributeTagProcessor
[THYMELEAF]             * [* {th:onfocus,data-th-onfocus}] [1000]: karate.org.thymeleaf.standard.processor.StandardDOMEventAttributeTagProcessor
[THYMELEAF]             * [* {th:onoffline,data-th-onoffline}] [1000]: karate.org.thymeleaf.standard.processor.StandardDOMEventAttributeTagProcessor
[THYMELEAF]             * [* {th:onloadeddata,data-th-onloadeddata}] [1000]: karate.org.thymeleaf.standard.processor.StandardDOMEventAttributeTagProcessor
[THYMELEAF]             * [* {th:ondurationchange,data-th-ondurationchange}] [1000]: karate.org.thymeleaf.standard.processor.StandardDOMEventAttributeTagProcessor
[THYMELEAF]             * [* {th:onmouseover,data-th-onmouseover}] [1000]: karate.org.thymeleaf.standard.processor.StandardDOMEventAttributeTagProcessor
[THYMELEAF]             * [* {th:onpopstate,data-th-onpopstate}] [1000]: karate.org.thymeleaf.standard.processor.StandardDOMEventAttributeTagProcessor
[THYMELEAF]             * [* {th:onformchange,data-th-onformchange}] [1000]: karate.org.thymeleaf.standard.processor.StandardDOMEventAttributeTagProcessor
[THYMELEAF]             * [* {th:onreadystatechange,data-th-onreadystatechange}] [1000]: karate.org.thymeleaf.standard.processor.StandardDOMEventAttributeTagProcessor
[THYMELEAF]             * [* {th:onkeyup,data-th-onkeyup}] [1000]: karate.org.thymeleaf.standard.processor.StandardDOMEventAttributeTagProcessor
[THYMELEAF]             * [* {th:onended,data-th-onended}] [1000]: karate.org.thymeleaf.standard.processor.StandardDOMEventAttributeTagProcessor
[THYMELEAF]             * [* {th:onkeypress,data-th-onkeypress}] [1000]: karate.org.thymeleaf.standard.processor.StandardDOMEventAttributeTagProcessor
[THYMELEAF]             * [* {th:onabort,data-th-onabort}] [1000]: karate.org.thymeleaf.standard.processor.StandardDOMEventAttributeTagProcessor
[THYMELEAF]             * [* {th:ondragover,data-th-ondragover}] [1000]: karate.org.thymeleaf.standard.processor.StandardDOMEventAttributeTagProcessor
[THYMELEAF]             * [* {th:oninput,data-th-oninput}] [1000]: karate.org.thymeleaf.standard.processor.StandardDOMEventAttributeTagProcessor
[THYMELEAF]             * [* {th:onwaiting,data-th-onwaiting}] [1000]: karate.org.thymeleaf.standard.processor.StandardDOMEventAttributeTagProcessor
[THYMELEAF]             * [* {th:oninvalid,data-th-oninvalid}] [1000]: karate.org.thymeleaf.standard.processor.StandardDOMEventAttributeTagProcessor
[THYMELEAF]             * [* {th:onchange,data-th-onchange}] [1000]: karate.org.thymeleaf.standard.processor.StandardDOMEventAttributeTagProcessor
[THYMELEAF]             * [* {th:ondragend,data-th-ondragend}] [1000]: karate.org.thymeleaf.standard.processor.StandardDOMEventAttributeTagProcessor
[THYMELEAF]             * [* {th:onerror,data-th-onerror}] [1000]: karate.org.thymeleaf.standard.processor.StandardDOMEventAttributeTagProcessor
[THYMELEAF]             * [* {th:href,data-th-href}] [1000]: karate.org.thymeleaf.standard.processor.StandardHrefTagProcessor
[THYMELEAF]             * [* {th:inline,data-th-inline}] [1000]: karate.org.thymeleaf.standard.processor.StandardInlineHTMLTagProcessor
[THYMELEAF]             * [* {th:method,data-th-method}] [1000]: karate.org.thymeleaf.standard.processor.StandardMethodTagProcessor
[THYMELEAF]             * [* {th:name,data-th-name}] [1000]: karate.org.thymeleaf.standard.processor.StandardNonRemovableAttributeTagProcessor
[THYMELEAF]             * [* {th:type,data-th-type}] [1000]: karate.org.thymeleaf.standard.processor.StandardNonRemovableAttributeTagProcessor
[THYMELEAF]             * [* {th:maxlength,data-th-maxlength}] [1000]: karate.org.thymeleaf.standard.processor.StandardRemovableAttributeTagProcessor
[THYMELEAF]             * [* {th:accept-charset,data-th-accept-charset}] [1000]: karate.org.thymeleaf.standard.processor.StandardRemovableAttributeTagProcessor
[THYMELEAF]             * [* {th:rowspan,data-th-rowspan}] [1000]: karate.org.thymeleaf.standard.processor.StandardRemovableAttributeTagProcessor
[THYMELEAF]             * [* {th:formaction,data-th-formaction}] [1000]: karate.org.thymeleaf.standard.processor.StandardRemovableAttributeTagProcessor
[THYMELEAF]             * [* {th:vspace,data-th-vspace}] [1000]: karate.org.thymeleaf.standard.processor.StandardRemovableAttributeTagProcessor
[THYMELEAF]             * [* {th:codebase,data-th-codebase}] [1000]: karate.org.thymeleaf.standard.processor.StandardRemovableAttributeTagProcessor
[THYMELEAF]             * [* {th:data,data-th-data}] [1000]: karate.org.thymeleaf.standard.processor.StandardRemovableAttributeTagProcessor
[THYMELEAF]             * [* {th:enctype,data-th-enctype}] [1000]: karate.org.thymeleaf.standard.processor.StandardRemovableAttributeTagProcessor
[THYMELEAF]             * [* {th:cellspacing,data-th-cellspacing}] [1000]: karate.org.thymeleaf.standard.processor.StandardRemovableAttributeTagProcessor
[THYMELEAF]             * [* {th:width,data-th-width}] [1000]: karate.org.thymeleaf.standard.processor.StandardRemovableAttributeTagProcessor
[THYMELEAF]             * [* {th:accesskey,data-th-accesskey}] [1000]: karate.org.thymeleaf.standard.processor.StandardRemovableAttributeTagProcessor
[THYMELEAF]             * [* {th:draggable,data-th-draggable}] [1000]: karate.org.thymeleaf.standard.processor.StandardRemovableAttributeTagProcessor
[THYMELEAF]             * [* {th:span,data-th-span}] [1000]: karate.org.thymeleaf.standard.processor.StandardRemovableAttributeTagProcessor
[THYMELEAF]             * [* {th:preload,data-th-preload}] [1000]: karate.org.thymeleaf.standard.processor.StandardRemovableAttributeTagProcessor
[THYMELEAF]             * [* {th:cellpadding,data-th-cellpadding}] [1000]: karate.org.thymeleaf.standard.processor.StandardRemovableAttributeTagProcessor
[THYMELEAF]             * [* {th:manifest,data-th-manifest}] [1000]: karate.org.thymeleaf.standard.processor.StandardRemovableAttributeTagProcessor
[THYMELEAF]             * [* {th:background,data-th-background}] [1000]: karate.org.thymeleaf.standard.processor.StandardRemovableAttributeTagProcessor
[THYMELEAF]             * [* {th:marginheight,data-th-marginheight}] [1000]: karate.org.thymeleaf.standard.processor.StandardRemovableAttributeTagProcessor
[THYMELEAF]             * [* {th:size,data-th-size}] [1000]: karate.org.thymeleaf.standard.processor.StandardRemovableAttributeTagProcessor
[THYMELEAF]             * [* {th:compact,data-th-compact}] [1000]: karate.org.thymeleaf.standard.processor.StandardRemovableAttributeTagProcessor
[THYMELEAF]             * [* {th:classid,data-th-classid}] [1000]: karate.org.thymeleaf.standard.processor.StandardRemovableAttributeTagProcessor
[THYMELEAF]             * [* {th:lang,data-th-lang}] [1000]: karate.org.thymeleaf.standard.processor.StandardRemovableAttributeTagProcessor
[THYMELEAF]             * [* {th:icon,data-th-icon}] [1000]: karate.org.thymeleaf.standard.processor.StandardRemovableAttributeTagProcessor
[THYMELEAF]             * [* {th:kind,data-th-kind}] [1000]: karate.org.thymeleaf.standard.processor.StandardRemovableAttributeTagProcessor
[THYMELEAF]             * [* {th:rows,data-th-rows}] [1000]: karate.org.thymeleaf.standard.processor.StandardRemovableAttributeTagProcessor
[THYMELEAF]             * [* {th:alt,data-th-alt}] [1000]: karate.org.thymeleaf.standard.processor.StandardRemovableAttributeTagProcessor
[THYMELEAF]             * [* {th:rel,data-th-rel}] [1000]: karate.org.thymeleaf.standard.processor.StandardRemovableAttributeTagProcessor
[THYMELEAF]             * [* {th:sizes,data-th-sizes}] [1000]: karate.org.thymeleaf.standard.processor.StandardRemovableAttributeTagProcessor
[THYMELEAF]             * [* {th:archive,data-th-archive}] [1000]: karate.org.thymeleaf.standard.processor.StandardRemovableAttributeTagProcessor
[THYMELEAF]             * [* {th:headers,data-th-headers}] [1000]: karate.org.thymeleaf.standard.processor.StandardRemovableAttributeTagProcessor
[THYMELEAF]             * [* {th:start,data-th-start}] [1000]: karate.org.thymeleaf.standard.processor.StandardRemovableAttributeTagProcessor
[THYMELEAF]             * [* {th:style,data-th-style}] [1000]: karate.org.thymeleaf.standard.processor.StandardRemovableAttributeTagProcessor
[THYMELEAF]             * [* {th:hspace,data-th-hspace}] [1000]: karate.org.thymeleaf.standard.processor.StandardRemovableAttributeTagProcessor
[THYMELEAF]             * [* {th:cols,data-th-cols}] [1000]: karate.org.thymeleaf.standard.processor.StandardRemovableAttributeTagProcessor
[THYMELEAF]             * [* {th:dropzone,data-th-dropzone}] [1000]: karate.org.thymeleaf.standard.processor.StandardRemovableAttributeTagProcessor
[THYMELEAF]             * [* {th:formtarget,data-th-formtarget}] [1000]: karate.org.thymeleaf.standard.processor.StandardRemovableAttributeTagProcessor
[THYMELEAF]             * [* {th:challenge,data-th-challenge}] [1000]: karate.org.thymeleaf.standard.processor.StandardRemovableAttributeTagProcessor
[THYMELEAF]             * [* {th:list,data-th-list}] [1000]: karate.org.thymeleaf.standard.processor.StandardRemovableAttributeTagProcessor
[THYMELEAF]             * [* {th:charset,data-th-charset}] [1000]: karate.org.thymeleaf.standard.processor.StandardRemovableAttributeTagProcessor
[THYMELEAF]             * [* {th:marginwidth,data-th-marginwidth}] [1000]: karate.org.thymeleaf.standard.processor.StandardRemovableAttributeTagProcessor
[THYMELEAF]             * [* {th:scope,data-th-scope}] [1000]: karate.org.thymeleaf.standard.processor.StandardRemovableAttributeTagProcessor
[THYMELEAF]             * [* {th:axis,data-th-axis}] [1000]: karate.org.thymeleaf.standard.processor.StandardRemovableAttributeTagProcessor
[THYMELEAF]             * [* {th:autocomplete,data-th-autocomplete}] [1000]: karate.org.thymeleaf.standard.processor.StandardRemovableAttributeTagProcessor
[THYMELEAF]             * [* {th:frameborder,data-th-frameborder}] [1000]: karate.org.thymeleaf.standard.processor.StandardRemovableAttributeTagProcessor
[THYMELEAF]             * [* {th:audio,data-th-audio}] [1000]: karate.org.thymeleaf.standard.processor.StandardRemovableAttributeTagProcessor
[THYMELEAF]             * [* {th:longdesc,data-th-longdesc}] [1000]: karate.org.thymeleaf.standard.processor.StandardRemovableAttributeTagProcessor
[THYMELEAF]             * [* {th:hreflang,data-th-hreflang}] [1000]: karate.org.thymeleaf.standard.processor.StandardRemovableAttributeTagProcessor
[THYMELEAF]             * [* {th:max,data-th-max}] [1000]: karate.org.thymeleaf.standard.processor.StandardRemovableAttributeTagProcessor
[THYMELEAF]             * [* {th:scheme,data-th-scheme}] [1000]: karate.org.thymeleaf.standard.processor.StandardRemovableAttributeTagProcessor
[THYMELEAF]             * [* {th:low,data-th-low}] [1000]: karate.org.thymeleaf.standard.processor.StandardRemovableAttributeTagProcessor
[THYMELEAF]             * [* {th:formmethod,data-th-formmethod}] [1000]: karate.org.thymeleaf.standard.processor.StandardRemovableAttributeTagProcessor
[THYMELEAF]             * [* {th:poster,data-th-poster}] [1000]: karate.org.thymeleaf.standard.processor.StandardRemovableAttributeTagProcessor
[THYMELEAF]             * [* {th:formenctype,data-th-formenctype}] [1000]: karate.org.thymeleaf.standard.processor.StandardRemovableAttributeTagProcessor
[THYMELEAF]             * [* {th:content,data-th-content}] [1000]: karate.org.thymeleaf.standard.processor.StandardRemovableAttributeTagProcessor
[THYMELEAF]             * [* {th:border,data-th-border}] [1000]: karate.org.thymeleaf.standard.processor.StandardRemovableAttributeTagProcessor
[THYMELEAF]             * [* {th:min,data-th-min}] [1000]: karate.org.thymeleaf.standard.processor.StandardRemovableAttributeTagProcessor
[THYMELEAF]             * [* {th:srclang,data-th-srclang}] [1000]: karate.org.thymeleaf.standard.processor.StandardRemovableAttributeTagProcessor
[THYMELEAF]             * [* {th:colspan,data-th-colspan}] [1000]: karate.org.thymeleaf.standard.processor.StandardRemovableAttributeTagProcessor
[THYMELEAF]             * [* {th:cite,data-th-cite}] [1000]: karate.org.thymeleaf.standard.processor.StandardRemovableAttributeTagProcessor
[THYMELEAF]             * [* {th:http-equiv,data-th-http-equiv}] [1000]: karate.org.thymeleaf.standard.processor.StandardRemovableAttributeTagProcessor
[THYMELEAF]             * [* {th:radiogroup,data-th-radiogroup}] [1000]: karate.org.thymeleaf.standard.processor.StandardRemovableAttributeTagProcessor
[THYMELEAF]             * [* {th:codetype,data-th-codetype}] [1000]: karate.org.thymeleaf.standard.processor.StandardRemovableAttributeTagProcessor
[THYMELEAF]             * [* {th:media,data-th-media}] [1000]: karate.org.thymeleaf.standard.processor.StandardRemovableAttributeTagProcessor
[THYMELEAF]             * [* {th:frame,data-th-frame}] [1000]: karate.org.thymeleaf.standard.processor.StandardRemovableAttributeTagProcessor
[THYMELEAF]             * [* {th:contenteditable,data-th-contenteditable}] [1000]: karate.org.thymeleaf.standard.processor.StandardRemovableAttributeTagProcessor
[THYMELEAF]             * [* {th:rev,data-th-rev}] [1000]: karate.org.thymeleaf.standard.processor.StandardRemovableAttributeTagProcessor
[THYMELEAF]             * [* {th:optimum,data-th-optimum}] [1000]: karate.org.thymeleaf.standard.processor.StandardRemovableAttributeTagProcessor
[THYMELEAF]             * [* {th:dir,data-th-dir}] [1000]: karate.org.thymeleaf.standard.processor.StandardRemovableAttributeTagProcessor
[THYMELEAF]             * [* {th:for,data-th-for}] [1000]: karate.org.thymeleaf.standard.processor.StandardRemovableAttributeTagProcessor
[THYMELEAF]             * [* {th:label,data-th-label}] [1000]: karate.org.thymeleaf.standard.processor.StandardRemovableAttributeTagProcessor
[THYMELEAF]             * [* {th:contextmenu,data-th-contextmenu}] [1000]: karate.org.thymeleaf.standard.processor.StandardRemovableAttributeTagProcessor
[THYMELEAF]             * [* {th:abbr,data-th-abbr}] [1000]: karate.org.thymeleaf.standard.processor.StandardRemovableAttributeTagProcessor
[THYMELEAF]             * [* {th:id,data-th-id}] [1000]: karate.org.thymeleaf.standard.processor.StandardRemovableAttributeTagProcessor
[THYMELEAF]             * [* {th:class,data-th-class}] [1000]: karate.org.thymeleaf.standard.processor.StandardRemovableAttributeTagProcessor
[THYMELEAF]             * [* {th:step,data-th-step}] [1000]: karate.org.thymeleaf.standard.processor.StandardRemovableAttributeTagProcessor
[THYMELEAF]             * [* {th:tabindex,data-th-tabindex}] [1000]: karate.org.thymeleaf.standard.processor.StandardRemovableAttributeTagProcessor
[THYMELEAF]             * [* {th:valuetype,data-th-valuetype}] [1000]: karate.org.thymeleaf.standard.processor.StandardRemovableAttributeTagProcessor
[THYMELEAF]             * [* {th:datetime,data-th-datetime}] [1000]: karate.org.thymeleaf.standard.processor.StandardRemovableAttributeTagProcessor
[THYMELEAF]             * [* {th:pattern,data-th-pattern}] [1000]: karate.org.thymeleaf.standard.processor.StandardRemovableAttributeTagProcessor
[THYMELEAF]             * [* {th:summary,data-th-summary}] [1000]: karate.org.thymeleaf.standard.processor.StandardRemovableAttributeTagProcessor
[THYMELEAF]             * [* {th:placeholder,data-th-placeholder}] [1000]: karate.org.thymeleaf.standard.processor.StandardRemovableAttributeTagProcessor
[THYMELEAF]             * [* {th:usemap,data-th-usemap}] [1000]: karate.org.thymeleaf.standard.processor.StandardRemovableAttributeTagProcessor
[THYMELEAF]             * [* {th:form,data-th-form}] [1000]: karate.org.thymeleaf.standard.processor.StandardRemovableAttributeTagProcessor
[THYMELEAF]             * [* {th:accept,data-th-accept}] [1000]: karate.org.thymeleaf.standard.processor.StandardRemovableAttributeTagProcessor
[THYMELEAF]             * [* {th:standby,data-th-standby}] [1000]: karate.org.thymeleaf.standard.processor.StandardRemovableAttributeTagProcessor
[THYMELEAF]             * [* {th:wrap,data-th-wrap}] [1000]: karate.org.thymeleaf.standard.processor.StandardRemovableAttributeTagProcessor
[THYMELEAF]             * [* {th:title,data-th-title}] [1000]: karate.org.thymeleaf.standard.processor.StandardRemovableAttributeTagProcessor
[THYMELEAF]             * [* {th:align,data-th-align}] [1000]: karate.org.thymeleaf.standard.processor.StandardRemovableAttributeTagProcessor
[THYMELEAF]             * [* {th:sandbox,data-th-sandbox}] [1000]: karate.org.thymeleaf.standard.processor.StandardRemovableAttributeTagProcessor
[THYMELEAF]             * [* {th:high,data-th-high}] [1000]: karate.org.thymeleaf.standard.processor.StandardRemovableAttributeTagProcessor
[THYMELEAF]             * [* {th:spellcheck,data-th-spellcheck}] [1000]: karate.org.thymeleaf.standard.processor.StandardRemovableAttributeTagProcessor
[THYMELEAF]             * [* {th:height,data-th-height}] [1000]: karate.org.thymeleaf.standard.processor.StandardRemovableAttributeTagProcessor
[THYMELEAF]             * [* {th:rules,data-th-rules}] [1000]: karate.org.thymeleaf.standard.processor.StandardRemovableAttributeTagProcessor
[THYMELEAF]             * [* {th:keytype,data-th-keytype}] [1000]: karate.org.thymeleaf.standard.processor.StandardRemovableAttributeTagProcessor
[THYMELEAF]             * [* {th:scrolling,data-th-scrolling}] [1000]: karate.org.thymeleaf.standard.processor.StandardRemovableAttributeTagProcessor
[THYMELEAF]             * [* {th:target,data-th-target}] [1000]: karate.org.thymeleaf.standard.processor.StandardRemovableAttributeTagProcessor
[THYMELEAF]             * [* {th:bgcolor,data-th-bgcolor}] [1000]: karate.org.thymeleaf.standard.processor.StandardRemovableAttributeTagProcessor
[THYMELEAF]             * [* {th:src,data-th-src}] [1000]: karate.org.thymeleaf.standard.processor.StandardSrcTagProcessor
[THYMELEAF]             * [* {th:value,data-th-value}] [1000]: karate.org.thymeleaf.standard.processor.StandardValueTagProcessor
[THYMELEAF]             * [* {th:xmlbase,data-th-xmlbase}] [1000]: karate.org.thymeleaf.standard.processor.StandardXmlBaseTagProcessor
[THYMELEAF]             * [* {th:xmllang,data-th-xmllang}] [1000]: karate.org.thymeleaf.standard.processor.StandardXmlLangTagProcessor
[THYMELEAF]             * [* {xmlns:th}] [1000]: karate.org.thymeleaf.standard.processor.StandardXmlNsTagProcessor
[THYMELEAF]             * [* {th:xmlspace,data-th-xmlspace}] [1000]: karate.org.thymeleaf.standard.processor.StandardXmlSpaceTagProcessor
[THYMELEAF]             * [* {th:classappend,data-th-classappend}] [1100]: karate.org.thymeleaf.standard.processor.StandardClassappendTagProcessor
[THYMELEAF]             * [* {th:styleappend,data-th-styleappend}] [1100]: karate.org.thymeleaf.standard.processor.StandardStyleappendTagProcessor
[THYMELEAF]             * [* {th:text,data-th-text}] [1300]: karate.org.thymeleaf.standard.processor.StandardTextTagProcessor
[THYMELEAF]             * [* {th:utext,data-th-utext}] [1400]: karate.org.thymeleaf.standard.processor.StandardUtextTagProcessor
[THYMELEAF]             * [* {th:fragment,data-th-fragment}] [1500]: karate.org.thymeleaf.standard.processor.StandardFragmentTagProcessor
[THYMELEAF]             * [* {th:assert,data-th-assert}] [1550]: karate.org.thymeleaf.standard.processor.StandardAssertTagProcessor
[THYMELEAF]             * [* {th:remove,data-th-remove}] [1600]: karate.org.thymeleaf.standard.processor.StandardRemoveTagProcessor
[THYMELEAF]             * [* {th:ref,data-th-ref}] [10000]: karate.org.thymeleaf.standard.processor.StandardRefAttributeTagProcessor
[THYMELEAF]             * [{th:block,th-block} *] [100000]: karate.org.thymeleaf.standard.processor.StandardBlockTagProcessor
[THYMELEAF]             * [* th:*] [2147483647]: karate.org.thymeleaf.standard.processor.StandardDefaultAttributesTagProcessor
[THYMELEAF]         * Text Processors by [precedence]:
[THYMELEAF]             * [1000]: karate.org.thymeleaf.standard.processor.StandardInliningTextProcessor
[THYMELEAF]         * DOCTYPE Processors by [precedence]:
[THYMELEAF]             * [1000]: karate.org.thymeleaf.standard.processor.StandardTranslationDocTypeProcessor
[THYMELEAF]         * CDATA Section Processors by [precedence]:
[THYMELEAF]             * [1000]: karate.org.thymeleaf.standard.processor.StandardInliningCDATASectionProcessor
[THYMELEAF]         * Comment Processors by [precedence]:
[THYMELEAF]             * [1000]: karate.org.thymeleaf.standard.processor.StandardInliningCommentProcessor
[THYMELEAF]             * [1100]: karate.org.thymeleaf.standard.processor.StandardConditionalCommentProcessor
[THYMELEAF]     * Processors for Template Mode: XML
[THYMELEAF]         * Element Tag Processors by [matching element and attribute name] [precedence]:
[THYMELEAF]             * [* {th:include}] [100]: karate.org.thymeleaf.standard.processor.StandardIncludeTagProcessor
[THYMELEAF]             * [* {th:insert}] [100]: karate.org.thymeleaf.standard.processor.StandardInsertTagProcessor
[THYMELEAF]             * [* {th:replace}] [100]: karate.org.thymeleaf.standard.processor.StandardReplaceTagProcessor
[THYMELEAF]             * [* {th:substituteby}] [100]: karate.org.thymeleaf.standard.processor.StandardSubstituteByTagProcessor
[THYMELEAF]             * [* {th:each}] [200]: com.intuit.karate.template.KarateEachTagProcessor
[THYMELEAF]             * [* {th:switch}] [250]: karate.org.thymeleaf.standard.processor.StandardSwitchTagProcessor
[THYMELEAF]             * [* {th:case}] [275]: karate.org.thymeleaf.standard.processor.StandardCaseTagProcessor
[THYMELEAF]             * [* {th:if}] [300]: karate.org.thymeleaf.standard.processor.StandardIfTagProcessor
[THYMELEAF]             * [* {th:unless}] [400]: karate.org.thymeleaf.standard.processor.StandardUnlessTagProcessor
[THYMELEAF]             * [* {th:object}] [500]: karate.org.thymeleaf.standard.processor.StandardObjectTagProcessor
[THYMELEAF]             * [* {th:with}] [600]: com.intuit.karate.template.KarateWithTagProcessor
[THYMELEAF]             * [* {th:attr}] [700]: com.intuit.karate.template.KarateAttributeTagProcessor.KarateAttrTagProcessor
[THYMELEAF]             * [* {th:attrappend}] [900]: com.intuit.karate.template.KarateAttributeTagProcessor.KarateAttrappendTagProcessor
[THYMELEAF]             * [* {th:attrprepend}] [900]: com.intuit.karate.template.KarateAttributeTagProcessor.KarateAttrprependTagProcessor
[THYMELEAF]             * [* {th:inline}] [1000]: karate.org.thymeleaf.standard.processor.StandardInlineXMLTagProcessor
[THYMELEAF]             * [* {xmlns:th}] [1000]: karate.org.thymeleaf.standard.processor.StandardXmlNsTagProcessor
[THYMELEAF]             * [* {th:text}] [1300]: karate.org.thymeleaf.standard.processor.StandardTextTagProcessor
[THYMELEAF]             * [* {th:utext}] [1400]: karate.org.thymeleaf.standard.processor.StandardUtextTagProcessor
[THYMELEAF]             * [* {th:fragment}] [1500]: karate.org.thymeleaf.standard.processor.StandardFragmentTagProcessor
[THYMELEAF]             * [* {th:assert}] [1550]: karate.org.thymeleaf.standard.processor.StandardAssertTagProcessor
[THYMELEAF]             * [* {th:remove}] [1600]: karate.org.thymeleaf.standard.processor.StandardRemoveTagProcessor
[THYMELEAF]             * [* {th:ref}] [10000]: karate.org.thymeleaf.standard.processor.StandardRefAttributeTagProcessor
[THYMELEAF]             * [{th:block} *] [100000]: karate.org.thymeleaf.standard.processor.StandardBlockTagProcessor
[THYMELEAF]             * [* th:*] [2147483647]: karate.org.thymeleaf.standard.processor.StandardDefaultAttributesTagProcessor
[THYMELEAF]         * Text Processors by [precedence]:
[THYMELEAF]             * [1000]: karate.org.thymeleaf.standard.processor.StandardInliningTextProcessor
[THYMELEAF]         * CDATA Section Processors by [precedence]:
[THYMELEAF]             * [1000]: karate.org.thymeleaf.standard.processor.StandardInliningCDATASectionProcessor
[THYMELEAF]         * Comment Processors by [precedence]:
[THYMELEAF]             * [1000]: karate.org.thymeleaf.standard.processor.StandardInliningCommentProcessor
[THYMELEAF]     * Processors for Template Mode: TEXT
[THYMELEAF]         * Element Tag Processors by [matching element and attribute name] [precedence]:
[THYMELEAF]             * [* {th:insert}] [100]: karate.org.thymeleaf.standard.processor.StandardInsertTagProcessor
[THYMELEAF]             * [* {th:replace}] [100]: karate.org.thymeleaf.standard.processor.StandardReplaceTagProcessor
[THYMELEAF]             * [* {th:each}] [200]: com.intuit.karate.template.KarateEachTagProcessor
[THYMELEAF]             * [* {th:switch}] [250]: karate.org.thymeleaf.standard.processor.StandardSwitchTagProcessor
[THYMELEAF]             * [* {th:case}] [275]: karate.org.thymeleaf.standard.processor.StandardCaseTagProcessor
[THYMELEAF]             * [* {th:if}] [300]: karate.org.thymeleaf.standard.processor.StandardIfTagProcessor
[THYMELEAF]             * [* {th:unless}] [400]: karate.org.thymeleaf.standard.processor.StandardUnlessTagProcessor
[THYMELEAF]             * [* {th:object}] [500]: karate.org.thymeleaf.standard.processor.StandardObjectTagProcessor
[THYMELEAF]             * [* {th:with}] [600]: com.intuit.karate.template.KarateWithTagProcessor
[THYMELEAF]             * [* {th:inline}] [1000]: karate.org.thymeleaf.standard.processor.StandardInlineTextualTagProcessor
[THYMELEAF]             * [* {th:text}] [1300]: karate.org.thymeleaf.standard.processor.StandardTextTagProcessor
[THYMELEAF]             * [* {th:utext}] [1400]: karate.org.thymeleaf.standard.processor.StandardUtextTagProcessor
[THYMELEAF]             * [* {th:assert}] [1550]: karate.org.thymeleaf.standard.processor.StandardAssertTagProcessor
[THYMELEAF]             * [* {th:remove}] [1600]: karate.org.thymeleaf.standard.processor.StandardRemoveTagProcessor
[THYMELEAF]             * [{th:block} *] [100000]: karate.org.thymeleaf.standard.processor.StandardBlockTagProcessor
[THYMELEAF]             * [* 100000] [karate.org.thymeleaf.standard.processor.StandardBlockTagProcessor]: {}
[THYMELEAF]         * Text Processors by [precedence]:
[THYMELEAF]             * [1000]: karate.org.thymeleaf.standard.processor.StandardInliningTextProcessor
[THYMELEAF]     * Processors for Template Mode: JAVASCRIPT
[THYMELEAF]         * Element Tag Processors by [matching element and attribute name] [precedence]:
[THYMELEAF]             * [* {th:insert}] [100]: karate.org.thymeleaf.standard.processor.StandardInsertTagProcessor
[THYMELEAF]             * [* {th:replace}] [100]: karate.org.thymeleaf.standard.processor.StandardReplaceTagProcessor
[THYMELEAF]             * [* {th:each}] [200]: com.intuit.karate.template.KarateEachTagProcessor
[THYMELEAF]             * [* {th:switch}] [250]: karate.org.thymeleaf.standard.processor.StandardSwitchTagProcessor
[THYMELEAF]             * [* {th:case}] [275]: karate.org.thymeleaf.standard.processor.StandardCaseTagProcessor
[THYMELEAF]             * [* {th:if}] [300]: karate.org.thymeleaf.standard.processor.StandardIfTagProcessor
[THYMELEAF]             * [* {th:unless}] [400]: karate.org.thymeleaf.standard.processor.StandardUnlessTagProcessor
[THYMELEAF]             * [* {th:object}] [500]: karate.org.thymeleaf.standard.processor.StandardObjectTagProcessor
[THYMELEAF]             * [* {th:with}] [600]: com.intuit.karate.template.KarateWithTagProcessor
[THYMELEAF]             * [* {th:inline}] [1000]: karate.org.thymeleaf.standard.processor.StandardInlineTextualTagProcessor
[THYMELEAF]             * [* {th:text}] [1300]: karate.org.thymeleaf.standard.processor.StandardTextTagProcessor
[THYMELEAF]             * [* {th:utext}] [1400]: karate.org.thymeleaf.standard.processor.StandardUtextTagProcessor
[THYMELEAF]             * [* {th:assert}] [1550]: karate.org.thymeleaf.standard.processor.StandardAssertTagProcessor
[THYMELEAF]             * [* {th:remove}] [1600]: karate.org.thymeleaf.standard.processor.StandardRemoveTagProcessor
[THYMELEAF]             * [{th:block} *] [100000]: karate.org.thymeleaf.standard.processor.StandardBlockTagProcessor
[THYMELEAF]             * [* 100000] [karate.org.thymeleaf.standard.processor.StandardBlockTagProcessor]: {}
[THYMELEAF]         * Text Processors by [precedence]:
[THYMELEAF]             * [1000]: karate.org.thymeleaf.standard.processor.StandardInliningTextProcessor
[THYMELEAF]     * Processors for Template Mode: CSS
[THYMELEAF]         * Element Tag Processors by [matching element and attribute name] [precedence]:
[THYMELEAF]             * [* {th:insert}] [100]: karate.org.thymeleaf.standard.processor.StandardInsertTagProcessor
[THYMELEAF]             * [* {th:replace}] [100]: karate.org.thymeleaf.standard.processor.StandardReplaceTagProcessor
[THYMELEAF]             * [* {th:each}] [200]: com.intuit.karate.template.KarateEachTagProcessor
[THYMELEAF]             * [* {th:switch}] [250]: karate.org.thymeleaf.standard.processor.StandardSwitchTagProcessor
[THYMELEAF]             * [* {th:case}] [275]: karate.org.thymeleaf.standard.processor.StandardCaseTagProcessor
[THYMELEAF]             * [* {th:if}] [300]: karate.org.thymeleaf.standard.processor.StandardIfTagProcessor
[THYMELEAF]             * [* {th:unless}] [400]: karate.org.thymeleaf.standard.processor.StandardUnlessTagProcessor
[THYMELEAF]             * [* {th:object}] [500]: karate.org.thymeleaf.standard.processor.StandardObjectTagProcessor
[THYMELEAF]             * [* {th:with}] [600]: com.intuit.karate.template.KarateWithTagProcessor
[THYMELEAF]             * [* {th:inline}] [1000]: karate.org.thymeleaf.standard.processor.StandardInlineTextualTagProcessor
[THYMELEAF]             * [* {th:text}] [1300]: karate.org.thymeleaf.standard.processor.StandardTextTagProcessor
[THYMELEAF]             * [* {th:utext}] [1400]: karate.org.thymeleaf.standard.processor.StandardUtextTagProcessor
[THYMELEAF]             * [* {th:assert}] [1550]: karate.org.thymeleaf.standard.processor.StandardAssertTagProcessor
[THYMELEAF]             * [* {th:remove}] [1600]: karate.org.thymeleaf.standard.processor.StandardRemoveTagProcessor
[THYMELEAF]             * [{th:block} *] [100000]: karate.org.thymeleaf.standard.processor.StandardBlockTagProcessor
[THYMELEAF]             * [* 100000] [karate.org.thymeleaf.standard.processor.StandardBlockTagProcessor]: {}
[THYMELEAF]         * Text Processors by [precedence]:
[THYMELEAF]             * [1000]: karate.org.thymeleaf.standard.processor.StandardInliningTextProcessor
[THYMELEAF]     * Expression Objects:
[THYMELEAF]         * #ctx
[THYMELEAF]         * #root
[THYMELEAF]         * #vars
[THYMELEAF]         * #object
[THYMELEAF]         * #locale
[THYMELEAF]         * #request
[THYMELEAF]         * #response
[THYMELEAF]         * #session
[THYMELEAF]         * #servletContext
[THYMELEAF]         * #conversions
[THYMELEAF]         * #uris
[THYMELEAF]         * #calendars
[THYMELEAF]         * #dates
[THYMELEAF]         * #bools
[THYMELEAF]         * #numbers
[THYMELEAF]         * #objects
[THYMELEAF]         * #strings
[THYMELEAF]         * #arrays
[THYMELEAF]         * #lists
[THYMELEAF]         * #sets
[THYMELEAF]         * #maps
[THYMELEAF]         * #aggregates
[THYMELEAF]         * #messages
[THYMELEAF]         * #ids
[THYMELEAF]         * #execInfo
[THYMELEAF]         * #httpServletRequest
[THYMELEAF]         * #httpSession
[THYMELEAF]     * Execution Attributes:
[THYMELEAF]         * "StandardExpressionParser": com.intuit.karate.template.KarateStandardDialect@758311ed
[THYMELEAF]         * "StandardJavaScriptSerializer": karate.org.thymeleaf.standard.serializer.StandardJavaScriptSerializer@3c2f310c
[THYMELEAF]         * "StandardCSSSerializer": karate.org.thymeleaf.standard.serializer.StandardCSSSerializer@74f92d14
[THYMELEAF]         * "StandardVariableExpressionEvaluator": com.intuit.karate.template.KarateStandardDialect@758311ed
[THYMELEAF]         * "StandardConversionService": karate.org.thymeleaf.standard.expression.StandardConversionService@40071890
[THYMELEAF] * Dialect [2 of 2]: karate (com.intuit.karate.template.KarateScriptDialect)
[THYMELEAF]     * Prefix: "ka"
[THYMELEAF]     * Processors for Template Mode: HTML
[THYMELEAF]         * Element Tag Processors by [matching element and attribute name] [precedence]:
[THYMELEAF]             * [* {src}] [1000]: com.intuit.karate.template.KaScriptAttrProcessor
[THYMELEAF]         * Element Model Processors by [matching element and attribute name] [precedence]:
[THYMELEAF]             * [{script} {ka:scope,data-ka-scope}] [1000]: com.intuit.karate.template.KaScriptElemProcessor
[THYMELEAF]             * [* {ka:set,data-ka-set}] [1000]: com.intuit.karate.template.KaSetElemProcessor
[THYMELEAF] TEMPLATE ENGINE CONFIGURED OK
13:05:01.607 [main] DEBUG karate.org.thymeleaf.TemplateEngine - [THYMELEAF] TEMPLATE ENGINE INITIALIZED
13:05:01.616 [main] DEBUG karate.org.thymeleaf.TemplateEngine - [THYMELEAF] INITIALIZING TEMPLATE ENGINE
13:05:01.627 [main] DEBUG karate.org.thymeleaf.TemplateEngine.CONFIG - Initializing Thymeleaf Template engine configuration...
[THYMELEAF] TEMPLATE ENGINE CONFIGURATION:
[THYMELEAF] * Thymeleaf version: 3.0.12.RELEASE (built 2020-12-21T00:26:28+0000)
[THYMELEAF] * Cache Manager implementation: karate.org.thymeleaf.cache.StandardCacheManager
[THYMELEAF] * Template resolvers:
[THYMELEAF]     * [1] com.intuit.karate.template.ResourceHtmlTemplateResolver
[THYMELEAF] * Message resolvers:
[THYMELEAF]     * karate.org.thymeleaf.messageresolver.StandardMessageResolver
[THYMELEAF] * Link builders:
[THYMELEAF]     * karate.org.thymeleaf.linkbuilder.StandardLinkBuilder
[THYMELEAF] * Dialect [1 of 2]: Standard (com.intuit.karate.template.KarateStandardDialect)
[THYMELEAF]     * Prefix: "th"
[THYMELEAF]     * Processors for Template Mode: HTML
[THYMELEAF]         * Element Tag Processors by [matching element and attribute name] [precedence]:
[THYMELEAF]             * [* {th:include,data-th-include}] [100]: karate.org.thymeleaf.standard.processor.StandardIncludeTagProcessor
[THYMELEAF]             * [* {th:insert,data-th-insert}] [100]: karate.org.thymeleaf.standard.processor.StandardInsertTagProcessor
[THYMELEAF]             * [* {th:replace,data-th-replace}] [100]: karate.org.thymeleaf.standard.processor.StandardReplaceTagProcessor
[THYMELEAF]             * [* {th:substituteby,data-th-substituteby}] [100]: karate.org.thymeleaf.standard.processor.StandardSubstituteByTagProcessor
[THYMELEAF]             * [* {th:each,data-th-each}] [200]: com.intuit.karate.template.KarateEachTagProcessor
[THYMELEAF]             * [* {th:switch,data-th-switch}] [250]: karate.org.thymeleaf.standard.processor.StandardSwitchTagProcessor
[THYMELEAF]             * [* {th:case,data-th-case}] [275]: karate.org.thymeleaf.standard.processor.StandardCaseTagProcessor
[THYMELEAF]             * [* {th:if,data-th-if}] [300]: karate.org.thymeleaf.standard.processor.StandardIfTagProcessor
[THYMELEAF]             * [* {th:unless,data-th-unless}] [400]: karate.org.thymeleaf.standard.processor.StandardUnlessTagProcessor
[THYMELEAF]             * [* {th:object,data-th-object}] [500]: karate.org.thymeleaf.standard.processor.StandardObjectTagProcessor
[THYMELEAF]             * [* {th:with,data-th-with}] [600]: com.intuit.karate.template.KarateWithTagProcessor
[THYMELEAF]             * [* {th:attr,data-th-attr}] [700]: com.intuit.karate.template.KarateAttributeTagProcessor.KarateAttrTagProcessor
[THYMELEAF]             * [* {th:attrappend,data-th-attrappend}] [900]: com.intuit.karate.template.KarateAttributeTagProcessor.KarateAttrappendTagProcessor
[THYMELEAF]             * [* {th:attrprepend,data-th-attrprepend}] [900]: com.intuit.karate.template.KarateAttributeTagProcessor.KarateAttrprependTagProcessor
[THYMELEAF]             * [* {th:alt-title,data-th-alt-title}] [990]: karate.org.thymeleaf.standard.processor.StandardAltTitleTagProcessor
[THYMELEAF]             * [* {th:lang-xmllang,data-th-lang-xmllang}] [990]: karate.org.thymeleaf.standard.processor.StandardLangXmlLangTagProcessor
[THYMELEAF]             * [* {th:action,data-th-action}] [1000]: karate.org.thymeleaf.standard.processor.StandardActionTagProcessor
[THYMELEAF]             * [* {th:seamless,data-th-seamless}] [1000]: karate.org.thymeleaf.standard.processor.StandardConditionalFixedValueTagProcessor
[THYMELEAF]             * [* {th:readonly,data-th-readonly}] [1000]: karate.org.thymeleaf.standard.processor.StandardConditionalFixedValueTagProcessor
[THYMELEAF]             * [* {th:hidden,data-th-hidden}] [1000]: karate.org.thymeleaf.standard.processor.StandardConditionalFixedValueTagProcessor
[THYMELEAF]             * [* {th:pubdate,data-th-pubdate}] [1000]: karate.org.thymeleaf.standard.processor.StandardConditionalFixedValueTagProcessor
[THYMELEAF]             * [* {th:nowrap,data-th-nowrap}] [1000]: karate.org.thymeleaf.standard.processor.StandardConditionalFixedValueTagProcessor
[THYMELEAF]             * [* {th:controls,data-th-controls}] [1000]: karate.org.thymeleaf.standard.processor.StandardConditionalFixedValueTagProcessor
[THYMELEAF]             * [* {th:default,data-th-default}] [1000]: karate.org.thymeleaf.standard.processor.StandardConditionalFixedValueTagProcessor
[THYMELEAF]             * [* {th:disabled,data-th-disabled}] [1000]: karate.org.thymeleaf.standard.processor.StandardConditionalFixedValueTagProcessor
[THYMELEAF]             * [* {th:checked,data-th-checked}] [1000]: karate.org.thymeleaf.standard.processor.StandardConditionalFixedValueTagProcessor
[THYMELEAF]             * [* {th:async,data-th-async}] [1000]: karate.org.thymeleaf.standard.processor.StandardConditionalFixedValueTagProcessor
[THYMELEAF]             * [* {th:scoped,data-th-scoped}] [1000]: karate.org.thymeleaf.standard.processor.StandardConditionalFixedValueTagProcessor
[THYMELEAF]             * [* {th:open,data-th-open}] [1000]: karate.org.thymeleaf.standard.processor.StandardConditionalFixedValueTagProcessor
[THYMELEAF]             * [* {th:defer,data-th-defer}] [1000]: karate.org.thymeleaf.standard.processor.StandardConditionalFixedValueTagProcessor
[THYMELEAF]             * [* {th:selected,data-th-selected}] [1000]: karate.org.thymeleaf.standard.processor.StandardConditionalFixedValueTagProcessor
[THYMELEAF]             * [* {th:loop,data-th-loop}] [1000]: karate.org.thymeleaf.standard.processor.StandardConditionalFixedValueTagProcessor
[THYMELEAF]             * [* {th:novalidate,data-th-novalidate}] [1000]: karate.org.thymeleaf.standard.processor.StandardConditionalFixedValueTagProcessor
[THYMELEAF]             * [* {th:formnovalidate,data-th-formnovalidate}] [1000]: karate.org.thymeleaf.standard.processor.StandardConditionalFixedValueTagProcessor
[THYMELEAF]             * [* {th:reversed,data-th-reversed}] [1000]: karate.org.thymeleaf.standard.processor.StandardConditionalFixedValueTagProcessor
[THYMELEAF]             * [* {th:ismap,data-th-ismap}] [1000]: karate.org.thymeleaf.standard.processor.StandardConditionalFixedValueTagProcessor
[THYMELEAF]             * [* {th:declare,data-th-declare}] [1000]: karate.org.thymeleaf.standard.processor.StandardConditionalFixedValueTagProcessor
[THYMELEAF]             * [* {th:required,data-th-required}] [1000]: karate.org.thymeleaf.standard.processor.StandardConditionalFixedValueTagProcessor
[THYMELEAF]             * [* {th:autoplay,data-th-autoplay}] [1000]: karate.org.thymeleaf.standard.processor.StandardConditionalFixedValueTagProcessor
[THYMELEAF]             * [* {th:autofocus,data-th-autofocus}] [1000]: karate.org.thymeleaf.standard.processor.StandardConditionalFixedValueTagProcessor
[THYMELEAF]             * [* {th:multiple,data-th-multiple}] [1000]: karate.org.thymeleaf.standard.processor.StandardConditionalFixedValueTagProcessor
[THYMELEAF]             * [* {th:onformchange,data-th-onformchange}] [1000]: karate.org.thymeleaf.standard.processor.StandardDOMEventAttributeTagProcessor
[THYMELEAF]             * [* {th:onended,data-th-onended}] [1000]: karate.org.thymeleaf.standard.processor.StandardDOMEventAttributeTagProcessor
[THYMELEAF]             * [* {th:onstalled,data-th-onstalled}] [1000]: karate.org.thymeleaf.standard.processor.StandardDOMEventAttributeTagProcessor
[THYMELEAF]             * [* {th:oninvalid,data-th-oninvalid}] [1000]: karate.org.thymeleaf.standard.processor.StandardDOMEventAttributeTagProcessor
[THYMELEAF]             * [* {th:onchange,data-th-onchange}] [1000]: karate.org.thymeleaf.standard.processor.StandardDOMEventAttributeTagProcessor
[THYMELEAF]             * [* {th:onmousewheel,data-th-onmousewheel}] [1000]: karate.org.thymeleaf.standard.processor.StandardDOMEventAttributeTagProcessor
[THYMELEAF]             * [* {th:onredo,data-th-onredo}] [1000]: karate.org.thymeleaf.standard.processor.StandardDOMEventAttributeTagProcessor
[THYMELEAF]             * [* {th:onunload,data-th-onunload}] [1000]: karate.org.thymeleaf.standard.processor.StandardDOMEventAttributeTagProcessor
[THYMELEAF]             * [* {th:ondragenter,data-th-ondragenter}] [1000]: karate.org.thymeleaf.standard.processor.StandardDOMEventAttributeTagProcessor
[THYMELEAF]             * [* {th:oncanplay,data-th-oncanplay}] [1000]: karate.org.thymeleaf.standard.processor.StandardDOMEventAttributeTagProcessor
[THYMELEAF]             * [* {th:onclick,data-th-onclick}] [1000]: karate.org.thymeleaf.standard.processor.StandardDOMEventAttributeTagProcessor
[THYMELEAF]             * [* {th:onratechange,data-th-onratechange}] [1000]: karate.org.thymeleaf.standard.processor.StandardDOMEventAttributeTagProcessor
[THYMELEAF]             * [* {th:onblur,data-th-onblur}] [1000]: karate.org.thymeleaf.standard.processor.StandardDOMEventAttributeTagProcessor
[THYMELEAF]             * [* {th:ontimeupdate,data-th-ontimeupdate}] [1000]: karate.org.thymeleaf.standard.processor.StandardDOMEventAttributeTagProcessor
[THYMELEAF]             * [* {th:onbeforeprint,data-th-onbeforeprint}] [1000]: karate.org.thymeleaf.standard.processor.StandardDOMEventAttributeTagProcessor
[THYMELEAF]             * [* {th:onfocus,data-th-onfocus}] [1000]: karate.org.thymeleaf.standard.processor.StandardDOMEventAttributeTagProcessor
[THYMELEAF]             * [* {th:onkeypress,data-th-onkeypress}] [1000]: karate.org.thymeleaf.standard.processor.StandardDOMEventAttributeTagProcessor
[THYMELEAF]             * [* {th:onmouseover,data-th-onmouseover}] [1000]: karate.org.thymeleaf.standard.processor.StandardDOMEventAttributeTagProcessor
[THYMELEAF]             * [* {th:onpopstate,data-th-onpopstate}] [1000]: karate.org.thymeleaf.standard.processor.StandardDOMEventAttributeTagProcessor
[THYMELEAF]             * [* {th:oncanplaythrough,data-th-oncanplaythrough}] [1000]: karate.org.thymeleaf.standard.processor.StandardDOMEventAttributeTagProcessor
[THYMELEAF]             * [* {th:onoffline,data-th-onoffline}] [1000]: karate.org.thymeleaf.standard.processor.StandardDOMEventAttributeTagProcessor
[THYMELEAF]             * [* {th:onloadeddata,data-th-onloadeddata}] [1000]: karate.org.thymeleaf.standard.processor.StandardDOMEventAttributeTagProcessor
[THYMELEAF]             * [* {th:onresize,data-th-onresize}] [1000]: karate.org.thymeleaf.standard.processor.StandardDOMEventAttributeTagProcessor
[THYMELEAF]             * [* {th:onundo,data-th-onundo}] [1000]: karate.org.thymeleaf.standard.processor.StandardDOMEventAttributeTagProcessor
[THYMELEAF]             * [* {th:onforminput,data-th-onforminput}] [1000]: karate.org.thymeleaf.standard.processor.StandardDOMEventAttributeTagProcessor
[THYMELEAF]             * [* {th:oninput,data-th-oninput}] [1000]: karate.org.thymeleaf.standard.processor.StandardDOMEventAttributeTagProcessor
[THYMELEAF]             * [* {th:ondragend,data-th-ondragend}] [1000]: karate.org.thymeleaf.standard.processor.StandardDOMEventAttributeTagProcessor
[THYMELEAF]             * [* {th:ondragleave,data-th-ondragleave}] [1000]: karate.org.thymeleaf.standard.processor.StandardDOMEventAttributeTagProcessor
[THYMELEAF]             * [* {th:onwaiting,data-th-onwaiting}] [1000]: karate.org.thymeleaf.standard.processor.StandardDOMEventAttributeTagProcessor
[THYMELEAF]             * [* {th:onmouseout,data-th-onmouseout}] [1000]: karate.org.thymeleaf.standard.processor.StandardDOMEventAttributeTagProcessor
[THYMELEAF]             * [* {th:onplay,data-th-onplay}] [1000]: karate.org.thymeleaf.standard.processor.StandardDOMEventAttributeTagProcessor
[THYMELEAF]             * [* {th:ondrag,data-th-ondrag}] [1000]: karate.org.thymeleaf.standard.processor.StandardDOMEventAttributeTagProcessor
[THYMELEAF]             * [* {th:onabort,data-th-onabort}] [1000]: karate.org.thymeleaf.standard.processor.StandardDOMEventAttributeTagProcessor
[THYMELEAF]             * [* {th:onmouseup,data-th-onmouseup}] [1000]: karate.org.thymeleaf.standard.processor.StandardDOMEventAttributeTagProcessor
[THYMELEAF]             * [* {th:onafterprint,data-th-onafterprint}] [1000]: karate.org.thymeleaf.standard.processor.StandardDOMEventAttributeTagProcessor
[THYMELEAF]             * [* {th:onshow,data-th-onshow}] [1000]: karate.org.thymeleaf.standard.processor.StandardDOMEventAttributeTagProcessor
[THYMELEAF]             * [* {th:onsubmit,data-th-onsubmit}] [1000]: karate.org.thymeleaf.standard.processor.StandardDOMEventAttributeTagProcessor
[THYMELEAF]             * [* {th:onreadystatechange,data-th-onreadystatechange}] [1000]: karate.org.thymeleaf.standard.processor.StandardDOMEventAttributeTagProcessor
[THYMELEAF]             * [* {th:onhashchange,data-th-onhashchange}] [1000]: karate.org.thymeleaf.standard.processor.StandardDOMEventAttributeTagProcessor
[THYMELEAF]             * [* {th:onmousedown,data-th-onmousedown}] [1000]: karate.org.thymeleaf.standard.processor.StandardDOMEventAttributeTagProcessor
[THYMELEAF]             * [* {th:onbeforeunload,data-th-onbeforeunload}] [1000]: karate.org.thymeleaf.standard.processor.StandardDOMEventAttributeTagProcessor
[THYMELEAF]             * [* {th:ondurationchange,data-th-ondurationchange}] [1000]: karate.org.thymeleaf.standard.processor.StandardDOMEventAttributeTagProcessor
[THYMELEAF]             * [* {th:onstorage,data-th-onstorage}] [1000]: karate.org.thymeleaf.standard.processor.StandardDOMEventAttributeTagProcessor
[THYMELEAF]             * [* {th:onload,data-th-onload}] [1000]: karate.org.thymeleaf.standard.processor.StandardDOMEventAttributeTagProcessor
[THYMELEAF]             * [* {th:ondragstart,data-th-ondragstart}] [1000]: karate.org.thymeleaf.standard.processor.StandardDOMEventAttributeTagProcessor
[THYMELEAF]             * [* {th:ononline,data-th-ononline}] [1000]: karate.org.thymeleaf.standard.processor.StandardDOMEventAttributeTagProcessor
[THYMELEAF]             * [* {th:onloadedmetadata,data-th-onloadedmetadata}] [1000]: karate.org.thymeleaf.standard.processor.StandardDOMEventAttributeTagProcessor
[THYMELEAF]             * [* {th:onmessage,data-th-onmessage}] [1000]: karate.org.thymeleaf.standard.processor.StandardDOMEventAttributeTagProcessor
[THYMELEAF]             * [* {th:onerror,data-th-onerror}] [1000]: karate.org.thymeleaf.standard.processor.StandardDOMEventAttributeTagProcessor
[THYMELEAF]             * [* {th:onreset,data-th-onreset}] [1000]: karate.org.thymeleaf.standard.processor.StandardDOMEventAttributeTagProcessor
[THYMELEAF]             * [* {th:onloadstart,data-th-onloadstart}] [1000]: karate.org.thymeleaf.standard.processor.StandardDOMEventAttributeTagProcessor
[THYMELEAF]             * [* {th:onvolumechange,data-th-onvolumechange}] [1000]: karate.org.thymeleaf.standard.processor.StandardDOMEventAttributeTagProcessor
[THYMELEAF]             * [* {th:onmousemove,data-th-onmousemove}] [1000]: karate.org.thymeleaf.standard.processor.StandardDOMEventAttributeTagProcessor
[THYMELEAF]             * [* {th:onscroll,data-th-onscroll}] [1000]: karate.org.thymeleaf.standard.processor.StandardDOMEventAttributeTagProcessor
[THYMELEAF]             * [* {th:ondblclick,data-th-ondblclick}] [1000]: karate.org.thymeleaf.standard.processor.StandardDOMEventAttributeTagProcessor
[THYMELEAF]             * [* {th:ondrop,data-th-ondrop}] [1000]: karate.org.thymeleaf.standard.processor.StandardDOMEventAttributeTagProcessor
[THYMELEAF]             * [* {th:oncontextmenu,data-th-oncontextmenu}] [1000]: karate.org.thymeleaf.standard.processor.StandardDOMEventAttributeTagProcessor
[THYMELEAF]             * [* {th:onkeyup,data-th-onkeyup}] [1000]: karate.org.thymeleaf.standard.processor.StandardDOMEventAttributeTagProcessor
[THYMELEAF]             * [* {th:onkeydown,data-th-onkeydown}] [1000]: karate.org.thymeleaf.standard.processor.StandardDOMEventAttributeTagProcessor
[THYMELEAF]             * [* {th:onsuspend,data-th-onsuspend}] [1000]: karate.org.thymeleaf.standard.processor.StandardDOMEventAttributeTagProcessor
[THYMELEAF]             * [* {th:onprogress,data-th-onprogress}] [1000]: karate.org.thymeleaf.standard.processor.StandardDOMEventAttributeTagProcessor
[THYMELEAF]             * [* {th:onseeking,data-th-onseeking}] [1000]: karate.org.thymeleaf.standard.processor.StandardDOMEventAttributeTagProcessor
[THYMELEAF]             * [* {th:onselect,data-th-onselect}] [1000]: karate.org.thymeleaf.standard.processor.StandardDOMEventAttributeTagProcessor
[THYMELEAF]             * [* {th:onemptied,data-th-onemptied}] [1000]: karate.org.thymeleaf.standard.processor.StandardDOMEventAttributeTagProcessor
[THYMELEAF]             * [* {th:onplaying,data-th-onplaying}] [1000]: karate.org.thymeleaf.standard.processor.StandardDOMEventAttributeTagProcessor
[THYMELEAF]             * [* {th:onpause,data-th-onpause}] [1000]: karate.org.thymeleaf.standard.processor.StandardDOMEventAttributeTagProcessor
[THYMELEAF]             * [* {th:ondragover,data-th-ondragover}] [1000]: karate.org.thymeleaf.standard.processor.StandardDOMEventAttributeTagProcessor
[THYMELEAF]             * [* {th:onseeked,data-th-onseeked}] [1000]: karate.org.thymeleaf.standard.processor.StandardDOMEventAttributeTagProcessor
[THYMELEAF]             * [* {th:href,data-th-href}] [1000]: karate.org.thymeleaf.standard.processor.StandardHrefTagProcessor
[THYMELEAF]             * [* {th:inline,data-th-inline}] [1000]: karate.org.thymeleaf.standard.processor.StandardInlineHTMLTagProcessor
[THYMELEAF]             * [* {th:method,data-th-method}] [1000]: karate.org.thymeleaf.standard.processor.StandardMethodTagProcessor
[THYMELEAF]             * [* {th:name,data-th-name}] [1000]: karate.org.thymeleaf.standard.processor.StandardNonRemovableAttributeTagProcessor
[THYMELEAF]             * [* {th:type,data-th-type}] [1000]: karate.org.thymeleaf.standard.processor.StandardNonRemovableAttributeTagProcessor
[THYMELEAF]             * [* {th:cite,data-th-cite}] [1000]: karate.org.thymeleaf.standard.processor.StandardRemovableAttributeTagProcessor
[THYMELEAF]             * [* {th:colspan,data-th-colspan}] [1000]: karate.org.thymeleaf.standard.processor.StandardRemovableAttributeTagProcessor
[THYMELEAF]             * [* {th:autocomplete,data-th-autocomplete}] [1000]: karate.org.thymeleaf.standard.processor.StandardRemovableAttributeTagProcessor
[THYMELEAF]             * [* {th:sandbox,data-th-sandbox}] [1000]: karate.org.thymeleaf.standard.processor.StandardRemovableAttributeTagProcessor
[THYMELEAF]             * [* {th:sizes,data-th-sizes}] [1000]: karate.org.thymeleaf.standard.processor.StandardRemovableAttributeTagProcessor
[THYMELEAF]             * [* {th:classid,data-th-classid}] [1000]: karate.org.thymeleaf.standard.processor.StandardRemovableAttributeTagProcessor
[THYMELEAF]             * [* {th:lang,data-th-lang}] [1000]: karate.org.thymeleaf.standard.processor.StandardRemovableAttributeTagProcessor
[THYMELEAF]             * [* {th:wrap,data-th-wrap}] [1000]: karate.org.thymeleaf.standard.processor.StandardRemovableAttributeTagProcessor
[THYMELEAF]             * [* {th:list,data-th-list}] [1000]: karate.org.thymeleaf.standard.processor.StandardRemovableAttributeTagProcessor
[THYMELEAF]             * [* {th:accesskey,data-th-accesskey}] [1000]: karate.org.thymeleaf.standard.processor.StandardRemovableAttributeTagProcessor
[THYMELEAF]             * [* {th:height,data-th-height}] [1000]: karate.org.thymeleaf.standard.processor.StandardRemovableAttributeTagProcessor
[THYMELEAF]             * [* {th:manifest,data-th-manifest}] [1000]: karate.org.thymeleaf.standard.processor.StandardRemovableAttributeTagProcessor
[THYMELEAF]             * [* {th:compact,data-th-compact}] [1000]: karate.org.thymeleaf.standard.processor.StandardRemovableAttributeTagProcessor
[THYMELEAF]             * [* {th:placeholder,data-th-placeholder}] [1000]: karate.org.thymeleaf.standard.processor.StandardRemovableAttributeTagProcessor
[THYMELEAF]             * [* {th:archive,data-th-archive}] [1000]: karate.org.thymeleaf.standard.processor.StandardRemovableAttributeTagProcessor
[THYMELEAF]             * [* {th:formmethod,data-th-formmethod}] [1000]: karate.org.thymeleaf.standard.processor.StandardRemovableAttributeTagProcessor
[THYMELEAF]             * [* {th:srclang,data-th-srclang}] [1000]: karate.org.thymeleaf.standard.processor.StandardRemovableAttributeTagProcessor
[THYMELEAF]             * [* {th:preload,data-th-preload}] [1000]: karate.org.thymeleaf.standard.processor.StandardRemovableAttributeTagProcessor
[THYMELEAF]             * [* {th:audio,data-th-audio}] [1000]: karate.org.thymeleaf.standard.processor.StandardRemovableAttributeTagProcessor
[THYMELEAF]             * [* {th:keytype,data-th-keytype}] [1000]: karate.org.thymeleaf.standard.processor.StandardRemovableAttributeTagProcessor
[THYMELEAF]             * [* {th:class,data-th-class}] [1000]: karate.org.thymeleaf.standard.processor.StandardRemovableAttributeTagProcessor
[THYMELEAF]             * [* {th:formenctype,data-th-formenctype}] [1000]: karate.org.thymeleaf.standard.processor.StandardRemovableAttributeTagProcessor
[THYMELEAF]             * [* {th:accept,data-th-accept}] [1000]: karate.org.thymeleaf.standard.processor.StandardRemovableAttributeTagProcessor
[THYMELEAF]             * [* {th:usemap,data-th-usemap}] [1000]: karate.org.thymeleaf.standard.processor.StandardRemovableAttributeTagProcessor
[THYMELEAF]             * [* {th:radiogroup,data-th-radiogroup}] [1000]: karate.org.thymeleaf.standard.processor.StandardRemovableAttributeTagProcessor
[THYMELEAF]             * [* {th:tabindex,data-th-tabindex}] [1000]: karate.org.thymeleaf.standard.processor.StandardRemovableAttributeTagProcessor
[THYMELEAF]             * [* {th:title,data-th-title}] [1000]: karate.org.thymeleaf.standard.processor.StandardRemovableAttributeTagProcessor
[THYMELEAF]             * [* {th:scheme,data-th-scheme}] [1000]: karate.org.thymeleaf.standard.processor.StandardRemovableAttributeTagProcessor
[THYMELEAF]             * [* {th:optimum,data-th-optimum}] [1000]: karate.org.thymeleaf.standard.processor.StandardRemovableAttributeTagProcessor
[THYMELEAF]             * [* {th:border,data-th-border}] [1000]: karate.org.thymeleaf.standard.processor.StandardRemovableAttributeTagProcessor
[THYMELEAF]             * [* {th:frame,data-th-frame}] [1000]: karate.org.thymeleaf.standard.processor.StandardRemovableAttributeTagProcessor
[THYMELEAF]             * [* {th:draggable,data-th-draggable}] [1000]: karate.org.thymeleaf.standard.processor.StandardRemovableAttributeTagProcessor
[THYMELEAF]             * [* {th:formaction,data-th-formaction}] [1000]: karate.org.thymeleaf.standard.processor.StandardRemovableAttributeTagProcessor
[THYMELEAF]             * [* {th:cellspacing,data-th-cellspacing}] [1000]: karate.org.thymeleaf.standard.processor.StandardRemovableAttributeTagProcessor
[THYMELEAF]             * [* {th:rel,data-th-rel}] [1000]: karate.org.thymeleaf.standard.processor.StandardRemovableAttributeTagProcessor
[THYMELEAF]             * [* {th:rows,data-th-rows}] [1000]: karate.org.thymeleaf.standard.processor.StandardRemovableAttributeTagProcessor
[THYMELEAF]             * [* {th:challenge,data-th-challenge}] [1000]: karate.org.thymeleaf.standard.processor.StandardRemovableAttributeTagProcessor
[THYMELEAF]             * [* {th:valuetype,data-th-valuetype}] [1000]: karate.org.thymeleaf.standard.processor.StandardRemovableAttributeTagProcessor
[THYMELEAF]             * [* {th:dropzone,data-th-dropzone}] [1000]: karate.org.thymeleaf.standard.processor.StandardRemovableAttributeTagProcessor
[THYMELEAF]             * [* {th:scope,data-th-scope}] [1000]: karate.org.thymeleaf.standard.processor.StandardRemovableAttributeTagProcessor
[THYMELEAF]             * [* {th:rev,data-th-rev}] [1000]: karate.org.thymeleaf.standard.processor.StandardRemovableAttributeTagProcessor
[THYMELEAF]             * [* {th:size,data-th-size}] [1000]: karate.org.thymeleaf.standard.processor.StandardRemovableAttributeTagProcessor
[THYMELEAF]             * [* {th:codebase,data-th-codebase}] [1000]: karate.org.thymeleaf.standard.processor.StandardRemovableAttributeTagProcessor
[THYMELEAF]             * [* {th:step,data-th-step}] [1000]: karate.org.thymeleaf.standard.processor.StandardRemovableAttributeTagProcessor
[THYMELEAF]             * [* {th:hspace,data-th-hspace}] [1000]: karate.org.thymeleaf.standard.processor.StandardRemovableAttributeTagProcessor
[THYMELEAF]             * [* {th:scrolling,data-th-scrolling}] [1000]: karate.org.thymeleaf.standard.processor.StandardRemovableAttributeTagProcessor
[THYMELEAF]             * [* {th:accept-charset,data-th-accept-charset}] [1000]: karate.org.thymeleaf.standard.processor.StandardRemovableAttributeTagProcessor
[THYMELEAF]             * [* {th:rowspan,data-th-rowspan}] [1000]: karate.org.thymeleaf.standard.processor.StandardRemovableAttributeTagProcessor
[THYMELEAF]             * [* {th:content,data-th-content}] [1000]: karate.org.thymeleaf.standard.processor.StandardRemovableAttributeTagProcessor
[THYMELEAF]             * [* {th:low,data-th-low}] [1000]: karate.org.thymeleaf.standard.processor.StandardRemovableAttributeTagProcessor
[THYMELEAF]             * [* {th:hreflang,data-th-hreflang}] [1000]: karate.org.thymeleaf.standard.processor.StandardRemovableAttributeTagProcessor
[THYMELEAF]             * [* {th:label,data-th-label}] [1000]: karate.org.thymeleaf.standard.processor.StandardRemovableAttributeTagProcessor
[THYMELEAF]             * [* {th:vspace,data-th-vspace}] [1000]: karate.org.thymeleaf.standard.processor.StandardRemovableAttributeTagProcessor
[THYMELEAF]             * [* {th:bgcolor,data-th-bgcolor}] [1000]: karate.org.thymeleaf.standard.processor.StandardRemovableAttributeTagProcessor
[THYMELEAF]             * [* {th:spellcheck,data-th-spellcheck}] [1000]: karate.org.thymeleaf.standard.processor.StandardRemovableAttributeTagProcessor
[THYMELEAF]             * [* {th:standby,data-th-standby}] [1000]: karate.org.thymeleaf.standard.processor.StandardRemovableAttributeTagProcessor
[THYMELEAF]             * [* {th:data,data-th-data}] [1000]: karate.org.thymeleaf.standard.processor.StandardRemovableAttributeTagProcessor
[THYMELEAF]             * [* {th:form,data-th-form}] [1000]: karate.org.thymeleaf.standard.processor.StandardRemovableAttributeTagProcessor
[THYMELEAF]             * [* {th:cellpadding,data-th-cellpadding}] [1000]: karate.org.thymeleaf.standard.processor.StandardRemovableAttributeTagProcessor
[THYMELEAF]             * [* {th:formtarget,data-th-formtarget}] [1000]: karate.org.thymeleaf.standard.processor.StandardRemovableAttributeTagProcessor
[THYMELEAF]             * [* {th:background,data-th-background}] [1000]: karate.org.thymeleaf.standard.processor.StandardRemovableAttributeTagProcessor
[THYMELEAF]             * [* {th:cols,data-th-cols}] [1000]: karate.org.thymeleaf.standard.processor.StandardRemovableAttributeTagProcessor
[THYMELEAF]             * [* {th:rules,data-th-rules}] [1000]: karate.org.thymeleaf.standard.processor.StandardRemovableAttributeTagProcessor
[THYMELEAF]             * [* {th:align,data-th-align}] [1000]: karate.org.thymeleaf.standard.processor.StandardRemovableAttributeTagProcessor
[THYMELEAF]             * [* {th:style,data-th-style}] [1000]: karate.org.thymeleaf.standard.processor.StandardRemovableAttributeTagProcessor
[THYMELEAF]             * [* {th:pattern,data-th-pattern}] [1000]: karate.org.thymeleaf.standard.processor.StandardRemovableAttributeTagProcessor
[THYMELEAF]             * [* {th:max,data-th-max}] [1000]: karate.org.thymeleaf.standard.processor.StandardRemovableAttributeTagProcessor
[THYMELEAF]             * [* {th:headers,data-th-headers}] [1000]: karate.org.thymeleaf.standard.processor.StandardRemovableAttributeTagProcessor
[THYMELEAF]             * [* {th:charset,data-th-charset}] [1000]: karate.org.thymeleaf.standard.processor.StandardRemovableAttributeTagProcessor
[THYMELEAF]             * [* {th:enctype,data-th-enctype}] [1000]: karate.org.thymeleaf.standard.processor.StandardRemovableAttributeTagProcessor
[THYMELEAF]             * [* {th:marginwidth,data-th-marginwidth}] [1000]: karate.org.thymeleaf.standard.processor.StandardRemovableAttributeTagProcessor
[THYMELEAF]             * [* {th:contenteditable,data-th-contenteditable}] [1000]: karate.org.thymeleaf.standard.processor.StandardRemovableAttributeTagProcessor
[THYMELEAF]             * [* {th:target,data-th-target}] [1000]: karate.org.thymeleaf.standard.processor.StandardRemovableAttributeTagProcessor
[THYMELEAF]             * [* {th:http-equiv,data-th-http-equiv}] [1000]: karate.org.thymeleaf.standard.processor.StandardRemovableAttributeTagProcessor
[THYMELEAF]             * [* {th:kind,data-th-kind}] [1000]: karate.org.thymeleaf.standard.processor.StandardRemovableAttributeTagProcessor
[THYMELEAF]             * [* {th:start,data-th-start}] [1000]: karate.org.thymeleaf.standard.processor.StandardRemovableAttributeTagProcessor
[THYMELEAF]             * [* {th:for,data-th-for}] [1000]: karate.org.thymeleaf.standard.processor.StandardRemovableAttributeTagProcessor
[THYMELEAF]             * [* {th:min,data-th-min}] [1000]: karate.org.thymeleaf.standard.processor.StandardRemovableAttributeTagProcessor
[THYMELEAF]             * [* {th:width,data-th-width}] [1000]: karate.org.thymeleaf.standard.processor.StandardRemovableAttributeTagProcessor
[THYMELEAF]             * [* {th:datetime,data-th-datetime}] [1000]: karate.org.thymeleaf.standard.processor.StandardRemovableAttributeTagProcessor
[THYMELEAF]             * [* {th:codetype,data-th-codetype}] [1000]: karate.org.thymeleaf.standard.processor.StandardRemovableAttributeTagProcessor
[THYMELEAF]             * [* {th:contextmenu,data-th-contextmenu}] [1000]: karate.org.thymeleaf.standard.processor.StandardRemovableAttributeTagProcessor
[THYMELEAF]             * [* {th:abbr,data-th-abbr}] [1000]: karate.org.thymeleaf.standard.processor.StandardRemovableAttributeTagProcessor
[THYMELEAF]             * [* {th:high,data-th-high}] [1000]: karate.org.thymeleaf.standard.processor.StandardRemovableAttributeTagProcessor
[THYMELEAF]             * [* {th:longdesc,data-th-longdesc}] [1000]: karate.org.thymeleaf.standard.processor.StandardRemovableAttributeTagProcessor
[THYMELEAF]             * [* {th:id,data-th-id}] [1000]: karate.org.thymeleaf.standard.processor.StandardRemovableAttributeTagProcessor
[THYMELEAF]             * [* {th:frameborder,data-th-frameborder}] [1000]: karate.org.thymeleaf.standard.processor.StandardRemovableAttributeTagProcessor
[THYMELEAF]             * [* {th:alt,data-th-alt}] [1000]: karate.org.thymeleaf.standard.processor.StandardRemovableAttributeTagProcessor
[THYMELEAF]             * [* {th:span,data-th-span}] [1000]: karate.org.thymeleaf.standard.processor.StandardRemovableAttributeTagProcessor
[THYMELEAF]             * [* {th:summary,data-th-summary}] [1000]: karate.org.thymeleaf.standard.processor.StandardRemovableAttributeTagProcessor
[THYMELEAF]             * [* {th:marginheight,data-th-marginheight}] [1000]: karate.org.thymeleaf.standard.processor.StandardRemovableAttributeTagProcessor
[THYMELEAF]             * [* {th:axis,data-th-axis}] [1000]: karate.org.thymeleaf.standard.processor.StandardRemovableAttributeTagProcessor
[THYMELEAF]             * [* {th:icon,data-th-icon}] [1000]: karate.org.thymeleaf.standard.processor.StandardRemovableAttributeTagProcessor
[THYMELEAF]             * [* {th:poster,data-th-poster}] [1000]: karate.org.thymeleaf.standard.processor.StandardRemovableAttributeTagProcessor
[THYMELEAF]             * [* {th:media,data-th-media}] [1000]: karate.org.thymeleaf.standard.processor.StandardRemovableAttributeTagProcessor
[THYMELEAF]             * [* {th:dir,data-th-dir}] [1000]: karate.org.thymeleaf.standard.processor.StandardRemovableAttributeTagProcessor
[THYMELEAF]             * [* {th:maxlength,data-th-maxlength}] [1000]: karate.org.thymeleaf.standard.processor.StandardRemovableAttributeTagProcessor
[THYMELEAF]             * [* {th:src,data-th-src}] [1000]: karate.org.thymeleaf.standard.processor.StandardSrcTagProcessor
[THYMELEAF]             * [* {th:value,data-th-value}] [1000]: karate.org.thymeleaf.standard.processor.StandardValueTagProcessor
[THYMELEAF]             * [* {th:xmlbase,data-th-xmlbase}] [1000]: karate.org.thymeleaf.standard.processor.StandardXmlBaseTagProcessor
[THYMELEAF]             * [* {th:xmllang,data-th-xmllang}] [1000]: karate.org.thymeleaf.standard.processor.StandardXmlLangTagProcessor
[THYMELEAF]             * [* {xmlns:th}] [1000]: karate.org.thymeleaf.standard.processor.StandardXmlNsTagProcessor
[THYMELEAF]             * [* {th:xmlspace,data-th-xmlspace}] [1000]: karate.org.thymeleaf.standard.processor.StandardXmlSpaceTagProcessor
[THYMELEAF]             * [* {th:classappend,data-th-classappend}] [1100]: karate.org.thymeleaf.standard.processor.StandardClassappendTagProcessor
[THYMELEAF]             * [* {th:styleappend,data-th-styleappend}] [1100]: karate.org.thymeleaf.standard.processor.StandardStyleappendTagProcessor
[THYMELEAF]             * [* {th:text,data-th-text}] [1300]: karate.org.thymeleaf.standard.processor.StandardTextTagProcessor
[THYMELEAF]             * [* {th:utext,data-th-utext}] [1400]: karate.org.thymeleaf.standard.processor.StandardUtextTagProcessor
[THYMELEAF]             * [* {th:fragment,data-th-fragment}] [1500]: karate.org.thymeleaf.standard.processor.StandardFragmentTagProcessor
[THYMELEAF]             * [* {th:assert,data-th-assert}] [1550]: karate.org.thymeleaf.standard.processor.StandardAssertTagProcessor
[THYMELEAF]             * [* {th:remove,data-th-remove}] [1600]: karate.org.thymeleaf.standard.processor.StandardRemoveTagProcessor
[THYMELEAF]             * [* {th:ref,data-th-ref}] [10000]: karate.org.thymeleaf.standard.processor.StandardRefAttributeTagProcessor
[THYMELEAF]             * [{th:block,th-block} *] [100000]: karate.org.thymeleaf.standard.processor.StandardBlockTagProcessor
[THYMELEAF]             * [* th:*] [2147483647]: karate.org.thymeleaf.standard.processor.StandardDefaultAttributesTagProcessor
[THYMELEAF]         * Text Processors by [precedence]:
[THYMELEAF]             * [1000]: karate.org.thymeleaf.standard.processor.StandardInliningTextProcessor
[THYMELEAF]         * DOCTYPE Processors by [precedence]:
[THYMELEAF]             * [1000]: karate.org.thymeleaf.standard.processor.StandardTranslationDocTypeProcessor
[THYMELEAF]         * CDATA Section Processors by [precedence]:
[THYMELEAF]             * [1000]: karate.org.thymeleaf.standard.processor.StandardInliningCDATASectionProcessor
[THYMELEAF]         * Comment Processors by [precedence]:
[THYMELEAF]             * [1000]: karate.org.thymeleaf.standard.processor.StandardInliningCommentProcessor
[THYMELEAF]             * [1100]: karate.org.thymeleaf.standard.processor.StandardConditionalCommentProcessor
[THYMELEAF]     * Processors for Template Mode: XML
[THYMELEAF]         * Element Tag Processors by [matching element and attribute name] [precedence]:
[THYMELEAF]             * [* {th:include}] [100]: karate.org.thymeleaf.standard.processor.StandardIncludeTagProcessor
[THYMELEAF]             * [* {th:insert}] [100]: karate.org.thymeleaf.standard.processor.StandardInsertTagProcessor
[THYMELEAF]             * [* {th:replace}] [100]: karate.org.thymeleaf.standard.processor.StandardReplaceTagProcessor
[THYMELEAF]             * [* {th:substituteby}] [100]: karate.org.thymeleaf.standard.processor.StandardSubstituteByTagProcessor
[THYMELEAF]             * [* {th:each}] [200]: com.intuit.karate.template.KarateEachTagProcessor
[THYMELEAF]             * [* {th:switch}] [250]: karate.org.thymeleaf.standard.processor.StandardSwitchTagProcessor
[THYMELEAF]             * [* {th:case}] [275]: karate.org.thymeleaf.standard.processor.StandardCaseTagProcessor
[THYMELEAF]             * [* {th:if}] [300]: karate.org.thymeleaf.standard.processor.StandardIfTagProcessor
[THYMELEAF]             * [* {th:unless}] [400]: karate.org.thymeleaf.standard.processor.StandardUnlessTagProcessor
[THYMELEAF]             * [* {th:object}] [500]: karate.org.thymeleaf.standard.processor.StandardObjectTagProcessor
[THYMELEAF]             * [* {th:with}] [600]: com.intuit.karate.template.KarateWithTagProcessor
[THYMELEAF]             * [* {th:attr}] [700]: com.intuit.karate.template.KarateAttributeTagProcessor.KarateAttrTagProcessor
[THYMELEAF]             * [* {th:attrappend}] [900]: com.intuit.karate.template.KarateAttributeTagProcessor.KarateAttrappendTagProcessor
[THYMELEAF]             * [* {th:attrprepend}] [900]: com.intuit.karate.template.KarateAttributeTagProcessor.KarateAttrprependTagProcessor
[THYMELEAF]             * [* {th:inline}] [1000]: karate.org.thymeleaf.standard.processor.StandardInlineXMLTagProcessor
[THYMELEAF]             * [* {xmlns:th}] [1000]: karate.org.thymeleaf.standard.processor.StandardXmlNsTagProcessor
[THYMELEAF]             * [* {th:text}] [1300]: karate.org.thymeleaf.standard.processor.StandardTextTagProcessor
[THYMELEAF]             * [* {th:utext}] [1400]: karate.org.thymeleaf.standard.processor.StandardUtextTagProcessor
[THYMELEAF]             * [* {th:fragment}] [1500]: karate.org.thymeleaf.standard.processor.StandardFragmentTagProcessor
[THYMELEAF]             * [* {th:assert}] [1550]: karate.org.thymeleaf.standard.processor.StandardAssertTagProcessor
[THYMELEAF]             * [* {th:remove}] [1600]: karate.org.thymeleaf.standard.processor.StandardRemoveTagProcessor
[THYMELEAF]             * [* {th:ref}] [10000]: karate.org.thymeleaf.standard.processor.StandardRefAttributeTagProcessor
[THYMELEAF]             * [{th:block} *] [100000]: karate.org.thymeleaf.standard.processor.StandardBlockTagProcessor
[THYMELEAF]             * [* th:*] [2147483647]: karate.org.thymeleaf.standard.processor.StandardDefaultAttributesTagProcessor
[THYMELEAF]         * Text Processors by [precedence]:
[THYMELEAF]             * [1000]: karate.org.thymeleaf.standard.processor.StandardInliningTextProcessor
[THYMELEAF]         * CDATA Section Processors by [precedence]:
[THYMELEAF]             * [1000]: karate.org.thymeleaf.standard.processor.StandardInliningCDATASectionProcessor
[THYMELEAF]         * Comment Processors by [precedence]:
[THYMELEAF]             * [1000]: karate.org.thymeleaf.standard.processor.StandardInliningCommentProcessor
[THYMELEAF]     * Processors for Template Mode: TEXT
[THYMELEAF]         * Element Tag Processors by [matching element and attribute name] [precedence]:
[THYMELEAF]             * [* {th:insert}] [100]: karate.org.thymeleaf.standard.processor.StandardInsertTagProcessor
[THYMELEAF]             * [* {th:replace}] [100]: karate.org.thymeleaf.standard.processor.StandardReplaceTagProcessor
[THYMELEAF]             * [* {th:each}] [200]: com.intuit.karate.template.KarateEachTagProcessor
[THYMELEAF]             * [* {th:switch}] [250]: karate.org.thymeleaf.standard.processor.StandardSwitchTagProcessor
[THYMELEAF]             * [* {th:case}] [275]: karate.org.thymeleaf.standard.processor.StandardCaseTagProcessor
[THYMELEAF]             * [* {th:if}] [300]: karate.org.thymeleaf.standard.processor.StandardIfTagProcessor
[THYMELEAF]             * [* {th:unless}] [400]: karate.org.thymeleaf.standard.processor.StandardUnlessTagProcessor
[THYMELEAF]             * [* {th:object}] [500]: karate.org.thymeleaf.standard.processor.StandardObjectTagProcessor
[THYMELEAF]             * [* {th:with}] [600]: com.intuit.karate.template.KarateWithTagProcessor
[THYMELEAF]             * [* {th:inline}] [1000]: karate.org.thymeleaf.standard.processor.StandardInlineTextualTagProcessor
[THYMELEAF]             * [* {th:text}] [1300]: karate.org.thymeleaf.standard.processor.StandardTextTagProcessor
[THYMELEAF]             * [* {th:utext}] [1400]: karate.org.thymeleaf.standard.processor.StandardUtextTagProcessor
[THYMELEAF]             * [* {th:assert}] [1550]: karate.org.thymeleaf.standard.processor.StandardAssertTagProcessor
[THYMELEAF]             * [* {th:remove}] [1600]: karate.org.thymeleaf.standard.processor.StandardRemoveTagProcessor
[THYMELEAF]             * [{th:block} *] [100000]: karate.org.thymeleaf.standard.processor.StandardBlockTagProcessor
[THYMELEAF]             * [* 100000] [karate.org.thymeleaf.standard.processor.StandardBlockTagProcessor]: {}
[THYMELEAF]         * Text Processors by [precedence]:
[THYMELEAF]             * [1000]: karate.org.thymeleaf.standard.processor.StandardInliningTextProcessor
[THYMELEAF]     * Processors for Template Mode: JAVASCRIPT
[THYMELEAF]         * Element Tag Processors by [matching element and attribute name] [precedence]:
[THYMELEAF]             * [* {th:insert}] [100]: karate.org.thymeleaf.standard.processor.StandardInsertTagProcessor
[THYMELEAF]             * [* {th:replace}] [100]: karate.org.thymeleaf.standard.processor.StandardReplaceTagProcessor
[THYMELEAF]             * [* {th:each}] [200]: com.intuit.karate.template.KarateEachTagProcessor
[THYMELEAF]             * [* {th:switch}] [250]: karate.org.thymeleaf.standard.processor.StandardSwitchTagProcessor
[THYMELEAF]             * [* {th:case}] [275]: karate.org.thymeleaf.standard.processor.StandardCaseTagProcessor
[THYMELEAF]             * [* {th:if}] [300]: karate.org.thymeleaf.standard.processor.StandardIfTagProcessor
[THYMELEAF]             * [* {th:unless}] [400]: karate.org.thymeleaf.standard.processor.StandardUnlessTagProcessor
[THYMELEAF]             * [* {th:object}] [500]: karate.org.thymeleaf.standard.processor.StandardObjectTagProcessor
[THYMELEAF]             * [* {th:with}] [600]: com.intuit.karate.template.KarateWithTagProcessor
[THYMELEAF]             * [* {th:inline}] [1000]: karate.org.thymeleaf.standard.processor.StandardInlineTextualTagProcessor
[THYMELEAF]             * [* {th:text}] [1300]: karate.org.thymeleaf.standard.processor.StandardTextTagProcessor
[THYMELEAF]             * [* {th:utext}] [1400]: karate.org.thymeleaf.standard.processor.StandardUtextTagProcessor
[THYMELEAF]             * [* {th:assert}] [1550]: karate.org.thymeleaf.standard.processor.StandardAssertTagProcessor
[THYMELEAF]             * [* {th:remove}] [1600]: karate.org.thymeleaf.standard.processor.StandardRemoveTagProcessor
[THYMELEAF]             * [* 100000] [karate.org.thymeleaf.standard.processor.StandardBlockTagProcessor]: {}
[THYMELEAF]             * [{th:block} *] [100000]: karate.org.thymeleaf.standard.processor.StandardBlockTagProcessor
[THYMELEAF]         * Text Processors by [precedence]:
[THYMELEAF]             * [1000]: karate.org.thymeleaf.standard.processor.StandardInliningTextProcessor
[THYMELEAF]     * Processors for Template Mode: CSS
[THYMELEAF]         * Element Tag Processors by [matching element and attribute name] [precedence]:
[THYMELEAF]             * [* {th:insert}] [100]: karate.org.thymeleaf.standard.processor.StandardInsertTagProcessor
[THYMELEAF]             * [* {th:replace}] [100]: karate.org.thymeleaf.standard.processor.StandardReplaceTagProcessor
[THYMELEAF]             * [* {th:each}] [200]: com.intuit.karate.template.KarateEachTagProcessor
[THYMELEAF]             * [* {th:switch}] [250]: karate.org.thymeleaf.standard.processor.StandardSwitchTagProcessor
[THYMELEAF]             * [* {th:case}] [275]: karate.org.thymeleaf.standard.processor.StandardCaseTagProcessor
[THYMELEAF]             * [* {th:if}] [300]: karate.org.thymeleaf.standard.processor.StandardIfTagProcessor
[THYMELEAF]             * [* {th:unless}] [400]: karate.org.thymeleaf.standard.processor.StandardUnlessTagProcessor
[THYMELEAF]             * [* {th:object}] [500]: karate.org.thymeleaf.standard.processor.StandardObjectTagProcessor
[THYMELEAF]             * [* {th:with}] [600]: com.intuit.karate.template.KarateWithTagProcessor
[THYMELEAF]             * [* {th:inline}] [1000]: karate.org.thymeleaf.standard.processor.StandardInlineTextualTagProcessor
[THYMELEAF]             * [* {th:text}] [1300]: karate.org.thymeleaf.standard.processor.StandardTextTagProcessor
[THYMELEAF]             * [* {th:utext}] [1400]: karate.org.thymeleaf.standard.processor.StandardUtextTagProcessor
[THYMELEAF]             * [* {th:assert}] [1550]: karate.org.thymeleaf.standard.processor.StandardAssertTagProcessor
[THYMELEAF]             * [* {th:remove}] [1600]: karate.org.thymeleaf.standard.processor.StandardRemoveTagProcessor
[THYMELEAF]             * [{th:block} *] [100000]: karate.org.thymeleaf.standard.processor.StandardBlockTagProcessor
[THYMELEAF]             * [* 100000] [karate.org.thymeleaf.standard.processor.StandardBlockTagProcessor]: {}
[THYMELEAF]         * Text Processors by [precedence]:
[THYMELEAF]             * [1000]: karate.org.thymeleaf.standard.processor.StandardInliningTextProcessor
[THYMELEAF]     * Expression Objects:
[THYMELEAF]         * #ctx
[THYMELEAF]         * #root
[THYMELEAF]         * #vars
[THYMELEAF]         * #object
[THYMELEAF]         * #locale
[THYMELEAF]         * #request
[THYMELEAF]         * #response
[THYMELEAF]         * #session
[THYMELEAF]         * #servletContext
[THYMELEAF]         * #conversions
[THYMELEAF]         * #uris
[THYMELEAF]         * #calendars
[THYMELEAF]         * #dates
[THYMELEAF]         * #bools
[THYMELEAF]         * #numbers
[THYMELEAF]         * #objects
[THYMELEAF]         * #strings
[THYMELEAF]         * #arrays
[THYMELEAF]         * #lists
[THYMELEAF]         * #sets
[THYMELEAF]         * #maps
[THYMELEAF]         * #aggregates
[THYMELEAF]         * #messages
[THYMELEAF]         * #ids
[THYMELEAF]         * #execInfo
[THYMELEAF]         * #httpServletRequest
[THYMELEAF]         * #httpSession
[THYMELEAF]     * Execution Attributes:
[THYMELEAF]         * "StandardExpressionParser": com.intuit.karate.template.KarateStandardDialect@17d45cfb
[THYMELEAF]         * "StandardJavaScriptSerializer": karate.org.thymeleaf.standard.serializer.StandardJavaScriptSerializer@6b30ff23
[THYMELEAF]         * "StandardCSSSerializer": karate.org.thymeleaf.standard.serializer.StandardCSSSerializer@4fea23d6
[THYMELEAF]         * "StandardVariableExpressionEvaluator": com.intuit.karate.template.KarateStandardDialect@17d45cfb
[THYMELEAF]         * "StandardConversionService": karate.org.thymeleaf.standard.expression.StandardConversionService@5ace6611
[THYMELEAF] * Dialect [2 of 2]: karate (com.intuit.karate.template.KarateScriptDialect)
[THYMELEAF]     * Prefix: "ka"
[THYMELEAF]     * Processors for Template Mode: HTML
[THYMELEAF]         * Element Tag Processors by [matching element and attribute name] [precedence]:
[THYMELEAF]             * [* {src}] [1000]: com.intuit.karate.template.KaScriptAttrProcessor
[THYMELEAF]         * Element Model Processors by [matching element and attribute name] [precedence]:
[THYMELEAF]             * [{script} {ka:scope,data-ka-scope}] [1000]: com.intuit.karate.template.KaScriptElemProcessor
[THYMELEAF]             * [* {ka:set,data-ka-set}] [1000]: com.intuit.karate.template.KaSetElemProcessor
[THYMELEAF] TEMPLATE ENGINE CONFIGURED OK
13:05:01.628 [main] DEBUG karate.org.thymeleaf.TemplateEngine - [THYMELEAF] TEMPLATE ENGINE INITIALIZED
13:05:01.660 [main] DEBUG karate.org.thymeleaf.TemplateEngine - [THYMELEAF] INITIALIZING TEMPLATE ENGINE
13:05:01.671 [main] DEBUG karate.org.thymeleaf.TemplateEngine.CONFIG - Initializing Thymeleaf Template engine configuration...
[THYMELEAF] TEMPLATE ENGINE CONFIGURATION:
[THYMELEAF] * Thymeleaf version: 3.0.12.RELEASE (built 2020-12-21T00:26:28+0000)
[THYMELEAF] * Cache Manager implementation: karate.org.thymeleaf.cache.StandardCacheManager
[THYMELEAF] * Template resolvers:
[THYMELEAF]     * [1] com.intuit.karate.template.ResourceHtmlTemplateResolver
[THYMELEAF] * Message resolvers:
[THYMELEAF]     * karate.org.thymeleaf.messageresolver.StandardMessageResolver
[THYMELEAF] * Link builders:
[THYMELEAF]     * karate.org.thymeleaf.linkbuilder.StandardLinkBuilder
[THYMELEAF] * Dialect [1 of 2]: Standard (com.intuit.karate.template.KarateStandardDialect)
[THYMELEAF]     * Prefix: "th"
[THYMELEAF]     * Processors for Template Mode: HTML
[THYMELEAF]         * Element Tag Processors by [matching element and attribute name] [precedence]:
[THYMELEAF]             * [* {th:include,data-th-include}] [100]: karate.org.thymeleaf.standard.processor.StandardIncludeTagProcessor
[THYMELEAF]             * [* {th:insert,data-th-insert}] [100]: karate.org.thymeleaf.standard.processor.StandardInsertTagProcessor
[THYMELEAF]             * [* {th:replace,data-th-replace}] [100]: karate.org.thymeleaf.standard.processor.StandardReplaceTagProcessor
[THYMELEAF]             * [* {th:substituteby,data-th-substituteby}] [100]: karate.org.thymeleaf.standard.processor.StandardSubstituteByTagProcessor
[THYMELEAF]             * [* {th:each,data-th-each}] [200]: com.intuit.karate.template.KarateEachTagProcessor
[THYMELEAF]             * [* {th:switch,data-th-switch}] [250]: karate.org.thymeleaf.standard.processor.StandardSwitchTagProcessor
[THYMELEAF]             * [* {th:case,data-th-case}] [275]: karate.org.thymeleaf.standard.processor.StandardCaseTagProcessor
[THYMELEAF]             * [* {th:if,data-th-if}] [300]: karate.org.thymeleaf.standard.processor.StandardIfTagProcessor
[THYMELEAF]             * [* {th:unless,data-th-unless}] [400]: karate.org.thymeleaf.standard.processor.StandardUnlessTagProcessor
[THYMELEAF]             * [* {th:object,data-th-object}] [500]: karate.org.thymeleaf.standard.processor.StandardObjectTagProcessor
[THYMELEAF]             * [* {th:with,data-th-with}] [600]: com.intuit.karate.template.KarateWithTagProcessor
[THYMELEAF]             * [* {th:attr,data-th-attr}] [700]: com.intuit.karate.template.KarateAttributeTagProcessor.KarateAttrTagProcessor
[THYMELEAF]             * [* {th:attrappend,data-th-attrappend}] [900]: com.intuit.karate.template.KarateAttributeTagProcessor.KarateAttrappendTagProcessor
[THYMELEAF]             * [* {th:attrprepend,data-th-attrprepend}] [900]: com.intuit.karate.template.KarateAttributeTagProcessor.KarateAttrprependTagProcessor
[THYMELEAF]             * [* {th:alt-title,data-th-alt-title}] [990]: karate.org.thymeleaf.standard.processor.StandardAltTitleTagProcessor
[THYMELEAF]             * [* {th:lang-xmllang,data-th-lang-xmllang}] [990]: karate.org.thymeleaf.standard.processor.StandardLangXmlLangTagProcessor
[THYMELEAF]             * [* {th:action,data-th-action}] [1000]: karate.org.thymeleaf.standard.processor.StandardActionTagProcessor
[THYMELEAF]             * [* {th:open,data-th-open}] [1000]: karate.org.thymeleaf.standard.processor.StandardConditionalFixedValueTagProcessor
[THYMELEAF]             * [* {th:readonly,data-th-readonly}] [1000]: karate.org.thymeleaf.standard.processor.StandardConditionalFixedValueTagProcessor
[THYMELEAF]             * [* {th:autoplay,data-th-autoplay}] [1000]: karate.org.thymeleaf.standard.processor.StandardConditionalFixedValueTagProcessor
[THYMELEAF]             * [* {th:disabled,data-th-disabled}] [1000]: karate.org.thymeleaf.standard.processor.StandardConditionalFixedValueTagProcessor
[THYMELEAF]             * [* {th:formnovalidate,data-th-formnovalidate}] [1000]: karate.org.thymeleaf.standard.processor.StandardConditionalFixedValueTagProcessor
[THYMELEAF]             * [* {th:reversed,data-th-reversed}] [1000]: karate.org.thymeleaf.standard.processor.StandardConditionalFixedValueTagProcessor
[THYMELEAF]             * [* {th:autofocus,data-th-autofocus}] [1000]: karate.org.thymeleaf.standard.processor.StandardConditionalFixedValueTagProcessor
[THYMELEAF]             * [* {th:ismap,data-th-ismap}] [1000]: karate.org.thymeleaf.standard.processor.StandardConditionalFixedValueTagProcessor
[THYMELEAF]             * [* {th:nowrap,data-th-nowrap}] [1000]: karate.org.thymeleaf.standard.processor.StandardConditionalFixedValueTagProcessor
[THYMELEAF]             * [* {th:loop,data-th-loop}] [1000]: karate.org.thymeleaf.standard.processor.StandardConditionalFixedValueTagProcessor
[THYMELEAF]             * [* {th:multiple,data-th-multiple}] [1000]: karate.org.thymeleaf.standard.processor.StandardConditionalFixedValueTagProcessor
[THYMELEAF]             * [* {th:default,data-th-default}] [1000]: karate.org.thymeleaf.standard.processor.StandardConditionalFixedValueTagProcessor
[THYMELEAF]             * [* {th:scoped,data-th-scoped}] [1000]: karate.org.thymeleaf.standard.processor.StandardConditionalFixedValueTagProcessor
[THYMELEAF]             * [* {th:required,data-th-required}] [1000]: karate.org.thymeleaf.standard.processor.StandardConditionalFixedValueTagProcessor
[THYMELEAF]             * [* {th:checked,data-th-checked}] [1000]: karate.org.thymeleaf.standard.processor.StandardConditionalFixedValueTagProcessor
[THYMELEAF]             * [* {th:seamless,data-th-seamless}] [1000]: karate.org.thymeleaf.standard.processor.StandardConditionalFixedValueTagProcessor
[THYMELEAF]             * [* {th:declare,data-th-declare}] [1000]: karate.org.thymeleaf.standard.processor.StandardConditionalFixedValueTagProcessor
[THYMELEAF]             * [* {th:defer,data-th-defer}] [1000]: karate.org.thymeleaf.standard.processor.StandardConditionalFixedValueTagProcessor
[THYMELEAF]             * [* {th:pubdate,data-th-pubdate}] [1000]: karate.org.thymeleaf.standard.processor.StandardConditionalFixedValueTagProcessor
[THYMELEAF]             * [* {th:selected,data-th-selected}] [1000]: karate.org.thymeleaf.standard.processor.StandardConditionalFixedValueTagProcessor
[THYMELEAF]             * [* {th:controls,data-th-controls}] [1000]: karate.org.thymeleaf.standard.processor.StandardConditionalFixedValueTagProcessor
[THYMELEAF]             * [* {th:novalidate,data-th-novalidate}] [1000]: karate.org.thymeleaf.standard.processor.StandardConditionalFixedValueTagProcessor
[THYMELEAF]             * [* {th:async,data-th-async}] [1000]: karate.org.thymeleaf.standard.processor.StandardConditionalFixedValueTagProcessor
[THYMELEAF]             * [* {th:hidden,data-th-hidden}] [1000]: karate.org.thymeleaf.standard.processor.StandardConditionalFixedValueTagProcessor
[THYMELEAF]             * [* {th:onpopstate,data-th-onpopstate}] [1000]: karate.org.thymeleaf.standard.processor.StandardDOMEventAttributeTagProcessor
[THYMELEAF]             * [* {th:ontimeupdate,data-th-ontimeupdate}] [1000]: karate.org.thymeleaf.standard.processor.StandardDOMEventAttributeTagProcessor
[THYMELEAF]             * [* {th:onwaiting,data-th-onwaiting}] [1000]: karate.org.thymeleaf.standard.processor.StandardDOMEventAttributeTagProcessor
[THYMELEAF]             * [* {th:onselect,data-th-onselect}] [1000]: karate.org.thymeleaf.standard.processor.StandardDOMEventAttributeTagProcessor
[THYMELEAF]             * [* {th:ondrag,data-th-ondrag}] [1000]: karate.org.thymeleaf.standard.processor.StandardDOMEventAttributeTagProcessor
[THYMELEAF]             * [* {th:onresize,data-th-onresize}] [1000]: karate.org.thymeleaf.standard.processor.StandardDOMEventAttributeTagProcessor
[THYMELEAF]             * [* {th:onvolumechange,data-th-onvolumechange}] [1000]: karate.org.thymeleaf.standard.processor.StandardDOMEventAttributeTagProcessor
[THYMELEAF]             * [* {th:onfocus,data-th-onfocus}] [1000]: karate.org.thymeleaf.standard.processor.StandardDOMEventAttributeTagProcessor
[THYMELEAF]             * [* {th:onreset,data-th-onreset}] [1000]: karate.org.thymeleaf.standard.processor.StandardDOMEventAttributeTagProcessor
[THYMELEAF]             * [* {th:onreadystatechange,data-th-onreadystatechange}] [1000]: karate.org.thymeleaf.standard.processor.StandardDOMEventAttributeTagProcessor
[THYMELEAF]             * [* {th:onredo,data-th-onredo}] [1000]: karate.org.thymeleaf.standard.processor.StandardDOMEventAttributeTagProcessor
[THYMELEAF]             * [* {th:onformchange,data-th-onformchange}] [1000]: karate.org.thymeleaf.standard.processor.StandardDOMEventAttributeTagProcessor
[THYMELEAF]             * [* {th:onsubmit,data-th-onsubmit}] [1000]: karate.org.thymeleaf.standard.processor.StandardDOMEventAttributeTagProcessor
[THYMELEAF]             * [* {th:ondragover,data-th-ondragover}] [1000]: karate.org.thymeleaf.standard.processor.StandardDOMEventAttributeTagProcessor
[THYMELEAF]             * [* {th:onloadstart,data-th-onloadstart}] [1000]: karate.org.thymeleaf.standard.processor.StandardDOMEventAttributeTagProcessor
[THYMELEAF]             * [* {th:oninput,data-th-oninput}] [1000]: karate.org.thymeleaf.standard.processor.StandardDOMEventAttributeTagProcessor
[THYMELEAF]             * [* {th:onload,data-th-onload}] [1000]: karate.org.thymeleaf.standard.processor.StandardDOMEventAttributeTagProcessor
[THYMELEAF]             * [* {th:onpause,data-th-onpause}] [1000]: karate.org.thymeleaf.standard.processor.StandardDOMEventAttributeTagProcessor
[THYMELEAF]             * [* {th:onplaying,data-th-onplaying}] [1000]: karate.org.thymeleaf.standard.processor.StandardDOMEventAttributeTagProcessor
[THYMELEAF]             * [* {th:ondragleave,data-th-ondragleave}] [1000]: karate.org.thymeleaf.standard.processor.StandardDOMEventAttributeTagProcessor
[THYMELEAF]             * [* {th:onkeydown,data-th-onkeydown}] [1000]: karate.org.thymeleaf.standard.processor.StandardDOMEventAttributeTagProcessor
[THYMELEAF]             * [* {th:onforminput,data-th-onforminput}] [1000]: karate.org.thymeleaf.standard.processor.StandardDOMEventAttributeTagProcessor
[THYMELEAF]             * [* {th:onscroll,data-th-onscroll}] [1000]: karate.org.thymeleaf.standard.processor.StandardDOMEventAttributeTagProcessor
[THYMELEAF]             * [* {th:onbeforeprint,data-th-onbeforeprint}] [1000]: karate.org.thymeleaf.standard.processor.StandardDOMEventAttributeTagProcessor
[THYMELEAF]             * [* {th:onerror,data-th-onerror}] [1000]: karate.org.thymeleaf.standard.processor.StandardDOMEventAttributeTagProcessor
[THYMELEAF]             * [* {th:onprogress,data-th-onprogress}] [1000]: karate.org.thymeleaf.standard.processor.StandardDOMEventAttributeTagProcessor
[THYMELEAF]             * [* {th:onunload,data-th-onunload}] [1000]: karate.org.thymeleaf.standard.processor.StandardDOMEventAttributeTagProcessor
[THYMELEAF]             * [* {th:onundo,data-th-onundo}] [1000]: karate.org.thymeleaf.standard.processor.StandardDOMEventAttributeTagProcessor
[THYMELEAF]             * [* {th:onmouseover,data-th-onmouseover}] [1000]: karate.org.thymeleaf.standard.processor.StandardDOMEventAttributeTagProcessor
[THYMELEAF]             * [* {th:ononline,data-th-ononline}] [1000]: karate.org.thymeleaf.standard.processor.StandardDOMEventAttributeTagProcessor
[THYMELEAF]             * [* {th:onsuspend,data-th-onsuspend}] [1000]: karate.org.thymeleaf.standard.processor.StandardDOMEventAttributeTagProcessor
[THYMELEAF]             * [* {th:onratechange,data-th-onratechange}] [1000]: karate.org.thymeleaf.standard.processor.StandardDOMEventAttributeTagProcessor
[THYMELEAF]             * [* {th:onblur,data-th-onblur}] [1000]: karate.org.thymeleaf.standard.processor.StandardDOMEventAttributeTagProcessor
[THYMELEAF]             * [* {th:oncanplay,data-th-oncanplay}] [1000]: karate.org.thymeleaf.standard.processor.StandardDOMEventAttributeTagProcessor
[THYMELEAF]             * [* {th:oncanplaythrough,data-th-oncanplaythrough}] [1000]: karate.org.thymeleaf.standard.processor.StandardDOMEventAttributeTagProcessor
[THYMELEAF]             * [* {th:onafterprint,data-th-onafterprint}] [1000]: karate.org.thymeleaf.standard.processor.StandardDOMEventAttributeTagProcessor
[THYMELEAF]             * [* {th:onstorage,data-th-onstorage}] [1000]: karate.org.thymeleaf.standard.processor.StandardDOMEventAttributeTagProcessor
[THYMELEAF]             * [* {th:onmousedown,data-th-onmousedown}] [1000]: karate.org.thymeleaf.standard.processor.StandardDOMEventAttributeTagProcessor
[THYMELEAF]             * [* {th:onhashchange,data-th-onhashchange}] [1000]: karate.org.thymeleaf.standard.processor.StandardDOMEventAttributeTagProcessor
[THYMELEAF]             * [* {th:onbeforeunload,data-th-onbeforeunload}] [1000]: karate.org.thymeleaf.standard.processor.StandardDOMEventAttributeTagProcessor
[THYMELEAF]             * [* {th:onkeypress,data-th-onkeypress}] [1000]: karate.org.thymeleaf.standard.processor.StandardDOMEventAttributeTagProcessor
[THYMELEAF]             * [* {th:onmousemove,data-th-onmousemove}] [1000]: karate.org.thymeleaf.standard.processor.StandardDOMEventAttributeTagProcessor
[THYMELEAF]             * [* {th:ondragenter,data-th-ondragenter}] [1000]: karate.org.thymeleaf.standard.processor.StandardDOMEventAttributeTagProcessor
[THYMELEAF]             * [* {th:onseeked,data-th-onseeked}] [1000]: karate.org.thymeleaf.standard.processor.StandardDOMEventAttributeTagProcessor
[THYMELEAF]             * [* {th:onloadeddata,data-th-onloadeddata}] [1000]: karate.org.thymeleaf.standard.processor.StandardDOMEventAttributeTagProcessor
[THYMELEAF]             * [* {th:onshow,data-th-onshow}] [1000]: karate.org.thymeleaf.standard.processor.StandardDOMEventAttributeTagProcessor
[THYMELEAF]             * [* {th:onmessage,data-th-onmessage}] [1000]: karate.org.thymeleaf.standard.processor.StandardDOMEventAttributeTagProcessor
[THYMELEAF]             * [* {th:onemptied,data-th-onemptied}] [1000]: karate.org.thymeleaf.standard.processor.StandardDOMEventAttributeTagProcessor
[THYMELEAF]             * [* {th:oninvalid,data-th-oninvalid}] [1000]: karate.org.thymeleaf.standard.processor.StandardDOMEventAttributeTagProcessor
[THYMELEAF]             * [* {th:ondrop,data-th-ondrop}] [1000]: karate.org.thymeleaf.standard.processor.StandardDOMEventAttributeTagProcessor
[THYMELEAF]             * [* {th:onabort,data-th-onabort}] [1000]: karate.org.thymeleaf.standard.processor.StandardDOMEventAttributeTagProcessor
[THYMELEAF]             * [* {th:ondblclick,data-th-ondblclick}] [1000]: karate.org.thymeleaf.standard.processor.StandardDOMEventAttributeTagProcessor
[THYMELEAF]             * [* {th:onmouseout,data-th-onmouseout}] [1000]: karate.org.thymeleaf.standard.processor.StandardDOMEventAttributeTagProcessor
[THYMELEAF]             * [* {th:onloadedmetadata,data-th-onloadedmetadata}] [1000]: karate.org.thymeleaf.standard.processor.StandardDOMEventAttributeTagProcessor
[THYMELEAF]             * [* {th:onended,data-th-onended}] [1000]: karate.org.thymeleaf.standard.processor.StandardDOMEventAttributeTagProcessor
[THYMELEAF]             * [* {th:onchange,data-th-onchange}] [1000]: karate.org.thymeleaf.standard.processor.StandardDOMEventAttributeTagProcessor
[THYMELEAF]             * [* {th:oncontextmenu,data-th-oncontextmenu}] [1000]: karate.org.thymeleaf.standard.processor.StandardDOMEventAttributeTagProcessor
[THYMELEAF]             * [* {th:onmousewheel,data-th-onmousewheel}] [1000]: karate.org.thymeleaf.standard.processor.StandardDOMEventAttributeTagProcessor
[THYMELEAF]             * [* {th:onplay,data-th-onplay}] [1000]: karate.org.thymeleaf.standard.processor.StandardDOMEventAttributeTagProcessor
[THYMELEAF]             * [* {th:ondurationchange,data-th-ondurationchange}] [1000]: karate.org.thymeleaf.standard.processor.StandardDOMEventAttributeTagProcessor
[THYMELEAF]             * [* {th:onoffline,data-th-onoffline}] [1000]: karate.org.thymeleaf.standard.processor.StandardDOMEventAttributeTagProcessor
[THYMELEAF]             * [* {th:ondragend,data-th-ondragend}] [1000]: karate.org.thymeleaf.standard.processor.StandardDOMEventAttributeTagProcessor
[THYMELEAF]             * [* {th:onmouseup,data-th-onmouseup}] [1000]: karate.org.thymeleaf.standard.processor.StandardDOMEventAttributeTagProcessor
[THYMELEAF]             * [* {th:onclick,data-th-onclick}] [1000]: karate.org.thymeleaf.standard.processor.StandardDOMEventAttributeTagProcessor
[THYMELEAF]             * [* {th:onkeyup,data-th-onkeyup}] [1000]: karate.org.thymeleaf.standard.processor.StandardDOMEventAttributeTagProcessor
[THYMELEAF]             * [* {th:onstalled,data-th-onstalled}] [1000]: karate.org.thymeleaf.standard.processor.StandardDOMEventAttributeTagProcessor
[THYMELEAF]             * [* {th:onseeking,data-th-onseeking}] [1000]: karate.org.thymeleaf.standard.processor.StandardDOMEventAttributeTagProcessor
[THYMELEAF]             * [* {th:ondragstart,data-th-ondragstart}] [1000]: karate.org.thymeleaf.standard.processor.StandardDOMEventAttributeTagProcessor
[THYMELEAF]             * [* {th:href,data-th-href}] [1000]: karate.org.thymeleaf.standard.processor.StandardHrefTagProcessor
[THYMELEAF]             * [* {th:inline,data-th-inline}] [1000]: karate.org.thymeleaf.standard.processor.StandardInlineHTMLTagProcessor
[THYMELEAF]             * [* {th:method,data-th-method}] [1000]: karate.org.thymeleaf.standard.processor.StandardMethodTagProcessor
[THYMELEAF]             * [* {th:name,data-th-name}] [1000]: karate.org.thymeleaf.standard.processor.StandardNonRemovableAttributeTagProcessor
[THYMELEAF]             * [* {th:type,data-th-type}] [1000]: karate.org.thymeleaf.standard.processor.StandardNonRemovableAttributeTagProcessor
[THYMELEAF]             * [* {th:min,data-th-min}] [1000]: karate.org.thymeleaf.standard.processor.StandardRemovableAttributeTagProcessor
[THYMELEAF]             * [* {th:dir,data-th-dir}] [1000]: karate.org.thymeleaf.standard.processor.StandardRemovableAttributeTagProcessor
[THYMELEAF]             * [* {th:cite,data-th-cite}] [1000]: karate.org.thymeleaf.standard.processor.StandardRemovableAttributeTagProcessor
[THYMELEAF]             * [* {th:alt,data-th-alt}] [1000]: karate.org.thymeleaf.standard.processor.StandardRemovableAttributeTagProcessor
[THYMELEAF]             * [* {th:frameborder,data-th-frameborder}] [1000]: karate.org.thymeleaf.standard.processor.StandardRemovableAttributeTagProcessor
[THYMELEAF]             * [* {th:rows,data-th-rows}] [1000]: karate.org.thymeleaf.standard.processor.StandardRemovableAttributeTagProcessor
[THYMELEAF]             * [* {th:id,data-th-id}] [1000]: karate.org.thymeleaf.standard.processor.StandardRemovableAttributeTagProcessor
[THYMELEAF]             * [* {th:scrolling,data-th-scrolling}] [1000]: karate.org.thymeleaf.standard.processor.StandardRemovableAttributeTagProcessor
[THYMELEAF]             * [* {th:hspace,data-th-hspace}] [1000]: karate.org.thymeleaf.standard.processor.StandardRemovableAttributeTagProcessor
[THYMELEAF]             * [* {th:keytype,data-th-keytype}] [1000]: karate.org.thymeleaf.standard.processor.StandardRemovableAttributeTagProcessor
[THYMELEAF]             * [* {th:marginheight,data-th-marginheight}] [1000]: karate.org.thymeleaf.standard.processor.StandardRemovableAttributeTagProcessor
[THYMELEAF]             * [* {th:radiogroup,data-th-radiogroup}] [1000]: karate.org.thymeleaf.standard.processor.StandardRemovableAttributeTagProcessor
[THYMELEAF]             * [* {th:rules,data-th-rules}] [1000]: karate.org.thymeleaf.standard.processor.StandardRemovableAttributeTagProcessor
[THYMELEAF]             * [* {th:dropzone,data-th-dropzone}] [1000]: karate.org.thymeleaf.standard.processor.StandardRemovableAttributeTagProcessor
[THYMELEAF]             * [* {th:hreflang,data-th-hreflang}] [1000]: karate.org.thymeleaf.standard.processor.StandardRemovableAttributeTagProcessor
[THYMELEAF]             * [* {th:style,data-th-style}] [1000]: karate.org.thymeleaf.standard.processor.StandardRemovableAttributeTagProcessor
[THYMELEAF]             * [* {th:lang,data-th-lang}] [1000]: karate.org.thymeleaf.standard.processor.StandardRemovableAttributeTagProcessor
[THYMELEAF]             * [* {th:class,data-th-class}] [1000]: karate.org.thymeleaf.standard.processor.StandardRemovableAttributeTagProcessor
[THYMELEAF]             * [* {th:size,data-th-size}] [1000]: karate.org.thymeleaf.standard.processor.StandardRemovableAttributeTagProcessor
[THYMELEAF]             * [* {th:charset,data-th-charset}] [1000]: karate.org.thymeleaf.standard.processor.StandardRemovableAttributeTagProcessor
[THYMELEAF]             * [* {th:height,data-th-height}] [1000]: karate.org.thymeleaf.standard.processor.StandardRemovableAttributeTagProcessor
[THYMELEAF]             * [* {th:challenge,data-th-challenge}] [1000]: karate.org.thymeleaf.standard.processor.StandardRemovableAttributeTagProcessor
[THYMELEAF]             * [* {th:wrap,data-th-wrap}] [1000]: karate.org.thymeleaf.standard.processor.StandardRemovableAttributeTagProcessor
[THYMELEAF]             * [* {th:classid,data-th-classid}] [1000]: karate.org.thymeleaf.standard.processor.StandardRemovableAttributeTagProcessor
[THYMELEAF]             * [* {th:headers,data-th-headers}] [1000]: karate.org.thymeleaf.standard.processor.StandardRemovableAttributeTagProcessor
[THYMELEAF]             * [* {th:formmethod,data-th-formmethod}] [1000]: karate.org.thymeleaf.standard.processor.StandardRemovableAttributeTagProcessor
[THYMELEAF]             * [* {th:sizes,data-th-sizes}] [1000]: karate.org.thymeleaf.standard.processor.StandardRemovableAttributeTagProcessor
[THYMELEAF]             * [* {th:placeholder,data-th-placeholder}] [1000]: karate.org.thymeleaf.standard.processor.StandardRemovableAttributeTagProcessor
[THYMELEAF]             * [* {th:contextmenu,data-th-contextmenu}] [1000]: karate.org.thymeleaf.standard.processor.StandardRemovableAttributeTagProcessor
[THYMELEAF]             * [* {th:span,data-th-span}] [1000]: karate.org.thymeleaf.standard.processor.StandardRemovableAttributeTagProcessor
[THYMELEAF]             * [* {th:formaction,data-th-formaction}] [1000]: karate.org.thymeleaf.standard.processor.StandardRemovableAttributeTagProcessor
[THYMELEAF]             * [* {th:formenctype,data-th-formenctype}] [1000]: karate.org.thymeleaf.standard.processor.StandardRemovableAttributeTagProcessor
[THYMELEAF]             * [* {th:title,data-th-title}] [1000]: karate.org.thymeleaf.standard.processor.StandardRemovableAttributeTagProcessor
[THYMELEAF]             * [* {th:scope,data-th-scope}] [1000]: karate.org.thymeleaf.standard.processor.StandardRemovableAttributeTagProcessor
[THYMELEAF]             * [* {th:max,data-th-max}] [1000]: karate.org.thymeleaf.standard.processor.StandardRemovableAttributeTagProcessor
[THYMELEAF]             * [* {th:usemap,data-th-usemap}] [1000]: karate.org.thymeleaf.standard.processor.StandardRemovableAttributeTagProcessor
[THYMELEAF]             * [* {th:datetime,data-th-datetime}] [1000]: karate.org.thymeleaf.standard.processor.StandardRemovableAttributeTagProcessor
[THYMELEAF]             * [* {th:accept-charset,data-th-accept-charset}] [1000]: karate.org.thymeleaf.standard.processor.StandardRemovableAttributeTagProcessor
[THYMELEAF]             * [* {th:label,data-th-label}] [1000]: karate.org.thymeleaf.standard.processor.StandardRemovableAttributeTagProcessor
[THYMELEAF]             * [* {th:formtarget,data-th-formtarget}] [1000]: karate.org.thymeleaf.standard.processor.StandardRemovableAttributeTagProcessor
[THYMELEAF]             * [* {th:tabindex,data-th-tabindex}] [1000]: karate.org.thymeleaf.standard.processor.StandardRemovableAttributeTagProcessor
[THYMELEAF]             * [* {th:draggable,data-th-draggable}] [1000]: karate.org.thymeleaf.standard.processor.StandardRemovableAttributeTagProcessor
[THYMELEAF]             * [* {th:sandbox,data-th-sandbox}] [1000]: karate.org.thymeleaf.standard.processor.StandardRemovableAttributeTagProcessor
[THYMELEAF]             * [* {th:high,data-th-high}] [1000]: karate.org.thymeleaf.standard.processor.StandardRemovableAttributeTagProcessor
[THYMELEAF]             * [* {th:autocomplete,data-th-autocomplete}] [1000]: karate.org.thymeleaf.standard.processor.StandardRemovableAttributeTagProcessor
[THYMELEAF]             * [* {th:media,data-th-media}] [1000]: karate.org.thymeleaf.standard.processor.StandardRemovableAttributeTagProcessor
[THYMELEAF]             * [* {th:enctype,data-th-enctype}] [1000]: karate.org.thymeleaf.standard.processor.StandardRemovableAttributeTagProcessor
[THYMELEAF]             * [* {th:step,data-th-step}] [1000]: karate.org.thymeleaf.standard.processor.StandardRemovableAttributeTagProcessor
[THYMELEAF]             * [* {th:target,data-th-target}] [1000]: karate.org.thymeleaf.standard.processor.StandardRemovableAttributeTagProcessor
[THYMELEAF]             * [* {th:scheme,data-th-scheme}] [1000]: karate.org.thymeleaf.standard.processor.StandardRemovableAttributeTagProcessor
[THYMELEAF]             * [* {th:frame,data-th-frame}] [1000]: karate.org.thymeleaf.standard.processor.StandardRemovableAttributeTagProcessor
[THYMELEAF]             * [* {th:manifest,data-th-manifest}] [1000]: karate.org.thymeleaf.standard.processor.StandardRemovableAttributeTagProcessor
[THYMELEAF]             * [* {th:pattern,data-th-pattern}] [1000]: karate.org.thymeleaf.standard.processor.StandardRemovableAttributeTagProcessor
[THYMELEAF]             * [* {th:cols,data-th-cols}] [1000]: karate.org.thymeleaf.standard.processor.StandardRemovableAttributeTagProcessor
[THYMELEAF]             * [* {th:summary,data-th-summary}] [1000]: karate.org.thymeleaf.standard.processor.StandardRemovableAttributeTagProcessor
[THYMELEAF]             * [* {th:preload,data-th-preload}] [1000]: karate.org.thymeleaf.standard.processor.StandardRemovableAttributeTagProcessor
[THYMELEAF]             * [* {th:kind,data-th-kind}] [1000]: karate.org.thymeleaf.standard.processor.StandardRemovableAttributeTagProcessor
[THYMELEAF]             * [* {th:contenteditable,data-th-contenteditable}] [1000]: karate.org.thymeleaf.standard.processor.StandardRemovableAttributeTagProcessor
[THYMELEAF]             * [* {th:width,data-th-width}] [1000]: karate.org.thymeleaf.standard.processor.StandardRemovableAttributeTagProcessor
[THYMELEAF]             * [* {th:audio,data-th-audio}] [1000]: karate.org.thymeleaf.standard.processor.StandardRemovableAttributeTagProcessor
[THYMELEAF]             * [* {th:bgcolor,data-th-bgcolor}] [1000]: karate.org.thymeleaf.standard.processor.StandardRemovableAttributeTagProcessor
[THYMELEAF]             * [* {th:cellpadding,data-th-cellpadding}] [1000]: karate.org.thymeleaf.standard.processor.StandardRemovableAttributeTagProcessor
[THYMELEAF]             * [* {th:form,data-th-form}] [1000]: karate.org.thymeleaf.standard.processor.StandardRemovableAttributeTagProcessor
[THYMELEAF]             * [* {th:rel,data-th-rel}] [1000]: karate.org.thymeleaf.standard.processor.StandardRemovableAttributeTagProcessor
[THYMELEAF]             * [* {th:archive,data-th-archive}] [1000]: karate.org.thymeleaf.standard.processor.StandardRemovableAttributeTagProcessor
[THYMELEAF]             * [* {th:align,data-th-align}] [1000]: karate.org.thymeleaf.standard.processor.StandardRemovableAttributeTagProcessor
[THYMELEAF]             * [* {th:axis,data-th-axis}] [1000]: karate.org.thymeleaf.standard.processor.StandardRemovableAttributeTagProcessor
[THYMELEAF]             * [* {th:vspace,data-th-vspace}] [1000]: karate.org.thymeleaf.standard.processor.StandardRemovableAttributeTagProcessor
[THYMELEAF]             * [* {th:valuetype,data-th-valuetype}] [1000]: karate.org.thymeleaf.standard.processor.StandardRemovableAttributeTagProcessor
[THYMELEAF]             * [* {th:colspan,data-th-colspan}] [1000]: karate.org.thymeleaf.standard.processor.StandardRemovableAttributeTagProcessor
[THYMELEAF]             * [* {th:accesskey,data-th-accesskey}] [1000]: karate.org.thymeleaf.standard.processor.StandardRemovableAttributeTagProcessor
[THYMELEAF]             * [* {th:spellcheck,data-th-spellcheck}] [1000]: karate.org.thymeleaf.standard.processor.StandardRemovableAttributeTagProcessor
[THYMELEAF]             * [* {th:poster,data-th-poster}] [1000]: karate.org.thymeleaf.standard.processor.StandardRemovableAttributeTagProcessor
[THYMELEAF]             * [* {th:list,data-th-list}] [1000]: karate.org.thymeleaf.standard.processor.StandardRemovableAttributeTagProcessor
[THYMELEAF]             * [* {th:standby,data-th-standby}] [1000]: karate.org.thymeleaf.standard.processor.StandardRemovableAttributeTagProcessor
[THYMELEAF]             * [* {th:maxlength,data-th-maxlength}] [1000]: karate.org.thymeleaf.standard.processor.StandardRemovableAttributeTagProcessor
[THYMELEAF]             * [* {th:http-equiv,data-th-http-equiv}] [1000]: karate.org.thymeleaf.standard.processor.StandardRemovableAttributeTagProcessor
[THYMELEAF]             * [* {th:start,data-th-start}] [1000]: karate.org.thymeleaf.standard.processor.StandardRemovableAttributeTagProcessor
[THYMELEAF]             * [* {th:rowspan,data-th-rowspan}] [1000]: karate.org.thymeleaf.standard.processor.StandardRemovableAttributeTagProcessor
[THYMELEAF]             * [* {th:compact,data-th-compact}] [1000]: karate.org.thymeleaf.standard.processor.StandardRemovableAttributeTagProcessor
[THYMELEAF]             * [* {th:background,data-th-background}] [1000]: karate.org.thymeleaf.standard.processor.StandardRemovableAttributeTagProcessor
[THYMELEAF]             * [* {th:for,data-th-for}] [1000]: karate.org.thymeleaf.standard.processor.StandardRemovableAttributeTagProcessor
[THYMELEAF]             * [* {th:abbr,data-th-abbr}] [1000]: karate.org.thymeleaf.standard.processor.StandardRemovableAttributeTagProcessor
[THYMELEAF]             * [* {th:icon,data-th-icon}] [1000]: karate.org.thymeleaf.standard.processor.StandardRemovableAttributeTagProcessor
[THYMELEAF]             * [* {th:border,data-th-border}] [1000]: karate.org.thymeleaf.standard.processor.StandardRemovableAttributeTagProcessor
[THYMELEAF]             * [* {th:content,data-th-content}] [1000]: karate.org.thymeleaf.standard.processor.StandardRemovableAttributeTagProcessor
[THYMELEAF]             * [* {th:optimum,data-th-optimum}] [1000]: karate.org.thymeleaf.standard.processor.StandardRemovableAttributeTagProcessor
[THYMELEAF]             * [* {th:srclang,data-th-srclang}] [1000]: karate.org.thymeleaf.standard.processor.StandardRemovableAttributeTagProcessor
[THYMELEAF]             * [* {th:accept,data-th-accept}] [1000]: karate.org.thymeleaf.standard.processor.StandardRemovableAttributeTagProcessor
[THYMELEAF]             * [* {th:marginwidth,data-th-marginwidth}] [1000]: karate.org.thymeleaf.standard.processor.StandardRemovableAttributeTagProcessor
[THYMELEAF]             * [* {th:low,data-th-low}] [1000]: karate.org.thymeleaf.standard.processor.StandardRemovableAttributeTagProcessor
[THYMELEAF]             * [* {th:cellspacing,data-th-cellspacing}] [1000]: karate.org.thymeleaf.standard.processor.StandardRemovableAttributeTagProcessor
[THYMELEAF]             * [* {th:rev,data-th-rev}] [1000]: karate.org.thymeleaf.standard.processor.StandardRemovableAttributeTagProcessor
[THYMELEAF]             * [* {th:longdesc,data-th-longdesc}] [1000]: karate.org.thymeleaf.standard.processor.StandardRemovableAttributeTagProcessor
[THYMELEAF]             * [* {th:data,data-th-data}] [1000]: karate.org.thymeleaf.standard.processor.StandardRemovableAttributeTagProcessor
[THYMELEAF]             * [* {th:codebase,data-th-codebase}] [1000]: karate.org.thymeleaf.standard.processor.StandardRemovableAttributeTagProcessor
[THYMELEAF]             * [* {th:codetype,data-th-codetype}] [1000]: karate.org.thymeleaf.standard.processor.StandardRemovableAttributeTagProcessor
[THYMELEAF]             * [* {th:src,data-th-src}] [1000]: karate.org.thymeleaf.standard.processor.StandardSrcTagProcessor
[THYMELEAF]             * [* {th:value,data-th-value}] [1000]: karate.org.thymeleaf.standard.processor.StandardValueTagProcessor
[THYMELEAF]             * [* {th:xmlbase,data-th-xmlbase}] [1000]: karate.org.thymeleaf.standard.processor.StandardXmlBaseTagProcessor
[THYMELEAF]             * [* {th:xmllang,data-th-xmllang}] [1000]: karate.org.thymeleaf.standard.processor.StandardXmlLangTagProcessor
[THYMELEAF]             * [* {xmlns:th}] [1000]: karate.org.thymeleaf.standard.processor.StandardXmlNsTagProcessor
[THYMELEAF]             * [* {th:xmlspace,data-th-xmlspace}] [1000]: karate.org.thymeleaf.standard.processor.StandardXmlSpaceTagProcessor
[THYMELEAF]             * [* {th:classappend,data-th-classappend}] [1100]: karate.org.thymeleaf.standard.processor.StandardClassappendTagProcessor
[THYMELEAF]             * [* {th:styleappend,data-th-styleappend}] [1100]: karate.org.thymeleaf.standard.processor.StandardStyleappendTagProcessor
[THYMELEAF]             * [* {th:text,data-th-text}] [1300]: karate.org.thymeleaf.standard.processor.StandardTextTagProcessor
[THYMELEAF]             * [* {th:utext,data-th-utext}] [1400]: karate.org.thymeleaf.standard.processor.StandardUtextTagProcessor
[THYMELEAF]             * [* {th:fragment,data-th-fragment}] [1500]: karate.org.thymeleaf.standard.processor.StandardFragmentTagProcessor
[THYMELEAF]             * [* {th:assert,data-th-assert}] [1550]: karate.org.thymeleaf.standard.processor.StandardAssertTagProcessor
[THYMELEAF]             * [* {th:remove,data-th-remove}] [1600]: karate.org.thymeleaf.standard.processor.StandardRemoveTagProcessor
[THYMELEAF]             * [* {th:ref,data-th-ref}] [10000]: karate.org.thymeleaf.standard.processor.StandardRefAttributeTagProcessor
[THYMELEAF]             * [{th:block,th-block} *] [100000]: karate.org.thymeleaf.standard.processor.StandardBlockTagProcessor
[THYMELEAF]             * [* th:*] [2147483647]: karate.org.thymeleaf.standard.processor.StandardDefaultAttributesTagProcessor
[THYMELEAF]         * Text Processors by [precedence]:
[THYMELEAF]             * [1000]: karate.org.thymeleaf.standard.processor.StandardInliningTextProcessor
[THYMELEAF]         * DOCTYPE Processors by [precedence]:
[THYMELEAF]             * [1000]: karate.org.thymeleaf.standard.processor.StandardTranslationDocTypeProcessor
[THYMELEAF]         * CDATA Section Processors by [precedence]:
[THYMELEAF]             * [1000]: karate.org.thymeleaf.standard.processor.StandardInliningCDATASectionProcessor
[THYMELEAF]         * Comment Processors by [precedence]:
[THYMELEAF]             * [1000]: karate.org.thymeleaf.standard.processor.StandardInliningCommentProcessor
[THYMELEAF]             * [1100]: karate.org.thymeleaf.standard.processor.StandardConditionalCommentProcessor
[THYMELEAF]     * Processors for Template Mode: XML
[THYMELEAF]         * Element Tag Processors by [matching element and attribute name] [precedence]:
[THYMELEAF]             * [* {th:include}] [100]: karate.org.thymeleaf.standard.processor.StandardIncludeTagProcessor
[THYMELEAF]             * [* {th:insert}] [100]: karate.org.thymeleaf.standard.processor.StandardInsertTagProcessor
[THYMELEAF]             * [* {th:replace}] [100]: karate.org.thymeleaf.standard.processor.StandardReplaceTagProcessor
[THYMELEAF]             * [* {th:substituteby}] [100]: karate.org.thymeleaf.standard.processor.StandardSubstituteByTagProcessor
[THYMELEAF]             * [* {th:each}] [200]: com.intuit.karate.template.KarateEachTagProcessor
[THYMELEAF]             * [* {th:switch}] [250]: karate.org.thymeleaf.standard.processor.StandardSwitchTagProcessor
[THYMELEAF]             * [* {th:case}] [275]: karate.org.thymeleaf.standard.processor.StandardCaseTagProcessor
[THYMELEAF]             * [* {th:if}] [300]: karate.org.thymeleaf.standard.processor.StandardIfTagProcessor
[THYMELEAF]             * [* {th:unless}] [400]: karate.org.thymeleaf.standard.processor.StandardUnlessTagProcessor
[THYMELEAF]             * [* {th:object}] [500]: karate.org.thymeleaf.standard.processor.StandardObjectTagProcessor
[THYMELEAF]             * [* {th:with}] [600]: com.intuit.karate.template.KarateWithTagProcessor
[THYMELEAF]             * [* {th:attr}] [700]: com.intuit.karate.template.KarateAttributeTagProcessor.KarateAttrTagProcessor
[THYMELEAF]             * [* {th:attrappend}] [900]: com.intuit.karate.template.KarateAttributeTagProcessor.KarateAttrappendTagProcessor
[THYMELEAF]             * [* {th:attrprepend}] [900]: com.intuit.karate.template.KarateAttributeTagProcessor.KarateAttrprependTagProcessor
[THYMELEAF]             * [* {th:inline}] [1000]: karate.org.thymeleaf.standard.processor.StandardInlineXMLTagProcessor
[THYMELEAF]             * [* {xmlns:th}] [1000]: karate.org.thymeleaf.standard.processor.StandardXmlNsTagProcessor
[THYMELEAF]             * [* {th:text}] [1300]: karate.org.thymeleaf.standard.processor.StandardTextTagProcessor
[THYMELEAF]             * [* {th:utext}] [1400]: karate.org.thymeleaf.standard.processor.StandardUtextTagProcessor
[THYMELEAF]             * [* {th:fragment}] [1500]: karate.org.thymeleaf.standard.processor.StandardFragmentTagProcessor
[THYMELEAF]             * [* {th:assert}] [1550]: karate.org.thymeleaf.standard.processor.StandardAssertTagProcessor
[THYMELEAF]             * [* {th:remove}] [1600]: karate.org.thymeleaf.standard.processor.StandardRemoveTagProcessor
[THYMELEAF]             * [* {th:ref}] [10000]: karate.org.thymeleaf.standard.processor.StandardRefAttributeTagProcessor
[THYMELEAF]             * [{th:block} *] [100000]: karate.org.thymeleaf.standard.processor.StandardBlockTagProcessor
[THYMELEAF]             * [* th:*] [2147483647]: karate.org.thymeleaf.standard.processor.StandardDefaultAttributesTagProcessor
[THYMELEAF]         * Text Processors by [precedence]:
[THYMELEAF]             * [1000]: karate.org.thymeleaf.standard.processor.StandardInliningTextProcessor
[THYMELEAF]         * CDATA Section Processors by [precedence]:
[THYMELEAF]             * [1000]: karate.org.thymeleaf.standard.processor.StandardInliningCDATASectionProcessor
[THYMELEAF]         * Comment Processors by [precedence]:
[THYMELEAF]             * [1000]: karate.org.thymeleaf.standard.processor.StandardInliningCommentProcessor
[THYMELEAF]     * Processors for Template Mode: TEXT
[THYMELEAF]         * Element Tag Processors by [matching element and attribute name] [precedence]:
[THYMELEAF]             * [* {th:insert}] [100]: karate.org.thymeleaf.standard.processor.StandardInsertTagProcessor
[THYMELEAF]             * [* {th:replace}] [100]: karate.org.thymeleaf.standard.processor.StandardReplaceTagProcessor
[THYMELEAF]             * [* {th:each}] [200]: com.intuit.karate.template.KarateEachTagProcessor
[THYMELEAF]             * [* {th:switch}] [250]: karate.org.thymeleaf.standard.processor.StandardSwitchTagProcessor
[THYMELEAF]             * [* {th:case}] [275]: karate.org.thymeleaf.standard.processor.StandardCaseTagProcessor
[THYMELEAF]             * [* {th:if}] [300]: karate.org.thymeleaf.standard.processor.StandardIfTagProcessor
[THYMELEAF]             * [* {th:unless}] [400]: karate.org.thymeleaf.standard.processor.StandardUnlessTagProcessor
[THYMELEAF]             * [* {th:object}] [500]: karate.org.thymeleaf.standard.processor.StandardObjectTagProcessor
[THYMELEAF]             * [* {th:with}] [600]: com.intuit.karate.template.KarateWithTagProcessor
[THYMELEAF]             * [* {th:inline}] [1000]: karate.org.thymeleaf.standard.processor.StandardInlineTextualTagProcessor
[THYMELEAF]             * [* {th:text}] [1300]: karate.org.thymeleaf.standard.processor.StandardTextTagProcessor
[THYMELEAF]             * [* {th:utext}] [1400]: karate.org.thymeleaf.standard.processor.StandardUtextTagProcessor
[THYMELEAF]             * [* {th:assert}] [1550]: karate.org.thymeleaf.standard.processor.StandardAssertTagProcessor
[THYMELEAF]             * [* {th:remove}] [1600]: karate.org.thymeleaf.standard.processor.StandardRemoveTagProcessor
[THYMELEAF]             * [{th:block} *] [100000]: karate.org.thymeleaf.standard.processor.StandardBlockTagProcessor
[THYMELEAF]             * [* 100000] [karate.org.thymeleaf.standard.processor.StandardBlockTagProcessor]: {}
[THYMELEAF]         * Text Processors by [precedence]:
[THYMELEAF]             * [1000]: karate.org.thymeleaf.standard.processor.StandardInliningTextProcessor
[THYMELEAF]     * Processors for Template Mode: JAVASCRIPT
[THYMELEAF]         * Element Tag Processors by [matching element and attribute name] [precedence]:
[THYMELEAF]             * [* {th:insert}] [100]: karate.org.thymeleaf.standard.processor.StandardInsertTagProcessor
[THYMELEAF]             * [* {th:replace}] [100]: karate.org.thymeleaf.standard.processor.StandardReplaceTagProcessor
[THYMELEAF]             * [* {th:each}] [200]: com.intuit.karate.template.KarateEachTagProcessor
[THYMELEAF]             * [* {th:switch}] [250]: karate.org.thymeleaf.standard.processor.StandardSwitchTagProcessor
[THYMELEAF]             * [* {th:case}] [275]: karate.org.thymeleaf.standard.processor.StandardCaseTagProcessor
[THYMELEAF]             * [* {th:if}] [300]: karate.org.thymeleaf.standard.processor.StandardIfTagProcessor
[THYMELEAF]             * [* {th:unless}] [400]: karate.org.thymeleaf.standard.processor.StandardUnlessTagProcessor
[THYMELEAF]             * [* {th:object}] [500]: karate.org.thymeleaf.standard.processor.StandardObjectTagProcessor
[THYMELEAF]             * [* {th:with}] [600]: com.intuit.karate.template.KarateWithTagProcessor
[THYMELEAF]             * [* {th:inline}] [1000]: karate.org.thymeleaf.standard.processor.StandardInlineTextualTagProcessor
[THYMELEAF]             * [* {th:text}] [1300]: karate.org.thymeleaf.standard.processor.StandardTextTagProcessor
[THYMELEAF]             * [* {th:utext}] [1400]: karate.org.thymeleaf.standard.processor.StandardUtextTagProcessor
[THYMELEAF]             * [* {th:assert}] [1550]: karate.org.thymeleaf.standard.processor.StandardAssertTagProcessor
[THYMELEAF]             * [* {th:remove}] [1600]: karate.org.thymeleaf.standard.processor.StandardRemoveTagProcessor
[THYMELEAF]             * [{th:block} *] [100000]: karate.org.thymeleaf.standard.processor.StandardBlockTagProcessor
[THYMELEAF]             * [* 100000] [karate.org.thymeleaf.standard.processor.StandardBlockTagProcessor]: {}
[THYMELEAF]         * Text Processors by [precedence]:
[THYMELEAF]             * [1000]: karate.org.thymeleaf.standard.processor.StandardInliningTextProcessor
[THYMELEAF]     * Processors for Template Mode: CSS
[THYMELEAF]         * Element Tag Processors by [matching element and attribute name] [precedence]:
[THYMELEAF]             * [* {th:insert}] [100]: karate.org.thymeleaf.standard.processor.StandardInsertTagProcessor
[THYMELEAF]             * [* {th:replace}] [100]: karate.org.thymeleaf.standard.processor.StandardReplaceTagProcessor
[THYMELEAF]             * [* {th:each}] [200]: com.intuit.karate.template.KarateEachTagProcessor
[THYMELEAF]             * [* {th:switch}] [250]: karate.org.thymeleaf.standard.processor.StandardSwitchTagProcessor
[THYMELEAF]             * [* {th:case}] [275]: karate.org.thymeleaf.standard.processor.StandardCaseTagProcessor
[THYMELEAF]             * [* {th:if}] [300]: karate.org.thymeleaf.standard.processor.StandardIfTagProcessor
[THYMELEAF]             * [* {th:unless}] [400]: karate.org.thymeleaf.standard.processor.StandardUnlessTagProcessor
[THYMELEAF]             * [* {th:object}] [500]: karate.org.thymeleaf.standard.processor.StandardObjectTagProcessor
[THYMELEAF]             * [* {th:with}] [600]: com.intuit.karate.template.KarateWithTagProcessor
[THYMELEAF]             * [* {th:inline}] [1000]: karate.org.thymeleaf.standard.processor.StandardInlineTextualTagProcessor
[THYMELEAF]             * [* {th:text}] [1300]: karate.org.thymeleaf.standard.processor.StandardTextTagProcessor
[THYMELEAF]             * [* {th:utext}] [1400]: karate.org.thymeleaf.standard.processor.StandardUtextTagProcessor
[THYMELEAF]             * [* {th:assert}] [1550]: karate.org.thymeleaf.standard.processor.StandardAssertTagProcessor
[THYMELEAF]             * [* {th:remove}] [1600]: karate.org.thymeleaf.standard.processor.StandardRemoveTagProcessor
[THYMELEAF]             * [* 100000] [karate.org.thymeleaf.standard.processor.StandardBlockTagProcessor]: {}
[THYMELEAF]             * [{th:block} *] [100000]: karate.org.thymeleaf.standard.processor.StandardBlockTagProcessor
[THYMELEAF]         * Text Processors by [precedence]:
[THYMELEAF]             * [1000]: karate.org.thymeleaf.standard.processor.StandardInliningTextProcessor
[THYMELEAF]     * Expression Objects:
[THYMELEAF]         * #ctx
[THYMELEAF]         * #root
[THYMELEAF]         * #vars
[THYMELEAF]         * #object
[THYMELEAF]         * #locale
[THYMELEAF]         * #request
[THYMELEAF]         * #response
[THYMELEAF]         * #session
[THYMELEAF]         * #servletContext
[THYMELEAF]         * #conversions
[THYMELEAF]         * #uris
[THYMELEAF]         * #calendars
[THYMELEAF]         * #dates
[THYMELEAF]         * #bools
[THYMELEAF]         * #numbers
[THYMELEAF]         * #objects
[THYMELEAF]         * #strings
[THYMELEAF]         * #arrays
[THYMELEAF]         * #lists
[THYMELEAF]         * #sets
[THYMELEAF]         * #maps
[THYMELEAF]         * #aggregates
[THYMELEAF]         * #messages
[THYMELEAF]         * #ids
[THYMELEAF]         * #execInfo
[THYMELEAF]         * #httpServletRequest
[THYMELEAF]         * #httpSession
[THYMELEAF]     * Execution Attributes:
[THYMELEAF]         * "StandardExpressionParser": com.intuit.karate.template.KarateStandardDialect@3a5b1af7
[THYMELEAF]         * "StandardJavaScriptSerializer": karate.org.thymeleaf.standard.serializer.StandardJavaScriptSerializer@6a0aa5e2
[THYMELEAF]         * "StandardCSSSerializer": karate.org.thymeleaf.standard.serializer.StandardCSSSerializer@630bd5e7
[THYMELEAF]         * "StandardVariableExpressionEvaluator": com.intuit.karate.template.KarateStandardDialect@3a5b1af7
[THYMELEAF]         * "StandardConversionService": karate.org.thymeleaf.standard.expression.StandardConversionService@2389f546
[THYMELEAF] * Dialect [2 of 2]: karate (com.intuit.karate.template.KarateScriptDialect)
[THYMELEAF]     * Prefix: "ka"
[THYMELEAF]     * Processors for Template Mode: HTML
[THYMELEAF]         * Element Tag Processors by [matching element and attribute name] [precedence]:
[THYMELEAF]             * [* {src}] [1000]: com.intuit.karate.template.KaScriptAttrProcessor
[THYMELEAF]         * Element Model Processors by [matching element and attribute name] [precedence]:
[THYMELEAF]             * [{script} {ka:scope,data-ka-scope}] [1000]: com.intuit.karate.template.KaScriptElemProcessor
[THYMELEAF]             * [* {ka:set,data-ka-set}] [1000]: com.intuit.karate.template.KaSetElemProcessor
[THYMELEAF] TEMPLATE ENGINE CONFIGURED OK
13:05:01.671 [main] DEBUG karate.org.thymeleaf.TemplateEngine - [THYMELEAF] TEMPLATE ENGINE INITIALIZED

HTML report: (paste into browser to view) | Karate version: 1.1.0
file:///C:/Users/t949697/eclipse-workspace/TempStorageid_API/target/karate-reports/karate-summary.html
===================================================================

]]></system-out>
  </testcase>
</testsuite>